[2024-12-03T20:57:40.661+0700] {processor.py:186} INFO - Started process (PID=1635) to work on /home/tedubuamo/project/venv/lib/python3.12/site-packages/airflow/example_dags/example_trigger_controller_dag.py
[2024-12-03T20:57:40.662+0700] {processor.py:914} INFO - Processing file /home/tedubuamo/project/venv/lib/python3.12/site-packages/airflow/example_dags/example_trigger_controller_dag.py for tasks to queue
[2024-12-03T20:57:40.664+0700] {logging_mixin.py:190} INFO - [2024-12-03T20:57:40.663+0700] {dagbag.py:588} INFO - Filling up the DagBag from /home/tedubuamo/project/venv/lib/python3.12/site-packages/airflow/example_dags/example_trigger_controller_dag.py
[2024-12-03T20:57:40.670+0700] {processor.py:925} INFO - DAG(s) 'example_trigger_controller_dag' retrieved from /home/tedubuamo/project/venv/lib/python3.12/site-packages/airflow/example_dags/example_trigger_controller_dag.py
[2024-12-03T20:57:40.754+0700] {logging_mixin.py:190} INFO - [2024-12-03T20:57:40.754+0700] {dag.py:3239} INFO - Sync 1 DAGs
[2024-12-03T20:57:40.772+0700] {logging_mixin.py:190} INFO - [2024-12-03T20:57:40.771+0700] {dag.py:4180} INFO - Setting next_dagrun for example_trigger_controller_dag to 2021-01-01 00:00:00+00:00, run_after=2021-01-01 00:00:00+00:00
[2024-12-03T20:57:40.800+0700] {processor.py:208} INFO - Processing /home/tedubuamo/project/venv/lib/python3.12/site-packages/airflow/example_dags/example_trigger_controller_dag.py took 0.142 seconds
[2024-12-03T20:58:38.558+0700] {processor.py:186} INFO - Started process (PID=1692) to work on /home/tedubuamo/project/venv/lib/python3.12/site-packages/airflow/example_dags/example_trigger_controller_dag.py
[2024-12-03T20:58:38.562+0700] {processor.py:914} INFO - Processing file /home/tedubuamo/project/venv/lib/python3.12/site-packages/airflow/example_dags/example_trigger_controller_dag.py for tasks to queue
[2024-12-03T20:58:38.563+0700] {logging_mixin.py:190} INFO - [2024-12-03T20:58:38.563+0700] {dagbag.py:588} INFO - Filling up the DagBag from /home/tedubuamo/project/venv/lib/python3.12/site-packages/airflow/example_dags/example_trigger_controller_dag.py
[2024-12-03T20:58:38.568+0700] {processor.py:925} INFO - DAG(s) 'example_trigger_controller_dag' retrieved from /home/tedubuamo/project/venv/lib/python3.12/site-packages/airflow/example_dags/example_trigger_controller_dag.py
[2024-12-03T20:58:38.577+0700] {logging_mixin.py:190} INFO - [2024-12-03T20:58:38.577+0700] {dag.py:3239} INFO - Sync 1 DAGs
[2024-12-03T20:58:38.590+0700] {logging_mixin.py:190} INFO - [2024-12-03T20:58:38.590+0700] {dag.py:4180} INFO - Setting next_dagrun for example_trigger_controller_dag to 2021-01-01 00:00:00+00:00, run_after=2021-01-01 00:00:00+00:00
[2024-12-03T20:58:38.607+0700] {processor.py:208} INFO - Processing /home/tedubuamo/project/venv/lib/python3.12/site-packages/airflow/example_dags/example_trigger_controller_dag.py took 0.053 seconds
[2024-12-03T20:59:31.386+0700] {processor.py:186} INFO - Started process (PID=1747) to work on /home/tedubuamo/project/venv/lib/python3.12/site-packages/airflow/example_dags/example_trigger_controller_dag.py
[2024-12-03T20:59:31.388+0700] {processor.py:914} INFO - Processing file /home/tedubuamo/project/venv/lib/python3.12/site-packages/airflow/example_dags/example_trigger_controller_dag.py for tasks to queue
[2024-12-03T20:59:31.389+0700] {logging_mixin.py:190} INFO - [2024-12-03T20:59:31.389+0700] {dagbag.py:588} INFO - Filling up the DagBag from /home/tedubuamo/project/venv/lib/python3.12/site-packages/airflow/example_dags/example_trigger_controller_dag.py
[2024-12-03T20:59:31.394+0700] {processor.py:925} INFO - DAG(s) 'example_trigger_controller_dag' retrieved from /home/tedubuamo/project/venv/lib/python3.12/site-packages/airflow/example_dags/example_trigger_controller_dag.py
[2024-12-03T20:59:31.405+0700] {logging_mixin.py:190} INFO - [2024-12-03T20:59:31.404+0700] {dag.py:3239} INFO - Sync 1 DAGs
[2024-12-03T20:59:31.417+0700] {logging_mixin.py:190} INFO - [2024-12-03T20:59:31.417+0700] {dag.py:4180} INFO - Setting next_dagrun for example_trigger_controller_dag to 2021-01-01 00:00:00+00:00, run_after=2021-01-01 00:00:00+00:00
[2024-12-03T20:59:31.434+0700] {processor.py:208} INFO - Processing /home/tedubuamo/project/venv/lib/python3.12/site-packages/airflow/example_dags/example_trigger_controller_dag.py took 0.052 seconds
[2024-12-03T21:00:28.023+0700] {processor.py:186} INFO - Started process (PID=1804) to work on /home/tedubuamo/project/venv/lib/python3.12/site-packages/airflow/example_dags/example_trigger_controller_dag.py
[2024-12-03T21:00:28.024+0700] {processor.py:914} INFO - Processing file /home/tedubuamo/project/venv/lib/python3.12/site-packages/airflow/example_dags/example_trigger_controller_dag.py for tasks to queue
[2024-12-03T21:00:28.026+0700] {logging_mixin.py:190} INFO - [2024-12-03T21:00:28.026+0700] {dagbag.py:588} INFO - Filling up the DagBag from /home/tedubuamo/project/venv/lib/python3.12/site-packages/airflow/example_dags/example_trigger_controller_dag.py
[2024-12-03T21:00:28.031+0700] {processor.py:925} INFO - DAG(s) 'example_trigger_controller_dag' retrieved from /home/tedubuamo/project/venv/lib/python3.12/site-packages/airflow/example_dags/example_trigger_controller_dag.py
[2024-12-03T21:00:28.041+0700] {logging_mixin.py:190} INFO - [2024-12-03T21:00:28.041+0700] {dag.py:3239} INFO - Sync 1 DAGs
[2024-12-03T21:00:28.054+0700] {logging_mixin.py:190} INFO - [2024-12-03T21:00:28.054+0700] {dag.py:4180} INFO - Setting next_dagrun for example_trigger_controller_dag to 2021-01-01 00:00:00+00:00, run_after=2021-01-01 00:00:00+00:00
[2024-12-03T21:00:28.071+0700] {processor.py:208} INFO - Processing /home/tedubuamo/project/venv/lib/python3.12/site-packages/airflow/example_dags/example_trigger_controller_dag.py took 0.052 seconds
[2024-12-03T21:01:17.588+0700] {processor.py:186} INFO - Started process (PID=1856) to work on /home/tedubuamo/project/venv/lib/python3.12/site-packages/airflow/example_dags/example_trigger_controller_dag.py
[2024-12-03T21:01:17.590+0700] {processor.py:914} INFO - Processing file /home/tedubuamo/project/venv/lib/python3.12/site-packages/airflow/example_dags/example_trigger_controller_dag.py for tasks to queue
[2024-12-03T21:01:17.592+0700] {logging_mixin.py:190} INFO - [2024-12-03T21:01:17.591+0700] {dagbag.py:588} INFO - Filling up the DagBag from /home/tedubuamo/project/venv/lib/python3.12/site-packages/airflow/example_dags/example_trigger_controller_dag.py
[2024-12-03T21:01:17.596+0700] {processor.py:925} INFO - DAG(s) 'example_trigger_controller_dag' retrieved from /home/tedubuamo/project/venv/lib/python3.12/site-packages/airflow/example_dags/example_trigger_controller_dag.py
[2024-12-03T21:01:17.606+0700] {logging_mixin.py:190} INFO - [2024-12-03T21:01:17.606+0700] {dag.py:3239} INFO - Sync 1 DAGs
[2024-12-03T21:01:17.620+0700] {logging_mixin.py:190} INFO - [2024-12-03T21:01:17.620+0700] {dag.py:4180} INFO - Setting next_dagrun for example_trigger_controller_dag to 2021-01-01 00:00:00+00:00, run_after=2021-01-01 00:00:00+00:00
[2024-12-03T21:01:17.645+0700] {processor.py:208} INFO - Processing /home/tedubuamo/project/venv/lib/python3.12/site-packages/airflow/example_dags/example_trigger_controller_dag.py took 0.060 seconds
[2024-12-03T21:05:08.661+0700] {processor.py:186} INFO - Started process (PID=2014) to work on /home/tedubuamo/project/venv/lib/python3.12/site-packages/airflow/example_dags/example_trigger_controller_dag.py
[2024-12-03T21:05:08.662+0700] {processor.py:914} INFO - Processing file /home/tedubuamo/project/venv/lib/python3.12/site-packages/airflow/example_dags/example_trigger_controller_dag.py for tasks to queue
[2024-12-03T21:05:08.663+0700] {logging_mixin.py:190} INFO - [2024-12-03T21:05:08.663+0700] {dagbag.py:588} INFO - Filling up the DagBag from /home/tedubuamo/project/venv/lib/python3.12/site-packages/airflow/example_dags/example_trigger_controller_dag.py
[2024-12-03T21:05:08.668+0700] {processor.py:925} INFO - DAG(s) 'example_trigger_controller_dag' retrieved from /home/tedubuamo/project/venv/lib/python3.12/site-packages/airflow/example_dags/example_trigger_controller_dag.py
[2024-12-03T21:05:08.679+0700] {logging_mixin.py:190} INFO - [2024-12-03T21:05:08.678+0700] {dag.py:3239} INFO - Sync 1 DAGs
[2024-12-03T21:05:08.691+0700] {logging_mixin.py:190} INFO - [2024-12-03T21:05:08.691+0700] {dag.py:4180} INFO - Setting next_dagrun for example_trigger_controller_dag to 2021-01-01 00:00:00+00:00, run_after=2021-01-01 00:00:00+00:00
[2024-12-03T21:05:08.708+0700] {processor.py:208} INFO - Processing /home/tedubuamo/project/venv/lib/python3.12/site-packages/airflow/example_dags/example_trigger_controller_dag.py took 0.051 seconds
[2024-12-03T21:06:03.666+0700] {processor.py:186} INFO - Started process (PID=2157) to work on /home/tedubuamo/project/venv/lib/python3.12/site-packages/airflow/example_dags/example_trigger_controller_dag.py
[2024-12-03T21:06:03.667+0700] {processor.py:914} INFO - Processing file /home/tedubuamo/project/venv/lib/python3.12/site-packages/airflow/example_dags/example_trigger_controller_dag.py for tasks to queue
[2024-12-03T21:06:03.669+0700] {logging_mixin.py:190} INFO - [2024-12-03T21:06:03.668+0700] {dagbag.py:588} INFO - Filling up the DagBag from /home/tedubuamo/project/venv/lib/python3.12/site-packages/airflow/example_dags/example_trigger_controller_dag.py
[2024-12-03T21:06:03.674+0700] {processor.py:925} INFO - DAG(s) 'example_trigger_controller_dag' retrieved from /home/tedubuamo/project/venv/lib/python3.12/site-packages/airflow/example_dags/example_trigger_controller_dag.py
[2024-12-03T21:06:03.684+0700] {logging_mixin.py:190} INFO - [2024-12-03T21:06:03.683+0700] {dag.py:3239} INFO - Sync 1 DAGs
[2024-12-03T21:06:03.698+0700] {logging_mixin.py:190} INFO - [2024-12-03T21:06:03.698+0700] {dag.py:4180} INFO - Setting next_dagrun for example_trigger_controller_dag to 2021-01-01 00:00:00+00:00, run_after=2021-01-01 00:00:00+00:00
[2024-12-03T21:06:03.716+0700] {processor.py:208} INFO - Processing /home/tedubuamo/project/venv/lib/python3.12/site-packages/airflow/example_dags/example_trigger_controller_dag.py took 0.054 seconds
[2024-12-03T21:06:04.589+0700] {processor.py:186} INFO - Started process (PID=2159) to work on /home/tedubuamo/project/venv/lib/python3.12/site-packages/airflow/example_dags/example_trigger_controller_dag.py
[2024-12-03T21:06:04.590+0700] {processor.py:914} INFO - Processing file /home/tedubuamo/project/venv/lib/python3.12/site-packages/airflow/example_dags/example_trigger_controller_dag.py for tasks to queue
[2024-12-03T21:06:04.591+0700] {logging_mixin.py:190} INFO - [2024-12-03T21:06:04.591+0700] {dagbag.py:588} INFO - Filling up the DagBag from /home/tedubuamo/project/venv/lib/python3.12/site-packages/airflow/example_dags/example_trigger_controller_dag.py
[2024-12-03T21:06:04.596+0700] {processor.py:925} INFO - DAG(s) 'example_trigger_controller_dag' retrieved from /home/tedubuamo/project/venv/lib/python3.12/site-packages/airflow/example_dags/example_trigger_controller_dag.py
[2024-12-03T21:06:04.607+0700] {logging_mixin.py:190} INFO - [2024-12-03T21:06:04.607+0700] {dag.py:3239} INFO - Sync 1 DAGs
[2024-12-03T21:06:04.620+0700] {logging_mixin.py:190} INFO - [2024-12-03T21:06:04.620+0700] {dag.py:4180} INFO - Setting next_dagrun for example_trigger_controller_dag to 2021-01-01 00:00:00+00:00, run_after=2021-01-01 00:00:00+00:00
[2024-12-03T21:06:04.637+0700] {processor.py:208} INFO - Processing /home/tedubuamo/project/venv/lib/python3.12/site-packages/airflow/example_dags/example_trigger_controller_dag.py took 0.052 seconds
[2024-12-03T21:06:55.249+0700] {processor.py:186} INFO - Started process (PID=2327) to work on /home/tedubuamo/project/venv/lib/python3.12/site-packages/airflow/example_dags/example_trigger_controller_dag.py
[2024-12-03T21:06:55.250+0700] {processor.py:914} INFO - Processing file /home/tedubuamo/project/venv/lib/python3.12/site-packages/airflow/example_dags/example_trigger_controller_dag.py for tasks to queue
[2024-12-03T21:06:55.252+0700] {logging_mixin.py:190} INFO - [2024-12-03T21:06:55.252+0700] {dagbag.py:588} INFO - Filling up the DagBag from /home/tedubuamo/project/venv/lib/python3.12/site-packages/airflow/example_dags/example_trigger_controller_dag.py
[2024-12-03T21:06:55.257+0700] {processor.py:925} INFO - DAG(s) 'example_trigger_controller_dag' retrieved from /home/tedubuamo/project/venv/lib/python3.12/site-packages/airflow/example_dags/example_trigger_controller_dag.py
[2024-12-03T21:06:55.269+0700] {logging_mixin.py:190} INFO - [2024-12-03T21:06:55.269+0700] {dag.py:3239} INFO - Sync 1 DAGs
[2024-12-03T21:06:55.284+0700] {logging_mixin.py:190} INFO - [2024-12-03T21:06:55.284+0700] {dag.py:4180} INFO - Setting next_dagrun for example_trigger_controller_dag to 2021-01-01 00:00:00+00:00, run_after=2021-01-01 00:00:00+00:00
[2024-12-03T21:06:55.301+0700] {processor.py:208} INFO - Processing /home/tedubuamo/project/venv/lib/python3.12/site-packages/airflow/example_dags/example_trigger_controller_dag.py took 0.056 seconds
[2024-12-03T21:07:00.004+0700] {processor.py:186} INFO - Started process (PID=2350) to work on /home/tedubuamo/project/venv/lib/python3.12/site-packages/airflow/example_dags/example_trigger_controller_dag.py
[2024-12-03T21:07:00.005+0700] {processor.py:914} INFO - Processing file /home/tedubuamo/project/venv/lib/python3.12/site-packages/airflow/example_dags/example_trigger_controller_dag.py for tasks to queue
[2024-12-03T21:07:00.006+0700] {logging_mixin.py:190} INFO - [2024-12-03T21:07:00.006+0700] {dagbag.py:588} INFO - Filling up the DagBag from /home/tedubuamo/project/venv/lib/python3.12/site-packages/airflow/example_dags/example_trigger_controller_dag.py
[2024-12-03T21:07:00.013+0700] {processor.py:925} INFO - DAG(s) 'example_trigger_controller_dag' retrieved from /home/tedubuamo/project/venv/lib/python3.12/site-packages/airflow/example_dags/example_trigger_controller_dag.py
[2024-12-03T21:07:00.024+0700] {logging_mixin.py:190} INFO - [2024-12-03T21:07:00.023+0700] {dag.py:3239} INFO - Sync 1 DAGs
[2024-12-03T21:07:00.036+0700] {logging_mixin.py:190} INFO - [2024-12-03T21:07:00.036+0700] {dag.py:4180} INFO - Setting next_dagrun for example_trigger_controller_dag to 2021-01-01 00:00:00+00:00, run_after=2021-01-01 00:00:00+00:00
[2024-12-03T21:07:00.052+0700] {processor.py:208} INFO - Processing /home/tedubuamo/project/venv/lib/python3.12/site-packages/airflow/example_dags/example_trigger_controller_dag.py took 0.052 seconds
[2024-12-03T21:07:48.231+0700] {processor.py:186} INFO - Started process (PID=2469) to work on /home/tedubuamo/project/venv/lib/python3.12/site-packages/airflow/example_dags/example_trigger_controller_dag.py
[2024-12-03T21:07:48.235+0700] {processor.py:914} INFO - Processing file /home/tedubuamo/project/venv/lib/python3.12/site-packages/airflow/example_dags/example_trigger_controller_dag.py for tasks to queue
[2024-12-03T21:07:48.236+0700] {logging_mixin.py:190} INFO - [2024-12-03T21:07:48.236+0700] {dagbag.py:588} INFO - Filling up the DagBag from /home/tedubuamo/project/venv/lib/python3.12/site-packages/airflow/example_dags/example_trigger_controller_dag.py
[2024-12-03T21:07:48.241+0700] {processor.py:925} INFO - DAG(s) 'example_trigger_controller_dag' retrieved from /home/tedubuamo/project/venv/lib/python3.12/site-packages/airflow/example_dags/example_trigger_controller_dag.py
[2024-12-03T21:07:48.251+0700] {logging_mixin.py:190} INFO - [2024-12-03T21:07:48.251+0700] {dag.py:3239} INFO - Sync 1 DAGs
[2024-12-03T21:07:48.264+0700] {logging_mixin.py:190} INFO - [2024-12-03T21:07:48.264+0700] {dag.py:4180} INFO - Setting next_dagrun for example_trigger_controller_dag to 2021-01-01 00:00:00+00:00, run_after=2021-01-01 00:00:00+00:00
[2024-12-03T21:07:48.280+0700] {processor.py:208} INFO - Processing /home/tedubuamo/project/venv/lib/python3.12/site-packages/airflow/example_dags/example_trigger_controller_dag.py took 0.053 seconds
[2024-12-03T21:07:53.891+0700] {processor.py:186} INFO - Started process (PID=2481) to work on /home/tedubuamo/project/venv/lib/python3.12/site-packages/airflow/example_dags/example_trigger_controller_dag.py
[2024-12-03T21:07:53.895+0700] {processor.py:914} INFO - Processing file /home/tedubuamo/project/venv/lib/python3.12/site-packages/airflow/example_dags/example_trigger_controller_dag.py for tasks to queue
[2024-12-03T21:07:53.897+0700] {logging_mixin.py:190} INFO - [2024-12-03T21:07:53.897+0700] {dagbag.py:588} INFO - Filling up the DagBag from /home/tedubuamo/project/venv/lib/python3.12/site-packages/airflow/example_dags/example_trigger_controller_dag.py
[2024-12-03T21:07:53.902+0700] {processor.py:925} INFO - DAG(s) 'example_trigger_controller_dag' retrieved from /home/tedubuamo/project/venv/lib/python3.12/site-packages/airflow/example_dags/example_trigger_controller_dag.py
[2024-12-03T21:07:53.913+0700] {logging_mixin.py:190} INFO - [2024-12-03T21:07:53.912+0700] {dag.py:3239} INFO - Sync 1 DAGs
[2024-12-03T21:07:53.926+0700] {logging_mixin.py:190} INFO - [2024-12-03T21:07:53.926+0700] {dag.py:4180} INFO - Setting next_dagrun for example_trigger_controller_dag to 2021-01-01 00:00:00+00:00, run_after=2021-01-01 00:00:00+00:00
[2024-12-03T21:07:53.945+0700] {processor.py:208} INFO - Processing /home/tedubuamo/project/venv/lib/python3.12/site-packages/airflow/example_dags/example_trigger_controller_dag.py took 0.058 seconds
[2024-12-03T21:08:40.580+0700] {processor.py:186} INFO - Started process (PID=2574) to work on /home/tedubuamo/project/venv/lib/python3.12/site-packages/airflow/example_dags/example_trigger_controller_dag.py
[2024-12-03T21:08:40.596+0700] {processor.py:914} INFO - Processing file /home/tedubuamo/project/venv/lib/python3.12/site-packages/airflow/example_dags/example_trigger_controller_dag.py for tasks to queue
[2024-12-03T21:08:40.598+0700] {logging_mixin.py:190} INFO - [2024-12-03T21:08:40.598+0700] {dagbag.py:588} INFO - Filling up the DagBag from /home/tedubuamo/project/venv/lib/python3.12/site-packages/airflow/example_dags/example_trigger_controller_dag.py
[2024-12-03T21:08:40.604+0700] {processor.py:925} INFO - DAG(s) 'example_trigger_controller_dag' retrieved from /home/tedubuamo/project/venv/lib/python3.12/site-packages/airflow/example_dags/example_trigger_controller_dag.py
[2024-12-03T21:08:40.615+0700] {logging_mixin.py:190} INFO - [2024-12-03T21:08:40.615+0700] {dag.py:3239} INFO - Sync 1 DAGs
[2024-12-03T21:08:40.632+0700] {logging_mixin.py:190} INFO - [2024-12-03T21:08:40.631+0700] {dag.py:4180} INFO - Setting next_dagrun for example_trigger_controller_dag to 2021-01-01 00:00:00+00:00, run_after=2021-01-01 00:00:00+00:00
[2024-12-03T21:08:40.663+0700] {processor.py:208} INFO - Processing /home/tedubuamo/project/venv/lib/python3.12/site-packages/airflow/example_dags/example_trigger_controller_dag.py took 0.086 seconds
[2024-12-03T21:08:44.931+0700] {processor.py:186} INFO - Started process (PID=2583) to work on /home/tedubuamo/project/venv/lib/python3.12/site-packages/airflow/example_dags/example_trigger_controller_dag.py
[2024-12-03T21:08:44.931+0700] {processor.py:914} INFO - Processing file /home/tedubuamo/project/venv/lib/python3.12/site-packages/airflow/example_dags/example_trigger_controller_dag.py for tasks to queue
[2024-12-03T21:08:44.933+0700] {logging_mixin.py:190} INFO - [2024-12-03T21:08:44.933+0700] {dagbag.py:588} INFO - Filling up the DagBag from /home/tedubuamo/project/venv/lib/python3.12/site-packages/airflow/example_dags/example_trigger_controller_dag.py
[2024-12-03T21:08:44.939+0700] {processor.py:925} INFO - DAG(s) 'example_trigger_controller_dag' retrieved from /home/tedubuamo/project/venv/lib/python3.12/site-packages/airflow/example_dags/example_trigger_controller_dag.py
[2024-12-03T21:08:44.951+0700] {logging_mixin.py:190} INFO - [2024-12-03T21:08:44.950+0700] {dag.py:3239} INFO - Sync 1 DAGs
[2024-12-03T21:08:44.966+0700] {logging_mixin.py:190} INFO - [2024-12-03T21:08:44.966+0700] {dag.py:4180} INFO - Setting next_dagrun for example_trigger_controller_dag to 2021-01-01 00:00:00+00:00, run_after=2021-01-01 00:00:00+00:00
[2024-12-03T21:08:44.985+0700] {processor.py:208} INFO - Processing /home/tedubuamo/project/venv/lib/python3.12/site-packages/airflow/example_dags/example_trigger_controller_dag.py took 0.059 seconds
[2024-12-03T21:09:33.342+0700] {processor.py:186} INFO - Started process (PID=2684) to work on /home/tedubuamo/project/venv/lib/python3.12/site-packages/airflow/example_dags/example_trigger_controller_dag.py
[2024-12-03T21:09:33.346+0700] {processor.py:914} INFO - Processing file /home/tedubuamo/project/venv/lib/python3.12/site-packages/airflow/example_dags/example_trigger_controller_dag.py for tasks to queue
[2024-12-03T21:09:33.347+0700] {logging_mixin.py:190} INFO - [2024-12-03T21:09:33.347+0700] {dagbag.py:588} INFO - Filling up the DagBag from /home/tedubuamo/project/venv/lib/python3.12/site-packages/airflow/example_dags/example_trigger_controller_dag.py
[2024-12-03T21:09:33.353+0700] {processor.py:925} INFO - DAG(s) 'example_trigger_controller_dag' retrieved from /home/tedubuamo/project/venv/lib/python3.12/site-packages/airflow/example_dags/example_trigger_controller_dag.py
[2024-12-03T21:09:33.365+0700] {logging_mixin.py:190} INFO - [2024-12-03T21:09:33.365+0700] {dag.py:3239} INFO - Sync 1 DAGs
[2024-12-03T21:09:33.387+0700] {logging_mixin.py:190} INFO - [2024-12-03T21:09:33.386+0700] {dag.py:4180} INFO - Setting next_dagrun for example_trigger_controller_dag to 2021-01-01 00:00:00+00:00, run_after=2021-01-01 00:00:00+00:00
[2024-12-03T21:09:33.422+0700] {processor.py:208} INFO - Processing /home/tedubuamo/project/venv/lib/python3.12/site-packages/airflow/example_dags/example_trigger_controller_dag.py took 0.083 seconds
[2024-12-03T21:09:37.153+0700] {processor.py:186} INFO - Started process (PID=2692) to work on /home/tedubuamo/project/venv/lib/python3.12/site-packages/airflow/example_dags/example_trigger_controller_dag.py
[2024-12-03T21:09:37.155+0700] {processor.py:914} INFO - Processing file /home/tedubuamo/project/venv/lib/python3.12/site-packages/airflow/example_dags/example_trigger_controller_dag.py for tasks to queue
[2024-12-03T21:09:37.158+0700] {logging_mixin.py:190} INFO - [2024-12-03T21:09:37.157+0700] {dagbag.py:588} INFO - Filling up the DagBag from /home/tedubuamo/project/venv/lib/python3.12/site-packages/airflow/example_dags/example_trigger_controller_dag.py
[2024-12-03T21:09:37.168+0700] {processor.py:925} INFO - DAG(s) 'example_trigger_controller_dag' retrieved from /home/tedubuamo/project/venv/lib/python3.12/site-packages/airflow/example_dags/example_trigger_controller_dag.py
[2024-12-03T21:09:37.184+0700] {logging_mixin.py:190} INFO - [2024-12-03T21:09:37.184+0700] {dag.py:3239} INFO - Sync 1 DAGs
[2024-12-03T21:09:37.204+0700] {logging_mixin.py:190} INFO - [2024-12-03T21:09:37.203+0700] {dag.py:4180} INFO - Setting next_dagrun for example_trigger_controller_dag to 2021-01-01 00:00:00+00:00, run_after=2021-01-01 00:00:00+00:00
[2024-12-03T21:09:37.226+0700] {processor.py:208} INFO - Processing /home/tedubuamo/project/venv/lib/python3.12/site-packages/airflow/example_dags/example_trigger_controller_dag.py took 0.080 seconds
[2024-12-03T21:10:28.195+0700] {processor.py:186} INFO - Started process (PID=2798) to work on /home/tedubuamo/project/venv/lib/python3.12/site-packages/airflow/example_dags/example_trigger_controller_dag.py
[2024-12-03T21:10:28.196+0700] {processor.py:914} INFO - Processing file /home/tedubuamo/project/venv/lib/python3.12/site-packages/airflow/example_dags/example_trigger_controller_dag.py for tasks to queue
[2024-12-03T21:10:28.198+0700] {logging_mixin.py:190} INFO - [2024-12-03T21:10:28.198+0700] {dagbag.py:588} INFO - Filling up the DagBag from /home/tedubuamo/project/venv/lib/python3.12/site-packages/airflow/example_dags/example_trigger_controller_dag.py
[2024-12-03T21:10:28.204+0700] {processor.py:925} INFO - DAG(s) 'example_trigger_controller_dag' retrieved from /home/tedubuamo/project/venv/lib/python3.12/site-packages/airflow/example_dags/example_trigger_controller_dag.py
[2024-12-03T21:10:28.216+0700] {logging_mixin.py:190} INFO - [2024-12-03T21:10:28.216+0700] {dag.py:3239} INFO - Sync 1 DAGs
[2024-12-03T21:10:28.233+0700] {logging_mixin.py:190} INFO - [2024-12-03T21:10:28.233+0700] {dag.py:4180} INFO - Setting next_dagrun for example_trigger_controller_dag to 2021-01-01 00:00:00+00:00, run_after=2021-01-01 00:00:00+00:00
[2024-12-03T21:10:28.257+0700] {processor.py:208} INFO - Processing /home/tedubuamo/project/venv/lib/python3.12/site-packages/airflow/example_dags/example_trigger_controller_dag.py took 0.068 seconds
[2024-12-03T21:10:28.961+0700] {processor.py:186} INFO - Started process (PID=2800) to work on /home/tedubuamo/project/venv/lib/python3.12/site-packages/airflow/example_dags/example_trigger_controller_dag.py
[2024-12-03T21:10:28.963+0700] {processor.py:914} INFO - Processing file /home/tedubuamo/project/venv/lib/python3.12/site-packages/airflow/example_dags/example_trigger_controller_dag.py for tasks to queue
[2024-12-03T21:10:28.964+0700] {logging_mixin.py:190} INFO - [2024-12-03T21:10:28.964+0700] {dagbag.py:588} INFO - Filling up the DagBag from /home/tedubuamo/project/venv/lib/python3.12/site-packages/airflow/example_dags/example_trigger_controller_dag.py
[2024-12-03T21:10:28.970+0700] {processor.py:925} INFO - DAG(s) 'example_trigger_controller_dag' retrieved from /home/tedubuamo/project/venv/lib/python3.12/site-packages/airflow/example_dags/example_trigger_controller_dag.py
[2024-12-03T21:10:28.980+0700] {logging_mixin.py:190} INFO - [2024-12-03T21:10:28.980+0700] {dag.py:3239} INFO - Sync 1 DAGs
[2024-12-03T21:10:28.993+0700] {logging_mixin.py:190} INFO - [2024-12-03T21:10:28.993+0700] {dag.py:4180} INFO - Setting next_dagrun for example_trigger_controller_dag to 2021-01-01 00:00:00+00:00, run_after=2021-01-01 00:00:00+00:00
[2024-12-03T21:10:29.010+0700] {processor.py:208} INFO - Processing /home/tedubuamo/project/venv/lib/python3.12/site-packages/airflow/example_dags/example_trigger_controller_dag.py took 0.052 seconds
[2024-12-03T21:11:21.686+0700] {processor.py:186} INFO - Started process (PID=2906) to work on /home/tedubuamo/project/venv/lib/python3.12/site-packages/airflow/example_dags/example_trigger_controller_dag.py
[2024-12-03T21:11:21.688+0700] {processor.py:914} INFO - Processing file /home/tedubuamo/project/venv/lib/python3.12/site-packages/airflow/example_dags/example_trigger_controller_dag.py for tasks to queue
[2024-12-03T21:11:21.690+0700] {logging_mixin.py:190} INFO - [2024-12-03T21:11:21.690+0700] {dagbag.py:588} INFO - Filling up the DagBag from /home/tedubuamo/project/venv/lib/python3.12/site-packages/airflow/example_dags/example_trigger_controller_dag.py
[2024-12-03T21:11:21.696+0700] {processor.py:925} INFO - DAG(s) 'example_trigger_controller_dag' retrieved from /home/tedubuamo/project/venv/lib/python3.12/site-packages/airflow/example_dags/example_trigger_controller_dag.py
[2024-12-03T21:11:21.713+0700] {logging_mixin.py:190} INFO - [2024-12-03T21:11:21.712+0700] {dag.py:3239} INFO - Sync 1 DAGs
[2024-12-03T21:11:21.733+0700] {logging_mixin.py:190} INFO - [2024-12-03T21:11:21.732+0700] {dag.py:4180} INFO - Setting next_dagrun for example_trigger_controller_dag to 2021-01-01 00:00:00+00:00, run_after=2021-01-01 00:00:00+00:00
[2024-12-03T21:11:21.751+0700] {processor.py:208} INFO - Processing /home/tedubuamo/project/venv/lib/python3.12/site-packages/airflow/example_dags/example_trigger_controller_dag.py took 0.068 seconds
[2024-12-03T21:11:22.657+0700] {processor.py:186} INFO - Started process (PID=2908) to work on /home/tedubuamo/project/venv/lib/python3.12/site-packages/airflow/example_dags/example_trigger_controller_dag.py
[2024-12-03T21:11:22.658+0700] {processor.py:914} INFO - Processing file /home/tedubuamo/project/venv/lib/python3.12/site-packages/airflow/example_dags/example_trigger_controller_dag.py for tasks to queue
[2024-12-03T21:11:22.660+0700] {logging_mixin.py:190} INFO - [2024-12-03T21:11:22.660+0700] {dagbag.py:588} INFO - Filling up the DagBag from /home/tedubuamo/project/venv/lib/python3.12/site-packages/airflow/example_dags/example_trigger_controller_dag.py
[2024-12-03T21:11:22.668+0700] {processor.py:925} INFO - DAG(s) 'example_trigger_controller_dag' retrieved from /home/tedubuamo/project/venv/lib/python3.12/site-packages/airflow/example_dags/example_trigger_controller_dag.py
[2024-12-03T21:11:22.681+0700] {logging_mixin.py:190} INFO - [2024-12-03T21:11:22.680+0700] {dag.py:3239} INFO - Sync 1 DAGs
[2024-12-03T21:11:22.705+0700] {logging_mixin.py:190} INFO - [2024-12-03T21:11:22.705+0700] {dag.py:4180} INFO - Setting next_dagrun for example_trigger_controller_dag to 2021-01-01 00:00:00+00:00, run_after=2021-01-01 00:00:00+00:00
[2024-12-03T21:11:22.732+0700] {processor.py:208} INFO - Processing /home/tedubuamo/project/venv/lib/python3.12/site-packages/airflow/example_dags/example_trigger_controller_dag.py took 0.081 seconds
[2024-12-03T21:12:12.976+0700] {processor.py:186} INFO - Started process (PID=3028) to work on /home/tedubuamo/project/venv/lib/python3.12/site-packages/airflow/example_dags/example_trigger_controller_dag.py
[2024-12-03T21:12:12.979+0700] {processor.py:914} INFO - Processing file /home/tedubuamo/project/venv/lib/python3.12/site-packages/airflow/example_dags/example_trigger_controller_dag.py for tasks to queue
[2024-12-03T21:12:12.981+0700] {logging_mixin.py:190} INFO - [2024-12-03T21:12:12.980+0700] {dagbag.py:588} INFO - Filling up the DagBag from /home/tedubuamo/project/venv/lib/python3.12/site-packages/airflow/example_dags/example_trigger_controller_dag.py
[2024-12-03T21:12:12.986+0700] {processor.py:925} INFO - DAG(s) 'example_trigger_controller_dag' retrieved from /home/tedubuamo/project/venv/lib/python3.12/site-packages/airflow/example_dags/example_trigger_controller_dag.py
[2024-12-03T21:12:12.997+0700] {logging_mixin.py:190} INFO - [2024-12-03T21:12:12.997+0700] {dag.py:3239} INFO - Sync 1 DAGs
[2024-12-03T21:12:13.012+0700] {logging_mixin.py:190} INFO - [2024-12-03T21:12:13.012+0700] {dag.py:4180} INFO - Setting next_dagrun for example_trigger_controller_dag to 2021-01-01 00:00:00+00:00, run_after=2021-01-01 00:00:00+00:00
[2024-12-03T21:12:13.029+0700] {processor.py:208} INFO - Processing /home/tedubuamo/project/venv/lib/python3.12/site-packages/airflow/example_dags/example_trigger_controller_dag.py took 0.057 seconds
[2024-12-03T21:12:16.952+0700] {processor.py:186} INFO - Started process (PID=3044) to work on /home/tedubuamo/project/venv/lib/python3.12/site-packages/airflow/example_dags/example_trigger_controller_dag.py
[2024-12-03T21:12:16.953+0700] {processor.py:914} INFO - Processing file /home/tedubuamo/project/venv/lib/python3.12/site-packages/airflow/example_dags/example_trigger_controller_dag.py for tasks to queue
[2024-12-03T21:12:16.956+0700] {logging_mixin.py:190} INFO - [2024-12-03T21:12:16.956+0700] {dagbag.py:588} INFO - Filling up the DagBag from /home/tedubuamo/project/venv/lib/python3.12/site-packages/airflow/example_dags/example_trigger_controller_dag.py
[2024-12-03T21:12:16.964+0700] {processor.py:925} INFO - DAG(s) 'example_trigger_controller_dag' retrieved from /home/tedubuamo/project/venv/lib/python3.12/site-packages/airflow/example_dags/example_trigger_controller_dag.py
[2024-12-03T21:12:16.984+0700] {logging_mixin.py:190} INFO - [2024-12-03T21:12:16.984+0700] {dag.py:3239} INFO - Sync 1 DAGs
[2024-12-03T21:12:17.017+0700] {logging_mixin.py:190} INFO - [2024-12-03T21:12:17.016+0700] {dag.py:4180} INFO - Setting next_dagrun for example_trigger_controller_dag to 2021-01-01 00:00:00+00:00, run_after=2021-01-01 00:00:00+00:00
[2024-12-03T21:12:17.068+0700] {processor.py:208} INFO - Processing /home/tedubuamo/project/venv/lib/python3.12/site-packages/airflow/example_dags/example_trigger_controller_dag.py took 0.122 seconds
[2024-12-03T21:13:02.071+0700] {processor.py:186} INFO - Started process (PID=3147) to work on /home/tedubuamo/project/venv/lib/python3.12/site-packages/airflow/example_dags/example_trigger_controller_dag.py
[2024-12-03T21:13:02.072+0700] {processor.py:914} INFO - Processing file /home/tedubuamo/project/venv/lib/python3.12/site-packages/airflow/example_dags/example_trigger_controller_dag.py for tasks to queue
[2024-12-03T21:13:02.074+0700] {logging_mixin.py:190} INFO - [2024-12-03T21:13:02.074+0700] {dagbag.py:588} INFO - Filling up the DagBag from /home/tedubuamo/project/venv/lib/python3.12/site-packages/airflow/example_dags/example_trigger_controller_dag.py
[2024-12-03T21:13:02.079+0700] {processor.py:925} INFO - DAG(s) 'example_trigger_controller_dag' retrieved from /home/tedubuamo/project/venv/lib/python3.12/site-packages/airflow/example_dags/example_trigger_controller_dag.py
[2024-12-03T21:13:02.090+0700] {logging_mixin.py:190} INFO - [2024-12-03T21:13:02.090+0700] {dag.py:3239} INFO - Sync 1 DAGs
[2024-12-03T21:13:02.103+0700] {logging_mixin.py:190} INFO - [2024-12-03T21:13:02.103+0700] {dag.py:4180} INFO - Setting next_dagrun for example_trigger_controller_dag to 2021-01-01 00:00:00+00:00, run_after=2021-01-01 00:00:00+00:00
[2024-12-03T21:13:02.120+0700] {processor.py:208} INFO - Processing /home/tedubuamo/project/venv/lib/python3.12/site-packages/airflow/example_dags/example_trigger_controller_dag.py took 0.052 seconds
[2024-12-03T21:13:10.709+0700] {processor.py:186} INFO - Started process (PID=3165) to work on /home/tedubuamo/project/venv/lib/python3.12/site-packages/airflow/example_dags/example_trigger_controller_dag.py
[2024-12-03T21:13:10.710+0700] {processor.py:914} INFO - Processing file /home/tedubuamo/project/venv/lib/python3.12/site-packages/airflow/example_dags/example_trigger_controller_dag.py for tasks to queue
[2024-12-03T21:13:10.712+0700] {logging_mixin.py:190} INFO - [2024-12-03T21:13:10.712+0700] {dagbag.py:588} INFO - Filling up the DagBag from /home/tedubuamo/project/venv/lib/python3.12/site-packages/airflow/example_dags/example_trigger_controller_dag.py
[2024-12-03T21:13:10.718+0700] {processor.py:925} INFO - DAG(s) 'example_trigger_controller_dag' retrieved from /home/tedubuamo/project/venv/lib/python3.12/site-packages/airflow/example_dags/example_trigger_controller_dag.py
[2024-12-03T21:13:10.730+0700] {logging_mixin.py:190} INFO - [2024-12-03T21:13:10.730+0700] {dag.py:3239} INFO - Sync 1 DAGs
[2024-12-03T21:13:10.745+0700] {logging_mixin.py:190} INFO - [2024-12-03T21:13:10.744+0700] {dag.py:4180} INFO - Setting next_dagrun for example_trigger_controller_dag to 2021-01-01 00:00:00+00:00, run_after=2021-01-01 00:00:00+00:00
[2024-12-03T21:13:10.763+0700] {processor.py:208} INFO - Processing /home/tedubuamo/project/venv/lib/python3.12/site-packages/airflow/example_dags/example_trigger_controller_dag.py took 0.060 seconds
[2024-12-03T21:13:53.589+0700] {processor.py:186} INFO - Started process (PID=3256) to work on /home/tedubuamo/project/venv/lib/python3.12/site-packages/airflow/example_dags/example_trigger_controller_dag.py
[2024-12-03T21:13:53.596+0700] {processor.py:914} INFO - Processing file /home/tedubuamo/project/venv/lib/python3.12/site-packages/airflow/example_dags/example_trigger_controller_dag.py for tasks to queue
[2024-12-03T21:13:53.598+0700] {logging_mixin.py:190} INFO - [2024-12-03T21:13:53.598+0700] {dagbag.py:588} INFO - Filling up the DagBag from /home/tedubuamo/project/venv/lib/python3.12/site-packages/airflow/example_dags/example_trigger_controller_dag.py
[2024-12-03T21:13:53.604+0700] {processor.py:925} INFO - DAG(s) 'example_trigger_controller_dag' retrieved from /home/tedubuamo/project/venv/lib/python3.12/site-packages/airflow/example_dags/example_trigger_controller_dag.py
[2024-12-03T21:13:53.616+0700] {logging_mixin.py:190} INFO - [2024-12-03T21:13:53.616+0700] {dag.py:3239} INFO - Sync 1 DAGs
[2024-12-03T21:13:53.632+0700] {logging_mixin.py:190} INFO - [2024-12-03T21:13:53.632+0700] {dag.py:4180} INFO - Setting next_dagrun for example_trigger_controller_dag to 2021-01-01 00:00:00+00:00, run_after=2021-01-01 00:00:00+00:00
[2024-12-03T21:13:53.652+0700] {processor.py:208} INFO - Processing /home/tedubuamo/project/venv/lib/python3.12/site-packages/airflow/example_dags/example_trigger_controller_dag.py took 0.068 seconds
[2024-12-03T21:14:02.261+0700] {processor.py:186} INFO - Started process (PID=3273) to work on /home/tedubuamo/project/venv/lib/python3.12/site-packages/airflow/example_dags/example_trigger_controller_dag.py
[2024-12-03T21:14:02.262+0700] {processor.py:914} INFO - Processing file /home/tedubuamo/project/venv/lib/python3.12/site-packages/airflow/example_dags/example_trigger_controller_dag.py for tasks to queue
[2024-12-03T21:14:02.264+0700] {logging_mixin.py:190} INFO - [2024-12-03T21:14:02.264+0700] {dagbag.py:588} INFO - Filling up the DagBag from /home/tedubuamo/project/venv/lib/python3.12/site-packages/airflow/example_dags/example_trigger_controller_dag.py
[2024-12-03T21:14:02.271+0700] {processor.py:925} INFO - DAG(s) 'example_trigger_controller_dag' retrieved from /home/tedubuamo/project/venv/lib/python3.12/site-packages/airflow/example_dags/example_trigger_controller_dag.py
[2024-12-03T21:14:02.283+0700] {logging_mixin.py:190} INFO - [2024-12-03T21:14:02.283+0700] {dag.py:3239} INFO - Sync 1 DAGs
[2024-12-03T21:14:02.300+0700] {logging_mixin.py:190} INFO - [2024-12-03T21:14:02.299+0700] {dag.py:4180} INFO - Setting next_dagrun for example_trigger_controller_dag to 2021-01-01 00:00:00+00:00, run_after=2021-01-01 00:00:00+00:00
[2024-12-03T21:14:02.320+0700] {processor.py:208} INFO - Processing /home/tedubuamo/project/venv/lib/python3.12/site-packages/airflow/example_dags/example_trigger_controller_dag.py took 0.064 seconds
[2024-12-03T21:14:45.753+0700] {processor.py:186} INFO - Started process (PID=3361) to work on /home/tedubuamo/project/venv/lib/python3.12/site-packages/airflow/example_dags/example_trigger_controller_dag.py
[2024-12-03T21:14:45.757+0700] {processor.py:914} INFO - Processing file /home/tedubuamo/project/venv/lib/python3.12/site-packages/airflow/example_dags/example_trigger_controller_dag.py for tasks to queue
[2024-12-03T21:14:45.758+0700] {logging_mixin.py:190} INFO - [2024-12-03T21:14:45.758+0700] {dagbag.py:588} INFO - Filling up the DagBag from /home/tedubuamo/project/venv/lib/python3.12/site-packages/airflow/example_dags/example_trigger_controller_dag.py
[2024-12-03T21:14:45.763+0700] {processor.py:925} INFO - DAG(s) 'example_trigger_controller_dag' retrieved from /home/tedubuamo/project/venv/lib/python3.12/site-packages/airflow/example_dags/example_trigger_controller_dag.py
[2024-12-03T21:14:45.773+0700] {logging_mixin.py:190} INFO - [2024-12-03T21:14:45.772+0700] {dag.py:3239} INFO - Sync 1 DAGs
[2024-12-03T21:14:45.785+0700] {logging_mixin.py:190} INFO - [2024-12-03T21:14:45.785+0700] {dag.py:4180} INFO - Setting next_dagrun for example_trigger_controller_dag to 2021-01-01 00:00:00+00:00, run_after=2021-01-01 00:00:00+00:00
[2024-12-03T21:14:45.801+0700] {processor.py:208} INFO - Processing /home/tedubuamo/project/venv/lib/python3.12/site-packages/airflow/example_dags/example_trigger_controller_dag.py took 0.051 seconds
[2024-12-03T21:14:52.783+0700] {processor.py:186} INFO - Started process (PID=3378) to work on /home/tedubuamo/project/venv/lib/python3.12/site-packages/airflow/example_dags/example_trigger_controller_dag.py
[2024-12-03T21:14:52.784+0700] {processor.py:914} INFO - Processing file /home/tedubuamo/project/venv/lib/python3.12/site-packages/airflow/example_dags/example_trigger_controller_dag.py for tasks to queue
[2024-12-03T21:14:52.786+0700] {logging_mixin.py:190} INFO - [2024-12-03T21:14:52.786+0700] {dagbag.py:588} INFO - Filling up the DagBag from /home/tedubuamo/project/venv/lib/python3.12/site-packages/airflow/example_dags/example_trigger_controller_dag.py
[2024-12-03T21:14:52.793+0700] {processor.py:925} INFO - DAG(s) 'example_trigger_controller_dag' retrieved from /home/tedubuamo/project/venv/lib/python3.12/site-packages/airflow/example_dags/example_trigger_controller_dag.py
[2024-12-03T21:14:52.808+0700] {logging_mixin.py:190} INFO - [2024-12-03T21:14:52.807+0700] {dag.py:3239} INFO - Sync 1 DAGs
[2024-12-03T21:14:52.823+0700] {logging_mixin.py:190} INFO - [2024-12-03T21:14:52.822+0700] {dag.py:4180} INFO - Setting next_dagrun for example_trigger_controller_dag to 2021-01-01 00:00:00+00:00, run_after=2021-01-01 00:00:00+00:00
[2024-12-03T21:14:52.845+0700] {processor.py:208} INFO - Processing /home/tedubuamo/project/venv/lib/python3.12/site-packages/airflow/example_dags/example_trigger_controller_dag.py took 0.067 seconds
[2024-12-03T21:15:35.974+0700] {processor.py:186} INFO - Started process (PID=3465) to work on /home/tedubuamo/project/venv/lib/python3.12/site-packages/airflow/example_dags/example_trigger_controller_dag.py
[2024-12-03T21:15:35.976+0700] {processor.py:914} INFO - Processing file /home/tedubuamo/project/venv/lib/python3.12/site-packages/airflow/example_dags/example_trigger_controller_dag.py for tasks to queue
[2024-12-03T21:15:35.979+0700] {logging_mixin.py:190} INFO - [2024-12-03T21:15:35.978+0700] {dagbag.py:588} INFO - Filling up the DagBag from /home/tedubuamo/project/venv/lib/python3.12/site-packages/airflow/example_dags/example_trigger_controller_dag.py
[2024-12-03T21:15:35.988+0700] {processor.py:925} INFO - DAG(s) 'example_trigger_controller_dag' retrieved from /home/tedubuamo/project/venv/lib/python3.12/site-packages/airflow/example_dags/example_trigger_controller_dag.py
[2024-12-03T21:15:36.004+0700] {logging_mixin.py:190} INFO - [2024-12-03T21:15:36.004+0700] {dag.py:3239} INFO - Sync 1 DAGs
[2024-12-03T21:15:36.030+0700] {logging_mixin.py:190} INFO - [2024-12-03T21:15:36.030+0700] {dag.py:4180} INFO - Setting next_dagrun for example_trigger_controller_dag to 2021-01-01 00:00:00+00:00, run_after=2021-01-01 00:00:00+00:00
[2024-12-03T21:15:36.061+0700] {processor.py:208} INFO - Processing /home/tedubuamo/project/venv/lib/python3.12/site-packages/airflow/example_dags/example_trigger_controller_dag.py took 0.091 seconds
[2024-12-03T21:15:41.837+0700] {processor.py:186} INFO - Started process (PID=3477) to work on /home/tedubuamo/project/venv/lib/python3.12/site-packages/airflow/example_dags/example_trigger_controller_dag.py
[2024-12-03T21:15:41.839+0700] {processor.py:914} INFO - Processing file /home/tedubuamo/project/venv/lib/python3.12/site-packages/airflow/example_dags/example_trigger_controller_dag.py for tasks to queue
[2024-12-03T21:15:41.840+0700] {logging_mixin.py:190} INFO - [2024-12-03T21:15:41.840+0700] {dagbag.py:588} INFO - Filling up the DagBag from /home/tedubuamo/project/venv/lib/python3.12/site-packages/airflow/example_dags/example_trigger_controller_dag.py
[2024-12-03T21:15:41.846+0700] {processor.py:925} INFO - DAG(s) 'example_trigger_controller_dag' retrieved from /home/tedubuamo/project/venv/lib/python3.12/site-packages/airflow/example_dags/example_trigger_controller_dag.py
[2024-12-03T21:15:41.858+0700] {logging_mixin.py:190} INFO - [2024-12-03T21:15:41.858+0700] {dag.py:3239} INFO - Sync 1 DAGs
[2024-12-03T21:15:41.872+0700] {logging_mixin.py:190} INFO - [2024-12-03T21:15:41.871+0700] {dag.py:4180} INFO - Setting next_dagrun for example_trigger_controller_dag to 2021-01-01 00:00:00+00:00, run_after=2021-01-01 00:00:00+00:00
[2024-12-03T21:15:41.893+0700] {processor.py:208} INFO - Processing /home/tedubuamo/project/venv/lib/python3.12/site-packages/airflow/example_dags/example_trigger_controller_dag.py took 0.060 seconds
[2024-12-03T21:16:27.575+0700] {processor.py:186} INFO - Started process (PID=3580) to work on /home/tedubuamo/project/venv/lib/python3.12/site-packages/airflow/example_dags/example_trigger_controller_dag.py
[2024-12-03T21:16:27.577+0700] {processor.py:914} INFO - Processing file /home/tedubuamo/project/venv/lib/python3.12/site-packages/airflow/example_dags/example_trigger_controller_dag.py for tasks to queue
[2024-12-03T21:16:27.580+0700] {logging_mixin.py:190} INFO - [2024-12-03T21:16:27.579+0700] {dagbag.py:588} INFO - Filling up the DagBag from /home/tedubuamo/project/venv/lib/python3.12/site-packages/airflow/example_dags/example_trigger_controller_dag.py
[2024-12-03T21:16:27.587+0700] {processor.py:925} INFO - DAG(s) 'example_trigger_controller_dag' retrieved from /home/tedubuamo/project/venv/lib/python3.12/site-packages/airflow/example_dags/example_trigger_controller_dag.py
[2024-12-03T21:16:27.605+0700] {logging_mixin.py:190} INFO - [2024-12-03T21:16:27.605+0700] {dag.py:3239} INFO - Sync 1 DAGs
[2024-12-03T21:16:27.628+0700] {logging_mixin.py:190} INFO - [2024-12-03T21:16:27.628+0700] {dag.py:4180} INFO - Setting next_dagrun for example_trigger_controller_dag to 2021-01-01 00:00:00+00:00, run_after=2021-01-01 00:00:00+00:00
[2024-12-03T21:16:27.651+0700] {processor.py:208} INFO - Processing /home/tedubuamo/project/venv/lib/python3.12/site-packages/airflow/example_dags/example_trigger_controller_dag.py took 0.082 seconds
[2024-12-03T21:16:34.171+0700] {processor.py:186} INFO - Started process (PID=3593) to work on /home/tedubuamo/project/venv/lib/python3.12/site-packages/airflow/example_dags/example_trigger_controller_dag.py
[2024-12-03T21:16:34.175+0700] {processor.py:914} INFO - Processing file /home/tedubuamo/project/venv/lib/python3.12/site-packages/airflow/example_dags/example_trigger_controller_dag.py for tasks to queue
[2024-12-03T21:16:34.177+0700] {logging_mixin.py:190} INFO - [2024-12-03T21:16:34.177+0700] {dagbag.py:588} INFO - Filling up the DagBag from /home/tedubuamo/project/venv/lib/python3.12/site-packages/airflow/example_dags/example_trigger_controller_dag.py
[2024-12-03T21:16:34.182+0700] {processor.py:925} INFO - DAG(s) 'example_trigger_controller_dag' retrieved from /home/tedubuamo/project/venv/lib/python3.12/site-packages/airflow/example_dags/example_trigger_controller_dag.py
[2024-12-03T21:16:34.195+0700] {logging_mixin.py:190} INFO - [2024-12-03T21:16:34.194+0700] {dag.py:3239} INFO - Sync 1 DAGs
[2024-12-03T21:16:34.210+0700] {logging_mixin.py:190} INFO - [2024-12-03T21:16:34.210+0700] {dag.py:4180} INFO - Setting next_dagrun for example_trigger_controller_dag to 2021-01-01 00:00:00+00:00, run_after=2021-01-01 00:00:00+00:00
[2024-12-03T21:16:34.228+0700] {processor.py:208} INFO - Processing /home/tedubuamo/project/venv/lib/python3.12/site-packages/airflow/example_dags/example_trigger_controller_dag.py took 0.061 seconds
[2024-12-03T21:17:22.713+0700] {processor.py:186} INFO - Started process (PID=3720) to work on /home/tedubuamo/project/venv/lib/python3.12/site-packages/airflow/example_dags/example_trigger_controller_dag.py
[2024-12-03T21:17:22.714+0700] {processor.py:914} INFO - Processing file /home/tedubuamo/project/venv/lib/python3.12/site-packages/airflow/example_dags/example_trigger_controller_dag.py for tasks to queue
[2024-12-03T21:17:22.716+0700] {logging_mixin.py:190} INFO - [2024-12-03T21:17:22.716+0700] {dagbag.py:588} INFO - Filling up the DagBag from /home/tedubuamo/project/venv/lib/python3.12/site-packages/airflow/example_dags/example_trigger_controller_dag.py
[2024-12-03T21:17:22.721+0700] {processor.py:925} INFO - DAG(s) 'example_trigger_controller_dag' retrieved from /home/tedubuamo/project/venv/lib/python3.12/site-packages/airflow/example_dags/example_trigger_controller_dag.py
[2024-12-03T21:17:22.733+0700] {logging_mixin.py:190} INFO - [2024-12-03T21:17:22.733+0700] {dag.py:3239} INFO - Sync 1 DAGs
[2024-12-03T21:17:22.746+0700] {logging_mixin.py:190} INFO - [2024-12-03T21:17:22.746+0700] {dag.py:4180} INFO - Setting next_dagrun for example_trigger_controller_dag to 2021-01-01 00:00:00+00:00, run_after=2021-01-01 00:00:00+00:00
[2024-12-03T21:17:22.763+0700] {processor.py:208} INFO - Processing /home/tedubuamo/project/venv/lib/python3.12/site-packages/airflow/example_dags/example_trigger_controller_dag.py took 0.053 seconds
[2024-12-03T21:17:24.438+0700] {processor.py:186} INFO - Started process (PID=3726) to work on /home/tedubuamo/project/venv/lib/python3.12/site-packages/airflow/example_dags/example_trigger_controller_dag.py
[2024-12-03T21:17:24.438+0700] {processor.py:914} INFO - Processing file /home/tedubuamo/project/venv/lib/python3.12/site-packages/airflow/example_dags/example_trigger_controller_dag.py for tasks to queue
[2024-12-03T21:17:24.440+0700] {logging_mixin.py:190} INFO - [2024-12-03T21:17:24.440+0700] {dagbag.py:588} INFO - Filling up the DagBag from /home/tedubuamo/project/venv/lib/python3.12/site-packages/airflow/example_dags/example_trigger_controller_dag.py
[2024-12-03T21:17:24.445+0700] {processor.py:925} INFO - DAG(s) 'example_trigger_controller_dag' retrieved from /home/tedubuamo/project/venv/lib/python3.12/site-packages/airflow/example_dags/example_trigger_controller_dag.py
[2024-12-03T21:17:24.454+0700] {logging_mixin.py:190} INFO - [2024-12-03T21:17:24.454+0700] {dag.py:3239} INFO - Sync 1 DAGs
[2024-12-03T21:17:24.467+0700] {logging_mixin.py:190} INFO - [2024-12-03T21:17:24.467+0700] {dag.py:4180} INFO - Setting next_dagrun for example_trigger_controller_dag to 2021-01-01 00:00:00+00:00, run_after=2021-01-01 00:00:00+00:00
[2024-12-03T21:17:24.483+0700] {processor.py:208} INFO - Processing /home/tedubuamo/project/venv/lib/python3.12/site-packages/airflow/example_dags/example_trigger_controller_dag.py took 0.049 seconds
[2024-12-03T21:18:14.500+0700] {processor.py:186} INFO - Started process (PID=3843) to work on /home/tedubuamo/project/venv/lib/python3.12/site-packages/airflow/example_dags/example_trigger_controller_dag.py
[2024-12-03T21:18:14.501+0700] {processor.py:914} INFO - Processing file /home/tedubuamo/project/venv/lib/python3.12/site-packages/airflow/example_dags/example_trigger_controller_dag.py for tasks to queue
[2024-12-03T21:18:14.503+0700] {logging_mixin.py:190} INFO - [2024-12-03T21:18:14.502+0700] {dagbag.py:588} INFO - Filling up the DagBag from /home/tedubuamo/project/venv/lib/python3.12/site-packages/airflow/example_dags/example_trigger_controller_dag.py
[2024-12-03T21:18:14.508+0700] {processor.py:925} INFO - DAG(s) 'example_trigger_controller_dag' retrieved from /home/tedubuamo/project/venv/lib/python3.12/site-packages/airflow/example_dags/example_trigger_controller_dag.py
[2024-12-03T21:18:14.518+0700] {logging_mixin.py:190} INFO - [2024-12-03T21:18:14.518+0700] {dag.py:3239} INFO - Sync 1 DAGs
[2024-12-03T21:18:14.532+0700] {logging_mixin.py:190} INFO - [2024-12-03T21:18:14.531+0700] {dag.py:4180} INFO - Setting next_dagrun for example_trigger_controller_dag to 2021-01-01 00:00:00+00:00, run_after=2021-01-01 00:00:00+00:00
[2024-12-03T21:18:14.548+0700] {processor.py:208} INFO - Processing /home/tedubuamo/project/venv/lib/python3.12/site-packages/airflow/example_dags/example_trigger_controller_dag.py took 0.053 seconds
[2024-12-03T21:18:14.954+0700] {processor.py:186} INFO - Started process (PID=3844) to work on /home/tedubuamo/project/venv/lib/python3.12/site-packages/airflow/example_dags/example_trigger_controller_dag.py
[2024-12-03T21:18:14.955+0700] {processor.py:914} INFO - Processing file /home/tedubuamo/project/venv/lib/python3.12/site-packages/airflow/example_dags/example_trigger_controller_dag.py for tasks to queue
[2024-12-03T21:18:14.956+0700] {logging_mixin.py:190} INFO - [2024-12-03T21:18:14.956+0700] {dagbag.py:588} INFO - Filling up the DagBag from /home/tedubuamo/project/venv/lib/python3.12/site-packages/airflow/example_dags/example_trigger_controller_dag.py
[2024-12-03T21:18:14.961+0700] {processor.py:925} INFO - DAG(s) 'example_trigger_controller_dag' retrieved from /home/tedubuamo/project/venv/lib/python3.12/site-packages/airflow/example_dags/example_trigger_controller_dag.py
[2024-12-03T21:18:14.972+0700] {logging_mixin.py:190} INFO - [2024-12-03T21:18:14.971+0700] {dag.py:3239} INFO - Sync 1 DAGs
[2024-12-03T21:18:14.984+0700] {logging_mixin.py:190} INFO - [2024-12-03T21:18:14.984+0700] {dag.py:4180} INFO - Setting next_dagrun for example_trigger_controller_dag to 2021-01-01 00:00:00+00:00, run_after=2021-01-01 00:00:00+00:00
[2024-12-03T21:18:15.000+0700] {processor.py:208} INFO - Processing /home/tedubuamo/project/venv/lib/python3.12/site-packages/airflow/example_dags/example_trigger_controller_dag.py took 0.050 seconds
[2024-12-03T21:19:08.426+0700] {processor.py:186} INFO - Started process (PID=3947) to work on /home/tedubuamo/project/venv/lib/python3.12/site-packages/airflow/example_dags/example_trigger_controller_dag.py
[2024-12-03T21:19:08.441+0700] {processor.py:914} INFO - Processing file /home/tedubuamo/project/venv/lib/python3.12/site-packages/airflow/example_dags/example_trigger_controller_dag.py for tasks to queue
[2024-12-03T21:19:08.443+0700] {logging_mixin.py:190} INFO - [2024-12-03T21:19:08.443+0700] {dagbag.py:588} INFO - Filling up the DagBag from /home/tedubuamo/project/venv/lib/python3.12/site-packages/airflow/example_dags/example_trigger_controller_dag.py
[2024-12-03T21:19:08.447+0700] {processor.py:925} INFO - DAG(s) 'example_trigger_controller_dag' retrieved from /home/tedubuamo/project/venv/lib/python3.12/site-packages/airflow/example_dags/example_trigger_controller_dag.py
[2024-12-03T21:19:08.511+0700] {logging_mixin.py:190} INFO - [2024-12-03T21:19:08.511+0700] {dag.py:3239} INFO - Sync 1 DAGs
[2024-12-03T21:19:08.522+0700] {logging_mixin.py:190} INFO - [2024-12-03T21:19:08.522+0700] {dag.py:4180} INFO - Setting next_dagrun for example_trigger_controller_dag to 2021-01-01 00:00:00+00:00, run_after=2021-01-01 00:00:00+00:00
[2024-12-03T21:19:08.553+0700] {processor.py:208} INFO - Processing /home/tedubuamo/project/venv/lib/python3.12/site-packages/airflow/example_dags/example_trigger_controller_dag.py took 0.130 seconds
[2024-12-03T21:20:05.583+0700] {processor.py:186} INFO - Started process (PID=4006) to work on /home/tedubuamo/project/venv/lib/python3.12/site-packages/airflow/example_dags/example_trigger_controller_dag.py
[2024-12-03T21:20:05.586+0700] {processor.py:914} INFO - Processing file /home/tedubuamo/project/venv/lib/python3.12/site-packages/airflow/example_dags/example_trigger_controller_dag.py for tasks to queue
[2024-12-03T21:20:05.588+0700] {logging_mixin.py:190} INFO - [2024-12-03T21:20:05.588+0700] {dagbag.py:588} INFO - Filling up the DagBag from /home/tedubuamo/project/venv/lib/python3.12/site-packages/airflow/example_dags/example_trigger_controller_dag.py
[2024-12-03T21:20:05.593+0700] {processor.py:925} INFO - DAG(s) 'example_trigger_controller_dag' retrieved from /home/tedubuamo/project/venv/lib/python3.12/site-packages/airflow/example_dags/example_trigger_controller_dag.py
[2024-12-03T21:20:05.603+0700] {logging_mixin.py:190} INFO - [2024-12-03T21:20:05.603+0700] {dag.py:3239} INFO - Sync 1 DAGs
[2024-12-03T21:20:05.617+0700] {logging_mixin.py:190} INFO - [2024-12-03T21:20:05.616+0700] {dag.py:4180} INFO - Setting next_dagrun for example_trigger_controller_dag to 2021-01-01 00:00:00+00:00, run_after=2021-01-01 00:00:00+00:00
[2024-12-03T21:20:05.633+0700] {processor.py:208} INFO - Processing /home/tedubuamo/project/venv/lib/python3.12/site-packages/airflow/example_dags/example_trigger_controller_dag.py took 0.054 seconds
[2024-12-03T21:21:07.248+0700] {processor.py:186} INFO - Started process (PID=4109) to work on /home/tedubuamo/project/venv/lib/python3.12/site-packages/airflow/example_dags/example_trigger_controller_dag.py
[2024-12-03T21:21:07.249+0700] {processor.py:914} INFO - Processing file /home/tedubuamo/project/venv/lib/python3.12/site-packages/airflow/example_dags/example_trigger_controller_dag.py for tasks to queue
[2024-12-03T21:21:07.252+0700] {logging_mixin.py:190} INFO - [2024-12-03T21:21:07.251+0700] {dagbag.py:588} INFO - Filling up the DagBag from /home/tedubuamo/project/venv/lib/python3.12/site-packages/airflow/example_dags/example_trigger_controller_dag.py
[2024-12-03T21:21:07.261+0700] {processor.py:925} INFO - DAG(s) 'example_trigger_controller_dag' retrieved from /home/tedubuamo/project/venv/lib/python3.12/site-packages/airflow/example_dags/example_trigger_controller_dag.py
[2024-12-03T21:21:07.275+0700] {logging_mixin.py:190} INFO - [2024-12-03T21:21:07.274+0700] {dag.py:3239} INFO - Sync 1 DAGs
[2024-12-03T21:21:07.300+0700] {logging_mixin.py:190} INFO - [2024-12-03T21:21:07.299+0700] {dag.py:4180} INFO - Setting next_dagrun for example_trigger_controller_dag to 2021-01-01 00:00:00+00:00, run_after=2021-01-01 00:00:00+00:00
[2024-12-03T21:21:07.333+0700] {processor.py:208} INFO - Processing /home/tedubuamo/project/venv/lib/python3.12/site-packages/airflow/example_dags/example_trigger_controller_dag.py took 0.091 seconds
[2024-12-03T21:22:03.935+0700] {processor.py:186} INFO - Started process (PID=4184) to work on /home/tedubuamo/project/venv/lib/python3.12/site-packages/airflow/example_dags/example_trigger_controller_dag.py
[2024-12-03T21:22:03.951+0700] {processor.py:914} INFO - Processing file /home/tedubuamo/project/venv/lib/python3.12/site-packages/airflow/example_dags/example_trigger_controller_dag.py for tasks to queue
[2024-12-03T21:22:03.952+0700] {logging_mixin.py:190} INFO - [2024-12-03T21:22:03.952+0700] {dagbag.py:588} INFO - Filling up the DagBag from /home/tedubuamo/project/venv/lib/python3.12/site-packages/airflow/example_dags/example_trigger_controller_dag.py
[2024-12-03T21:22:03.958+0700] {processor.py:925} INFO - DAG(s) 'example_trigger_controller_dag' retrieved from /home/tedubuamo/project/venv/lib/python3.12/site-packages/airflow/example_dags/example_trigger_controller_dag.py
[2024-12-03T21:22:03.968+0700] {logging_mixin.py:190} INFO - [2024-12-03T21:22:03.967+0700] {dag.py:3239} INFO - Sync 1 DAGs
[2024-12-03T21:22:03.981+0700] {logging_mixin.py:190} INFO - [2024-12-03T21:22:03.981+0700] {dag.py:4180} INFO - Setting next_dagrun for example_trigger_controller_dag to 2021-01-01 00:00:00+00:00, run_after=2021-01-01 00:00:00+00:00
[2024-12-03T21:22:03.997+0700] {processor.py:208} INFO - Processing /home/tedubuamo/project/venv/lib/python3.12/site-packages/airflow/example_dags/example_trigger_controller_dag.py took 0.067 seconds
[2024-12-03T21:22:57.427+0700] {processor.py:186} INFO - Started process (PID=4265) to work on /home/tedubuamo/project/venv/lib/python3.12/site-packages/airflow/example_dags/example_trigger_controller_dag.py
[2024-12-03T21:22:57.429+0700] {processor.py:914} INFO - Processing file /home/tedubuamo/project/venv/lib/python3.12/site-packages/airflow/example_dags/example_trigger_controller_dag.py for tasks to queue
[2024-12-03T21:22:57.430+0700] {logging_mixin.py:190} INFO - [2024-12-03T21:22:57.430+0700] {dagbag.py:588} INFO - Filling up the DagBag from /home/tedubuamo/project/venv/lib/python3.12/site-packages/airflow/example_dags/example_trigger_controller_dag.py
[2024-12-03T21:22:57.436+0700] {processor.py:925} INFO - DAG(s) 'example_trigger_controller_dag' retrieved from /home/tedubuamo/project/venv/lib/python3.12/site-packages/airflow/example_dags/example_trigger_controller_dag.py
[2024-12-03T21:22:57.446+0700] {logging_mixin.py:190} INFO - [2024-12-03T21:22:57.446+0700] {dag.py:3239} INFO - Sync 1 DAGs
[2024-12-03T21:22:57.460+0700] {logging_mixin.py:190} INFO - [2024-12-03T21:22:57.459+0700] {dag.py:4180} INFO - Setting next_dagrun for example_trigger_controller_dag to 2021-01-01 00:00:00+00:00, run_after=2021-01-01 00:00:00+00:00
[2024-12-03T21:22:57.478+0700] {processor.py:208} INFO - Processing /home/tedubuamo/project/venv/lib/python3.12/site-packages/airflow/example_dags/example_trigger_controller_dag.py took 0.054 seconds
[2024-12-03T21:23:48.717+0700] {processor.py:186} INFO - Started process (PID=4317) to work on /home/tedubuamo/project/venv/lib/python3.12/site-packages/airflow/example_dags/example_trigger_controller_dag.py
[2024-12-03T21:23:48.720+0700] {processor.py:914} INFO - Processing file /home/tedubuamo/project/venv/lib/python3.12/site-packages/airflow/example_dags/example_trigger_controller_dag.py for tasks to queue
[2024-12-03T21:23:48.723+0700] {logging_mixin.py:190} INFO - [2024-12-03T21:23:48.723+0700] {dagbag.py:588} INFO - Filling up the DagBag from /home/tedubuamo/project/venv/lib/python3.12/site-packages/airflow/example_dags/example_trigger_controller_dag.py
[2024-12-03T21:23:48.732+0700] {processor.py:925} INFO - DAG(s) 'example_trigger_controller_dag' retrieved from /home/tedubuamo/project/venv/lib/python3.12/site-packages/airflow/example_dags/example_trigger_controller_dag.py
[2024-12-03T21:23:48.752+0700] {logging_mixin.py:190} INFO - [2024-12-03T21:23:48.751+0700] {dag.py:3239} INFO - Sync 1 DAGs
[2024-12-03T21:23:48.769+0700] {logging_mixin.py:190} INFO - [2024-12-03T21:23:48.769+0700] {dag.py:4180} INFO - Setting next_dagrun for example_trigger_controller_dag to 2021-01-01 00:00:00+00:00, run_after=2021-01-01 00:00:00+00:00
[2024-12-03T21:23:48.789+0700] {processor.py:208} INFO - Processing /home/tedubuamo/project/venv/lib/python3.12/site-packages/airflow/example_dags/example_trigger_controller_dag.py took 0.078 seconds
[2024-12-03T21:24:43.782+0700] {processor.py:186} INFO - Started process (PID=4396) to work on /home/tedubuamo/project/venv/lib/python3.12/site-packages/airflow/example_dags/example_trigger_controller_dag.py
[2024-12-03T21:24:43.783+0700] {processor.py:914} INFO - Processing file /home/tedubuamo/project/venv/lib/python3.12/site-packages/airflow/example_dags/example_trigger_controller_dag.py for tasks to queue
[2024-12-03T21:24:43.785+0700] {logging_mixin.py:190} INFO - [2024-12-03T21:24:43.785+0700] {dagbag.py:588} INFO - Filling up the DagBag from /home/tedubuamo/project/venv/lib/python3.12/site-packages/airflow/example_dags/example_trigger_controller_dag.py
[2024-12-03T21:24:43.792+0700] {processor.py:925} INFO - DAG(s) 'example_trigger_controller_dag' retrieved from /home/tedubuamo/project/venv/lib/python3.12/site-packages/airflow/example_dags/example_trigger_controller_dag.py
[2024-12-03T21:24:43.805+0700] {logging_mixin.py:190} INFO - [2024-12-03T21:24:43.805+0700] {dag.py:3239} INFO - Sync 1 DAGs
[2024-12-03T21:24:43.820+0700] {logging_mixin.py:190} INFO - [2024-12-03T21:24:43.820+0700] {dag.py:4180} INFO - Setting next_dagrun for example_trigger_controller_dag to 2021-01-01 00:00:00+00:00, run_after=2021-01-01 00:00:00+00:00
[2024-12-03T21:24:43.839+0700] {processor.py:208} INFO - Processing /home/tedubuamo/project/venv/lib/python3.12/site-packages/airflow/example_dags/example_trigger_controller_dag.py took 0.062 seconds
[2024-12-03T21:25:40.749+0700] {processor.py:186} INFO - Started process (PID=4479) to work on /home/tedubuamo/project/venv/lib/python3.12/site-packages/airflow/example_dags/example_trigger_controller_dag.py
[2024-12-03T21:25:40.750+0700] {processor.py:914} INFO - Processing file /home/tedubuamo/project/venv/lib/python3.12/site-packages/airflow/example_dags/example_trigger_controller_dag.py for tasks to queue
[2024-12-03T21:25:40.753+0700] {logging_mixin.py:190} INFO - [2024-12-03T21:25:40.752+0700] {dagbag.py:588} INFO - Filling up the DagBag from /home/tedubuamo/project/venv/lib/python3.12/site-packages/airflow/example_dags/example_trigger_controller_dag.py
[2024-12-03T21:25:40.761+0700] {processor.py:925} INFO - DAG(s) 'example_trigger_controller_dag' retrieved from /home/tedubuamo/project/venv/lib/python3.12/site-packages/airflow/example_dags/example_trigger_controller_dag.py
[2024-12-03T21:25:40.779+0700] {logging_mixin.py:190} INFO - [2024-12-03T21:25:40.778+0700] {dag.py:3239} INFO - Sync 1 DAGs
[2024-12-03T21:25:40.799+0700] {logging_mixin.py:190} INFO - [2024-12-03T21:25:40.799+0700] {dag.py:4180} INFO - Setting next_dagrun for example_trigger_controller_dag to 2021-01-01 00:00:00+00:00, run_after=2021-01-01 00:00:00+00:00
[2024-12-03T21:25:40.817+0700] {processor.py:208} INFO - Processing /home/tedubuamo/project/venv/lib/python3.12/site-packages/airflow/example_dags/example_trigger_controller_dag.py took 0.075 seconds
[2024-12-03T21:26:38.413+0700] {processor.py:186} INFO - Started process (PID=4540) to work on /home/tedubuamo/project/venv/lib/python3.12/site-packages/airflow/example_dags/example_trigger_controller_dag.py
[2024-12-03T21:26:38.521+0700] {processor.py:914} INFO - Processing file /home/tedubuamo/project/venv/lib/python3.12/site-packages/airflow/example_dags/example_trigger_controller_dag.py for tasks to queue
[2024-12-03T21:26:38.524+0700] {logging_mixin.py:190} INFO - [2024-12-03T21:26:38.523+0700] {dagbag.py:588} INFO - Filling up the DagBag from /home/tedubuamo/project/venv/lib/python3.12/site-packages/airflow/example_dags/example_trigger_controller_dag.py
[2024-12-03T21:26:38.529+0700] {processor.py:925} INFO - DAG(s) 'example_trigger_controller_dag' retrieved from /home/tedubuamo/project/venv/lib/python3.12/site-packages/airflow/example_dags/example_trigger_controller_dag.py
[2024-12-03T21:26:38.540+0700] {logging_mixin.py:190} INFO - [2024-12-03T21:26:38.540+0700] {dag.py:3239} INFO - Sync 1 DAGs
[2024-12-03T21:26:38.556+0700] {logging_mixin.py:190} INFO - [2024-12-03T21:26:38.556+0700] {dag.py:4180} INFO - Setting next_dagrun for example_trigger_controller_dag to 2021-01-01 00:00:00+00:00, run_after=2021-01-01 00:00:00+00:00
[2024-12-03T21:26:38.626+0700] {processor.py:208} INFO - Processing /home/tedubuamo/project/venv/lib/python3.12/site-packages/airflow/example_dags/example_trigger_controller_dag.py took 0.216 seconds
[2024-12-03T21:27:28.689+0700] {processor.py:186} INFO - Started process (PID=4609) to work on /home/tedubuamo/project/venv/lib/python3.12/site-packages/airflow/example_dags/example_trigger_controller_dag.py
[2024-12-03T21:27:28.691+0700] {processor.py:914} INFO - Processing file /home/tedubuamo/project/venv/lib/python3.12/site-packages/airflow/example_dags/example_trigger_controller_dag.py for tasks to queue
[2024-12-03T21:27:28.692+0700] {logging_mixin.py:190} INFO - [2024-12-03T21:27:28.692+0700] {dagbag.py:588} INFO - Filling up the DagBag from /home/tedubuamo/project/venv/lib/python3.12/site-packages/airflow/example_dags/example_trigger_controller_dag.py
[2024-12-03T21:27:28.698+0700] {processor.py:925} INFO - DAG(s) 'example_trigger_controller_dag' retrieved from /home/tedubuamo/project/venv/lib/python3.12/site-packages/airflow/example_dags/example_trigger_controller_dag.py
[2024-12-03T21:27:28.709+0700] {logging_mixin.py:190} INFO - [2024-12-03T21:27:28.708+0700] {dag.py:3239} INFO - Sync 1 DAGs
[2024-12-03T21:27:28.724+0700] {logging_mixin.py:190} INFO - [2024-12-03T21:27:28.724+0700] {dag.py:4180} INFO - Setting next_dagrun for example_trigger_controller_dag to 2021-01-01 00:00:00+00:00, run_after=2021-01-01 00:00:00+00:00
[2024-12-03T21:27:28.742+0700] {processor.py:208} INFO - Processing /home/tedubuamo/project/venv/lib/python3.12/site-packages/airflow/example_dags/example_trigger_controller_dag.py took 0.057 seconds
[2024-12-03T21:28:24.404+0700] {processor.py:186} INFO - Started process (PID=4671) to work on /home/tedubuamo/project/venv/lib/python3.12/site-packages/airflow/example_dags/example_trigger_controller_dag.py
[2024-12-03T21:28:24.407+0700] {processor.py:914} INFO - Processing file /home/tedubuamo/project/venv/lib/python3.12/site-packages/airflow/example_dags/example_trigger_controller_dag.py for tasks to queue
[2024-12-03T21:28:24.409+0700] {logging_mixin.py:190} INFO - [2024-12-03T21:28:24.408+0700] {dagbag.py:588} INFO - Filling up the DagBag from /home/tedubuamo/project/venv/lib/python3.12/site-packages/airflow/example_dags/example_trigger_controller_dag.py
[2024-12-03T21:28:24.414+0700] {processor.py:925} INFO - DAG(s) 'example_trigger_controller_dag' retrieved from /home/tedubuamo/project/venv/lib/python3.12/site-packages/airflow/example_dags/example_trigger_controller_dag.py
[2024-12-03T21:28:24.425+0700] {logging_mixin.py:190} INFO - [2024-12-03T21:28:24.425+0700] {dag.py:3239} INFO - Sync 1 DAGs
[2024-12-03T21:28:24.440+0700] {logging_mixin.py:190} INFO - [2024-12-03T21:28:24.439+0700] {dag.py:4180} INFO - Setting next_dagrun for example_trigger_controller_dag to 2021-01-01 00:00:00+00:00, run_after=2021-01-01 00:00:00+00:00
[2024-12-03T21:28:24.458+0700] {processor.py:208} INFO - Processing /home/tedubuamo/project/venv/lib/python3.12/site-packages/airflow/example_dags/example_trigger_controller_dag.py took 0.059 seconds
[2024-12-03T21:29:18.476+0700] {processor.py:186} INFO - Started process (PID=4807) to work on /home/tedubuamo/project/venv/lib/python3.12/site-packages/airflow/example_dags/example_trigger_controller_dag.py
[2024-12-03T21:29:18.477+0700] {processor.py:914} INFO - Processing file /home/tedubuamo/project/venv/lib/python3.12/site-packages/airflow/example_dags/example_trigger_controller_dag.py for tasks to queue
[2024-12-03T21:29:18.479+0700] {logging_mixin.py:190} INFO - [2024-12-03T21:29:18.479+0700] {dagbag.py:588} INFO - Filling up the DagBag from /home/tedubuamo/project/venv/lib/python3.12/site-packages/airflow/example_dags/example_trigger_controller_dag.py
[2024-12-03T21:29:18.485+0700] {processor.py:925} INFO - DAG(s) 'example_trigger_controller_dag' retrieved from /home/tedubuamo/project/venv/lib/python3.12/site-packages/airflow/example_dags/example_trigger_controller_dag.py
[2024-12-03T21:29:18.501+0700] {logging_mixin.py:190} INFO - [2024-12-03T21:29:18.500+0700] {dag.py:3239} INFO - Sync 1 DAGs
[2024-12-03T21:29:18.519+0700] {logging_mixin.py:190} INFO - [2024-12-03T21:29:18.519+0700] {dag.py:4180} INFO - Setting next_dagrun for example_trigger_controller_dag to 2021-01-01 00:00:00+00:00, run_after=2021-01-01 00:00:00+00:00
[2024-12-03T21:29:18.546+0700] {processor.py:208} INFO - Processing /home/tedubuamo/project/venv/lib/python3.12/site-packages/airflow/example_dags/example_trigger_controller_dag.py took 0.074 seconds
[2024-12-03T21:30:11.325+0700] {processor.py:186} INFO - Started process (PID=4866) to work on /home/tedubuamo/project/venv/lib/python3.12/site-packages/airflow/example_dags/example_trigger_controller_dag.py
[2024-12-03T21:30:11.328+0700] {processor.py:914} INFO - Processing file /home/tedubuamo/project/venv/lib/python3.12/site-packages/airflow/example_dags/example_trigger_controller_dag.py for tasks to queue
[2024-12-03T21:30:11.331+0700] {logging_mixin.py:190} INFO - [2024-12-03T21:30:11.330+0700] {dagbag.py:588} INFO - Filling up the DagBag from /home/tedubuamo/project/venv/lib/python3.12/site-packages/airflow/example_dags/example_trigger_controller_dag.py
[2024-12-03T21:30:11.337+0700] {processor.py:925} INFO - DAG(s) 'example_trigger_controller_dag' retrieved from /home/tedubuamo/project/venv/lib/python3.12/site-packages/airflow/example_dags/example_trigger_controller_dag.py
[2024-12-03T21:30:11.352+0700] {logging_mixin.py:190} INFO - [2024-12-03T21:30:11.352+0700] {dag.py:3239} INFO - Sync 1 DAGs
[2024-12-03T21:30:11.371+0700] {logging_mixin.py:190} INFO - [2024-12-03T21:30:11.371+0700] {dag.py:4180} INFO - Setting next_dagrun for example_trigger_controller_dag to 2021-01-01 00:00:00+00:00, run_after=2021-01-01 00:00:00+00:00
[2024-12-03T21:30:11.395+0700] {processor.py:208} INFO - Processing /home/tedubuamo/project/venv/lib/python3.12/site-packages/airflow/example_dags/example_trigger_controller_dag.py took 0.075 seconds
[2024-12-03T21:31:06.608+0700] {processor.py:186} INFO - Started process (PID=4931) to work on /home/tedubuamo/project/venv/lib/python3.12/site-packages/airflow/example_dags/example_trigger_controller_dag.py
[2024-12-03T21:31:06.611+0700] {processor.py:914} INFO - Processing file /home/tedubuamo/project/venv/lib/python3.12/site-packages/airflow/example_dags/example_trigger_controller_dag.py for tasks to queue
[2024-12-03T21:31:06.613+0700] {logging_mixin.py:190} INFO - [2024-12-03T21:31:06.613+0700] {dagbag.py:588} INFO - Filling up the DagBag from /home/tedubuamo/project/venv/lib/python3.12/site-packages/airflow/example_dags/example_trigger_controller_dag.py
[2024-12-03T21:31:06.619+0700] {processor.py:925} INFO - DAG(s) 'example_trigger_controller_dag' retrieved from /home/tedubuamo/project/venv/lib/python3.12/site-packages/airflow/example_dags/example_trigger_controller_dag.py
[2024-12-03T21:31:06.631+0700] {logging_mixin.py:190} INFO - [2024-12-03T21:31:06.631+0700] {dag.py:3239} INFO - Sync 1 DAGs
[2024-12-03T21:31:06.648+0700] {logging_mixin.py:190} INFO - [2024-12-03T21:31:06.648+0700] {dag.py:4180} INFO - Setting next_dagrun for example_trigger_controller_dag to 2021-01-01 00:00:00+00:00, run_after=2021-01-01 00:00:00+00:00
[2024-12-03T21:31:06.665+0700] {processor.py:208} INFO - Processing /home/tedubuamo/project/venv/lib/python3.12/site-packages/airflow/example_dags/example_trigger_controller_dag.py took 0.061 seconds
