[2024-12-03T20:46:56.220+0700] {processor.py:186} INFO - Started process (PID=1212) to work on /home/tedubuamo/project/venv/lib/python3.12/site-packages/airflow/example_dags/example_trigger_target_dag.py
[2024-12-03T20:46:56.220+0700] {processor.py:914} INFO - Processing file /home/tedubuamo/project/venv/lib/python3.12/site-packages/airflow/example_dags/example_trigger_target_dag.py for tasks to queue
[2024-12-03T20:46:56.222+0700] {logging_mixin.py:190} INFO - [2024-12-03T20:46:56.222+0700] {dagbag.py:588} INFO - Filling up the DagBag from /home/tedubuamo/project/venv/lib/python3.12/site-packages/airflow/example_dags/example_trigger_target_dag.py
[2024-12-03T20:46:56.229+0700] {processor.py:925} INFO - DAG(s) 'example_trigger_target_dag' retrieved from /home/tedubuamo/project/venv/lib/python3.12/site-packages/airflow/example_dags/example_trigger_target_dag.py
[2024-12-03T20:46:56.237+0700] {logging_mixin.py:190} INFO - [2024-12-03T20:46:56.236+0700] {dag.py:3239} INFO - Sync 1 DAGs
[2024-12-03T20:46:56.246+0700] {logging_mixin.py:190} INFO - [2024-12-03T20:46:56.246+0700] {dag.py:4180} INFO - Setting next_dagrun for example_trigger_target_dag to None, run_after=None
[2024-12-03T20:46:56.269+0700] {processor.py:208} INFO - Processing /home/tedubuamo/project/venv/lib/python3.12/site-packages/airflow/example_dags/example_trigger_target_dag.py took 0.053 seconds
[2024-12-03T20:57:32.453+0700] {processor.py:186} INFO - Started process (PID=1627) to work on /home/tedubuamo/project/venv/lib/python3.12/site-packages/airflow/example_dags/example_trigger_target_dag.py
[2024-12-03T20:57:32.454+0700] {processor.py:914} INFO - Processing file /home/tedubuamo/project/venv/lib/python3.12/site-packages/airflow/example_dags/example_trigger_target_dag.py for tasks to queue
[2024-12-03T20:57:32.457+0700] {logging_mixin.py:190} INFO - [2024-12-03T20:57:32.456+0700] {dagbag.py:588} INFO - Filling up the DagBag from /home/tedubuamo/project/venv/lib/python3.12/site-packages/airflow/example_dags/example_trigger_target_dag.py
[2024-12-03T20:57:32.464+0700] {processor.py:925} INFO - DAG(s) 'example_trigger_target_dag' retrieved from /home/tedubuamo/project/venv/lib/python3.12/site-packages/airflow/example_dags/example_trigger_target_dag.py
[2024-12-03T20:57:32.585+0700] {logging_mixin.py:190} INFO - [2024-12-03T20:57:32.585+0700] {dag.py:3239} INFO - Sync 1 DAGs
[2024-12-03T20:57:32.596+0700] {logging_mixin.py:190} INFO - [2024-12-03T20:57:32.596+0700] {dag.py:4180} INFO - Setting next_dagrun for example_trigger_target_dag to None, run_after=None
[2024-12-03T20:57:32.620+0700] {processor.py:208} INFO - Processing /home/tedubuamo/project/venv/lib/python3.12/site-packages/airflow/example_dags/example_trigger_target_dag.py took 0.172 seconds
[2024-12-03T20:58:30.250+0700] {processor.py:186} INFO - Started process (PID=1684) to work on /home/tedubuamo/project/venv/lib/python3.12/site-packages/airflow/example_dags/example_trigger_target_dag.py
[2024-12-03T20:58:30.252+0700] {processor.py:914} INFO - Processing file /home/tedubuamo/project/venv/lib/python3.12/site-packages/airflow/example_dags/example_trigger_target_dag.py for tasks to queue
[2024-12-03T20:58:30.254+0700] {logging_mixin.py:190} INFO - [2024-12-03T20:58:30.254+0700] {dagbag.py:588} INFO - Filling up the DagBag from /home/tedubuamo/project/venv/lib/python3.12/site-packages/airflow/example_dags/example_trigger_target_dag.py
[2024-12-03T20:58:30.260+0700] {processor.py:925} INFO - DAG(s) 'example_trigger_target_dag' retrieved from /home/tedubuamo/project/venv/lib/python3.12/site-packages/airflow/example_dags/example_trigger_target_dag.py
[2024-12-03T20:58:30.269+0700] {logging_mixin.py:190} INFO - [2024-12-03T20:58:30.269+0700] {dag.py:3239} INFO - Sync 1 DAGs
[2024-12-03T20:58:30.277+0700] {logging_mixin.py:190} INFO - [2024-12-03T20:58:30.277+0700] {dag.py:4180} INFO - Setting next_dagrun for example_trigger_target_dag to None, run_after=None
[2024-12-03T20:58:30.293+0700] {processor.py:208} INFO - Processing /home/tedubuamo/project/venv/lib/python3.12/site-packages/airflow/example_dags/example_trigger_target_dag.py took 0.047 seconds
[2024-12-03T20:59:22.831+0700] {processor.py:186} INFO - Started process (PID=1739) to work on /home/tedubuamo/project/venv/lib/python3.12/site-packages/airflow/example_dags/example_trigger_target_dag.py
[2024-12-03T20:59:22.943+0700] {processor.py:914} INFO - Processing file /home/tedubuamo/project/venv/lib/python3.12/site-packages/airflow/example_dags/example_trigger_target_dag.py for tasks to queue
[2024-12-03T20:59:22.945+0700] {logging_mixin.py:190} INFO - [2024-12-03T20:59:22.945+0700] {dagbag.py:588} INFO - Filling up the DagBag from /home/tedubuamo/project/venv/lib/python3.12/site-packages/airflow/example_dags/example_trigger_target_dag.py
[2024-12-03T20:59:22.952+0700] {processor.py:925} INFO - DAG(s) 'example_trigger_target_dag' retrieved from /home/tedubuamo/project/venv/lib/python3.12/site-packages/airflow/example_dags/example_trigger_target_dag.py
[2024-12-03T20:59:22.965+0700] {logging_mixin.py:190} INFO - [2024-12-03T20:59:22.965+0700] {dag.py:3239} INFO - Sync 1 DAGs
[2024-12-03T20:59:22.973+0700] {logging_mixin.py:190} INFO - [2024-12-03T20:59:22.973+0700] {dag.py:4180} INFO - Setting next_dagrun for example_trigger_target_dag to None, run_after=None
[2024-12-03T20:59:23.048+0700] {processor.py:208} INFO - Processing /home/tedubuamo/project/venv/lib/python3.12/site-packages/airflow/example_dags/example_trigger_target_dag.py took 0.221 seconds
[2024-12-03T21:00:13.179+0700] {processor.py:186} INFO - Started process (PID=1789) to work on /home/tedubuamo/project/venv/lib/python3.12/site-packages/airflow/example_dags/example_trigger_target_dag.py
[2024-12-03T21:00:13.180+0700] {processor.py:914} INFO - Processing file /home/tedubuamo/project/venv/lib/python3.12/site-packages/airflow/example_dags/example_trigger_target_dag.py for tasks to queue
[2024-12-03T21:00:13.182+0700] {logging_mixin.py:190} INFO - [2024-12-03T21:00:13.182+0700] {dagbag.py:588} INFO - Filling up the DagBag from /home/tedubuamo/project/venv/lib/python3.12/site-packages/airflow/example_dags/example_trigger_target_dag.py
[2024-12-03T21:00:13.188+0700] {processor.py:925} INFO - DAG(s) 'example_trigger_target_dag' retrieved from /home/tedubuamo/project/venv/lib/python3.12/site-packages/airflow/example_dags/example_trigger_target_dag.py
[2024-12-03T21:00:13.197+0700] {logging_mixin.py:190} INFO - [2024-12-03T21:00:13.197+0700] {dag.py:3239} INFO - Sync 1 DAGs
[2024-12-03T21:00:13.206+0700] {logging_mixin.py:190} INFO - [2024-12-03T21:00:13.206+0700] {dag.py:4180} INFO - Setting next_dagrun for example_trigger_target_dag to None, run_after=None
[2024-12-03T21:00:13.224+0700] {processor.py:208} INFO - Processing /home/tedubuamo/project/venv/lib/python3.12/site-packages/airflow/example_dags/example_trigger_target_dag.py took 0.050 seconds
[2024-12-03T21:01:04.489+0700] {processor.py:186} INFO - Started process (PID=1843) to work on /home/tedubuamo/project/venv/lib/python3.12/site-packages/airflow/example_dags/example_trigger_target_dag.py
[2024-12-03T21:01:04.490+0700] {processor.py:914} INFO - Processing file /home/tedubuamo/project/venv/lib/python3.12/site-packages/airflow/example_dags/example_trigger_target_dag.py for tasks to queue
[2024-12-03T21:01:04.492+0700] {logging_mixin.py:190} INFO - [2024-12-03T21:01:04.491+0700] {dagbag.py:588} INFO - Filling up the DagBag from /home/tedubuamo/project/venv/lib/python3.12/site-packages/airflow/example_dags/example_trigger_target_dag.py
[2024-12-03T21:01:04.498+0700] {processor.py:925} INFO - DAG(s) 'example_trigger_target_dag' retrieved from /home/tedubuamo/project/venv/lib/python3.12/site-packages/airflow/example_dags/example_trigger_target_dag.py
[2024-12-03T21:01:04.509+0700] {logging_mixin.py:190} INFO - [2024-12-03T21:01:04.509+0700] {dag.py:3239} INFO - Sync 1 DAGs
[2024-12-03T21:01:04.518+0700] {logging_mixin.py:190} INFO - [2024-12-03T21:01:04.517+0700] {dag.py:4180} INFO - Setting next_dagrun for example_trigger_target_dag to None, run_after=None
[2024-12-03T21:01:04.534+0700] {processor.py:208} INFO - Processing /home/tedubuamo/project/venv/lib/python3.12/site-packages/airflow/example_dags/example_trigger_target_dag.py took 0.048 seconds
[2024-12-03T21:05:01.929+0700] {processor.py:186} INFO - Started process (PID=2003) to work on /home/tedubuamo/project/venv/lib/python3.12/site-packages/airflow/example_dags/example_trigger_target_dag.py
[2024-12-03T21:05:01.930+0700] {processor.py:914} INFO - Processing file /home/tedubuamo/project/venv/lib/python3.12/site-packages/airflow/example_dags/example_trigger_target_dag.py for tasks to queue
[2024-12-03T21:05:01.932+0700] {logging_mixin.py:190} INFO - [2024-12-03T21:05:01.932+0700] {dagbag.py:588} INFO - Filling up the DagBag from /home/tedubuamo/project/venv/lib/python3.12/site-packages/airflow/example_dags/example_trigger_target_dag.py
[2024-12-03T21:05:01.937+0700] {processor.py:925} INFO - DAG(s) 'example_trigger_target_dag' retrieved from /home/tedubuamo/project/venv/lib/python3.12/site-packages/airflow/example_dags/example_trigger_target_dag.py
[2024-12-03T21:05:01.951+0700] {logging_mixin.py:190} INFO - [2024-12-03T21:05:01.951+0700] {dag.py:3239} INFO - Sync 1 DAGs
[2024-12-03T21:05:01.959+0700] {logging_mixin.py:190} INFO - [2024-12-03T21:05:01.959+0700] {dag.py:4180} INFO - Setting next_dagrun for example_trigger_target_dag to None, run_after=None
[2024-12-03T21:05:01.981+0700] {processor.py:208} INFO - Processing /home/tedubuamo/project/venv/lib/python3.12/site-packages/airflow/example_dags/example_trigger_target_dag.py took 0.057 seconds
[2024-12-03T21:05:55.110+0700] {processor.py:186} INFO - Started process (PID=2140) to work on /home/tedubuamo/project/venv/lib/python3.12/site-packages/airflow/example_dags/example_trigger_target_dag.py
[2024-12-03T21:05:55.112+0700] {processor.py:914} INFO - Processing file /home/tedubuamo/project/venv/lib/python3.12/site-packages/airflow/example_dags/example_trigger_target_dag.py for tasks to queue
[2024-12-03T21:05:55.113+0700] {logging_mixin.py:190} INFO - [2024-12-03T21:05:55.113+0700] {dagbag.py:588} INFO - Filling up the DagBag from /home/tedubuamo/project/venv/lib/python3.12/site-packages/airflow/example_dags/example_trigger_target_dag.py
[2024-12-03T21:05:55.121+0700] {processor.py:925} INFO - DAG(s) 'example_trigger_target_dag' retrieved from /home/tedubuamo/project/venv/lib/python3.12/site-packages/airflow/example_dags/example_trigger_target_dag.py
[2024-12-03T21:05:55.134+0700] {logging_mixin.py:190} INFO - [2024-12-03T21:05:55.133+0700] {dag.py:3239} INFO - Sync 1 DAGs
[2024-12-03T21:05:55.143+0700] {logging_mixin.py:190} INFO - [2024-12-03T21:05:55.143+0700] {dag.py:4180} INFO - Setting next_dagrun for example_trigger_target_dag to None, run_after=None
[2024-12-03T21:05:55.160+0700] {processor.py:208} INFO - Processing /home/tedubuamo/project/venv/lib/python3.12/site-packages/airflow/example_dags/example_trigger_target_dag.py took 0.054 seconds
[2024-12-03T21:05:56.700+0700] {processor.py:186} INFO - Started process (PID=2143) to work on /home/tedubuamo/project/venv/lib/python3.12/site-packages/airflow/example_dags/example_trigger_target_dag.py
[2024-12-03T21:05:56.701+0700] {processor.py:914} INFO - Processing file /home/tedubuamo/project/venv/lib/python3.12/site-packages/airflow/example_dags/example_trigger_target_dag.py for tasks to queue
[2024-12-03T21:05:56.703+0700] {logging_mixin.py:190} INFO - [2024-12-03T21:05:56.703+0700] {dagbag.py:588} INFO - Filling up the DagBag from /home/tedubuamo/project/venv/lib/python3.12/site-packages/airflow/example_dags/example_trigger_target_dag.py
[2024-12-03T21:05:56.711+0700] {processor.py:925} INFO - DAG(s) 'example_trigger_target_dag' retrieved from /home/tedubuamo/project/venv/lib/python3.12/site-packages/airflow/example_dags/example_trigger_target_dag.py
[2024-12-03T21:05:56.730+0700] {logging_mixin.py:190} INFO - [2024-12-03T21:05:56.729+0700] {dag.py:3239} INFO - Sync 1 DAGs
[2024-12-03T21:05:56.740+0700] {logging_mixin.py:190} INFO - [2024-12-03T21:05:56.740+0700] {dag.py:4180} INFO - Setting next_dagrun for example_trigger_target_dag to None, run_after=None
[2024-12-03T21:05:56.761+0700] {processor.py:208} INFO - Processing /home/tedubuamo/project/venv/lib/python3.12/site-packages/airflow/example_dags/example_trigger_target_dag.py took 0.064 seconds
[2024-12-03T21:06:47.835+0700] {processor.py:186} INFO - Started process (PID=2248) to work on /home/tedubuamo/project/venv/lib/python3.12/site-packages/airflow/example_dags/example_trigger_target_dag.py
[2024-12-03T21:06:47.836+0700] {processor.py:914} INFO - Processing file /home/tedubuamo/project/venv/lib/python3.12/site-packages/airflow/example_dags/example_trigger_target_dag.py for tasks to queue
[2024-12-03T21:06:47.838+0700] {logging_mixin.py:190} INFO - [2024-12-03T21:06:47.838+0700] {dagbag.py:588} INFO - Filling up the DagBag from /home/tedubuamo/project/venv/lib/python3.12/site-packages/airflow/example_dags/example_trigger_target_dag.py
[2024-12-03T21:06:47.844+0700] {processor.py:925} INFO - DAG(s) 'example_trigger_target_dag' retrieved from /home/tedubuamo/project/venv/lib/python3.12/site-packages/airflow/example_dags/example_trigger_target_dag.py
[2024-12-03T21:06:47.855+0700] {logging_mixin.py:190} INFO - [2024-12-03T21:06:47.854+0700] {dag.py:3239} INFO - Sync 1 DAGs
[2024-12-03T21:06:47.863+0700] {logging_mixin.py:190} INFO - [2024-12-03T21:06:47.863+0700] {dag.py:4180} INFO - Setting next_dagrun for example_trigger_target_dag to None, run_after=None
[2024-12-03T21:06:47.880+0700] {processor.py:208} INFO - Processing /home/tedubuamo/project/venv/lib/python3.12/site-packages/airflow/example_dags/example_trigger_target_dag.py took 0.049 seconds
[2024-12-03T21:06:52.147+0700] {processor.py:186} INFO - Started process (PID=2258) to work on /home/tedubuamo/project/venv/lib/python3.12/site-packages/airflow/example_dags/example_trigger_target_dag.py
[2024-12-03T21:06:52.148+0700] {processor.py:914} INFO - Processing file /home/tedubuamo/project/venv/lib/python3.12/site-packages/airflow/example_dags/example_trigger_target_dag.py for tasks to queue
[2024-12-03T21:06:52.150+0700] {logging_mixin.py:190} INFO - [2024-12-03T21:06:52.150+0700] {dagbag.py:588} INFO - Filling up the DagBag from /home/tedubuamo/project/venv/lib/python3.12/site-packages/airflow/example_dags/example_trigger_target_dag.py
[2024-12-03T21:06:52.156+0700] {processor.py:925} INFO - DAG(s) 'example_trigger_target_dag' retrieved from /home/tedubuamo/project/venv/lib/python3.12/site-packages/airflow/example_dags/example_trigger_target_dag.py
[2024-12-03T21:06:52.166+0700] {logging_mixin.py:190} INFO - [2024-12-03T21:06:52.166+0700] {dag.py:3239} INFO - Sync 1 DAGs
[2024-12-03T21:06:52.174+0700] {logging_mixin.py:190} INFO - [2024-12-03T21:06:52.174+0700] {dag.py:4180} INFO - Setting next_dagrun for example_trigger_target_dag to None, run_after=None
[2024-12-03T21:06:52.191+0700] {processor.py:208} INFO - Processing /home/tedubuamo/project/venv/lib/python3.12/site-packages/airflow/example_dags/example_trigger_target_dag.py took 0.048 seconds
[2024-12-03T21:07:39.672+0700] {processor.py:186} INFO - Started process (PID=2451) to work on /home/tedubuamo/project/venv/lib/python3.12/site-packages/airflow/example_dags/example_trigger_target_dag.py
[2024-12-03T21:07:39.674+0700] {processor.py:914} INFO - Processing file /home/tedubuamo/project/venv/lib/python3.12/site-packages/airflow/example_dags/example_trigger_target_dag.py for tasks to queue
[2024-12-03T21:07:39.676+0700] {logging_mixin.py:190} INFO - [2024-12-03T21:07:39.676+0700] {dagbag.py:588} INFO - Filling up the DagBag from /home/tedubuamo/project/venv/lib/python3.12/site-packages/airflow/example_dags/example_trigger_target_dag.py
[2024-12-03T21:07:39.684+0700] {processor.py:925} INFO - DAG(s) 'example_trigger_target_dag' retrieved from /home/tedubuamo/project/venv/lib/python3.12/site-packages/airflow/example_dags/example_trigger_target_dag.py
[2024-12-03T21:07:39.697+0700] {logging_mixin.py:190} INFO - [2024-12-03T21:07:39.696+0700] {dag.py:3239} INFO - Sync 1 DAGs
[2024-12-03T21:07:39.706+0700] {logging_mixin.py:190} INFO - [2024-12-03T21:07:39.706+0700] {dag.py:4180} INFO - Setting next_dagrun for example_trigger_target_dag to None, run_after=None
[2024-12-03T21:07:39.730+0700] {processor.py:208} INFO - Processing /home/tedubuamo/project/venv/lib/python3.12/site-packages/airflow/example_dags/example_trigger_target_dag.py took 0.062 seconds
[2024-12-03T21:07:42.459+0700] {processor.py:186} INFO - Started process (PID=2456) to work on /home/tedubuamo/project/venv/lib/python3.12/site-packages/airflow/example_dags/example_trigger_target_dag.py
[2024-12-03T21:07:42.463+0700] {processor.py:914} INFO - Processing file /home/tedubuamo/project/venv/lib/python3.12/site-packages/airflow/example_dags/example_trigger_target_dag.py for tasks to queue
[2024-12-03T21:07:42.465+0700] {logging_mixin.py:190} INFO - [2024-12-03T21:07:42.465+0700] {dagbag.py:588} INFO - Filling up the DagBag from /home/tedubuamo/project/venv/lib/python3.12/site-packages/airflow/example_dags/example_trigger_target_dag.py
[2024-12-03T21:07:42.471+0700] {processor.py:925} INFO - DAG(s) 'example_trigger_target_dag' retrieved from /home/tedubuamo/project/venv/lib/python3.12/site-packages/airflow/example_dags/example_trigger_target_dag.py
[2024-12-03T21:07:42.482+0700] {logging_mixin.py:190} INFO - [2024-12-03T21:07:42.481+0700] {dag.py:3239} INFO - Sync 1 DAGs
[2024-12-03T21:07:42.491+0700] {logging_mixin.py:190} INFO - [2024-12-03T21:07:42.491+0700] {dag.py:4180} INFO - Setting next_dagrun for example_trigger_target_dag to None, run_after=None
[2024-12-03T21:07:42.508+0700] {processor.py:208} INFO - Processing /home/tedubuamo/project/venv/lib/python3.12/site-packages/airflow/example_dags/example_trigger_target_dag.py took 0.054 seconds
[2024-12-03T21:08:30.931+0700] {processor.py:186} INFO - Started process (PID=2556) to work on /home/tedubuamo/project/venv/lib/python3.12/site-packages/airflow/example_dags/example_trigger_target_dag.py
[2024-12-03T21:08:30.932+0700] {processor.py:914} INFO - Processing file /home/tedubuamo/project/venv/lib/python3.12/site-packages/airflow/example_dags/example_trigger_target_dag.py for tasks to queue
[2024-12-03T21:08:30.935+0700] {logging_mixin.py:190} INFO - [2024-12-03T21:08:30.934+0700] {dagbag.py:588} INFO - Filling up the DagBag from /home/tedubuamo/project/venv/lib/python3.12/site-packages/airflow/example_dags/example_trigger_target_dag.py
[2024-12-03T21:08:30.943+0700] {processor.py:925} INFO - DAG(s) 'example_trigger_target_dag' retrieved from /home/tedubuamo/project/venv/lib/python3.12/site-packages/airflow/example_dags/example_trigger_target_dag.py
[2024-12-03T21:08:30.955+0700] {logging_mixin.py:190} INFO - [2024-12-03T21:08:30.954+0700] {dag.py:3239} INFO - Sync 1 DAGs
[2024-12-03T21:08:30.964+0700] {logging_mixin.py:190} INFO - [2024-12-03T21:08:30.964+0700] {dag.py:4180} INFO - Setting next_dagrun for example_trigger_target_dag to None, run_after=None
[2024-12-03T21:08:30.985+0700] {processor.py:208} INFO - Processing /home/tedubuamo/project/venv/lib/python3.12/site-packages/airflow/example_dags/example_trigger_target_dag.py took 0.060 seconds
[2024-12-03T21:08:32.568+0700] {processor.py:186} INFO - Started process (PID=2559) to work on /home/tedubuamo/project/venv/lib/python3.12/site-packages/airflow/example_dags/example_trigger_target_dag.py
[2024-12-03T21:08:32.569+0700] {processor.py:914} INFO - Processing file /home/tedubuamo/project/venv/lib/python3.12/site-packages/airflow/example_dags/example_trigger_target_dag.py for tasks to queue
[2024-12-03T21:08:32.573+0700] {logging_mixin.py:190} INFO - [2024-12-03T21:08:32.572+0700] {dagbag.py:588} INFO - Filling up the DagBag from /home/tedubuamo/project/venv/lib/python3.12/site-packages/airflow/example_dags/example_trigger_target_dag.py
[2024-12-03T21:08:32.585+0700] {processor.py:925} INFO - DAG(s) 'example_trigger_target_dag' retrieved from /home/tedubuamo/project/venv/lib/python3.12/site-packages/airflow/example_dags/example_trigger_target_dag.py
[2024-12-03T21:08:32.602+0700] {logging_mixin.py:190} INFO - [2024-12-03T21:08:32.602+0700] {dag.py:3239} INFO - Sync 1 DAGs
[2024-12-03T21:08:32.616+0700] {logging_mixin.py:190} INFO - [2024-12-03T21:08:32.615+0700] {dag.py:4180} INFO - Setting next_dagrun for example_trigger_target_dag to None, run_after=None
[2024-12-03T21:08:32.654+0700] {processor.py:208} INFO - Processing /home/tedubuamo/project/venv/lib/python3.12/site-packages/airflow/example_dags/example_trigger_target_dag.py took 0.094 seconds
[2024-12-03T21:09:23.067+0700] {processor.py:186} INFO - Started process (PID=2663) to work on /home/tedubuamo/project/venv/lib/python3.12/site-packages/airflow/example_dags/example_trigger_target_dag.py
[2024-12-03T21:09:23.071+0700] {processor.py:914} INFO - Processing file /home/tedubuamo/project/venv/lib/python3.12/site-packages/airflow/example_dags/example_trigger_target_dag.py for tasks to queue
[2024-12-03T21:09:23.074+0700] {logging_mixin.py:190} INFO - [2024-12-03T21:09:23.073+0700] {dagbag.py:588} INFO - Filling up the DagBag from /home/tedubuamo/project/venv/lib/python3.12/site-packages/airflow/example_dags/example_trigger_target_dag.py
[2024-12-03T21:09:23.081+0700] {processor.py:925} INFO - DAG(s) 'example_trigger_target_dag' retrieved from /home/tedubuamo/project/venv/lib/python3.12/site-packages/airflow/example_dags/example_trigger_target_dag.py
[2024-12-03T21:09:23.091+0700] {logging_mixin.py:190} INFO - [2024-12-03T21:09:23.091+0700] {dag.py:3239} INFO - Sync 1 DAGs
[2024-12-03T21:09:23.100+0700] {logging_mixin.py:190} INFO - [2024-12-03T21:09:23.099+0700] {dag.py:4180} INFO - Setting next_dagrun for example_trigger_target_dag to None, run_after=None
[2024-12-03T21:09:23.117+0700] {processor.py:208} INFO - Processing /home/tedubuamo/project/venv/lib/python3.12/site-packages/airflow/example_dags/example_trigger_target_dag.py took 0.054 seconds
[2024-12-03T21:09:25.526+0700] {processor.py:186} INFO - Started process (PID=2668) to work on /home/tedubuamo/project/venv/lib/python3.12/site-packages/airflow/example_dags/example_trigger_target_dag.py
[2024-12-03T21:09:25.527+0700] {processor.py:914} INFO - Processing file /home/tedubuamo/project/venv/lib/python3.12/site-packages/airflow/example_dags/example_trigger_target_dag.py for tasks to queue
[2024-12-03T21:09:25.528+0700] {logging_mixin.py:190} INFO - [2024-12-03T21:09:25.528+0700] {dagbag.py:588} INFO - Filling up the DagBag from /home/tedubuamo/project/venv/lib/python3.12/site-packages/airflow/example_dags/example_trigger_target_dag.py
[2024-12-03T21:09:25.534+0700] {processor.py:925} INFO - DAG(s) 'example_trigger_target_dag' retrieved from /home/tedubuamo/project/venv/lib/python3.12/site-packages/airflow/example_dags/example_trigger_target_dag.py
[2024-12-03T21:09:25.544+0700] {logging_mixin.py:190} INFO - [2024-12-03T21:09:25.544+0700] {dag.py:3239} INFO - Sync 1 DAGs
[2024-12-03T21:09:25.553+0700] {logging_mixin.py:190} INFO - [2024-12-03T21:09:25.553+0700] {dag.py:4180} INFO - Setting next_dagrun for example_trigger_target_dag to None, run_after=None
[2024-12-03T21:09:25.574+0700] {processor.py:208} INFO - Processing /home/tedubuamo/project/venv/lib/python3.12/site-packages/airflow/example_dags/example_trigger_target_dag.py took 0.052 seconds
[2024-12-03T21:10:14.503+0700] {processor.py:186} INFO - Started process (PID=2769) to work on /home/tedubuamo/project/venv/lib/python3.12/site-packages/airflow/example_dags/example_trigger_target_dag.py
[2024-12-03T21:10:14.506+0700] {processor.py:914} INFO - Processing file /home/tedubuamo/project/venv/lib/python3.12/site-packages/airflow/example_dags/example_trigger_target_dag.py for tasks to queue
[2024-12-03T21:10:14.508+0700] {logging_mixin.py:190} INFO - [2024-12-03T21:10:14.507+0700] {dagbag.py:588} INFO - Filling up the DagBag from /home/tedubuamo/project/venv/lib/python3.12/site-packages/airflow/example_dags/example_trigger_target_dag.py
[2024-12-03T21:10:14.513+0700] {processor.py:925} INFO - DAG(s) 'example_trigger_target_dag' retrieved from /home/tedubuamo/project/venv/lib/python3.12/site-packages/airflow/example_dags/example_trigger_target_dag.py
[2024-12-03T21:10:14.524+0700] {logging_mixin.py:190} INFO - [2024-12-03T21:10:14.523+0700] {dag.py:3239} INFO - Sync 1 DAGs
[2024-12-03T21:10:14.533+0700] {logging_mixin.py:190} INFO - [2024-12-03T21:10:14.533+0700] {dag.py:4180} INFO - Setting next_dagrun for example_trigger_target_dag to None, run_after=None
[2024-12-03T21:10:14.550+0700] {processor.py:208} INFO - Processing /home/tedubuamo/project/venv/lib/python3.12/site-packages/airflow/example_dags/example_trigger_target_dag.py took 0.052 seconds
[2024-12-03T21:10:14.657+0700] {processor.py:186} INFO - Started process (PID=2770) to work on /home/tedubuamo/project/venv/lib/python3.12/site-packages/airflow/example_dags/example_trigger_target_dag.py
[2024-12-03T21:10:14.658+0700] {processor.py:914} INFO - Processing file /home/tedubuamo/project/venv/lib/python3.12/site-packages/airflow/example_dags/example_trigger_target_dag.py for tasks to queue
[2024-12-03T21:10:14.660+0700] {logging_mixin.py:190} INFO - [2024-12-03T21:10:14.659+0700] {dagbag.py:588} INFO - Filling up the DagBag from /home/tedubuamo/project/venv/lib/python3.12/site-packages/airflow/example_dags/example_trigger_target_dag.py
[2024-12-03T21:10:14.665+0700] {processor.py:925} INFO - DAG(s) 'example_trigger_target_dag' retrieved from /home/tedubuamo/project/venv/lib/python3.12/site-packages/airflow/example_dags/example_trigger_target_dag.py
[2024-12-03T21:10:14.676+0700] {logging_mixin.py:190} INFO - [2024-12-03T21:10:14.675+0700] {dag.py:3239} INFO - Sync 1 DAGs
[2024-12-03T21:10:14.684+0700] {logging_mixin.py:190} INFO - [2024-12-03T21:10:14.684+0700] {dag.py:4180} INFO - Setting next_dagrun for example_trigger_target_dag to None, run_after=None
[2024-12-03T21:10:14.704+0700] {processor.py:208} INFO - Processing /home/tedubuamo/project/venv/lib/python3.12/site-packages/airflow/example_dags/example_trigger_target_dag.py took 0.051 seconds
[2024-12-03T21:11:05.096+0700] {processor.py:186} INFO - Started process (PID=2873) to work on /home/tedubuamo/project/venv/lib/python3.12/site-packages/airflow/example_dags/example_trigger_target_dag.py
[2024-12-03T21:11:05.099+0700] {processor.py:914} INFO - Processing file /home/tedubuamo/project/venv/lib/python3.12/site-packages/airflow/example_dags/example_trigger_target_dag.py for tasks to queue
[2024-12-03T21:11:05.102+0700] {logging_mixin.py:190} INFO - [2024-12-03T21:11:05.102+0700] {dagbag.py:588} INFO - Filling up the DagBag from /home/tedubuamo/project/venv/lib/python3.12/site-packages/airflow/example_dags/example_trigger_target_dag.py
[2024-12-03T21:11:05.108+0700] {processor.py:925} INFO - DAG(s) 'example_trigger_target_dag' retrieved from /home/tedubuamo/project/venv/lib/python3.12/site-packages/airflow/example_dags/example_trigger_target_dag.py
[2024-12-03T21:11:05.120+0700] {logging_mixin.py:190} INFO - [2024-12-03T21:11:05.120+0700] {dag.py:3239} INFO - Sync 1 DAGs
[2024-12-03T21:11:05.133+0700] {logging_mixin.py:190} INFO - [2024-12-03T21:11:05.133+0700] {dag.py:4180} INFO - Setting next_dagrun for example_trigger_target_dag to None, run_after=None
[2024-12-03T21:11:05.154+0700] {processor.py:208} INFO - Processing /home/tedubuamo/project/venv/lib/python3.12/site-packages/airflow/example_dags/example_trigger_target_dag.py took 0.064 seconds
[2024-12-03T21:11:07.377+0700] {processor.py:186} INFO - Started process (PID=2877) to work on /home/tedubuamo/project/venv/lib/python3.12/site-packages/airflow/example_dags/example_trigger_target_dag.py
[2024-12-03T21:11:07.378+0700] {processor.py:914} INFO - Processing file /home/tedubuamo/project/venv/lib/python3.12/site-packages/airflow/example_dags/example_trigger_target_dag.py for tasks to queue
[2024-12-03T21:11:07.381+0700] {logging_mixin.py:190} INFO - [2024-12-03T21:11:07.380+0700] {dagbag.py:588} INFO - Filling up the DagBag from /home/tedubuamo/project/venv/lib/python3.12/site-packages/airflow/example_dags/example_trigger_target_dag.py
[2024-12-03T21:11:07.388+0700] {processor.py:925} INFO - DAG(s) 'example_trigger_target_dag' retrieved from /home/tedubuamo/project/venv/lib/python3.12/site-packages/airflow/example_dags/example_trigger_target_dag.py
[2024-12-03T21:11:07.398+0700] {logging_mixin.py:190} INFO - [2024-12-03T21:11:07.397+0700] {dag.py:3239} INFO - Sync 1 DAGs
[2024-12-03T21:11:07.405+0700] {logging_mixin.py:190} INFO - [2024-12-03T21:11:07.405+0700] {dag.py:4180} INFO - Setting next_dagrun for example_trigger_target_dag to None, run_after=None
[2024-12-03T21:11:07.422+0700] {processor.py:208} INFO - Processing /home/tedubuamo/project/venv/lib/python3.12/site-packages/airflow/example_dags/example_trigger_target_dag.py took 0.052 seconds
[2024-12-03T21:11:59.251+0700] {processor.py:186} INFO - Started process (PID=2990) to work on /home/tedubuamo/project/venv/lib/python3.12/site-packages/airflow/example_dags/example_trigger_target_dag.py
[2024-12-03T21:11:59.254+0700] {processor.py:914} INFO - Processing file /home/tedubuamo/project/venv/lib/python3.12/site-packages/airflow/example_dags/example_trigger_target_dag.py for tasks to queue
[2024-12-03T21:11:59.256+0700] {logging_mixin.py:190} INFO - [2024-12-03T21:11:59.256+0700] {dagbag.py:588} INFO - Filling up the DagBag from /home/tedubuamo/project/venv/lib/python3.12/site-packages/airflow/example_dags/example_trigger_target_dag.py
[2024-12-03T21:11:59.262+0700] {processor.py:925} INFO - DAG(s) 'example_trigger_target_dag' retrieved from /home/tedubuamo/project/venv/lib/python3.12/site-packages/airflow/example_dags/example_trigger_target_dag.py
[2024-12-03T21:11:59.271+0700] {logging_mixin.py:190} INFO - [2024-12-03T21:11:59.271+0700] {dag.py:3239} INFO - Sync 1 DAGs
[2024-12-03T21:11:59.280+0700] {logging_mixin.py:190} INFO - [2024-12-03T21:11:59.280+0700] {dag.py:4180} INFO - Setting next_dagrun for example_trigger_target_dag to None, run_after=None
[2024-12-03T21:11:59.296+0700] {processor.py:208} INFO - Processing /home/tedubuamo/project/venv/lib/python3.12/site-packages/airflow/example_dags/example_trigger_target_dag.py took 0.050 seconds
[2024-12-03T21:12:01.117+0700] {processor.py:186} INFO - Started process (PID=2993) to work on /home/tedubuamo/project/venv/lib/python3.12/site-packages/airflow/example_dags/example_trigger_target_dag.py
[2024-12-03T21:12:01.117+0700] {processor.py:914} INFO - Processing file /home/tedubuamo/project/venv/lib/python3.12/site-packages/airflow/example_dags/example_trigger_target_dag.py for tasks to queue
[2024-12-03T21:12:01.119+0700] {logging_mixin.py:190} INFO - [2024-12-03T21:12:01.119+0700] {dagbag.py:588} INFO - Filling up the DagBag from /home/tedubuamo/project/venv/lib/python3.12/site-packages/airflow/example_dags/example_trigger_target_dag.py
[2024-12-03T21:12:01.126+0700] {processor.py:925} INFO - DAG(s) 'example_trigger_target_dag' retrieved from /home/tedubuamo/project/venv/lib/python3.12/site-packages/airflow/example_dags/example_trigger_target_dag.py
[2024-12-03T21:12:01.138+0700] {logging_mixin.py:190} INFO - [2024-12-03T21:12:01.138+0700] {dag.py:3239} INFO - Sync 1 DAGs
[2024-12-03T21:12:01.148+0700] {logging_mixin.py:190} INFO - [2024-12-03T21:12:01.147+0700] {dag.py:4180} INFO - Setting next_dagrun for example_trigger_target_dag to None, run_after=None
[2024-12-03T21:12:01.166+0700] {processor.py:208} INFO - Processing /home/tedubuamo/project/venv/lib/python3.12/site-packages/airflow/example_dags/example_trigger_target_dag.py took 0.053 seconds
[2024-12-03T21:12:48.090+0700] {processor.py:186} INFO - Started process (PID=3119) to work on /home/tedubuamo/project/venv/lib/python3.12/site-packages/airflow/example_dags/example_trigger_target_dag.py
[2024-12-03T21:12:48.091+0700] {processor.py:914} INFO - Processing file /home/tedubuamo/project/venv/lib/python3.12/site-packages/airflow/example_dags/example_trigger_target_dag.py for tasks to queue
[2024-12-03T21:12:48.093+0700] {logging_mixin.py:190} INFO - [2024-12-03T21:12:48.092+0700] {dagbag.py:588} INFO - Filling up the DagBag from /home/tedubuamo/project/venv/lib/python3.12/site-packages/airflow/example_dags/example_trigger_target_dag.py
[2024-12-03T21:12:48.099+0700] {processor.py:925} INFO - DAG(s) 'example_trigger_target_dag' retrieved from /home/tedubuamo/project/venv/lib/python3.12/site-packages/airflow/example_dags/example_trigger_target_dag.py
[2024-12-03T21:12:48.108+0700] {logging_mixin.py:190} INFO - [2024-12-03T21:12:48.108+0700] {dag.py:3239} INFO - Sync 1 DAGs
[2024-12-03T21:12:48.117+0700] {logging_mixin.py:190} INFO - [2024-12-03T21:12:48.117+0700] {dag.py:4180} INFO - Setting next_dagrun for example_trigger_target_dag to None, run_after=None
[2024-12-03T21:12:48.133+0700] {processor.py:208} INFO - Processing /home/tedubuamo/project/venv/lib/python3.12/site-packages/airflow/example_dags/example_trigger_target_dag.py took 0.047 seconds
[2024-12-03T21:12:55.130+0700] {processor.py:186} INFO - Started process (PID=3133) to work on /home/tedubuamo/project/venv/lib/python3.12/site-packages/airflow/example_dags/example_trigger_target_dag.py
[2024-12-03T21:12:55.131+0700] {processor.py:914} INFO - Processing file /home/tedubuamo/project/venv/lib/python3.12/site-packages/airflow/example_dags/example_trigger_target_dag.py for tasks to queue
[2024-12-03T21:12:55.133+0700] {logging_mixin.py:190} INFO - [2024-12-03T21:12:55.132+0700] {dagbag.py:588} INFO - Filling up the DagBag from /home/tedubuamo/project/venv/lib/python3.12/site-packages/airflow/example_dags/example_trigger_target_dag.py
[2024-12-03T21:12:55.139+0700] {processor.py:925} INFO - DAG(s) 'example_trigger_target_dag' retrieved from /home/tedubuamo/project/venv/lib/python3.12/site-packages/airflow/example_dags/example_trigger_target_dag.py
[2024-12-03T21:12:55.150+0700] {logging_mixin.py:190} INFO - [2024-12-03T21:12:55.149+0700] {dag.py:3239} INFO - Sync 1 DAGs
[2024-12-03T21:12:55.159+0700] {logging_mixin.py:190} INFO - [2024-12-03T21:12:55.158+0700] {dag.py:4180} INFO - Setting next_dagrun for example_trigger_target_dag to None, run_after=None
[2024-12-03T21:12:55.176+0700] {processor.py:208} INFO - Processing /home/tedubuamo/project/venv/lib/python3.12/site-packages/airflow/example_dags/example_trigger_target_dag.py took 0.050 seconds
[2024-12-03T21:13:39.435+0700] {processor.py:186} INFO - Started process (PID=3224) to work on /home/tedubuamo/project/venv/lib/python3.12/site-packages/airflow/example_dags/example_trigger_target_dag.py
[2024-12-03T21:13:39.436+0700] {processor.py:914} INFO - Processing file /home/tedubuamo/project/venv/lib/python3.12/site-packages/airflow/example_dags/example_trigger_target_dag.py for tasks to queue
[2024-12-03T21:13:39.438+0700] {logging_mixin.py:190} INFO - [2024-12-03T21:13:39.438+0700] {dagbag.py:588} INFO - Filling up the DagBag from /home/tedubuamo/project/venv/lib/python3.12/site-packages/airflow/example_dags/example_trigger_target_dag.py
[2024-12-03T21:13:39.445+0700] {processor.py:925} INFO - DAG(s) 'example_trigger_target_dag' retrieved from /home/tedubuamo/project/venv/lib/python3.12/site-packages/airflow/example_dags/example_trigger_target_dag.py
[2024-12-03T21:13:39.458+0700] {logging_mixin.py:190} INFO - [2024-12-03T21:13:39.457+0700] {dag.py:3239} INFO - Sync 1 DAGs
[2024-12-03T21:13:39.469+0700] {logging_mixin.py:190} INFO - [2024-12-03T21:13:39.469+0700] {dag.py:4180} INFO - Setting next_dagrun for example_trigger_target_dag to None, run_after=None
[2024-12-03T21:13:39.498+0700] {processor.py:208} INFO - Processing /home/tedubuamo/project/venv/lib/python3.12/site-packages/airflow/example_dags/example_trigger_target_dag.py took 0.067 seconds
[2024-12-03T21:13:47.059+0700] {processor.py:186} INFO - Started process (PID=3240) to work on /home/tedubuamo/project/venv/lib/python3.12/site-packages/airflow/example_dags/example_trigger_target_dag.py
[2024-12-03T21:13:47.060+0700] {processor.py:914} INFO - Processing file /home/tedubuamo/project/venv/lib/python3.12/site-packages/airflow/example_dags/example_trigger_target_dag.py for tasks to queue
[2024-12-03T21:13:47.061+0700] {logging_mixin.py:190} INFO - [2024-12-03T21:13:47.061+0700] {dagbag.py:588} INFO - Filling up the DagBag from /home/tedubuamo/project/venv/lib/python3.12/site-packages/airflow/example_dags/example_trigger_target_dag.py
[2024-12-03T21:13:47.068+0700] {processor.py:925} INFO - DAG(s) 'example_trigger_target_dag' retrieved from /home/tedubuamo/project/venv/lib/python3.12/site-packages/airflow/example_dags/example_trigger_target_dag.py
[2024-12-03T21:13:47.080+0700] {logging_mixin.py:190} INFO - [2024-12-03T21:13:47.079+0700] {dag.py:3239} INFO - Sync 1 DAGs
[2024-12-03T21:13:47.089+0700] {logging_mixin.py:190} INFO - [2024-12-03T21:13:47.089+0700] {dag.py:4180} INFO - Setting next_dagrun for example_trigger_target_dag to None, run_after=None
[2024-12-03T21:13:47.108+0700] {processor.py:208} INFO - Processing /home/tedubuamo/project/venv/lib/python3.12/site-packages/airflow/example_dags/example_trigger_target_dag.py took 0.053 seconds
[2024-12-03T21:14:30.130+0700] {processor.py:186} INFO - Started process (PID=3329) to work on /home/tedubuamo/project/venv/lib/python3.12/site-packages/airflow/example_dags/example_trigger_target_dag.py
[2024-12-03T21:14:30.131+0700] {processor.py:914} INFO - Processing file /home/tedubuamo/project/venv/lib/python3.12/site-packages/airflow/example_dags/example_trigger_target_dag.py for tasks to queue
[2024-12-03T21:14:30.133+0700] {logging_mixin.py:190} INFO - [2024-12-03T21:14:30.133+0700] {dagbag.py:588} INFO - Filling up the DagBag from /home/tedubuamo/project/venv/lib/python3.12/site-packages/airflow/example_dags/example_trigger_target_dag.py
[2024-12-03T21:14:30.139+0700] {processor.py:925} INFO - DAG(s) 'example_trigger_target_dag' retrieved from /home/tedubuamo/project/venv/lib/python3.12/site-packages/airflow/example_dags/example_trigger_target_dag.py
[2024-12-03T21:14:30.149+0700] {logging_mixin.py:190} INFO - [2024-12-03T21:14:30.149+0700] {dag.py:3239} INFO - Sync 1 DAGs
[2024-12-03T21:14:30.157+0700] {logging_mixin.py:190} INFO - [2024-12-03T21:14:30.157+0700] {dag.py:4180} INFO - Setting next_dagrun for example_trigger_target_dag to None, run_after=None
[2024-12-03T21:14:30.173+0700] {processor.py:208} INFO - Processing /home/tedubuamo/project/venv/lib/python3.12/site-packages/airflow/example_dags/example_trigger_target_dag.py took 0.047 seconds
[2024-12-03T21:14:37.891+0700] {processor.py:186} INFO - Started process (PID=3344) to work on /home/tedubuamo/project/venv/lib/python3.12/site-packages/airflow/example_dags/example_trigger_target_dag.py
[2024-12-03T21:14:37.892+0700] {processor.py:914} INFO - Processing file /home/tedubuamo/project/venv/lib/python3.12/site-packages/airflow/example_dags/example_trigger_target_dag.py for tasks to queue
[2024-12-03T21:14:37.893+0700] {logging_mixin.py:190} INFO - [2024-12-03T21:14:37.893+0700] {dagbag.py:588} INFO - Filling up the DagBag from /home/tedubuamo/project/venv/lib/python3.12/site-packages/airflow/example_dags/example_trigger_target_dag.py
[2024-12-03T21:14:37.899+0700] {processor.py:925} INFO - DAG(s) 'example_trigger_target_dag' retrieved from /home/tedubuamo/project/venv/lib/python3.12/site-packages/airflow/example_dags/example_trigger_target_dag.py
[2024-12-03T21:14:37.910+0700] {logging_mixin.py:190} INFO - [2024-12-03T21:14:37.909+0700] {dag.py:3239} INFO - Sync 1 DAGs
[2024-12-03T21:14:37.918+0700] {logging_mixin.py:190} INFO - [2024-12-03T21:14:37.918+0700] {dag.py:4180} INFO - Setting next_dagrun for example_trigger_target_dag to None, run_after=None
[2024-12-03T21:14:37.935+0700] {processor.py:208} INFO - Processing /home/tedubuamo/project/venv/lib/python3.12/site-packages/airflow/example_dags/example_trigger_target_dag.py took 0.048 seconds
[2024-12-03T21:15:23.237+0700] {processor.py:186} INFO - Started process (PID=3439) to work on /home/tedubuamo/project/venv/lib/python3.12/site-packages/airflow/example_dags/example_trigger_target_dag.py
[2024-12-03T21:15:23.238+0700] {processor.py:914} INFO - Processing file /home/tedubuamo/project/venv/lib/python3.12/site-packages/airflow/example_dags/example_trigger_target_dag.py for tasks to queue
[2024-12-03T21:15:23.240+0700] {logging_mixin.py:190} INFO - [2024-12-03T21:15:23.240+0700] {dagbag.py:588} INFO - Filling up the DagBag from /home/tedubuamo/project/venv/lib/python3.12/site-packages/airflow/example_dags/example_trigger_target_dag.py
[2024-12-03T21:15:23.246+0700] {processor.py:925} INFO - DAG(s) 'example_trigger_target_dag' retrieved from /home/tedubuamo/project/venv/lib/python3.12/site-packages/airflow/example_dags/example_trigger_target_dag.py
[2024-12-03T21:15:23.259+0700] {logging_mixin.py:190} INFO - [2024-12-03T21:15:23.259+0700] {dag.py:3239} INFO - Sync 1 DAGs
[2024-12-03T21:15:23.272+0700] {logging_mixin.py:190} INFO - [2024-12-03T21:15:23.271+0700] {dag.py:4180} INFO - Setting next_dagrun for example_trigger_target_dag to None, run_after=None
[2024-12-03T21:15:23.289+0700] {processor.py:208} INFO - Processing /home/tedubuamo/project/venv/lib/python3.12/site-packages/airflow/example_dags/example_trigger_target_dag.py took 0.056 seconds
[2024-12-03T21:15:27.751+0700] {processor.py:186} INFO - Started process (PID=3448) to work on /home/tedubuamo/project/venv/lib/python3.12/site-packages/airflow/example_dags/example_trigger_target_dag.py
[2024-12-03T21:15:27.752+0700] {processor.py:914} INFO - Processing file /home/tedubuamo/project/venv/lib/python3.12/site-packages/airflow/example_dags/example_trigger_target_dag.py for tasks to queue
[2024-12-03T21:15:27.754+0700] {logging_mixin.py:190} INFO - [2024-12-03T21:15:27.753+0700] {dagbag.py:588} INFO - Filling up the DagBag from /home/tedubuamo/project/venv/lib/python3.12/site-packages/airflow/example_dags/example_trigger_target_dag.py
[2024-12-03T21:15:27.762+0700] {processor.py:925} INFO - DAG(s) 'example_trigger_target_dag' retrieved from /home/tedubuamo/project/venv/lib/python3.12/site-packages/airflow/example_dags/example_trigger_target_dag.py
[2024-12-03T21:15:27.777+0700] {logging_mixin.py:190} INFO - [2024-12-03T21:15:27.776+0700] {dag.py:3239} INFO - Sync 1 DAGs
[2024-12-03T21:15:27.787+0700] {logging_mixin.py:190} INFO - [2024-12-03T21:15:27.787+0700] {dag.py:4180} INFO - Setting next_dagrun for example_trigger_target_dag to None, run_after=None
[2024-12-03T21:15:27.807+0700] {processor.py:208} INFO - Processing /home/tedubuamo/project/venv/lib/python3.12/site-packages/airflow/example_dags/example_trigger_target_dag.py took 0.061 seconds
[2024-12-03T21:16:14.414+0700] {processor.py:186} INFO - Started process (PID=3553) to work on /home/tedubuamo/project/venv/lib/python3.12/site-packages/airflow/example_dags/example_trigger_target_dag.py
[2024-12-03T21:16:14.415+0700] {processor.py:914} INFO - Processing file /home/tedubuamo/project/venv/lib/python3.12/site-packages/airflow/example_dags/example_trigger_target_dag.py for tasks to queue
[2024-12-03T21:16:14.417+0700] {logging_mixin.py:190} INFO - [2024-12-03T21:16:14.417+0700] {dagbag.py:588} INFO - Filling up the DagBag from /home/tedubuamo/project/venv/lib/python3.12/site-packages/airflow/example_dags/example_trigger_target_dag.py
[2024-12-03T21:16:14.426+0700] {processor.py:925} INFO - DAG(s) 'example_trigger_target_dag' retrieved from /home/tedubuamo/project/venv/lib/python3.12/site-packages/airflow/example_dags/example_trigger_target_dag.py
[2024-12-03T21:16:14.438+0700] {logging_mixin.py:190} INFO - [2024-12-03T21:16:14.438+0700] {dag.py:3239} INFO - Sync 1 DAGs
[2024-12-03T21:16:14.447+0700] {logging_mixin.py:190} INFO - [2024-12-03T21:16:14.447+0700] {dag.py:4180} INFO - Setting next_dagrun for example_trigger_target_dag to None, run_after=None
[2024-12-03T21:16:14.464+0700] {processor.py:208} INFO - Processing /home/tedubuamo/project/venv/lib/python3.12/site-packages/airflow/example_dags/example_trigger_target_dag.py took 0.056 seconds
[2024-12-03T21:16:19.217+0700] {processor.py:186} INFO - Started process (PID=3563) to work on /home/tedubuamo/project/venv/lib/python3.12/site-packages/airflow/example_dags/example_trigger_target_dag.py
[2024-12-03T21:16:19.218+0700] {processor.py:914} INFO - Processing file /home/tedubuamo/project/venv/lib/python3.12/site-packages/airflow/example_dags/example_trigger_target_dag.py for tasks to queue
[2024-12-03T21:16:19.219+0700] {logging_mixin.py:190} INFO - [2024-12-03T21:16:19.219+0700] {dagbag.py:588} INFO - Filling up the DagBag from /home/tedubuamo/project/venv/lib/python3.12/site-packages/airflow/example_dags/example_trigger_target_dag.py
[2024-12-03T21:16:19.225+0700] {processor.py:925} INFO - DAG(s) 'example_trigger_target_dag' retrieved from /home/tedubuamo/project/venv/lib/python3.12/site-packages/airflow/example_dags/example_trigger_target_dag.py
[2024-12-03T21:16:19.236+0700] {logging_mixin.py:190} INFO - [2024-12-03T21:16:19.236+0700] {dag.py:3239} INFO - Sync 1 DAGs
[2024-12-03T21:16:19.244+0700] {logging_mixin.py:190} INFO - [2024-12-03T21:16:19.244+0700] {dag.py:4180} INFO - Setting next_dagrun for example_trigger_target_dag to None, run_after=None
[2024-12-03T21:16:19.266+0700] {processor.py:208} INFO - Processing /home/tedubuamo/project/venv/lib/python3.12/site-packages/airflow/example_dags/example_trigger_target_dag.py took 0.053 seconds
[2024-12-03T21:17:07.650+0700] {processor.py:186} INFO - Started process (PID=3689) to work on /home/tedubuamo/project/venv/lib/python3.12/site-packages/airflow/example_dags/example_trigger_target_dag.py
[2024-12-03T21:17:07.654+0700] {processor.py:914} INFO - Processing file /home/tedubuamo/project/venv/lib/python3.12/site-packages/airflow/example_dags/example_trigger_target_dag.py for tasks to queue
[2024-12-03T21:17:07.655+0700] {logging_mixin.py:190} INFO - [2024-12-03T21:17:07.655+0700] {dagbag.py:588} INFO - Filling up the DagBag from /home/tedubuamo/project/venv/lib/python3.12/site-packages/airflow/example_dags/example_trigger_target_dag.py
[2024-12-03T21:17:07.661+0700] {processor.py:925} INFO - DAG(s) 'example_trigger_target_dag' retrieved from /home/tedubuamo/project/venv/lib/python3.12/site-packages/airflow/example_dags/example_trigger_target_dag.py
[2024-12-03T21:17:07.671+0700] {logging_mixin.py:190} INFO - [2024-12-03T21:17:07.671+0700] {dag.py:3239} INFO - Sync 1 DAGs
[2024-12-03T21:17:07.679+0700] {logging_mixin.py:190} INFO - [2024-12-03T21:17:07.679+0700] {dag.py:4180} INFO - Setting next_dagrun for example_trigger_target_dag to None, run_after=None
[2024-12-03T21:17:07.696+0700] {processor.py:208} INFO - Processing /home/tedubuamo/project/venv/lib/python3.12/site-packages/airflow/example_dags/example_trigger_target_dag.py took 0.050 seconds
[2024-12-03T21:17:09.945+0700] {processor.py:186} INFO - Started process (PID=3693) to work on /home/tedubuamo/project/venv/lib/python3.12/site-packages/airflow/example_dags/example_trigger_target_dag.py
[2024-12-03T21:17:09.946+0700] {processor.py:914} INFO - Processing file /home/tedubuamo/project/venv/lib/python3.12/site-packages/airflow/example_dags/example_trigger_target_dag.py for tasks to queue
[2024-12-03T21:17:09.949+0700] {logging_mixin.py:190} INFO - [2024-12-03T21:17:09.948+0700] {dagbag.py:588} INFO - Filling up the DagBag from /home/tedubuamo/project/venv/lib/python3.12/site-packages/airflow/example_dags/example_trigger_target_dag.py
[2024-12-03T21:17:09.959+0700] {processor.py:925} INFO - DAG(s) 'example_trigger_target_dag' retrieved from /home/tedubuamo/project/venv/lib/python3.12/site-packages/airflow/example_dags/example_trigger_target_dag.py
[2024-12-03T21:17:09.973+0700] {logging_mixin.py:190} INFO - [2024-12-03T21:17:09.973+0700] {dag.py:3239} INFO - Sync 1 DAGs
[2024-12-03T21:17:09.986+0700] {logging_mixin.py:190} INFO - [2024-12-03T21:17:09.985+0700] {dag.py:4180} INFO - Setting next_dagrun for example_trigger_target_dag to None, run_after=None
[2024-12-03T21:17:10.004+0700] {processor.py:208} INFO - Processing /home/tedubuamo/project/venv/lib/python3.12/site-packages/airflow/example_dags/example_trigger_target_dag.py took 0.065 seconds
[2024-12-03T21:18:00.641+0700] {processor.py:186} INFO - Started process (PID=3814) to work on /home/tedubuamo/project/venv/lib/python3.12/site-packages/airflow/example_dags/example_trigger_target_dag.py
[2024-12-03T21:18:00.644+0700] {processor.py:914} INFO - Processing file /home/tedubuamo/project/venv/lib/python3.12/site-packages/airflow/example_dags/example_trigger_target_dag.py for tasks to queue
[2024-12-03T21:18:00.646+0700] {logging_mixin.py:190} INFO - [2024-12-03T21:18:00.645+0700] {dagbag.py:588} INFO - Filling up the DagBag from /home/tedubuamo/project/venv/lib/python3.12/site-packages/airflow/example_dags/example_trigger_target_dag.py
[2024-12-03T21:18:00.651+0700] {processor.py:925} INFO - DAG(s) 'example_trigger_target_dag' retrieved from /home/tedubuamo/project/venv/lib/python3.12/site-packages/airflow/example_dags/example_trigger_target_dag.py
[2024-12-03T21:18:00.661+0700] {logging_mixin.py:190} INFO - [2024-12-03T21:18:00.661+0700] {dag.py:3239} INFO - Sync 1 DAGs
[2024-12-03T21:18:00.670+0700] {logging_mixin.py:190} INFO - [2024-12-03T21:18:00.669+0700] {dag.py:4180} INFO - Setting next_dagrun for example_trigger_target_dag to None, run_after=None
[2024-12-03T21:18:00.689+0700] {processor.py:208} INFO - Processing /home/tedubuamo/project/venv/lib/python3.12/site-packages/airflow/example_dags/example_trigger_target_dag.py took 0.053 seconds
[2024-12-03T21:18:01.394+0700] {processor.py:186} INFO - Started process (PID=3815) to work on /home/tedubuamo/project/venv/lib/python3.12/site-packages/airflow/example_dags/example_trigger_target_dag.py
[2024-12-03T21:18:01.395+0700] {processor.py:914} INFO - Processing file /home/tedubuamo/project/venv/lib/python3.12/site-packages/airflow/example_dags/example_trigger_target_dag.py for tasks to queue
[2024-12-03T21:18:01.398+0700] {logging_mixin.py:190} INFO - [2024-12-03T21:18:01.397+0700] {dagbag.py:588} INFO - Filling up the DagBag from /home/tedubuamo/project/venv/lib/python3.12/site-packages/airflow/example_dags/example_trigger_target_dag.py
[2024-12-03T21:18:01.407+0700] {processor.py:925} INFO - DAG(s) 'example_trigger_target_dag' retrieved from /home/tedubuamo/project/venv/lib/python3.12/site-packages/airflow/example_dags/example_trigger_target_dag.py
[2024-12-03T21:18:01.421+0700] {logging_mixin.py:190} INFO - [2024-12-03T21:18:01.420+0700] {dag.py:3239} INFO - Sync 1 DAGs
[2024-12-03T21:18:01.432+0700] {logging_mixin.py:190} INFO - [2024-12-03T21:18:01.432+0700] {dag.py:4180} INFO - Setting next_dagrun for example_trigger_target_dag to None, run_after=None
[2024-12-03T21:18:01.455+0700] {processor.py:208} INFO - Processing /home/tedubuamo/project/venv/lib/python3.12/site-packages/airflow/example_dags/example_trigger_target_dag.py took 0.065 seconds
[2024-12-03T21:18:59.454+0700] {processor.py:186} INFO - Started process (PID=3936) to work on /home/tedubuamo/project/venv/lib/python3.12/site-packages/airflow/example_dags/example_trigger_target_dag.py
[2024-12-03T21:18:59.456+0700] {processor.py:914} INFO - Processing file /home/tedubuamo/project/venv/lib/python3.12/site-packages/airflow/example_dags/example_trigger_target_dag.py for tasks to queue
[2024-12-03T21:18:59.467+0700] {logging_mixin.py:190} INFO - [2024-12-03T21:18:59.467+0700] {dagbag.py:588} INFO - Filling up the DagBag from /home/tedubuamo/project/venv/lib/python3.12/site-packages/airflow/example_dags/example_trigger_target_dag.py
[2024-12-03T21:18:59.483+0700] {processor.py:925} INFO - DAG(s) 'example_trigger_target_dag' retrieved from /home/tedubuamo/project/venv/lib/python3.12/site-packages/airflow/example_dags/example_trigger_target_dag.py
[2024-12-03T21:18:59.607+0700] {logging_mixin.py:190} INFO - [2024-12-03T21:18:59.607+0700] {dag.py:3239} INFO - Sync 1 DAGs
[2024-12-03T21:18:59.615+0700] {logging_mixin.py:190} INFO - [2024-12-03T21:18:59.615+0700] {dag.py:4180} INFO - Setting next_dagrun for example_trigger_target_dag to None, run_after=None
[2024-12-03T21:18:59.648+0700] {processor.py:208} INFO - Processing /home/tedubuamo/project/venv/lib/python3.12/site-packages/airflow/example_dags/example_trigger_target_dag.py took 0.202 seconds
[2024-12-03T21:19:57.713+0700] {processor.py:186} INFO - Started process (PID=3998) to work on /home/tedubuamo/project/venv/lib/python3.12/site-packages/airflow/example_dags/example_trigger_target_dag.py
[2024-12-03T21:19:57.715+0700] {processor.py:914} INFO - Processing file /home/tedubuamo/project/venv/lib/python3.12/site-packages/airflow/example_dags/example_trigger_target_dag.py for tasks to queue
[2024-12-03T21:19:57.716+0700] {logging_mixin.py:190} INFO - [2024-12-03T21:19:57.716+0700] {dagbag.py:588} INFO - Filling up the DagBag from /home/tedubuamo/project/venv/lib/python3.12/site-packages/airflow/example_dags/example_trigger_target_dag.py
[2024-12-03T21:19:57.724+0700] {processor.py:925} INFO - DAG(s) 'example_trigger_target_dag' retrieved from /home/tedubuamo/project/venv/lib/python3.12/site-packages/airflow/example_dags/example_trigger_target_dag.py
[2024-12-03T21:19:57.739+0700] {logging_mixin.py:190} INFO - [2024-12-03T21:19:57.738+0700] {dag.py:3239} INFO - Sync 1 DAGs
[2024-12-03T21:19:57.748+0700] {logging_mixin.py:190} INFO - [2024-12-03T21:19:57.748+0700] {dag.py:4180} INFO - Setting next_dagrun for example_trigger_target_dag to None, run_after=None
[2024-12-03T21:19:57.765+0700] {processor.py:208} INFO - Processing /home/tedubuamo/project/venv/lib/python3.12/site-packages/airflow/example_dags/example_trigger_target_dag.py took 0.058 seconds
[2024-12-03T21:20:59.819+0700] {processor.py:186} INFO - Started process (PID=4101) to work on /home/tedubuamo/project/venv/lib/python3.12/site-packages/airflow/example_dags/example_trigger_target_dag.py
[2024-12-03T21:20:59.823+0700] {processor.py:914} INFO - Processing file /home/tedubuamo/project/venv/lib/python3.12/site-packages/airflow/example_dags/example_trigger_target_dag.py for tasks to queue
[2024-12-03T21:20:59.825+0700] {logging_mixin.py:190} INFO - [2024-12-03T21:20:59.824+0700] {dagbag.py:588} INFO - Filling up the DagBag from /home/tedubuamo/project/venv/lib/python3.12/site-packages/airflow/example_dags/example_trigger_target_dag.py
[2024-12-03T21:20:59.831+0700] {processor.py:925} INFO - DAG(s) 'example_trigger_target_dag' retrieved from /home/tedubuamo/project/venv/lib/python3.12/site-packages/airflow/example_dags/example_trigger_target_dag.py
[2024-12-03T21:20:59.843+0700] {logging_mixin.py:190} INFO - [2024-12-03T21:20:59.842+0700] {dag.py:3239} INFO - Sync 1 DAGs
[2024-12-03T21:20:59.852+0700] {logging_mixin.py:190} INFO - [2024-12-03T21:20:59.852+0700] {dag.py:4180} INFO - Setting next_dagrun for example_trigger_target_dag to None, run_after=None
[2024-12-03T21:20:59.871+0700] {processor.py:208} INFO - Processing /home/tedubuamo/project/venv/lib/python3.12/site-packages/airflow/example_dags/example_trigger_target_dag.py took 0.056 seconds
[2024-12-03T21:21:55.377+0700] {processor.py:186} INFO - Started process (PID=4167) to work on /home/tedubuamo/project/venv/lib/python3.12/site-packages/airflow/example_dags/example_trigger_target_dag.py
[2024-12-03T21:21:55.392+0700] {processor.py:914} INFO - Processing file /home/tedubuamo/project/venv/lib/python3.12/site-packages/airflow/example_dags/example_trigger_target_dag.py for tasks to queue
[2024-12-03T21:21:55.394+0700] {logging_mixin.py:190} INFO - [2024-12-03T21:21:55.394+0700] {dagbag.py:588} INFO - Filling up the DagBag from /home/tedubuamo/project/venv/lib/python3.12/site-packages/airflow/example_dags/example_trigger_target_dag.py
[2024-12-03T21:21:55.400+0700] {processor.py:925} INFO - DAG(s) 'example_trigger_target_dag' retrieved from /home/tedubuamo/project/venv/lib/python3.12/site-packages/airflow/example_dags/example_trigger_target_dag.py
[2024-12-03T21:21:55.410+0700] {logging_mixin.py:190} INFO - [2024-12-03T21:21:55.409+0700] {dag.py:3239} INFO - Sync 1 DAGs
[2024-12-03T21:21:55.419+0700] {logging_mixin.py:190} INFO - [2024-12-03T21:21:55.418+0700] {dag.py:4180} INFO - Setting next_dagrun for example_trigger_target_dag to None, run_after=None
[2024-12-03T21:21:55.436+0700] {processor.py:208} INFO - Processing /home/tedubuamo/project/venv/lib/python3.12/site-packages/airflow/example_dags/example_trigger_target_dag.py took 0.063 seconds
[2024-12-03T21:22:49.350+0700] {processor.py:186} INFO - Started process (PID=4257) to work on /home/tedubuamo/project/venv/lib/python3.12/site-packages/airflow/example_dags/example_trigger_target_dag.py
[2024-12-03T21:22:49.351+0700] {processor.py:914} INFO - Processing file /home/tedubuamo/project/venv/lib/python3.12/site-packages/airflow/example_dags/example_trigger_target_dag.py for tasks to queue
[2024-12-03T21:22:49.353+0700] {logging_mixin.py:190} INFO - [2024-12-03T21:22:49.353+0700] {dagbag.py:588} INFO - Filling up the DagBag from /home/tedubuamo/project/venv/lib/python3.12/site-packages/airflow/example_dags/example_trigger_target_dag.py
[2024-12-03T21:22:49.359+0700] {processor.py:925} INFO - DAG(s) 'example_trigger_target_dag' retrieved from /home/tedubuamo/project/venv/lib/python3.12/site-packages/airflow/example_dags/example_trigger_target_dag.py
[2024-12-03T21:22:49.370+0700] {logging_mixin.py:190} INFO - [2024-12-03T21:22:49.370+0700] {dag.py:3239} INFO - Sync 1 DAGs
[2024-12-03T21:22:49.379+0700] {logging_mixin.py:190} INFO - [2024-12-03T21:22:49.379+0700] {dag.py:4180} INFO - Setting next_dagrun for example_trigger_target_dag to None, run_after=None
[2024-12-03T21:22:49.395+0700] {processor.py:208} INFO - Processing /home/tedubuamo/project/venv/lib/python3.12/site-packages/airflow/example_dags/example_trigger_target_dag.py took 0.049 seconds
[2024-12-03T21:23:40.942+0700] {processor.py:186} INFO - Started process (PID=4309) to work on /home/tedubuamo/project/venv/lib/python3.12/site-packages/airflow/example_dags/example_trigger_target_dag.py
[2024-12-03T21:23:40.943+0700] {processor.py:914} INFO - Processing file /home/tedubuamo/project/venv/lib/python3.12/site-packages/airflow/example_dags/example_trigger_target_dag.py for tasks to queue
[2024-12-03T21:23:40.944+0700] {logging_mixin.py:190} INFO - [2024-12-03T21:23:40.944+0700] {dagbag.py:588} INFO - Filling up the DagBag from /home/tedubuamo/project/venv/lib/python3.12/site-packages/airflow/example_dags/example_trigger_target_dag.py
[2024-12-03T21:23:40.952+0700] {processor.py:925} INFO - DAG(s) 'example_trigger_target_dag' retrieved from /home/tedubuamo/project/venv/lib/python3.12/site-packages/airflow/example_dags/example_trigger_target_dag.py
[2024-12-03T21:23:40.964+0700] {logging_mixin.py:190} INFO - [2024-12-03T21:23:40.964+0700] {dag.py:3239} INFO - Sync 1 DAGs
[2024-12-03T21:23:40.974+0700] {logging_mixin.py:190} INFO - [2024-12-03T21:23:40.974+0700] {dag.py:4180} INFO - Setting next_dagrun for example_trigger_target_dag to None, run_after=None
[2024-12-03T21:23:40.993+0700] {processor.py:208} INFO - Processing /home/tedubuamo/project/venv/lib/python3.12/site-packages/airflow/example_dags/example_trigger_target_dag.py took 0.056 seconds
[2024-12-03T21:24:37.483+0700] {processor.py:186} INFO - Started process (PID=4388) to work on /home/tedubuamo/project/venv/lib/python3.12/site-packages/airflow/example_dags/example_trigger_target_dag.py
[2024-12-03T21:24:37.484+0700] {processor.py:914} INFO - Processing file /home/tedubuamo/project/venv/lib/python3.12/site-packages/airflow/example_dags/example_trigger_target_dag.py for tasks to queue
[2024-12-03T21:24:37.486+0700] {logging_mixin.py:190} INFO - [2024-12-03T21:24:37.486+0700] {dagbag.py:588} INFO - Filling up the DagBag from /home/tedubuamo/project/venv/lib/python3.12/site-packages/airflow/example_dags/example_trigger_target_dag.py
[2024-12-03T21:24:37.492+0700] {processor.py:925} INFO - DAG(s) 'example_trigger_target_dag' retrieved from /home/tedubuamo/project/venv/lib/python3.12/site-packages/airflow/example_dags/example_trigger_target_dag.py
[2024-12-03T21:24:37.503+0700] {logging_mixin.py:190} INFO - [2024-12-03T21:24:37.503+0700] {dag.py:3239} INFO - Sync 1 DAGs
[2024-12-03T21:24:37.512+0700] {logging_mixin.py:190} INFO - [2024-12-03T21:24:37.512+0700] {dag.py:4180} INFO - Setting next_dagrun for example_trigger_target_dag to None, run_after=None
[2024-12-03T21:24:37.530+0700] {processor.py:208} INFO - Processing /home/tedubuamo/project/venv/lib/python3.12/site-packages/airflow/example_dags/example_trigger_target_dag.py took 0.051 seconds
[2024-12-03T21:25:32.195+0700] {processor.py:186} INFO - Started process (PID=4471) to work on /home/tedubuamo/project/venv/lib/python3.12/site-packages/airflow/example_dags/example_trigger_target_dag.py
[2024-12-03T21:25:32.197+0700] {processor.py:914} INFO - Processing file /home/tedubuamo/project/venv/lib/python3.12/site-packages/airflow/example_dags/example_trigger_target_dag.py for tasks to queue
[2024-12-03T21:25:32.198+0700] {logging_mixin.py:190} INFO - [2024-12-03T21:25:32.198+0700] {dagbag.py:588} INFO - Filling up the DagBag from /home/tedubuamo/project/venv/lib/python3.12/site-packages/airflow/example_dags/example_trigger_target_dag.py
[2024-12-03T21:25:32.206+0700] {processor.py:925} INFO - DAG(s) 'example_trigger_target_dag' retrieved from /home/tedubuamo/project/venv/lib/python3.12/site-packages/airflow/example_dags/example_trigger_target_dag.py
[2024-12-03T21:25:32.219+0700] {logging_mixin.py:190} INFO - [2024-12-03T21:25:32.218+0700] {dag.py:3239} INFO - Sync 1 DAGs
[2024-12-03T21:25:32.230+0700] {logging_mixin.py:190} INFO - [2024-12-03T21:25:32.230+0700] {dag.py:4180} INFO - Setting next_dagrun for example_trigger_target_dag to None, run_after=None
[2024-12-03T21:25:32.254+0700] {processor.py:208} INFO - Processing /home/tedubuamo/project/venv/lib/python3.12/site-packages/airflow/example_dags/example_trigger_target_dag.py took 0.063 seconds
[2024-12-03T21:26:30.864+0700] {processor.py:186} INFO - Started process (PID=4532) to work on /home/tedubuamo/project/venv/lib/python3.12/site-packages/airflow/example_dags/example_trigger_target_dag.py
[2024-12-03T21:26:30.867+0700] {processor.py:914} INFO - Processing file /home/tedubuamo/project/venv/lib/python3.12/site-packages/airflow/example_dags/example_trigger_target_dag.py for tasks to queue
[2024-12-03T21:26:30.869+0700] {logging_mixin.py:190} INFO - [2024-12-03T21:26:30.869+0700] {dagbag.py:588} INFO - Filling up the DagBag from /home/tedubuamo/project/venv/lib/python3.12/site-packages/airflow/example_dags/example_trigger_target_dag.py
[2024-12-03T21:26:30.876+0700] {processor.py:925} INFO - DAG(s) 'example_trigger_target_dag' retrieved from /home/tedubuamo/project/venv/lib/python3.12/site-packages/airflow/example_dags/example_trigger_target_dag.py
[2024-12-03T21:26:30.887+0700] {logging_mixin.py:190} INFO - [2024-12-03T21:26:30.887+0700] {dag.py:3239} INFO - Sync 1 DAGs
[2024-12-03T21:26:30.897+0700] {logging_mixin.py:190} INFO - [2024-12-03T21:26:30.896+0700] {dag.py:4180} INFO - Setting next_dagrun for example_trigger_target_dag to None, run_after=None
[2024-12-03T21:26:30.919+0700] {processor.py:208} INFO - Processing /home/tedubuamo/project/venv/lib/python3.12/site-packages/airflow/example_dags/example_trigger_target_dag.py took 0.059 seconds
[2024-12-03T21:27:21.270+0700] {processor.py:186} INFO - Started process (PID=4598) to work on /home/tedubuamo/project/venv/lib/python3.12/site-packages/airflow/example_dags/example_trigger_target_dag.py
[2024-12-03T21:27:21.273+0700] {processor.py:914} INFO - Processing file /home/tedubuamo/project/venv/lib/python3.12/site-packages/airflow/example_dags/example_trigger_target_dag.py for tasks to queue
[2024-12-03T21:27:21.276+0700] {logging_mixin.py:190} INFO - [2024-12-03T21:27:21.276+0700] {dagbag.py:588} INFO - Filling up the DagBag from /home/tedubuamo/project/venv/lib/python3.12/site-packages/airflow/example_dags/example_trigger_target_dag.py
[2024-12-03T21:27:21.283+0700] {processor.py:925} INFO - DAG(s) 'example_trigger_target_dag' retrieved from /home/tedubuamo/project/venv/lib/python3.12/site-packages/airflow/example_dags/example_trigger_target_dag.py
[2024-12-03T21:27:21.294+0700] {logging_mixin.py:190} INFO - [2024-12-03T21:27:21.294+0700] {dag.py:3239} INFO - Sync 1 DAGs
[2024-12-03T21:27:21.303+0700] {logging_mixin.py:190} INFO - [2024-12-03T21:27:21.303+0700] {dag.py:4180} INFO - Setting next_dagrun for example_trigger_target_dag to None, run_after=None
[2024-12-03T21:27:21.321+0700] {processor.py:208} INFO - Processing /home/tedubuamo/project/venv/lib/python3.12/site-packages/airflow/example_dags/example_trigger_target_dag.py took 0.055 seconds
[2024-12-03T21:28:16.672+0700] {processor.py:186} INFO - Started process (PID=4662) to work on /home/tedubuamo/project/venv/lib/python3.12/site-packages/airflow/example_dags/example_trigger_target_dag.py
[2024-12-03T21:28:16.674+0700] {processor.py:914} INFO - Processing file /home/tedubuamo/project/venv/lib/python3.12/site-packages/airflow/example_dags/example_trigger_target_dag.py for tasks to queue
[2024-12-03T21:28:16.676+0700] {logging_mixin.py:190} INFO - [2024-12-03T21:28:16.675+0700] {dagbag.py:588} INFO - Filling up the DagBag from /home/tedubuamo/project/venv/lib/python3.12/site-packages/airflow/example_dags/example_trigger_target_dag.py
[2024-12-03T21:28:16.686+0700] {processor.py:925} INFO - DAG(s) 'example_trigger_target_dag' retrieved from /home/tedubuamo/project/venv/lib/python3.12/site-packages/airflow/example_dags/example_trigger_target_dag.py
[2024-12-03T21:28:16.700+0700] {logging_mixin.py:190} INFO - [2024-12-03T21:28:16.700+0700] {dag.py:3239} INFO - Sync 1 DAGs
[2024-12-03T21:28:16.711+0700] {logging_mixin.py:190} INFO - [2024-12-03T21:28:16.710+0700] {dag.py:4180} INFO - Setting next_dagrun for example_trigger_target_dag to None, run_after=None
[2024-12-03T21:28:16.735+0700] {processor.py:208} INFO - Processing /home/tedubuamo/project/venv/lib/python3.12/site-packages/airflow/example_dags/example_trigger_target_dag.py took 0.067 seconds
[2024-12-03T21:29:10.598+0700] {processor.py:186} INFO - Started process (PID=4798) to work on /home/tedubuamo/project/venv/lib/python3.12/site-packages/airflow/example_dags/example_trigger_target_dag.py
[2024-12-03T21:29:10.599+0700] {processor.py:914} INFO - Processing file /home/tedubuamo/project/venv/lib/python3.12/site-packages/airflow/example_dags/example_trigger_target_dag.py for tasks to queue
[2024-12-03T21:29:10.601+0700] {logging_mixin.py:190} INFO - [2024-12-03T21:29:10.600+0700] {dagbag.py:588} INFO - Filling up the DagBag from /home/tedubuamo/project/venv/lib/python3.12/site-packages/airflow/example_dags/example_trigger_target_dag.py
[2024-12-03T21:29:10.608+0700] {processor.py:925} INFO - DAG(s) 'example_trigger_target_dag' retrieved from /home/tedubuamo/project/venv/lib/python3.12/site-packages/airflow/example_dags/example_trigger_target_dag.py
[2024-12-03T21:29:10.620+0700] {logging_mixin.py:190} INFO - [2024-12-03T21:29:10.620+0700] {dag.py:3239} INFO - Sync 1 DAGs
[2024-12-03T21:29:10.630+0700] {logging_mixin.py:190} INFO - [2024-12-03T21:29:10.630+0700] {dag.py:4180} INFO - Setting next_dagrun for example_trigger_target_dag to None, run_after=None
[2024-12-03T21:29:10.650+0700] {processor.py:208} INFO - Processing /home/tedubuamo/project/venv/lib/python3.12/site-packages/airflow/example_dags/example_trigger_target_dag.py took 0.056 seconds
[2024-12-03T21:30:03.296+0700] {processor.py:186} INFO - Started process (PID=4855) to work on /home/tedubuamo/project/venv/lib/python3.12/site-packages/airflow/example_dags/example_trigger_target_dag.py
[2024-12-03T21:30:03.297+0700] {processor.py:914} INFO - Processing file /home/tedubuamo/project/venv/lib/python3.12/site-packages/airflow/example_dags/example_trigger_target_dag.py for tasks to queue
[2024-12-03T21:30:03.299+0700] {logging_mixin.py:190} INFO - [2024-12-03T21:30:03.299+0700] {dagbag.py:588} INFO - Filling up the DagBag from /home/tedubuamo/project/venv/lib/python3.12/site-packages/airflow/example_dags/example_trigger_target_dag.py
[2024-12-03T21:30:03.305+0700] {processor.py:925} INFO - DAG(s) 'example_trigger_target_dag' retrieved from /home/tedubuamo/project/venv/lib/python3.12/site-packages/airflow/example_dags/example_trigger_target_dag.py
[2024-12-03T21:30:03.316+0700] {logging_mixin.py:190} INFO - [2024-12-03T21:30:03.316+0700] {dag.py:3239} INFO - Sync 1 DAGs
[2024-12-03T21:30:03.325+0700] {logging_mixin.py:190} INFO - [2024-12-03T21:30:03.325+0700] {dag.py:4180} INFO - Setting next_dagrun for example_trigger_target_dag to None, run_after=None
[2024-12-03T21:30:03.344+0700] {processor.py:208} INFO - Processing /home/tedubuamo/project/venv/lib/python3.12/site-packages/airflow/example_dags/example_trigger_target_dag.py took 0.051 seconds
[2024-12-03T21:30:58.748+0700] {processor.py:186} INFO - Started process (PID=4923) to work on /home/tedubuamo/project/venv/lib/python3.12/site-packages/airflow/example_dags/example_trigger_target_dag.py
[2024-12-03T21:30:58.753+0700] {processor.py:914} INFO - Processing file /home/tedubuamo/project/venv/lib/python3.12/site-packages/airflow/example_dags/example_trigger_target_dag.py for tasks to queue
[2024-12-03T21:30:58.756+0700] {logging_mixin.py:190} INFO - [2024-12-03T21:30:58.755+0700] {dagbag.py:588} INFO - Filling up the DagBag from /home/tedubuamo/project/venv/lib/python3.12/site-packages/airflow/example_dags/example_trigger_target_dag.py
[2024-12-03T21:30:58.768+0700] {processor.py:925} INFO - DAG(s) 'example_trigger_target_dag' retrieved from /home/tedubuamo/project/venv/lib/python3.12/site-packages/airflow/example_dags/example_trigger_target_dag.py
[2024-12-03T21:30:58.787+0700] {logging_mixin.py:190} INFO - [2024-12-03T21:30:58.787+0700] {dag.py:3239} INFO - Sync 1 DAGs
[2024-12-03T21:30:58.802+0700] {logging_mixin.py:190} INFO - [2024-12-03T21:30:58.802+0700] {dag.py:4180} INFO - Setting next_dagrun for example_trigger_target_dag to None, run_after=None
[2024-12-03T21:30:58.824+0700] {processor.py:208} INFO - Processing /home/tedubuamo/project/venv/lib/python3.12/site-packages/airflow/example_dags/example_trigger_target_dag.py took 0.083 seconds
