[2024-12-03T20:57:52.605+0700] {processor.py:186} INFO - Started process (PID=1646) to work on /home/tedubuamo/project/venv/lib/python3.12/site-packages/airflow/example_dags/example_xcom.py
[2024-12-03T20:57:52.606+0700] {processor.py:914} INFO - Processing file /home/tedubuamo/project/venv/lib/python3.12/site-packages/airflow/example_dags/example_xcom.py for tasks to queue
[2024-12-03T20:57:52.609+0700] {logging_mixin.py:190} INFO - [2024-12-03T20:57:52.608+0700] {dagbag.py:588} INFO - Filling up the DagBag from /home/tedubuamo/project/venv/lib/python3.12/site-packages/airflow/example_dags/example_xcom.py
[2024-12-03T20:57:52.620+0700] {processor.py:925} INFO - DAG(s) 'example_xcom' retrieved from /home/tedubuamo/project/venv/lib/python3.12/site-packages/airflow/example_dags/example_xcom.py
[2024-12-03T20:57:52.743+0700] {logging_mixin.py:190} INFO - [2024-12-03T20:57:52.743+0700] {dag.py:3239} INFO - Sync 1 DAGs
[2024-12-03T20:57:52.763+0700] {logging_mixin.py:190} INFO - [2024-12-03T20:57:52.762+0700] {dag.py:4180} INFO - Setting next_dagrun for example_xcom to 2021-01-01 00:00:00+00:00, run_after=2021-01-01 00:00:00+00:00
[2024-12-03T20:57:52.779+0700] {processor.py:208} INFO - Processing /home/tedubuamo/project/venv/lib/python3.12/site-packages/airflow/example_dags/example_xcom.py took 0.179 seconds
[2024-12-03T20:58:48.696+0700] {processor.py:186} INFO - Started process (PID=1703) to work on /home/tedubuamo/project/venv/lib/python3.12/site-packages/airflow/example_dags/example_xcom.py
[2024-12-03T20:58:48.699+0700] {processor.py:914} INFO - Processing file /home/tedubuamo/project/venv/lib/python3.12/site-packages/airflow/example_dags/example_xcom.py for tasks to queue
[2024-12-03T20:58:48.701+0700] {logging_mixin.py:190} INFO - [2024-12-03T20:58:48.700+0700] {dagbag.py:588} INFO - Filling up the DagBag from /home/tedubuamo/project/venv/lib/python3.12/site-packages/airflow/example_dags/example_xcom.py
[2024-12-03T20:58:48.708+0700] {processor.py:925} INFO - DAG(s) 'example_xcom' retrieved from /home/tedubuamo/project/venv/lib/python3.12/site-packages/airflow/example_dags/example_xcom.py
[2024-12-03T20:58:48.718+0700] {logging_mixin.py:190} INFO - [2024-12-03T20:58:48.718+0700] {dag.py:3239} INFO - Sync 1 DAGs
[2024-12-03T20:58:48.730+0700] {logging_mixin.py:190} INFO - [2024-12-03T20:58:48.730+0700] {dag.py:4180} INFO - Setting next_dagrun for example_xcom to 2021-01-01 00:00:00+00:00, run_after=2021-01-01 00:00:00+00:00
[2024-12-03T20:58:48.747+0700] {processor.py:208} INFO - Processing /home/tedubuamo/project/venv/lib/python3.12/site-packages/airflow/example_dags/example_xcom.py took 0.055 seconds
[2024-12-03T20:59:44.506+0700] {processor.py:186} INFO - Started process (PID=1760) to work on /home/tedubuamo/project/venv/lib/python3.12/site-packages/airflow/example_dags/example_xcom.py
[2024-12-03T20:59:44.510+0700] {processor.py:914} INFO - Processing file /home/tedubuamo/project/venv/lib/python3.12/site-packages/airflow/example_dags/example_xcom.py for tasks to queue
[2024-12-03T20:59:44.511+0700] {logging_mixin.py:190} INFO - [2024-12-03T20:59:44.511+0700] {dagbag.py:588} INFO - Filling up the DagBag from /home/tedubuamo/project/venv/lib/python3.12/site-packages/airflow/example_dags/example_xcom.py
[2024-12-03T20:59:44.519+0700] {processor.py:925} INFO - DAG(s) 'example_xcom' retrieved from /home/tedubuamo/project/venv/lib/python3.12/site-packages/airflow/example_dags/example_xcom.py
[2024-12-03T20:59:44.530+0700] {logging_mixin.py:190} INFO - [2024-12-03T20:59:44.530+0700] {dag.py:3239} INFO - Sync 1 DAGs
[2024-12-03T20:59:44.542+0700] {logging_mixin.py:190} INFO - [2024-12-03T20:59:44.542+0700] {dag.py:4180} INFO - Setting next_dagrun for example_xcom to 2021-01-01 00:00:00+00:00, run_after=2021-01-01 00:00:00+00:00
[2024-12-03T20:59:44.560+0700] {processor.py:208} INFO - Processing /home/tedubuamo/project/venv/lib/python3.12/site-packages/airflow/example_dags/example_xcom.py took 0.057 seconds
[2024-12-03T21:00:37.636+0700] {processor.py:186} INFO - Started process (PID=1815) to work on /home/tedubuamo/project/venv/lib/python3.12/site-packages/airflow/example_dags/example_xcom.py
[2024-12-03T21:00:37.640+0700] {processor.py:914} INFO - Processing file /home/tedubuamo/project/venv/lib/python3.12/site-packages/airflow/example_dags/example_xcom.py for tasks to queue
[2024-12-03T21:00:37.641+0700] {logging_mixin.py:190} INFO - [2024-12-03T21:00:37.641+0700] {dagbag.py:588} INFO - Filling up the DagBag from /home/tedubuamo/project/venv/lib/python3.12/site-packages/airflow/example_dags/example_xcom.py
[2024-12-03T21:00:37.648+0700] {processor.py:925} INFO - DAG(s) 'example_xcom' retrieved from /home/tedubuamo/project/venv/lib/python3.12/site-packages/airflow/example_dags/example_xcom.py
[2024-12-03T21:00:37.659+0700] {logging_mixin.py:190} INFO - [2024-12-03T21:00:37.659+0700] {dag.py:3239} INFO - Sync 1 DAGs
[2024-12-03T21:00:37.672+0700] {logging_mixin.py:190} INFO - [2024-12-03T21:00:37.672+0700] {dag.py:4180} INFO - Setting next_dagrun for example_xcom to 2021-01-01 00:00:00+00:00, run_after=2021-01-01 00:00:00+00:00
[2024-12-03T21:00:37.689+0700] {processor.py:208} INFO - Processing /home/tedubuamo/project/venv/lib/python3.12/site-packages/airflow/example_dags/example_xcom.py took 0.057 seconds
[2024-12-03T21:05:18.800+0700] {processor.py:186} INFO - Started process (PID=2025) to work on /home/tedubuamo/project/venv/lib/python3.12/site-packages/airflow/example_dags/example_xcom.py
[2024-12-03T21:05:18.805+0700] {processor.py:914} INFO - Processing file /home/tedubuamo/project/venv/lib/python3.12/site-packages/airflow/example_dags/example_xcom.py for tasks to queue
[2024-12-03T21:05:18.806+0700] {logging_mixin.py:190} INFO - [2024-12-03T21:05:18.806+0700] {dagbag.py:588} INFO - Filling up the DagBag from /home/tedubuamo/project/venv/lib/python3.12/site-packages/airflow/example_dags/example_xcom.py
[2024-12-03T21:05:18.813+0700] {processor.py:925} INFO - DAG(s) 'example_xcom' retrieved from /home/tedubuamo/project/venv/lib/python3.12/site-packages/airflow/example_dags/example_xcom.py
[2024-12-03T21:05:18.824+0700] {logging_mixin.py:190} INFO - [2024-12-03T21:05:18.824+0700] {dag.py:3239} INFO - Sync 1 DAGs
[2024-12-03T21:05:18.839+0700] {logging_mixin.py:190} INFO - [2024-12-03T21:05:18.838+0700] {dag.py:4180} INFO - Setting next_dagrun for example_xcom to 2021-01-01 00:00:00+00:00, run_after=2021-01-01 00:00:00+00:00
[2024-12-03T21:05:18.855+0700] {processor.py:208} INFO - Processing /home/tedubuamo/project/venv/lib/python3.12/site-packages/airflow/example_dags/example_xcom.py took 0.059 seconds
[2024-12-03T21:06:13.947+0700] {processor.py:186} INFO - Started process (PID=2179) to work on /home/tedubuamo/project/venv/lib/python3.12/site-packages/airflow/example_dags/example_xcom.py
[2024-12-03T21:06:13.948+0700] {processor.py:914} INFO - Processing file /home/tedubuamo/project/venv/lib/python3.12/site-packages/airflow/example_dags/example_xcom.py for tasks to queue
[2024-12-03T21:06:13.950+0700] {logging_mixin.py:190} INFO - [2024-12-03T21:06:13.950+0700] {dagbag.py:588} INFO - Filling up the DagBag from /home/tedubuamo/project/venv/lib/python3.12/site-packages/airflow/example_dags/example_xcom.py
[2024-12-03T21:06:13.956+0700] {processor.py:925} INFO - DAG(s) 'example_xcom' retrieved from /home/tedubuamo/project/venv/lib/python3.12/site-packages/airflow/example_dags/example_xcom.py
[2024-12-03T21:06:13.967+0700] {logging_mixin.py:190} INFO - [2024-12-03T21:06:13.967+0700] {dag.py:3239} INFO - Sync 1 DAGs
[2024-12-03T21:06:13.980+0700] {logging_mixin.py:190} INFO - [2024-12-03T21:06:13.980+0700] {dag.py:4180} INFO - Setting next_dagrun for example_xcom to 2021-01-01 00:00:00+00:00, run_after=2021-01-01 00:00:00+00:00
[2024-12-03T21:06:13.997+0700] {processor.py:208} INFO - Processing /home/tedubuamo/project/venv/lib/python3.12/site-packages/airflow/example_dags/example_xcom.py took 0.053 seconds
[2024-12-03T21:06:14.874+0700] {processor.py:186} INFO - Started process (PID=2180) to work on /home/tedubuamo/project/venv/lib/python3.12/site-packages/airflow/example_dags/example_xcom.py
[2024-12-03T21:06:14.874+0700] {processor.py:914} INFO - Processing file /home/tedubuamo/project/venv/lib/python3.12/site-packages/airflow/example_dags/example_xcom.py for tasks to queue
[2024-12-03T21:06:14.876+0700] {logging_mixin.py:190} INFO - [2024-12-03T21:06:14.875+0700] {dagbag.py:588} INFO - Filling up the DagBag from /home/tedubuamo/project/venv/lib/python3.12/site-packages/airflow/example_dags/example_xcom.py
[2024-12-03T21:06:14.883+0700] {processor.py:925} INFO - DAG(s) 'example_xcom' retrieved from /home/tedubuamo/project/venv/lib/python3.12/site-packages/airflow/example_dags/example_xcom.py
[2024-12-03T21:06:14.895+0700] {logging_mixin.py:190} INFO - [2024-12-03T21:06:14.895+0700] {dag.py:3239} INFO - Sync 1 DAGs
[2024-12-03T21:06:14.910+0700] {logging_mixin.py:190} INFO - [2024-12-03T21:06:14.910+0700] {dag.py:4180} INFO - Setting next_dagrun for example_xcom to 2021-01-01 00:00:00+00:00, run_after=2021-01-01 00:00:00+00:00
[2024-12-03T21:06:14.926+0700] {processor.py:208} INFO - Processing /home/tedubuamo/project/venv/lib/python3.12/site-packages/airflow/example_dags/example_xcom.py took 0.056 seconds
[2024-12-03T21:07:10.221+0700] {processor.py:186} INFO - Started process (PID=2373) to work on /home/tedubuamo/project/venv/lib/python3.12/site-packages/airflow/example_dags/example_xcom.py
[2024-12-03T21:07:10.222+0700] {processor.py:914} INFO - Processing file /home/tedubuamo/project/venv/lib/python3.12/site-packages/airflow/example_dags/example_xcom.py for tasks to queue
[2024-12-03T21:07:10.224+0700] {logging_mixin.py:190} INFO - [2024-12-03T21:07:10.224+0700] {dagbag.py:588} INFO - Filling up the DagBag from /home/tedubuamo/project/venv/lib/python3.12/site-packages/airflow/example_dags/example_xcom.py
[2024-12-03T21:07:10.230+0700] {processor.py:925} INFO - DAG(s) 'example_xcom' retrieved from /home/tedubuamo/project/venv/lib/python3.12/site-packages/airflow/example_dags/example_xcom.py
[2024-12-03T21:07:10.241+0700] {logging_mixin.py:190} INFO - [2024-12-03T21:07:10.241+0700] {dag.py:3239} INFO - Sync 1 DAGs
[2024-12-03T21:07:10.254+0700] {logging_mixin.py:190} INFO - [2024-12-03T21:07:10.254+0700] {dag.py:4180} INFO - Setting next_dagrun for example_xcom to 2021-01-01 00:00:00+00:00, run_after=2021-01-01 00:00:00+00:00
[2024-12-03T21:07:10.270+0700] {processor.py:208} INFO - Processing /home/tedubuamo/project/venv/lib/python3.12/site-packages/airflow/example_dags/example_xcom.py took 0.053 seconds
[2024-12-03T21:07:10.443+0700] {processor.py:186} INFO - Started process (PID=2374) to work on /home/tedubuamo/project/venv/lib/python3.12/site-packages/airflow/example_dags/example_xcom.py
[2024-12-03T21:07:10.443+0700] {processor.py:914} INFO - Processing file /home/tedubuamo/project/venv/lib/python3.12/site-packages/airflow/example_dags/example_xcom.py for tasks to queue
[2024-12-03T21:07:10.444+0700] {logging_mixin.py:190} INFO - [2024-12-03T21:07:10.444+0700] {dagbag.py:588} INFO - Filling up the DagBag from /home/tedubuamo/project/venv/lib/python3.12/site-packages/airflow/example_dags/example_xcom.py
[2024-12-03T21:07:10.451+0700] {processor.py:925} INFO - DAG(s) 'example_xcom' retrieved from /home/tedubuamo/project/venv/lib/python3.12/site-packages/airflow/example_dags/example_xcom.py
[2024-12-03T21:07:10.462+0700] {logging_mixin.py:190} INFO - [2024-12-03T21:07:10.461+0700] {dag.py:3239} INFO - Sync 1 DAGs
[2024-12-03T21:07:10.474+0700] {logging_mixin.py:190} INFO - [2024-12-03T21:07:10.474+0700] {dag.py:4180} INFO - Setting next_dagrun for example_xcom to 2021-01-01 00:00:00+00:00, run_after=2021-01-01 00:00:00+00:00
[2024-12-03T21:07:10.491+0700] {processor.py:208} INFO - Processing /home/tedubuamo/project/venv/lib/python3.12/site-packages/airflow/example_dags/example_xcom.py took 0.052 seconds
[2024-12-03T21:08:02.232+0700] {processor.py:186} INFO - Started process (PID=2499) to work on /home/tedubuamo/project/venv/lib/python3.12/site-packages/airflow/example_dags/example_xcom.py
[2024-12-03T21:08:02.233+0700] {processor.py:914} INFO - Processing file /home/tedubuamo/project/venv/lib/python3.12/site-packages/airflow/example_dags/example_xcom.py for tasks to queue
[2024-12-03T21:08:02.235+0700] {logging_mixin.py:190} INFO - [2024-12-03T21:08:02.235+0700] {dagbag.py:588} INFO - Filling up the DagBag from /home/tedubuamo/project/venv/lib/python3.12/site-packages/airflow/example_dags/example_xcom.py
[2024-12-03T21:08:02.241+0700] {processor.py:925} INFO - DAG(s) 'example_xcom' retrieved from /home/tedubuamo/project/venv/lib/python3.12/site-packages/airflow/example_dags/example_xcom.py
[2024-12-03T21:08:02.252+0700] {logging_mixin.py:190} INFO - [2024-12-03T21:08:02.252+0700] {dag.py:3239} INFO - Sync 1 DAGs
[2024-12-03T21:08:02.265+0700] {logging_mixin.py:190} INFO - [2024-12-03T21:08:02.264+0700] {dag.py:4180} INFO - Setting next_dagrun for example_xcom to 2021-01-01 00:00:00+00:00, run_after=2021-01-01 00:00:00+00:00
[2024-12-03T21:08:02.282+0700] {processor.py:208} INFO - Processing /home/tedubuamo/project/venv/lib/python3.12/site-packages/airflow/example_dags/example_xcom.py took 0.055 seconds
[2024-12-03T21:08:04.189+0700] {processor.py:186} INFO - Started process (PID=2502) to work on /home/tedubuamo/project/venv/lib/python3.12/site-packages/airflow/example_dags/example_xcom.py
[2024-12-03T21:08:04.189+0700] {processor.py:914} INFO - Processing file /home/tedubuamo/project/venv/lib/python3.12/site-packages/airflow/example_dags/example_xcom.py for tasks to queue
[2024-12-03T21:08:04.191+0700] {logging_mixin.py:190} INFO - [2024-12-03T21:08:04.191+0700] {dagbag.py:588} INFO - Filling up the DagBag from /home/tedubuamo/project/venv/lib/python3.12/site-packages/airflow/example_dags/example_xcom.py
[2024-12-03T21:08:04.199+0700] {processor.py:925} INFO - DAG(s) 'example_xcom' retrieved from /home/tedubuamo/project/venv/lib/python3.12/site-packages/airflow/example_dags/example_xcom.py
[2024-12-03T21:08:04.213+0700] {logging_mixin.py:190} INFO - [2024-12-03T21:08:04.213+0700] {dag.py:3239} INFO - Sync 1 DAGs
[2024-12-03T21:08:04.228+0700] {logging_mixin.py:190} INFO - [2024-12-03T21:08:04.228+0700] {dag.py:4180} INFO - Setting next_dagrun for example_xcom to 2021-01-01 00:00:00+00:00, run_after=2021-01-01 00:00:00+00:00
[2024-12-03T21:08:04.250+0700] {processor.py:208} INFO - Processing /home/tedubuamo/project/venv/lib/python3.12/site-packages/airflow/example_dags/example_xcom.py took 0.066 seconds
[2024-12-03T21:08:55.453+0700] {processor.py:186} INFO - Started process (PID=2606) to work on /home/tedubuamo/project/venv/lib/python3.12/site-packages/airflow/example_dags/example_xcom.py
[2024-12-03T21:08:55.454+0700] {processor.py:914} INFO - Processing file /home/tedubuamo/project/venv/lib/python3.12/site-packages/airflow/example_dags/example_xcom.py for tasks to queue
[2024-12-03T21:08:55.456+0700] {logging_mixin.py:190} INFO - [2024-12-03T21:08:55.456+0700] {dagbag.py:588} INFO - Filling up the DagBag from /home/tedubuamo/project/venv/lib/python3.12/site-packages/airflow/example_dags/example_xcom.py
[2024-12-03T21:08:55.463+0700] {processor.py:925} INFO - DAG(s) 'example_xcom' retrieved from /home/tedubuamo/project/venv/lib/python3.12/site-packages/airflow/example_dags/example_xcom.py
[2024-12-03T21:08:55.474+0700] {logging_mixin.py:190} INFO - [2024-12-03T21:08:55.474+0700] {dag.py:3239} INFO - Sync 1 DAGs
[2024-12-03T21:08:55.489+0700] {logging_mixin.py:190} INFO - [2024-12-03T21:08:55.489+0700] {dag.py:4180} INFO - Setting next_dagrun for example_xcom to 2021-01-01 00:00:00+00:00, run_after=2021-01-01 00:00:00+00:00
[2024-12-03T21:08:55.506+0700] {processor.py:208} INFO - Processing /home/tedubuamo/project/venv/lib/python3.12/site-packages/airflow/example_dags/example_xcom.py took 0.056 seconds
[2024-12-03T21:08:56.174+0700] {processor.py:186} INFO - Started process (PID=2607) to work on /home/tedubuamo/project/venv/lib/python3.12/site-packages/airflow/example_dags/example_xcom.py
[2024-12-03T21:08:56.175+0700] {processor.py:914} INFO - Processing file /home/tedubuamo/project/venv/lib/python3.12/site-packages/airflow/example_dags/example_xcom.py for tasks to queue
[2024-12-03T21:08:56.176+0700] {logging_mixin.py:190} INFO - [2024-12-03T21:08:56.176+0700] {dagbag.py:588} INFO - Filling up the DagBag from /home/tedubuamo/project/venv/lib/python3.12/site-packages/airflow/example_dags/example_xcom.py
[2024-12-03T21:08:56.184+0700] {processor.py:925} INFO - DAG(s) 'example_xcom' retrieved from /home/tedubuamo/project/venv/lib/python3.12/site-packages/airflow/example_dags/example_xcom.py
[2024-12-03T21:08:56.198+0700] {logging_mixin.py:190} INFO - [2024-12-03T21:08:56.198+0700] {dag.py:3239} INFO - Sync 1 DAGs
[2024-12-03T21:08:56.215+0700] {logging_mixin.py:190} INFO - [2024-12-03T21:08:56.215+0700] {dag.py:4180} INFO - Setting next_dagrun for example_xcom to 2021-01-01 00:00:00+00:00, run_after=2021-01-01 00:00:00+00:00
[2024-12-03T21:08:56.232+0700] {processor.py:208} INFO - Processing /home/tedubuamo/project/venv/lib/python3.12/site-packages/airflow/example_dags/example_xcom.py took 0.063 seconds
[2024-12-03T21:09:45.903+0700] {processor.py:186} INFO - Started process (PID=2711) to work on /home/tedubuamo/project/venv/lib/python3.12/site-packages/airflow/example_dags/example_xcom.py
[2024-12-03T21:09:45.905+0700] {processor.py:914} INFO - Processing file /home/tedubuamo/project/venv/lib/python3.12/site-packages/airflow/example_dags/example_xcom.py for tasks to queue
[2024-12-03T21:09:45.907+0700] {logging_mixin.py:190} INFO - [2024-12-03T21:09:45.907+0700] {dagbag.py:588} INFO - Filling up the DagBag from /home/tedubuamo/project/venv/lib/python3.12/site-packages/airflow/example_dags/example_xcom.py
[2024-12-03T21:09:45.916+0700] {processor.py:925} INFO - DAG(s) 'example_xcom' retrieved from /home/tedubuamo/project/venv/lib/python3.12/site-packages/airflow/example_dags/example_xcom.py
[2024-12-03T21:09:45.929+0700] {logging_mixin.py:190} INFO - [2024-12-03T21:09:45.929+0700] {dag.py:3239} INFO - Sync 1 DAGs
[2024-12-03T21:09:45.947+0700] {logging_mixin.py:190} INFO - [2024-12-03T21:09:45.946+0700] {dag.py:4180} INFO - Setting next_dagrun for example_xcom to 2021-01-01 00:00:00+00:00, run_after=2021-01-01 00:00:00+00:00
[2024-12-03T21:09:45.974+0700] {processor.py:208} INFO - Processing /home/tedubuamo/project/venv/lib/python3.12/site-packages/airflow/example_dags/example_xcom.py took 0.078 seconds
[2024-12-03T21:09:47.290+0700] {processor.py:186} INFO - Started process (PID=2714) to work on /home/tedubuamo/project/venv/lib/python3.12/site-packages/airflow/example_dags/example_xcom.py
[2024-12-03T21:09:47.291+0700] {processor.py:914} INFO - Processing file /home/tedubuamo/project/venv/lib/python3.12/site-packages/airflow/example_dags/example_xcom.py for tasks to queue
[2024-12-03T21:09:47.292+0700] {logging_mixin.py:190} INFO - [2024-12-03T21:09:47.292+0700] {dagbag.py:588} INFO - Filling up the DagBag from /home/tedubuamo/project/venv/lib/python3.12/site-packages/airflow/example_dags/example_xcom.py
[2024-12-03T21:09:47.299+0700] {processor.py:925} INFO - DAG(s) 'example_xcom' retrieved from /home/tedubuamo/project/venv/lib/python3.12/site-packages/airflow/example_dags/example_xcom.py
[2024-12-03T21:09:47.310+0700] {logging_mixin.py:190} INFO - [2024-12-03T21:09:47.309+0700] {dag.py:3239} INFO - Sync 1 DAGs
[2024-12-03T21:09:47.322+0700] {logging_mixin.py:190} INFO - [2024-12-03T21:09:47.322+0700] {dag.py:4180} INFO - Setting next_dagrun for example_xcom to 2021-01-01 00:00:00+00:00, run_after=2021-01-01 00:00:00+00:00
[2024-12-03T21:09:47.339+0700] {processor.py:208} INFO - Processing /home/tedubuamo/project/venv/lib/python3.12/site-packages/airflow/example_dags/example_xcom.py took 0.053 seconds
[2024-12-03T21:10:39.200+0700] {processor.py:186} INFO - Started process (PID=2820) to work on /home/tedubuamo/project/venv/lib/python3.12/site-packages/airflow/example_dags/example_xcom.py
[2024-12-03T21:10:39.202+0700] {processor.py:914} INFO - Processing file /home/tedubuamo/project/venv/lib/python3.12/site-packages/airflow/example_dags/example_xcom.py for tasks to queue
[2024-12-03T21:10:39.204+0700] {logging_mixin.py:190} INFO - [2024-12-03T21:10:39.204+0700] {dagbag.py:588} INFO - Filling up the DagBag from /home/tedubuamo/project/venv/lib/python3.12/site-packages/airflow/example_dags/example_xcom.py
[2024-12-03T21:10:39.212+0700] {processor.py:925} INFO - DAG(s) 'example_xcom' retrieved from /home/tedubuamo/project/venv/lib/python3.12/site-packages/airflow/example_dags/example_xcom.py
[2024-12-03T21:10:39.224+0700] {logging_mixin.py:190} INFO - [2024-12-03T21:10:39.224+0700] {dag.py:3239} INFO - Sync 1 DAGs
[2024-12-03T21:10:39.239+0700] {logging_mixin.py:190} INFO - [2024-12-03T21:10:39.239+0700] {dag.py:4180} INFO - Setting next_dagrun for example_xcom to 2021-01-01 00:00:00+00:00, run_after=2021-01-01 00:00:00+00:00
[2024-12-03T21:10:39.257+0700] {processor.py:208} INFO - Processing /home/tedubuamo/project/venv/lib/python3.12/site-packages/airflow/example_dags/example_xcom.py took 0.060 seconds
[2024-12-03T21:10:40.244+0700] {processor.py:186} INFO - Started process (PID=2821) to work on /home/tedubuamo/project/venv/lib/python3.12/site-packages/airflow/example_dags/example_xcom.py
[2024-12-03T21:10:40.244+0700] {processor.py:914} INFO - Processing file /home/tedubuamo/project/venv/lib/python3.12/site-packages/airflow/example_dags/example_xcom.py for tasks to queue
[2024-12-03T21:10:40.246+0700] {logging_mixin.py:190} INFO - [2024-12-03T21:10:40.246+0700] {dagbag.py:588} INFO - Filling up the DagBag from /home/tedubuamo/project/venv/lib/python3.12/site-packages/airflow/example_dags/example_xcom.py
[2024-12-03T21:10:40.253+0700] {processor.py:925} INFO - DAG(s) 'example_xcom' retrieved from /home/tedubuamo/project/venv/lib/python3.12/site-packages/airflow/example_dags/example_xcom.py
[2024-12-03T21:10:40.267+0700] {logging_mixin.py:190} INFO - [2024-12-03T21:10:40.267+0700] {dag.py:3239} INFO - Sync 1 DAGs
[2024-12-03T21:10:40.282+0700] {logging_mixin.py:190} INFO - [2024-12-03T21:10:40.282+0700] {dag.py:4180} INFO - Setting next_dagrun for example_xcom to 2021-01-01 00:00:00+00:00, run_after=2021-01-01 00:00:00+00:00
[2024-12-03T21:10:40.301+0700] {processor.py:208} INFO - Processing /home/tedubuamo/project/venv/lib/python3.12/site-packages/airflow/example_dags/example_xcom.py took 0.061 seconds
[2024-12-03T21:11:31.990+0700] {processor.py:186} INFO - Started process (PID=2927) to work on /home/tedubuamo/project/venv/lib/python3.12/site-packages/airflow/example_dags/example_xcom.py
[2024-12-03T21:11:31.992+0700] {processor.py:914} INFO - Processing file /home/tedubuamo/project/venv/lib/python3.12/site-packages/airflow/example_dags/example_xcom.py for tasks to queue
[2024-12-03T21:11:31.995+0700] {logging_mixin.py:190} INFO - [2024-12-03T21:11:31.995+0700] {dagbag.py:588} INFO - Filling up the DagBag from /home/tedubuamo/project/venv/lib/python3.12/site-packages/airflow/example_dags/example_xcom.py
[2024-12-03T21:11:32.019+0700] {processor.py:925} INFO - DAG(s) 'example_xcom' retrieved from /home/tedubuamo/project/venv/lib/python3.12/site-packages/airflow/example_dags/example_xcom.py
[2024-12-03T21:11:32.039+0700] {logging_mixin.py:190} INFO - [2024-12-03T21:11:32.038+0700] {dag.py:3239} INFO - Sync 1 DAGs
[2024-12-03T21:11:32.069+0700] {logging_mixin.py:190} INFO - [2024-12-03T21:11:32.068+0700] {dag.py:4180} INFO - Setting next_dagrun for example_xcom to 2021-01-01 00:00:00+00:00, run_after=2021-01-01 00:00:00+00:00
[2024-12-03T21:11:32.093+0700] {processor.py:208} INFO - Processing /home/tedubuamo/project/venv/lib/python3.12/site-packages/airflow/example_dags/example_xcom.py took 0.111 seconds
[2024-12-03T21:11:33.535+0700] {processor.py:186} INFO - Started process (PID=2930) to work on /home/tedubuamo/project/venv/lib/python3.12/site-packages/airflow/example_dags/example_xcom.py
[2024-12-03T21:11:33.535+0700] {processor.py:914} INFO - Processing file /home/tedubuamo/project/venv/lib/python3.12/site-packages/airflow/example_dags/example_xcom.py for tasks to queue
[2024-12-03T21:11:33.537+0700] {logging_mixin.py:190} INFO - [2024-12-03T21:11:33.536+0700] {dagbag.py:588} INFO - Filling up the DagBag from /home/tedubuamo/project/venv/lib/python3.12/site-packages/airflow/example_dags/example_xcom.py
[2024-12-03T21:11:33.544+0700] {processor.py:925} INFO - DAG(s) 'example_xcom' retrieved from /home/tedubuamo/project/venv/lib/python3.12/site-packages/airflow/example_dags/example_xcom.py
[2024-12-03T21:11:33.556+0700] {logging_mixin.py:190} INFO - [2024-12-03T21:11:33.555+0700] {dag.py:3239} INFO - Sync 1 DAGs
[2024-12-03T21:11:33.574+0700] {logging_mixin.py:190} INFO - [2024-12-03T21:11:33.574+0700] {dag.py:4180} INFO - Setting next_dagrun for example_xcom to 2021-01-01 00:00:00+00:00, run_after=2021-01-01 00:00:00+00:00
[2024-12-03T21:11:33.595+0700] {processor.py:208} INFO - Processing /home/tedubuamo/project/venv/lib/python3.12/site-packages/airflow/example_dags/example_xcom.py took 0.064 seconds
[2024-12-03T21:12:23.173+0700] {processor.py:186} INFO - Started process (PID=3059) to work on /home/tedubuamo/project/venv/lib/python3.12/site-packages/airflow/example_dags/example_xcom.py
[2024-12-03T21:12:23.174+0700] {processor.py:914} INFO - Processing file /home/tedubuamo/project/venv/lib/python3.12/site-packages/airflow/example_dags/example_xcom.py for tasks to queue
[2024-12-03T21:12:23.176+0700] {logging_mixin.py:190} INFO - [2024-12-03T21:12:23.175+0700] {dagbag.py:588} INFO - Filling up the DagBag from /home/tedubuamo/project/venv/lib/python3.12/site-packages/airflow/example_dags/example_xcom.py
[2024-12-03T21:12:23.183+0700] {processor.py:925} INFO - DAG(s) 'example_xcom' retrieved from /home/tedubuamo/project/venv/lib/python3.12/site-packages/airflow/example_dags/example_xcom.py
[2024-12-03T21:12:23.195+0700] {logging_mixin.py:190} INFO - [2024-12-03T21:12:23.195+0700] {dag.py:3239} INFO - Sync 1 DAGs
[2024-12-03T21:12:23.208+0700] {logging_mixin.py:190} INFO - [2024-12-03T21:12:23.208+0700] {dag.py:4180} INFO - Setting next_dagrun for example_xcom to 2021-01-01 00:00:00+00:00, run_after=2021-01-01 00:00:00+00:00
[2024-12-03T21:12:23.225+0700] {processor.py:208} INFO - Processing /home/tedubuamo/project/venv/lib/python3.12/site-packages/airflow/example_dags/example_xcom.py took 0.058 seconds
[2024-12-03T21:12:27.365+0700] {processor.py:186} INFO - Started process (PID=3068) to work on /home/tedubuamo/project/venv/lib/python3.12/site-packages/airflow/example_dags/example_xcom.py
[2024-12-03T21:12:27.366+0700] {processor.py:914} INFO - Processing file /home/tedubuamo/project/venv/lib/python3.12/site-packages/airflow/example_dags/example_xcom.py for tasks to queue
[2024-12-03T21:12:27.368+0700] {logging_mixin.py:190} INFO - [2024-12-03T21:12:27.367+0700] {dagbag.py:588} INFO - Filling up the DagBag from /home/tedubuamo/project/venv/lib/python3.12/site-packages/airflow/example_dags/example_xcom.py
[2024-12-03T21:12:27.375+0700] {processor.py:925} INFO - DAG(s) 'example_xcom' retrieved from /home/tedubuamo/project/venv/lib/python3.12/site-packages/airflow/example_dags/example_xcom.py
[2024-12-03T21:12:27.387+0700] {logging_mixin.py:190} INFO - [2024-12-03T21:12:27.387+0700] {dag.py:3239} INFO - Sync 1 DAGs
[2024-12-03T21:12:27.402+0700] {logging_mixin.py:190} INFO - [2024-12-03T21:12:27.402+0700] {dag.py:4180} INFO - Setting next_dagrun for example_xcom to 2021-01-01 00:00:00+00:00, run_after=2021-01-01 00:00:00+00:00
[2024-12-03T21:12:27.419+0700] {processor.py:208} INFO - Processing /home/tedubuamo/project/venv/lib/python3.12/site-packages/airflow/example_dags/example_xcom.py took 0.058 seconds
[2024-12-03T21:13:13.637+0700] {processor.py:186} INFO - Started process (PID=3171) to work on /home/tedubuamo/project/venv/lib/python3.12/site-packages/airflow/example_dags/example_xcom.py
[2024-12-03T21:13:13.639+0700] {processor.py:914} INFO - Processing file /home/tedubuamo/project/venv/lib/python3.12/site-packages/airflow/example_dags/example_xcom.py for tasks to queue
[2024-12-03T21:13:13.641+0700] {logging_mixin.py:190} INFO - [2024-12-03T21:13:13.641+0700] {dagbag.py:588} INFO - Filling up the DagBag from /home/tedubuamo/project/venv/lib/python3.12/site-packages/airflow/example_dags/example_xcom.py
[2024-12-03T21:13:13.652+0700] {processor.py:925} INFO - DAG(s) 'example_xcom' retrieved from /home/tedubuamo/project/venv/lib/python3.12/site-packages/airflow/example_dags/example_xcom.py
[2024-12-03T21:13:13.671+0700] {logging_mixin.py:190} INFO - [2024-12-03T21:13:13.670+0700] {dag.py:3239} INFO - Sync 1 DAGs
[2024-12-03T21:13:13.696+0700] {logging_mixin.py:190} INFO - [2024-12-03T21:13:13.696+0700] {dag.py:4180} INFO - Setting next_dagrun for example_xcom to 2021-01-01 00:00:00+00:00, run_after=2021-01-01 00:00:00+00:00
[2024-12-03T21:13:13.731+0700] {processor.py:208} INFO - Processing /home/tedubuamo/project/venv/lib/python3.12/site-packages/airflow/example_dags/example_xcom.py took 0.101 seconds
[2024-12-03T21:13:22.220+0700] {processor.py:186} INFO - Started process (PID=3187) to work on /home/tedubuamo/project/venv/lib/python3.12/site-packages/airflow/example_dags/example_xcom.py
[2024-12-03T21:13:22.221+0700] {processor.py:914} INFO - Processing file /home/tedubuamo/project/venv/lib/python3.12/site-packages/airflow/example_dags/example_xcom.py for tasks to queue
[2024-12-03T21:13:22.222+0700] {logging_mixin.py:190} INFO - [2024-12-03T21:13:22.222+0700] {dagbag.py:588} INFO - Filling up the DagBag from /home/tedubuamo/project/venv/lib/python3.12/site-packages/airflow/example_dags/example_xcom.py
[2024-12-03T21:13:22.229+0700] {processor.py:925} INFO - DAG(s) 'example_xcom' retrieved from /home/tedubuamo/project/venv/lib/python3.12/site-packages/airflow/example_dags/example_xcom.py
[2024-12-03T21:13:22.240+0700] {logging_mixin.py:190} INFO - [2024-12-03T21:13:22.240+0700] {dag.py:3239} INFO - Sync 1 DAGs
[2024-12-03T21:13:22.254+0700] {logging_mixin.py:190} INFO - [2024-12-03T21:13:22.254+0700] {dag.py:4180} INFO - Setting next_dagrun for example_xcom to 2021-01-01 00:00:00+00:00, run_after=2021-01-01 00:00:00+00:00
[2024-12-03T21:13:22.270+0700] {processor.py:208} INFO - Processing /home/tedubuamo/project/venv/lib/python3.12/site-packages/airflow/example_dags/example_xcom.py took 0.054 seconds
[2024-12-03T21:14:05.034+0700] {processor.py:186} INFO - Started process (PID=3278) to work on /home/tedubuamo/project/venv/lib/python3.12/site-packages/airflow/example_dags/example_xcom.py
[2024-12-03T21:14:05.047+0700] {processor.py:914} INFO - Processing file /home/tedubuamo/project/venv/lib/python3.12/site-packages/airflow/example_dags/example_xcom.py for tasks to queue
[2024-12-03T21:14:05.050+0700] {logging_mixin.py:190} INFO - [2024-12-03T21:14:05.050+0700] {dagbag.py:588} INFO - Filling up the DagBag from /home/tedubuamo/project/venv/lib/python3.12/site-packages/airflow/example_dags/example_xcom.py
[2024-12-03T21:14:05.063+0700] {processor.py:925} INFO - DAG(s) 'example_xcom' retrieved from /home/tedubuamo/project/venv/lib/python3.12/site-packages/airflow/example_dags/example_xcom.py
[2024-12-03T21:14:05.084+0700] {logging_mixin.py:190} INFO - [2024-12-03T21:14:05.084+0700] {dag.py:3239} INFO - Sync 1 DAGs
[2024-12-03T21:14:05.111+0700] {logging_mixin.py:190} INFO - [2024-12-03T21:14:05.110+0700] {dag.py:4180} INFO - Setting next_dagrun for example_xcom to 2021-01-01 00:00:00+00:00, run_after=2021-01-01 00:00:00+00:00
[2024-12-03T21:14:05.156+0700] {processor.py:208} INFO - Processing /home/tedubuamo/project/venv/lib/python3.12/site-packages/airflow/example_dags/example_xcom.py took 0.133 seconds
[2024-12-03T21:14:13.910+0700] {processor.py:186} INFO - Started process (PID=3295) to work on /home/tedubuamo/project/venv/lib/python3.12/site-packages/airflow/example_dags/example_xcom.py
[2024-12-03T21:14:13.910+0700] {processor.py:914} INFO - Processing file /home/tedubuamo/project/venv/lib/python3.12/site-packages/airflow/example_dags/example_xcom.py for tasks to queue
[2024-12-03T21:14:13.913+0700] {logging_mixin.py:190} INFO - [2024-12-03T21:14:13.912+0700] {dagbag.py:588} INFO - Filling up the DagBag from /home/tedubuamo/project/venv/lib/python3.12/site-packages/airflow/example_dags/example_xcom.py
[2024-12-03T21:14:13.924+0700] {processor.py:925} INFO - DAG(s) 'example_xcom' retrieved from /home/tedubuamo/project/venv/lib/python3.12/site-packages/airflow/example_dags/example_xcom.py
[2024-12-03T21:14:13.938+0700] {logging_mixin.py:190} INFO - [2024-12-03T21:14:13.938+0700] {dag.py:3239} INFO - Sync 1 DAGs
[2024-12-03T21:14:13.956+0700] {logging_mixin.py:190} INFO - [2024-12-03T21:14:13.955+0700] {dag.py:4180} INFO - Setting next_dagrun for example_xcom to 2021-01-01 00:00:00+00:00, run_after=2021-01-01 00:00:00+00:00
[2024-12-03T21:14:13.993+0700] {processor.py:208} INFO - Processing /home/tedubuamo/project/venv/lib/python3.12/site-packages/airflow/example_dags/example_xcom.py took 0.089 seconds
[2024-12-03T21:14:56.535+0700] {processor.py:186} INFO - Started process (PID=3385) to work on /home/tedubuamo/project/venv/lib/python3.12/site-packages/airflow/example_dags/example_xcom.py
[2024-12-03T21:14:56.538+0700] {processor.py:914} INFO - Processing file /home/tedubuamo/project/venv/lib/python3.12/site-packages/airflow/example_dags/example_xcom.py for tasks to queue
[2024-12-03T21:14:56.540+0700] {logging_mixin.py:190} INFO - [2024-12-03T21:14:56.540+0700] {dagbag.py:588} INFO - Filling up the DagBag from /home/tedubuamo/project/venv/lib/python3.12/site-packages/airflow/example_dags/example_xcom.py
[2024-12-03T21:14:56.547+0700] {processor.py:925} INFO - DAG(s) 'example_xcom' retrieved from /home/tedubuamo/project/venv/lib/python3.12/site-packages/airflow/example_dags/example_xcom.py
[2024-12-03T21:14:56.558+0700] {logging_mixin.py:190} INFO - [2024-12-03T21:14:56.557+0700] {dag.py:3239} INFO - Sync 1 DAGs
[2024-12-03T21:14:56.570+0700] {logging_mixin.py:190} INFO - [2024-12-03T21:14:56.570+0700] {dag.py:4180} INFO - Setting next_dagrun for example_xcom to 2021-01-01 00:00:00+00:00, run_after=2021-01-01 00:00:00+00:00
[2024-12-03T21:14:56.587+0700] {processor.py:208} INFO - Processing /home/tedubuamo/project/venv/lib/python3.12/site-packages/airflow/example_dags/example_xcom.py took 0.056 seconds
[2024-12-03T21:15:03.072+0700] {processor.py:186} INFO - Started process (PID=3399) to work on /home/tedubuamo/project/venv/lib/python3.12/site-packages/airflow/example_dags/example_xcom.py
[2024-12-03T21:15:03.073+0700] {processor.py:914} INFO - Processing file /home/tedubuamo/project/venv/lib/python3.12/site-packages/airflow/example_dags/example_xcom.py for tasks to queue
[2024-12-03T21:15:03.074+0700] {logging_mixin.py:190} INFO - [2024-12-03T21:15:03.074+0700] {dagbag.py:588} INFO - Filling up the DagBag from /home/tedubuamo/project/venv/lib/python3.12/site-packages/airflow/example_dags/example_xcom.py
[2024-12-03T21:15:03.082+0700] {processor.py:925} INFO - DAG(s) 'example_xcom' retrieved from /home/tedubuamo/project/venv/lib/python3.12/site-packages/airflow/example_dags/example_xcom.py
[2024-12-03T21:15:03.094+0700] {logging_mixin.py:190} INFO - [2024-12-03T21:15:03.094+0700] {dag.py:3239} INFO - Sync 1 DAGs
[2024-12-03T21:15:03.109+0700] {logging_mixin.py:190} INFO - [2024-12-03T21:15:03.109+0700] {dag.py:4180} INFO - Setting next_dagrun for example_xcom to 2021-01-01 00:00:00+00:00, run_after=2021-01-01 00:00:00+00:00
[2024-12-03T21:15:03.132+0700] {processor.py:208} INFO - Processing /home/tedubuamo/project/venv/lib/python3.12/site-packages/airflow/example_dags/example_xcom.py took 0.064 seconds
[2024-12-03T21:15:46.294+0700] {processor.py:186} INFO - Started process (PID=3487) to work on /home/tedubuamo/project/venv/lib/python3.12/site-packages/airflow/example_dags/example_xcom.py
[2024-12-03T21:15:46.298+0700] {processor.py:914} INFO - Processing file /home/tedubuamo/project/venv/lib/python3.12/site-packages/airflow/example_dags/example_xcom.py for tasks to queue
[2024-12-03T21:15:46.300+0700] {logging_mixin.py:190} INFO - [2024-12-03T21:15:46.299+0700] {dagbag.py:588} INFO - Filling up the DagBag from /home/tedubuamo/project/venv/lib/python3.12/site-packages/airflow/example_dags/example_xcom.py
[2024-12-03T21:15:46.307+0700] {processor.py:925} INFO - DAG(s) 'example_xcom' retrieved from /home/tedubuamo/project/venv/lib/python3.12/site-packages/airflow/example_dags/example_xcom.py
[2024-12-03T21:15:46.319+0700] {logging_mixin.py:190} INFO - [2024-12-03T21:15:46.319+0700] {dag.py:3239} INFO - Sync 1 DAGs
[2024-12-03T21:15:46.334+0700] {logging_mixin.py:190} INFO - [2024-12-03T21:15:46.333+0700] {dag.py:4180} INFO - Setting next_dagrun for example_xcom to 2021-01-01 00:00:00+00:00, run_after=2021-01-01 00:00:00+00:00
[2024-12-03T21:15:46.352+0700] {processor.py:208} INFO - Processing /home/tedubuamo/project/venv/lib/python3.12/site-packages/airflow/example_dags/example_xcom.py took 0.063 seconds
[2024-12-03T21:15:52.047+0700] {processor.py:186} INFO - Started process (PID=3500) to work on /home/tedubuamo/project/venv/lib/python3.12/site-packages/airflow/example_dags/example_xcom.py
[2024-12-03T21:15:52.048+0700] {processor.py:914} INFO - Processing file /home/tedubuamo/project/venv/lib/python3.12/site-packages/airflow/example_dags/example_xcom.py for tasks to queue
[2024-12-03T21:15:52.050+0700] {logging_mixin.py:190} INFO - [2024-12-03T21:15:52.050+0700] {dagbag.py:588} INFO - Filling up the DagBag from /home/tedubuamo/project/venv/lib/python3.12/site-packages/airflow/example_dags/example_xcom.py
[2024-12-03T21:15:52.061+0700] {processor.py:925} INFO - DAG(s) 'example_xcom' retrieved from /home/tedubuamo/project/venv/lib/python3.12/site-packages/airflow/example_dags/example_xcom.py
[2024-12-03T21:15:52.074+0700] {logging_mixin.py:190} INFO - [2024-12-03T21:15:52.074+0700] {dag.py:3239} INFO - Sync 1 DAGs
[2024-12-03T21:15:52.090+0700] {logging_mixin.py:190} INFO - [2024-12-03T21:15:52.090+0700] {dag.py:4180} INFO - Setting next_dagrun for example_xcom to 2021-01-01 00:00:00+00:00, run_after=2021-01-01 00:00:00+00:00
[2024-12-03T21:15:52.106+0700] {processor.py:208} INFO - Processing /home/tedubuamo/project/venv/lib/python3.12/site-packages/airflow/example_dags/example_xcom.py took 0.064 seconds
[2024-12-03T21:16:39.008+0700] {processor.py:186} INFO - Started process (PID=3613) to work on /home/tedubuamo/project/venv/lib/python3.12/site-packages/airflow/example_dags/example_xcom.py
[2024-12-03T21:16:39.009+0700] {processor.py:914} INFO - Processing file /home/tedubuamo/project/venv/lib/python3.12/site-packages/airflow/example_dags/example_xcom.py for tasks to queue
[2024-12-03T21:16:39.011+0700] {logging_mixin.py:190} INFO - [2024-12-03T21:16:39.011+0700] {dagbag.py:588} INFO - Filling up the DagBag from /home/tedubuamo/project/venv/lib/python3.12/site-packages/airflow/example_dags/example_xcom.py
[2024-12-03T21:16:39.018+0700] {processor.py:925} INFO - DAG(s) 'example_xcom' retrieved from /home/tedubuamo/project/venv/lib/python3.12/site-packages/airflow/example_dags/example_xcom.py
[2024-12-03T21:16:39.030+0700] {logging_mixin.py:190} INFO - [2024-12-03T21:16:39.029+0700] {dag.py:3239} INFO - Sync 1 DAGs
[2024-12-03T21:16:39.043+0700] {logging_mixin.py:190} INFO - [2024-12-03T21:16:39.042+0700] {dag.py:4180} INFO - Setting next_dagrun for example_xcom to 2021-01-01 00:00:00+00:00, run_after=2021-01-01 00:00:00+00:00
[2024-12-03T21:16:39.062+0700] {processor.py:208} INFO - Processing /home/tedubuamo/project/venv/lib/python3.12/site-packages/airflow/example_dags/example_xcom.py took 0.058 seconds
[2024-12-03T21:16:43.771+0700] {processor.py:186} INFO - Started process (PID=3627) to work on /home/tedubuamo/project/venv/lib/python3.12/site-packages/airflow/example_dags/example_xcom.py
[2024-12-03T21:16:43.772+0700] {processor.py:914} INFO - Processing file /home/tedubuamo/project/venv/lib/python3.12/site-packages/airflow/example_dags/example_xcom.py for tasks to queue
[2024-12-03T21:16:43.773+0700] {logging_mixin.py:190} INFO - [2024-12-03T21:16:43.773+0700] {dagbag.py:588} INFO - Filling up the DagBag from /home/tedubuamo/project/venv/lib/python3.12/site-packages/airflow/example_dags/example_xcom.py
[2024-12-03T21:16:43.781+0700] {processor.py:925} INFO - DAG(s) 'example_xcom' retrieved from /home/tedubuamo/project/venv/lib/python3.12/site-packages/airflow/example_dags/example_xcom.py
[2024-12-03T21:16:43.795+0700] {logging_mixin.py:190} INFO - [2024-12-03T21:16:43.795+0700] {dag.py:3239} INFO - Sync 1 DAGs
[2024-12-03T21:16:43.808+0700] {logging_mixin.py:190} INFO - [2024-12-03T21:16:43.808+0700] {dag.py:4180} INFO - Setting next_dagrun for example_xcom to 2021-01-01 00:00:00+00:00, run_after=2021-01-01 00:00:00+00:00
[2024-12-03T21:16:43.832+0700] {processor.py:208} INFO - Processing /home/tedubuamo/project/venv/lib/python3.12/site-packages/airflow/example_dags/example_xcom.py took 0.064 seconds
[2024-12-03T21:17:33.946+0700] {processor.py:186} INFO - Started process (PID=3754) to work on /home/tedubuamo/project/venv/lib/python3.12/site-packages/airflow/example_dags/example_xcom.py
[2024-12-03T21:17:33.948+0700] {processor.py:914} INFO - Processing file /home/tedubuamo/project/venv/lib/python3.12/site-packages/airflow/example_dags/example_xcom.py for tasks to queue
[2024-12-03T21:17:33.950+0700] {logging_mixin.py:190} INFO - [2024-12-03T21:17:33.949+0700] {dagbag.py:588} INFO - Filling up the DagBag from /home/tedubuamo/project/venv/lib/python3.12/site-packages/airflow/example_dags/example_xcom.py
[2024-12-03T21:17:33.957+0700] {processor.py:925} INFO - DAG(s) 'example_xcom' retrieved from /home/tedubuamo/project/venv/lib/python3.12/site-packages/airflow/example_dags/example_xcom.py
[2024-12-03T21:17:33.968+0700] {logging_mixin.py:190} INFO - [2024-12-03T21:17:33.968+0700] {dag.py:3239} INFO - Sync 1 DAGs
[2024-12-03T21:17:33.982+0700] {logging_mixin.py:190} INFO - [2024-12-03T21:17:33.981+0700] {dag.py:4180} INFO - Setting next_dagrun for example_xcom to 2021-01-01 00:00:00+00:00, run_after=2021-01-01 00:00:00+00:00
[2024-12-03T21:17:34.000+0700] {processor.py:208} INFO - Processing /home/tedubuamo/project/venv/lib/python3.12/site-packages/airflow/example_dags/example_xcom.py took 0.058 seconds
[2024-12-03T21:17:34.716+0700] {processor.py:186} INFO - Started process (PID=3756) to work on /home/tedubuamo/project/venv/lib/python3.12/site-packages/airflow/example_dags/example_xcom.py
[2024-12-03T21:17:34.717+0700] {processor.py:914} INFO - Processing file /home/tedubuamo/project/venv/lib/python3.12/site-packages/airflow/example_dags/example_xcom.py for tasks to queue
[2024-12-03T21:17:34.718+0700] {logging_mixin.py:190} INFO - [2024-12-03T21:17:34.718+0700] {dagbag.py:588} INFO - Filling up the DagBag from /home/tedubuamo/project/venv/lib/python3.12/site-packages/airflow/example_dags/example_xcom.py
[2024-12-03T21:17:34.725+0700] {processor.py:925} INFO - DAG(s) 'example_xcom' retrieved from /home/tedubuamo/project/venv/lib/python3.12/site-packages/airflow/example_dags/example_xcom.py
[2024-12-03T21:17:34.736+0700] {logging_mixin.py:190} INFO - [2024-12-03T21:17:34.736+0700] {dag.py:3239} INFO - Sync 1 DAGs
[2024-12-03T21:17:34.749+0700] {logging_mixin.py:190} INFO - [2024-12-03T21:17:34.749+0700] {dag.py:4180} INFO - Setting next_dagrun for example_xcom to 2021-01-01 00:00:00+00:00, run_after=2021-01-01 00:00:00+00:00
[2024-12-03T21:17:34.765+0700] {processor.py:208} INFO - Processing /home/tedubuamo/project/venv/lib/python3.12/site-packages/airflow/example_dags/example_xcom.py took 0.052 seconds
[2024-12-03T21:19:18.914+0700] {processor.py:186} INFO - Started process (PID=3959) to work on /home/tedubuamo/project/venv/lib/python3.12/site-packages/airflow/example_dags/example_xcom.py
[2024-12-03T21:19:18.918+0700] {processor.py:914} INFO - Processing file /home/tedubuamo/project/venv/lib/python3.12/site-packages/airflow/example_dags/example_xcom.py for tasks to queue
[2024-12-03T21:19:18.920+0700] {logging_mixin.py:190} INFO - [2024-12-03T21:19:18.919+0700] {dagbag.py:588} INFO - Filling up the DagBag from /home/tedubuamo/project/venv/lib/python3.12/site-packages/airflow/example_dags/example_xcom.py
[2024-12-03T21:19:18.926+0700] {processor.py:925} INFO - DAG(s) 'example_xcom' retrieved from /home/tedubuamo/project/venv/lib/python3.12/site-packages/airflow/example_dags/example_xcom.py
[2024-12-03T21:19:18.993+0700] {logging_mixin.py:190} INFO - [2024-12-03T21:19:18.993+0700] {dag.py:3239} INFO - Sync 1 DAGs
[2024-12-03T21:19:19.006+0700] {logging_mixin.py:190} INFO - [2024-12-03T21:19:19.006+0700] {dag.py:4180} INFO - Setting next_dagrun for example_xcom to 2021-01-01 00:00:00+00:00, run_after=2021-01-01 00:00:00+00:00
[2024-12-03T21:19:19.025+0700] {processor.py:208} INFO - Processing /home/tedubuamo/project/venv/lib/python3.12/site-packages/airflow/example_dags/example_xcom.py took 0.116 seconds
[2024-12-03T21:20:15.721+0700] {processor.py:186} INFO - Started process (PID=4017) to work on /home/tedubuamo/project/venv/lib/python3.12/site-packages/airflow/example_dags/example_xcom.py
[2024-12-03T21:20:15.722+0700] {processor.py:914} INFO - Processing file /home/tedubuamo/project/venv/lib/python3.12/site-packages/airflow/example_dags/example_xcom.py for tasks to queue
[2024-12-03T21:20:15.725+0700] {logging_mixin.py:190} INFO - [2024-12-03T21:20:15.725+0700] {dagbag.py:588} INFO - Filling up the DagBag from /home/tedubuamo/project/venv/lib/python3.12/site-packages/airflow/example_dags/example_xcom.py
[2024-12-03T21:20:15.733+0700] {processor.py:925} INFO - DAG(s) 'example_xcom' retrieved from /home/tedubuamo/project/venv/lib/python3.12/site-packages/airflow/example_dags/example_xcom.py
[2024-12-03T21:20:15.760+0700] {logging_mixin.py:190} INFO - [2024-12-03T21:20:15.760+0700] {dag.py:3239} INFO - Sync 1 DAGs
[2024-12-03T21:20:15.786+0700] {logging_mixin.py:190} INFO - [2024-12-03T21:20:15.786+0700] {dag.py:4180} INFO - Setting next_dagrun for example_xcom to 2021-01-01 00:00:00+00:00, run_after=2021-01-01 00:00:00+00:00
[2024-12-03T21:20:15.807+0700] {processor.py:208} INFO - Processing /home/tedubuamo/project/venv/lib/python3.12/site-packages/airflow/example_dags/example_xcom.py took 0.090 seconds
[2024-12-03T21:21:17.665+0700] {processor.py:186} INFO - Started process (PID=4120) to work on /home/tedubuamo/project/venv/lib/python3.12/site-packages/airflow/example_dags/example_xcom.py
[2024-12-03T21:21:17.668+0700] {processor.py:914} INFO - Processing file /home/tedubuamo/project/venv/lib/python3.12/site-packages/airflow/example_dags/example_xcom.py for tasks to queue
[2024-12-03T21:21:17.670+0700] {logging_mixin.py:190} INFO - [2024-12-03T21:21:17.670+0700] {dagbag.py:588} INFO - Filling up the DagBag from /home/tedubuamo/project/venv/lib/python3.12/site-packages/airflow/example_dags/example_xcom.py
[2024-12-03T21:21:17.678+0700] {processor.py:925} INFO - DAG(s) 'example_xcom' retrieved from /home/tedubuamo/project/venv/lib/python3.12/site-packages/airflow/example_dags/example_xcom.py
[2024-12-03T21:21:17.689+0700] {logging_mixin.py:190} INFO - [2024-12-03T21:21:17.688+0700] {dag.py:3239} INFO - Sync 1 DAGs
[2024-12-03T21:21:17.703+0700] {logging_mixin.py:190} INFO - [2024-12-03T21:21:17.703+0700] {dag.py:4180} INFO - Setting next_dagrun for example_xcom to 2021-01-01 00:00:00+00:00, run_after=2021-01-01 00:00:00+00:00
[2024-12-03T21:21:17.720+0700] {processor.py:208} INFO - Processing /home/tedubuamo/project/venv/lib/python3.12/site-packages/airflow/example_dags/example_xcom.py took 0.059 seconds
[2024-12-03T21:22:15.361+0700] {processor.py:186} INFO - Started process (PID=4203) to work on /home/tedubuamo/project/venv/lib/python3.12/site-packages/airflow/example_dags/example_xcom.py
[2024-12-03T21:22:15.362+0700] {processor.py:914} INFO - Processing file /home/tedubuamo/project/venv/lib/python3.12/site-packages/airflow/example_dags/example_xcom.py for tasks to queue
[2024-12-03T21:22:15.364+0700] {logging_mixin.py:190} INFO - [2024-12-03T21:22:15.363+0700] {dagbag.py:588} INFO - Filling up the DagBag from /home/tedubuamo/project/venv/lib/python3.12/site-packages/airflow/example_dags/example_xcom.py
[2024-12-03T21:22:15.371+0700] {processor.py:925} INFO - DAG(s) 'example_xcom' retrieved from /home/tedubuamo/project/venv/lib/python3.12/site-packages/airflow/example_dags/example_xcom.py
[2024-12-03T21:22:15.381+0700] {logging_mixin.py:190} INFO - [2024-12-03T21:22:15.381+0700] {dag.py:3239} INFO - Sync 1 DAGs
[2024-12-03T21:22:15.395+0700] {logging_mixin.py:190} INFO - [2024-12-03T21:22:15.394+0700] {dag.py:4180} INFO - Setting next_dagrun for example_xcom to 2021-01-01 00:00:00+00:00, run_after=2021-01-01 00:00:00+00:00
[2024-12-03T21:22:15.412+0700] {processor.py:208} INFO - Processing /home/tedubuamo/project/venv/lib/python3.12/site-packages/airflow/example_dags/example_xcom.py took 0.055 seconds
[2024-12-03T21:23:16.231+0700] {processor.py:186} INFO - Started process (PID=4283) to work on /home/tedubuamo/project/venv/lib/python3.12/site-packages/airflow/example_dags/example_xcom.py
[2024-12-03T21:23:16.233+0700] {processor.py:914} INFO - Processing file /home/tedubuamo/project/venv/lib/python3.12/site-packages/airflow/example_dags/example_xcom.py for tasks to queue
[2024-12-03T21:23:16.236+0700] {logging_mixin.py:190} INFO - [2024-12-03T21:23:16.236+0700] {dagbag.py:588} INFO - Filling up the DagBag from /home/tedubuamo/project/venv/lib/python3.12/site-packages/airflow/example_dags/example_xcom.py
[2024-12-03T21:23:16.250+0700] {processor.py:925} INFO - DAG(s) 'example_xcom' retrieved from /home/tedubuamo/project/venv/lib/python3.12/site-packages/airflow/example_dags/example_xcom.py
[2024-12-03T21:23:16.271+0700] {logging_mixin.py:190} INFO - [2024-12-03T21:23:16.270+0700] {dag.py:3239} INFO - Sync 1 DAGs
[2024-12-03T21:23:16.295+0700] {logging_mixin.py:190} INFO - [2024-12-03T21:23:16.295+0700] {dag.py:4180} INFO - Setting next_dagrun for example_xcom to 2021-01-01 00:00:00+00:00, run_after=2021-01-01 00:00:00+00:00
[2024-12-03T21:23:16.320+0700] {processor.py:208} INFO - Processing /home/tedubuamo/project/venv/lib/python3.12/site-packages/airflow/example_dags/example_xcom.py took 0.097 seconds
[2024-12-03T21:24:12.348+0700] {processor.py:186} INFO - Started process (PID=4361) to work on /home/tedubuamo/project/venv/lib/python3.12/site-packages/airflow/example_dags/example_xcom.py
[2024-12-03T21:24:12.351+0700] {processor.py:914} INFO - Processing file /home/tedubuamo/project/venv/lib/python3.12/site-packages/airflow/example_dags/example_xcom.py for tasks to queue
[2024-12-03T21:24:12.353+0700] {logging_mixin.py:190} INFO - [2024-12-03T21:24:12.353+0700] {dagbag.py:588} INFO - Filling up the DagBag from /home/tedubuamo/project/venv/lib/python3.12/site-packages/airflow/example_dags/example_xcom.py
[2024-12-03T21:24:12.360+0700] {processor.py:925} INFO - DAG(s) 'example_xcom' retrieved from /home/tedubuamo/project/venv/lib/python3.12/site-packages/airflow/example_dags/example_xcom.py
[2024-12-03T21:24:12.372+0700] {logging_mixin.py:190} INFO - [2024-12-03T21:24:12.372+0700] {dag.py:3239} INFO - Sync 1 DAGs
[2024-12-03T21:24:12.387+0700] {logging_mixin.py:190} INFO - [2024-12-03T21:24:12.387+0700] {dag.py:4180} INFO - Setting next_dagrun for example_xcom to 2021-01-01 00:00:00+00:00, run_after=2021-01-01 00:00:00+00:00
[2024-12-03T21:24:12.406+0700] {processor.py:208} INFO - Processing /home/tedubuamo/project/venv/lib/python3.12/site-packages/airflow/example_dags/example_xcom.py took 0.062 seconds
[2024-12-03T21:25:05.185+0700] {processor.py:186} INFO - Started process (PID=4418) to work on /home/tedubuamo/project/venv/lib/python3.12/site-packages/airflow/example_dags/example_xcom.py
[2024-12-03T21:25:05.187+0700] {processor.py:914} INFO - Processing file /home/tedubuamo/project/venv/lib/python3.12/site-packages/airflow/example_dags/example_xcom.py for tasks to queue
[2024-12-03T21:25:05.189+0700] {logging_mixin.py:190} INFO - [2024-12-03T21:25:05.188+0700] {dagbag.py:588} INFO - Filling up the DagBag from /home/tedubuamo/project/venv/lib/python3.12/site-packages/airflow/example_dags/example_xcom.py
[2024-12-03T21:25:05.196+0700] {processor.py:925} INFO - DAG(s) 'example_xcom' retrieved from /home/tedubuamo/project/venv/lib/python3.12/site-packages/airflow/example_dags/example_xcom.py
[2024-12-03T21:25:05.209+0700] {logging_mixin.py:190} INFO - [2024-12-03T21:25:05.209+0700] {dag.py:3239} INFO - Sync 1 DAGs
[2024-12-03T21:25:05.223+0700] {logging_mixin.py:190} INFO - [2024-12-03T21:25:05.223+0700] {dag.py:4180} INFO - Setting next_dagrun for example_xcom to 2021-01-01 00:00:00+00:00, run_after=2021-01-01 00:00:00+00:00
[2024-12-03T21:25:05.242+0700] {processor.py:208} INFO - Processing /home/tedubuamo/project/venv/lib/python3.12/site-packages/airflow/example_dags/example_xcom.py took 0.060 seconds
[2024-12-03T21:26:05.878+0700] {processor.py:186} INFO - Started process (PID=4506) to work on /home/tedubuamo/project/venv/lib/python3.12/site-packages/airflow/example_dags/example_xcom.py
[2024-12-03T21:26:05.880+0700] {processor.py:914} INFO - Processing file /home/tedubuamo/project/venv/lib/python3.12/site-packages/airflow/example_dags/example_xcom.py for tasks to queue
[2024-12-03T21:26:05.882+0700] {logging_mixin.py:190} INFO - [2024-12-03T21:26:05.881+0700] {dagbag.py:588} INFO - Filling up the DagBag from /home/tedubuamo/project/venv/lib/python3.12/site-packages/airflow/example_dags/example_xcom.py
[2024-12-03T21:26:05.893+0700] {processor.py:925} INFO - DAG(s) 'example_xcom' retrieved from /home/tedubuamo/project/venv/lib/python3.12/site-packages/airflow/example_dags/example_xcom.py
[2024-12-03T21:26:05.908+0700] {logging_mixin.py:190} INFO - [2024-12-03T21:26:05.907+0700] {dag.py:3239} INFO - Sync 1 DAGs
[2024-12-03T21:26:05.925+0700] {logging_mixin.py:190} INFO - [2024-12-03T21:26:05.925+0700] {dag.py:4180} INFO - Setting next_dagrun for example_xcom to 2021-01-01 00:00:00+00:00, run_after=2021-01-01 00:00:00+00:00
[2024-12-03T21:26:05.943+0700] {processor.py:208} INFO - Processing /home/tedubuamo/project/venv/lib/python3.12/site-packages/airflow/example_dags/example_xcom.py took 0.069 seconds
[2024-12-03T21:27:01.728+0700] {processor.py:186} INFO - Started process (PID=4564) to work on /home/tedubuamo/project/venv/lib/python3.12/site-packages/airflow/example_dags/example_xcom.py
[2024-12-03T21:27:01.730+0700] {processor.py:914} INFO - Processing file /home/tedubuamo/project/venv/lib/python3.12/site-packages/airflow/example_dags/example_xcom.py for tasks to queue
[2024-12-03T21:27:01.732+0700] {logging_mixin.py:190} INFO - [2024-12-03T21:27:01.731+0700] {dagbag.py:588} INFO - Filling up the DagBag from /home/tedubuamo/project/venv/lib/python3.12/site-packages/airflow/example_dags/example_xcom.py
[2024-12-03T21:27:01.742+0700] {processor.py:925} INFO - DAG(s) 'example_xcom' retrieved from /home/tedubuamo/project/venv/lib/python3.12/site-packages/airflow/example_dags/example_xcom.py
[2024-12-03T21:27:01.756+0700] {logging_mixin.py:190} INFO - [2024-12-03T21:27:01.756+0700] {dag.py:3239} INFO - Sync 1 DAGs
[2024-12-03T21:27:01.773+0700] {logging_mixin.py:190} INFO - [2024-12-03T21:27:01.772+0700] {dag.py:4180} INFO - Setting next_dagrun for example_xcom to 2021-01-01 00:00:00+00:00, run_after=2021-01-01 00:00:00+00:00
[2024-12-03T21:27:01.792+0700] {processor.py:208} INFO - Processing /home/tedubuamo/project/venv/lib/python3.12/site-packages/airflow/example_dags/example_xcom.py took 0.067 seconds
[2024-12-03T21:27:54.134+0700] {processor.py:186} INFO - Started process (PID=4635) to work on /home/tedubuamo/project/venv/lib/python3.12/site-packages/airflow/example_dags/example_xcom.py
[2024-12-03T21:27:54.135+0700] {processor.py:914} INFO - Processing file /home/tedubuamo/project/venv/lib/python3.12/site-packages/airflow/example_dags/example_xcom.py for tasks to queue
[2024-12-03T21:27:54.137+0700] {logging_mixin.py:190} INFO - [2024-12-03T21:27:54.137+0700] {dagbag.py:588} INFO - Filling up the DagBag from /home/tedubuamo/project/venv/lib/python3.12/site-packages/airflow/example_dags/example_xcom.py
[2024-12-03T21:27:54.149+0700] {processor.py:925} INFO - DAG(s) 'example_xcom' retrieved from /home/tedubuamo/project/venv/lib/python3.12/site-packages/airflow/example_dags/example_xcom.py
[2024-12-03T21:27:54.170+0700] {logging_mixin.py:190} INFO - [2024-12-03T21:27:54.169+0700] {dag.py:3239} INFO - Sync 1 DAGs
[2024-12-03T21:27:54.195+0700] {logging_mixin.py:190} INFO - [2024-12-03T21:27:54.195+0700] {dag.py:4180} INFO - Setting next_dagrun for example_xcom to 2021-01-01 00:00:00+00:00, run_after=2021-01-01 00:00:00+00:00
[2024-12-03T21:27:54.217+0700] {processor.py:208} INFO - Processing /home/tedubuamo/project/venv/lib/python3.12/site-packages/airflow/example_dags/example_xcom.py took 0.088 seconds
[2024-12-03T21:28:48.898+0700] {processor.py:186} INFO - Started process (PID=4770) to work on /home/tedubuamo/project/venv/lib/python3.12/site-packages/airflow/example_dags/example_xcom.py
[2024-12-03T21:28:48.902+0700] {processor.py:914} INFO - Processing file /home/tedubuamo/project/venv/lib/python3.12/site-packages/airflow/example_dags/example_xcom.py for tasks to queue
[2024-12-03T21:28:48.904+0700] {logging_mixin.py:190} INFO - [2024-12-03T21:28:48.904+0700] {dagbag.py:588} INFO - Filling up the DagBag from /home/tedubuamo/project/venv/lib/python3.12/site-packages/airflow/example_dags/example_xcom.py
[2024-12-03T21:28:48.913+0700] {processor.py:925} INFO - DAG(s) 'example_xcom' retrieved from /home/tedubuamo/project/venv/lib/python3.12/site-packages/airflow/example_dags/example_xcom.py
[2024-12-03T21:28:48.927+0700] {logging_mixin.py:190} INFO - [2024-12-03T21:28:48.927+0700] {dag.py:3239} INFO - Sync 1 DAGs
[2024-12-03T21:28:48.944+0700] {logging_mixin.py:190} INFO - [2024-12-03T21:28:48.943+0700] {dag.py:4180} INFO - Setting next_dagrun for example_xcom to 2021-01-01 00:00:00+00:00, run_after=2021-01-01 00:00:00+00:00
[2024-12-03T21:28:48.963+0700] {processor.py:208} INFO - Processing /home/tedubuamo/project/venv/lib/python3.12/site-packages/airflow/example_dags/example_xcom.py took 0.068 seconds
[2024-12-03T21:29:42.514+0700] {processor.py:186} INFO - Started process (PID=4832) to work on /home/tedubuamo/project/venv/lib/python3.12/site-packages/airflow/example_dags/example_xcom.py
[2024-12-03T21:29:42.517+0700] {processor.py:914} INFO - Processing file /home/tedubuamo/project/venv/lib/python3.12/site-packages/airflow/example_dags/example_xcom.py for tasks to queue
[2024-12-03T21:29:42.519+0700] {logging_mixin.py:190} INFO - [2024-12-03T21:29:42.519+0700] {dagbag.py:588} INFO - Filling up the DagBag from /home/tedubuamo/project/venv/lib/python3.12/site-packages/airflow/example_dags/example_xcom.py
[2024-12-03T21:29:42.526+0700] {processor.py:925} INFO - DAG(s) 'example_xcom' retrieved from /home/tedubuamo/project/venv/lib/python3.12/site-packages/airflow/example_dags/example_xcom.py
[2024-12-03T21:29:42.540+0700] {logging_mixin.py:190} INFO - [2024-12-03T21:29:42.540+0700] {dag.py:3239} INFO - Sync 1 DAGs
[2024-12-03T21:29:42.557+0700] {logging_mixin.py:190} INFO - [2024-12-03T21:29:42.557+0700] {dag.py:4180} INFO - Setting next_dagrun for example_xcom to 2021-01-01 00:00:00+00:00, run_after=2021-01-01 00:00:00+00:00
[2024-12-03T21:29:42.582+0700] {processor.py:208} INFO - Processing /home/tedubuamo/project/venv/lib/python3.12/site-packages/airflow/example_dags/example_xcom.py took 0.071 seconds
[2024-12-03T21:30:37.106+0700] {processor.py:186} INFO - Started process (PID=4891) to work on /home/tedubuamo/project/venv/lib/python3.12/site-packages/airflow/example_dags/example_xcom.py
[2024-12-03T21:30:37.107+0700] {processor.py:914} INFO - Processing file /home/tedubuamo/project/venv/lib/python3.12/site-packages/airflow/example_dags/example_xcom.py for tasks to queue
[2024-12-03T21:30:37.109+0700] {logging_mixin.py:190} INFO - [2024-12-03T21:30:37.109+0700] {dagbag.py:588} INFO - Filling up the DagBag from /home/tedubuamo/project/venv/lib/python3.12/site-packages/airflow/example_dags/example_xcom.py
[2024-12-03T21:30:37.116+0700] {processor.py:925} INFO - DAG(s) 'example_xcom' retrieved from /home/tedubuamo/project/venv/lib/python3.12/site-packages/airflow/example_dags/example_xcom.py
[2024-12-03T21:30:37.127+0700] {logging_mixin.py:190} INFO - [2024-12-03T21:30:37.127+0700] {dag.py:3239} INFO - Sync 1 DAGs
[2024-12-03T21:30:37.140+0700] {logging_mixin.py:190} INFO - [2024-12-03T21:30:37.140+0700] {dag.py:4180} INFO - Setting next_dagrun for example_xcom to 2021-01-01 00:00:00+00:00, run_after=2021-01-01 00:00:00+00:00
[2024-12-03T21:30:37.156+0700] {processor.py:208} INFO - Processing /home/tedubuamo/project/venv/lib/python3.12/site-packages/airflow/example_dags/example_xcom.py took 0.054 seconds
[2024-12-03T21:31:30.855+0700] {processor.py:186} INFO - Started process (PID=4965) to work on /home/tedubuamo/project/venv/lib/python3.12/site-packages/airflow/example_dags/example_xcom.py
[2024-12-03T21:31:30.856+0700] {processor.py:914} INFO - Processing file /home/tedubuamo/project/venv/lib/python3.12/site-packages/airflow/example_dags/example_xcom.py for tasks to queue
[2024-12-03T21:31:30.858+0700] {logging_mixin.py:190} INFO - [2024-12-03T21:31:30.857+0700] {dagbag.py:588} INFO - Filling up the DagBag from /home/tedubuamo/project/venv/lib/python3.12/site-packages/airflow/example_dags/example_xcom.py
[2024-12-03T21:31:30.865+0700] {processor.py:925} INFO - DAG(s) 'example_xcom' retrieved from /home/tedubuamo/project/venv/lib/python3.12/site-packages/airflow/example_dags/example_xcom.py
[2024-12-03T21:31:30.876+0700] {logging_mixin.py:190} INFO - [2024-12-03T21:31:30.875+0700] {dag.py:3239} INFO - Sync 1 DAGs
[2024-12-03T21:31:30.889+0700] {logging_mixin.py:190} INFO - [2024-12-03T21:31:30.888+0700] {dag.py:4180} INFO - Setting next_dagrun for example_xcom to 2021-01-01 00:00:00+00:00, run_after=2021-01-01 00:00:00+00:00
[2024-12-03T21:31:30.905+0700] {processor.py:208} INFO - Processing /home/tedubuamo/project/venv/lib/python3.12/site-packages/airflow/example_dags/example_xcom.py took 0.054 seconds
