[2024-12-03T20:46:47.662+0700] {processor.py:186} INFO - Started process (PID=1203) to work on /home/tedubuamo/project/venv/lib/python3.12/site-packages/airflow/example_dags/example_time_delta_sensor_async.py
[2024-12-03T20:46:47.662+0700] {processor.py:914} INFO - Processing file /home/tedubuamo/project/venv/lib/python3.12/site-packages/airflow/example_dags/example_time_delta_sensor_async.py for tasks to queue
[2024-12-03T20:46:47.664+0700] {logging_mixin.py:190} INFO - [2024-12-03T20:46:47.663+0700] {dagbag.py:588} INFO - Filling up the DagBag from /home/tedubuamo/project/venv/lib/python3.12/site-packages/airflow/example_dags/example_time_delta_sensor_async.py
[2024-12-03T20:46:47.669+0700] {processor.py:925} INFO - DAG(s) 'example_time_delta_sensor_async' retrieved from /home/tedubuamo/project/venv/lib/python3.12/site-packages/airflow/example_dags/example_time_delta_sensor_async.py
[2024-12-03T20:46:47.675+0700] {logging_mixin.py:190} INFO - [2024-12-03T20:46:47.675+0700] {dag.py:3239} INFO - Sync 1 DAGs
[2024-12-03T20:46:47.684+0700] {logging_mixin.py:190} INFO - [2024-12-03T20:46:47.684+0700] {dag.py:4180} INFO - Setting next_dagrun for example_time_delta_sensor_async to None, run_after=None
[2024-12-03T20:46:47.701+0700] {processor.py:208} INFO - Processing /home/tedubuamo/project/venv/lib/python3.12/site-packages/airflow/example_dags/example_time_delta_sensor_async.py took 0.044 seconds
[2024-12-03T20:57:22.430+0700] {processor.py:186} INFO - Started process (PID=1618) to work on /home/tedubuamo/project/venv/lib/python3.12/site-packages/airflow/example_dags/example_time_delta_sensor_async.py
[2024-12-03T20:57:22.434+0700] {processor.py:914} INFO - Processing file /home/tedubuamo/project/venv/lib/python3.12/site-packages/airflow/example_dags/example_time_delta_sensor_async.py for tasks to queue
[2024-12-03T20:57:22.435+0700] {logging_mixin.py:190} INFO - [2024-12-03T20:57:22.435+0700] {dagbag.py:588} INFO - Filling up the DagBag from /home/tedubuamo/project/venv/lib/python3.12/site-packages/airflow/example_dags/example_time_delta_sensor_async.py
[2024-12-03T20:57:22.441+0700] {processor.py:925} INFO - DAG(s) 'example_time_delta_sensor_async' retrieved from /home/tedubuamo/project/venv/lib/python3.12/site-packages/airflow/example_dags/example_time_delta_sensor_async.py
[2024-12-03T20:57:22.510+0700] {logging_mixin.py:190} INFO - [2024-12-03T20:57:22.509+0700] {dag.py:3239} INFO - Sync 1 DAGs
[2024-12-03T20:57:22.517+0700] {logging_mixin.py:190} INFO - [2024-12-03T20:57:22.517+0700] {dag.py:4180} INFO - Setting next_dagrun for example_time_delta_sensor_async to None, run_after=None
[2024-12-03T20:57:22.536+0700] {processor.py:208} INFO - Processing /home/tedubuamo/project/venv/lib/python3.12/site-packages/airflow/example_dags/example_time_delta_sensor_async.py took 0.110 seconds
[2024-12-03T20:58:21.107+0700] {processor.py:186} INFO - Started process (PID=1675) to work on /home/tedubuamo/project/venv/lib/python3.12/site-packages/airflow/example_dags/example_time_delta_sensor_async.py
[2024-12-03T20:58:21.110+0700] {processor.py:914} INFO - Processing file /home/tedubuamo/project/venv/lib/python3.12/site-packages/airflow/example_dags/example_time_delta_sensor_async.py for tasks to queue
[2024-12-03T20:58:21.112+0700] {logging_mixin.py:190} INFO - [2024-12-03T20:58:21.112+0700] {dagbag.py:588} INFO - Filling up the DagBag from /home/tedubuamo/project/venv/lib/python3.12/site-packages/airflow/example_dags/example_time_delta_sensor_async.py
[2024-12-03T20:58:21.117+0700] {processor.py:925} INFO - DAG(s) 'example_time_delta_sensor_async' retrieved from /home/tedubuamo/project/venv/lib/python3.12/site-packages/airflow/example_dags/example_time_delta_sensor_async.py
[2024-12-03T20:58:21.128+0700] {logging_mixin.py:190} INFO - [2024-12-03T20:58:21.127+0700] {dag.py:3239} INFO - Sync 1 DAGs
[2024-12-03T20:58:21.136+0700] {logging_mixin.py:190} INFO - [2024-12-03T20:58:21.136+0700] {dag.py:4180} INFO - Setting next_dagrun for example_time_delta_sensor_async to None, run_after=None
[2024-12-03T20:58:21.152+0700] {processor.py:208} INFO - Processing /home/tedubuamo/project/venv/lib/python3.12/site-packages/airflow/example_dags/example_time_delta_sensor_async.py took 0.049 seconds
[2024-12-03T20:59:15.954+0700] {processor.py:186} INFO - Started process (PID=1730) to work on /home/tedubuamo/project/venv/lib/python3.12/site-packages/airflow/example_dags/example_time_delta_sensor_async.py
[2024-12-03T20:59:15.958+0700] {processor.py:914} INFO - Processing file /home/tedubuamo/project/venv/lib/python3.12/site-packages/airflow/example_dags/example_time_delta_sensor_async.py for tasks to queue
[2024-12-03T20:59:15.959+0700] {logging_mixin.py:190} INFO - [2024-12-03T20:59:15.959+0700] {dagbag.py:588} INFO - Filling up the DagBag from /home/tedubuamo/project/venv/lib/python3.12/site-packages/airflow/example_dags/example_time_delta_sensor_async.py
[2024-12-03T20:59:15.965+0700] {processor.py:925} INFO - DAG(s) 'example_time_delta_sensor_async' retrieved from /home/tedubuamo/project/venv/lib/python3.12/site-packages/airflow/example_dags/example_time_delta_sensor_async.py
[2024-12-03T20:59:15.974+0700] {logging_mixin.py:190} INFO - [2024-12-03T20:59:15.974+0700] {dag.py:3239} INFO - Sync 1 DAGs
[2024-12-03T20:59:15.985+0700] {logging_mixin.py:190} INFO - [2024-12-03T20:59:15.984+0700] {dag.py:4180} INFO - Setting next_dagrun for example_time_delta_sensor_async to None, run_after=None
[2024-12-03T20:59:16.002+0700] {processor.py:208} INFO - Processing /home/tedubuamo/project/venv/lib/python3.12/site-packages/airflow/example_dags/example_time_delta_sensor_async.py took 0.051 seconds
[2024-12-03T21:00:03.942+0700] {processor.py:186} INFO - Started process (PID=1780) to work on /home/tedubuamo/project/venv/lib/python3.12/site-packages/airflow/example_dags/example_time_delta_sensor_async.py
[2024-12-03T21:00:03.943+0700] {processor.py:914} INFO - Processing file /home/tedubuamo/project/venv/lib/python3.12/site-packages/airflow/example_dags/example_time_delta_sensor_async.py for tasks to queue
[2024-12-03T21:00:03.944+0700] {logging_mixin.py:190} INFO - [2024-12-03T21:00:03.944+0700] {dagbag.py:588} INFO - Filling up the DagBag from /home/tedubuamo/project/venv/lib/python3.12/site-packages/airflow/example_dags/example_time_delta_sensor_async.py
[2024-12-03T21:00:03.950+0700] {processor.py:925} INFO - DAG(s) 'example_time_delta_sensor_async' retrieved from /home/tedubuamo/project/venv/lib/python3.12/site-packages/airflow/example_dags/example_time_delta_sensor_async.py
[2024-12-03T21:00:03.960+0700] {logging_mixin.py:190} INFO - [2024-12-03T21:00:03.960+0700] {dag.py:3239} INFO - Sync 1 DAGs
[2024-12-03T21:00:03.969+0700] {logging_mixin.py:190} INFO - [2024-12-03T21:00:03.968+0700] {dag.py:4180} INFO - Setting next_dagrun for example_time_delta_sensor_async to None, run_after=None
[2024-12-03T21:00:03.986+0700] {processor.py:208} INFO - Processing /home/tedubuamo/project/venv/lib/python3.12/site-packages/airflow/example_dags/example_time_delta_sensor_async.py took 0.049 seconds
[2024-12-03T21:00:55.448+0700] {processor.py:186} INFO - Started process (PID=1834) to work on /home/tedubuamo/project/venv/lib/python3.12/site-packages/airflow/example_dags/example_time_delta_sensor_async.py
[2024-12-03T21:00:55.451+0700] {processor.py:914} INFO - Processing file /home/tedubuamo/project/venv/lib/python3.12/site-packages/airflow/example_dags/example_time_delta_sensor_async.py for tasks to queue
[2024-12-03T21:00:55.452+0700] {logging_mixin.py:190} INFO - [2024-12-03T21:00:55.452+0700] {dagbag.py:588} INFO - Filling up the DagBag from /home/tedubuamo/project/venv/lib/python3.12/site-packages/airflow/example_dags/example_time_delta_sensor_async.py
[2024-12-03T21:00:55.457+0700] {processor.py:925} INFO - DAG(s) 'example_time_delta_sensor_async' retrieved from /home/tedubuamo/project/venv/lib/python3.12/site-packages/airflow/example_dags/example_time_delta_sensor_async.py
[2024-12-03T21:00:55.467+0700] {logging_mixin.py:190} INFO - [2024-12-03T21:00:55.467+0700] {dag.py:3239} INFO - Sync 1 DAGs
[2024-12-03T21:00:55.475+0700] {logging_mixin.py:190} INFO - [2024-12-03T21:00:55.475+0700] {dag.py:4180} INFO - Setting next_dagrun for example_time_delta_sensor_async to None, run_after=None
[2024-12-03T21:00:55.491+0700] {processor.py:208} INFO - Processing /home/tedubuamo/project/venv/lib/python3.12/site-packages/airflow/example_dags/example_time_delta_sensor_async.py took 0.047 seconds
[2024-12-03T21:04:53.023+0700] {processor.py:186} INFO - Started process (PID=1994) to work on /home/tedubuamo/project/venv/lib/python3.12/site-packages/airflow/example_dags/example_time_delta_sensor_async.py
[2024-12-03T21:04:53.024+0700] {processor.py:914} INFO - Processing file /home/tedubuamo/project/venv/lib/python3.12/site-packages/airflow/example_dags/example_time_delta_sensor_async.py for tasks to queue
[2024-12-03T21:04:53.025+0700] {logging_mixin.py:190} INFO - [2024-12-03T21:04:53.025+0700] {dagbag.py:588} INFO - Filling up the DagBag from /home/tedubuamo/project/venv/lib/python3.12/site-packages/airflow/example_dags/example_time_delta_sensor_async.py
[2024-12-03T21:04:53.030+0700] {processor.py:925} INFO - DAG(s) 'example_time_delta_sensor_async' retrieved from /home/tedubuamo/project/venv/lib/python3.12/site-packages/airflow/example_dags/example_time_delta_sensor_async.py
[2024-12-03T21:04:53.046+0700] {logging_mixin.py:190} INFO - [2024-12-03T21:04:53.046+0700] {dag.py:3239} INFO - Sync 1 DAGs
[2024-12-03T21:04:53.053+0700] {logging_mixin.py:190} INFO - [2024-12-03T21:04:53.053+0700] {dag.py:4180} INFO - Setting next_dagrun for example_time_delta_sensor_async to None, run_after=None
[2024-12-03T21:04:53.070+0700] {processor.py:208} INFO - Processing /home/tedubuamo/project/venv/lib/python3.12/site-packages/airflow/example_dags/example_time_delta_sensor_async.py took 0.050 seconds
[2024-12-03T21:05:48.066+0700] {processor.py:186} INFO - Started process (PID=2123) to work on /home/tedubuamo/project/venv/lib/python3.12/site-packages/airflow/example_dags/example_time_delta_sensor_async.py
[2024-12-03T21:05:48.070+0700] {processor.py:914} INFO - Processing file /home/tedubuamo/project/venv/lib/python3.12/site-packages/airflow/example_dags/example_time_delta_sensor_async.py for tasks to queue
[2024-12-03T21:05:48.072+0700] {logging_mixin.py:190} INFO - [2024-12-03T21:05:48.072+0700] {dagbag.py:588} INFO - Filling up the DagBag from /home/tedubuamo/project/venv/lib/python3.12/site-packages/airflow/example_dags/example_time_delta_sensor_async.py
[2024-12-03T21:05:48.077+0700] {processor.py:925} INFO - DAG(s) 'example_time_delta_sensor_async' retrieved from /home/tedubuamo/project/venv/lib/python3.12/site-packages/airflow/example_dags/example_time_delta_sensor_async.py
[2024-12-03T21:05:48.094+0700] {logging_mixin.py:190} INFO - [2024-12-03T21:05:48.094+0700] {dag.py:3239} INFO - Sync 1 DAGs
[2024-12-03T21:05:48.104+0700] {logging_mixin.py:190} INFO - [2024-12-03T21:05:48.104+0700] {dag.py:4180} INFO - Setting next_dagrun for example_time_delta_sensor_async to None, run_after=None
[2024-12-03T21:05:48.143+0700] {processor.py:208} INFO - Processing /home/tedubuamo/project/venv/lib/python3.12/site-packages/airflow/example_dags/example_time_delta_sensor_async.py took 0.080 seconds
[2024-12-03T21:05:48.234+0700] {processor.py:186} INFO - Started process (PID=2124) to work on /home/tedubuamo/project/venv/lib/python3.12/site-packages/airflow/example_dags/example_time_delta_sensor_async.py
[2024-12-03T21:05:48.234+0700] {processor.py:914} INFO - Processing file /home/tedubuamo/project/venv/lib/python3.12/site-packages/airflow/example_dags/example_time_delta_sensor_async.py for tasks to queue
[2024-12-03T21:05:48.236+0700] {logging_mixin.py:190} INFO - [2024-12-03T21:05:48.236+0700] {dagbag.py:588} INFO - Filling up the DagBag from /home/tedubuamo/project/venv/lib/python3.12/site-packages/airflow/example_dags/example_time_delta_sensor_async.py
[2024-12-03T21:05:48.243+0700] {processor.py:925} INFO - DAG(s) 'example_time_delta_sensor_async' retrieved from /home/tedubuamo/project/venv/lib/python3.12/site-packages/airflow/example_dags/example_time_delta_sensor_async.py
[2024-12-03T21:05:48.254+0700] {logging_mixin.py:190} INFO - [2024-12-03T21:05:48.254+0700] {dag.py:3239} INFO - Sync 1 DAGs
[2024-12-03T21:05:48.263+0700] {logging_mixin.py:190} INFO - [2024-12-03T21:05:48.263+0700] {dag.py:4180} INFO - Setting next_dagrun for example_time_delta_sensor_async to None, run_after=None
[2024-12-03T21:05:48.282+0700] {processor.py:208} INFO - Processing /home/tedubuamo/project/venv/lib/python3.12/site-packages/airflow/example_dags/example_time_delta_sensor_async.py took 0.053 seconds
[2024-12-03T21:06:38.676+0700] {processor.py:186} INFO - Started process (PID=2228) to work on /home/tedubuamo/project/venv/lib/python3.12/site-packages/airflow/example_dags/example_time_delta_sensor_async.py
[2024-12-03T21:06:38.677+0700] {processor.py:914} INFO - Processing file /home/tedubuamo/project/venv/lib/python3.12/site-packages/airflow/example_dags/example_time_delta_sensor_async.py for tasks to queue
[2024-12-03T21:06:38.679+0700] {logging_mixin.py:190} INFO - [2024-12-03T21:06:38.678+0700] {dagbag.py:588} INFO - Filling up the DagBag from /home/tedubuamo/project/venv/lib/python3.12/site-packages/airflow/example_dags/example_time_delta_sensor_async.py
[2024-12-03T21:06:38.684+0700] {processor.py:925} INFO - DAG(s) 'example_time_delta_sensor_async' retrieved from /home/tedubuamo/project/venv/lib/python3.12/site-packages/airflow/example_dags/example_time_delta_sensor_async.py
[2024-12-03T21:06:38.693+0700] {logging_mixin.py:190} INFO - [2024-12-03T21:06:38.693+0700] {dag.py:3239} INFO - Sync 1 DAGs
[2024-12-03T21:06:38.703+0700] {logging_mixin.py:190} INFO - [2024-12-03T21:06:38.703+0700] {dag.py:4180} INFO - Setting next_dagrun for example_time_delta_sensor_async to None, run_after=None
[2024-12-03T21:06:38.719+0700] {processor.py:208} INFO - Processing /home/tedubuamo/project/venv/lib/python3.12/site-packages/airflow/example_dags/example_time_delta_sensor_async.py took 0.048 seconds
[2024-12-03T21:06:43.730+0700] {processor.py:186} INFO - Started process (PID=2239) to work on /home/tedubuamo/project/venv/lib/python3.12/site-packages/airflow/example_dags/example_time_delta_sensor_async.py
[2024-12-03T21:06:43.731+0700] {processor.py:914} INFO - Processing file /home/tedubuamo/project/venv/lib/python3.12/site-packages/airflow/example_dags/example_time_delta_sensor_async.py for tasks to queue
[2024-12-03T21:06:43.732+0700] {logging_mixin.py:190} INFO - [2024-12-03T21:06:43.732+0700] {dagbag.py:588} INFO - Filling up the DagBag from /home/tedubuamo/project/venv/lib/python3.12/site-packages/airflow/example_dags/example_time_delta_sensor_async.py
[2024-12-03T21:06:43.738+0700] {processor.py:925} INFO - DAG(s) 'example_time_delta_sensor_async' retrieved from /home/tedubuamo/project/venv/lib/python3.12/site-packages/airflow/example_dags/example_time_delta_sensor_async.py
[2024-12-03T21:06:43.748+0700] {logging_mixin.py:190} INFO - [2024-12-03T21:06:43.748+0700] {dag.py:3239} INFO - Sync 1 DAGs
[2024-12-03T21:06:43.757+0700] {logging_mixin.py:190} INFO - [2024-12-03T21:06:43.756+0700] {dag.py:4180} INFO - Setting next_dagrun for example_time_delta_sensor_async to None, run_after=None
[2024-12-03T21:06:43.773+0700] {processor.py:208} INFO - Processing /home/tedubuamo/project/venv/lib/python3.12/site-packages/airflow/example_dags/example_time_delta_sensor_async.py took 0.048 seconds
[2024-12-03T21:07:31.848+0700] {processor.py:186} INFO - Started process (PID=2434) to work on /home/tedubuamo/project/venv/lib/python3.12/site-packages/airflow/example_dags/example_time_delta_sensor_async.py
[2024-12-03T21:07:31.849+0700] {processor.py:914} INFO - Processing file /home/tedubuamo/project/venv/lib/python3.12/site-packages/airflow/example_dags/example_time_delta_sensor_async.py for tasks to queue
[2024-12-03T21:07:31.851+0700] {logging_mixin.py:190} INFO - [2024-12-03T21:07:31.851+0700] {dagbag.py:588} INFO - Filling up the DagBag from /home/tedubuamo/project/venv/lib/python3.12/site-packages/airflow/example_dags/example_time_delta_sensor_async.py
[2024-12-03T21:07:31.858+0700] {processor.py:925} INFO - DAG(s) 'example_time_delta_sensor_async' retrieved from /home/tedubuamo/project/venv/lib/python3.12/site-packages/airflow/example_dags/example_time_delta_sensor_async.py
[2024-12-03T21:07:31.871+0700] {logging_mixin.py:190} INFO - [2024-12-03T21:07:31.871+0700] {dag.py:3239} INFO - Sync 1 DAGs
[2024-12-03T21:07:31.885+0700] {logging_mixin.py:190} INFO - [2024-12-03T21:07:31.885+0700] {dag.py:4180} INFO - Setting next_dagrun for example_time_delta_sensor_async to None, run_after=None
[2024-12-03T21:07:31.916+0700] {processor.py:208} INFO - Processing /home/tedubuamo/project/venv/lib/python3.12/site-packages/airflow/example_dags/example_time_delta_sensor_async.py took 0.072 seconds
[2024-12-03T21:07:33.314+0700] {processor.py:186} INFO - Started process (PID=2438) to work on /home/tedubuamo/project/venv/lib/python3.12/site-packages/airflow/example_dags/example_time_delta_sensor_async.py
[2024-12-03T21:07:33.316+0700] {processor.py:914} INFO - Processing file /home/tedubuamo/project/venv/lib/python3.12/site-packages/airflow/example_dags/example_time_delta_sensor_async.py for tasks to queue
[2024-12-03T21:07:33.319+0700] {logging_mixin.py:190} INFO - [2024-12-03T21:07:33.319+0700] {dagbag.py:588} INFO - Filling up the DagBag from /home/tedubuamo/project/venv/lib/python3.12/site-packages/airflow/example_dags/example_time_delta_sensor_async.py
[2024-12-03T21:07:33.328+0700] {processor.py:925} INFO - DAG(s) 'example_time_delta_sensor_async' retrieved from /home/tedubuamo/project/venv/lib/python3.12/site-packages/airflow/example_dags/example_time_delta_sensor_async.py
[2024-12-03T21:07:33.344+0700] {logging_mixin.py:190} INFO - [2024-12-03T21:07:33.344+0700] {dag.py:3239} INFO - Sync 1 DAGs
[2024-12-03T21:07:33.361+0700] {logging_mixin.py:190} INFO - [2024-12-03T21:07:33.361+0700] {dag.py:4180} INFO - Setting next_dagrun for example_time_delta_sensor_async to None, run_after=None
[2024-12-03T21:07:33.386+0700] {processor.py:208} INFO - Processing /home/tedubuamo/project/venv/lib/python3.12/site-packages/airflow/example_dags/example_time_delta_sensor_async.py took 0.079 seconds
[2024-12-03T21:08:22.309+0700] {processor.py:186} INFO - Started process (PID=2538) to work on /home/tedubuamo/project/venv/lib/python3.12/site-packages/airflow/example_dags/example_time_delta_sensor_async.py
[2024-12-03T21:08:22.320+0700] {processor.py:914} INFO - Processing file /home/tedubuamo/project/venv/lib/python3.12/site-packages/airflow/example_dags/example_time_delta_sensor_async.py for tasks to queue
[2024-12-03T21:08:22.322+0700] {logging_mixin.py:190} INFO - [2024-12-03T21:08:22.322+0700] {dagbag.py:588} INFO - Filling up the DagBag from /home/tedubuamo/project/venv/lib/python3.12/site-packages/airflow/example_dags/example_time_delta_sensor_async.py
[2024-12-03T21:08:22.331+0700] {processor.py:925} INFO - DAG(s) 'example_time_delta_sensor_async' retrieved from /home/tedubuamo/project/venv/lib/python3.12/site-packages/airflow/example_dags/example_time_delta_sensor_async.py
[2024-12-03T21:08:22.345+0700] {logging_mixin.py:190} INFO - [2024-12-03T21:08:22.345+0700] {dag.py:3239} INFO - Sync 1 DAGs
[2024-12-03T21:08:22.357+0700] {logging_mixin.py:190} INFO - [2024-12-03T21:08:22.357+0700] {dag.py:4180} INFO - Setting next_dagrun for example_time_delta_sensor_async to None, run_after=None
[2024-12-03T21:08:22.381+0700] {processor.py:208} INFO - Processing /home/tedubuamo/project/venv/lib/python3.12/site-packages/airflow/example_dags/example_time_delta_sensor_async.py took 0.077 seconds
[2024-12-03T21:08:23.644+0700] {processor.py:186} INFO - Started process (PID=2541) to work on /home/tedubuamo/project/venv/lib/python3.12/site-packages/airflow/example_dags/example_time_delta_sensor_async.py
[2024-12-03T21:08:23.645+0700] {processor.py:914} INFO - Processing file /home/tedubuamo/project/venv/lib/python3.12/site-packages/airflow/example_dags/example_time_delta_sensor_async.py for tasks to queue
[2024-12-03T21:08:23.646+0700] {logging_mixin.py:190} INFO - [2024-12-03T21:08:23.646+0700] {dagbag.py:588} INFO - Filling up the DagBag from /home/tedubuamo/project/venv/lib/python3.12/site-packages/airflow/example_dags/example_time_delta_sensor_async.py
[2024-12-03T21:08:23.653+0700] {processor.py:925} INFO - DAG(s) 'example_time_delta_sensor_async' retrieved from /home/tedubuamo/project/venv/lib/python3.12/site-packages/airflow/example_dags/example_time_delta_sensor_async.py
[2024-12-03T21:08:23.665+0700] {logging_mixin.py:190} INFO - [2024-12-03T21:08:23.664+0700] {dag.py:3239} INFO - Sync 1 DAGs
[2024-12-03T21:08:23.674+0700] {logging_mixin.py:190} INFO - [2024-12-03T21:08:23.674+0700] {dag.py:4180} INFO - Setting next_dagrun for example_time_delta_sensor_async to None, run_after=None
[2024-12-03T21:08:23.693+0700] {processor.py:208} INFO - Processing /home/tedubuamo/project/venv/lib/python3.12/site-packages/airflow/example_dags/example_time_delta_sensor_async.py took 0.054 seconds
[2024-12-03T21:09:14.407+0700] {processor.py:186} INFO - Started process (PID=2645) to work on /home/tedubuamo/project/venv/lib/python3.12/site-packages/airflow/example_dags/example_time_delta_sensor_async.py
[2024-12-03T21:09:14.408+0700] {processor.py:914} INFO - Processing file /home/tedubuamo/project/venv/lib/python3.12/site-packages/airflow/example_dags/example_time_delta_sensor_async.py for tasks to queue
[2024-12-03T21:09:14.410+0700] {logging_mixin.py:190} INFO - [2024-12-03T21:09:14.410+0700] {dagbag.py:588} INFO - Filling up the DagBag from /home/tedubuamo/project/venv/lib/python3.12/site-packages/airflow/example_dags/example_time_delta_sensor_async.py
[2024-12-03T21:09:14.415+0700] {processor.py:925} INFO - DAG(s) 'example_time_delta_sensor_async' retrieved from /home/tedubuamo/project/venv/lib/python3.12/site-packages/airflow/example_dags/example_time_delta_sensor_async.py
[2024-12-03T21:09:14.426+0700] {logging_mixin.py:190} INFO - [2024-12-03T21:09:14.426+0700] {dag.py:3239} INFO - Sync 1 DAGs
[2024-12-03T21:09:14.434+0700] {logging_mixin.py:190} INFO - [2024-12-03T21:09:14.434+0700] {dag.py:4180} INFO - Setting next_dagrun for example_time_delta_sensor_async to None, run_after=None
[2024-12-03T21:09:14.450+0700] {processor.py:208} INFO - Processing /home/tedubuamo/project/venv/lib/python3.12/site-packages/airflow/example_dags/example_time_delta_sensor_async.py took 0.047 seconds
[2024-12-03T21:09:16.758+0700] {processor.py:186} INFO - Started process (PID=2650) to work on /home/tedubuamo/project/venv/lib/python3.12/site-packages/airflow/example_dags/example_time_delta_sensor_async.py
[2024-12-03T21:09:16.758+0700] {processor.py:914} INFO - Processing file /home/tedubuamo/project/venv/lib/python3.12/site-packages/airflow/example_dags/example_time_delta_sensor_async.py for tasks to queue
[2024-12-03T21:09:16.760+0700] {logging_mixin.py:190} INFO - [2024-12-03T21:09:16.760+0700] {dagbag.py:588} INFO - Filling up the DagBag from /home/tedubuamo/project/venv/lib/python3.12/site-packages/airflow/example_dags/example_time_delta_sensor_async.py
[2024-12-03T21:09:16.765+0700] {processor.py:925} INFO - DAG(s) 'example_time_delta_sensor_async' retrieved from /home/tedubuamo/project/venv/lib/python3.12/site-packages/airflow/example_dags/example_time_delta_sensor_async.py
[2024-12-03T21:09:16.777+0700] {logging_mixin.py:190} INFO - [2024-12-03T21:09:16.777+0700] {dag.py:3239} INFO - Sync 1 DAGs
[2024-12-03T21:09:16.788+0700] {logging_mixin.py:190} INFO - [2024-12-03T21:09:16.788+0700] {dag.py:4180} INFO - Setting next_dagrun for example_time_delta_sensor_async to None, run_after=None
[2024-12-03T21:09:16.805+0700] {processor.py:208} INFO - Processing /home/tedubuamo/project/venv/lib/python3.12/site-packages/airflow/example_dags/example_time_delta_sensor_async.py took 0.052 seconds
[2024-12-03T21:10:05.356+0700] {processor.py:186} INFO - Started process (PID=2750) to work on /home/tedubuamo/project/venv/lib/python3.12/site-packages/airflow/example_dags/example_time_delta_sensor_async.py
[2024-12-03T21:10:05.357+0700] {processor.py:914} INFO - Processing file /home/tedubuamo/project/venv/lib/python3.12/site-packages/airflow/example_dags/example_time_delta_sensor_async.py for tasks to queue
[2024-12-03T21:10:05.359+0700] {logging_mixin.py:190} INFO - [2024-12-03T21:10:05.359+0700] {dagbag.py:588} INFO - Filling up the DagBag from /home/tedubuamo/project/venv/lib/python3.12/site-packages/airflow/example_dags/example_time_delta_sensor_async.py
[2024-12-03T21:10:05.365+0700] {processor.py:925} INFO - DAG(s) 'example_time_delta_sensor_async' retrieved from /home/tedubuamo/project/venv/lib/python3.12/site-packages/airflow/example_dags/example_time_delta_sensor_async.py
[2024-12-03T21:10:05.376+0700] {logging_mixin.py:190} INFO - [2024-12-03T21:10:05.376+0700] {dag.py:3239} INFO - Sync 1 DAGs
[2024-12-03T21:10:05.385+0700] {logging_mixin.py:190} INFO - [2024-12-03T21:10:05.385+0700] {dag.py:4180} INFO - Setting next_dagrun for example_time_delta_sensor_async to None, run_after=None
[2024-12-03T21:10:05.402+0700] {processor.py:208} INFO - Processing /home/tedubuamo/project/venv/lib/python3.12/site-packages/airflow/example_dags/example_time_delta_sensor_async.py took 0.049 seconds
[2024-12-03T21:10:06.094+0700] {processor.py:186} INFO - Started process (PID=2752) to work on /home/tedubuamo/project/venv/lib/python3.12/site-packages/airflow/example_dags/example_time_delta_sensor_async.py
[2024-12-03T21:10:06.095+0700] {processor.py:914} INFO - Processing file /home/tedubuamo/project/venv/lib/python3.12/site-packages/airflow/example_dags/example_time_delta_sensor_async.py for tasks to queue
[2024-12-03T21:10:06.096+0700] {logging_mixin.py:190} INFO - [2024-12-03T21:10:06.096+0700] {dagbag.py:588} INFO - Filling up the DagBag from /home/tedubuamo/project/venv/lib/python3.12/site-packages/airflow/example_dags/example_time_delta_sensor_async.py
[2024-12-03T21:10:06.101+0700] {processor.py:925} INFO - DAG(s) 'example_time_delta_sensor_async' retrieved from /home/tedubuamo/project/venv/lib/python3.12/site-packages/airflow/example_dags/example_time_delta_sensor_async.py
[2024-12-03T21:10:06.112+0700] {logging_mixin.py:190} INFO - [2024-12-03T21:10:06.112+0700] {dag.py:3239} INFO - Sync 1 DAGs
[2024-12-03T21:10:06.123+0700] {logging_mixin.py:190} INFO - [2024-12-03T21:10:06.123+0700] {dag.py:4180} INFO - Setting next_dagrun for example_time_delta_sensor_async to None, run_after=None
[2024-12-03T21:10:06.142+0700] {processor.py:208} INFO - Processing /home/tedubuamo/project/venv/lib/python3.12/site-packages/airflow/example_dags/example_time_delta_sensor_async.py took 0.051 seconds
[2024-12-03T21:10:55.844+0700] {processor.py:186} INFO - Started process (PID=2854) to work on /home/tedubuamo/project/venv/lib/python3.12/site-packages/airflow/example_dags/example_time_delta_sensor_async.py
[2024-12-03T21:10:55.845+0700] {processor.py:914} INFO - Processing file /home/tedubuamo/project/venv/lib/python3.12/site-packages/airflow/example_dags/example_time_delta_sensor_async.py for tasks to queue
[2024-12-03T21:10:55.850+0700] {logging_mixin.py:190} INFO - [2024-12-03T21:10:55.849+0700] {dagbag.py:588} INFO - Filling up the DagBag from /home/tedubuamo/project/venv/lib/python3.12/site-packages/airflow/example_dags/example_time_delta_sensor_async.py
[2024-12-03T21:10:55.858+0700] {processor.py:925} INFO - DAG(s) 'example_time_delta_sensor_async' retrieved from /home/tedubuamo/project/venv/lib/python3.12/site-packages/airflow/example_dags/example_time_delta_sensor_async.py
[2024-12-03T21:10:55.879+0700] {logging_mixin.py:190} INFO - [2024-12-03T21:10:55.879+0700] {dag.py:3239} INFO - Sync 1 DAGs
[2024-12-03T21:10:55.894+0700] {logging_mixin.py:190} INFO - [2024-12-03T21:10:55.893+0700] {dag.py:4180} INFO - Setting next_dagrun for example_time_delta_sensor_async to None, run_after=None
[2024-12-03T21:10:55.938+0700] {processor.py:208} INFO - Processing /home/tedubuamo/project/venv/lib/python3.12/site-packages/airflow/example_dags/example_time_delta_sensor_async.py took 0.104 seconds
[2024-12-03T21:10:57.469+0700] {processor.py:186} INFO - Started process (PID=2858) to work on /home/tedubuamo/project/venv/lib/python3.12/site-packages/airflow/example_dags/example_time_delta_sensor_async.py
[2024-12-03T21:10:57.470+0700] {processor.py:914} INFO - Processing file /home/tedubuamo/project/venv/lib/python3.12/site-packages/airflow/example_dags/example_time_delta_sensor_async.py for tasks to queue
[2024-12-03T21:10:57.471+0700] {logging_mixin.py:190} INFO - [2024-12-03T21:10:57.471+0700] {dagbag.py:588} INFO - Filling up the DagBag from /home/tedubuamo/project/venv/lib/python3.12/site-packages/airflow/example_dags/example_time_delta_sensor_async.py
[2024-12-03T21:10:57.479+0700] {processor.py:925} INFO - DAG(s) 'example_time_delta_sensor_async' retrieved from /home/tedubuamo/project/venv/lib/python3.12/site-packages/airflow/example_dags/example_time_delta_sensor_async.py
[2024-12-03T21:10:57.493+0700] {logging_mixin.py:190} INFO - [2024-12-03T21:10:57.493+0700] {dag.py:3239} INFO - Sync 1 DAGs
[2024-12-03T21:10:57.504+0700] {logging_mixin.py:190} INFO - [2024-12-03T21:10:57.503+0700] {dag.py:4180} INFO - Setting next_dagrun for example_time_delta_sensor_async to None, run_after=None
[2024-12-03T21:10:57.524+0700] {processor.py:208} INFO - Processing /home/tedubuamo/project/venv/lib/python3.12/site-packages/airflow/example_dags/example_time_delta_sensor_async.py took 0.061 seconds
[2024-12-03T21:11:50.103+0700] {processor.py:186} INFO - Started process (PID=2969) to work on /home/tedubuamo/project/venv/lib/python3.12/site-packages/airflow/example_dags/example_time_delta_sensor_async.py
[2024-12-03T21:11:50.107+0700] {processor.py:914} INFO - Processing file /home/tedubuamo/project/venv/lib/python3.12/site-packages/airflow/example_dags/example_time_delta_sensor_async.py for tasks to queue
[2024-12-03T21:11:50.108+0700] {logging_mixin.py:190} INFO - [2024-12-03T21:11:50.108+0700] {dagbag.py:588} INFO - Filling up the DagBag from /home/tedubuamo/project/venv/lib/python3.12/site-packages/airflow/example_dags/example_time_delta_sensor_async.py
[2024-12-03T21:11:50.113+0700] {processor.py:925} INFO - DAG(s) 'example_time_delta_sensor_async' retrieved from /home/tedubuamo/project/venv/lib/python3.12/site-packages/airflow/example_dags/example_time_delta_sensor_async.py
[2024-12-03T21:11:50.123+0700] {logging_mixin.py:190} INFO - [2024-12-03T21:11:50.123+0700] {dag.py:3239} INFO - Sync 1 DAGs
[2024-12-03T21:11:50.132+0700] {logging_mixin.py:190} INFO - [2024-12-03T21:11:50.132+0700] {dag.py:4180} INFO - Setting next_dagrun for example_time_delta_sensor_async to None, run_after=None
[2024-12-03T21:11:50.148+0700] {processor.py:208} INFO - Processing /home/tedubuamo/project/venv/lib/python3.12/site-packages/airflow/example_dags/example_time_delta_sensor_async.py took 0.049 seconds
[2024-12-03T21:11:51.481+0700] {processor.py:186} INFO - Started process (PID=2972) to work on /home/tedubuamo/project/venv/lib/python3.12/site-packages/airflow/example_dags/example_time_delta_sensor_async.py
[2024-12-03T21:11:51.482+0700] {processor.py:914} INFO - Processing file /home/tedubuamo/project/venv/lib/python3.12/site-packages/airflow/example_dags/example_time_delta_sensor_async.py for tasks to queue
[2024-12-03T21:11:51.484+0700] {logging_mixin.py:190} INFO - [2024-12-03T21:11:51.483+0700] {dagbag.py:588} INFO - Filling up the DagBag from /home/tedubuamo/project/venv/lib/python3.12/site-packages/airflow/example_dags/example_time_delta_sensor_async.py
[2024-12-03T21:11:51.489+0700] {processor.py:925} INFO - DAG(s) 'example_time_delta_sensor_async' retrieved from /home/tedubuamo/project/venv/lib/python3.12/site-packages/airflow/example_dags/example_time_delta_sensor_async.py
[2024-12-03T21:11:51.499+0700] {logging_mixin.py:190} INFO - [2024-12-03T21:11:51.499+0700] {dag.py:3239} INFO - Sync 1 DAGs
[2024-12-03T21:11:51.508+0700] {logging_mixin.py:190} INFO - [2024-12-03T21:11:51.507+0700] {dag.py:4180} INFO - Setting next_dagrun for example_time_delta_sensor_async to None, run_after=None
[2024-12-03T21:11:51.524+0700] {processor.py:208} INFO - Processing /home/tedubuamo/project/venv/lib/python3.12/site-packages/airflow/example_dags/example_time_delta_sensor_async.py took 0.046 seconds
[2024-12-03T21:12:40.336+0700] {processor.py:186} INFO - Started process (PID=3094) to work on /home/tedubuamo/project/venv/lib/python3.12/site-packages/airflow/example_dags/example_time_delta_sensor_async.py
[2024-12-03T21:12:40.340+0700] {processor.py:914} INFO - Processing file /home/tedubuamo/project/venv/lib/python3.12/site-packages/airflow/example_dags/example_time_delta_sensor_async.py for tasks to queue
[2024-12-03T21:12:40.341+0700] {logging_mixin.py:190} INFO - [2024-12-03T21:12:40.341+0700] {dagbag.py:588} INFO - Filling up the DagBag from /home/tedubuamo/project/venv/lib/python3.12/site-packages/airflow/example_dags/example_time_delta_sensor_async.py
[2024-12-03T21:12:40.346+0700] {processor.py:925} INFO - DAG(s) 'example_time_delta_sensor_async' retrieved from /home/tedubuamo/project/venv/lib/python3.12/site-packages/airflow/example_dags/example_time_delta_sensor_async.py
[2024-12-03T21:12:40.356+0700] {logging_mixin.py:190} INFO - [2024-12-03T21:12:40.356+0700] {dag.py:3239} INFO - Sync 1 DAGs
[2024-12-03T21:12:40.365+0700] {logging_mixin.py:190} INFO - [2024-12-03T21:12:40.365+0700] {dag.py:4180} INFO - Setting next_dagrun for example_time_delta_sensor_async to None, run_after=None
[2024-12-03T21:12:40.384+0700] {processor.py:208} INFO - Processing /home/tedubuamo/project/venv/lib/python3.12/site-packages/airflow/example_dags/example_time_delta_sensor_async.py took 0.052 seconds
[2024-12-03T21:12:47.267+0700] {processor.py:186} INFO - Started process (PID=3117) to work on /home/tedubuamo/project/venv/lib/python3.12/site-packages/airflow/example_dags/example_time_delta_sensor_async.py
[2024-12-03T21:12:47.268+0700] {processor.py:914} INFO - Processing file /home/tedubuamo/project/venv/lib/python3.12/site-packages/airflow/example_dags/example_time_delta_sensor_async.py for tasks to queue
[2024-12-03T21:12:47.269+0700] {logging_mixin.py:190} INFO - [2024-12-03T21:12:47.269+0700] {dagbag.py:588} INFO - Filling up the DagBag from /home/tedubuamo/project/venv/lib/python3.12/site-packages/airflow/example_dags/example_time_delta_sensor_async.py
[2024-12-03T21:12:47.275+0700] {processor.py:925} INFO - DAG(s) 'example_time_delta_sensor_async' retrieved from /home/tedubuamo/project/venv/lib/python3.12/site-packages/airflow/example_dags/example_time_delta_sensor_async.py
[2024-12-03T21:12:47.284+0700] {logging_mixin.py:190} INFO - [2024-12-03T21:12:47.284+0700] {dag.py:3239} INFO - Sync 1 DAGs
[2024-12-03T21:12:47.293+0700] {logging_mixin.py:190} INFO - [2024-12-03T21:12:47.293+0700] {dag.py:4180} INFO - Setting next_dagrun for example_time_delta_sensor_async to None, run_after=None
[2024-12-03T21:12:47.310+0700] {processor.py:208} INFO - Processing /home/tedubuamo/project/venv/lib/python3.12/site-packages/airflow/example_dags/example_time_delta_sensor_async.py took 0.046 seconds
[2024-12-03T21:13:31.574+0700] {processor.py:186} INFO - Started process (PID=3206) to work on /home/tedubuamo/project/venv/lib/python3.12/site-packages/airflow/example_dags/example_time_delta_sensor_async.py
[2024-12-03T21:13:31.575+0700] {processor.py:914} INFO - Processing file /home/tedubuamo/project/venv/lib/python3.12/site-packages/airflow/example_dags/example_time_delta_sensor_async.py for tasks to queue
[2024-12-03T21:13:31.578+0700] {logging_mixin.py:190} INFO - [2024-12-03T21:13:31.577+0700] {dagbag.py:588} INFO - Filling up the DagBag from /home/tedubuamo/project/venv/lib/python3.12/site-packages/airflow/example_dags/example_time_delta_sensor_async.py
[2024-12-03T21:13:31.584+0700] {processor.py:925} INFO - DAG(s) 'example_time_delta_sensor_async' retrieved from /home/tedubuamo/project/venv/lib/python3.12/site-packages/airflow/example_dags/example_time_delta_sensor_async.py
[2024-12-03T21:13:31.596+0700] {logging_mixin.py:190} INFO - [2024-12-03T21:13:31.596+0700] {dag.py:3239} INFO - Sync 1 DAGs
[2024-12-03T21:13:31.610+0700] {logging_mixin.py:190} INFO - [2024-12-03T21:13:31.610+0700] {dag.py:4180} INFO - Setting next_dagrun for example_time_delta_sensor_async to None, run_after=None
[2024-12-03T21:13:31.631+0700] {processor.py:208} INFO - Processing /home/tedubuamo/project/venv/lib/python3.12/site-packages/airflow/example_dags/example_time_delta_sensor_async.py took 0.063 seconds
[2024-12-03T21:13:38.231+0700] {processor.py:186} INFO - Started process (PID=3221) to work on /home/tedubuamo/project/venv/lib/python3.12/site-packages/airflow/example_dags/example_time_delta_sensor_async.py
[2024-12-03T21:13:38.231+0700] {processor.py:914} INFO - Processing file /home/tedubuamo/project/venv/lib/python3.12/site-packages/airflow/example_dags/example_time_delta_sensor_async.py for tasks to queue
[2024-12-03T21:13:38.233+0700] {logging_mixin.py:190} INFO - [2024-12-03T21:13:38.233+0700] {dagbag.py:588} INFO - Filling up the DagBag from /home/tedubuamo/project/venv/lib/python3.12/site-packages/airflow/example_dags/example_time_delta_sensor_async.py
[2024-12-03T21:13:38.238+0700] {processor.py:925} INFO - DAG(s) 'example_time_delta_sensor_async' retrieved from /home/tedubuamo/project/venv/lib/python3.12/site-packages/airflow/example_dags/example_time_delta_sensor_async.py
[2024-12-03T21:13:38.250+0700] {logging_mixin.py:190} INFO - [2024-12-03T21:13:38.250+0700] {dag.py:3239} INFO - Sync 1 DAGs
[2024-12-03T21:13:38.259+0700] {logging_mixin.py:190} INFO - [2024-12-03T21:13:38.259+0700] {dag.py:4180} INFO - Setting next_dagrun for example_time_delta_sensor_async to None, run_after=None
[2024-12-03T21:13:38.279+0700] {processor.py:208} INFO - Processing /home/tedubuamo/project/venv/lib/python3.12/site-packages/airflow/example_dags/example_time_delta_sensor_async.py took 0.052 seconds
[2024-12-03T21:14:21.129+0700] {processor.py:186} INFO - Started process (PID=3311) to work on /home/tedubuamo/project/venv/lib/python3.12/site-packages/airflow/example_dags/example_time_delta_sensor_async.py
[2024-12-03T21:14:21.130+0700] {processor.py:914} INFO - Processing file /home/tedubuamo/project/venv/lib/python3.12/site-packages/airflow/example_dags/example_time_delta_sensor_async.py for tasks to queue
[2024-12-03T21:14:21.132+0700] {logging_mixin.py:190} INFO - [2024-12-03T21:14:21.132+0700] {dagbag.py:588} INFO - Filling up the DagBag from /home/tedubuamo/project/venv/lib/python3.12/site-packages/airflow/example_dags/example_time_delta_sensor_async.py
[2024-12-03T21:14:21.138+0700] {processor.py:925} INFO - DAG(s) 'example_time_delta_sensor_async' retrieved from /home/tedubuamo/project/venv/lib/python3.12/site-packages/airflow/example_dags/example_time_delta_sensor_async.py
[2024-12-03T21:14:21.149+0700] {logging_mixin.py:190} INFO - [2024-12-03T21:14:21.149+0700] {dag.py:3239} INFO - Sync 1 DAGs
[2024-12-03T21:14:21.159+0700] {logging_mixin.py:190} INFO - [2024-12-03T21:14:21.158+0700] {dag.py:4180} INFO - Setting next_dagrun for example_time_delta_sensor_async to None, run_after=None
[2024-12-03T21:14:21.178+0700] {processor.py:208} INFO - Processing /home/tedubuamo/project/venv/lib/python3.12/site-packages/airflow/example_dags/example_time_delta_sensor_async.py took 0.054 seconds
[2024-12-03T21:14:28.889+0700] {processor.py:186} INFO - Started process (PID=3326) to work on /home/tedubuamo/project/venv/lib/python3.12/site-packages/airflow/example_dags/example_time_delta_sensor_async.py
[2024-12-03T21:14:28.890+0700] {processor.py:914} INFO - Processing file /home/tedubuamo/project/venv/lib/python3.12/site-packages/airflow/example_dags/example_time_delta_sensor_async.py for tasks to queue
[2024-12-03T21:14:28.892+0700] {logging_mixin.py:190} INFO - [2024-12-03T21:14:28.892+0700] {dagbag.py:588} INFO - Filling up the DagBag from /home/tedubuamo/project/venv/lib/python3.12/site-packages/airflow/example_dags/example_time_delta_sensor_async.py
[2024-12-03T21:14:28.897+0700] {processor.py:925} INFO - DAG(s) 'example_time_delta_sensor_async' retrieved from /home/tedubuamo/project/venv/lib/python3.12/site-packages/airflow/example_dags/example_time_delta_sensor_async.py
[2024-12-03T21:14:28.907+0700] {logging_mixin.py:190} INFO - [2024-12-03T21:14:28.907+0700] {dag.py:3239} INFO - Sync 1 DAGs
[2024-12-03T21:14:28.915+0700] {logging_mixin.py:190} INFO - [2024-12-03T21:14:28.915+0700] {dag.py:4180} INFO - Setting next_dagrun for example_time_delta_sensor_async to None, run_after=None
[2024-12-03T21:14:28.933+0700] {processor.py:208} INFO - Processing /home/tedubuamo/project/venv/lib/python3.12/site-packages/airflow/example_dags/example_time_delta_sensor_async.py took 0.048 seconds
[2024-12-03T21:15:14.089+0700] {processor.py:186} INFO - Started process (PID=3421) to work on /home/tedubuamo/project/venv/lib/python3.12/site-packages/airflow/example_dags/example_time_delta_sensor_async.py
[2024-12-03T21:15:14.090+0700] {processor.py:914} INFO - Processing file /home/tedubuamo/project/venv/lib/python3.12/site-packages/airflow/example_dags/example_time_delta_sensor_async.py for tasks to queue
[2024-12-03T21:15:14.091+0700] {logging_mixin.py:190} INFO - [2024-12-03T21:15:14.091+0700] {dagbag.py:588} INFO - Filling up the DagBag from /home/tedubuamo/project/venv/lib/python3.12/site-packages/airflow/example_dags/example_time_delta_sensor_async.py
[2024-12-03T21:15:14.096+0700] {processor.py:925} INFO - DAG(s) 'example_time_delta_sensor_async' retrieved from /home/tedubuamo/project/venv/lib/python3.12/site-packages/airflow/example_dags/example_time_delta_sensor_async.py
[2024-12-03T21:15:14.107+0700] {logging_mixin.py:190} INFO - [2024-12-03T21:15:14.106+0700] {dag.py:3239} INFO - Sync 1 DAGs
[2024-12-03T21:15:14.120+0700] {logging_mixin.py:190} INFO - [2024-12-03T21:15:14.120+0700] {dag.py:4180} INFO - Setting next_dagrun for example_time_delta_sensor_async to None, run_after=None
[2024-12-03T21:15:14.136+0700] {processor.py:208} INFO - Processing /home/tedubuamo/project/venv/lib/python3.12/site-packages/airflow/example_dags/example_time_delta_sensor_async.py took 0.051 seconds
[2024-12-03T21:15:19.507+0700] {processor.py:186} INFO - Started process (PID=3432) to work on /home/tedubuamo/project/venv/lib/python3.12/site-packages/airflow/example_dags/example_time_delta_sensor_async.py
[2024-12-03T21:15:19.508+0700] {processor.py:914} INFO - Processing file /home/tedubuamo/project/venv/lib/python3.12/site-packages/airflow/example_dags/example_time_delta_sensor_async.py for tasks to queue
[2024-12-03T21:15:19.510+0700] {logging_mixin.py:190} INFO - [2024-12-03T21:15:19.510+0700] {dagbag.py:588} INFO - Filling up the DagBag from /home/tedubuamo/project/venv/lib/python3.12/site-packages/airflow/example_dags/example_time_delta_sensor_async.py
[2024-12-03T21:15:19.515+0700] {processor.py:925} INFO - DAG(s) 'example_time_delta_sensor_async' retrieved from /home/tedubuamo/project/venv/lib/python3.12/site-packages/airflow/example_dags/example_time_delta_sensor_async.py
[2024-12-03T21:15:19.528+0700] {logging_mixin.py:190} INFO - [2024-12-03T21:15:19.527+0700] {dag.py:3239} INFO - Sync 1 DAGs
[2024-12-03T21:15:19.540+0700] {logging_mixin.py:190} INFO - [2024-12-03T21:15:19.540+0700] {dag.py:4180} INFO - Setting next_dagrun for example_time_delta_sensor_async to None, run_after=None
[2024-12-03T21:15:19.559+0700] {processor.py:208} INFO - Processing /home/tedubuamo/project/venv/lib/python3.12/site-packages/airflow/example_dags/example_time_delta_sensor_async.py took 0.056 seconds
[2024-12-03T21:16:04.820+0700] {processor.py:186} INFO - Started process (PID=3534) to work on /home/tedubuamo/project/venv/lib/python3.12/site-packages/airflow/example_dags/example_time_delta_sensor_async.py
[2024-12-03T21:16:04.821+0700] {processor.py:914} INFO - Processing file /home/tedubuamo/project/venv/lib/python3.12/site-packages/airflow/example_dags/example_time_delta_sensor_async.py for tasks to queue
[2024-12-03T21:16:04.824+0700] {logging_mixin.py:190} INFO - [2024-12-03T21:16:04.824+0700] {dagbag.py:588} INFO - Filling up the DagBag from /home/tedubuamo/project/venv/lib/python3.12/site-packages/airflow/example_dags/example_time_delta_sensor_async.py
[2024-12-03T21:16:04.832+0700] {processor.py:925} INFO - DAG(s) 'example_time_delta_sensor_async' retrieved from /home/tedubuamo/project/venv/lib/python3.12/site-packages/airflow/example_dags/example_time_delta_sensor_async.py
[2024-12-03T21:16:04.846+0700] {logging_mixin.py:190} INFO - [2024-12-03T21:16:04.846+0700] {dag.py:3239} INFO - Sync 1 DAGs
[2024-12-03T21:16:04.859+0700] {logging_mixin.py:190} INFO - [2024-12-03T21:16:04.859+0700] {dag.py:4180} INFO - Setting next_dagrun for example_time_delta_sensor_async to None, run_after=None
[2024-12-03T21:16:04.886+0700] {processor.py:208} INFO - Processing /home/tedubuamo/project/venv/lib/python3.12/site-packages/airflow/example_dags/example_time_delta_sensor_async.py took 0.075 seconds
[2024-12-03T21:16:09.944+0700] {processor.py:186} INFO - Started process (PID=3544) to work on /home/tedubuamo/project/venv/lib/python3.12/site-packages/airflow/example_dags/example_time_delta_sensor_async.py
[2024-12-03T21:16:09.945+0700] {processor.py:914} INFO - Processing file /home/tedubuamo/project/venv/lib/python3.12/site-packages/airflow/example_dags/example_time_delta_sensor_async.py for tasks to queue
[2024-12-03T21:16:09.947+0700] {logging_mixin.py:190} INFO - [2024-12-03T21:16:09.947+0700] {dagbag.py:588} INFO - Filling up the DagBag from /home/tedubuamo/project/venv/lib/python3.12/site-packages/airflow/example_dags/example_time_delta_sensor_async.py
[2024-12-03T21:16:09.955+0700] {processor.py:925} INFO - DAG(s) 'example_time_delta_sensor_async' retrieved from /home/tedubuamo/project/venv/lib/python3.12/site-packages/airflow/example_dags/example_time_delta_sensor_async.py
[2024-12-03T21:16:09.969+0700] {logging_mixin.py:190} INFO - [2024-12-03T21:16:09.969+0700] {dag.py:3239} INFO - Sync 1 DAGs
[2024-12-03T21:16:09.980+0700] {logging_mixin.py:190} INFO - [2024-12-03T21:16:09.980+0700] {dag.py:4180} INFO - Setting next_dagrun for example_time_delta_sensor_async to None, run_after=None
[2024-12-03T21:16:10.002+0700] {processor.py:208} INFO - Processing /home/tedubuamo/project/venv/lib/python3.12/site-packages/airflow/example_dags/example_time_delta_sensor_async.py took 0.062 seconds
[2024-12-03T21:16:58.472+0700] {processor.py:186} INFO - Started process (PID=3671) to work on /home/tedubuamo/project/venv/lib/python3.12/site-packages/airflow/example_dags/example_time_delta_sensor_async.py
[2024-12-03T21:16:58.474+0700] {processor.py:914} INFO - Processing file /home/tedubuamo/project/venv/lib/python3.12/site-packages/airflow/example_dags/example_time_delta_sensor_async.py for tasks to queue
[2024-12-03T21:16:58.485+0700] {logging_mixin.py:190} INFO - [2024-12-03T21:16:58.485+0700] {dagbag.py:588} INFO - Filling up the DagBag from /home/tedubuamo/project/venv/lib/python3.12/site-packages/airflow/example_dags/example_time_delta_sensor_async.py
[2024-12-03T21:16:58.500+0700] {processor.py:925} INFO - DAG(s) 'example_time_delta_sensor_async' retrieved from /home/tedubuamo/project/venv/lib/python3.12/site-packages/airflow/example_dags/example_time_delta_sensor_async.py
[2024-12-03T21:16:58.556+0700] {logging_mixin.py:190} INFO - [2024-12-03T21:16:58.555+0700] {dag.py:3239} INFO - Sync 1 DAGs
[2024-12-03T21:16:58.596+0700] {logging_mixin.py:190} INFO - [2024-12-03T21:16:58.596+0700] {dag.py:4180} INFO - Setting next_dagrun for example_time_delta_sensor_async to None, run_after=None
[2024-12-03T21:16:58.645+0700] {processor.py:208} INFO - Processing /home/tedubuamo/project/venv/lib/python3.12/site-packages/airflow/example_dags/example_time_delta_sensor_async.py took 0.178 seconds
[2024-12-03T21:17:00.340+0700] {processor.py:186} INFO - Started process (PID=3675) to work on /home/tedubuamo/project/venv/lib/python3.12/site-packages/airflow/example_dags/example_time_delta_sensor_async.py
[2024-12-03T21:17:00.341+0700] {processor.py:914} INFO - Processing file /home/tedubuamo/project/venv/lib/python3.12/site-packages/airflow/example_dags/example_time_delta_sensor_async.py for tasks to queue
[2024-12-03T21:17:00.343+0700] {logging_mixin.py:190} INFO - [2024-12-03T21:17:00.342+0700] {dagbag.py:588} INFO - Filling up the DagBag from /home/tedubuamo/project/venv/lib/python3.12/site-packages/airflow/example_dags/example_time_delta_sensor_async.py
[2024-12-03T21:17:00.348+0700] {processor.py:925} INFO - DAG(s) 'example_time_delta_sensor_async' retrieved from /home/tedubuamo/project/venv/lib/python3.12/site-packages/airflow/example_dags/example_time_delta_sensor_async.py
[2024-12-03T21:17:00.359+0700] {logging_mixin.py:190} INFO - [2024-12-03T21:17:00.359+0700] {dag.py:3239} INFO - Sync 1 DAGs
[2024-12-03T21:17:00.369+0700] {logging_mixin.py:190} INFO - [2024-12-03T21:17:00.368+0700] {dag.py:4180} INFO - Setting next_dagrun for example_time_delta_sensor_async to None, run_after=None
[2024-12-03T21:17:00.388+0700] {processor.py:208} INFO - Processing /home/tedubuamo/project/venv/lib/python3.12/site-packages/airflow/example_dags/example_time_delta_sensor_async.py took 0.053 seconds
[2024-12-03T21:17:51.175+0700] {processor.py:186} INFO - Started process (PID=3793) to work on /home/tedubuamo/project/venv/lib/python3.12/site-packages/airflow/example_dags/example_time_delta_sensor_async.py
[2024-12-03T21:17:51.176+0700] {processor.py:914} INFO - Processing file /home/tedubuamo/project/venv/lib/python3.12/site-packages/airflow/example_dags/example_time_delta_sensor_async.py for tasks to queue
[2024-12-03T21:17:51.178+0700] {logging_mixin.py:190} INFO - [2024-12-03T21:17:51.177+0700] {dagbag.py:588} INFO - Filling up the DagBag from /home/tedubuamo/project/venv/lib/python3.12/site-packages/airflow/example_dags/example_time_delta_sensor_async.py
[2024-12-03T21:17:51.183+0700] {processor.py:925} INFO - DAG(s) 'example_time_delta_sensor_async' retrieved from /home/tedubuamo/project/venv/lib/python3.12/site-packages/airflow/example_dags/example_time_delta_sensor_async.py
[2024-12-03T21:17:51.193+0700] {logging_mixin.py:190} INFO - [2024-12-03T21:17:51.192+0700] {dag.py:3239} INFO - Sync 1 DAGs
[2024-12-03T21:17:51.201+0700] {logging_mixin.py:190} INFO - [2024-12-03T21:17:51.201+0700] {dag.py:4180} INFO - Setting next_dagrun for example_time_delta_sensor_async to None, run_after=None
[2024-12-03T21:17:51.217+0700] {processor.py:208} INFO - Processing /home/tedubuamo/project/venv/lib/python3.12/site-packages/airflow/example_dags/example_time_delta_sensor_async.py took 0.046 seconds
[2024-12-03T21:17:52.225+0700] {processor.py:186} INFO - Started process (PID=3798) to work on /home/tedubuamo/project/venv/lib/python3.12/site-packages/airflow/example_dags/example_time_delta_sensor_async.py
[2024-12-03T21:17:52.226+0700] {processor.py:914} INFO - Processing file /home/tedubuamo/project/venv/lib/python3.12/site-packages/airflow/example_dags/example_time_delta_sensor_async.py for tasks to queue
[2024-12-03T21:17:52.227+0700] {logging_mixin.py:190} INFO - [2024-12-03T21:17:52.227+0700] {dagbag.py:588} INFO - Filling up the DagBag from /home/tedubuamo/project/venv/lib/python3.12/site-packages/airflow/example_dags/example_time_delta_sensor_async.py
[2024-12-03T21:17:52.233+0700] {processor.py:925} INFO - DAG(s) 'example_time_delta_sensor_async' retrieved from /home/tedubuamo/project/venv/lib/python3.12/site-packages/airflow/example_dags/example_time_delta_sensor_async.py
[2024-12-03T21:17:52.244+0700] {logging_mixin.py:190} INFO - [2024-12-03T21:17:52.244+0700] {dag.py:3239} INFO - Sync 1 DAGs
[2024-12-03T21:17:52.253+0700] {logging_mixin.py:190} INFO - [2024-12-03T21:17:52.253+0700] {dag.py:4180} INFO - Setting next_dagrun for example_time_delta_sensor_async to None, run_after=None
[2024-12-03T21:17:52.269+0700] {processor.py:208} INFO - Processing /home/tedubuamo/project/venv/lib/python3.12/site-packages/airflow/example_dags/example_time_delta_sensor_async.py took 0.048 seconds
[2024-12-03T21:18:48.972+0700] {processor.py:186} INFO - Started process (PID=3927) to work on /home/tedubuamo/project/venv/lib/python3.12/site-packages/airflow/example_dags/example_time_delta_sensor_async.py
[2024-12-03T21:18:48.982+0700] {processor.py:914} INFO - Processing file /home/tedubuamo/project/venv/lib/python3.12/site-packages/airflow/example_dags/example_time_delta_sensor_async.py for tasks to queue
[2024-12-03T21:18:48.986+0700] {logging_mixin.py:190} INFO - [2024-12-03T21:18:48.985+0700] {dagbag.py:588} INFO - Filling up the DagBag from /home/tedubuamo/project/venv/lib/python3.12/site-packages/airflow/example_dags/example_time_delta_sensor_async.py
[2024-12-03T21:18:48.996+0700] {processor.py:925} INFO - DAG(s) 'example_time_delta_sensor_async' retrieved from /home/tedubuamo/project/venv/lib/python3.12/site-packages/airflow/example_dags/example_time_delta_sensor_async.py
[2024-12-03T21:18:49.121+0700] {logging_mixin.py:190} INFO - [2024-12-03T21:18:49.121+0700] {dag.py:3239} INFO - Sync 1 DAGs
[2024-12-03T21:18:49.143+0700] {logging_mixin.py:190} INFO - [2024-12-03T21:18:49.143+0700] {dag.py:4180} INFO - Setting next_dagrun for example_time_delta_sensor_async to None, run_after=None
[2024-12-03T21:18:49.185+0700] {processor.py:208} INFO - Processing /home/tedubuamo/project/venv/lib/python3.12/site-packages/airflow/example_dags/example_time_delta_sensor_async.py took 0.217 seconds
[2024-12-03T21:19:48.733+0700] {processor.py:186} INFO - Started process (PID=3989) to work on /home/tedubuamo/project/venv/lib/python3.12/site-packages/airflow/example_dags/example_time_delta_sensor_async.py
[2024-12-03T21:19:48.735+0700] {processor.py:914} INFO - Processing file /home/tedubuamo/project/venv/lib/python3.12/site-packages/airflow/example_dags/example_time_delta_sensor_async.py for tasks to queue
[2024-12-03T21:19:48.736+0700] {logging_mixin.py:190} INFO - [2024-12-03T21:19:48.736+0700] {dagbag.py:588} INFO - Filling up the DagBag from /home/tedubuamo/project/venv/lib/python3.12/site-packages/airflow/example_dags/example_time_delta_sensor_async.py
[2024-12-03T21:19:48.742+0700] {processor.py:925} INFO - DAG(s) 'example_time_delta_sensor_async' retrieved from /home/tedubuamo/project/venv/lib/python3.12/site-packages/airflow/example_dags/example_time_delta_sensor_async.py
[2024-12-03T21:19:48.754+0700] {logging_mixin.py:190} INFO - [2024-12-03T21:19:48.753+0700] {dag.py:3239} INFO - Sync 1 DAGs
[2024-12-03T21:19:48.763+0700] {logging_mixin.py:190} INFO - [2024-12-03T21:19:48.763+0700] {dag.py:4180} INFO - Setting next_dagrun for example_time_delta_sensor_async to None, run_after=None
[2024-12-03T21:19:48.780+0700] {processor.py:208} INFO - Processing /home/tedubuamo/project/venv/lib/python3.12/site-packages/airflow/example_dags/example_time_delta_sensor_async.py took 0.050 seconds
[2024-12-03T21:20:50.752+0700] {processor.py:186} INFO - Started process (PID=4092) to work on /home/tedubuamo/project/venv/lib/python3.12/site-packages/airflow/example_dags/example_time_delta_sensor_async.py
[2024-12-03T21:20:50.753+0700] {processor.py:914} INFO - Processing file /home/tedubuamo/project/venv/lib/python3.12/site-packages/airflow/example_dags/example_time_delta_sensor_async.py for tasks to queue
[2024-12-03T21:20:50.756+0700] {logging_mixin.py:190} INFO - [2024-12-03T21:20:50.755+0700] {dagbag.py:588} INFO - Filling up the DagBag from /home/tedubuamo/project/venv/lib/python3.12/site-packages/airflow/example_dags/example_time_delta_sensor_async.py
[2024-12-03T21:20:50.763+0700] {processor.py:925} INFO - DAG(s) 'example_time_delta_sensor_async' retrieved from /home/tedubuamo/project/venv/lib/python3.12/site-packages/airflow/example_dags/example_time_delta_sensor_async.py
[2024-12-03T21:20:50.778+0700] {logging_mixin.py:190} INFO - [2024-12-03T21:20:50.778+0700] {dag.py:3239} INFO - Sync 1 DAGs
[2024-12-03T21:20:50.790+0700] {logging_mixin.py:190} INFO - [2024-12-03T21:20:50.790+0700] {dag.py:4180} INFO - Setting next_dagrun for example_time_delta_sensor_async to None, run_after=None
[2024-12-03T21:20:50.809+0700] {processor.py:208} INFO - Processing /home/tedubuamo/project/venv/lib/python3.12/site-packages/airflow/example_dags/example_time_delta_sensor_async.py took 0.061 seconds
[2024-12-03T21:21:26.829+0700] {processor.py:186} INFO - Started process (PID=4135) to work on /home/tedubuamo/project/venv/lib/python3.12/site-packages/airflow/example_dags/example_time_delta_sensor_async.py
[2024-12-03T21:21:26.830+0700] {processor.py:914} INFO - Processing file /home/tedubuamo/project/venv/lib/python3.12/site-packages/airflow/example_dags/example_time_delta_sensor_async.py for tasks to queue
[2024-12-03T21:21:26.831+0700] {logging_mixin.py:190} INFO - [2024-12-03T21:21:26.831+0700] {dagbag.py:588} INFO - Filling up the DagBag from /home/tedubuamo/project/venv/lib/python3.12/site-packages/airflow/example_dags/example_time_delta_sensor_async.py
[2024-12-03T21:21:26.837+0700] {processor.py:925} INFO - DAG(s) 'example_time_delta_sensor_async' retrieved from /home/tedubuamo/project/venv/lib/python3.12/site-packages/airflow/example_dags/example_time_delta_sensor_async.py
[2024-12-03T21:21:26.848+0700] {logging_mixin.py:190} INFO - [2024-12-03T21:21:26.848+0700] {dag.py:3239} INFO - Sync 1 DAGs
[2024-12-03T21:21:26.857+0700] {logging_mixin.py:190} INFO - [2024-12-03T21:21:26.857+0700] {dag.py:4180} INFO - Setting next_dagrun for example_time_delta_sensor_async to None, run_after=None
[2024-12-03T21:21:26.874+0700] {processor.py:208} INFO - Processing /home/tedubuamo/project/venv/lib/python3.12/site-packages/airflow/example_dags/example_time_delta_sensor_async.py took 0.050 seconds
[2024-12-03T21:22:21.110+0700] {processor.py:186} INFO - Started process (PID=4226) to work on /home/tedubuamo/project/venv/lib/python3.12/site-packages/airflow/example_dags/example_time_delta_sensor_async.py
[2024-12-03T21:22:21.113+0700] {processor.py:914} INFO - Processing file /home/tedubuamo/project/venv/lib/python3.12/site-packages/airflow/example_dags/example_time_delta_sensor_async.py for tasks to queue
[2024-12-03T21:22:21.115+0700] {logging_mixin.py:190} INFO - [2024-12-03T21:22:21.114+0700] {dagbag.py:588} INFO - Filling up the DagBag from /home/tedubuamo/project/venv/lib/python3.12/site-packages/airflow/example_dags/example_time_delta_sensor_async.py
[2024-12-03T21:22:21.120+0700] {processor.py:925} INFO - DAG(s) 'example_time_delta_sensor_async' retrieved from /home/tedubuamo/project/venv/lib/python3.12/site-packages/airflow/example_dags/example_time_delta_sensor_async.py
[2024-12-03T21:22:21.130+0700] {logging_mixin.py:190} INFO - [2024-12-03T21:22:21.130+0700] {dag.py:3239} INFO - Sync 1 DAGs
[2024-12-03T21:22:21.138+0700] {logging_mixin.py:190} INFO - [2024-12-03T21:22:21.138+0700] {dag.py:4180} INFO - Setting next_dagrun for example_time_delta_sensor_async to None, run_after=None
[2024-12-03T21:22:21.156+0700] {processor.py:208} INFO - Processing /home/tedubuamo/project/venv/lib/python3.12/site-packages/airflow/example_dags/example_time_delta_sensor_async.py took 0.050 seconds
[2024-12-03T21:23:12.807+0700] {processor.py:186} INFO - Started process (PID=4280) to work on /home/tedubuamo/project/venv/lib/python3.12/site-packages/airflow/example_dags/example_time_delta_sensor_async.py
[2024-12-03T21:23:12.808+0700] {processor.py:914} INFO - Processing file /home/tedubuamo/project/venv/lib/python3.12/site-packages/airflow/example_dags/example_time_delta_sensor_async.py for tasks to queue
[2024-12-03T21:23:12.811+0700] {logging_mixin.py:190} INFO - [2024-12-03T21:23:12.810+0700] {dagbag.py:588} INFO - Filling up the DagBag from /home/tedubuamo/project/venv/lib/python3.12/site-packages/airflow/example_dags/example_time_delta_sensor_async.py
[2024-12-03T21:23:12.819+0700] {processor.py:925} INFO - DAG(s) 'example_time_delta_sensor_async' retrieved from /home/tedubuamo/project/venv/lib/python3.12/site-packages/airflow/example_dags/example_time_delta_sensor_async.py
[2024-12-03T21:23:12.831+0700] {logging_mixin.py:190} INFO - [2024-12-03T21:23:12.831+0700] {dag.py:3239} INFO - Sync 1 DAGs
[2024-12-03T21:23:12.843+0700] {logging_mixin.py:190} INFO - [2024-12-03T21:23:12.843+0700] {dag.py:4180} INFO - Setting next_dagrun for example_time_delta_sensor_async to None, run_after=None
[2024-12-03T21:23:12.865+0700] {processor.py:208} INFO - Processing /home/tedubuamo/project/venv/lib/python3.12/site-packages/airflow/example_dags/example_time_delta_sensor_async.py took 0.064 seconds
[2024-12-03T21:24:07.213+0700] {processor.py:186} INFO - Started process (PID=4353) to work on /home/tedubuamo/project/venv/lib/python3.12/site-packages/airflow/example_dags/example_time_delta_sensor_async.py
[2024-12-03T21:24:07.217+0700] {processor.py:914} INFO - Processing file /home/tedubuamo/project/venv/lib/python3.12/site-packages/airflow/example_dags/example_time_delta_sensor_async.py for tasks to queue
[2024-12-03T21:24:07.218+0700] {logging_mixin.py:190} INFO - [2024-12-03T21:24:07.218+0700] {dagbag.py:588} INFO - Filling up the DagBag from /home/tedubuamo/project/venv/lib/python3.12/site-packages/airflow/example_dags/example_time_delta_sensor_async.py
[2024-12-03T21:24:07.224+0700] {processor.py:925} INFO - DAG(s) 'example_time_delta_sensor_async' retrieved from /home/tedubuamo/project/venv/lib/python3.12/site-packages/airflow/example_dags/example_time_delta_sensor_async.py
[2024-12-03T21:24:07.235+0700] {logging_mixin.py:190} INFO - [2024-12-03T21:24:07.235+0700] {dag.py:3239} INFO - Sync 1 DAGs
[2024-12-03T21:24:07.245+0700] {logging_mixin.py:190} INFO - [2024-12-03T21:24:07.245+0700] {dag.py:4180} INFO - Setting next_dagrun for example_time_delta_sensor_async to None, run_after=None
[2024-12-03T21:24:07.267+0700] {processor.py:208} INFO - Processing /home/tedubuamo/project/venv/lib/python3.12/site-packages/airflow/example_dags/example_time_delta_sensor_async.py took 0.059 seconds
[2024-12-03T21:25:00.042+0700] {processor.py:186} INFO - Started process (PID=4413) to work on /home/tedubuamo/project/venv/lib/python3.12/site-packages/airflow/example_dags/example_time_delta_sensor_async.py
[2024-12-03T21:25:00.044+0700] {processor.py:914} INFO - Processing file /home/tedubuamo/project/venv/lib/python3.12/site-packages/airflow/example_dags/example_time_delta_sensor_async.py for tasks to queue
[2024-12-03T21:25:00.045+0700] {logging_mixin.py:190} INFO - [2024-12-03T21:25:00.045+0700] {dagbag.py:588} INFO - Filling up the DagBag from /home/tedubuamo/project/venv/lib/python3.12/site-packages/airflow/example_dags/example_time_delta_sensor_async.py
[2024-12-03T21:25:00.051+0700] {processor.py:925} INFO - DAG(s) 'example_time_delta_sensor_async' retrieved from /home/tedubuamo/project/venv/lib/python3.12/site-packages/airflow/example_dags/example_time_delta_sensor_async.py
[2024-12-03T21:25:00.062+0700] {logging_mixin.py:190} INFO - [2024-12-03T21:25:00.062+0700] {dag.py:3239} INFO - Sync 1 DAGs
[2024-12-03T21:25:00.072+0700] {logging_mixin.py:190} INFO - [2024-12-03T21:25:00.071+0700] {dag.py:4180} INFO - Setting next_dagrun for example_time_delta_sensor_async to None, run_after=None
[2024-12-03T21:25:00.092+0700] {processor.py:208} INFO - Processing /home/tedubuamo/project/venv/lib/python3.12/site-packages/airflow/example_dags/example_time_delta_sensor_async.py took 0.054 seconds
[2024-12-03T21:25:57.730+0700] {processor.py:186} INFO - Started process (PID=4497) to work on /home/tedubuamo/project/venv/lib/python3.12/site-packages/airflow/example_dags/example_time_delta_sensor_async.py
[2024-12-03T21:25:57.731+0700] {processor.py:914} INFO - Processing file /home/tedubuamo/project/venv/lib/python3.12/site-packages/airflow/example_dags/example_time_delta_sensor_async.py for tasks to queue
[2024-12-03T21:25:57.733+0700] {logging_mixin.py:190} INFO - [2024-12-03T21:25:57.733+0700] {dagbag.py:588} INFO - Filling up the DagBag from /home/tedubuamo/project/venv/lib/python3.12/site-packages/airflow/example_dags/example_time_delta_sensor_async.py
[2024-12-03T21:25:57.739+0700] {processor.py:925} INFO - DAG(s) 'example_time_delta_sensor_async' retrieved from /home/tedubuamo/project/venv/lib/python3.12/site-packages/airflow/example_dags/example_time_delta_sensor_async.py
[2024-12-03T21:25:57.751+0700] {logging_mixin.py:190} INFO - [2024-12-03T21:25:57.751+0700] {dag.py:3239} INFO - Sync 1 DAGs
[2024-12-03T21:25:57.760+0700] {logging_mixin.py:190} INFO - [2024-12-03T21:25:57.760+0700] {dag.py:4180} INFO - Setting next_dagrun for example_time_delta_sensor_async to None, run_after=None
[2024-12-03T21:25:57.778+0700] {processor.py:208} INFO - Processing /home/tedubuamo/project/venv/lib/python3.12/site-packages/airflow/example_dags/example_time_delta_sensor_async.py took 0.053 seconds
[2024-12-03T21:26:52.256+0700] {processor.py:186} INFO - Started process (PID=4555) to work on /home/tedubuamo/project/venv/lib/python3.12/site-packages/airflow/example_dags/example_time_delta_sensor_async.py
[2024-12-03T21:26:52.259+0700] {processor.py:914} INFO - Processing file /home/tedubuamo/project/venv/lib/python3.12/site-packages/airflow/example_dags/example_time_delta_sensor_async.py for tasks to queue
[2024-12-03T21:26:52.261+0700] {logging_mixin.py:190} INFO - [2024-12-03T21:26:52.261+0700] {dagbag.py:588} INFO - Filling up the DagBag from /home/tedubuamo/project/venv/lib/python3.12/site-packages/airflow/example_dags/example_time_delta_sensor_async.py
[2024-12-03T21:26:52.267+0700] {processor.py:925} INFO - DAG(s) 'example_time_delta_sensor_async' retrieved from /home/tedubuamo/project/venv/lib/python3.12/site-packages/airflow/example_dags/example_time_delta_sensor_async.py
[2024-12-03T21:26:52.278+0700] {logging_mixin.py:190} INFO - [2024-12-03T21:26:52.278+0700] {dag.py:3239} INFO - Sync 1 DAGs
[2024-12-03T21:26:52.289+0700] {logging_mixin.py:190} INFO - [2024-12-03T21:26:52.289+0700] {dag.py:4180} INFO - Setting next_dagrun for example_time_delta_sensor_async to None, run_after=None
[2024-12-03T21:26:52.308+0700] {processor.py:208} INFO - Processing /home/tedubuamo/project/venv/lib/python3.12/site-packages/airflow/example_dags/example_time_delta_sensor_async.py took 0.057 seconds
[2024-12-03T21:27:45.423+0700] {processor.py:186} INFO - Started process (PID=4626) to work on /home/tedubuamo/project/venv/lib/python3.12/site-packages/airflow/example_dags/example_time_delta_sensor_async.py
[2024-12-03T21:27:45.424+0700] {processor.py:914} INFO - Processing file /home/tedubuamo/project/venv/lib/python3.12/site-packages/airflow/example_dags/example_time_delta_sensor_async.py for tasks to queue
[2024-12-03T21:27:45.427+0700] {logging_mixin.py:190} INFO - [2024-12-03T21:27:45.426+0700] {dagbag.py:588} INFO - Filling up the DagBag from /home/tedubuamo/project/venv/lib/python3.12/site-packages/airflow/example_dags/example_time_delta_sensor_async.py
[2024-12-03T21:27:45.433+0700] {processor.py:925} INFO - DAG(s) 'example_time_delta_sensor_async' retrieved from /home/tedubuamo/project/venv/lib/python3.12/site-packages/airflow/example_dags/example_time_delta_sensor_async.py
[2024-12-03T21:27:45.445+0700] {logging_mixin.py:190} INFO - [2024-12-03T21:27:45.445+0700] {dag.py:3239} INFO - Sync 1 DAGs
[2024-12-03T21:27:45.455+0700] {logging_mixin.py:190} INFO - [2024-12-03T21:27:45.454+0700] {dag.py:4180} INFO - Setting next_dagrun for example_time_delta_sensor_async to None, run_after=None
[2024-12-03T21:27:45.474+0700] {processor.py:208} INFO - Processing /home/tedubuamo/project/venv/lib/python3.12/site-packages/airflow/example_dags/example_time_delta_sensor_async.py took 0.055 seconds
[2024-12-03T21:28:40.959+0700] {processor.py:186} INFO - Started process (PID=4688) to work on /home/tedubuamo/project/venv/lib/python3.12/site-packages/airflow/example_dags/example_time_delta_sensor_async.py
[2024-12-03T21:28:40.961+0700] {processor.py:914} INFO - Processing file /home/tedubuamo/project/venv/lib/python3.12/site-packages/airflow/example_dags/example_time_delta_sensor_async.py for tasks to queue
[2024-12-03T21:28:40.962+0700] {logging_mixin.py:190} INFO - [2024-12-03T21:28:40.962+0700] {dagbag.py:588} INFO - Filling up the DagBag from /home/tedubuamo/project/venv/lib/python3.12/site-packages/airflow/example_dags/example_time_delta_sensor_async.py
[2024-12-03T21:28:40.968+0700] {processor.py:925} INFO - DAG(s) 'example_time_delta_sensor_async' retrieved from /home/tedubuamo/project/venv/lib/python3.12/site-packages/airflow/example_dags/example_time_delta_sensor_async.py
[2024-12-03T21:28:40.980+0700] {logging_mixin.py:190} INFO - [2024-12-03T21:28:40.979+0700] {dag.py:3239} INFO - Sync 1 DAGs
[2024-12-03T21:28:40.989+0700] {logging_mixin.py:190} INFO - [2024-12-03T21:28:40.988+0700] {dag.py:4180} INFO - Setting next_dagrun for example_time_delta_sensor_async to None, run_after=None
[2024-12-03T21:28:41.007+0700] {processor.py:208} INFO - Processing /home/tedubuamo/project/venv/lib/python3.12/site-packages/airflow/example_dags/example_time_delta_sensor_async.py took 0.052 seconds
[2024-12-03T21:29:33.930+0700] {processor.py:186} INFO - Started process (PID=4823) to work on /home/tedubuamo/project/venv/lib/python3.12/site-packages/airflow/example_dags/example_time_delta_sensor_async.py
[2024-12-03T21:29:33.931+0700] {processor.py:914} INFO - Processing file /home/tedubuamo/project/venv/lib/python3.12/site-packages/airflow/example_dags/example_time_delta_sensor_async.py for tasks to queue
[2024-12-03T21:29:33.933+0700] {logging_mixin.py:190} INFO - [2024-12-03T21:29:33.932+0700] {dagbag.py:588} INFO - Filling up the DagBag from /home/tedubuamo/project/venv/lib/python3.12/site-packages/airflow/example_dags/example_time_delta_sensor_async.py
[2024-12-03T21:29:33.941+0700] {processor.py:925} INFO - DAG(s) 'example_time_delta_sensor_async' retrieved from /home/tedubuamo/project/venv/lib/python3.12/site-packages/airflow/example_dags/example_time_delta_sensor_async.py
[2024-12-03T21:29:33.959+0700] {logging_mixin.py:190} INFO - [2024-12-03T21:29:33.959+0700] {dag.py:3239} INFO - Sync 1 DAGs
[2024-12-03T21:29:33.977+0700] {logging_mixin.py:190} INFO - [2024-12-03T21:29:33.977+0700] {dag.py:4180} INFO - Setting next_dagrun for example_time_delta_sensor_async to None, run_after=None
[2024-12-03T21:29:34.007+0700] {processor.py:208} INFO - Processing /home/tedubuamo/project/venv/lib/python3.12/site-packages/airflow/example_dags/example_time_delta_sensor_async.py took 0.082 seconds
[2024-12-03T21:30:27.922+0700] {processor.py:186} INFO - Started process (PID=4882) to work on /home/tedubuamo/project/venv/lib/python3.12/site-packages/airflow/example_dags/example_time_delta_sensor_async.py
[2024-12-03T21:30:27.931+0700] {processor.py:914} INFO - Processing file /home/tedubuamo/project/venv/lib/python3.12/site-packages/airflow/example_dags/example_time_delta_sensor_async.py for tasks to queue
[2024-12-03T21:30:27.933+0700] {logging_mixin.py:190} INFO - [2024-12-03T21:30:27.933+0700] {dagbag.py:588} INFO - Filling up the DagBag from /home/tedubuamo/project/venv/lib/python3.12/site-packages/airflow/example_dags/example_time_delta_sensor_async.py
[2024-12-03T21:30:27.938+0700] {processor.py:925} INFO - DAG(s) 'example_time_delta_sensor_async' retrieved from /home/tedubuamo/project/venv/lib/python3.12/site-packages/airflow/example_dags/example_time_delta_sensor_async.py
[2024-12-03T21:30:27.949+0700] {logging_mixin.py:190} INFO - [2024-12-03T21:30:27.948+0700] {dag.py:3239} INFO - Sync 1 DAGs
[2024-12-03T21:30:27.957+0700] {logging_mixin.py:190} INFO - [2024-12-03T21:30:27.957+0700] {dag.py:4180} INFO - Setting next_dagrun for example_time_delta_sensor_async to None, run_after=None
[2024-12-03T21:30:27.974+0700] {processor.py:208} INFO - Processing /home/tedubuamo/project/venv/lib/python3.12/site-packages/airflow/example_dags/example_time_delta_sensor_async.py took 0.056 seconds
[2024-12-03T21:31:22.285+0700] {processor.py:186} INFO - Started process (PID=4956) to work on /home/tedubuamo/project/venv/lib/python3.12/site-packages/airflow/example_dags/example_time_delta_sensor_async.py
[2024-12-03T21:31:22.288+0700] {processor.py:914} INFO - Processing file /home/tedubuamo/project/venv/lib/python3.12/site-packages/airflow/example_dags/example_time_delta_sensor_async.py for tasks to queue
[2024-12-03T21:31:22.290+0700] {logging_mixin.py:190} INFO - [2024-12-03T21:31:22.290+0700] {dagbag.py:588} INFO - Filling up the DagBag from /home/tedubuamo/project/venv/lib/python3.12/site-packages/airflow/example_dags/example_time_delta_sensor_async.py
[2024-12-03T21:31:22.295+0700] {processor.py:925} INFO - DAG(s) 'example_time_delta_sensor_async' retrieved from /home/tedubuamo/project/venv/lib/python3.12/site-packages/airflow/example_dags/example_time_delta_sensor_async.py
[2024-12-03T21:31:22.304+0700] {logging_mixin.py:190} INFO - [2024-12-03T21:31:22.304+0700] {dag.py:3239} INFO - Sync 1 DAGs
[2024-12-03T21:31:22.313+0700] {logging_mixin.py:190} INFO - [2024-12-03T21:31:22.313+0700] {dag.py:4180} INFO - Setting next_dagrun for example_time_delta_sensor_async to None, run_after=None
[2024-12-03T21:31:22.331+0700] {processor.py:208} INFO - Processing /home/tedubuamo/project/venv/lib/python3.12/site-packages/airflow/example_dags/example_time_delta_sensor_async.py took 0.049 seconds
