[2024-12-03T20:46:59.094+0700] {processor.py:186} INFO - Started process (PID=1216) to work on /home/tedubuamo/project/venv/lib/python3.12/site-packages/airflow/example_dags/example_bash_operator.py
[2024-12-03T20:46:59.094+0700] {processor.py:914} INFO - Processing file /home/tedubuamo/project/venv/lib/python3.12/site-packages/airflow/example_dags/example_bash_operator.py for tasks to queue
[2024-12-03T20:46:59.096+0700] {logging_mixin.py:190} INFO - [2024-12-03T20:46:59.096+0700] {dagbag.py:588} INFO - Filling up the DagBag from /home/tedubuamo/project/venv/lib/python3.12/site-packages/airflow/example_dags/example_bash_operator.py
[2024-12-03T20:46:59.107+0700] {processor.py:925} INFO - DAG(s) 'example_bash_operator' retrieved from /home/tedubuamo/project/venv/lib/python3.12/site-packages/airflow/example_dags/example_bash_operator.py
[2024-12-03T20:46:59.113+0700] {logging_mixin.py:190} INFO - [2024-12-03T20:46:59.113+0700] {dag.py:3239} INFO - Sync 1 DAGs
[2024-12-03T20:46:59.130+0700] {logging_mixin.py:190} INFO - [2024-12-03T20:46:59.130+0700] {dag.py:4180} INFO - Setting next_dagrun for example_bash_operator to 2024-12-02 00:00:00+00:00, run_after=2024-12-03 00:00:00+00:00
[2024-12-03T20:46:59.149+0700] {processor.py:208} INFO - Processing /home/tedubuamo/project/venv/lib/python3.12/site-packages/airflow/example_dags/example_bash_operator.py took 0.060 seconds
[2024-12-03T20:57:36.653+0700] {processor.py:186} INFO - Started process (PID=1631) to work on /home/tedubuamo/project/venv/lib/python3.12/site-packages/airflow/example_dags/example_bash_operator.py
[2024-12-03T20:57:36.654+0700] {processor.py:914} INFO - Processing file /home/tedubuamo/project/venv/lib/python3.12/site-packages/airflow/example_dags/example_bash_operator.py for tasks to queue
[2024-12-03T20:57:36.655+0700] {logging_mixin.py:190} INFO - [2024-12-03T20:57:36.655+0700] {dagbag.py:588} INFO - Filling up the DagBag from /home/tedubuamo/project/venv/lib/python3.12/site-packages/airflow/example_dags/example_bash_operator.py
[2024-12-03T20:57:36.666+0700] {processor.py:925} INFO - DAG(s) 'example_bash_operator' retrieved from /home/tedubuamo/project/venv/lib/python3.12/site-packages/airflow/example_dags/example_bash_operator.py
[2024-12-03T20:57:36.773+0700] {logging_mixin.py:190} INFO - [2024-12-03T20:57:36.773+0700] {dag.py:3239} INFO - Sync 1 DAGs
[2024-12-03T20:57:36.789+0700] {logging_mixin.py:190} INFO - [2024-12-03T20:57:36.788+0700] {dag.py:4180} INFO - Setting next_dagrun for example_bash_operator to 2024-12-02 00:00:00+00:00, run_after=2024-12-03 00:00:00+00:00
[2024-12-03T20:57:36.812+0700] {processor.py:208} INFO - Processing /home/tedubuamo/project/venv/lib/python3.12/site-packages/airflow/example_dags/example_bash_operator.py took 0.163 seconds
[2024-12-03T20:58:34.321+0700] {processor.py:186} INFO - Started process (PID=1688) to work on /home/tedubuamo/project/venv/lib/python3.12/site-packages/airflow/example_dags/example_bash_operator.py
[2024-12-03T20:58:34.324+0700] {processor.py:914} INFO - Processing file /home/tedubuamo/project/venv/lib/python3.12/site-packages/airflow/example_dags/example_bash_operator.py for tasks to queue
[2024-12-03T20:58:34.326+0700] {logging_mixin.py:190} INFO - [2024-12-03T20:58:34.326+0700] {dagbag.py:588} INFO - Filling up the DagBag from /home/tedubuamo/project/venv/lib/python3.12/site-packages/airflow/example_dags/example_bash_operator.py
[2024-12-03T20:58:34.335+0700] {processor.py:925} INFO - DAG(s) 'example_bash_operator' retrieved from /home/tedubuamo/project/venv/lib/python3.12/site-packages/airflow/example_dags/example_bash_operator.py
[2024-12-03T20:58:34.349+0700] {logging_mixin.py:190} INFO - [2024-12-03T20:58:34.349+0700] {dag.py:3239} INFO - Sync 1 DAGs
[2024-12-03T20:58:34.362+0700] {logging_mixin.py:190} INFO - [2024-12-03T20:58:34.362+0700] {dag.py:4180} INFO - Setting next_dagrun for example_bash_operator to 2024-12-02 00:00:00+00:00, run_after=2024-12-03 00:00:00+00:00
[2024-12-03T20:58:34.380+0700] {processor.py:208} INFO - Processing /home/tedubuamo/project/venv/lib/python3.12/site-packages/airflow/example_dags/example_bash_operator.py took 0.063 seconds
[2024-12-03T20:59:26.831+0700] {processor.py:186} INFO - Started process (PID=1743) to work on /home/tedubuamo/project/venv/lib/python3.12/site-packages/airflow/example_dags/example_bash_operator.py
[2024-12-03T20:59:26.834+0700] {processor.py:914} INFO - Processing file /home/tedubuamo/project/venv/lib/python3.12/site-packages/airflow/example_dags/example_bash_operator.py for tasks to queue
[2024-12-03T20:59:26.837+0700] {logging_mixin.py:190} INFO - [2024-12-03T20:59:26.836+0700] {dagbag.py:588} INFO - Filling up the DagBag from /home/tedubuamo/project/venv/lib/python3.12/site-packages/airflow/example_dags/example_bash_operator.py
[2024-12-03T20:59:26.846+0700] {processor.py:925} INFO - DAG(s) 'example_bash_operator' retrieved from /home/tedubuamo/project/venv/lib/python3.12/site-packages/airflow/example_dags/example_bash_operator.py
[2024-12-03T20:59:26.860+0700] {logging_mixin.py:190} INFO - [2024-12-03T20:59:26.860+0700] {dag.py:3239} INFO - Sync 1 DAGs
[2024-12-03T20:59:26.875+0700] {logging_mixin.py:190} INFO - [2024-12-03T20:59:26.875+0700] {dag.py:4180} INFO - Setting next_dagrun for example_bash_operator to 2024-12-02 00:00:00+00:00, run_after=2024-12-03 00:00:00+00:00
[2024-12-03T20:59:26.892+0700] {processor.py:208} INFO - Processing /home/tedubuamo/project/venv/lib/python3.12/site-packages/airflow/example_dags/example_bash_operator.py took 0.066 seconds
[2024-12-03T21:00:17.728+0700] {processor.py:186} INFO - Started process (PID=1793) to work on /home/tedubuamo/project/venv/lib/python3.12/site-packages/airflow/example_dags/example_bash_operator.py
[2024-12-03T21:00:17.731+0700] {processor.py:914} INFO - Processing file /home/tedubuamo/project/venv/lib/python3.12/site-packages/airflow/example_dags/example_bash_operator.py for tasks to queue
[2024-12-03T21:00:17.733+0700] {logging_mixin.py:190} INFO - [2024-12-03T21:00:17.732+0700] {dagbag.py:588} INFO - Filling up the DagBag from /home/tedubuamo/project/venv/lib/python3.12/site-packages/airflow/example_dags/example_bash_operator.py
[2024-12-03T21:00:17.742+0700] {processor.py:925} INFO - DAG(s) 'example_bash_operator' retrieved from /home/tedubuamo/project/venv/lib/python3.12/site-packages/airflow/example_dags/example_bash_operator.py
[2024-12-03T21:00:17.756+0700] {logging_mixin.py:190} INFO - [2024-12-03T21:00:17.756+0700] {dag.py:3239} INFO - Sync 1 DAGs
[2024-12-03T21:00:17.770+0700] {logging_mixin.py:190} INFO - [2024-12-03T21:00:17.769+0700] {dag.py:4180} INFO - Setting next_dagrun for example_bash_operator to 2024-12-02 00:00:00+00:00, run_after=2024-12-03 00:00:00+00:00
[2024-12-03T21:00:17.786+0700] {processor.py:208} INFO - Processing /home/tedubuamo/project/venv/lib/python3.12/site-packages/airflow/example_dags/example_bash_operator.py took 0.063 seconds
[2024-12-03T21:01:09.039+0700] {processor.py:186} INFO - Started process (PID=1847) to work on /home/tedubuamo/project/venv/lib/python3.12/site-packages/airflow/example_dags/example_bash_operator.py
[2024-12-03T21:01:09.040+0700] {processor.py:914} INFO - Processing file /home/tedubuamo/project/venv/lib/python3.12/site-packages/airflow/example_dags/example_bash_operator.py for tasks to queue
[2024-12-03T21:01:09.042+0700] {logging_mixin.py:190} INFO - [2024-12-03T21:01:09.042+0700] {dagbag.py:588} INFO - Filling up the DagBag from /home/tedubuamo/project/venv/lib/python3.12/site-packages/airflow/example_dags/example_bash_operator.py
[2024-12-03T21:01:09.052+0700] {processor.py:925} INFO - DAG(s) 'example_bash_operator' retrieved from /home/tedubuamo/project/venv/lib/python3.12/site-packages/airflow/example_dags/example_bash_operator.py
[2024-12-03T21:01:09.067+0700] {logging_mixin.py:190} INFO - [2024-12-03T21:01:09.067+0700] {dag.py:3239} INFO - Sync 1 DAGs
[2024-12-03T21:01:09.083+0700] {logging_mixin.py:190} INFO - [2024-12-03T21:01:09.083+0700] {dag.py:4180} INFO - Setting next_dagrun for example_bash_operator to 2024-12-02 00:00:00+00:00, run_after=2024-12-03 00:00:00+00:00
[2024-12-03T21:01:09.102+0700] {processor.py:208} INFO - Processing /home/tedubuamo/project/venv/lib/python3.12/site-packages/airflow/example_dags/example_bash_operator.py took 0.067 seconds
[2024-12-03T21:05:04.807+0700] {processor.py:186} INFO - Started process (PID=2010) to work on /home/tedubuamo/project/venv/lib/python3.12/site-packages/airflow/example_dags/example_bash_operator.py
[2024-12-03T21:05:04.810+0700] {processor.py:914} INFO - Processing file /home/tedubuamo/project/venv/lib/python3.12/site-packages/airflow/example_dags/example_bash_operator.py for tasks to queue
[2024-12-03T21:05:04.812+0700] {logging_mixin.py:190} INFO - [2024-12-03T21:05:04.812+0700] {dagbag.py:588} INFO - Filling up the DagBag from /home/tedubuamo/project/venv/lib/python3.12/site-packages/airflow/example_dags/example_bash_operator.py
[2024-12-03T21:05:04.821+0700] {processor.py:925} INFO - DAG(s) 'example_bash_operator' retrieved from /home/tedubuamo/project/venv/lib/python3.12/site-packages/airflow/example_dags/example_bash_operator.py
[2024-12-03T21:05:04.840+0700] {logging_mixin.py:190} INFO - [2024-12-03T21:05:04.840+0700] {dag.py:3239} INFO - Sync 1 DAGs
[2024-12-03T21:05:04.853+0700] {logging_mixin.py:190} INFO - [2024-12-03T21:05:04.853+0700] {dag.py:4180} INFO - Setting next_dagrun for example_bash_operator to 2024-12-02 00:00:00+00:00, run_after=2024-12-03 00:00:00+00:00
[2024-12-03T21:05:04.870+0700] {processor.py:208} INFO - Processing /home/tedubuamo/project/venv/lib/python3.12/site-packages/airflow/example_dags/example_bash_operator.py took 0.067 seconds
[2024-12-03T21:05:59.292+0700] {processor.py:186} INFO - Started process (PID=2148) to work on /home/tedubuamo/project/venv/lib/python3.12/site-packages/airflow/example_dags/example_bash_operator.py
[2024-12-03T21:05:59.293+0700] {processor.py:914} INFO - Processing file /home/tedubuamo/project/venv/lib/python3.12/site-packages/airflow/example_dags/example_bash_operator.py for tasks to queue
[2024-12-03T21:05:59.296+0700] {logging_mixin.py:190} INFO - [2024-12-03T21:05:59.295+0700] {dagbag.py:588} INFO - Filling up the DagBag from /home/tedubuamo/project/venv/lib/python3.12/site-packages/airflow/example_dags/example_bash_operator.py
[2024-12-03T21:05:59.306+0700] {processor.py:925} INFO - DAG(s) 'example_bash_operator' retrieved from /home/tedubuamo/project/venv/lib/python3.12/site-packages/airflow/example_dags/example_bash_operator.py
[2024-12-03T21:05:59.322+0700] {logging_mixin.py:190} INFO - [2024-12-03T21:05:59.322+0700] {dag.py:3239} INFO - Sync 1 DAGs
[2024-12-03T21:05:59.337+0700] {logging_mixin.py:190} INFO - [2024-12-03T21:05:59.337+0700] {dag.py:4180} INFO - Setting next_dagrun for example_bash_operator to 2024-12-02 00:00:00+00:00, run_after=2024-12-03 00:00:00+00:00
[2024-12-03T21:05:59.354+0700] {processor.py:208} INFO - Processing /home/tedubuamo/project/venv/lib/python3.12/site-packages/airflow/example_dags/example_bash_operator.py took 0.066 seconds
[2024-12-03T21:06:00.579+0700] {processor.py:186} INFO - Started process (PID=2151) to work on /home/tedubuamo/project/venv/lib/python3.12/site-packages/airflow/example_dags/example_bash_operator.py
[2024-12-03T21:06:00.579+0700] {processor.py:914} INFO - Processing file /home/tedubuamo/project/venv/lib/python3.12/site-packages/airflow/example_dags/example_bash_operator.py for tasks to queue
[2024-12-03T21:06:00.581+0700] {logging_mixin.py:190} INFO - [2024-12-03T21:06:00.581+0700] {dagbag.py:588} INFO - Filling up the DagBag from /home/tedubuamo/project/venv/lib/python3.12/site-packages/airflow/example_dags/example_bash_operator.py
[2024-12-03T21:06:00.592+0700] {processor.py:925} INFO - DAG(s) 'example_bash_operator' retrieved from /home/tedubuamo/project/venv/lib/python3.12/site-packages/airflow/example_dags/example_bash_operator.py
[2024-12-03T21:06:00.613+0700] {logging_mixin.py:190} INFO - [2024-12-03T21:06:00.612+0700] {dag.py:3239} INFO - Sync 1 DAGs
[2024-12-03T21:06:00.627+0700] {logging_mixin.py:190} INFO - [2024-12-03T21:06:00.627+0700] {dag.py:4180} INFO - Setting next_dagrun for example_bash_operator to 2024-12-02 00:00:00+00:00, run_after=2024-12-03 00:00:00+00:00
[2024-12-03T21:06:00.645+0700] {processor.py:208} INFO - Processing /home/tedubuamo/project/venv/lib/python3.12/site-packages/airflow/example_dags/example_bash_operator.py took 0.071 seconds
[2024-12-03T21:06:51.080+0700] {processor.py:186} INFO - Started process (PID=2256) to work on /home/tedubuamo/project/venv/lib/python3.12/site-packages/airflow/example_dags/example_bash_operator.py
[2024-12-03T21:06:51.081+0700] {processor.py:914} INFO - Processing file /home/tedubuamo/project/venv/lib/python3.12/site-packages/airflow/example_dags/example_bash_operator.py for tasks to queue
[2024-12-03T21:06:51.084+0700] {logging_mixin.py:190} INFO - [2024-12-03T21:06:51.083+0700] {dagbag.py:588} INFO - Filling up the DagBag from /home/tedubuamo/project/venv/lib/python3.12/site-packages/airflow/example_dags/example_bash_operator.py
[2024-12-03T21:06:51.095+0700] {processor.py:925} INFO - DAG(s) 'example_bash_operator' retrieved from /home/tedubuamo/project/venv/lib/python3.12/site-packages/airflow/example_dags/example_bash_operator.py
[2024-12-03T21:06:51.113+0700] {logging_mixin.py:190} INFO - [2024-12-03T21:06:51.112+0700] {dag.py:3239} INFO - Sync 1 DAGs
[2024-12-03T21:06:51.129+0700] {logging_mixin.py:190} INFO - [2024-12-03T21:06:51.129+0700] {dag.py:4180} INFO - Setting next_dagrun for example_bash_operator to 2024-12-02 00:00:00+00:00, run_after=2024-12-03 00:00:00+00:00
[2024-12-03T21:06:51.149+0700] {processor.py:208} INFO - Processing /home/tedubuamo/project/venv/lib/python3.12/site-packages/airflow/example_dags/example_bash_operator.py took 0.073 seconds
[2024-12-03T21:06:56.146+0700] {processor.py:186} INFO - Started process (PID=2328) to work on /home/tedubuamo/project/venv/lib/python3.12/site-packages/airflow/example_dags/example_bash_operator.py
[2024-12-03T21:06:56.150+0700] {processor.py:914} INFO - Processing file /home/tedubuamo/project/venv/lib/python3.12/site-packages/airflow/example_dags/example_bash_operator.py for tasks to queue
[2024-12-03T21:06:56.152+0700] {logging_mixin.py:190} INFO - [2024-12-03T21:06:56.152+0700] {dagbag.py:588} INFO - Filling up the DagBag from /home/tedubuamo/project/venv/lib/python3.12/site-packages/airflow/example_dags/example_bash_operator.py
[2024-12-03T21:06:56.163+0700] {processor.py:925} INFO - DAG(s) 'example_bash_operator' retrieved from /home/tedubuamo/project/venv/lib/python3.12/site-packages/airflow/example_dags/example_bash_operator.py
[2024-12-03T21:06:56.180+0700] {logging_mixin.py:190} INFO - [2024-12-03T21:06:56.180+0700] {dag.py:3239} INFO - Sync 1 DAGs
[2024-12-03T21:06:56.198+0700] {logging_mixin.py:190} INFO - [2024-12-03T21:06:56.198+0700] {dag.py:4180} INFO - Setting next_dagrun for example_bash_operator to 2024-12-02 00:00:00+00:00, run_after=2024-12-03 00:00:00+00:00
[2024-12-03T21:06:56.219+0700] {processor.py:208} INFO - Processing /home/tedubuamo/project/venv/lib/python3.12/site-packages/airflow/example_dags/example_bash_operator.py took 0.077 seconds
[2024-12-03T21:07:43.670+0700] {processor.py:186} INFO - Started process (PID=2460) to work on /home/tedubuamo/project/venv/lib/python3.12/site-packages/airflow/example_dags/example_bash_operator.py
[2024-12-03T21:07:43.671+0700] {processor.py:914} INFO - Processing file /home/tedubuamo/project/venv/lib/python3.12/site-packages/airflow/example_dags/example_bash_operator.py for tasks to queue
[2024-12-03T21:07:43.673+0700] {logging_mixin.py:190} INFO - [2024-12-03T21:07:43.673+0700] {dagbag.py:588} INFO - Filling up the DagBag from /home/tedubuamo/project/venv/lib/python3.12/site-packages/airflow/example_dags/example_bash_operator.py
[2024-12-03T21:07:43.683+0700] {processor.py:925} INFO - DAG(s) 'example_bash_operator' retrieved from /home/tedubuamo/project/venv/lib/python3.12/site-packages/airflow/example_dags/example_bash_operator.py
[2024-12-03T21:07:43.698+0700] {logging_mixin.py:190} INFO - [2024-12-03T21:07:43.698+0700] {dag.py:3239} INFO - Sync 1 DAGs
[2024-12-03T21:07:43.713+0700] {logging_mixin.py:190} INFO - [2024-12-03T21:07:43.712+0700] {dag.py:4180} INFO - Setting next_dagrun for example_bash_operator to 2024-12-02 00:00:00+00:00, run_after=2024-12-03 00:00:00+00:00
[2024-12-03T21:07:43.730+0700] {processor.py:208} INFO - Processing /home/tedubuamo/project/venv/lib/python3.12/site-packages/airflow/example_dags/example_bash_operator.py took 0.065 seconds
[2024-12-03T21:07:44.593+0700] {processor.py:186} INFO - Started process (PID=2462) to work on /home/tedubuamo/project/venv/lib/python3.12/site-packages/airflow/example_dags/example_bash_operator.py
[2024-12-03T21:07:44.594+0700] {processor.py:914} INFO - Processing file /home/tedubuamo/project/venv/lib/python3.12/site-packages/airflow/example_dags/example_bash_operator.py for tasks to queue
[2024-12-03T21:07:44.596+0700] {logging_mixin.py:190} INFO - [2024-12-03T21:07:44.596+0700] {dagbag.py:588} INFO - Filling up the DagBag from /home/tedubuamo/project/venv/lib/python3.12/site-packages/airflow/example_dags/example_bash_operator.py
[2024-12-03T21:07:44.610+0700] {processor.py:925} INFO - DAG(s) 'example_bash_operator' retrieved from /home/tedubuamo/project/venv/lib/python3.12/site-packages/airflow/example_dags/example_bash_operator.py
[2024-12-03T21:07:44.632+0700] {logging_mixin.py:190} INFO - [2024-12-03T21:07:44.632+0700] {dag.py:3239} INFO - Sync 1 DAGs
[2024-12-03T21:07:44.653+0700] {logging_mixin.py:190} INFO - [2024-12-03T21:07:44.653+0700] {dag.py:4180} INFO - Setting next_dagrun for example_bash_operator to 2024-12-02 00:00:00+00:00, run_after=2024-12-03 00:00:00+00:00
[2024-12-03T21:07:44.674+0700] {processor.py:208} INFO - Processing /home/tedubuamo/project/venv/lib/python3.12/site-packages/airflow/example_dags/example_bash_operator.py took 0.086 seconds
[2024-12-03T21:08:35.178+0700] {processor.py:186} INFO - Started process (PID=2564) to work on /home/tedubuamo/project/venv/lib/python3.12/site-packages/airflow/example_dags/example_bash_operator.py
[2024-12-03T21:08:35.186+0700] {processor.py:914} INFO - Processing file /home/tedubuamo/project/venv/lib/python3.12/site-packages/airflow/example_dags/example_bash_operator.py for tasks to queue
[2024-12-03T21:08:35.188+0700] {logging_mixin.py:190} INFO - [2024-12-03T21:08:35.188+0700] {dagbag.py:588} INFO - Filling up the DagBag from /home/tedubuamo/project/venv/lib/python3.12/site-packages/airflow/example_dags/example_bash_operator.py
[2024-12-03T21:08:35.198+0700] {processor.py:925} INFO - DAG(s) 'example_bash_operator' retrieved from /home/tedubuamo/project/venv/lib/python3.12/site-packages/airflow/example_dags/example_bash_operator.py
[2024-12-03T21:08:35.213+0700] {logging_mixin.py:190} INFO - [2024-12-03T21:08:35.213+0700] {dag.py:3239} INFO - Sync 1 DAGs
[2024-12-03T21:08:35.227+0700] {logging_mixin.py:190} INFO - [2024-12-03T21:08:35.227+0700] {dag.py:4180} INFO - Setting next_dagrun for example_bash_operator to 2024-12-02 00:00:00+00:00, run_after=2024-12-03 00:00:00+00:00
[2024-12-03T21:08:35.246+0700] {processor.py:208} INFO - Processing /home/tedubuamo/project/venv/lib/python3.12/site-packages/airflow/example_dags/example_bash_operator.py took 0.071 seconds
[2024-12-03T21:08:36.584+0700] {processor.py:186} INFO - Started process (PID=2567) to work on /home/tedubuamo/project/venv/lib/python3.12/site-packages/airflow/example_dags/example_bash_operator.py
[2024-12-03T21:08:36.585+0700] {processor.py:914} INFO - Processing file /home/tedubuamo/project/venv/lib/python3.12/site-packages/airflow/example_dags/example_bash_operator.py for tasks to queue
[2024-12-03T21:08:36.587+0700] {logging_mixin.py:190} INFO - [2024-12-03T21:08:36.586+0700] {dagbag.py:588} INFO - Filling up the DagBag from /home/tedubuamo/project/venv/lib/python3.12/site-packages/airflow/example_dags/example_bash_operator.py
[2024-12-03T21:08:36.596+0700] {processor.py:925} INFO - DAG(s) 'example_bash_operator' retrieved from /home/tedubuamo/project/venv/lib/python3.12/site-packages/airflow/example_dags/example_bash_operator.py
[2024-12-03T21:08:36.612+0700] {logging_mixin.py:190} INFO - [2024-12-03T21:08:36.611+0700] {dag.py:3239} INFO - Sync 1 DAGs
[2024-12-03T21:08:36.627+0700] {logging_mixin.py:190} INFO - [2024-12-03T21:08:36.626+0700] {dag.py:4180} INFO - Setting next_dagrun for example_bash_operator to 2024-12-02 00:00:00+00:00, run_after=2024-12-03 00:00:00+00:00
[2024-12-03T21:08:36.645+0700] {processor.py:208} INFO - Processing /home/tedubuamo/project/venv/lib/python3.12/site-packages/airflow/example_dags/example_bash_operator.py took 0.065 seconds
[2024-12-03T21:09:27.003+0700] {processor.py:186} INFO - Started process (PID=2671) to work on /home/tedubuamo/project/venv/lib/python3.12/site-packages/airflow/example_dags/example_bash_operator.py
[2024-12-03T21:09:27.004+0700] {processor.py:914} INFO - Processing file /home/tedubuamo/project/venv/lib/python3.12/site-packages/airflow/example_dags/example_bash_operator.py for tasks to queue
[2024-12-03T21:09:27.006+0700] {logging_mixin.py:190} INFO - [2024-12-03T21:09:27.006+0700] {dagbag.py:588} INFO - Filling up the DagBag from /home/tedubuamo/project/venv/lib/python3.12/site-packages/airflow/example_dags/example_bash_operator.py
[2024-12-03T21:09:27.016+0700] {processor.py:925} INFO - DAG(s) 'example_bash_operator' retrieved from /home/tedubuamo/project/venv/lib/python3.12/site-packages/airflow/example_dags/example_bash_operator.py
[2024-12-03T21:09:27.030+0700] {logging_mixin.py:190} INFO - [2024-12-03T21:09:27.030+0700] {dag.py:3239} INFO - Sync 1 DAGs
[2024-12-03T21:09:27.047+0700] {logging_mixin.py:190} INFO - [2024-12-03T21:09:27.047+0700] {dag.py:4180} INFO - Setting next_dagrun for example_bash_operator to 2024-12-02 00:00:00+00:00, run_after=2024-12-03 00:00:00+00:00
[2024-12-03T21:09:27.066+0700] {processor.py:208} INFO - Processing /home/tedubuamo/project/venv/lib/python3.12/site-packages/airflow/example_dags/example_bash_operator.py took 0.067 seconds
[2024-12-03T21:09:29.325+0700] {processor.py:186} INFO - Started process (PID=2676) to work on /home/tedubuamo/project/venv/lib/python3.12/site-packages/airflow/example_dags/example_bash_operator.py
[2024-12-03T21:09:29.326+0700] {processor.py:914} INFO - Processing file /home/tedubuamo/project/venv/lib/python3.12/site-packages/airflow/example_dags/example_bash_operator.py for tasks to queue
[2024-12-03T21:09:29.329+0700] {logging_mixin.py:190} INFO - [2024-12-03T21:09:29.329+0700] {dagbag.py:588} INFO - Filling up the DagBag from /home/tedubuamo/project/venv/lib/python3.12/site-packages/airflow/example_dags/example_bash_operator.py
[2024-12-03T21:09:29.340+0700] {processor.py:925} INFO - DAG(s) 'example_bash_operator' retrieved from /home/tedubuamo/project/venv/lib/python3.12/site-packages/airflow/example_dags/example_bash_operator.py
[2024-12-03T21:09:29.357+0700] {logging_mixin.py:190} INFO - [2024-12-03T21:09:29.357+0700] {dag.py:3239} INFO - Sync 1 DAGs
[2024-12-03T21:09:29.376+0700] {logging_mixin.py:190} INFO - [2024-12-03T21:09:29.376+0700] {dag.py:4180} INFO - Setting next_dagrun for example_bash_operator to 2024-12-02 00:00:00+00:00, run_after=2024-12-03 00:00:00+00:00
[2024-12-03T21:09:29.396+0700] {processor.py:208} INFO - Processing /home/tedubuamo/project/venv/lib/python3.12/site-packages/airflow/example_dags/example_bash_operator.py took 0.075 seconds
[2024-12-03T21:10:17.697+0700] {processor.py:186} INFO - Started process (PID=2776) to work on /home/tedubuamo/project/venv/lib/python3.12/site-packages/airflow/example_dags/example_bash_operator.py
[2024-12-03T21:10:17.699+0700] {processor.py:914} INFO - Processing file /home/tedubuamo/project/venv/lib/python3.12/site-packages/airflow/example_dags/example_bash_operator.py for tasks to queue
[2024-12-03T21:10:17.701+0700] {logging_mixin.py:190} INFO - [2024-12-03T21:10:17.701+0700] {dagbag.py:588} INFO - Filling up the DagBag from /home/tedubuamo/project/venv/lib/python3.12/site-packages/airflow/example_dags/example_bash_operator.py
[2024-12-03T21:10:17.713+0700] {processor.py:925} INFO - DAG(s) 'example_bash_operator' retrieved from /home/tedubuamo/project/venv/lib/python3.12/site-packages/airflow/example_dags/example_bash_operator.py
[2024-12-03T21:10:17.732+0700] {logging_mixin.py:190} INFO - [2024-12-03T21:10:17.732+0700] {dag.py:3239} INFO - Sync 1 DAGs
[2024-12-03T21:10:17.748+0700] {logging_mixin.py:190} INFO - [2024-12-03T21:10:17.748+0700] {dag.py:4180} INFO - Setting next_dagrun for example_bash_operator to 2024-12-02 00:00:00+00:00, run_after=2024-12-03 00:00:00+00:00
[2024-12-03T21:10:17.766+0700] {processor.py:208} INFO - Processing /home/tedubuamo/project/venv/lib/python3.12/site-packages/airflow/example_dags/example_bash_operator.py took 0.072 seconds
[2024-12-03T21:10:18.505+0700] {processor.py:186} INFO - Started process (PID=2778) to work on /home/tedubuamo/project/venv/lib/python3.12/site-packages/airflow/example_dags/example_bash_operator.py
[2024-12-03T21:10:18.506+0700] {processor.py:914} INFO - Processing file /home/tedubuamo/project/venv/lib/python3.12/site-packages/airflow/example_dags/example_bash_operator.py for tasks to queue
[2024-12-03T21:10:18.508+0700] {logging_mixin.py:190} INFO - [2024-12-03T21:10:18.508+0700] {dagbag.py:588} INFO - Filling up the DagBag from /home/tedubuamo/project/venv/lib/python3.12/site-packages/airflow/example_dags/example_bash_operator.py
[2024-12-03T21:10:18.517+0700] {processor.py:925} INFO - DAG(s) 'example_bash_operator' retrieved from /home/tedubuamo/project/venv/lib/python3.12/site-packages/airflow/example_dags/example_bash_operator.py
[2024-12-03T21:10:18.532+0700] {logging_mixin.py:190} INFO - [2024-12-03T21:10:18.531+0700] {dag.py:3239} INFO - Sync 1 DAGs
[2024-12-03T21:10:18.547+0700] {logging_mixin.py:190} INFO - [2024-12-03T21:10:18.547+0700] {dag.py:4180} INFO - Setting next_dagrun for example_bash_operator to 2024-12-02 00:00:00+00:00, run_after=2024-12-03 00:00:00+00:00
[2024-12-03T21:10:18.564+0700] {processor.py:208} INFO - Processing /home/tedubuamo/project/venv/lib/python3.12/site-packages/airflow/example_dags/example_bash_operator.py took 0.063 seconds
[2024-12-03T21:11:09.012+0700] {processor.py:186} INFO - Started process (PID=2881) to work on /home/tedubuamo/project/venv/lib/python3.12/site-packages/airflow/example_dags/example_bash_operator.py
[2024-12-03T21:11:09.013+0700] {processor.py:914} INFO - Processing file /home/tedubuamo/project/venv/lib/python3.12/site-packages/airflow/example_dags/example_bash_operator.py for tasks to queue
[2024-12-03T21:11:09.016+0700] {logging_mixin.py:190} INFO - [2024-12-03T21:11:09.015+0700] {dagbag.py:588} INFO - Filling up the DagBag from /home/tedubuamo/project/venv/lib/python3.12/site-packages/airflow/example_dags/example_bash_operator.py
[2024-12-03T21:11:09.027+0700] {processor.py:925} INFO - DAG(s) 'example_bash_operator' retrieved from /home/tedubuamo/project/venv/lib/python3.12/site-packages/airflow/example_dags/example_bash_operator.py
[2024-12-03T21:11:09.051+0700] {logging_mixin.py:190} INFO - [2024-12-03T21:11:09.050+0700] {dag.py:3239} INFO - Sync 1 DAGs
[2024-12-03T21:11:09.080+0700] {logging_mixin.py:190} INFO - [2024-12-03T21:11:09.080+0700] {dag.py:4180} INFO - Setting next_dagrun for example_bash_operator to 2024-12-02 00:00:00+00:00, run_after=2024-12-03 00:00:00+00:00
[2024-12-03T21:11:09.101+0700] {processor.py:208} INFO - Processing /home/tedubuamo/project/venv/lib/python3.12/site-packages/airflow/example_dags/example_bash_operator.py took 0.096 seconds
[2024-12-03T21:11:11.237+0700] {processor.py:186} INFO - Started process (PID=2884) to work on /home/tedubuamo/project/venv/lib/python3.12/site-packages/airflow/example_dags/example_bash_operator.py
[2024-12-03T21:11:11.239+0700] {processor.py:914} INFO - Processing file /home/tedubuamo/project/venv/lib/python3.12/site-packages/airflow/example_dags/example_bash_operator.py for tasks to queue
[2024-12-03T21:11:11.241+0700] {logging_mixin.py:190} INFO - [2024-12-03T21:11:11.240+0700] {dagbag.py:588} INFO - Filling up the DagBag from /home/tedubuamo/project/venv/lib/python3.12/site-packages/airflow/example_dags/example_bash_operator.py
[2024-12-03T21:11:11.252+0700] {processor.py:925} INFO - DAG(s) 'example_bash_operator' retrieved from /home/tedubuamo/project/venv/lib/python3.12/site-packages/airflow/example_dags/example_bash_operator.py
[2024-12-03T21:11:11.270+0700] {logging_mixin.py:190} INFO - [2024-12-03T21:11:11.270+0700] {dag.py:3239} INFO - Sync 1 DAGs
[2024-12-03T21:11:11.285+0700] {logging_mixin.py:190} INFO - [2024-12-03T21:11:11.285+0700] {dag.py:4180} INFO - Setting next_dagrun for example_bash_operator to 2024-12-02 00:00:00+00:00, run_after=2024-12-03 00:00:00+00:00
[2024-12-03T21:11:11.313+0700] {processor.py:208} INFO - Processing /home/tedubuamo/project/venv/lib/python3.12/site-packages/airflow/example_dags/example_bash_operator.py took 0.080 seconds
[2024-12-03T21:12:03.804+0700] {processor.py:186} INFO - Started process (PID=3000) to work on /home/tedubuamo/project/venv/lib/python3.12/site-packages/airflow/example_dags/example_bash_operator.py
[2024-12-03T21:12:03.805+0700] {processor.py:914} INFO - Processing file /home/tedubuamo/project/venv/lib/python3.12/site-packages/airflow/example_dags/example_bash_operator.py for tasks to queue
[2024-12-03T21:12:03.807+0700] {logging_mixin.py:190} INFO - [2024-12-03T21:12:03.806+0700] {dagbag.py:588} INFO - Filling up the DagBag from /home/tedubuamo/project/venv/lib/python3.12/site-packages/airflow/example_dags/example_bash_operator.py
[2024-12-03T21:12:03.818+0700] {processor.py:925} INFO - DAG(s) 'example_bash_operator' retrieved from /home/tedubuamo/project/venv/lib/python3.12/site-packages/airflow/example_dags/example_bash_operator.py
[2024-12-03T21:12:03.835+0700] {logging_mixin.py:190} INFO - [2024-12-03T21:12:03.835+0700] {dag.py:3239} INFO - Sync 1 DAGs
[2024-12-03T21:12:03.851+0700] {logging_mixin.py:190} INFO - [2024-12-03T21:12:03.851+0700] {dag.py:4180} INFO - Setting next_dagrun for example_bash_operator to 2024-12-02 00:00:00+00:00, run_after=2024-12-03 00:00:00+00:00
[2024-12-03T21:12:03.867+0700] {processor.py:208} INFO - Processing /home/tedubuamo/project/venv/lib/python3.12/site-packages/airflow/example_dags/example_bash_operator.py took 0.069 seconds
[2024-12-03T21:12:04.436+0700] {processor.py:186} INFO - Started process (PID=3008) to work on /home/tedubuamo/project/venv/lib/python3.12/site-packages/airflow/example_dags/example_bash_operator.py
[2024-12-03T21:12:04.436+0700] {processor.py:914} INFO - Processing file /home/tedubuamo/project/venv/lib/python3.12/site-packages/airflow/example_dags/example_bash_operator.py for tasks to queue
[2024-12-03T21:12:04.439+0700] {logging_mixin.py:190} INFO - [2024-12-03T21:12:04.438+0700] {dagbag.py:588} INFO - Filling up the DagBag from /home/tedubuamo/project/venv/lib/python3.12/site-packages/airflow/example_dags/example_bash_operator.py
[2024-12-03T21:12:04.449+0700] {processor.py:925} INFO - DAG(s) 'example_bash_operator' retrieved from /home/tedubuamo/project/venv/lib/python3.12/site-packages/airflow/example_dags/example_bash_operator.py
[2024-12-03T21:12:04.478+0700] {logging_mixin.py:190} INFO - [2024-12-03T21:12:04.478+0700] {dag.py:3239} INFO - Sync 1 DAGs
[2024-12-03T21:12:04.501+0700] {logging_mixin.py:190} INFO - [2024-12-03T21:12:04.501+0700] {dag.py:4180} INFO - Setting next_dagrun for example_bash_operator to 2024-12-02 00:00:00+00:00, run_after=2024-12-03 00:00:00+00:00
[2024-12-03T21:12:04.527+0700] {processor.py:208} INFO - Processing /home/tedubuamo/project/venv/lib/python3.12/site-packages/airflow/example_dags/example_bash_operator.py took 0.096 seconds
[2024-12-03T21:12:51.776+0700] {processor.py:186} INFO - Started process (PID=3127) to work on /home/tedubuamo/project/venv/lib/python3.12/site-packages/airflow/example_dags/example_bash_operator.py
[2024-12-03T21:12:51.778+0700] {processor.py:914} INFO - Processing file /home/tedubuamo/project/venv/lib/python3.12/site-packages/airflow/example_dags/example_bash_operator.py for tasks to queue
[2024-12-03T21:12:51.779+0700] {logging_mixin.py:190} INFO - [2024-12-03T21:12:51.779+0700] {dagbag.py:588} INFO - Filling up the DagBag from /home/tedubuamo/project/venv/lib/python3.12/site-packages/airflow/example_dags/example_bash_operator.py
[2024-12-03T21:12:51.788+0700] {processor.py:925} INFO - DAG(s) 'example_bash_operator' retrieved from /home/tedubuamo/project/venv/lib/python3.12/site-packages/airflow/example_dags/example_bash_operator.py
[2024-12-03T21:12:51.803+0700] {logging_mixin.py:190} INFO - [2024-12-03T21:12:51.803+0700] {dag.py:3239} INFO - Sync 1 DAGs
[2024-12-03T21:12:51.818+0700] {logging_mixin.py:190} INFO - [2024-12-03T21:12:51.818+0700] {dag.py:4180} INFO - Setting next_dagrun for example_bash_operator to 2024-12-02 00:00:00+00:00, run_after=2024-12-03 00:00:00+00:00
[2024-12-03T21:12:51.835+0700] {processor.py:208} INFO - Processing /home/tedubuamo/project/venv/lib/python3.12/site-packages/airflow/example_dags/example_bash_operator.py took 0.062 seconds
[2024-12-03T21:12:59.286+0700] {processor.py:186} INFO - Started process (PID=3142) to work on /home/tedubuamo/project/venv/lib/python3.12/site-packages/airflow/example_dags/example_bash_operator.py
[2024-12-03T21:12:59.287+0700] {processor.py:914} INFO - Processing file /home/tedubuamo/project/venv/lib/python3.12/site-packages/airflow/example_dags/example_bash_operator.py for tasks to queue
[2024-12-03T21:12:59.288+0700] {logging_mixin.py:190} INFO - [2024-12-03T21:12:59.288+0700] {dagbag.py:588} INFO - Filling up the DagBag from /home/tedubuamo/project/venv/lib/python3.12/site-packages/airflow/example_dags/example_bash_operator.py
[2024-12-03T21:12:59.298+0700] {processor.py:925} INFO - DAG(s) 'example_bash_operator' retrieved from /home/tedubuamo/project/venv/lib/python3.12/site-packages/airflow/example_dags/example_bash_operator.py
[2024-12-03T21:12:59.314+0700] {logging_mixin.py:190} INFO - [2024-12-03T21:12:59.314+0700] {dag.py:3239} INFO - Sync 1 DAGs
[2024-12-03T21:12:59.329+0700] {logging_mixin.py:190} INFO - [2024-12-03T21:12:59.328+0700] {dag.py:4180} INFO - Setting next_dagrun for example_bash_operator to 2024-12-02 00:00:00+00:00, run_after=2024-12-03 00:00:00+00:00
[2024-12-03T21:12:59.349+0700] {processor.py:208} INFO - Processing /home/tedubuamo/project/venv/lib/python3.12/site-packages/airflow/example_dags/example_bash_operator.py took 0.067 seconds
[2024-12-03T21:13:43.288+0700] {processor.py:186} INFO - Started process (PID=3231) to work on /home/tedubuamo/project/venv/lib/python3.12/site-packages/airflow/example_dags/example_bash_operator.py
[2024-12-03T21:13:43.289+0700] {processor.py:914} INFO - Processing file /home/tedubuamo/project/venv/lib/python3.12/site-packages/airflow/example_dags/example_bash_operator.py for tasks to queue
[2024-12-03T21:13:43.291+0700] {logging_mixin.py:190} INFO - [2024-12-03T21:13:43.291+0700] {dagbag.py:588} INFO - Filling up the DagBag from /home/tedubuamo/project/venv/lib/python3.12/site-packages/airflow/example_dags/example_bash_operator.py
[2024-12-03T21:13:43.301+0700] {processor.py:925} INFO - DAG(s) 'example_bash_operator' retrieved from /home/tedubuamo/project/venv/lib/python3.12/site-packages/airflow/example_dags/example_bash_operator.py
[2024-12-03T21:13:43.317+0700] {logging_mixin.py:190} INFO - [2024-12-03T21:13:43.317+0700] {dag.py:3239} INFO - Sync 1 DAGs
[2024-12-03T21:13:43.333+0700] {logging_mixin.py:190} INFO - [2024-12-03T21:13:43.333+0700] {dag.py:4180} INFO - Setting next_dagrun for example_bash_operator to 2024-12-02 00:00:00+00:00, run_after=2024-12-03 00:00:00+00:00
[2024-12-03T21:13:43.352+0700] {processor.py:208} INFO - Processing /home/tedubuamo/project/venv/lib/python3.12/site-packages/airflow/example_dags/example_bash_operator.py took 0.069 seconds
[2024-12-03T21:13:49.660+0700] {processor.py:186} INFO - Started process (PID=3248) to work on /home/tedubuamo/project/venv/lib/python3.12/site-packages/airflow/example_dags/example_bash_operator.py
[2024-12-03T21:13:49.661+0700] {processor.py:914} INFO - Processing file /home/tedubuamo/project/venv/lib/python3.12/site-packages/airflow/example_dags/example_bash_operator.py for tasks to queue
[2024-12-03T21:13:49.663+0700] {logging_mixin.py:190} INFO - [2024-12-03T21:13:49.662+0700] {dagbag.py:588} INFO - Filling up the DagBag from /home/tedubuamo/project/venv/lib/python3.12/site-packages/airflow/example_dags/example_bash_operator.py
[2024-12-03T21:13:49.673+0700] {processor.py:925} INFO - DAG(s) 'example_bash_operator' retrieved from /home/tedubuamo/project/venv/lib/python3.12/site-packages/airflow/example_dags/example_bash_operator.py
[2024-12-03T21:13:49.691+0700] {logging_mixin.py:190} INFO - [2024-12-03T21:13:49.691+0700] {dag.py:3239} INFO - Sync 1 DAGs
[2024-12-03T21:13:49.709+0700] {logging_mixin.py:190} INFO - [2024-12-03T21:13:49.708+0700] {dag.py:4180} INFO - Setting next_dagrun for example_bash_operator to 2024-12-02 00:00:00+00:00, run_after=2024-12-03 00:00:00+00:00
[2024-12-03T21:13:49.730+0700] {processor.py:208} INFO - Processing /home/tedubuamo/project/venv/lib/python3.12/site-packages/airflow/example_dags/example_bash_operator.py took 0.075 seconds
[2024-12-03T21:14:33.695+0700] {processor.py:186} INFO - Started process (PID=3336) to work on /home/tedubuamo/project/venv/lib/python3.12/site-packages/airflow/example_dags/example_bash_operator.py
[2024-12-03T21:14:33.696+0700] {processor.py:914} INFO - Processing file /home/tedubuamo/project/venv/lib/python3.12/site-packages/airflow/example_dags/example_bash_operator.py for tasks to queue
[2024-12-03T21:14:33.698+0700] {logging_mixin.py:190} INFO - [2024-12-03T21:14:33.698+0700] {dagbag.py:588} INFO - Filling up the DagBag from /home/tedubuamo/project/venv/lib/python3.12/site-packages/airflow/example_dags/example_bash_operator.py
[2024-12-03T21:14:33.708+0700] {processor.py:925} INFO - DAG(s) 'example_bash_operator' retrieved from /home/tedubuamo/project/venv/lib/python3.12/site-packages/airflow/example_dags/example_bash_operator.py
[2024-12-03T21:14:33.723+0700] {logging_mixin.py:190} INFO - [2024-12-03T21:14:33.722+0700] {dag.py:3239} INFO - Sync 1 DAGs
[2024-12-03T21:14:33.736+0700] {logging_mixin.py:190} INFO - [2024-12-03T21:14:33.736+0700] {dag.py:4180} INFO - Setting next_dagrun for example_bash_operator to 2024-12-02 00:00:00+00:00, run_after=2024-12-03 00:00:00+00:00
[2024-12-03T21:14:33.752+0700] {processor.py:208} INFO - Processing /home/tedubuamo/project/venv/lib/python3.12/site-packages/airflow/example_dags/example_bash_operator.py took 0.061 seconds
[2024-12-03T21:14:41.354+0700] {processor.py:186} INFO - Started process (PID=3352) to work on /home/tedubuamo/project/venv/lib/python3.12/site-packages/airflow/example_dags/example_bash_operator.py
[2024-12-03T21:14:41.354+0700] {processor.py:914} INFO - Processing file /home/tedubuamo/project/venv/lib/python3.12/site-packages/airflow/example_dags/example_bash_operator.py for tasks to queue
[2024-12-03T21:14:41.356+0700] {logging_mixin.py:190} INFO - [2024-12-03T21:14:41.356+0700] {dagbag.py:588} INFO - Filling up the DagBag from /home/tedubuamo/project/venv/lib/python3.12/site-packages/airflow/example_dags/example_bash_operator.py
[2024-12-03T21:14:41.365+0700] {processor.py:925} INFO - DAG(s) 'example_bash_operator' retrieved from /home/tedubuamo/project/venv/lib/python3.12/site-packages/airflow/example_dags/example_bash_operator.py
[2024-12-03T21:14:41.380+0700] {logging_mixin.py:190} INFO - [2024-12-03T21:14:41.380+0700] {dag.py:3239} INFO - Sync 1 DAGs
[2024-12-03T21:14:41.394+0700] {logging_mixin.py:190} INFO - [2024-12-03T21:14:41.394+0700] {dag.py:4180} INFO - Setting next_dagrun for example_bash_operator to 2024-12-02 00:00:00+00:00, run_after=2024-12-03 00:00:00+00:00
[2024-12-03T21:14:41.413+0700] {processor.py:208} INFO - Processing /home/tedubuamo/project/venv/lib/python3.12/site-packages/airflow/example_dags/example_bash_operator.py took 0.062 seconds
[2024-12-03T21:15:27.970+0700] {processor.py:186} INFO - Started process (PID=3449) to work on /home/tedubuamo/project/venv/lib/python3.12/site-packages/airflow/example_dags/example_bash_operator.py
[2024-12-03T21:15:27.972+0700] {processor.py:914} INFO - Processing file /home/tedubuamo/project/venv/lib/python3.12/site-packages/airflow/example_dags/example_bash_operator.py for tasks to queue
[2024-12-03T21:15:27.974+0700] {logging_mixin.py:190} INFO - [2024-12-03T21:15:27.974+0700] {dagbag.py:588} INFO - Filling up the DagBag from /home/tedubuamo/project/venv/lib/python3.12/site-packages/airflow/example_dags/example_bash_operator.py
[2024-12-03T21:15:27.988+0700] {processor.py:925} INFO - DAG(s) 'example_bash_operator' retrieved from /home/tedubuamo/project/venv/lib/python3.12/site-packages/airflow/example_dags/example_bash_operator.py
[2024-12-03T21:15:28.007+0700] {logging_mixin.py:190} INFO - [2024-12-03T21:15:28.007+0700] {dag.py:3239} INFO - Sync 1 DAGs
[2024-12-03T21:15:28.025+0700] {logging_mixin.py:190} INFO - [2024-12-03T21:15:28.025+0700] {dag.py:4180} INFO - Setting next_dagrun for example_bash_operator to 2024-12-02 00:00:00+00:00, run_after=2024-12-03 00:00:00+00:00
[2024-12-03T21:15:28.049+0700] {processor.py:208} INFO - Processing /home/tedubuamo/project/venv/lib/python3.12/site-packages/airflow/example_dags/example_bash_operator.py took 0.084 seconds
[2024-12-03T21:15:32.298+0700] {processor.py:186} INFO - Started process (PID=3458) to work on /home/tedubuamo/project/venv/lib/python3.12/site-packages/airflow/example_dags/example_bash_operator.py
[2024-12-03T21:15:32.299+0700] {processor.py:914} INFO - Processing file /home/tedubuamo/project/venv/lib/python3.12/site-packages/airflow/example_dags/example_bash_operator.py for tasks to queue
[2024-12-03T21:15:32.301+0700] {logging_mixin.py:190} INFO - [2024-12-03T21:15:32.301+0700] {dagbag.py:588} INFO - Filling up the DagBag from /home/tedubuamo/project/venv/lib/python3.12/site-packages/airflow/example_dags/example_bash_operator.py
[2024-12-03T21:15:32.312+0700] {processor.py:925} INFO - DAG(s) 'example_bash_operator' retrieved from /home/tedubuamo/project/venv/lib/python3.12/site-packages/airflow/example_dags/example_bash_operator.py
[2024-12-03T21:15:32.335+0700] {logging_mixin.py:190} INFO - [2024-12-03T21:15:32.335+0700] {dag.py:3239} INFO - Sync 1 DAGs
[2024-12-03T21:15:32.355+0700] {logging_mixin.py:190} INFO - [2024-12-03T21:15:32.354+0700] {dag.py:4180} INFO - Setting next_dagrun for example_bash_operator to 2024-12-02 00:00:00+00:00, run_after=2024-12-03 00:00:00+00:00
[2024-12-03T21:15:32.379+0700] {processor.py:208} INFO - Processing /home/tedubuamo/project/venv/lib/python3.12/site-packages/airflow/example_dags/example_bash_operator.py took 0.085 seconds
[2024-12-03T21:16:18.409+0700] {processor.py:186} INFO - Started process (PID=3561) to work on /home/tedubuamo/project/venv/lib/python3.12/site-packages/airflow/example_dags/example_bash_operator.py
[2024-12-03T21:16:18.410+0700] {processor.py:914} INFO - Processing file /home/tedubuamo/project/venv/lib/python3.12/site-packages/airflow/example_dags/example_bash_operator.py for tasks to queue
[2024-12-03T21:16:18.412+0700] {logging_mixin.py:190} INFO - [2024-12-03T21:16:18.412+0700] {dagbag.py:588} INFO - Filling up the DagBag from /home/tedubuamo/project/venv/lib/python3.12/site-packages/airflow/example_dags/example_bash_operator.py
[2024-12-03T21:16:18.422+0700] {processor.py:925} INFO - DAG(s) 'example_bash_operator' retrieved from /home/tedubuamo/project/venv/lib/python3.12/site-packages/airflow/example_dags/example_bash_operator.py
[2024-12-03T21:16:18.437+0700] {logging_mixin.py:190} INFO - [2024-12-03T21:16:18.437+0700] {dag.py:3239} INFO - Sync 1 DAGs
[2024-12-03T21:16:18.452+0700] {logging_mixin.py:190} INFO - [2024-12-03T21:16:18.452+0700] {dag.py:4180} INFO - Setting next_dagrun for example_bash_operator to 2024-12-02 00:00:00+00:00, run_after=2024-12-03 00:00:00+00:00
[2024-12-03T21:16:18.470+0700] {processor.py:208} INFO - Processing /home/tedubuamo/project/venv/lib/python3.12/site-packages/airflow/example_dags/example_bash_operator.py took 0.065 seconds
[2024-12-03T21:16:23.997+0700] {processor.py:186} INFO - Started process (PID=3572) to work on /home/tedubuamo/project/venv/lib/python3.12/site-packages/airflow/example_dags/example_bash_operator.py
[2024-12-03T21:16:23.998+0700] {processor.py:914} INFO - Processing file /home/tedubuamo/project/venv/lib/python3.12/site-packages/airflow/example_dags/example_bash_operator.py for tasks to queue
[2024-12-03T21:16:24.000+0700] {logging_mixin.py:190} INFO - [2024-12-03T21:16:23.999+0700] {dagbag.py:588} INFO - Filling up the DagBag from /home/tedubuamo/project/venv/lib/python3.12/site-packages/airflow/example_dags/example_bash_operator.py
[2024-12-03T21:16:24.013+0700] {processor.py:925} INFO - DAG(s) 'example_bash_operator' retrieved from /home/tedubuamo/project/venv/lib/python3.12/site-packages/airflow/example_dags/example_bash_operator.py
[2024-12-03T21:16:24.038+0700] {logging_mixin.py:190} INFO - [2024-12-03T21:16:24.037+0700] {dag.py:3239} INFO - Sync 1 DAGs
[2024-12-03T21:16:24.063+0700] {logging_mixin.py:190} INFO - [2024-12-03T21:16:24.062+0700] {dag.py:4180} INFO - Setting next_dagrun for example_bash_operator to 2024-12-02 00:00:00+00:00, run_after=2024-12-03 00:00:00+00:00
[2024-12-03T21:16:24.088+0700] {processor.py:208} INFO - Processing /home/tedubuamo/project/venv/lib/python3.12/site-packages/airflow/example_dags/example_bash_operator.py took 0.095 seconds
[2024-12-03T21:17:12.218+0700] {processor.py:186} INFO - Started process (PID=3698) to work on /home/tedubuamo/project/venv/lib/python3.12/site-packages/airflow/example_dags/example_bash_operator.py
[2024-12-03T21:17:12.220+0700] {processor.py:914} INFO - Processing file /home/tedubuamo/project/venv/lib/python3.12/site-packages/airflow/example_dags/example_bash_operator.py for tasks to queue
[2024-12-03T21:17:12.222+0700] {logging_mixin.py:190} INFO - [2024-12-03T21:17:12.222+0700] {dagbag.py:588} INFO - Filling up the DagBag from /home/tedubuamo/project/venv/lib/python3.12/site-packages/airflow/example_dags/example_bash_operator.py
[2024-12-03T21:17:12.237+0700] {processor.py:925} INFO - DAG(s) 'example_bash_operator' retrieved from /home/tedubuamo/project/venv/lib/python3.12/site-packages/airflow/example_dags/example_bash_operator.py
[2024-12-03T21:17:12.259+0700] {logging_mixin.py:190} INFO - [2024-12-03T21:17:12.258+0700] {dag.py:3239} INFO - Sync 1 DAGs
[2024-12-03T21:17:12.278+0700] {logging_mixin.py:190} INFO - [2024-12-03T21:17:12.278+0700] {dag.py:4180} INFO - Setting next_dagrun for example_bash_operator to 2024-12-02 00:00:00+00:00, run_after=2024-12-03 00:00:00+00:00
[2024-12-03T21:17:12.300+0700] {processor.py:208} INFO - Processing /home/tedubuamo/project/venv/lib/python3.12/site-packages/airflow/example_dags/example_bash_operator.py took 0.088 seconds
[2024-12-03T21:17:14.048+0700] {processor.py:186} INFO - Started process (PID=3703) to work on /home/tedubuamo/project/venv/lib/python3.12/site-packages/airflow/example_dags/example_bash_operator.py
[2024-12-03T21:17:14.049+0700] {processor.py:914} INFO - Processing file /home/tedubuamo/project/venv/lib/python3.12/site-packages/airflow/example_dags/example_bash_operator.py for tasks to queue
[2024-12-03T21:17:14.051+0700] {logging_mixin.py:190} INFO - [2024-12-03T21:17:14.051+0700] {dagbag.py:588} INFO - Filling up the DagBag from /home/tedubuamo/project/venv/lib/python3.12/site-packages/airflow/example_dags/example_bash_operator.py
[2024-12-03T21:17:14.065+0700] {processor.py:925} INFO - DAG(s) 'example_bash_operator' retrieved from /home/tedubuamo/project/venv/lib/python3.12/site-packages/airflow/example_dags/example_bash_operator.py
[2024-12-03T21:17:14.094+0700] {logging_mixin.py:190} INFO - [2024-12-03T21:17:14.093+0700] {dag.py:3239} INFO - Sync 1 DAGs
[2024-12-03T21:17:14.116+0700] {logging_mixin.py:190} INFO - [2024-12-03T21:17:14.116+0700] {dag.py:4180} INFO - Setting next_dagrun for example_bash_operator to 2024-12-02 00:00:00+00:00, run_after=2024-12-03 00:00:00+00:00
[2024-12-03T21:17:14.145+0700] {processor.py:208} INFO - Processing /home/tedubuamo/project/venv/lib/python3.12/site-packages/airflow/example_dags/example_bash_operator.py took 0.103 seconds
[2024-12-03T21:18:04.561+0700] {processor.py:186} INFO - Started process (PID=3822) to work on /home/tedubuamo/project/venv/lib/python3.12/site-packages/airflow/example_dags/example_bash_operator.py
[2024-12-03T21:18:04.563+0700] {processor.py:914} INFO - Processing file /home/tedubuamo/project/venv/lib/python3.12/site-packages/airflow/example_dags/example_bash_operator.py for tasks to queue
[2024-12-03T21:18:04.565+0700] {logging_mixin.py:190} INFO - [2024-12-03T21:18:04.565+0700] {dagbag.py:588} INFO - Filling up the DagBag from /home/tedubuamo/project/venv/lib/python3.12/site-packages/airflow/example_dags/example_bash_operator.py
[2024-12-03T21:18:04.583+0700] {processor.py:925} INFO - DAG(s) 'example_bash_operator' retrieved from /home/tedubuamo/project/venv/lib/python3.12/site-packages/airflow/example_dags/example_bash_operator.py
[2024-12-03T21:18:04.603+0700] {logging_mixin.py:190} INFO - [2024-12-03T21:18:04.603+0700] {dag.py:3239} INFO - Sync 1 DAGs
[2024-12-03T21:18:04.623+0700] {logging_mixin.py:190} INFO - [2024-12-03T21:18:04.623+0700] {dag.py:4180} INFO - Setting next_dagrun for example_bash_operator to 2024-12-02 00:00:00+00:00, run_after=2024-12-03 00:00:00+00:00
[2024-12-03T21:18:04.644+0700] {processor.py:208} INFO - Processing /home/tedubuamo/project/venv/lib/python3.12/site-packages/airflow/example_dags/example_bash_operator.py took 0.088 seconds
[2024-12-03T21:18:04.702+0700] {processor.py:186} INFO - Started process (PID=3823) to work on /home/tedubuamo/project/venv/lib/python3.12/site-packages/airflow/example_dags/example_bash_operator.py
[2024-12-03T21:18:04.703+0700] {processor.py:914} INFO - Processing file /home/tedubuamo/project/venv/lib/python3.12/site-packages/airflow/example_dags/example_bash_operator.py for tasks to queue
[2024-12-03T21:18:04.704+0700] {logging_mixin.py:190} INFO - [2024-12-03T21:18:04.704+0700] {dagbag.py:588} INFO - Filling up the DagBag from /home/tedubuamo/project/venv/lib/python3.12/site-packages/airflow/example_dags/example_bash_operator.py
[2024-12-03T21:18:04.715+0700] {processor.py:925} INFO - DAG(s) 'example_bash_operator' retrieved from /home/tedubuamo/project/venv/lib/python3.12/site-packages/airflow/example_dags/example_bash_operator.py
[2024-12-03T21:18:04.733+0700] {logging_mixin.py:190} INFO - [2024-12-03T21:18:04.733+0700] {dag.py:3239} INFO - Sync 1 DAGs
[2024-12-03T21:18:04.748+0700] {logging_mixin.py:190} INFO - [2024-12-03T21:18:04.747+0700] {dag.py:4180} INFO - Setting next_dagrun for example_bash_operator to 2024-12-02 00:00:00+00:00, run_after=2024-12-03 00:00:00+00:00
[2024-12-03T21:18:04.766+0700] {processor.py:208} INFO - Processing /home/tedubuamo/project/venv/lib/python3.12/site-packages/airflow/example_dags/example_bash_operator.py took 0.068 seconds
[2024-12-03T21:19:03.441+0700] {processor.py:186} INFO - Started process (PID=3940) to work on /home/tedubuamo/project/venv/lib/python3.12/site-packages/airflow/example_dags/example_bash_operator.py
[2024-12-03T21:19:03.455+0700] {processor.py:914} INFO - Processing file /home/tedubuamo/project/venv/lib/python3.12/site-packages/airflow/example_dags/example_bash_operator.py for tasks to queue
[2024-12-03T21:19:03.457+0700] {logging_mixin.py:190} INFO - [2024-12-03T21:19:03.456+0700] {dagbag.py:588} INFO - Filling up the DagBag from /home/tedubuamo/project/venv/lib/python3.12/site-packages/airflow/example_dags/example_bash_operator.py
[2024-12-03T21:19:03.467+0700] {processor.py:925} INFO - DAG(s) 'example_bash_operator' retrieved from /home/tedubuamo/project/venv/lib/python3.12/site-packages/airflow/example_dags/example_bash_operator.py
[2024-12-03T21:19:03.543+0700] {logging_mixin.py:190} INFO - [2024-12-03T21:19:03.543+0700] {dag.py:3239} INFO - Sync 1 DAGs
[2024-12-03T21:19:03.557+0700] {logging_mixin.py:190} INFO - [2024-12-03T21:19:03.556+0700] {dag.py:4180} INFO - Setting next_dagrun for example_bash_operator to 2024-12-02 00:00:00+00:00, run_after=2024-12-03 00:00:00+00:00
[2024-12-03T21:19:03.586+0700] {processor.py:208} INFO - Processing /home/tedubuamo/project/venv/lib/python3.12/site-packages/airflow/example_dags/example_bash_operator.py took 0.148 seconds
[2024-12-03T21:20:01.831+0700] {processor.py:186} INFO - Started process (PID=4002) to work on /home/tedubuamo/project/venv/lib/python3.12/site-packages/airflow/example_dags/example_bash_operator.py
[2024-12-03T21:20:01.833+0700] {processor.py:914} INFO - Processing file /home/tedubuamo/project/venv/lib/python3.12/site-packages/airflow/example_dags/example_bash_operator.py for tasks to queue
[2024-12-03T21:20:01.835+0700] {logging_mixin.py:190} INFO - [2024-12-03T21:20:01.835+0700] {dagbag.py:588} INFO - Filling up the DagBag from /home/tedubuamo/project/venv/lib/python3.12/site-packages/airflow/example_dags/example_bash_operator.py
[2024-12-03T21:20:01.845+0700] {processor.py:925} INFO - DAG(s) 'example_bash_operator' retrieved from /home/tedubuamo/project/venv/lib/python3.12/site-packages/airflow/example_dags/example_bash_operator.py
[2024-12-03T21:20:01.859+0700] {logging_mixin.py:190} INFO - [2024-12-03T21:20:01.859+0700] {dag.py:3239} INFO - Sync 1 DAGs
[2024-12-03T21:20:01.874+0700] {logging_mixin.py:190} INFO - [2024-12-03T21:20:01.873+0700] {dag.py:4180} INFO - Setting next_dagrun for example_bash_operator to 2024-12-02 00:00:00+00:00, run_after=2024-12-03 00:00:00+00:00
[2024-12-03T21:20:01.890+0700] {processor.py:208} INFO - Processing /home/tedubuamo/project/venv/lib/python3.12/site-packages/airflow/example_dags/example_bash_operator.py took 0.062 seconds
[2024-12-03T21:21:03.385+0700] {processor.py:186} INFO - Started process (PID=4105) to work on /home/tedubuamo/project/venv/lib/python3.12/site-packages/airflow/example_dags/example_bash_operator.py
[2024-12-03T21:21:03.387+0700] {processor.py:914} INFO - Processing file /home/tedubuamo/project/venv/lib/python3.12/site-packages/airflow/example_dags/example_bash_operator.py for tasks to queue
[2024-12-03T21:21:03.389+0700] {logging_mixin.py:190} INFO - [2024-12-03T21:21:03.389+0700] {dagbag.py:588} INFO - Filling up the DagBag from /home/tedubuamo/project/venv/lib/python3.12/site-packages/airflow/example_dags/example_bash_operator.py
[2024-12-03T21:21:03.400+0700] {processor.py:925} INFO - DAG(s) 'example_bash_operator' retrieved from /home/tedubuamo/project/venv/lib/python3.12/site-packages/airflow/example_dags/example_bash_operator.py
[2024-12-03T21:21:03.418+0700] {logging_mixin.py:190} INFO - [2024-12-03T21:21:03.418+0700] {dag.py:3239} INFO - Sync 1 DAGs
[2024-12-03T21:21:03.437+0700] {logging_mixin.py:190} INFO - [2024-12-03T21:21:03.437+0700] {dag.py:4180} INFO - Setting next_dagrun for example_bash_operator to 2024-12-02 00:00:00+00:00, run_after=2024-12-03 00:00:00+00:00
[2024-12-03T21:21:03.455+0700] {processor.py:208} INFO - Processing /home/tedubuamo/project/venv/lib/python3.12/site-packages/airflow/example_dags/example_bash_operator.py took 0.074 seconds
[2024-12-03T21:21:59.593+0700] {processor.py:186} INFO - Started process (PID=4178) to work on /home/tedubuamo/project/venv/lib/python3.12/site-packages/airflow/example_dags/example_bash_operator.py
[2024-12-03T21:21:59.609+0700] {processor.py:914} INFO - Processing file /home/tedubuamo/project/venv/lib/python3.12/site-packages/airflow/example_dags/example_bash_operator.py for tasks to queue
[2024-12-03T21:21:59.611+0700] {logging_mixin.py:190} INFO - [2024-12-03T21:21:59.611+0700] {dagbag.py:588} INFO - Filling up the DagBag from /home/tedubuamo/project/venv/lib/python3.12/site-packages/airflow/example_dags/example_bash_operator.py
[2024-12-03T21:21:59.621+0700] {processor.py:925} INFO - DAG(s) 'example_bash_operator' retrieved from /home/tedubuamo/project/venv/lib/python3.12/site-packages/airflow/example_dags/example_bash_operator.py
[2024-12-03T21:21:59.635+0700] {logging_mixin.py:190} INFO - [2024-12-03T21:21:59.635+0700] {dag.py:3239} INFO - Sync 1 DAGs
[2024-12-03T21:21:59.649+0700] {logging_mixin.py:190} INFO - [2024-12-03T21:21:59.649+0700] {dag.py:4180} INFO - Setting next_dagrun for example_bash_operator to 2024-12-02 00:00:00+00:00, run_after=2024-12-03 00:00:00+00:00
[2024-12-03T21:21:59.668+0700] {processor.py:208} INFO - Processing /home/tedubuamo/project/venv/lib/python3.12/site-packages/airflow/example_dags/example_bash_operator.py took 0.078 seconds
[2024-12-03T21:22:53.431+0700] {processor.py:186} INFO - Started process (PID=4261) to work on /home/tedubuamo/project/venv/lib/python3.12/site-packages/airflow/example_dags/example_bash_operator.py
[2024-12-03T21:22:53.433+0700] {processor.py:914} INFO - Processing file /home/tedubuamo/project/venv/lib/python3.12/site-packages/airflow/example_dags/example_bash_operator.py for tasks to queue
[2024-12-03T21:22:53.435+0700] {logging_mixin.py:190} INFO - [2024-12-03T21:22:53.435+0700] {dagbag.py:588} INFO - Filling up the DagBag from /home/tedubuamo/project/venv/lib/python3.12/site-packages/airflow/example_dags/example_bash_operator.py
[2024-12-03T21:22:53.446+0700] {processor.py:925} INFO - DAG(s) 'example_bash_operator' retrieved from /home/tedubuamo/project/venv/lib/python3.12/site-packages/airflow/example_dags/example_bash_operator.py
[2024-12-03T21:22:53.465+0700] {logging_mixin.py:190} INFO - [2024-12-03T21:22:53.465+0700] {dag.py:3239} INFO - Sync 1 DAGs
[2024-12-03T21:22:53.486+0700] {logging_mixin.py:190} INFO - [2024-12-03T21:22:53.485+0700] {dag.py:4180} INFO - Setting next_dagrun for example_bash_operator to 2024-12-02 00:00:00+00:00, run_after=2024-12-03 00:00:00+00:00
[2024-12-03T21:22:53.508+0700] {processor.py:208} INFO - Processing /home/tedubuamo/project/venv/lib/python3.12/site-packages/airflow/example_dags/example_bash_operator.py took 0.082 seconds
[2024-12-03T21:23:44.715+0700] {processor.py:186} INFO - Started process (PID=4313) to work on /home/tedubuamo/project/venv/lib/python3.12/site-packages/airflow/example_dags/example_bash_operator.py
[2024-12-03T21:23:44.716+0700] {processor.py:914} INFO - Processing file /home/tedubuamo/project/venv/lib/python3.12/site-packages/airflow/example_dags/example_bash_operator.py for tasks to queue
[2024-12-03T21:23:44.718+0700] {logging_mixin.py:190} INFO - [2024-12-03T21:23:44.718+0700] {dagbag.py:588} INFO - Filling up the DagBag from /home/tedubuamo/project/venv/lib/python3.12/site-packages/airflow/example_dags/example_bash_operator.py
[2024-12-03T21:23:44.728+0700] {processor.py:925} INFO - DAG(s) 'example_bash_operator' retrieved from /home/tedubuamo/project/venv/lib/python3.12/site-packages/airflow/example_dags/example_bash_operator.py
[2024-12-03T21:23:44.745+0700] {logging_mixin.py:190} INFO - [2024-12-03T21:23:44.745+0700] {dag.py:3239} INFO - Sync 1 DAGs
[2024-12-03T21:23:44.761+0700] {logging_mixin.py:190} INFO - [2024-12-03T21:23:44.761+0700] {dag.py:4180} INFO - Setting next_dagrun for example_bash_operator to 2024-12-02 00:00:00+00:00, run_after=2024-12-03 00:00:00+00:00
[2024-12-03T21:23:44.781+0700] {processor.py:208} INFO - Processing /home/tedubuamo/project/venv/lib/python3.12/site-packages/airflow/example_dags/example_bash_operator.py took 0.070 seconds
[2024-12-03T21:24:40.483+0700] {processor.py:186} INFO - Started process (PID=4392) to work on /home/tedubuamo/project/venv/lib/python3.12/site-packages/airflow/example_dags/example_bash_operator.py
[2024-12-03T21:24:40.487+0700] {processor.py:914} INFO - Processing file /home/tedubuamo/project/venv/lib/python3.12/site-packages/airflow/example_dags/example_bash_operator.py for tasks to queue
[2024-12-03T21:24:40.488+0700] {logging_mixin.py:190} INFO - [2024-12-03T21:24:40.488+0700] {dagbag.py:588} INFO - Filling up the DagBag from /home/tedubuamo/project/venv/lib/python3.12/site-packages/airflow/example_dags/example_bash_operator.py
[2024-12-03T21:24:40.499+0700] {processor.py:925} INFO - DAG(s) 'example_bash_operator' retrieved from /home/tedubuamo/project/venv/lib/python3.12/site-packages/airflow/example_dags/example_bash_operator.py
[2024-12-03T21:24:40.516+0700] {logging_mixin.py:190} INFO - [2024-12-03T21:24:40.516+0700] {dag.py:3239} INFO - Sync 1 DAGs
[2024-12-03T21:24:40.532+0700] {logging_mixin.py:190} INFO - [2024-12-03T21:24:40.532+0700] {dag.py:4180} INFO - Setting next_dagrun for example_bash_operator to 2024-12-02 00:00:00+00:00, run_after=2024-12-03 00:00:00+00:00
[2024-12-03T21:24:40.550+0700] {processor.py:208} INFO - Processing /home/tedubuamo/project/venv/lib/python3.12/site-packages/airflow/example_dags/example_bash_operator.py took 0.071 seconds
[2024-12-03T21:25:36.739+0700] {processor.py:186} INFO - Started process (PID=4475) to work on /home/tedubuamo/project/venv/lib/python3.12/site-packages/airflow/example_dags/example_bash_operator.py
[2024-12-03T21:25:36.743+0700] {processor.py:914} INFO - Processing file /home/tedubuamo/project/venv/lib/python3.12/site-packages/airflow/example_dags/example_bash_operator.py for tasks to queue
[2024-12-03T21:25:36.745+0700] {logging_mixin.py:190} INFO - [2024-12-03T21:25:36.744+0700] {dagbag.py:588} INFO - Filling up the DagBag from /home/tedubuamo/project/venv/lib/python3.12/site-packages/airflow/example_dags/example_bash_operator.py
[2024-12-03T21:25:36.755+0700] {processor.py:925} INFO - DAG(s) 'example_bash_operator' retrieved from /home/tedubuamo/project/venv/lib/python3.12/site-packages/airflow/example_dags/example_bash_operator.py
[2024-12-03T21:25:36.771+0700] {logging_mixin.py:190} INFO - [2024-12-03T21:25:36.771+0700] {dag.py:3239} INFO - Sync 1 DAGs
[2024-12-03T21:25:36.787+0700] {logging_mixin.py:190} INFO - [2024-12-03T21:25:36.786+0700] {dag.py:4180} INFO - Setting next_dagrun for example_bash_operator to 2024-12-02 00:00:00+00:00, run_after=2024-12-03 00:00:00+00:00
[2024-12-03T21:25:36.807+0700] {processor.py:208} INFO - Processing /home/tedubuamo/project/venv/lib/python3.12/site-packages/airflow/example_dags/example_bash_operator.py took 0.071 seconds
[2024-12-03T21:26:34.875+0700] {processor.py:186} INFO - Started process (PID=4536) to work on /home/tedubuamo/project/venv/lib/python3.12/site-packages/airflow/example_dags/example_bash_operator.py
[2024-12-03T21:26:34.878+0700] {processor.py:914} INFO - Processing file /home/tedubuamo/project/venv/lib/python3.12/site-packages/airflow/example_dags/example_bash_operator.py for tasks to queue
[2024-12-03T21:26:34.880+0700] {logging_mixin.py:190} INFO - [2024-12-03T21:26:34.880+0700] {dagbag.py:588} INFO - Filling up the DagBag from /home/tedubuamo/project/venv/lib/python3.12/site-packages/airflow/example_dags/example_bash_operator.py
[2024-12-03T21:26:34.891+0700] {processor.py:925} INFO - DAG(s) 'example_bash_operator' retrieved from /home/tedubuamo/project/venv/lib/python3.12/site-packages/airflow/example_dags/example_bash_operator.py
[2024-12-03T21:26:34.908+0700] {logging_mixin.py:190} INFO - [2024-12-03T21:26:34.907+0700] {dag.py:3239} INFO - Sync 1 DAGs
[2024-12-03T21:26:34.925+0700] {logging_mixin.py:190} INFO - [2024-12-03T21:26:34.924+0700] {dag.py:4180} INFO - Setting next_dagrun for example_bash_operator to 2024-12-02 00:00:00+00:00, run_after=2024-12-03 00:00:00+00:00
[2024-12-03T21:26:34.944+0700] {processor.py:208} INFO - Processing /home/tedubuamo/project/venv/lib/python3.12/site-packages/airflow/example_dags/example_bash_operator.py took 0.074 seconds
[2024-12-03T21:27:24.943+0700] {processor.py:186} INFO - Started process (PID=4605) to work on /home/tedubuamo/project/venv/lib/python3.12/site-packages/airflow/example_dags/example_bash_operator.py
[2024-12-03T21:27:24.947+0700] {processor.py:914} INFO - Processing file /home/tedubuamo/project/venv/lib/python3.12/site-packages/airflow/example_dags/example_bash_operator.py for tasks to queue
[2024-12-03T21:27:24.949+0700] {logging_mixin.py:190} INFO - [2024-12-03T21:27:24.948+0700] {dagbag.py:588} INFO - Filling up the DagBag from /home/tedubuamo/project/venv/lib/python3.12/site-packages/airflow/example_dags/example_bash_operator.py
[2024-12-03T21:27:24.961+0700] {processor.py:925} INFO - DAG(s) 'example_bash_operator' retrieved from /home/tedubuamo/project/venv/lib/python3.12/site-packages/airflow/example_dags/example_bash_operator.py
[2024-12-03T21:27:24.977+0700] {logging_mixin.py:190} INFO - [2024-12-03T21:27:24.977+0700] {dag.py:3239} INFO - Sync 1 DAGs
[2024-12-03T21:27:24.993+0700] {logging_mixin.py:190} INFO - [2024-12-03T21:27:24.993+0700] {dag.py:4180} INFO - Setting next_dagrun for example_bash_operator to 2024-12-02 00:00:00+00:00, run_after=2024-12-03 00:00:00+00:00
[2024-12-03T21:27:25.014+0700] {processor.py:208} INFO - Processing /home/tedubuamo/project/venv/lib/python3.12/site-packages/airflow/example_dags/example_bash_operator.py took 0.075 seconds
[2024-12-03T21:28:20.610+0700] {processor.py:186} INFO - Started process (PID=4667) to work on /home/tedubuamo/project/venv/lib/python3.12/site-packages/airflow/example_dags/example_bash_operator.py
[2024-12-03T21:28:20.612+0700] {processor.py:914} INFO - Processing file /home/tedubuamo/project/venv/lib/python3.12/site-packages/airflow/example_dags/example_bash_operator.py for tasks to queue
[2024-12-03T21:28:20.615+0700] {logging_mixin.py:190} INFO - [2024-12-03T21:28:20.615+0700] {dagbag.py:588} INFO - Filling up the DagBag from /home/tedubuamo/project/venv/lib/python3.12/site-packages/airflow/example_dags/example_bash_operator.py
[2024-12-03T21:28:20.632+0700] {processor.py:925} INFO - DAG(s) 'example_bash_operator' retrieved from /home/tedubuamo/project/venv/lib/python3.12/site-packages/airflow/example_dags/example_bash_operator.py
[2024-12-03T21:28:20.654+0700] {logging_mixin.py:190} INFO - [2024-12-03T21:28:20.653+0700] {dag.py:3239} INFO - Sync 1 DAGs
[2024-12-03T21:28:20.673+0700] {logging_mixin.py:190} INFO - [2024-12-03T21:28:20.673+0700] {dag.py:4180} INFO - Setting next_dagrun for example_bash_operator to 2024-12-02 00:00:00+00:00, run_after=2024-12-03 00:00:00+00:00
[2024-12-03T21:28:20.697+0700] {processor.py:208} INFO - Processing /home/tedubuamo/project/venv/lib/python3.12/site-packages/airflow/example_dags/example_bash_operator.py took 0.094 seconds
[2024-12-03T21:29:13.943+0700] {processor.py:186} INFO - Started process (PID=4803) to work on /home/tedubuamo/project/venv/lib/python3.12/site-packages/airflow/example_dags/example_bash_operator.py
[2024-12-03T21:29:13.945+0700] {processor.py:914} INFO - Processing file /home/tedubuamo/project/venv/lib/python3.12/site-packages/airflow/example_dags/example_bash_operator.py for tasks to queue
[2024-12-03T21:29:13.947+0700] {logging_mixin.py:190} INFO - [2024-12-03T21:29:13.946+0700] {dagbag.py:588} INFO - Filling up the DagBag from /home/tedubuamo/project/venv/lib/python3.12/site-packages/airflow/example_dags/example_bash_operator.py
[2024-12-03T21:29:13.956+0700] {processor.py:925} INFO - DAG(s) 'example_bash_operator' retrieved from /home/tedubuamo/project/venv/lib/python3.12/site-packages/airflow/example_dags/example_bash_operator.py
[2024-12-03T21:29:13.973+0700] {logging_mixin.py:190} INFO - [2024-12-03T21:29:13.973+0700] {dag.py:3239} INFO - Sync 1 DAGs
[2024-12-03T21:29:13.989+0700] {logging_mixin.py:190} INFO - [2024-12-03T21:29:13.989+0700] {dag.py:4180} INFO - Setting next_dagrun for example_bash_operator to 2024-12-02 00:00:00+00:00, run_after=2024-12-03 00:00:00+00:00
[2024-12-03T21:29:14.010+0700] {processor.py:208} INFO - Processing /home/tedubuamo/project/venv/lib/python3.12/site-packages/airflow/example_dags/example_bash_operator.py took 0.071 seconds
[2024-12-03T21:30:07.310+0700] {processor.py:186} INFO - Started process (PID=4862) to work on /home/tedubuamo/project/venv/lib/python3.12/site-packages/airflow/example_dags/example_bash_operator.py
[2024-12-03T21:30:07.322+0700] {processor.py:914} INFO - Processing file /home/tedubuamo/project/venv/lib/python3.12/site-packages/airflow/example_dags/example_bash_operator.py for tasks to queue
[2024-12-03T21:30:07.324+0700] {logging_mixin.py:190} INFO - [2024-12-03T21:30:07.324+0700] {dagbag.py:588} INFO - Filling up the DagBag from /home/tedubuamo/project/venv/lib/python3.12/site-packages/airflow/example_dags/example_bash_operator.py
[2024-12-03T21:30:07.338+0700] {processor.py:925} INFO - DAG(s) 'example_bash_operator' retrieved from /home/tedubuamo/project/venv/lib/python3.12/site-packages/airflow/example_dags/example_bash_operator.py
[2024-12-03T21:30:07.355+0700] {logging_mixin.py:190} INFO - [2024-12-03T21:30:07.355+0700] {dag.py:3239} INFO - Sync 1 DAGs
[2024-12-03T21:30:07.372+0700] {logging_mixin.py:190} INFO - [2024-12-03T21:30:07.372+0700] {dag.py:4180} INFO - Setting next_dagrun for example_bash_operator to 2024-12-02 00:00:00+00:00, run_after=2024-12-03 00:00:00+00:00
[2024-12-03T21:30:07.403+0700] {processor.py:208} INFO - Processing /home/tedubuamo/project/venv/lib/python3.12/site-packages/airflow/example_dags/example_bash_operator.py took 0.098 seconds
[2024-12-03T21:31:02.754+0700] {processor.py:186} INFO - Started process (PID=4927) to work on /home/tedubuamo/project/venv/lib/python3.12/site-packages/airflow/example_dags/example_bash_operator.py
[2024-12-03T21:31:02.755+0700] {processor.py:914} INFO - Processing file /home/tedubuamo/project/venv/lib/python3.12/site-packages/airflow/example_dags/example_bash_operator.py for tasks to queue
[2024-12-03T21:31:02.757+0700] {logging_mixin.py:190} INFO - [2024-12-03T21:31:02.757+0700] {dagbag.py:588} INFO - Filling up the DagBag from /home/tedubuamo/project/venv/lib/python3.12/site-packages/airflow/example_dags/example_bash_operator.py
[2024-12-03T21:31:02.768+0700] {processor.py:925} INFO - DAG(s) 'example_bash_operator' retrieved from /home/tedubuamo/project/venv/lib/python3.12/site-packages/airflow/example_dags/example_bash_operator.py
[2024-12-03T21:31:02.784+0700] {logging_mixin.py:190} INFO - [2024-12-03T21:31:02.783+0700] {dag.py:3239} INFO - Sync 1 DAGs
[2024-12-03T21:31:02.800+0700] {logging_mixin.py:190} INFO - [2024-12-03T21:31:02.800+0700] {dag.py:4180} INFO - Setting next_dagrun for example_bash_operator to 2024-12-02 00:00:00+00:00, run_after=2024-12-03 00:00:00+00:00
[2024-12-03T21:31:02.816+0700] {processor.py:208} INFO - Processing /home/tedubuamo/project/venv/lib/python3.12/site-packages/airflow/example_dags/example_bash_operator.py took 0.066 seconds
