[2024-12-03T20:58:10.820+0700] {processor.py:186} INFO - Started process (PID=1663) to work on /home/tedubuamo/project/venv/lib/python3.12/site-packages/airflow/example_dags/example_latest_only_with_trigger.py
[2024-12-03T20:58:10.820+0700] {processor.py:914} INFO - Processing file /home/tedubuamo/project/venv/lib/python3.12/site-packages/airflow/example_dags/example_latest_only_with_trigger.py for tasks to queue
[2024-12-03T20:58:10.822+0700] {logging_mixin.py:190} INFO - [2024-12-03T20:58:10.821+0700] {dagbag.py:588} INFO - Filling up the DagBag from /home/tedubuamo/project/venv/lib/python3.12/site-packages/airflow/example_dags/example_latest_only_with_trigger.py
[2024-12-03T20:58:10.827+0700] {processor.py:925} INFO - DAG(s) 'latest_only_with_trigger' retrieved from /home/tedubuamo/project/venv/lib/python3.12/site-packages/airflow/example_dags/example_latest_only_with_trigger.py
[2024-12-03T20:58:10.889+0700] {logging_mixin.py:190} INFO - [2024-12-03T20:58:10.889+0700] {dag.py:3239} INFO - Sync 1 DAGs
[2024-12-03T20:58:10.901+0700] {logging_mixin.py:190} INFO - [2024-12-03T20:58:10.900+0700] {dag.py:4180} INFO - Setting next_dagrun for latest_only_with_trigger to 2024-12-03 08:00:00+00:00, run_after=2024-12-03 12:00:00+00:00
[2024-12-03T20:58:10.919+0700] {processor.py:208} INFO - Processing /home/tedubuamo/project/venv/lib/python3.12/site-packages/airflow/example_dags/example_latest_only_with_trigger.py took 0.104 seconds
[2024-12-03T20:59:06.255+0700] {processor.py:186} INFO - Started process (PID=1720) to work on /home/tedubuamo/project/venv/lib/python3.12/site-packages/airflow/example_dags/example_latest_only_with_trigger.py
[2024-12-03T20:59:06.257+0700] {processor.py:914} INFO - Processing file /home/tedubuamo/project/venv/lib/python3.12/site-packages/airflow/example_dags/example_latest_only_with_trigger.py for tasks to queue
[2024-12-03T20:59:06.259+0700] {logging_mixin.py:190} INFO - [2024-12-03T20:59:06.258+0700] {dagbag.py:588} INFO - Filling up the DagBag from /home/tedubuamo/project/venv/lib/python3.12/site-packages/airflow/example_dags/example_latest_only_with_trigger.py
[2024-12-03T20:59:06.265+0700] {processor.py:925} INFO - DAG(s) 'latest_only_with_trigger' retrieved from /home/tedubuamo/project/venv/lib/python3.12/site-packages/airflow/example_dags/example_latest_only_with_trigger.py
[2024-12-03T20:59:06.276+0700] {logging_mixin.py:190} INFO - [2024-12-03T20:59:06.275+0700] {dag.py:3239} INFO - Sync 1 DAGs
[2024-12-03T20:59:06.291+0700] {logging_mixin.py:190} INFO - [2024-12-03T20:59:06.291+0700] {dag.py:4180} INFO - Setting next_dagrun for latest_only_with_trigger to 2024-12-03 08:00:00+00:00, run_after=2024-12-03 12:00:00+00:00
[2024-12-03T20:59:06.307+0700] {processor.py:208} INFO - Processing /home/tedubuamo/project/venv/lib/python3.12/site-packages/airflow/example_dags/example_latest_only_with_trigger.py took 0.056 seconds
[2024-12-03T21:00:21.040+0700] {processor.py:186} INFO - Started process (PID=1797) to work on /home/tedubuamo/project/venv/lib/python3.12/site-packages/airflow/example_dags/example_latest_only_with_trigger.py
[2024-12-03T21:00:21.041+0700] {processor.py:914} INFO - Processing file /home/tedubuamo/project/venv/lib/python3.12/site-packages/airflow/example_dags/example_latest_only_with_trigger.py for tasks to queue
[2024-12-03T21:00:21.042+0700] {logging_mixin.py:190} INFO - [2024-12-03T21:00:21.042+0700] {dagbag.py:588} INFO - Filling up the DagBag from /home/tedubuamo/project/venv/lib/python3.12/site-packages/airflow/example_dags/example_latest_only_with_trigger.py
[2024-12-03T21:00:21.048+0700] {processor.py:925} INFO - DAG(s) 'latest_only_with_trigger' retrieved from /home/tedubuamo/project/venv/lib/python3.12/site-packages/airflow/example_dags/example_latest_only_with_trigger.py
[2024-12-03T21:00:21.059+0700] {logging_mixin.py:190} INFO - [2024-12-03T21:00:21.059+0700] {dag.py:3239} INFO - Sync 1 DAGs
[2024-12-03T21:00:21.074+0700] {logging_mixin.py:190} INFO - [2024-12-03T21:00:21.074+0700] {dag.py:4180} INFO - Setting next_dagrun for latest_only_with_trigger to 2024-12-03 08:00:00+00:00, run_after=2024-12-03 12:00:00+00:00
[2024-12-03T21:00:21.093+0700] {processor.py:208} INFO - Processing /home/tedubuamo/project/venv/lib/python3.12/site-packages/airflow/example_dags/example_latest_only_with_trigger.py took 0.057 seconds
[2024-12-03T21:01:15.924+0700] {processor.py:186} INFO - Started process (PID=1854) to work on /home/tedubuamo/project/venv/lib/python3.12/site-packages/airflow/example_dags/example_latest_only_with_trigger.py
[2024-12-03T21:01:15.926+0700] {processor.py:914} INFO - Processing file /home/tedubuamo/project/venv/lib/python3.12/site-packages/airflow/example_dags/example_latest_only_with_trigger.py for tasks to queue
[2024-12-03T21:01:15.928+0700] {logging_mixin.py:190} INFO - [2024-12-03T21:01:15.927+0700] {dagbag.py:588} INFO - Filling up the DagBag from /home/tedubuamo/project/venv/lib/python3.12/site-packages/airflow/example_dags/example_latest_only_with_trigger.py
[2024-12-03T21:01:15.935+0700] {processor.py:925} INFO - DAG(s) 'latest_only_with_trigger' retrieved from /home/tedubuamo/project/venv/lib/python3.12/site-packages/airflow/example_dags/example_latest_only_with_trigger.py
[2024-12-03T21:01:15.948+0700] {logging_mixin.py:190} INFO - [2024-12-03T21:01:15.948+0700] {dag.py:3239} INFO - Sync 1 DAGs
[2024-12-03T21:01:15.963+0700] {logging_mixin.py:190} INFO - [2024-12-03T21:01:15.963+0700] {dag.py:4180} INFO - Setting next_dagrun for latest_only_with_trigger to 2024-12-03 08:00:00+00:00, run_after=2024-12-03 12:00:00+00:00
[2024-12-03T21:01:15.986+0700] {processor.py:208} INFO - Processing /home/tedubuamo/project/venv/lib/python3.12/site-packages/airflow/example_dags/example_latest_only_with_trigger.py took 0.066 seconds
[2024-12-03T21:05:35.676+0700] {processor.py:186} INFO - Started process (PID=2050) to work on /home/tedubuamo/project/venv/lib/python3.12/site-packages/airflow/example_dags/example_latest_only_with_trigger.py
[2024-12-03T21:05:35.677+0700] {processor.py:914} INFO - Processing file /home/tedubuamo/project/venv/lib/python3.12/site-packages/airflow/example_dags/example_latest_only_with_trigger.py for tasks to queue
[2024-12-03T21:05:35.678+0700] {logging_mixin.py:190} INFO - [2024-12-03T21:05:35.678+0700] {dagbag.py:588} INFO - Filling up the DagBag from /home/tedubuamo/project/venv/lib/python3.12/site-packages/airflow/example_dags/example_latest_only_with_trigger.py
[2024-12-03T21:05:35.684+0700] {processor.py:925} INFO - DAG(s) 'latest_only_with_trigger' retrieved from /home/tedubuamo/project/venv/lib/python3.12/site-packages/airflow/example_dags/example_latest_only_with_trigger.py
[2024-12-03T21:05:35.694+0700] {logging_mixin.py:190} INFO - [2024-12-03T21:05:35.694+0700] {dag.py:3239} INFO - Sync 1 DAGs
[2024-12-03T21:05:35.707+0700] {logging_mixin.py:190} INFO - [2024-12-03T21:05:35.706+0700] {dag.py:4180} INFO - Setting next_dagrun for latest_only_with_trigger to 2024-12-03 08:00:00+00:00, run_after=2024-12-03 12:00:00+00:00
[2024-12-03T21:05:35.723+0700] {processor.py:208} INFO - Processing /home/tedubuamo/project/venv/lib/python3.12/site-packages/airflow/example_dags/example_latest_only_with_trigger.py took 0.052 seconds
[2024-12-03T21:06:30.879+0700] {processor.py:186} INFO - Started process (PID=2213) to work on /home/tedubuamo/project/venv/lib/python3.12/site-packages/airflow/example_dags/example_latest_only_with_trigger.py
[2024-12-03T21:06:30.882+0700] {processor.py:914} INFO - Processing file /home/tedubuamo/project/venv/lib/python3.12/site-packages/airflow/example_dags/example_latest_only_with_trigger.py for tasks to queue
[2024-12-03T21:06:30.884+0700] {logging_mixin.py:190} INFO - [2024-12-03T21:06:30.884+0700] {dagbag.py:588} INFO - Filling up the DagBag from /home/tedubuamo/project/venv/lib/python3.12/site-packages/airflow/example_dags/example_latest_only_with_trigger.py
[2024-12-03T21:06:30.890+0700] {processor.py:925} INFO - DAG(s) 'latest_only_with_trigger' retrieved from /home/tedubuamo/project/venv/lib/python3.12/site-packages/airflow/example_dags/example_latest_only_with_trigger.py
[2024-12-03T21:06:30.900+0700] {logging_mixin.py:190} INFO - [2024-12-03T21:06:30.900+0700] {dag.py:3239} INFO - Sync 1 DAGs
[2024-12-03T21:06:30.914+0700] {logging_mixin.py:190} INFO - [2024-12-03T21:06:30.914+0700] {dag.py:4180} INFO - Setting next_dagrun for latest_only_with_trigger to 2024-12-03 08:00:00+00:00, run_after=2024-12-03 12:00:00+00:00
[2024-12-03T21:06:30.932+0700] {processor.py:208} INFO - Processing /home/tedubuamo/project/venv/lib/python3.12/site-packages/airflow/example_dags/example_latest_only_with_trigger.py took 0.056 seconds
[2024-12-03T21:06:32.769+0700] {processor.py:186} INFO - Started process (PID=2217) to work on /home/tedubuamo/project/venv/lib/python3.12/site-packages/airflow/example_dags/example_latest_only_with_trigger.py
[2024-12-03T21:06:32.770+0700] {processor.py:914} INFO - Processing file /home/tedubuamo/project/venv/lib/python3.12/site-packages/airflow/example_dags/example_latest_only_with_trigger.py for tasks to queue
[2024-12-03T21:06:32.771+0700] {logging_mixin.py:190} INFO - [2024-12-03T21:06:32.771+0700] {dagbag.py:588} INFO - Filling up the DagBag from /home/tedubuamo/project/venv/lib/python3.12/site-packages/airflow/example_dags/example_latest_only_with_trigger.py
[2024-12-03T21:06:32.777+0700] {processor.py:925} INFO - DAG(s) 'latest_only_with_trigger' retrieved from /home/tedubuamo/project/venv/lib/python3.12/site-packages/airflow/example_dags/example_latest_only_with_trigger.py
[2024-12-03T21:06:32.788+0700] {logging_mixin.py:190} INFO - [2024-12-03T21:06:32.788+0700] {dag.py:3239} INFO - Sync 1 DAGs
[2024-12-03T21:06:32.801+0700] {logging_mixin.py:190} INFO - [2024-12-03T21:06:32.801+0700] {dag.py:4180} INFO - Setting next_dagrun for latest_only_with_trigger to 2024-12-03 08:00:00+00:00, run_after=2024-12-03 12:00:00+00:00
[2024-12-03T21:06:32.817+0700] {processor.py:208} INFO - Processing /home/tedubuamo/project/venv/lib/python3.12/site-packages/airflow/example_dags/example_latest_only_with_trigger.py took 0.051 seconds
[2024-12-03T21:07:25.873+0700] {processor.py:186} INFO - Started process (PID=2422) to work on /home/tedubuamo/project/venv/lib/python3.12/site-packages/airflow/example_dags/example_latest_only_with_trigger.py
[2024-12-03T21:07:25.877+0700] {processor.py:914} INFO - Processing file /home/tedubuamo/project/venv/lib/python3.12/site-packages/airflow/example_dags/example_latest_only_with_trigger.py for tasks to queue
[2024-12-03T21:07:25.878+0700] {logging_mixin.py:190} INFO - [2024-12-03T21:07:25.878+0700] {dagbag.py:588} INFO - Filling up the DagBag from /home/tedubuamo/project/venv/lib/python3.12/site-packages/airflow/example_dags/example_latest_only_with_trigger.py
[2024-12-03T21:07:25.885+0700] {processor.py:925} INFO - DAG(s) 'latest_only_with_trigger' retrieved from /home/tedubuamo/project/venv/lib/python3.12/site-packages/airflow/example_dags/example_latest_only_with_trigger.py
[2024-12-03T21:07:25.900+0700] {logging_mixin.py:190} INFO - [2024-12-03T21:07:25.900+0700] {dag.py:3239} INFO - Sync 1 DAGs
[2024-12-03T21:07:25.919+0700] {logging_mixin.py:190} INFO - [2024-12-03T21:07:25.918+0700] {dag.py:4180} INFO - Setting next_dagrun for latest_only_with_trigger to 2024-12-03 08:00:00+00:00, run_after=2024-12-03 12:00:00+00:00
[2024-12-03T21:07:25.937+0700] {processor.py:208} INFO - Processing /home/tedubuamo/project/venv/lib/python3.12/site-packages/airflow/example_dags/example_latest_only_with_trigger.py took 0.068 seconds
[2024-12-03T21:07:27.630+0700] {processor.py:186} INFO - Started process (PID=2425) to work on /home/tedubuamo/project/venv/lib/python3.12/site-packages/airflow/example_dags/example_latest_only_with_trigger.py
[2024-12-03T21:07:27.631+0700] {processor.py:914} INFO - Processing file /home/tedubuamo/project/venv/lib/python3.12/site-packages/airflow/example_dags/example_latest_only_with_trigger.py for tasks to queue
[2024-12-03T21:07:27.632+0700] {logging_mixin.py:190} INFO - [2024-12-03T21:07:27.632+0700] {dagbag.py:588} INFO - Filling up the DagBag from /home/tedubuamo/project/venv/lib/python3.12/site-packages/airflow/example_dags/example_latest_only_with_trigger.py
[2024-12-03T21:07:27.638+0700] {processor.py:925} INFO - DAG(s) 'latest_only_with_trigger' retrieved from /home/tedubuamo/project/venv/lib/python3.12/site-packages/airflow/example_dags/example_latest_only_with_trigger.py
[2024-12-03T21:07:27.648+0700] {logging_mixin.py:190} INFO - [2024-12-03T21:07:27.648+0700] {dag.py:3239} INFO - Sync 1 DAGs
[2024-12-03T21:07:27.661+0700] {logging_mixin.py:190} INFO - [2024-12-03T21:07:27.661+0700] {dag.py:4180} INFO - Setting next_dagrun for latest_only_with_trigger to 2024-12-03 08:00:00+00:00, run_after=2024-12-03 12:00:00+00:00
[2024-12-03T21:07:27.678+0700] {processor.py:208} INFO - Processing /home/tedubuamo/project/venv/lib/python3.12/site-packages/airflow/example_dags/example_latest_only_with_trigger.py took 0.052 seconds
[2024-12-03T21:08:42.054+0700] {processor.py:186} INFO - Started process (PID=2577) to work on /home/tedubuamo/project/venv/lib/python3.12/site-packages/airflow/example_dags/example_latest_only_with_trigger.py
[2024-12-03T21:08:42.067+0700] {processor.py:914} INFO - Processing file /home/tedubuamo/project/venv/lib/python3.12/site-packages/airflow/example_dags/example_latest_only_with_trigger.py for tasks to queue
[2024-12-03T21:08:42.069+0700] {logging_mixin.py:190} INFO - [2024-12-03T21:08:42.068+0700] {dagbag.py:588} INFO - Filling up the DagBag from /home/tedubuamo/project/venv/lib/python3.12/site-packages/airflow/example_dags/example_latest_only_with_trigger.py
[2024-12-03T21:08:42.074+0700] {processor.py:925} INFO - DAG(s) 'latest_only_with_trigger' retrieved from /home/tedubuamo/project/venv/lib/python3.12/site-packages/airflow/example_dags/example_latest_only_with_trigger.py
[2024-12-03T21:08:42.086+0700] {logging_mixin.py:190} INFO - [2024-12-03T21:08:42.086+0700] {dag.py:3239} INFO - Sync 1 DAGs
[2024-12-03T21:08:42.100+0700] {logging_mixin.py:190} INFO - [2024-12-03T21:08:42.100+0700] {dag.py:4180} INFO - Setting next_dagrun for latest_only_with_trigger to 2024-12-03 08:00:00+00:00, run_after=2024-12-03 12:00:00+00:00
[2024-12-03T21:08:42.117+0700] {processor.py:208} INFO - Processing /home/tedubuamo/project/venv/lib/python3.12/site-packages/airflow/example_dags/example_latest_only_with_trigger.py took 0.067 seconds
[2024-12-03T21:08:45.754+0700] {processor.py:186} INFO - Started process (PID=2586) to work on /home/tedubuamo/project/venv/lib/python3.12/site-packages/airflow/example_dags/example_latest_only_with_trigger.py
[2024-12-03T21:08:45.755+0700] {processor.py:914} INFO - Processing file /home/tedubuamo/project/venv/lib/python3.12/site-packages/airflow/example_dags/example_latest_only_with_trigger.py for tasks to queue
[2024-12-03T21:08:45.756+0700] {logging_mixin.py:190} INFO - [2024-12-03T21:08:45.756+0700] {dagbag.py:588} INFO - Filling up the DagBag from /home/tedubuamo/project/venv/lib/python3.12/site-packages/airflow/example_dags/example_latest_only_with_trigger.py
[2024-12-03T21:08:45.762+0700] {processor.py:925} INFO - DAG(s) 'latest_only_with_trigger' retrieved from /home/tedubuamo/project/venv/lib/python3.12/site-packages/airflow/example_dags/example_latest_only_with_trigger.py
[2024-12-03T21:08:45.774+0700] {logging_mixin.py:190} INFO - [2024-12-03T21:08:45.774+0700] {dag.py:3239} INFO - Sync 1 DAGs
[2024-12-03T21:08:45.788+0700] {logging_mixin.py:190} INFO - [2024-12-03T21:08:45.788+0700] {dag.py:4180} INFO - Setting next_dagrun for latest_only_with_trigger to 2024-12-03 08:00:00+00:00, run_after=2024-12-03 12:00:00+00:00
[2024-12-03T21:08:45.806+0700] {processor.py:208} INFO - Processing /home/tedubuamo/project/venv/lib/python3.12/site-packages/airflow/example_dags/example_latest_only_with_trigger.py took 0.056 seconds
[2024-12-03T21:09:58.554+0700] {processor.py:186} INFO - Started process (PID=2737) to work on /home/tedubuamo/project/venv/lib/python3.12/site-packages/airflow/example_dags/example_latest_only_with_trigger.py
[2024-12-03T21:09:58.558+0700] {processor.py:914} INFO - Processing file /home/tedubuamo/project/venv/lib/python3.12/site-packages/airflow/example_dags/example_latest_only_with_trigger.py for tasks to queue
[2024-12-03T21:09:58.560+0700] {logging_mixin.py:190} INFO - [2024-12-03T21:09:58.559+0700] {dagbag.py:588} INFO - Filling up the DagBag from /home/tedubuamo/project/venv/lib/python3.12/site-packages/airflow/example_dags/example_latest_only_with_trigger.py
[2024-12-03T21:09:58.565+0700] {processor.py:925} INFO - DAG(s) 'latest_only_with_trigger' retrieved from /home/tedubuamo/project/venv/lib/python3.12/site-packages/airflow/example_dags/example_latest_only_with_trigger.py
[2024-12-03T21:09:58.576+0700] {logging_mixin.py:190} INFO - [2024-12-03T21:09:58.576+0700] {dag.py:3239} INFO - Sync 1 DAGs
[2024-12-03T21:09:58.590+0700] {logging_mixin.py:190} INFO - [2024-12-03T21:09:58.590+0700] {dag.py:4180} INFO - Setting next_dagrun for latest_only_with_trigger to 2024-12-03 08:00:00+00:00, run_after=2024-12-03 12:00:00+00:00
[2024-12-03T21:09:58.606+0700] {processor.py:208} INFO - Processing /home/tedubuamo/project/venv/lib/python3.12/site-packages/airflow/example_dags/example_latest_only_with_trigger.py took 0.056 seconds
[2024-12-03T21:09:59.074+0700] {processor.py:186} INFO - Started process (PID=2738) to work on /home/tedubuamo/project/venv/lib/python3.12/site-packages/airflow/example_dags/example_latest_only_with_trigger.py
[2024-12-03T21:09:59.074+0700] {processor.py:914} INFO - Processing file /home/tedubuamo/project/venv/lib/python3.12/site-packages/airflow/example_dags/example_latest_only_with_trigger.py for tasks to queue
[2024-12-03T21:09:59.076+0700] {logging_mixin.py:190} INFO - [2024-12-03T21:09:59.075+0700] {dagbag.py:588} INFO - Filling up the DagBag from /home/tedubuamo/project/venv/lib/python3.12/site-packages/airflow/example_dags/example_latest_only_with_trigger.py
[2024-12-03T21:09:59.081+0700] {processor.py:925} INFO - DAG(s) 'latest_only_with_trigger' retrieved from /home/tedubuamo/project/venv/lib/python3.12/site-packages/airflow/example_dags/example_latest_only_with_trigger.py
[2024-12-03T21:09:59.091+0700] {logging_mixin.py:190} INFO - [2024-12-03T21:09:59.091+0700] {dag.py:3239} INFO - Sync 1 DAGs
[2024-12-03T21:09:59.105+0700] {logging_mixin.py:190} INFO - [2024-12-03T21:09:59.105+0700] {dag.py:4180} INFO - Setting next_dagrun for latest_only_with_trigger to 2024-12-03 08:00:00+00:00, run_after=2024-12-03 12:00:00+00:00
[2024-12-03T21:09:59.122+0700] {processor.py:208} INFO - Processing /home/tedubuamo/project/venv/lib/python3.12/site-packages/airflow/example_dags/example_latest_only_with_trigger.py took 0.052 seconds
[2024-12-03T21:11:16.544+0700] {processor.py:186} INFO - Started process (PID=2895) to work on /home/tedubuamo/project/venv/lib/python3.12/site-packages/airflow/example_dags/example_latest_only_with_trigger.py
[2024-12-03T21:11:16.545+0700] {processor.py:914} INFO - Processing file /home/tedubuamo/project/venv/lib/python3.12/site-packages/airflow/example_dags/example_latest_only_with_trigger.py for tasks to queue
[2024-12-03T21:11:16.547+0700] {logging_mixin.py:190} INFO - [2024-12-03T21:11:16.547+0700] {dagbag.py:588} INFO - Filling up the DagBag from /home/tedubuamo/project/venv/lib/python3.12/site-packages/airflow/example_dags/example_latest_only_with_trigger.py
[2024-12-03T21:11:16.553+0700] {processor.py:925} INFO - DAG(s) 'latest_only_with_trigger' retrieved from /home/tedubuamo/project/venv/lib/python3.12/site-packages/airflow/example_dags/example_latest_only_with_trigger.py
[2024-12-03T21:11:16.564+0700] {logging_mixin.py:190} INFO - [2024-12-03T21:11:16.564+0700] {dag.py:3239} INFO - Sync 1 DAGs
[2024-12-03T21:11:16.579+0700] {logging_mixin.py:190} INFO - [2024-12-03T21:11:16.578+0700] {dag.py:4180} INFO - Setting next_dagrun for latest_only_with_trigger to 2024-12-03 08:00:00+00:00, run_after=2024-12-03 12:00:00+00:00
[2024-12-03T21:11:16.609+0700] {processor.py:208} INFO - Processing /home/tedubuamo/project/venv/lib/python3.12/site-packages/airflow/example_dags/example_latest_only_with_trigger.py took 0.069 seconds
[2024-12-03T21:11:17.377+0700] {processor.py:186} INFO - Started process (PID=2896) to work on /home/tedubuamo/project/venv/lib/python3.12/site-packages/airflow/example_dags/example_latest_only_with_trigger.py
[2024-12-03T21:11:17.378+0700] {processor.py:914} INFO - Processing file /home/tedubuamo/project/venv/lib/python3.12/site-packages/airflow/example_dags/example_latest_only_with_trigger.py for tasks to queue
[2024-12-03T21:11:17.380+0700] {logging_mixin.py:190} INFO - [2024-12-03T21:11:17.380+0700] {dagbag.py:588} INFO - Filling up the DagBag from /home/tedubuamo/project/venv/lib/python3.12/site-packages/airflow/example_dags/example_latest_only_with_trigger.py
[2024-12-03T21:11:17.386+0700] {processor.py:925} INFO - DAG(s) 'latest_only_with_trigger' retrieved from /home/tedubuamo/project/venv/lib/python3.12/site-packages/airflow/example_dags/example_latest_only_with_trigger.py
[2024-12-03T21:11:17.397+0700] {logging_mixin.py:190} INFO - [2024-12-03T21:11:17.397+0700] {dag.py:3239} INFO - Sync 1 DAGs
[2024-12-03T21:11:17.410+0700] {logging_mixin.py:190} INFO - [2024-12-03T21:11:17.410+0700] {dag.py:4180} INFO - Setting next_dagrun for latest_only_with_trigger to 2024-12-03 08:00:00+00:00, run_after=2024-12-03 12:00:00+00:00
[2024-12-03T21:11:17.428+0700] {processor.py:208} INFO - Processing /home/tedubuamo/project/venv/lib/python3.12/site-packages/airflow/example_dags/example_latest_only_with_trigger.py took 0.055 seconds
[2024-12-03T21:12:11.859+0700] {processor.py:186} INFO - Started process (PID=3027) to work on /home/tedubuamo/project/venv/lib/python3.12/site-packages/airflow/example_dags/example_latest_only_with_trigger.py
[2024-12-03T21:12:11.860+0700] {processor.py:914} INFO - Processing file /home/tedubuamo/project/venv/lib/python3.12/site-packages/airflow/example_dags/example_latest_only_with_trigger.py for tasks to queue
[2024-12-03T21:12:11.861+0700] {logging_mixin.py:190} INFO - [2024-12-03T21:12:11.861+0700] {dagbag.py:588} INFO - Filling up the DagBag from /home/tedubuamo/project/venv/lib/python3.12/site-packages/airflow/example_dags/example_latest_only_with_trigger.py
[2024-12-03T21:12:11.868+0700] {processor.py:925} INFO - DAG(s) 'latest_only_with_trigger' retrieved from /home/tedubuamo/project/venv/lib/python3.12/site-packages/airflow/example_dags/example_latest_only_with_trigger.py
[2024-12-03T21:12:11.879+0700] {logging_mixin.py:190} INFO - [2024-12-03T21:12:11.879+0700] {dag.py:3239} INFO - Sync 1 DAGs
[2024-12-03T21:12:11.896+0700] {logging_mixin.py:190} INFO - [2024-12-03T21:12:11.895+0700] {dag.py:4180} INFO - Setting next_dagrun for latest_only_with_trigger to 2024-12-03 08:00:00+00:00, run_after=2024-12-03 12:00:00+00:00
[2024-12-03T21:12:11.913+0700] {processor.py:208} INFO - Processing /home/tedubuamo/project/venv/lib/python3.12/site-packages/airflow/example_dags/example_latest_only_with_trigger.py took 0.059 seconds
[2024-12-03T21:12:31.189+0700] {processor.py:186} INFO - Started process (PID=3076) to work on /home/tedubuamo/project/venv/lib/python3.12/site-packages/airflow/example_dags/example_latest_only_with_trigger.py
[2024-12-03T21:12:31.190+0700] {processor.py:914} INFO - Processing file /home/tedubuamo/project/venv/lib/python3.12/site-packages/airflow/example_dags/example_latest_only_with_trigger.py for tasks to queue
[2024-12-03T21:12:31.192+0700] {logging_mixin.py:190} INFO - [2024-12-03T21:12:31.192+0700] {dagbag.py:588} INFO - Filling up the DagBag from /home/tedubuamo/project/venv/lib/python3.12/site-packages/airflow/example_dags/example_latest_only_with_trigger.py
[2024-12-03T21:12:31.197+0700] {processor.py:925} INFO - DAG(s) 'latest_only_with_trigger' retrieved from /home/tedubuamo/project/venv/lib/python3.12/site-packages/airflow/example_dags/example_latest_only_with_trigger.py
[2024-12-03T21:12:31.208+0700] {logging_mixin.py:190} INFO - [2024-12-03T21:12:31.208+0700] {dag.py:3239} INFO - Sync 1 DAGs
[2024-12-03T21:12:31.221+0700] {logging_mixin.py:190} INFO - [2024-12-03T21:12:31.221+0700] {dag.py:4180} INFO - Setting next_dagrun for latest_only_with_trigger to 2024-12-03 08:00:00+00:00, run_after=2024-12-03 12:00:00+00:00
[2024-12-03T21:12:31.238+0700] {processor.py:208} INFO - Processing /home/tedubuamo/project/venv/lib/python3.12/site-packages/airflow/example_dags/example_latest_only_with_trigger.py took 0.053 seconds
[2024-12-03T21:13:06.411+0700] {processor.py:186} INFO - Started process (PID=3156) to work on /home/tedubuamo/project/venv/lib/python3.12/site-packages/airflow/example_dags/example_latest_only_with_trigger.py
[2024-12-03T21:13:06.412+0700] {processor.py:914} INFO - Processing file /home/tedubuamo/project/venv/lib/python3.12/site-packages/airflow/example_dags/example_latest_only_with_trigger.py for tasks to queue
[2024-12-03T21:13:06.414+0700] {logging_mixin.py:190} INFO - [2024-12-03T21:13:06.414+0700] {dagbag.py:588} INFO - Filling up the DagBag from /home/tedubuamo/project/venv/lib/python3.12/site-packages/airflow/example_dags/example_latest_only_with_trigger.py
[2024-12-03T21:13:06.419+0700] {processor.py:925} INFO - DAG(s) 'latest_only_with_trigger' retrieved from /home/tedubuamo/project/venv/lib/python3.12/site-packages/airflow/example_dags/example_latest_only_with_trigger.py
[2024-12-03T21:13:06.430+0700] {logging_mixin.py:190} INFO - [2024-12-03T21:13:06.430+0700] {dag.py:3239} INFO - Sync 1 DAGs
[2024-12-03T21:13:06.443+0700] {logging_mixin.py:190} INFO - [2024-12-03T21:13:06.443+0700] {dag.py:4180} INFO - Setting next_dagrun for latest_only_with_trigger to 2024-12-03 08:00:00+00:00, run_after=2024-12-03 12:00:00+00:00
[2024-12-03T21:13:06.459+0700] {processor.py:208} INFO - Processing /home/tedubuamo/project/venv/lib/python3.12/site-packages/airflow/example_dags/example_latest_only_with_trigger.py took 0.053 seconds
[2024-12-03T21:13:47.487+0700] {processor.py:186} INFO - Started process (PID=3242) to work on /home/tedubuamo/project/venv/lib/python3.12/site-packages/airflow/example_dags/example_latest_only_with_trigger.py
[2024-12-03T21:13:47.489+0700] {processor.py:914} INFO - Processing file /home/tedubuamo/project/venv/lib/python3.12/site-packages/airflow/example_dags/example_latest_only_with_trigger.py for tasks to queue
[2024-12-03T21:13:47.492+0700] {logging_mixin.py:190} INFO - [2024-12-03T21:13:47.491+0700] {dagbag.py:588} INFO - Filling up the DagBag from /home/tedubuamo/project/venv/lib/python3.12/site-packages/airflow/example_dags/example_latest_only_with_trigger.py
[2024-12-03T21:13:47.498+0700] {processor.py:925} INFO - DAG(s) 'latest_only_with_trigger' retrieved from /home/tedubuamo/project/venv/lib/python3.12/site-packages/airflow/example_dags/example_latest_only_with_trigger.py
[2024-12-03T21:13:47.511+0700] {logging_mixin.py:190} INFO - [2024-12-03T21:13:47.511+0700] {dag.py:3239} INFO - Sync 1 DAGs
[2024-12-03T21:13:47.526+0700] {logging_mixin.py:190} INFO - [2024-12-03T21:13:47.526+0700] {dag.py:4180} INFO - Setting next_dagrun for latest_only_with_trigger to 2024-12-03 08:00:00+00:00, run_after=2024-12-03 12:00:00+00:00
[2024-12-03T21:13:47.546+0700] {processor.py:208} INFO - Processing /home/tedubuamo/project/venv/lib/python3.12/site-packages/airflow/example_dags/example_latest_only_with_trigger.py took 0.063 seconds
[2024-12-03T21:14:21.965+0700] {processor.py:186} INFO - Started process (PID=3312) to work on /home/tedubuamo/project/venv/lib/python3.12/site-packages/airflow/example_dags/example_latest_only_with_trigger.py
[2024-12-03T21:14:21.967+0700] {processor.py:914} INFO - Processing file /home/tedubuamo/project/venv/lib/python3.12/site-packages/airflow/example_dags/example_latest_only_with_trigger.py for tasks to queue
[2024-12-03T21:14:21.971+0700] {logging_mixin.py:190} INFO - [2024-12-03T21:14:21.970+0700] {dagbag.py:588} INFO - Filling up the DagBag from /home/tedubuamo/project/venv/lib/python3.12/site-packages/airflow/example_dags/example_latest_only_with_trigger.py
[2024-12-03T21:14:21.991+0700] {processor.py:925} INFO - DAG(s) 'latest_only_with_trigger' retrieved from /home/tedubuamo/project/venv/lib/python3.12/site-packages/airflow/example_dags/example_latest_only_with_trigger.py
[2024-12-03T21:14:22.022+0700] {logging_mixin.py:190} INFO - [2024-12-03T21:14:22.021+0700] {dag.py:3239} INFO - Sync 1 DAGs
[2024-12-03T21:14:22.051+0700] {logging_mixin.py:190} INFO - [2024-12-03T21:14:22.051+0700] {dag.py:4180} INFO - Setting next_dagrun for latest_only_with_trigger to 2024-12-03 08:00:00+00:00, run_after=2024-12-03 12:00:00+00:00
[2024-12-03T21:14:22.080+0700] {processor.py:208} INFO - Processing /home/tedubuamo/project/venv/lib/python3.12/site-packages/airflow/example_dags/example_latest_only_with_trigger.py took 0.127 seconds
[2024-12-03T21:14:43.983+0700] {processor.py:186} INFO - Started process (PID=3358) to work on /home/tedubuamo/project/venv/lib/python3.12/site-packages/airflow/example_dags/example_latest_only_with_trigger.py
[2024-12-03T21:14:43.984+0700] {processor.py:914} INFO - Processing file /home/tedubuamo/project/venv/lib/python3.12/site-packages/airflow/example_dags/example_latest_only_with_trigger.py for tasks to queue
[2024-12-03T21:14:43.985+0700] {logging_mixin.py:190} INFO - [2024-12-03T21:14:43.985+0700] {dagbag.py:588} INFO - Filling up the DagBag from /home/tedubuamo/project/venv/lib/python3.12/site-packages/airflow/example_dags/example_latest_only_with_trigger.py
[2024-12-03T21:14:43.991+0700] {processor.py:925} INFO - DAG(s) 'latest_only_with_trigger' retrieved from /home/tedubuamo/project/venv/lib/python3.12/site-packages/airflow/example_dags/example_latest_only_with_trigger.py
[2024-12-03T21:14:44.003+0700] {logging_mixin.py:190} INFO - [2024-12-03T21:14:44.003+0700] {dag.py:3239} INFO - Sync 1 DAGs
[2024-12-03T21:14:44.018+0700] {logging_mixin.py:190} INFO - [2024-12-03T21:14:44.017+0700] {dag.py:4180} INFO - Setting next_dagrun for latest_only_with_trigger to 2024-12-03 08:00:00+00:00, run_after=2024-12-03 12:00:00+00:00
[2024-12-03T21:14:44.034+0700] {processor.py:208} INFO - Processing /home/tedubuamo/project/venv/lib/python3.12/site-packages/airflow/example_dags/example_latest_only_with_trigger.py took 0.054 seconds
[2024-12-03T21:15:37.518+0700] {processor.py:186} INFO - Started process (PID=3468) to work on /home/tedubuamo/project/venv/lib/python3.12/site-packages/airflow/example_dags/example_latest_only_with_trigger.py
[2024-12-03T21:15:37.519+0700] {processor.py:914} INFO - Processing file /home/tedubuamo/project/venv/lib/python3.12/site-packages/airflow/example_dags/example_latest_only_with_trigger.py for tasks to queue
[2024-12-03T21:15:37.521+0700] {logging_mixin.py:190} INFO - [2024-12-03T21:15:37.520+0700] {dagbag.py:588} INFO - Filling up the DagBag from /home/tedubuamo/project/venv/lib/python3.12/site-packages/airflow/example_dags/example_latest_only_with_trigger.py
[2024-12-03T21:15:37.527+0700] {processor.py:925} INFO - DAG(s) 'latest_only_with_trigger' retrieved from /home/tedubuamo/project/venv/lib/python3.12/site-packages/airflow/example_dags/example_latest_only_with_trigger.py
[2024-12-03T21:15:37.537+0700] {logging_mixin.py:190} INFO - [2024-12-03T21:15:37.537+0700] {dag.py:3239} INFO - Sync 1 DAGs
[2024-12-03T21:15:37.551+0700] {logging_mixin.py:190} INFO - [2024-12-03T21:15:37.551+0700] {dag.py:4180} INFO - Setting next_dagrun for latest_only_with_trigger to 2024-12-03 08:00:00+00:00, run_after=2024-12-03 12:00:00+00:00
[2024-12-03T21:15:37.569+0700] {processor.py:208} INFO - Processing /home/tedubuamo/project/venv/lib/python3.12/site-packages/airflow/example_dags/example_latest_only_with_trigger.py took 0.056 seconds
[2024-12-03T21:16:00.090+0700] {processor.py:186} INFO - Started process (PID=3524) to work on /home/tedubuamo/project/venv/lib/python3.12/site-packages/airflow/example_dags/example_latest_only_with_trigger.py
[2024-12-03T21:16:00.091+0700] {processor.py:914} INFO - Processing file /home/tedubuamo/project/venv/lib/python3.12/site-packages/airflow/example_dags/example_latest_only_with_trigger.py for tasks to queue
[2024-12-03T21:16:00.093+0700] {logging_mixin.py:190} INFO - [2024-12-03T21:16:00.093+0700] {dagbag.py:588} INFO - Filling up the DagBag from /home/tedubuamo/project/venv/lib/python3.12/site-packages/airflow/example_dags/example_latest_only_with_trigger.py
[2024-12-03T21:16:00.099+0700] {processor.py:925} INFO - DAG(s) 'latest_only_with_trigger' retrieved from /home/tedubuamo/project/venv/lib/python3.12/site-packages/airflow/example_dags/example_latest_only_with_trigger.py
[2024-12-03T21:16:00.110+0700] {logging_mixin.py:190} INFO - [2024-12-03T21:16:00.110+0700] {dag.py:3239} INFO - Sync 1 DAGs
[2024-12-03T21:16:00.124+0700] {logging_mixin.py:190} INFO - [2024-12-03T21:16:00.123+0700] {dag.py:4180} INFO - Setting next_dagrun for latest_only_with_trigger to 2024-12-03 08:00:00+00:00, run_after=2024-12-03 12:00:00+00:00
[2024-12-03T21:16:00.142+0700] {processor.py:208} INFO - Processing /home/tedubuamo/project/venv/lib/python3.12/site-packages/airflow/example_dags/example_latest_only_with_trigger.py took 0.056 seconds
[2024-12-03T21:16:54.588+0700] {processor.py:186} INFO - Started process (PID=3660) to work on /home/tedubuamo/project/venv/lib/python3.12/site-packages/airflow/example_dags/example_latest_only_with_trigger.py
[2024-12-03T21:16:54.589+0700] {processor.py:914} INFO - Processing file /home/tedubuamo/project/venv/lib/python3.12/site-packages/airflow/example_dags/example_latest_only_with_trigger.py for tasks to queue
[2024-12-03T21:16:54.591+0700] {logging_mixin.py:190} INFO - [2024-12-03T21:16:54.591+0700] {dagbag.py:588} INFO - Filling up the DagBag from /home/tedubuamo/project/venv/lib/python3.12/site-packages/airflow/example_dags/example_latest_only_with_trigger.py
[2024-12-03T21:16:54.597+0700] {processor.py:925} INFO - DAG(s) 'latest_only_with_trigger' retrieved from /home/tedubuamo/project/venv/lib/python3.12/site-packages/airflow/example_dags/example_latest_only_with_trigger.py
[2024-12-03T21:16:54.607+0700] {logging_mixin.py:190} INFO - [2024-12-03T21:16:54.607+0700] {dag.py:3239} INFO - Sync 1 DAGs
[2024-12-03T21:16:54.621+0700] {logging_mixin.py:190} INFO - [2024-12-03T21:16:54.621+0700] {dag.py:4180} INFO - Setting next_dagrun for latest_only_with_trigger to 2024-12-03 08:00:00+00:00, run_after=2024-12-03 12:00:00+00:00
[2024-12-03T21:16:54.637+0700] {processor.py:208} INFO - Processing /home/tedubuamo/project/venv/lib/python3.12/site-packages/airflow/example_dags/example_latest_only_with_trigger.py took 0.053 seconds
[2024-12-03T21:17:18.502+0700] {processor.py:186} INFO - Started process (PID=3711) to work on /home/tedubuamo/project/venv/lib/python3.12/site-packages/airflow/example_dags/example_latest_only_with_trigger.py
[2024-12-03T21:17:18.503+0700] {processor.py:914} INFO - Processing file /home/tedubuamo/project/venv/lib/python3.12/site-packages/airflow/example_dags/example_latest_only_with_trigger.py for tasks to queue
[2024-12-03T21:17:18.504+0700] {logging_mixin.py:190} INFO - [2024-12-03T21:17:18.504+0700] {dagbag.py:588} INFO - Filling up the DagBag from /home/tedubuamo/project/venv/lib/python3.12/site-packages/airflow/example_dags/example_latest_only_with_trigger.py
[2024-12-03T21:17:18.511+0700] {processor.py:925} INFO - DAG(s) 'latest_only_with_trigger' retrieved from /home/tedubuamo/project/venv/lib/python3.12/site-packages/airflow/example_dags/example_latest_only_with_trigger.py
[2024-12-03T21:17:18.522+0700] {logging_mixin.py:190} INFO - [2024-12-03T21:17:18.522+0700] {dag.py:3239} INFO - Sync 1 DAGs
[2024-12-03T21:17:18.535+0700] {logging_mixin.py:190} INFO - [2024-12-03T21:17:18.535+0700] {dag.py:4180} INFO - Setting next_dagrun for latest_only_with_trigger to 2024-12-03 08:00:00+00:00, run_after=2024-12-03 12:00:00+00:00
[2024-12-03T21:17:18.552+0700] {processor.py:208} INFO - Processing /home/tedubuamo/project/venv/lib/python3.12/site-packages/airflow/example_dags/example_latest_only_with_trigger.py took 0.054 seconds
[2024-12-03T21:18:10.775+0700] {processor.py:186} INFO - Started process (PID=3835) to work on /home/tedubuamo/project/venv/lib/python3.12/site-packages/airflow/example_dags/example_latest_only_with_trigger.py
[2024-12-03T21:18:10.777+0700] {processor.py:914} INFO - Processing file /home/tedubuamo/project/venv/lib/python3.12/site-packages/airflow/example_dags/example_latest_only_with_trigger.py for tasks to queue
[2024-12-03T21:18:10.780+0700] {logging_mixin.py:190} INFO - [2024-12-03T21:18:10.779+0700] {dagbag.py:588} INFO - Filling up the DagBag from /home/tedubuamo/project/venv/lib/python3.12/site-packages/airflow/example_dags/example_latest_only_with_trigger.py
[2024-12-03T21:18:10.788+0700] {processor.py:925} INFO - DAG(s) 'latest_only_with_trigger' retrieved from /home/tedubuamo/project/venv/lib/python3.12/site-packages/airflow/example_dags/example_latest_only_with_trigger.py
[2024-12-03T21:18:10.803+0700] {logging_mixin.py:190} INFO - [2024-12-03T21:18:10.802+0700] {dag.py:3239} INFO - Sync 1 DAGs
[2024-12-03T21:18:10.820+0700] {logging_mixin.py:190} INFO - [2024-12-03T21:18:10.820+0700] {dag.py:4180} INFO - Setting next_dagrun for latest_only_with_trigger to 2024-12-03 08:00:00+00:00, run_after=2024-12-03 12:00:00+00:00
[2024-12-03T21:18:10.872+0700] {processor.py:208} INFO - Processing /home/tedubuamo/project/venv/lib/python3.12/site-packages/airflow/example_dags/example_latest_only_with_trigger.py took 0.102 seconds
[2024-12-03T21:19:36.192+0700] {processor.py:186} INFO - Started process (PID=3976) to work on /home/tedubuamo/project/venv/lib/python3.12/site-packages/airflow/example_dags/example_latest_only_with_trigger.py
[2024-12-03T21:19:36.195+0700] {processor.py:914} INFO - Processing file /home/tedubuamo/project/venv/lib/python3.12/site-packages/airflow/example_dags/example_latest_only_with_trigger.py for tasks to queue
[2024-12-03T21:19:36.197+0700] {logging_mixin.py:190} INFO - [2024-12-03T21:19:36.197+0700] {dagbag.py:588} INFO - Filling up the DagBag from /home/tedubuamo/project/venv/lib/python3.12/site-packages/airflow/example_dags/example_latest_only_with_trigger.py
[2024-12-03T21:19:36.202+0700] {processor.py:925} INFO - DAG(s) 'latest_only_with_trigger' retrieved from /home/tedubuamo/project/venv/lib/python3.12/site-packages/airflow/example_dags/example_latest_only_with_trigger.py
[2024-12-03T21:19:36.268+0700] {logging_mixin.py:190} INFO - [2024-12-03T21:19:36.268+0700] {dag.py:3239} INFO - Sync 1 DAGs
[2024-12-03T21:19:36.281+0700] {logging_mixin.py:190} INFO - [2024-12-03T21:19:36.280+0700] {dag.py:4180} INFO - Setting next_dagrun for latest_only_with_trigger to 2024-12-03 08:00:00+00:00, run_after=2024-12-03 12:00:00+00:00
[2024-12-03T21:19:36.297+0700] {processor.py:208} INFO - Processing /home/tedubuamo/project/venv/lib/python3.12/site-packages/airflow/example_dags/example_latest_only_with_trigger.py took 0.109 seconds
[2024-12-03T21:20:42.042+0700] {processor.py:186} INFO - Started process (PID=4082) to work on /home/tedubuamo/project/venv/lib/python3.12/site-packages/airflow/example_dags/example_latest_only_with_trigger.py
[2024-12-03T21:20:42.043+0700] {processor.py:914} INFO - Processing file /home/tedubuamo/project/venv/lib/python3.12/site-packages/airflow/example_dags/example_latest_only_with_trigger.py for tasks to queue
[2024-12-03T21:20:42.045+0700] {logging_mixin.py:190} INFO - [2024-12-03T21:20:42.044+0700] {dagbag.py:588} INFO - Filling up the DagBag from /home/tedubuamo/project/venv/lib/python3.12/site-packages/airflow/example_dags/example_latest_only_with_trigger.py
[2024-12-03T21:20:42.055+0700] {processor.py:925} INFO - DAG(s) 'latest_only_with_trigger' retrieved from /home/tedubuamo/project/venv/lib/python3.12/site-packages/airflow/example_dags/example_latest_only_with_trigger.py
[2024-12-03T21:20:42.071+0700] {logging_mixin.py:190} INFO - [2024-12-03T21:20:42.071+0700] {dag.py:3239} INFO - Sync 1 DAGs
[2024-12-03T21:20:42.100+0700] {logging_mixin.py:190} INFO - [2024-12-03T21:20:42.099+0700] {dag.py:4180} INFO - Setting next_dagrun for latest_only_with_trigger to 2024-12-03 08:00:00+00:00, run_after=2024-12-03 12:00:00+00:00
[2024-12-03T21:20:42.123+0700] {processor.py:208} INFO - Processing /home/tedubuamo/project/venv/lib/python3.12/site-packages/airflow/example_dags/example_latest_only_with_trigger.py took 0.086 seconds
[2024-12-03T21:21:43.358+0700] {processor.py:186} INFO - Started process (PID=4151) to work on /home/tedubuamo/project/venv/lib/python3.12/site-packages/airflow/example_dags/example_latest_only_with_trigger.py
[2024-12-03T21:21:43.360+0700] {processor.py:914} INFO - Processing file /home/tedubuamo/project/venv/lib/python3.12/site-packages/airflow/example_dags/example_latest_only_with_trigger.py for tasks to queue
[2024-12-03T21:21:43.363+0700] {logging_mixin.py:190} INFO - [2024-12-03T21:21:43.362+0700] {dagbag.py:588} INFO - Filling up the DagBag from /home/tedubuamo/project/venv/lib/python3.12/site-packages/airflow/example_dags/example_latest_only_with_trigger.py
[2024-12-03T21:21:43.371+0700] {processor.py:925} INFO - DAG(s) 'latest_only_with_trigger' retrieved from /home/tedubuamo/project/venv/lib/python3.12/site-packages/airflow/example_dags/example_latest_only_with_trigger.py
[2024-12-03T21:21:43.388+0700] {logging_mixin.py:190} INFO - [2024-12-03T21:21:43.388+0700] {dag.py:3239} INFO - Sync 1 DAGs
[2024-12-03T21:21:43.407+0700] {logging_mixin.py:190} INFO - [2024-12-03T21:21:43.406+0700] {dag.py:4180} INFO - Setting next_dagrun for latest_only_with_trigger to 2024-12-03 08:00:00+00:00, run_after=2024-12-03 12:00:00+00:00
[2024-12-03T21:21:43.432+0700] {processor.py:208} INFO - Processing /home/tedubuamo/project/venv/lib/python3.12/site-packages/airflow/example_dags/example_latest_only_with_trigger.py took 0.079 seconds
[2024-12-03T21:22:36.645+0700] {processor.py:186} INFO - Started process (PID=4242) to work on /home/tedubuamo/project/venv/lib/python3.12/site-packages/airflow/example_dags/example_latest_only_with_trigger.py
[2024-12-03T21:22:36.646+0700] {processor.py:914} INFO - Processing file /home/tedubuamo/project/venv/lib/python3.12/site-packages/airflow/example_dags/example_latest_only_with_trigger.py for tasks to queue
[2024-12-03T21:22:36.650+0700] {logging_mixin.py:190} INFO - [2024-12-03T21:22:36.649+0700] {dagbag.py:588} INFO - Filling up the DagBag from /home/tedubuamo/project/venv/lib/python3.12/site-packages/airflow/example_dags/example_latest_only_with_trigger.py
[2024-12-03T21:22:36.667+0700] {processor.py:925} INFO - DAG(s) 'latest_only_with_trigger' retrieved from /home/tedubuamo/project/venv/lib/python3.12/site-packages/airflow/example_dags/example_latest_only_with_trigger.py
[2024-12-03T21:22:36.704+0700] {logging_mixin.py:190} INFO - [2024-12-03T21:22:36.704+0700] {dag.py:3239} INFO - Sync 1 DAGs
[2024-12-03T21:22:36.735+0700] {logging_mixin.py:190} INFO - [2024-12-03T21:22:36.734+0700] {dag.py:4180} INFO - Setting next_dagrun for latest_only_with_trigger to 2024-12-03 08:00:00+00:00, run_after=2024-12-03 12:00:00+00:00
[2024-12-03T21:22:36.763+0700] {processor.py:208} INFO - Processing /home/tedubuamo/project/venv/lib/python3.12/site-packages/airflow/example_dags/example_latest_only_with_trigger.py took 0.125 seconds
[2024-12-03T21:23:33.182+0700] {processor.py:186} INFO - Started process (PID=4300) to work on /home/tedubuamo/project/venv/lib/python3.12/site-packages/airflow/example_dags/example_latest_only_with_trigger.py
[2024-12-03T21:23:33.183+0700] {processor.py:914} INFO - Processing file /home/tedubuamo/project/venv/lib/python3.12/site-packages/airflow/example_dags/example_latest_only_with_trigger.py for tasks to queue
[2024-12-03T21:23:33.185+0700] {logging_mixin.py:190} INFO - [2024-12-03T21:23:33.185+0700] {dagbag.py:588} INFO - Filling up the DagBag from /home/tedubuamo/project/venv/lib/python3.12/site-packages/airflow/example_dags/example_latest_only_with_trigger.py
[2024-12-03T21:23:33.192+0700] {processor.py:925} INFO - DAG(s) 'latest_only_with_trigger' retrieved from /home/tedubuamo/project/venv/lib/python3.12/site-packages/airflow/example_dags/example_latest_only_with_trigger.py
[2024-12-03T21:23:33.205+0700] {logging_mixin.py:190} INFO - [2024-12-03T21:23:33.205+0700] {dag.py:3239} INFO - Sync 1 DAGs
[2024-12-03T21:23:33.220+0700] {logging_mixin.py:190} INFO - [2024-12-03T21:23:33.220+0700] {dag.py:4180} INFO - Setting next_dagrun for latest_only_with_trigger to 2024-12-03 08:00:00+00:00, run_after=2024-12-03 12:00:00+00:00
[2024-12-03T21:23:33.238+0700] {processor.py:208} INFO - Processing /home/tedubuamo/project/venv/lib/python3.12/site-packages/airflow/example_dags/example_latest_only_with_trigger.py took 0.061 seconds
[2024-12-03T21:24:50.349+0700] {processor.py:186} INFO - Started process (PID=4403) to work on /home/tedubuamo/project/venv/lib/python3.12/site-packages/airflow/example_dags/example_latest_only_with_trigger.py
[2024-12-03T21:24:50.350+0700] {processor.py:914} INFO - Processing file /home/tedubuamo/project/venv/lib/python3.12/site-packages/airflow/example_dags/example_latest_only_with_trigger.py for tasks to queue
[2024-12-03T21:24:50.352+0700] {logging_mixin.py:190} INFO - [2024-12-03T21:24:50.351+0700] {dagbag.py:588} INFO - Filling up the DagBag from /home/tedubuamo/project/venv/lib/python3.12/site-packages/airflow/example_dags/example_latest_only_with_trigger.py
[2024-12-03T21:24:50.358+0700] {processor.py:925} INFO - DAG(s) 'latest_only_with_trigger' retrieved from /home/tedubuamo/project/venv/lib/python3.12/site-packages/airflow/example_dags/example_latest_only_with_trigger.py
[2024-12-03T21:24:50.371+0700] {logging_mixin.py:190} INFO - [2024-12-03T21:24:50.370+0700] {dag.py:3239} INFO - Sync 1 DAGs
[2024-12-03T21:24:50.385+0700] {logging_mixin.py:190} INFO - [2024-12-03T21:24:50.385+0700] {dag.py:4180} INFO - Setting next_dagrun for latest_only_with_trigger to 2024-12-03 08:00:00+00:00, run_after=2024-12-03 12:00:00+00:00
[2024-12-03T21:24:50.404+0700] {processor.py:208} INFO - Processing /home/tedubuamo/project/venv/lib/python3.12/site-packages/airflow/example_dags/example_latest_only_with_trigger.py took 0.059 seconds
[2024-12-03T21:25:50.743+0700] {processor.py:186} INFO - Started process (PID=4489) to work on /home/tedubuamo/project/venv/lib/python3.12/site-packages/airflow/example_dags/example_latest_only_with_trigger.py
[2024-12-03T21:25:50.747+0700] {processor.py:914} INFO - Processing file /home/tedubuamo/project/venv/lib/python3.12/site-packages/airflow/example_dags/example_latest_only_with_trigger.py for tasks to queue
[2024-12-03T21:25:50.750+0700] {logging_mixin.py:190} INFO - [2024-12-03T21:25:50.749+0700] {dagbag.py:588} INFO - Filling up the DagBag from /home/tedubuamo/project/venv/lib/python3.12/site-packages/airflow/example_dags/example_latest_only_with_trigger.py
[2024-12-03T21:25:50.760+0700] {processor.py:925} INFO - DAG(s) 'latest_only_with_trigger' retrieved from /home/tedubuamo/project/venv/lib/python3.12/site-packages/airflow/example_dags/example_latest_only_with_trigger.py
[2024-12-03T21:25:50.776+0700] {logging_mixin.py:190} INFO - [2024-12-03T21:25:50.775+0700] {dag.py:3239} INFO - Sync 1 DAGs
[2024-12-03T21:25:50.795+0700] {logging_mixin.py:190} INFO - [2024-12-03T21:25:50.795+0700] {dag.py:4180} INFO - Setting next_dagrun for latest_only_with_trigger to 2024-12-03 08:00:00+00:00, run_after=2024-12-03 12:00:00+00:00
[2024-12-03T21:25:50.819+0700] {processor.py:208} INFO - Processing /home/tedubuamo/project/venv/lib/python3.12/site-packages/airflow/example_dags/example_latest_only_with_trigger.py took 0.082 seconds
[2024-12-03T21:26:47.433+0700] {processor.py:186} INFO - Started process (PID=4550) to work on /home/tedubuamo/project/venv/lib/python3.12/site-packages/airflow/example_dags/example_latest_only_with_trigger.py
[2024-12-03T21:26:47.436+0700] {processor.py:914} INFO - Processing file /home/tedubuamo/project/venv/lib/python3.12/site-packages/airflow/example_dags/example_latest_only_with_trigger.py for tasks to queue
[2024-12-03T21:26:47.438+0700] {logging_mixin.py:190} INFO - [2024-12-03T21:26:47.438+0700] {dagbag.py:588} INFO - Filling up the DagBag from /home/tedubuamo/project/venv/lib/python3.12/site-packages/airflow/example_dags/example_latest_only_with_trigger.py
[2024-12-03T21:26:47.444+0700] {processor.py:925} INFO - DAG(s) 'latest_only_with_trigger' retrieved from /home/tedubuamo/project/venv/lib/python3.12/site-packages/airflow/example_dags/example_latest_only_with_trigger.py
[2024-12-03T21:26:47.457+0700] {logging_mixin.py:190} INFO - [2024-12-03T21:26:47.456+0700] {dag.py:3239} INFO - Sync 1 DAGs
[2024-12-03T21:26:47.472+0700] {logging_mixin.py:190} INFO - [2024-12-03T21:26:47.472+0700] {dag.py:4180} INFO - Setting next_dagrun for latest_only_with_trigger to 2024-12-03 08:00:00+00:00, run_after=2024-12-03 12:00:00+00:00
[2024-12-03T21:26:47.493+0700] {processor.py:208} INFO - Processing /home/tedubuamo/project/venv/lib/python3.12/site-packages/airflow/example_dags/example_latest_only_with_trigger.py took 0.064 seconds
[2024-12-03T21:28:08.118+0700] {processor.py:186} INFO - Started process (PID=4650) to work on /home/tedubuamo/project/venv/lib/python3.12/site-packages/airflow/example_dags/example_latest_only_with_trigger.py
[2024-12-03T21:28:08.122+0700] {processor.py:914} INFO - Processing file /home/tedubuamo/project/venv/lib/python3.12/site-packages/airflow/example_dags/example_latest_only_with_trigger.py for tasks to queue
[2024-12-03T21:28:08.124+0700] {logging_mixin.py:190} INFO - [2024-12-03T21:28:08.123+0700] {dagbag.py:588} INFO - Filling up the DagBag from /home/tedubuamo/project/venv/lib/python3.12/site-packages/airflow/example_dags/example_latest_only_with_trigger.py
[2024-12-03T21:28:08.130+0700] {processor.py:925} INFO - DAG(s) 'latest_only_with_trigger' retrieved from /home/tedubuamo/project/venv/lib/python3.12/site-packages/airflow/example_dags/example_latest_only_with_trigger.py
[2024-12-03T21:28:08.143+0700] {logging_mixin.py:190} INFO - [2024-12-03T21:28:08.143+0700] {dag.py:3239} INFO - Sync 1 DAGs
[2024-12-03T21:28:08.159+0700] {logging_mixin.py:190} INFO - [2024-12-03T21:28:08.158+0700] {dag.py:4180} INFO - Setting next_dagrun for latest_only_with_trigger to 2024-12-03 08:00:00+00:00, run_after=2024-12-03 12:00:00+00:00
[2024-12-03T21:28:08.177+0700] {processor.py:208} INFO - Processing /home/tedubuamo/project/venv/lib/python3.12/site-packages/airflow/example_dags/example_latest_only_with_trigger.py took 0.062 seconds
[2024-12-03T21:29:28.625+0700] {processor.py:186} INFO - Started process (PID=4817) to work on /home/tedubuamo/project/venv/lib/python3.12/site-packages/airflow/example_dags/example_latest_only_with_trigger.py
[2024-12-03T21:29:28.626+0700] {processor.py:914} INFO - Processing file /home/tedubuamo/project/venv/lib/python3.12/site-packages/airflow/example_dags/example_latest_only_with_trigger.py for tasks to queue
[2024-12-03T21:29:28.627+0700] {logging_mixin.py:190} INFO - [2024-12-03T21:29:28.627+0700] {dagbag.py:588} INFO - Filling up the DagBag from /home/tedubuamo/project/venv/lib/python3.12/site-packages/airflow/example_dags/example_latest_only_with_trigger.py
[2024-12-03T21:29:28.635+0700] {processor.py:925} INFO - DAG(s) 'latest_only_with_trigger' retrieved from /home/tedubuamo/project/venv/lib/python3.12/site-packages/airflow/example_dags/example_latest_only_with_trigger.py
[2024-12-03T21:29:28.649+0700] {logging_mixin.py:190} INFO - [2024-12-03T21:29:28.649+0700] {dag.py:3239} INFO - Sync 1 DAGs
[2024-12-03T21:29:28.665+0700] {logging_mixin.py:190} INFO - [2024-12-03T21:29:28.665+0700] {dag.py:4180} INFO - Setting next_dagrun for latest_only_with_trigger to 2024-12-03 08:00:00+00:00, run_after=2024-12-03 12:00:00+00:00
[2024-12-03T21:29:28.688+0700] {processor.py:208} INFO - Processing /home/tedubuamo/project/venv/lib/python3.12/site-packages/airflow/example_dags/example_latest_only_with_trigger.py took 0.067 seconds
[2024-12-03T21:30:49.657+0700] {processor.py:186} INFO - Started process (PID=4904) to work on /home/tedubuamo/project/venv/lib/python3.12/site-packages/airflow/example_dags/example_latest_only_with_trigger.py
[2024-12-03T21:30:49.659+0700] {processor.py:914} INFO - Processing file /home/tedubuamo/project/venv/lib/python3.12/site-packages/airflow/example_dags/example_latest_only_with_trigger.py for tasks to queue
[2024-12-03T21:30:49.660+0700] {logging_mixin.py:190} INFO - [2024-12-03T21:30:49.660+0700] {dagbag.py:588} INFO - Filling up the DagBag from /home/tedubuamo/project/venv/lib/python3.12/site-packages/airflow/example_dags/example_latest_only_with_trigger.py
[2024-12-03T21:30:49.666+0700] {processor.py:925} INFO - DAG(s) 'latest_only_with_trigger' retrieved from /home/tedubuamo/project/venv/lib/python3.12/site-packages/airflow/example_dags/example_latest_only_with_trigger.py
[2024-12-03T21:30:49.676+0700] {logging_mixin.py:190} INFO - [2024-12-03T21:30:49.676+0700] {dag.py:3239} INFO - Sync 1 DAGs
[2024-12-03T21:30:49.691+0700] {logging_mixin.py:190} INFO - [2024-12-03T21:30:49.691+0700] {dag.py:4180} INFO - Setting next_dagrun for latest_only_with_trigger to 2024-12-03 08:00:00+00:00, run_after=2024-12-03 12:00:00+00:00
[2024-12-03T21:30:49.708+0700] {processor.py:208} INFO - Processing /home/tedubuamo/project/venv/lib/python3.12/site-packages/airflow/example_dags/example_latest_only_with_trigger.py took 0.055 seconds
