[2024-12-03T20:57:50.038+0700] {processor.py:186} INFO - Started process (PID=1644) to work on /home/tedubuamo/project/venv/lib/python3.12/site-packages/airflow/example_dags/example_branch_labels.py
[2024-12-03T20:57:50.040+0700] {processor.py:914} INFO - Processing file /home/tedubuamo/project/venv/lib/python3.12/site-packages/airflow/example_dags/example_branch_labels.py for tasks to queue
[2024-12-03T20:57:50.042+0700] {logging_mixin.py:190} INFO - [2024-12-03T20:57:50.042+0700] {dagbag.py:588} INFO - Filling up the DagBag from /home/tedubuamo/project/venv/lib/python3.12/site-packages/airflow/example_dags/example_branch_labels.py
[2024-12-03T20:57:50.055+0700] {processor.py:925} INFO - DAG(s) 'example_branch_labels' retrieved from /home/tedubuamo/project/venv/lib/python3.12/site-packages/airflow/example_dags/example_branch_labels.py
[2024-12-03T20:57:50.167+0700] {logging_mixin.py:190} INFO - [2024-12-03T20:57:50.167+0700] {dag.py:3239} INFO - Sync 1 DAGs
[2024-12-03T20:57:50.203+0700] {logging_mixin.py:190} INFO - [2024-12-03T20:57:50.202+0700] {dag.py:4180} INFO - Setting next_dagrun for example_branch_labels to 2024-12-02 00:00:00+00:00, run_after=2024-12-03 00:00:00+00:00
[2024-12-03T20:57:50.242+0700] {processor.py:208} INFO - Processing /home/tedubuamo/project/venv/lib/python3.12/site-packages/airflow/example_dags/example_branch_labels.py took 0.215 seconds
[2024-12-03T20:58:47.971+0700] {processor.py:186} INFO - Started process (PID=1701) to work on /home/tedubuamo/project/venv/lib/python3.12/site-packages/airflow/example_dags/example_branch_labels.py
[2024-12-03T20:58:47.975+0700] {processor.py:914} INFO - Processing file /home/tedubuamo/project/venv/lib/python3.12/site-packages/airflow/example_dags/example_branch_labels.py for tasks to queue
[2024-12-03T20:58:47.976+0700] {logging_mixin.py:190} INFO - [2024-12-03T20:58:47.976+0700] {dagbag.py:588} INFO - Filling up the DagBag from /home/tedubuamo/project/venv/lib/python3.12/site-packages/airflow/example_dags/example_branch_labels.py
[2024-12-03T20:58:47.984+0700] {processor.py:925} INFO - DAG(s) 'example_branch_labels' retrieved from /home/tedubuamo/project/venv/lib/python3.12/site-packages/airflow/example_dags/example_branch_labels.py
[2024-12-03T20:58:47.994+0700] {logging_mixin.py:190} INFO - [2024-12-03T20:58:47.994+0700] {dag.py:3239} INFO - Sync 1 DAGs
[2024-12-03T20:58:48.007+0700] {logging_mixin.py:190} INFO - [2024-12-03T20:58:48.006+0700] {dag.py:4180} INFO - Setting next_dagrun for example_branch_labels to 2024-12-02 00:00:00+00:00, run_after=2024-12-03 00:00:00+00:00
[2024-12-03T20:58:48.024+0700] {processor.py:208} INFO - Processing /home/tedubuamo/project/venv/lib/python3.12/site-packages/airflow/example_dags/example_branch_labels.py took 0.057 seconds
[2024-12-03T20:59:42.225+0700] {processor.py:186} INFO - Started process (PID=1758) to work on /home/tedubuamo/project/venv/lib/python3.12/site-packages/airflow/example_dags/example_branch_labels.py
[2024-12-03T20:59:42.226+0700] {processor.py:914} INFO - Processing file /home/tedubuamo/project/venv/lib/python3.12/site-packages/airflow/example_dags/example_branch_labels.py for tasks to queue
[2024-12-03T20:59:42.228+0700] {logging_mixin.py:190} INFO - [2024-12-03T20:59:42.227+0700] {dagbag.py:588} INFO - Filling up the DagBag from /home/tedubuamo/project/venv/lib/python3.12/site-packages/airflow/example_dags/example_branch_labels.py
[2024-12-03T20:59:42.236+0700] {processor.py:925} INFO - DAG(s) 'example_branch_labels' retrieved from /home/tedubuamo/project/venv/lib/python3.12/site-packages/airflow/example_dags/example_branch_labels.py
[2024-12-03T20:59:42.249+0700] {logging_mixin.py:190} INFO - [2024-12-03T20:59:42.248+0700] {dag.py:3239} INFO - Sync 1 DAGs
[2024-12-03T20:59:42.265+0700] {logging_mixin.py:190} INFO - [2024-12-03T20:59:42.264+0700] {dag.py:4180} INFO - Setting next_dagrun for example_branch_labels to 2024-12-02 00:00:00+00:00, run_after=2024-12-03 00:00:00+00:00
[2024-12-03T20:59:42.282+0700] {processor.py:208} INFO - Processing /home/tedubuamo/project/venv/lib/python3.12/site-packages/airflow/example_dags/example_branch_labels.py took 0.061 seconds
[2024-12-03T21:00:35.365+0700] {processor.py:186} INFO - Started process (PID=1813) to work on /home/tedubuamo/project/venv/lib/python3.12/site-packages/airflow/example_dags/example_branch_labels.py
[2024-12-03T21:00:35.366+0700] {processor.py:914} INFO - Processing file /home/tedubuamo/project/venv/lib/python3.12/site-packages/airflow/example_dags/example_branch_labels.py for tasks to queue
[2024-12-03T21:00:35.368+0700] {logging_mixin.py:190} INFO - [2024-12-03T21:00:35.368+0700] {dagbag.py:588} INFO - Filling up the DagBag from /home/tedubuamo/project/venv/lib/python3.12/site-packages/airflow/example_dags/example_branch_labels.py
[2024-12-03T21:00:35.375+0700] {processor.py:925} INFO - DAG(s) 'example_branch_labels' retrieved from /home/tedubuamo/project/venv/lib/python3.12/site-packages/airflow/example_dags/example_branch_labels.py
[2024-12-03T21:00:35.386+0700] {logging_mixin.py:190} INFO - [2024-12-03T21:00:35.386+0700] {dag.py:3239} INFO - Sync 1 DAGs
[2024-12-03T21:00:35.400+0700] {logging_mixin.py:190} INFO - [2024-12-03T21:00:35.400+0700] {dag.py:4180} INFO - Setting next_dagrun for example_branch_labels to 2024-12-02 00:00:00+00:00, run_after=2024-12-03 00:00:00+00:00
[2024-12-03T21:00:35.421+0700] {processor.py:208} INFO - Processing /home/tedubuamo/project/venv/lib/python3.12/site-packages/airflow/example_dags/example_branch_labels.py took 0.059 seconds
[2024-12-03T21:05:17.364+0700] {processor.py:186} INFO - Started process (PID=2023) to work on /home/tedubuamo/project/venv/lib/python3.12/site-packages/airflow/example_dags/example_branch_labels.py
[2024-12-03T21:05:17.368+0700] {processor.py:914} INFO - Processing file /home/tedubuamo/project/venv/lib/python3.12/site-packages/airflow/example_dags/example_branch_labels.py for tasks to queue
[2024-12-03T21:05:17.370+0700] {logging_mixin.py:190} INFO - [2024-12-03T21:05:17.370+0700] {dagbag.py:588} INFO - Filling up the DagBag from /home/tedubuamo/project/venv/lib/python3.12/site-packages/airflow/example_dags/example_branch_labels.py
[2024-12-03T21:05:17.380+0700] {processor.py:925} INFO - DAG(s) 'example_branch_labels' retrieved from /home/tedubuamo/project/venv/lib/python3.12/site-packages/airflow/example_dags/example_branch_labels.py
[2024-12-03T21:05:17.395+0700] {logging_mixin.py:190} INFO - [2024-12-03T21:05:17.395+0700] {dag.py:3239} INFO - Sync 1 DAGs
[2024-12-03T21:05:17.411+0700] {logging_mixin.py:190} INFO - [2024-12-03T21:05:17.410+0700] {dag.py:4180} INFO - Setting next_dagrun for example_branch_labels to 2024-12-02 00:00:00+00:00, run_after=2024-12-03 00:00:00+00:00
[2024-12-03T21:05:17.435+0700] {processor.py:208} INFO - Processing /home/tedubuamo/project/venv/lib/python3.12/site-packages/airflow/example_dags/example_branch_labels.py took 0.076 seconds
[2024-12-03T21:06:11.679+0700] {processor.py:186} INFO - Started process (PID=2173) to work on /home/tedubuamo/project/venv/lib/python3.12/site-packages/airflow/example_dags/example_branch_labels.py
[2024-12-03T21:06:11.680+0700] {processor.py:914} INFO - Processing file /home/tedubuamo/project/venv/lib/python3.12/site-packages/airflow/example_dags/example_branch_labels.py for tasks to queue
[2024-12-03T21:06:11.682+0700] {logging_mixin.py:190} INFO - [2024-12-03T21:06:11.681+0700] {dagbag.py:588} INFO - Filling up the DagBag from /home/tedubuamo/project/venv/lib/python3.12/site-packages/airflow/example_dags/example_branch_labels.py
[2024-12-03T21:06:11.688+0700] {processor.py:925} INFO - DAG(s) 'example_branch_labels' retrieved from /home/tedubuamo/project/venv/lib/python3.12/site-packages/airflow/example_dags/example_branch_labels.py
[2024-12-03T21:06:11.699+0700] {logging_mixin.py:190} INFO - [2024-12-03T21:06:11.699+0700] {dag.py:3239} INFO - Sync 1 DAGs
[2024-12-03T21:06:11.713+0700] {logging_mixin.py:190} INFO - [2024-12-03T21:06:11.712+0700] {dag.py:4180} INFO - Setting next_dagrun for example_branch_labels to 2024-12-02 00:00:00+00:00, run_after=2024-12-03 00:00:00+00:00
[2024-12-03T21:06:11.730+0700] {processor.py:208} INFO - Processing /home/tedubuamo/project/venv/lib/python3.12/site-packages/airflow/example_dags/example_branch_labels.py took 0.054 seconds
[2024-12-03T21:06:13.447+0700] {processor.py:186} INFO - Started process (PID=2177) to work on /home/tedubuamo/project/venv/lib/python3.12/site-packages/airflow/example_dags/example_branch_labels.py
[2024-12-03T21:06:13.451+0700] {processor.py:914} INFO - Processing file /home/tedubuamo/project/venv/lib/python3.12/site-packages/airflow/example_dags/example_branch_labels.py for tasks to queue
[2024-12-03T21:06:13.452+0700] {logging_mixin.py:190} INFO - [2024-12-03T21:06:13.452+0700] {dagbag.py:588} INFO - Filling up the DagBag from /home/tedubuamo/project/venv/lib/python3.12/site-packages/airflow/example_dags/example_branch_labels.py
[2024-12-03T21:06:13.459+0700] {processor.py:925} INFO - DAG(s) 'example_branch_labels' retrieved from /home/tedubuamo/project/venv/lib/python3.12/site-packages/airflow/example_dags/example_branch_labels.py
[2024-12-03T21:06:13.471+0700] {logging_mixin.py:190} INFO - [2024-12-03T21:06:13.471+0700] {dag.py:3239} INFO - Sync 1 DAGs
[2024-12-03T21:06:13.485+0700] {logging_mixin.py:190} INFO - [2024-12-03T21:06:13.485+0700] {dag.py:4180} INFO - Setting next_dagrun for example_branch_labels to 2024-12-02 00:00:00+00:00, run_after=2024-12-03 00:00:00+00:00
[2024-12-03T21:06:13.501+0700] {processor.py:208} INFO - Processing /home/tedubuamo/project/venv/lib/python3.12/site-packages/airflow/example_dags/example_branch_labels.py took 0.058 seconds
[2024-12-03T21:07:08.513+0700] {processor.py:186} INFO - Started process (PID=2367) to work on /home/tedubuamo/project/venv/lib/python3.12/site-packages/airflow/example_dags/example_branch_labels.py
[2024-12-03T21:07:08.514+0700] {processor.py:914} INFO - Processing file /home/tedubuamo/project/venv/lib/python3.12/site-packages/airflow/example_dags/example_branch_labels.py for tasks to queue
[2024-12-03T21:07:08.516+0700] {logging_mixin.py:190} INFO - [2024-12-03T21:07:08.516+0700] {dagbag.py:588} INFO - Filling up the DagBag from /home/tedubuamo/project/venv/lib/python3.12/site-packages/airflow/example_dags/example_branch_labels.py
[2024-12-03T21:07:08.524+0700] {processor.py:925} INFO - DAG(s) 'example_branch_labels' retrieved from /home/tedubuamo/project/venv/lib/python3.12/site-packages/airflow/example_dags/example_branch_labels.py
[2024-12-03T21:07:08.536+0700] {logging_mixin.py:190} INFO - [2024-12-03T21:07:08.536+0700] {dag.py:3239} INFO - Sync 1 DAGs
[2024-12-03T21:07:08.552+0700] {logging_mixin.py:190} INFO - [2024-12-03T21:07:08.552+0700] {dag.py:4180} INFO - Setting next_dagrun for example_branch_labels to 2024-12-02 00:00:00+00:00, run_after=2024-12-03 00:00:00+00:00
[2024-12-03T21:07:08.580+0700] {processor.py:208} INFO - Processing /home/tedubuamo/project/venv/lib/python3.12/site-packages/airflow/example_dags/example_branch_labels.py took 0.072 seconds
[2024-12-03T21:07:08.708+0700] {processor.py:186} INFO - Started process (PID=2370) to work on /home/tedubuamo/project/venv/lib/python3.12/site-packages/airflow/example_dags/example_branch_labels.py
[2024-12-03T21:07:08.709+0700] {processor.py:914} INFO - Processing file /home/tedubuamo/project/venv/lib/python3.12/site-packages/airflow/example_dags/example_branch_labels.py for tasks to queue
[2024-12-03T21:07:08.710+0700] {logging_mixin.py:190} INFO - [2024-12-03T21:07:08.710+0700] {dagbag.py:588} INFO - Filling up the DagBag from /home/tedubuamo/project/venv/lib/python3.12/site-packages/airflow/example_dags/example_branch_labels.py
[2024-12-03T21:07:08.722+0700] {processor.py:925} INFO - DAG(s) 'example_branch_labels' retrieved from /home/tedubuamo/project/venv/lib/python3.12/site-packages/airflow/example_dags/example_branch_labels.py
[2024-12-03T21:07:08.738+0700] {logging_mixin.py:190} INFO - [2024-12-03T21:07:08.738+0700] {dag.py:3239} INFO - Sync 1 DAGs
[2024-12-03T21:07:08.759+0700] {logging_mixin.py:190} INFO - [2024-12-03T21:07:08.758+0700] {dag.py:4180} INFO - Setting next_dagrun for example_branch_labels to 2024-12-02 00:00:00+00:00, run_after=2024-12-03 00:00:00+00:00
[2024-12-03T21:07:08.787+0700] {processor.py:208} INFO - Processing /home/tedubuamo/project/venv/lib/python3.12/site-packages/airflow/example_dags/example_branch_labels.py took 0.084 seconds
[2024-12-03T21:08:00.240+0700] {processor.py:186} INFO - Started process (PID=2494) to work on /home/tedubuamo/project/venv/lib/python3.12/site-packages/airflow/example_dags/example_branch_labels.py
[2024-12-03T21:08:00.244+0700] {processor.py:914} INFO - Processing file /home/tedubuamo/project/venv/lib/python3.12/site-packages/airflow/example_dags/example_branch_labels.py for tasks to queue
[2024-12-03T21:08:00.245+0700] {logging_mixin.py:190} INFO - [2024-12-03T21:08:00.245+0700] {dagbag.py:588} INFO - Filling up the DagBag from /home/tedubuamo/project/venv/lib/python3.12/site-packages/airflow/example_dags/example_branch_labels.py
[2024-12-03T21:08:00.252+0700] {processor.py:925} INFO - DAG(s) 'example_branch_labels' retrieved from /home/tedubuamo/project/venv/lib/python3.12/site-packages/airflow/example_dags/example_branch_labels.py
[2024-12-03T21:08:00.263+0700] {logging_mixin.py:190} INFO - [2024-12-03T21:08:00.263+0700] {dag.py:3239} INFO - Sync 1 DAGs
[2024-12-03T21:08:00.277+0700] {logging_mixin.py:190} INFO - [2024-12-03T21:08:00.277+0700] {dag.py:4180} INFO - Setting next_dagrun for example_branch_labels to 2024-12-02 00:00:00+00:00, run_after=2024-12-03 00:00:00+00:00
[2024-12-03T21:08:00.294+0700] {processor.py:208} INFO - Processing /home/tedubuamo/project/venv/lib/python3.12/site-packages/airflow/example_dags/example_branch_labels.py took 0.058 seconds
[2024-12-03T21:08:01.902+0700] {processor.py:186} INFO - Started process (PID=2498) to work on /home/tedubuamo/project/venv/lib/python3.12/site-packages/airflow/example_dags/example_branch_labels.py
[2024-12-03T21:08:01.903+0700] {processor.py:914} INFO - Processing file /home/tedubuamo/project/venv/lib/python3.12/site-packages/airflow/example_dags/example_branch_labels.py for tasks to queue
[2024-12-03T21:08:01.904+0700] {logging_mixin.py:190} INFO - [2024-12-03T21:08:01.904+0700] {dagbag.py:588} INFO - Filling up the DagBag from /home/tedubuamo/project/venv/lib/python3.12/site-packages/airflow/example_dags/example_branch_labels.py
[2024-12-03T21:08:01.911+0700] {processor.py:925} INFO - DAG(s) 'example_branch_labels' retrieved from /home/tedubuamo/project/venv/lib/python3.12/site-packages/airflow/example_dags/example_branch_labels.py
[2024-12-03T21:08:01.921+0700] {logging_mixin.py:190} INFO - [2024-12-03T21:08:01.921+0700] {dag.py:3239} INFO - Sync 1 DAGs
[2024-12-03T21:08:01.946+0700] {logging_mixin.py:190} INFO - [2024-12-03T21:08:01.945+0700] {dag.py:4180} INFO - Setting next_dagrun for example_branch_labels to 2024-12-02 00:00:00+00:00, run_after=2024-12-03 00:00:00+00:00
[2024-12-03T21:08:01.965+0700] {processor.py:208} INFO - Processing /home/tedubuamo/project/venv/lib/python3.12/site-packages/airflow/example_dags/example_branch_labels.py took 0.067 seconds
[2024-12-03T21:08:53.746+0700] {processor.py:186} INFO - Started process (PID=2602) to work on /home/tedubuamo/project/venv/lib/python3.12/site-packages/airflow/example_dags/example_branch_labels.py
[2024-12-03T21:08:53.750+0700] {processor.py:914} INFO - Processing file /home/tedubuamo/project/venv/lib/python3.12/site-packages/airflow/example_dags/example_branch_labels.py for tasks to queue
[2024-12-03T21:08:53.752+0700] {logging_mixin.py:190} INFO - [2024-12-03T21:08:53.751+0700] {dagbag.py:588} INFO - Filling up the DagBag from /home/tedubuamo/project/venv/lib/python3.12/site-packages/airflow/example_dags/example_branch_labels.py
[2024-12-03T21:08:53.759+0700] {processor.py:925} INFO - DAG(s) 'example_branch_labels' retrieved from /home/tedubuamo/project/venv/lib/python3.12/site-packages/airflow/example_dags/example_branch_labels.py
[2024-12-03T21:08:53.769+0700] {logging_mixin.py:190} INFO - [2024-12-03T21:08:53.769+0700] {dag.py:3239} INFO - Sync 1 DAGs
[2024-12-03T21:08:53.783+0700] {logging_mixin.py:190} INFO - [2024-12-03T21:08:53.783+0700] {dag.py:4180} INFO - Setting next_dagrun for example_branch_labels to 2024-12-02 00:00:00+00:00, run_after=2024-12-03 00:00:00+00:00
[2024-12-03T21:08:53.800+0700] {processor.py:208} INFO - Processing /home/tedubuamo/project/venv/lib/python3.12/site-packages/airflow/example_dags/example_branch_labels.py took 0.058 seconds
[2024-12-03T21:08:53.989+0700] {processor.py:186} INFO - Started process (PID=2603) to work on /home/tedubuamo/project/venv/lib/python3.12/site-packages/airflow/example_dags/example_branch_labels.py
[2024-12-03T21:08:53.990+0700] {processor.py:914} INFO - Processing file /home/tedubuamo/project/venv/lib/python3.12/site-packages/airflow/example_dags/example_branch_labels.py for tasks to queue
[2024-12-03T21:08:53.992+0700] {logging_mixin.py:190} INFO - [2024-12-03T21:08:53.991+0700] {dagbag.py:588} INFO - Filling up the DagBag from /home/tedubuamo/project/venv/lib/python3.12/site-packages/airflow/example_dags/example_branch_labels.py
[2024-12-03T21:08:54.001+0700] {processor.py:925} INFO - DAG(s) 'example_branch_labels' retrieved from /home/tedubuamo/project/venv/lib/python3.12/site-packages/airflow/example_dags/example_branch_labels.py
[2024-12-03T21:08:54.017+0700] {logging_mixin.py:190} INFO - [2024-12-03T21:08:54.016+0700] {dag.py:3239} INFO - Sync 1 DAGs
[2024-12-03T21:08:54.037+0700] {logging_mixin.py:190} INFO - [2024-12-03T21:08:54.037+0700] {dag.py:4180} INFO - Setting next_dagrun for example_branch_labels to 2024-12-02 00:00:00+00:00, run_after=2024-12-03 00:00:00+00:00
[2024-12-03T21:08:54.062+0700] {processor.py:208} INFO - Processing /home/tedubuamo/project/venv/lib/python3.12/site-packages/airflow/example_dags/example_branch_labels.py took 0.079 seconds
[2024-12-03T21:09:43.636+0700] {processor.py:186} INFO - Started process (PID=2707) to work on /home/tedubuamo/project/venv/lib/python3.12/site-packages/airflow/example_dags/example_branch_labels.py
[2024-12-03T21:09:43.637+0700] {processor.py:914} INFO - Processing file /home/tedubuamo/project/venv/lib/python3.12/site-packages/airflow/example_dags/example_branch_labels.py for tasks to queue
[2024-12-03T21:09:43.640+0700] {logging_mixin.py:190} INFO - [2024-12-03T21:09:43.639+0700] {dagbag.py:588} INFO - Filling up the DagBag from /home/tedubuamo/project/venv/lib/python3.12/site-packages/airflow/example_dags/example_branch_labels.py
[2024-12-03T21:09:43.650+0700] {processor.py:925} INFO - DAG(s) 'example_branch_labels' retrieved from /home/tedubuamo/project/venv/lib/python3.12/site-packages/airflow/example_dags/example_branch_labels.py
[2024-12-03T21:09:43.666+0700] {logging_mixin.py:190} INFO - [2024-12-03T21:09:43.666+0700] {dag.py:3239} INFO - Sync 1 DAGs
[2024-12-03T21:09:43.681+0700] {logging_mixin.py:190} INFO - [2024-12-03T21:09:43.681+0700] {dag.py:4180} INFO - Setting next_dagrun for example_branch_labels to 2024-12-02 00:00:00+00:00, run_after=2024-12-03 00:00:00+00:00
[2024-12-03T21:09:43.700+0700] {processor.py:208} INFO - Processing /home/tedubuamo/project/venv/lib/python3.12/site-packages/airflow/example_dags/example_branch_labels.py took 0.070 seconds
[2024-12-03T21:09:45.419+0700] {processor.py:186} INFO - Started process (PID=2710) to work on /home/tedubuamo/project/venv/lib/python3.12/site-packages/airflow/example_dags/example_branch_labels.py
[2024-12-03T21:09:45.419+0700] {processor.py:914} INFO - Processing file /home/tedubuamo/project/venv/lib/python3.12/site-packages/airflow/example_dags/example_branch_labels.py for tasks to queue
[2024-12-03T21:09:45.421+0700] {logging_mixin.py:190} INFO - [2024-12-03T21:09:45.421+0700] {dagbag.py:588} INFO - Filling up the DagBag from /home/tedubuamo/project/venv/lib/python3.12/site-packages/airflow/example_dags/example_branch_labels.py
[2024-12-03T21:09:45.429+0700] {processor.py:925} INFO - DAG(s) 'example_branch_labels' retrieved from /home/tedubuamo/project/venv/lib/python3.12/site-packages/airflow/example_dags/example_branch_labels.py
[2024-12-03T21:09:45.440+0700] {logging_mixin.py:190} INFO - [2024-12-03T21:09:45.440+0700] {dag.py:3239} INFO - Sync 1 DAGs
[2024-12-03T21:09:45.471+0700] {logging_mixin.py:190} INFO - [2024-12-03T21:09:45.471+0700] {dag.py:4180} INFO - Setting next_dagrun for example_branch_labels to 2024-12-02 00:00:00+00:00, run_after=2024-12-03 00:00:00+00:00
[2024-12-03T21:09:45.497+0700] {processor.py:208} INFO - Processing /home/tedubuamo/project/venv/lib/python3.12/site-packages/airflow/example_dags/example_branch_labels.py took 0.082 seconds
[2024-12-03T21:10:37.587+0700] {processor.py:186} INFO - Started process (PID=2816) to work on /home/tedubuamo/project/venv/lib/python3.12/site-packages/airflow/example_dags/example_branch_labels.py
[2024-12-03T21:10:37.589+0700] {processor.py:914} INFO - Processing file /home/tedubuamo/project/venv/lib/python3.12/site-packages/airflow/example_dags/example_branch_labels.py for tasks to queue
[2024-12-03T21:10:37.592+0700] {logging_mixin.py:190} INFO - [2024-12-03T21:10:37.591+0700] {dagbag.py:588} INFO - Filling up the DagBag from /home/tedubuamo/project/venv/lib/python3.12/site-packages/airflow/example_dags/example_branch_labels.py
[2024-12-03T21:10:37.603+0700] {processor.py:925} INFO - DAG(s) 'example_branch_labels' retrieved from /home/tedubuamo/project/venv/lib/python3.12/site-packages/airflow/example_dags/example_branch_labels.py
[2024-12-03T21:10:37.616+0700] {logging_mixin.py:190} INFO - [2024-12-03T21:10:37.616+0700] {dag.py:3239} INFO - Sync 1 DAGs
[2024-12-03T21:10:37.636+0700] {logging_mixin.py:190} INFO - [2024-12-03T21:10:37.636+0700] {dag.py:4180} INFO - Setting next_dagrun for example_branch_labels to 2024-12-02 00:00:00+00:00, run_after=2024-12-03 00:00:00+00:00
[2024-12-03T21:10:37.654+0700] {processor.py:208} INFO - Processing /home/tedubuamo/project/venv/lib/python3.12/site-packages/airflow/example_dags/example_branch_labels.py took 0.072 seconds
[2024-12-03T21:10:37.972+0700] {processor.py:186} INFO - Started process (PID=2817) to work on /home/tedubuamo/project/venv/lib/python3.12/site-packages/airflow/example_dags/example_branch_labels.py
[2024-12-03T21:10:37.973+0700] {processor.py:914} INFO - Processing file /home/tedubuamo/project/venv/lib/python3.12/site-packages/airflow/example_dags/example_branch_labels.py for tasks to queue
[2024-12-03T21:10:37.976+0700] {logging_mixin.py:190} INFO - [2024-12-03T21:10:37.975+0700] {dagbag.py:588} INFO - Filling up the DagBag from /home/tedubuamo/project/venv/lib/python3.12/site-packages/airflow/example_dags/example_branch_labels.py
[2024-12-03T21:10:37.985+0700] {processor.py:925} INFO - DAG(s) 'example_branch_labels' retrieved from /home/tedubuamo/project/venv/lib/python3.12/site-packages/airflow/example_dags/example_branch_labels.py
[2024-12-03T21:10:38.001+0700] {logging_mixin.py:190} INFO - [2024-12-03T21:10:38.001+0700] {dag.py:3239} INFO - Sync 1 DAGs
[2024-12-03T21:10:38.022+0700] {logging_mixin.py:190} INFO - [2024-12-03T21:10:38.022+0700] {dag.py:4180} INFO - Setting next_dagrun for example_branch_labels to 2024-12-02 00:00:00+00:00, run_after=2024-12-03 00:00:00+00:00
[2024-12-03T21:10:38.045+0700] {processor.py:208} INFO - Processing /home/tedubuamo/project/venv/lib/python3.12/site-packages/airflow/example_dags/example_branch_labels.py took 0.076 seconds
[2024-12-03T21:11:30.257+0700] {processor.py:186} INFO - Started process (PID=2923) to work on /home/tedubuamo/project/venv/lib/python3.12/site-packages/airflow/example_dags/example_branch_labels.py
[2024-12-03T21:11:30.261+0700] {processor.py:914} INFO - Processing file /home/tedubuamo/project/venv/lib/python3.12/site-packages/airflow/example_dags/example_branch_labels.py for tasks to queue
[2024-12-03T21:11:30.262+0700] {logging_mixin.py:190} INFO - [2024-12-03T21:11:30.262+0700] {dagbag.py:588} INFO - Filling up the DagBag from /home/tedubuamo/project/venv/lib/python3.12/site-packages/airflow/example_dags/example_branch_labels.py
[2024-12-03T21:11:30.270+0700] {processor.py:925} INFO - DAG(s) 'example_branch_labels' retrieved from /home/tedubuamo/project/venv/lib/python3.12/site-packages/airflow/example_dags/example_branch_labels.py
[2024-12-03T21:11:30.280+0700] {logging_mixin.py:190} INFO - [2024-12-03T21:11:30.280+0700] {dag.py:3239} INFO - Sync 1 DAGs
[2024-12-03T21:11:30.297+0700] {logging_mixin.py:190} INFO - [2024-12-03T21:11:30.297+0700] {dag.py:4180} INFO - Setting next_dagrun for example_branch_labels to 2024-12-02 00:00:00+00:00, run_after=2024-12-03 00:00:00+00:00
[2024-12-03T21:11:30.317+0700] {processor.py:208} INFO - Processing /home/tedubuamo/project/venv/lib/python3.12/site-packages/airflow/example_dags/example_branch_labels.py took 0.065 seconds
[2024-12-03T21:11:31.380+0700] {processor.py:186} INFO - Started process (PID=2926) to work on /home/tedubuamo/project/venv/lib/python3.12/site-packages/airflow/example_dags/example_branch_labels.py
[2024-12-03T21:11:31.382+0700] {processor.py:914} INFO - Processing file /home/tedubuamo/project/venv/lib/python3.12/site-packages/airflow/example_dags/example_branch_labels.py for tasks to queue
[2024-12-03T21:11:31.384+0700] {logging_mixin.py:190} INFO - [2024-12-03T21:11:31.383+0700] {dagbag.py:588} INFO - Filling up the DagBag from /home/tedubuamo/project/venv/lib/python3.12/site-packages/airflow/example_dags/example_branch_labels.py
[2024-12-03T21:11:31.398+0700] {processor.py:925} INFO - DAG(s) 'example_branch_labels' retrieved from /home/tedubuamo/project/venv/lib/python3.12/site-packages/airflow/example_dags/example_branch_labels.py
[2024-12-03T21:11:31.413+0700] {logging_mixin.py:190} INFO - [2024-12-03T21:11:31.413+0700] {dag.py:3239} INFO - Sync 1 DAGs
[2024-12-03T21:11:31.444+0700] {logging_mixin.py:190} INFO - [2024-12-03T21:11:31.444+0700] {dag.py:4180} INFO - Setting next_dagrun for example_branch_labels to 2024-12-02 00:00:00+00:00, run_after=2024-12-03 00:00:00+00:00
[2024-12-03T21:11:31.469+0700] {processor.py:208} INFO - Processing /home/tedubuamo/project/venv/lib/python3.12/site-packages/airflow/example_dags/example_branch_labels.py took 0.093 seconds
[2024-12-03T21:12:20.902+0700] {processor.py:186} INFO - Started process (PID=3054) to work on /home/tedubuamo/project/venv/lib/python3.12/site-packages/airflow/example_dags/example_branch_labels.py
[2024-12-03T21:12:20.903+0700] {processor.py:914} INFO - Processing file /home/tedubuamo/project/venv/lib/python3.12/site-packages/airflow/example_dags/example_branch_labels.py for tasks to queue
[2024-12-03T21:12:20.905+0700] {logging_mixin.py:190} INFO - [2024-12-03T21:12:20.905+0700] {dagbag.py:588} INFO - Filling up the DagBag from /home/tedubuamo/project/venv/lib/python3.12/site-packages/airflow/example_dags/example_branch_labels.py
[2024-12-03T21:12:20.913+0700] {processor.py:925} INFO - DAG(s) 'example_branch_labels' retrieved from /home/tedubuamo/project/venv/lib/python3.12/site-packages/airflow/example_dags/example_branch_labels.py
[2024-12-03T21:12:20.924+0700] {logging_mixin.py:190} INFO - [2024-12-03T21:12:20.924+0700] {dag.py:3239} INFO - Sync 1 DAGs
[2024-12-03T21:12:20.939+0700] {logging_mixin.py:190} INFO - [2024-12-03T21:12:20.939+0700] {dag.py:4180} INFO - Setting next_dagrun for example_branch_labels to 2024-12-02 00:00:00+00:00, run_after=2024-12-03 00:00:00+00:00
[2024-12-03T21:12:20.958+0700] {processor.py:208} INFO - Processing /home/tedubuamo/project/venv/lib/python3.12/site-packages/airflow/example_dags/example_branch_labels.py took 0.060 seconds
[2024-12-03T21:12:25.840+0700] {processor.py:186} INFO - Started process (PID=3064) to work on /home/tedubuamo/project/venv/lib/python3.12/site-packages/airflow/example_dags/example_branch_labels.py
[2024-12-03T21:12:25.841+0700] {processor.py:914} INFO - Processing file /home/tedubuamo/project/venv/lib/python3.12/site-packages/airflow/example_dags/example_branch_labels.py for tasks to queue
[2024-12-03T21:12:25.842+0700] {logging_mixin.py:190} INFO - [2024-12-03T21:12:25.842+0700] {dagbag.py:588} INFO - Filling up the DagBag from /home/tedubuamo/project/venv/lib/python3.12/site-packages/airflow/example_dags/example_branch_labels.py
[2024-12-03T21:12:25.849+0700] {processor.py:925} INFO - DAG(s) 'example_branch_labels' retrieved from /home/tedubuamo/project/venv/lib/python3.12/site-packages/airflow/example_dags/example_branch_labels.py
[2024-12-03T21:12:25.860+0700] {logging_mixin.py:190} INFO - [2024-12-03T21:12:25.860+0700] {dag.py:3239} INFO - Sync 1 DAGs
[2024-12-03T21:12:25.874+0700] {logging_mixin.py:190} INFO - [2024-12-03T21:12:25.874+0700] {dag.py:4180} INFO - Setting next_dagrun for example_branch_labels to 2024-12-02 00:00:00+00:00, run_after=2024-12-03 00:00:00+00:00
[2024-12-03T21:12:25.891+0700] {processor.py:208} INFO - Processing /home/tedubuamo/project/venv/lib/python3.12/site-packages/airflow/example_dags/example_branch_labels.py took 0.055 seconds
[2024-12-03T21:13:11.216+0700] {processor.py:186} INFO - Started process (PID=3166) to work on /home/tedubuamo/project/venv/lib/python3.12/site-packages/airflow/example_dags/example_branch_labels.py
[2024-12-03T21:13:11.218+0700] {processor.py:914} INFO - Processing file /home/tedubuamo/project/venv/lib/python3.12/site-packages/airflow/example_dags/example_branch_labels.py for tasks to queue
[2024-12-03T21:13:11.219+0700] {logging_mixin.py:190} INFO - [2024-12-03T21:13:11.219+0700] {dagbag.py:588} INFO - Filling up the DagBag from /home/tedubuamo/project/venv/lib/python3.12/site-packages/airflow/example_dags/example_branch_labels.py
[2024-12-03T21:13:11.226+0700] {processor.py:925} INFO - DAG(s) 'example_branch_labels' retrieved from /home/tedubuamo/project/venv/lib/python3.12/site-packages/airflow/example_dags/example_branch_labels.py
[2024-12-03T21:13:11.237+0700] {logging_mixin.py:190} INFO - [2024-12-03T21:13:11.237+0700] {dag.py:3239} INFO - Sync 1 DAGs
[2024-12-03T21:13:11.251+0700] {logging_mixin.py:190} INFO - [2024-12-03T21:13:11.251+0700] {dag.py:4180} INFO - Setting next_dagrun for example_branch_labels to 2024-12-02 00:00:00+00:00, run_after=2024-12-03 00:00:00+00:00
[2024-12-03T21:13:11.268+0700] {processor.py:208} INFO - Processing /home/tedubuamo/project/venv/lib/python3.12/site-packages/airflow/example_dags/example_branch_labels.py took 0.055 seconds
[2024-12-03T21:13:19.955+0700] {processor.py:186} INFO - Started process (PID=3183) to work on /home/tedubuamo/project/venv/lib/python3.12/site-packages/airflow/example_dags/example_branch_labels.py
[2024-12-03T21:13:19.955+0700] {processor.py:914} INFO - Processing file /home/tedubuamo/project/venv/lib/python3.12/site-packages/airflow/example_dags/example_branch_labels.py for tasks to queue
[2024-12-03T21:13:19.957+0700] {logging_mixin.py:190} INFO - [2024-12-03T21:13:19.956+0700] {dagbag.py:588} INFO - Filling up the DagBag from /home/tedubuamo/project/venv/lib/python3.12/site-packages/airflow/example_dags/example_branch_labels.py
[2024-12-03T21:13:19.964+0700] {processor.py:925} INFO - DAG(s) 'example_branch_labels' retrieved from /home/tedubuamo/project/venv/lib/python3.12/site-packages/airflow/example_dags/example_branch_labels.py
[2024-12-03T21:13:19.975+0700] {logging_mixin.py:190} INFO - [2024-12-03T21:13:19.975+0700] {dag.py:3239} INFO - Sync 1 DAGs
[2024-12-03T21:13:19.989+0700] {logging_mixin.py:190} INFO - [2024-12-03T21:13:19.989+0700] {dag.py:4180} INFO - Setting next_dagrun for example_branch_labels to 2024-12-02 00:00:00+00:00, run_after=2024-12-03 00:00:00+00:00
[2024-12-03T21:13:20.004+0700] {processor.py:208} INFO - Processing /home/tedubuamo/project/venv/lib/python3.12/site-packages/airflow/example_dags/example_branch_labels.py took 0.054 seconds
[2024-12-03T21:14:02.622+0700] {processor.py:186} INFO - Started process (PID=3274) to work on /home/tedubuamo/project/venv/lib/python3.12/site-packages/airflow/example_dags/example_branch_labels.py
[2024-12-03T21:14:02.626+0700] {processor.py:914} INFO - Processing file /home/tedubuamo/project/venv/lib/python3.12/site-packages/airflow/example_dags/example_branch_labels.py for tasks to queue
[2024-12-03T21:14:02.628+0700] {logging_mixin.py:190} INFO - [2024-12-03T21:14:02.628+0700] {dagbag.py:588} INFO - Filling up the DagBag from /home/tedubuamo/project/venv/lib/python3.12/site-packages/airflow/example_dags/example_branch_labels.py
[2024-12-03T21:14:02.637+0700] {processor.py:925} INFO - DAG(s) 'example_branch_labels' retrieved from /home/tedubuamo/project/venv/lib/python3.12/site-packages/airflow/example_dags/example_branch_labels.py
[2024-12-03T21:14:02.652+0700] {logging_mixin.py:190} INFO - [2024-12-03T21:14:02.652+0700] {dag.py:3239} INFO - Sync 1 DAGs
[2024-12-03T21:14:02.672+0700] {logging_mixin.py:190} INFO - [2024-12-03T21:14:02.672+0700] {dag.py:4180} INFO - Setting next_dagrun for example_branch_labels to 2024-12-02 00:00:00+00:00, run_after=2024-12-03 00:00:00+00:00
[2024-12-03T21:14:02.699+0700] {processor.py:208} INFO - Processing /home/tedubuamo/project/venv/lib/python3.12/site-packages/airflow/example_dags/example_branch_labels.py took 0.082 seconds
[2024-12-03T21:14:11.543+0700] {processor.py:186} INFO - Started process (PID=3291) to work on /home/tedubuamo/project/venv/lib/python3.12/site-packages/airflow/example_dags/example_branch_labels.py
[2024-12-03T21:14:11.544+0700] {processor.py:914} INFO - Processing file /home/tedubuamo/project/venv/lib/python3.12/site-packages/airflow/example_dags/example_branch_labels.py for tasks to queue
[2024-12-03T21:14:11.547+0700] {logging_mixin.py:190} INFO - [2024-12-03T21:14:11.546+0700] {dagbag.py:588} INFO - Filling up the DagBag from /home/tedubuamo/project/venv/lib/python3.12/site-packages/airflow/example_dags/example_branch_labels.py
[2024-12-03T21:14:11.560+0700] {processor.py:925} INFO - DAG(s) 'example_branch_labels' retrieved from /home/tedubuamo/project/venv/lib/python3.12/site-packages/airflow/example_dags/example_branch_labels.py
[2024-12-03T21:14:11.580+0700] {logging_mixin.py:190} INFO - [2024-12-03T21:14:11.580+0700] {dag.py:3239} INFO - Sync 1 DAGs
[2024-12-03T21:14:11.607+0700] {logging_mixin.py:190} INFO - [2024-12-03T21:14:11.607+0700] {dag.py:4180} INFO - Setting next_dagrun for example_branch_labels to 2024-12-02 00:00:00+00:00, run_after=2024-12-03 00:00:00+00:00
[2024-12-03T21:14:11.643+0700] {processor.py:208} INFO - Processing /home/tedubuamo/project/venv/lib/python3.12/site-packages/airflow/example_dags/example_branch_labels.py took 0.104 seconds
[2024-12-03T21:14:54.256+0700] {processor.py:186} INFO - Started process (PID=3381) to work on /home/tedubuamo/project/venv/lib/python3.12/site-packages/airflow/example_dags/example_branch_labels.py
[2024-12-03T21:14:54.259+0700] {processor.py:914} INFO - Processing file /home/tedubuamo/project/venv/lib/python3.12/site-packages/airflow/example_dags/example_branch_labels.py for tasks to queue
[2024-12-03T21:14:54.261+0700] {logging_mixin.py:190} INFO - [2024-12-03T21:14:54.261+0700] {dagbag.py:588} INFO - Filling up the DagBag from /home/tedubuamo/project/venv/lib/python3.12/site-packages/airflow/example_dags/example_branch_labels.py
[2024-12-03T21:14:54.271+0700] {processor.py:925} INFO - DAG(s) 'example_branch_labels' retrieved from /home/tedubuamo/project/venv/lib/python3.12/site-packages/airflow/example_dags/example_branch_labels.py
[2024-12-03T21:14:54.285+0700] {logging_mixin.py:190} INFO - [2024-12-03T21:14:54.285+0700] {dag.py:3239} INFO - Sync 1 DAGs
[2024-12-03T21:14:54.301+0700] {logging_mixin.py:190} INFO - [2024-12-03T21:14:54.301+0700] {dag.py:4180} INFO - Setting next_dagrun for example_branch_labels to 2024-12-02 00:00:00+00:00, run_after=2024-12-03 00:00:00+00:00
[2024-12-03T21:14:54.320+0700] {processor.py:208} INFO - Processing /home/tedubuamo/project/venv/lib/python3.12/site-packages/airflow/example_dags/example_branch_labels.py took 0.069 seconds
[2024-12-03T21:15:01.574+0700] {processor.py:186} INFO - Started process (PID=3395) to work on /home/tedubuamo/project/venv/lib/python3.12/site-packages/airflow/example_dags/example_branch_labels.py
[2024-12-03T21:15:01.574+0700] {processor.py:914} INFO - Processing file /home/tedubuamo/project/venv/lib/python3.12/site-packages/airflow/example_dags/example_branch_labels.py for tasks to queue
[2024-12-03T21:15:01.575+0700] {logging_mixin.py:190} INFO - [2024-12-03T21:15:01.575+0700] {dagbag.py:588} INFO - Filling up the DagBag from /home/tedubuamo/project/venv/lib/python3.12/site-packages/airflow/example_dags/example_branch_labels.py
[2024-12-03T21:15:01.583+0700] {processor.py:925} INFO - DAG(s) 'example_branch_labels' retrieved from /home/tedubuamo/project/venv/lib/python3.12/site-packages/airflow/example_dags/example_branch_labels.py
[2024-12-03T21:15:01.593+0700] {logging_mixin.py:190} INFO - [2024-12-03T21:15:01.593+0700] {dag.py:3239} INFO - Sync 1 DAGs
[2024-12-03T21:15:01.607+0700] {logging_mixin.py:190} INFO - [2024-12-03T21:15:01.607+0700] {dag.py:4180} INFO - Setting next_dagrun for example_branch_labels to 2024-12-02 00:00:00+00:00, run_after=2024-12-03 00:00:00+00:00
[2024-12-03T21:15:01.624+0700] {processor.py:208} INFO - Processing /home/tedubuamo/project/venv/lib/python3.12/site-packages/airflow/example_dags/example_branch_labels.py took 0.054 seconds
[2024-12-03T21:15:44.750+0700] {processor.py:186} INFO - Started process (PID=3484) to work on /home/tedubuamo/project/venv/lib/python3.12/site-packages/airflow/example_dags/example_branch_labels.py
[2024-12-03T21:15:44.752+0700] {processor.py:914} INFO - Processing file /home/tedubuamo/project/venv/lib/python3.12/site-packages/airflow/example_dags/example_branch_labels.py for tasks to queue
[2024-12-03T21:15:44.753+0700] {logging_mixin.py:190} INFO - [2024-12-03T21:15:44.753+0700] {dagbag.py:588} INFO - Filling up the DagBag from /home/tedubuamo/project/venv/lib/python3.12/site-packages/airflow/example_dags/example_branch_labels.py
[2024-12-03T21:15:44.761+0700] {processor.py:925} INFO - DAG(s) 'example_branch_labels' retrieved from /home/tedubuamo/project/venv/lib/python3.12/site-packages/airflow/example_dags/example_branch_labels.py
[2024-12-03T21:15:44.771+0700] {logging_mixin.py:190} INFO - [2024-12-03T21:15:44.771+0700] {dag.py:3239} INFO - Sync 1 DAGs
[2024-12-03T21:15:44.786+0700] {logging_mixin.py:190} INFO - [2024-12-03T21:15:44.786+0700] {dag.py:4180} INFO - Setting next_dagrun for example_branch_labels to 2024-12-02 00:00:00+00:00, run_after=2024-12-03 00:00:00+00:00
[2024-12-03T21:15:44.803+0700] {processor.py:208} INFO - Processing /home/tedubuamo/project/venv/lib/python3.12/site-packages/airflow/example_dags/example_branch_labels.py took 0.057 seconds
[2024-12-03T21:15:49.758+0700] {processor.py:186} INFO - Started process (PID=3495) to work on /home/tedubuamo/project/venv/lib/python3.12/site-packages/airflow/example_dags/example_branch_labels.py
[2024-12-03T21:15:49.759+0700] {processor.py:914} INFO - Processing file /home/tedubuamo/project/venv/lib/python3.12/site-packages/airflow/example_dags/example_branch_labels.py for tasks to queue
[2024-12-03T21:15:49.761+0700] {logging_mixin.py:190} INFO - [2024-12-03T21:15:49.761+0700] {dagbag.py:588} INFO - Filling up the DagBag from /home/tedubuamo/project/venv/lib/python3.12/site-packages/airflow/example_dags/example_branch_labels.py
[2024-12-03T21:15:49.771+0700] {processor.py:925} INFO - DAG(s) 'example_branch_labels' retrieved from /home/tedubuamo/project/venv/lib/python3.12/site-packages/airflow/example_dags/example_branch_labels.py
[2024-12-03T21:15:49.786+0700] {logging_mixin.py:190} INFO - [2024-12-03T21:15:49.786+0700] {dag.py:3239} INFO - Sync 1 DAGs
[2024-12-03T21:15:49.803+0700] {logging_mixin.py:190} INFO - [2024-12-03T21:15:49.802+0700] {dag.py:4180} INFO - Setting next_dagrun for example_branch_labels to 2024-12-02 00:00:00+00:00, run_after=2024-12-03 00:00:00+00:00
[2024-12-03T21:15:49.827+0700] {processor.py:208} INFO - Processing /home/tedubuamo/project/venv/lib/python3.12/site-packages/airflow/example_dags/example_branch_labels.py took 0.073 seconds
[2024-12-03T21:16:37.266+0700] {processor.py:186} INFO - Started process (PID=3603) to work on /home/tedubuamo/project/venv/lib/python3.12/site-packages/airflow/example_dags/example_branch_labels.py
[2024-12-03T21:16:37.270+0700] {processor.py:914} INFO - Processing file /home/tedubuamo/project/venv/lib/python3.12/site-packages/airflow/example_dags/example_branch_labels.py for tasks to queue
[2024-12-03T21:16:37.272+0700] {logging_mixin.py:190} INFO - [2024-12-03T21:16:37.271+0700] {dagbag.py:588} INFO - Filling up the DagBag from /home/tedubuamo/project/venv/lib/python3.12/site-packages/airflow/example_dags/example_branch_labels.py
[2024-12-03T21:16:37.281+0700] {processor.py:925} INFO - DAG(s) 'example_branch_labels' retrieved from /home/tedubuamo/project/venv/lib/python3.12/site-packages/airflow/example_dags/example_branch_labels.py
[2024-12-03T21:16:37.297+0700] {logging_mixin.py:190} INFO - [2024-12-03T21:16:37.297+0700] {dag.py:3239} INFO - Sync 1 DAGs
[2024-12-03T21:16:37.314+0700] {logging_mixin.py:190} INFO - [2024-12-03T21:16:37.313+0700] {dag.py:4180} INFO - Setting next_dagrun for example_branch_labels to 2024-12-02 00:00:00+00:00, run_after=2024-12-03 00:00:00+00:00
[2024-12-03T21:16:37.330+0700] {processor.py:208} INFO - Processing /home/tedubuamo/project/venv/lib/python3.12/site-packages/airflow/example_dags/example_branch_labels.py took 0.067 seconds
[2024-12-03T21:16:41.504+0700] {processor.py:186} INFO - Started process (PID=3621) to work on /home/tedubuamo/project/venv/lib/python3.12/site-packages/airflow/example_dags/example_branch_labels.py
[2024-12-03T21:16:41.505+0700] {processor.py:914} INFO - Processing file /home/tedubuamo/project/venv/lib/python3.12/site-packages/airflow/example_dags/example_branch_labels.py for tasks to queue
[2024-12-03T21:16:41.506+0700] {logging_mixin.py:190} INFO - [2024-12-03T21:16:41.506+0700] {dagbag.py:588} INFO - Filling up the DagBag from /home/tedubuamo/project/venv/lib/python3.12/site-packages/airflow/example_dags/example_branch_labels.py
[2024-12-03T21:16:41.514+0700] {processor.py:925} INFO - DAG(s) 'example_branch_labels' retrieved from /home/tedubuamo/project/venv/lib/python3.12/site-packages/airflow/example_dags/example_branch_labels.py
[2024-12-03T21:16:41.525+0700] {logging_mixin.py:190} INFO - [2024-12-03T21:16:41.525+0700] {dag.py:3239} INFO - Sync 1 DAGs
[2024-12-03T21:16:41.540+0700] {logging_mixin.py:190} INFO - [2024-12-03T21:16:41.540+0700] {dag.py:4180} INFO - Setting next_dagrun for example_branch_labels to 2024-12-02 00:00:00+00:00, run_after=2024-12-03 00:00:00+00:00
[2024-12-03T21:16:41.556+0700] {processor.py:208} INFO - Processing /home/tedubuamo/project/venv/lib/python3.12/site-packages/airflow/example_dags/example_branch_labels.py took 0.056 seconds
[2024-12-03T21:17:31.664+0700] {processor.py:186} INFO - Started process (PID=3749) to work on /home/tedubuamo/project/venv/lib/python3.12/site-packages/airflow/example_dags/example_branch_labels.py
[2024-12-03T21:17:31.665+0700] {processor.py:914} INFO - Processing file /home/tedubuamo/project/venv/lib/python3.12/site-packages/airflow/example_dags/example_branch_labels.py for tasks to queue
[2024-12-03T21:17:31.666+0700] {logging_mixin.py:190} INFO - [2024-12-03T21:17:31.666+0700] {dagbag.py:588} INFO - Filling up the DagBag from /home/tedubuamo/project/venv/lib/python3.12/site-packages/airflow/example_dags/example_branch_labels.py
[2024-12-03T21:17:31.674+0700] {processor.py:925} INFO - DAG(s) 'example_branch_labels' retrieved from /home/tedubuamo/project/venv/lib/python3.12/site-packages/airflow/example_dags/example_branch_labels.py
[2024-12-03T21:17:31.684+0700] {logging_mixin.py:190} INFO - [2024-12-03T21:17:31.684+0700] {dag.py:3239} INFO - Sync 1 DAGs
[2024-12-03T21:17:31.699+0700] {logging_mixin.py:190} INFO - [2024-12-03T21:17:31.699+0700] {dag.py:4180} INFO - Setting next_dagrun for example_branch_labels to 2024-12-02 00:00:00+00:00, run_after=2024-12-03 00:00:00+00:00
[2024-12-03T21:17:31.714+0700] {processor.py:208} INFO - Processing /home/tedubuamo/project/venv/lib/python3.12/site-packages/airflow/example_dags/example_branch_labels.py took 0.054 seconds
[2024-12-03T21:17:32.446+0700] {processor.py:186} INFO - Started process (PID=3751) to work on /home/tedubuamo/project/venv/lib/python3.12/site-packages/airflow/example_dags/example_branch_labels.py
[2024-12-03T21:17:32.447+0700] {processor.py:914} INFO - Processing file /home/tedubuamo/project/venv/lib/python3.12/site-packages/airflow/example_dags/example_branch_labels.py for tasks to queue
[2024-12-03T21:17:32.449+0700] {logging_mixin.py:190} INFO - [2024-12-03T21:17:32.448+0700] {dagbag.py:588} INFO - Filling up the DagBag from /home/tedubuamo/project/venv/lib/python3.12/site-packages/airflow/example_dags/example_branch_labels.py
[2024-12-03T21:17:32.456+0700] {processor.py:925} INFO - DAG(s) 'example_branch_labels' retrieved from /home/tedubuamo/project/venv/lib/python3.12/site-packages/airflow/example_dags/example_branch_labels.py
[2024-12-03T21:17:32.466+0700] {logging_mixin.py:190} INFO - [2024-12-03T21:17:32.466+0700] {dag.py:3239} INFO - Sync 1 DAGs
[2024-12-03T21:17:32.480+0700] {logging_mixin.py:190} INFO - [2024-12-03T21:17:32.480+0700] {dag.py:4180} INFO - Setting next_dagrun for example_branch_labels to 2024-12-02 00:00:00+00:00, run_after=2024-12-03 00:00:00+00:00
[2024-12-03T21:17:32.498+0700] {processor.py:208} INFO - Processing /home/tedubuamo/project/venv/lib/python3.12/site-packages/airflow/example_dags/example_branch_labels.py took 0.056 seconds
[2024-12-03T21:19:16.433+0700] {processor.py:186} INFO - Started process (PID=3957) to work on /home/tedubuamo/project/venv/lib/python3.12/site-packages/airflow/example_dags/example_branch_labels.py
[2024-12-03T21:19:16.437+0700] {processor.py:914} INFO - Processing file /home/tedubuamo/project/venv/lib/python3.12/site-packages/airflow/example_dags/example_branch_labels.py for tasks to queue
[2024-12-03T21:19:16.438+0700] {logging_mixin.py:190} INFO - [2024-12-03T21:19:16.438+0700] {dagbag.py:588} INFO - Filling up the DagBag from /home/tedubuamo/project/venv/lib/python3.12/site-packages/airflow/example_dags/example_branch_labels.py
[2024-12-03T21:19:16.445+0700] {processor.py:925} INFO - DAG(s) 'example_branch_labels' retrieved from /home/tedubuamo/project/venv/lib/python3.12/site-packages/airflow/example_dags/example_branch_labels.py
[2024-12-03T21:19:16.539+0700] {logging_mixin.py:190} INFO - [2024-12-03T21:19:16.539+0700] {dag.py:3239} INFO - Sync 1 DAGs
[2024-12-03T21:19:16.552+0700] {logging_mixin.py:190} INFO - [2024-12-03T21:19:16.552+0700] {dag.py:4180} INFO - Setting next_dagrun for example_branch_labels to 2024-12-02 00:00:00+00:00, run_after=2024-12-03 00:00:00+00:00
[2024-12-03T21:19:16.569+0700] {processor.py:208} INFO - Processing /home/tedubuamo/project/venv/lib/python3.12/site-packages/airflow/example_dags/example_branch_labels.py took 0.140 seconds
[2024-12-03T21:20:13.449+0700] {processor.py:186} INFO - Started process (PID=4015) to work on /home/tedubuamo/project/venv/lib/python3.12/site-packages/airflow/example_dags/example_branch_labels.py
[2024-12-03T21:20:13.450+0700] {processor.py:914} INFO - Processing file /home/tedubuamo/project/venv/lib/python3.12/site-packages/airflow/example_dags/example_branch_labels.py for tasks to queue
[2024-12-03T21:20:13.451+0700] {logging_mixin.py:190} INFO - [2024-12-03T21:20:13.451+0700] {dagbag.py:588} INFO - Filling up the DagBag from /home/tedubuamo/project/venv/lib/python3.12/site-packages/airflow/example_dags/example_branch_labels.py
[2024-12-03T21:20:13.462+0700] {processor.py:925} INFO - DAG(s) 'example_branch_labels' retrieved from /home/tedubuamo/project/venv/lib/python3.12/site-packages/airflow/example_dags/example_branch_labels.py
[2024-12-03T21:20:13.477+0700] {logging_mixin.py:190} INFO - [2024-12-03T21:20:13.476+0700] {dag.py:3239} INFO - Sync 1 DAGs
[2024-12-03T21:20:13.493+0700] {logging_mixin.py:190} INFO - [2024-12-03T21:20:13.493+0700] {dag.py:4180} INFO - Setting next_dagrun for example_branch_labels to 2024-12-02 00:00:00+00:00, run_after=2024-12-03 00:00:00+00:00
[2024-12-03T21:20:13.512+0700] {processor.py:208} INFO - Processing /home/tedubuamo/project/venv/lib/python3.12/site-packages/airflow/example_dags/example_branch_labels.py took 0.068 seconds
[2024-12-03T21:21:15.394+0700] {processor.py:186} INFO - Started process (PID=4118) to work on /home/tedubuamo/project/venv/lib/python3.12/site-packages/airflow/example_dags/example_branch_labels.py
[2024-12-03T21:21:15.395+0700] {processor.py:914} INFO - Processing file /home/tedubuamo/project/venv/lib/python3.12/site-packages/airflow/example_dags/example_branch_labels.py for tasks to queue
[2024-12-03T21:21:15.397+0700] {logging_mixin.py:190} INFO - [2024-12-03T21:21:15.397+0700] {dagbag.py:588} INFO - Filling up the DagBag from /home/tedubuamo/project/venv/lib/python3.12/site-packages/airflow/example_dags/example_branch_labels.py
[2024-12-03T21:21:15.405+0700] {processor.py:925} INFO - DAG(s) 'example_branch_labels' retrieved from /home/tedubuamo/project/venv/lib/python3.12/site-packages/airflow/example_dags/example_branch_labels.py
[2024-12-03T21:21:15.416+0700] {logging_mixin.py:190} INFO - [2024-12-03T21:21:15.416+0700] {dag.py:3239} INFO - Sync 1 DAGs
[2024-12-03T21:21:15.431+0700] {logging_mixin.py:190} INFO - [2024-12-03T21:21:15.431+0700] {dag.py:4180} INFO - Setting next_dagrun for example_branch_labels to 2024-12-02 00:00:00+00:00, run_after=2024-12-03 00:00:00+00:00
[2024-12-03T21:21:15.448+0700] {processor.py:208} INFO - Processing /home/tedubuamo/project/venv/lib/python3.12/site-packages/airflow/example_dags/example_branch_labels.py took 0.059 seconds
[2024-12-03T21:22:13.090+0700] {processor.py:186} INFO - Started process (PID=4201) to work on /home/tedubuamo/project/venv/lib/python3.12/site-packages/airflow/example_dags/example_branch_labels.py
[2024-12-03T21:22:13.094+0700] {processor.py:914} INFO - Processing file /home/tedubuamo/project/venv/lib/python3.12/site-packages/airflow/example_dags/example_branch_labels.py for tasks to queue
[2024-12-03T21:22:13.095+0700] {logging_mixin.py:190} INFO - [2024-12-03T21:22:13.095+0700] {dagbag.py:588} INFO - Filling up the DagBag from /home/tedubuamo/project/venv/lib/python3.12/site-packages/airflow/example_dags/example_branch_labels.py
[2024-12-03T21:22:13.102+0700] {processor.py:925} INFO - DAG(s) 'example_branch_labels' retrieved from /home/tedubuamo/project/venv/lib/python3.12/site-packages/airflow/example_dags/example_branch_labels.py
[2024-12-03T21:22:13.113+0700] {logging_mixin.py:190} INFO - [2024-12-03T21:22:13.113+0700] {dag.py:3239} INFO - Sync 1 DAGs
[2024-12-03T21:22:13.127+0700] {logging_mixin.py:190} INFO - [2024-12-03T21:22:13.127+0700] {dag.py:4180} INFO - Setting next_dagrun for example_branch_labels to 2024-12-02 00:00:00+00:00, run_after=2024-12-03 00:00:00+00:00
[2024-12-03T21:22:13.144+0700] {processor.py:208} INFO - Processing /home/tedubuamo/project/venv/lib/python3.12/site-packages/airflow/example_dags/example_branch_labels.py took 0.058 seconds
[2024-12-03T21:23:13.951+0700] {processor.py:186} INFO - Started process (PID=4281) to work on /home/tedubuamo/project/venv/lib/python3.12/site-packages/airflow/example_dags/example_branch_labels.py
[2024-12-03T21:23:13.953+0700] {processor.py:914} INFO - Processing file /home/tedubuamo/project/venv/lib/python3.12/site-packages/airflow/example_dags/example_branch_labels.py for tasks to queue
[2024-12-03T21:23:13.955+0700] {logging_mixin.py:190} INFO - [2024-12-03T21:23:13.954+0700] {dagbag.py:588} INFO - Filling up the DagBag from /home/tedubuamo/project/venv/lib/python3.12/site-packages/airflow/example_dags/example_branch_labels.py
[2024-12-03T21:23:13.965+0700] {processor.py:925} INFO - DAG(s) 'example_branch_labels' retrieved from /home/tedubuamo/project/venv/lib/python3.12/site-packages/airflow/example_dags/example_branch_labels.py
[2024-12-03T21:23:13.978+0700] {logging_mixin.py:190} INFO - [2024-12-03T21:23:13.977+0700] {dag.py:3239} INFO - Sync 1 DAGs
[2024-12-03T21:23:13.996+0700] {logging_mixin.py:190} INFO - [2024-12-03T21:23:13.996+0700] {dag.py:4180} INFO - Setting next_dagrun for example_branch_labels to 2024-12-02 00:00:00+00:00, run_after=2024-12-03 00:00:00+00:00
[2024-12-03T21:23:14.014+0700] {processor.py:208} INFO - Processing /home/tedubuamo/project/venv/lib/python3.12/site-packages/airflow/example_dags/example_branch_labels.py took 0.067 seconds
[2024-12-03T21:24:10.083+0700] {processor.py:186} INFO - Started process (PID=4359) to work on /home/tedubuamo/project/venv/lib/python3.12/site-packages/airflow/example_dags/example_branch_labels.py
[2024-12-03T21:24:10.085+0700] {processor.py:914} INFO - Processing file /home/tedubuamo/project/venv/lib/python3.12/site-packages/airflow/example_dags/example_branch_labels.py for tasks to queue
[2024-12-03T21:24:10.086+0700] {logging_mixin.py:190} INFO - [2024-12-03T21:24:10.086+0700] {dagbag.py:588} INFO - Filling up the DagBag from /home/tedubuamo/project/venv/lib/python3.12/site-packages/airflow/example_dags/example_branch_labels.py
[2024-12-03T21:24:10.094+0700] {processor.py:925} INFO - DAG(s) 'example_branch_labels' retrieved from /home/tedubuamo/project/venv/lib/python3.12/site-packages/airflow/example_dags/example_branch_labels.py
[2024-12-03T21:24:10.105+0700] {logging_mixin.py:190} INFO - [2024-12-03T21:24:10.105+0700] {dag.py:3239} INFO - Sync 1 DAGs
[2024-12-03T21:24:10.121+0700] {logging_mixin.py:190} INFO - [2024-12-03T21:24:10.121+0700] {dag.py:4180} INFO - Setting next_dagrun for example_branch_labels to 2024-12-02 00:00:00+00:00, run_after=2024-12-03 00:00:00+00:00
[2024-12-03T21:24:10.138+0700] {processor.py:208} INFO - Processing /home/tedubuamo/project/venv/lib/python3.12/site-packages/airflow/example_dags/example_branch_labels.py took 0.059 seconds
[2024-12-03T21:25:02.915+0700] {processor.py:186} INFO - Started process (PID=4416) to work on /home/tedubuamo/project/venv/lib/python3.12/site-packages/airflow/example_dags/example_branch_labels.py
[2024-12-03T21:25:02.919+0700] {processor.py:914} INFO - Processing file /home/tedubuamo/project/venv/lib/python3.12/site-packages/airflow/example_dags/example_branch_labels.py for tasks to queue
[2024-12-03T21:25:02.921+0700] {logging_mixin.py:190} INFO - [2024-12-03T21:25:02.921+0700] {dagbag.py:588} INFO - Filling up the DagBag from /home/tedubuamo/project/venv/lib/python3.12/site-packages/airflow/example_dags/example_branch_labels.py
[2024-12-03T21:25:02.932+0700] {processor.py:925} INFO - DAG(s) 'example_branch_labels' retrieved from /home/tedubuamo/project/venv/lib/python3.12/site-packages/airflow/example_dags/example_branch_labels.py
[2024-12-03T21:25:02.945+0700] {logging_mixin.py:190} INFO - [2024-12-03T21:25:02.944+0700] {dag.py:3239} INFO - Sync 1 DAGs
[2024-12-03T21:25:02.961+0700] {logging_mixin.py:190} INFO - [2024-12-03T21:25:02.961+0700] {dag.py:4180} INFO - Setting next_dagrun for example_branch_labels to 2024-12-02 00:00:00+00:00, run_after=2024-12-03 00:00:00+00:00
[2024-12-03T21:25:02.979+0700] {processor.py:208} INFO - Processing /home/tedubuamo/project/venv/lib/python3.12/site-packages/airflow/example_dags/example_branch_labels.py took 0.068 seconds
[2024-12-03T21:26:04.016+0700] {processor.py:186} INFO - Started process (PID=4504) to work on /home/tedubuamo/project/venv/lib/python3.12/site-packages/airflow/example_dags/example_branch_labels.py
[2024-12-03T21:26:04.017+0700] {processor.py:914} INFO - Processing file /home/tedubuamo/project/venv/lib/python3.12/site-packages/airflow/example_dags/example_branch_labels.py for tasks to queue
[2024-12-03T21:26:04.019+0700] {logging_mixin.py:190} INFO - [2024-12-03T21:26:04.019+0700] {dagbag.py:588} INFO - Filling up the DagBag from /home/tedubuamo/project/venv/lib/python3.12/site-packages/airflow/example_dags/example_branch_labels.py
[2024-12-03T21:26:04.027+0700] {processor.py:925} INFO - DAG(s) 'example_branch_labels' retrieved from /home/tedubuamo/project/venv/lib/python3.12/site-packages/airflow/example_dags/example_branch_labels.py
[2024-12-03T21:26:04.039+0700] {logging_mixin.py:190} INFO - [2024-12-03T21:26:04.039+0700] {dag.py:3239} INFO - Sync 1 DAGs
[2024-12-03T21:26:04.054+0700] {logging_mixin.py:190} INFO - [2024-12-03T21:26:04.053+0700] {dag.py:4180} INFO - Setting next_dagrun for example_branch_labels to 2024-12-02 00:00:00+00:00, run_after=2024-12-03 00:00:00+00:00
[2024-12-03T21:26:04.072+0700] {processor.py:208} INFO - Processing /home/tedubuamo/project/venv/lib/python3.12/site-packages/airflow/example_dags/example_branch_labels.py took 0.060 seconds
[2024-12-03T21:26:59.455+0700] {processor.py:186} INFO - Started process (PID=4562) to work on /home/tedubuamo/project/venv/lib/python3.12/site-packages/airflow/example_dags/example_branch_labels.py
[2024-12-03T21:26:59.458+0700] {processor.py:914} INFO - Processing file /home/tedubuamo/project/venv/lib/python3.12/site-packages/airflow/example_dags/example_branch_labels.py for tasks to queue
[2024-12-03T21:26:59.460+0700] {logging_mixin.py:190} INFO - [2024-12-03T21:26:59.460+0700] {dagbag.py:588} INFO - Filling up the DagBag from /home/tedubuamo/project/venv/lib/python3.12/site-packages/airflow/example_dags/example_branch_labels.py
[2024-12-03T21:26:59.468+0700] {processor.py:925} INFO - DAG(s) 'example_branch_labels' retrieved from /home/tedubuamo/project/venv/lib/python3.12/site-packages/airflow/example_dags/example_branch_labels.py
[2024-12-03T21:26:59.480+0700] {logging_mixin.py:190} INFO - [2024-12-03T21:26:59.480+0700] {dag.py:3239} INFO - Sync 1 DAGs
[2024-12-03T21:26:59.495+0700] {logging_mixin.py:190} INFO - [2024-12-03T21:26:59.495+0700] {dag.py:4180} INFO - Setting next_dagrun for example_branch_labels to 2024-12-02 00:00:00+00:00, run_after=2024-12-03 00:00:00+00:00
[2024-12-03T21:26:59.513+0700] {processor.py:208} INFO - Processing /home/tedubuamo/project/venv/lib/python3.12/site-packages/airflow/example_dags/example_branch_labels.py took 0.062 seconds
[2024-12-03T21:27:51.846+0700] {processor.py:186} INFO - Started process (PID=4633) to work on /home/tedubuamo/project/venv/lib/python3.12/site-packages/airflow/example_dags/example_branch_labels.py
[2024-12-03T21:27:51.847+0700] {processor.py:914} INFO - Processing file /home/tedubuamo/project/venv/lib/python3.12/site-packages/airflow/example_dags/example_branch_labels.py for tasks to queue
[2024-12-03T21:27:51.849+0700] {logging_mixin.py:190} INFO - [2024-12-03T21:27:51.849+0700] {dagbag.py:588} INFO - Filling up the DagBag from /home/tedubuamo/project/venv/lib/python3.12/site-packages/airflow/example_dags/example_branch_labels.py
[2024-12-03T21:27:51.858+0700] {processor.py:925} INFO - DAG(s) 'example_branch_labels' retrieved from /home/tedubuamo/project/venv/lib/python3.12/site-packages/airflow/example_dags/example_branch_labels.py
[2024-12-03T21:27:51.870+0700] {logging_mixin.py:190} INFO - [2024-12-03T21:27:51.870+0700] {dag.py:3239} INFO - Sync 1 DAGs
[2024-12-03T21:27:51.888+0700] {logging_mixin.py:190} INFO - [2024-12-03T21:27:51.888+0700] {dag.py:4180} INFO - Setting next_dagrun for example_branch_labels to 2024-12-02 00:00:00+00:00, run_after=2024-12-03 00:00:00+00:00
[2024-12-03T21:27:51.906+0700] {processor.py:208} INFO - Processing /home/tedubuamo/project/venv/lib/python3.12/site-packages/airflow/example_dags/example_branch_labels.py took 0.064 seconds
[2024-12-03T21:28:46.958+0700] {processor.py:186} INFO - Started process (PID=4768) to work on /home/tedubuamo/project/venv/lib/python3.12/site-packages/airflow/example_dags/example_branch_labels.py
[2024-12-03T21:28:46.959+0700] {processor.py:914} INFO - Processing file /home/tedubuamo/project/venv/lib/python3.12/site-packages/airflow/example_dags/example_branch_labels.py for tasks to queue
[2024-12-03T21:28:46.961+0700] {logging_mixin.py:190} INFO - [2024-12-03T21:28:46.961+0700] {dagbag.py:588} INFO - Filling up the DagBag from /home/tedubuamo/project/venv/lib/python3.12/site-packages/airflow/example_dags/example_branch_labels.py
[2024-12-03T21:28:46.971+0700] {processor.py:925} INFO - DAG(s) 'example_branch_labels' retrieved from /home/tedubuamo/project/venv/lib/python3.12/site-packages/airflow/example_dags/example_branch_labels.py
[2024-12-03T21:28:46.986+0700] {logging_mixin.py:190} INFO - [2024-12-03T21:28:46.986+0700] {dag.py:3239} INFO - Sync 1 DAGs
[2024-12-03T21:28:47.003+0700] {logging_mixin.py:190} INFO - [2024-12-03T21:28:47.002+0700] {dag.py:4180} INFO - Setting next_dagrun for example_branch_labels to 2024-12-02 00:00:00+00:00, run_after=2024-12-03 00:00:00+00:00
[2024-12-03T21:28:47.025+0700] {processor.py:208} INFO - Processing /home/tedubuamo/project/venv/lib/python3.12/site-packages/airflow/example_dags/example_branch_labels.py took 0.070 seconds
[2024-12-03T21:29:40.247+0700] {processor.py:186} INFO - Started process (PID=4830) to work on /home/tedubuamo/project/venv/lib/python3.12/site-packages/airflow/example_dags/example_branch_labels.py
[2024-12-03T21:29:40.248+0700] {processor.py:914} INFO - Processing file /home/tedubuamo/project/venv/lib/python3.12/site-packages/airflow/example_dags/example_branch_labels.py for tasks to queue
[2024-12-03T21:29:40.250+0700] {logging_mixin.py:190} INFO - [2024-12-03T21:29:40.249+0700] {dagbag.py:588} INFO - Filling up the DagBag from /home/tedubuamo/project/venv/lib/python3.12/site-packages/airflow/example_dags/example_branch_labels.py
[2024-12-03T21:29:40.258+0700] {processor.py:925} INFO - DAG(s) 'example_branch_labels' retrieved from /home/tedubuamo/project/venv/lib/python3.12/site-packages/airflow/example_dags/example_branch_labels.py
[2024-12-03T21:29:40.272+0700] {logging_mixin.py:190} INFO - [2024-12-03T21:29:40.272+0700] {dag.py:3239} INFO - Sync 1 DAGs
[2024-12-03T21:29:40.291+0700] {logging_mixin.py:190} INFO - [2024-12-03T21:29:40.290+0700] {dag.py:4180} INFO - Setting next_dagrun for example_branch_labels to 2024-12-02 00:00:00+00:00, run_after=2024-12-03 00:00:00+00:00
[2024-12-03T21:29:40.316+0700] {processor.py:208} INFO - Processing /home/tedubuamo/project/venv/lib/python3.12/site-packages/airflow/example_dags/example_branch_labels.py took 0.074 seconds
[2024-12-03T21:30:34.968+0700] {processor.py:186} INFO - Started process (PID=4889) to work on /home/tedubuamo/project/venv/lib/python3.12/site-packages/airflow/example_dags/example_branch_labels.py
[2024-12-03T21:30:34.984+0700] {processor.py:914} INFO - Processing file /home/tedubuamo/project/venv/lib/python3.12/site-packages/airflow/example_dags/example_branch_labels.py for tasks to queue
[2024-12-03T21:30:34.985+0700] {logging_mixin.py:190} INFO - [2024-12-03T21:30:34.985+0700] {dagbag.py:588} INFO - Filling up the DagBag from /home/tedubuamo/project/venv/lib/python3.12/site-packages/airflow/example_dags/example_branch_labels.py
[2024-12-03T21:30:34.993+0700] {processor.py:925} INFO - DAG(s) 'example_branch_labels' retrieved from /home/tedubuamo/project/venv/lib/python3.12/site-packages/airflow/example_dags/example_branch_labels.py
[2024-12-03T21:30:35.003+0700] {logging_mixin.py:190} INFO - [2024-12-03T21:30:35.003+0700] {dag.py:3239} INFO - Sync 1 DAGs
[2024-12-03T21:30:35.017+0700] {logging_mixin.py:190} INFO - [2024-12-03T21:30:35.016+0700] {dag.py:4180} INFO - Setting next_dagrun for example_branch_labels to 2024-12-02 00:00:00+00:00, run_after=2024-12-03 00:00:00+00:00
[2024-12-03T21:30:35.034+0700] {processor.py:208} INFO - Processing /home/tedubuamo/project/venv/lib/python3.12/site-packages/airflow/example_dags/example_branch_labels.py took 0.070 seconds
[2024-12-03T21:31:28.583+0700] {processor.py:186} INFO - Started process (PID=4963) to work on /home/tedubuamo/project/venv/lib/python3.12/site-packages/airflow/example_dags/example_branch_labels.py
[2024-12-03T21:31:28.587+0700] {processor.py:914} INFO - Processing file /home/tedubuamo/project/venv/lib/python3.12/site-packages/airflow/example_dags/example_branch_labels.py for tasks to queue
[2024-12-03T21:31:28.589+0700] {logging_mixin.py:190} INFO - [2024-12-03T21:31:28.588+0700] {dagbag.py:588} INFO - Filling up the DagBag from /home/tedubuamo/project/venv/lib/python3.12/site-packages/airflow/example_dags/example_branch_labels.py
[2024-12-03T21:31:28.596+0700] {processor.py:925} INFO - DAG(s) 'example_branch_labels' retrieved from /home/tedubuamo/project/venv/lib/python3.12/site-packages/airflow/example_dags/example_branch_labels.py
[2024-12-03T21:31:28.606+0700] {logging_mixin.py:190} INFO - [2024-12-03T21:31:28.606+0700] {dag.py:3239} INFO - Sync 1 DAGs
[2024-12-03T21:31:28.621+0700] {logging_mixin.py:190} INFO - [2024-12-03T21:31:28.620+0700] {dag.py:4180} INFO - Setting next_dagrun for example_branch_labels to 2024-12-02 00:00:00+00:00, run_after=2024-12-03 00:00:00+00:00
[2024-12-03T21:31:28.638+0700] {processor.py:208} INFO - Processing /home/tedubuamo/project/venv/lib/python3.12/site-packages/airflow/example_dags/example_branch_labels.py took 0.060 seconds
