[2024-12-03T20:46:57.951+0700] {processor.py:186} INFO - Started process (PID=1215) to work on /home/tedubuamo/project/venv/lib/python3.12/site-packages/airflow/example_dags/example_branch_python_dop_operator_3.py
[2024-12-03T20:46:57.952+0700] {processor.py:914} INFO - Processing file /home/tedubuamo/project/venv/lib/python3.12/site-packages/airflow/example_dags/example_branch_python_dop_operator_3.py for tasks to queue
[2024-12-03T20:46:57.954+0700] {logging_mixin.py:190} INFO - [2024-12-03T20:46:57.953+0700] {dagbag.py:588} INFO - Filling up the DagBag from /home/tedubuamo/project/venv/lib/python3.12/site-packages/airflow/example_dags/example_branch_python_dop_operator_3.py
[2024-12-03T20:46:57.962+0700] {processor.py:925} INFO - DAG(s) 'example_branch_dop_operator_v3' retrieved from /home/tedubuamo/project/venv/lib/python3.12/site-packages/airflow/example_dags/example_branch_python_dop_operator_3.py
[2024-12-03T20:46:57.968+0700] {logging_mixin.py:190} INFO - [2024-12-03T20:46:57.968+0700] {dag.py:3239} INFO - Sync 1 DAGs
[2024-12-03T20:46:57.986+0700] {logging_mixin.py:190} INFO - [2024-12-03T20:46:57.985+0700] {dag.py:4180} INFO - Setting next_dagrun for example_branch_dop_operator_v3 to 2024-12-03 13:45:00+00:00, run_after=2024-12-03 13:46:00+00:00
[2024-12-03T20:46:58.007+0700] {processor.py:208} INFO - Processing /home/tedubuamo/project/venv/lib/python3.12/site-packages/airflow/example_dags/example_branch_python_dop_operator_3.py took 0.060 seconds
[2024-12-03T20:57:35.434+0700] {processor.py:186} INFO - Started process (PID=1630) to work on /home/tedubuamo/project/venv/lib/python3.12/site-packages/airflow/example_dags/example_branch_python_dop_operator_3.py
[2024-12-03T20:57:35.436+0700] {processor.py:914} INFO - Processing file /home/tedubuamo/project/venv/lib/python3.12/site-packages/airflow/example_dags/example_branch_python_dop_operator_3.py for tasks to queue
[2024-12-03T20:57:35.440+0700] {logging_mixin.py:190} INFO - [2024-12-03T20:57:35.439+0700] {dagbag.py:588} INFO - Filling up the DagBag from /home/tedubuamo/project/venv/lib/python3.12/site-packages/airflow/example_dags/example_branch_python_dop_operator_3.py
[2024-12-03T20:57:35.451+0700] {processor.py:925} INFO - DAG(s) 'example_branch_dop_operator_v3' retrieved from /home/tedubuamo/project/venv/lib/python3.12/site-packages/airflow/example_dags/example_branch_python_dop_operator_3.py
[2024-12-03T20:57:35.539+0700] {logging_mixin.py:190} INFO - [2024-12-03T20:57:35.539+0700] {dag.py:3239} INFO - Sync 1 DAGs
[2024-12-03T20:57:35.557+0700] {logging_mixin.py:190} INFO - [2024-12-03T20:57:35.557+0700] {dag.py:4180} INFO - Setting next_dagrun for example_branch_dop_operator_v3 to 2024-12-03 13:56:00+00:00, run_after=2024-12-03 13:57:00+00:00
[2024-12-03T20:57:35.585+0700] {processor.py:208} INFO - Processing /home/tedubuamo/project/venv/lib/python3.12/site-packages/airflow/example_dags/example_branch_python_dop_operator_3.py took 0.167 seconds
[2024-12-03T20:58:33.183+0700] {processor.py:186} INFO - Started process (PID=1687) to work on /home/tedubuamo/project/venv/lib/python3.12/site-packages/airflow/example_dags/example_branch_python_dop_operator_3.py
[2024-12-03T20:58:33.187+0700] {processor.py:914} INFO - Processing file /home/tedubuamo/project/venv/lib/python3.12/site-packages/airflow/example_dags/example_branch_python_dop_operator_3.py for tasks to queue
[2024-12-03T20:58:33.189+0700] {logging_mixin.py:190} INFO - [2024-12-03T20:58:33.189+0700] {dagbag.py:588} INFO - Filling up the DagBag from /home/tedubuamo/project/venv/lib/python3.12/site-packages/airflow/example_dags/example_branch_python_dop_operator_3.py
[2024-12-03T20:58:33.196+0700] {processor.py:925} INFO - DAG(s) 'example_branch_dop_operator_v3' retrieved from /home/tedubuamo/project/venv/lib/python3.12/site-packages/airflow/example_dags/example_branch_python_dop_operator_3.py
[2024-12-03T20:58:33.206+0700] {logging_mixin.py:190} INFO - [2024-12-03T20:58:33.206+0700] {dag.py:3239} INFO - Sync 1 DAGs
[2024-12-03T20:58:33.221+0700] {logging_mixin.py:190} INFO - [2024-12-03T20:58:33.221+0700] {dag.py:4180} INFO - Setting next_dagrun for example_branch_dop_operator_v3 to 2024-12-03 13:57:00+00:00, run_after=2024-12-03 13:58:00+00:00
[2024-12-03T20:58:33.238+0700] {processor.py:208} INFO - Processing /home/tedubuamo/project/venv/lib/python3.12/site-packages/airflow/example_dags/example_branch_python_dop_operator_3.py took 0.059 seconds
[2024-12-03T20:59:26.435+0700] {processor.py:186} INFO - Started process (PID=1742) to work on /home/tedubuamo/project/venv/lib/python3.12/site-packages/airflow/example_dags/example_branch_python_dop_operator_3.py
[2024-12-03T20:59:26.436+0700] {processor.py:914} INFO - Processing file /home/tedubuamo/project/venv/lib/python3.12/site-packages/airflow/example_dags/example_branch_python_dop_operator_3.py for tasks to queue
[2024-12-03T20:59:26.438+0700] {logging_mixin.py:190} INFO - [2024-12-03T20:59:26.438+0700] {dagbag.py:588} INFO - Filling up the DagBag from /home/tedubuamo/project/venv/lib/python3.12/site-packages/airflow/example_dags/example_branch_python_dop_operator_3.py
[2024-12-03T20:59:26.446+0700] {processor.py:925} INFO - DAG(s) 'example_branch_dop_operator_v3' retrieved from /home/tedubuamo/project/venv/lib/python3.12/site-packages/airflow/example_dags/example_branch_python_dop_operator_3.py
[2024-12-03T20:59:26.457+0700] {logging_mixin.py:190} INFO - [2024-12-03T20:59:26.457+0700] {dag.py:3239} INFO - Sync 1 DAGs
[2024-12-03T20:59:26.472+0700] {logging_mixin.py:190} INFO - [2024-12-03T20:59:26.472+0700] {dag.py:4180} INFO - Setting next_dagrun for example_branch_dop_operator_v3 to 2024-12-03 13:58:00+00:00, run_after=2024-12-03 13:59:00+00:00
[2024-12-03T20:59:26.490+0700] {processor.py:208} INFO - Processing /home/tedubuamo/project/venv/lib/python3.12/site-packages/airflow/example_dags/example_branch_python_dop_operator_3.py took 0.059 seconds
[2024-12-03T21:00:16.593+0700] {processor.py:186} INFO - Started process (PID=1792) to work on /home/tedubuamo/project/venv/lib/python3.12/site-packages/airflow/example_dags/example_branch_python_dop_operator_3.py
[2024-12-03T21:00:16.597+0700] {processor.py:914} INFO - Processing file /home/tedubuamo/project/venv/lib/python3.12/site-packages/airflow/example_dags/example_branch_python_dop_operator_3.py for tasks to queue
[2024-12-03T21:00:16.599+0700] {logging_mixin.py:190} INFO - [2024-12-03T21:00:16.599+0700] {dagbag.py:588} INFO - Filling up the DagBag from /home/tedubuamo/project/venv/lib/python3.12/site-packages/airflow/example_dags/example_branch_python_dop_operator_3.py
[2024-12-03T21:00:16.606+0700] {processor.py:925} INFO - DAG(s) 'example_branch_dop_operator_v3' retrieved from /home/tedubuamo/project/venv/lib/python3.12/site-packages/airflow/example_dags/example_branch_python_dop_operator_3.py
[2024-12-03T21:00:16.616+0700] {logging_mixin.py:190} INFO - [2024-12-03T21:00:16.616+0700] {dag.py:3239} INFO - Sync 1 DAGs
[2024-12-03T21:00:16.632+0700] {logging_mixin.py:190} INFO - [2024-12-03T21:00:16.632+0700] {dag.py:4180} INFO - Setting next_dagrun for example_branch_dop_operator_v3 to 2024-12-03 13:59:00+00:00, run_after=2024-12-03 14:00:00+00:00
[2024-12-03T21:00:16.648+0700] {processor.py:208} INFO - Processing /home/tedubuamo/project/venv/lib/python3.12/site-packages/airflow/example_dags/example_branch_python_dop_operator_3.py took 0.060 seconds
[2024-12-03T21:01:07.906+0700] {processor.py:186} INFO - Started process (PID=1846) to work on /home/tedubuamo/project/venv/lib/python3.12/site-packages/airflow/example_dags/example_branch_python_dop_operator_3.py
[2024-12-03T21:01:07.910+0700] {processor.py:914} INFO - Processing file /home/tedubuamo/project/venv/lib/python3.12/site-packages/airflow/example_dags/example_branch_python_dop_operator_3.py for tasks to queue
[2024-12-03T21:01:07.911+0700] {logging_mixin.py:190} INFO - [2024-12-03T21:01:07.911+0700] {dagbag.py:588} INFO - Filling up the DagBag from /home/tedubuamo/project/venv/lib/python3.12/site-packages/airflow/example_dags/example_branch_python_dop_operator_3.py
[2024-12-03T21:01:07.919+0700] {processor.py:925} INFO - DAG(s) 'example_branch_dop_operator_v3' retrieved from /home/tedubuamo/project/venv/lib/python3.12/site-packages/airflow/example_dags/example_branch_python_dop_operator_3.py
[2024-12-03T21:01:07.929+0700] {logging_mixin.py:190} INFO - [2024-12-03T21:01:07.929+0700] {dag.py:3239} INFO - Sync 1 DAGs
[2024-12-03T21:01:07.946+0700] {logging_mixin.py:190} INFO - [2024-12-03T21:01:07.946+0700] {dag.py:4180} INFO - Setting next_dagrun for example_branch_dop_operator_v3 to 2024-12-03 14:00:00+00:00, run_after=2024-12-03 14:01:00+00:00
[2024-12-03T21:01:07.966+0700] {processor.py:208} INFO - Processing /home/tedubuamo/project/venv/lib/python3.12/site-packages/airflow/example_dags/example_branch_python_dop_operator_3.py took 0.064 seconds
[2024-12-03T21:05:03.659+0700] {processor.py:186} INFO - Started process (PID=2009) to work on /home/tedubuamo/project/venv/lib/python3.12/site-packages/airflow/example_dags/example_branch_python_dop_operator_3.py
[2024-12-03T21:05:03.661+0700] {processor.py:914} INFO - Processing file /home/tedubuamo/project/venv/lib/python3.12/site-packages/airflow/example_dags/example_branch_python_dop_operator_3.py for tasks to queue
[2024-12-03T21:05:03.663+0700] {logging_mixin.py:190} INFO - [2024-12-03T21:05:03.662+0700] {dagbag.py:588} INFO - Filling up the DagBag from /home/tedubuamo/project/venv/lib/python3.12/site-packages/airflow/example_dags/example_branch_python_dop_operator_3.py
[2024-12-03T21:05:03.670+0700] {processor.py:925} INFO - DAG(s) 'example_branch_dop_operator_v3' retrieved from /home/tedubuamo/project/venv/lib/python3.12/site-packages/airflow/example_dags/example_branch_python_dop_operator_3.py
[2024-12-03T21:05:03.684+0700] {logging_mixin.py:190} INFO - [2024-12-03T21:05:03.684+0700] {dag.py:3239} INFO - Sync 1 DAGs
[2024-12-03T21:05:03.698+0700] {logging_mixin.py:190} INFO - [2024-12-03T21:05:03.698+0700] {dag.py:4180} INFO - Setting next_dagrun for example_branch_dop_operator_v3 to 2024-12-03 14:04:00+00:00, run_after=2024-12-03 14:05:00+00:00
[2024-12-03T21:05:03.716+0700] {processor.py:208} INFO - Processing /home/tedubuamo/project/venv/lib/python3.12/site-packages/airflow/example_dags/example_branch_python_dop_operator_3.py took 0.060 seconds
[2024-12-03T21:05:58.516+0700] {processor.py:186} INFO - Started process (PID=2147) to work on /home/tedubuamo/project/venv/lib/python3.12/site-packages/airflow/example_dags/example_branch_python_dop_operator_3.py
[2024-12-03T21:05:58.517+0700] {processor.py:914} INFO - Processing file /home/tedubuamo/project/venv/lib/python3.12/site-packages/airflow/example_dags/example_branch_python_dop_operator_3.py for tasks to queue
[2024-12-03T21:05:58.519+0700] {logging_mixin.py:190} INFO - [2024-12-03T21:05:58.519+0700] {dagbag.py:588} INFO - Filling up the DagBag from /home/tedubuamo/project/venv/lib/python3.12/site-packages/airflow/example_dags/example_branch_python_dop_operator_3.py
[2024-12-03T21:05:58.526+0700] {processor.py:925} INFO - DAG(s) 'example_branch_dop_operator_v3' retrieved from /home/tedubuamo/project/venv/lib/python3.12/site-packages/airflow/example_dags/example_branch_python_dop_operator_3.py
[2024-12-03T21:05:58.538+0700] {logging_mixin.py:190} INFO - [2024-12-03T21:05:58.537+0700] {dag.py:3239} INFO - Sync 1 DAGs
[2024-12-03T21:05:58.554+0700] {logging_mixin.py:190} INFO - [2024-12-03T21:05:58.554+0700] {dag.py:4180} INFO - Setting next_dagrun for example_branch_dop_operator_v3 to 2024-12-03 14:04:00+00:00, run_after=2024-12-03 14:05:00+00:00
[2024-12-03T21:05:58.571+0700] {processor.py:208} INFO - Processing /home/tedubuamo/project/venv/lib/python3.12/site-packages/airflow/example_dags/example_branch_python_dop_operator_3.py took 0.060 seconds
[2024-12-03T21:05:59.448+0700] {processor.py:186} INFO - Started process (PID=2149) to work on /home/tedubuamo/project/venv/lib/python3.12/site-packages/airflow/example_dags/example_branch_python_dop_operator_3.py
[2024-12-03T21:05:59.449+0700] {processor.py:914} INFO - Processing file /home/tedubuamo/project/venv/lib/python3.12/site-packages/airflow/example_dags/example_branch_python_dop_operator_3.py for tasks to queue
[2024-12-03T21:05:59.450+0700] {logging_mixin.py:190} INFO - [2024-12-03T21:05:59.450+0700] {dagbag.py:588} INFO - Filling up the DagBag from /home/tedubuamo/project/venv/lib/python3.12/site-packages/airflow/example_dags/example_branch_python_dop_operator_3.py
[2024-12-03T21:05:59.458+0700] {processor.py:925} INFO - DAG(s) 'example_branch_dop_operator_v3' retrieved from /home/tedubuamo/project/venv/lib/python3.12/site-packages/airflow/example_dags/example_branch_python_dop_operator_3.py
[2024-12-03T21:05:59.474+0700] {logging_mixin.py:190} INFO - [2024-12-03T21:05:59.474+0700] {dag.py:3239} INFO - Sync 1 DAGs
[2024-12-03T21:05:59.491+0700] {logging_mixin.py:190} INFO - [2024-12-03T21:05:59.491+0700] {dag.py:4180} INFO - Setting next_dagrun for example_branch_dop_operator_v3 to 2024-12-03 14:04:00+00:00, run_after=2024-12-03 14:05:00+00:00
[2024-12-03T21:05:59.510+0700] {processor.py:208} INFO - Processing /home/tedubuamo/project/venv/lib/python3.12/site-packages/airflow/example_dags/example_branch_python_dop_operator_3.py took 0.066 seconds
[2024-12-03T21:06:49.942+0700] {processor.py:186} INFO - Started process (PID=2254) to work on /home/tedubuamo/project/venv/lib/python3.12/site-packages/airflow/example_dags/example_branch_python_dop_operator_3.py
[2024-12-03T21:06:49.943+0700] {processor.py:914} INFO - Processing file /home/tedubuamo/project/venv/lib/python3.12/site-packages/airflow/example_dags/example_branch_python_dop_operator_3.py for tasks to queue
[2024-12-03T21:06:49.946+0700] {logging_mixin.py:190} INFO - [2024-12-03T21:06:49.945+0700] {dagbag.py:588} INFO - Filling up the DagBag from /home/tedubuamo/project/venv/lib/python3.12/site-packages/airflow/example_dags/example_branch_python_dop_operator_3.py
[2024-12-03T21:06:49.954+0700] {processor.py:925} INFO - DAG(s) 'example_branch_dop_operator_v3' retrieved from /home/tedubuamo/project/venv/lib/python3.12/site-packages/airflow/example_dags/example_branch_python_dop_operator_3.py
[2024-12-03T21:06:49.979+0700] {logging_mixin.py:190} INFO - [2024-12-03T21:06:49.978+0700] {dag.py:3239} INFO - Sync 1 DAGs
[2024-12-03T21:06:50.006+0700] {logging_mixin.py:190} INFO - [2024-12-03T21:06:50.005+0700] {dag.py:4180} INFO - Setting next_dagrun for example_branch_dop_operator_v3 to 2024-12-03 14:05:00+00:00, run_after=2024-12-03 14:06:00+00:00
[2024-12-03T21:06:50.025+0700] {processor.py:208} INFO - Processing /home/tedubuamo/project/venv/lib/python3.12/site-packages/airflow/example_dags/example_branch_python_dop_operator_3.py took 0.087 seconds
[2024-12-03T21:06:55.005+0700] {processor.py:186} INFO - Started process (PID=2326) to work on /home/tedubuamo/project/venv/lib/python3.12/site-packages/airflow/example_dags/example_branch_python_dop_operator_3.py
[2024-12-03T21:06:55.006+0700] {processor.py:914} INFO - Processing file /home/tedubuamo/project/venv/lib/python3.12/site-packages/airflow/example_dags/example_branch_python_dop_operator_3.py for tasks to queue
[2024-12-03T21:06:55.008+0700] {logging_mixin.py:190} INFO - [2024-12-03T21:06:55.008+0700] {dagbag.py:588} INFO - Filling up the DagBag from /home/tedubuamo/project/venv/lib/python3.12/site-packages/airflow/example_dags/example_branch_python_dop_operator_3.py
[2024-12-03T21:06:55.014+0700] {processor.py:925} INFO - DAG(s) 'example_branch_dop_operator_v3' retrieved from /home/tedubuamo/project/venv/lib/python3.12/site-packages/airflow/example_dags/example_branch_python_dop_operator_3.py
[2024-12-03T21:06:55.026+0700] {logging_mixin.py:190} INFO - [2024-12-03T21:06:55.025+0700] {dag.py:3239} INFO - Sync 1 DAGs
[2024-12-03T21:06:55.041+0700] {logging_mixin.py:190} INFO - [2024-12-03T21:06:55.041+0700] {dag.py:4180} INFO - Setting next_dagrun for example_branch_dop_operator_v3 to 2024-12-03 14:05:00+00:00, run_after=2024-12-03 14:06:00+00:00
[2024-12-03T21:06:55.057+0700] {processor.py:208} INFO - Processing /home/tedubuamo/project/venv/lib/python3.12/site-packages/airflow/example_dags/example_branch_python_dop_operator_3.py took 0.056 seconds
[2024-12-03T21:07:43.087+0700] {processor.py:186} INFO - Started process (PID=2457) to work on /home/tedubuamo/project/venv/lib/python3.12/site-packages/airflow/example_dags/example_branch_python_dop_operator_3.py
[2024-12-03T21:07:43.091+0700] {processor.py:914} INFO - Processing file /home/tedubuamo/project/venv/lib/python3.12/site-packages/airflow/example_dags/example_branch_python_dop_operator_3.py for tasks to queue
[2024-12-03T21:07:43.093+0700] {logging_mixin.py:190} INFO - [2024-12-03T21:07:43.093+0700] {dagbag.py:588} INFO - Filling up the DagBag from /home/tedubuamo/project/venv/lib/python3.12/site-packages/airflow/example_dags/example_branch_python_dop_operator_3.py
[2024-12-03T21:07:43.101+0700] {processor.py:925} INFO - DAG(s) 'example_branch_dop_operator_v3' retrieved from /home/tedubuamo/project/venv/lib/python3.12/site-packages/airflow/example_dags/example_branch_python_dop_operator_3.py
[2024-12-03T21:07:43.113+0700] {logging_mixin.py:190} INFO - [2024-12-03T21:07:43.113+0700] {dag.py:3239} INFO - Sync 1 DAGs
[2024-12-03T21:07:43.129+0700] {logging_mixin.py:190} INFO - [2024-12-03T21:07:43.129+0700] {dag.py:4180} INFO - Setting next_dagrun for example_branch_dop_operator_v3 to 2024-12-03 14:06:00+00:00, run_after=2024-12-03 14:07:00+00:00
[2024-12-03T21:07:43.146+0700] {processor.py:208} INFO - Processing /home/tedubuamo/project/venv/lib/python3.12/site-packages/airflow/example_dags/example_branch_python_dop_operator_3.py took 0.062 seconds
[2024-12-03T21:07:44.237+0700] {processor.py:186} INFO - Started process (PID=2461) to work on /home/tedubuamo/project/venv/lib/python3.12/site-packages/airflow/example_dags/example_branch_python_dop_operator_3.py
[2024-12-03T21:07:44.238+0700] {processor.py:914} INFO - Processing file /home/tedubuamo/project/venv/lib/python3.12/site-packages/airflow/example_dags/example_branch_python_dop_operator_3.py for tasks to queue
[2024-12-03T21:07:44.240+0700] {logging_mixin.py:190} INFO - [2024-12-03T21:07:44.240+0700] {dagbag.py:588} INFO - Filling up the DagBag from /home/tedubuamo/project/venv/lib/python3.12/site-packages/airflow/example_dags/example_branch_python_dop_operator_3.py
[2024-12-03T21:07:44.248+0700] {processor.py:925} INFO - DAG(s) 'example_branch_dop_operator_v3' retrieved from /home/tedubuamo/project/venv/lib/python3.12/site-packages/airflow/example_dags/example_branch_python_dop_operator_3.py
[2024-12-03T21:07:44.262+0700] {logging_mixin.py:190} INFO - [2024-12-03T21:07:44.261+0700] {dag.py:3239} INFO - Sync 1 DAGs
[2024-12-03T21:07:44.284+0700] {logging_mixin.py:190} INFO - [2024-12-03T21:07:44.284+0700] {dag.py:4180} INFO - Setting next_dagrun for example_branch_dop_operator_v3 to 2024-12-03 14:06:00+00:00, run_after=2024-12-03 14:07:00+00:00
[2024-12-03T21:07:44.305+0700] {processor.py:208} INFO - Processing /home/tedubuamo/project/venv/lib/python3.12/site-packages/airflow/example_dags/example_branch_python_dop_operator_3.py took 0.072 seconds
[2024-12-03T21:08:34.322+0700] {processor.py:186} INFO - Started process (PID=2562) to work on /home/tedubuamo/project/venv/lib/python3.12/site-packages/airflow/example_dags/example_branch_python_dop_operator_3.py
[2024-12-03T21:08:34.324+0700] {processor.py:914} INFO - Processing file /home/tedubuamo/project/venv/lib/python3.12/site-packages/airflow/example_dags/example_branch_python_dop_operator_3.py for tasks to queue
[2024-12-03T21:08:34.327+0700] {logging_mixin.py:190} INFO - [2024-12-03T21:08:34.326+0700] {dagbag.py:588} INFO - Filling up the DagBag from /home/tedubuamo/project/venv/lib/python3.12/site-packages/airflow/example_dags/example_branch_python_dop_operator_3.py
[2024-12-03T21:08:34.336+0700] {processor.py:925} INFO - DAG(s) 'example_branch_dop_operator_v3' retrieved from /home/tedubuamo/project/venv/lib/python3.12/site-packages/airflow/example_dags/example_branch_python_dop_operator_3.py
[2024-12-03T21:08:34.351+0700] {logging_mixin.py:190} INFO - [2024-12-03T21:08:34.351+0700] {dag.py:3239} INFO - Sync 1 DAGs
[2024-12-03T21:08:34.371+0700] {logging_mixin.py:190} INFO - [2024-12-03T21:08:34.371+0700] {dag.py:4180} INFO - Setting next_dagrun for example_branch_dop_operator_v3 to 2024-12-03 14:07:00+00:00, run_after=2024-12-03 14:08:00+00:00
[2024-12-03T21:08:34.408+0700] {processor.py:208} INFO - Processing /home/tedubuamo/project/venv/lib/python3.12/site-packages/airflow/example_dags/example_branch_python_dop_operator_3.py took 0.091 seconds
[2024-12-03T21:08:35.422+0700] {processor.py:186} INFO - Started process (PID=2565) to work on /home/tedubuamo/project/venv/lib/python3.12/site-packages/airflow/example_dags/example_branch_python_dop_operator_3.py
[2024-12-03T21:08:35.423+0700] {processor.py:914} INFO - Processing file /home/tedubuamo/project/venv/lib/python3.12/site-packages/airflow/example_dags/example_branch_python_dop_operator_3.py for tasks to queue
[2024-12-03T21:08:35.425+0700] {logging_mixin.py:190} INFO - [2024-12-03T21:08:35.425+0700] {dagbag.py:588} INFO - Filling up the DagBag from /home/tedubuamo/project/venv/lib/python3.12/site-packages/airflow/example_dags/example_branch_python_dop_operator_3.py
[2024-12-03T21:08:35.433+0700] {processor.py:925} INFO - DAG(s) 'example_branch_dop_operator_v3' retrieved from /home/tedubuamo/project/venv/lib/python3.12/site-packages/airflow/example_dags/example_branch_python_dop_operator_3.py
[2024-12-03T21:08:35.445+0700] {logging_mixin.py:190} INFO - [2024-12-03T21:08:35.444+0700] {dag.py:3239} INFO - Sync 1 DAGs
[2024-12-03T21:08:35.465+0700] {logging_mixin.py:190} INFO - [2024-12-03T21:08:35.464+0700] {dag.py:4180} INFO - Setting next_dagrun for example_branch_dop_operator_v3 to 2024-12-03 14:07:00+00:00, run_after=2024-12-03 14:08:00+00:00
[2024-12-03T21:08:35.485+0700] {processor.py:208} INFO - Processing /home/tedubuamo/project/venv/lib/python3.12/site-packages/airflow/example_dags/example_branch_python_dop_operator_3.py took 0.067 seconds
[2024-12-03T21:09:25.865+0700] {processor.py:186} INFO - Started process (PID=2669) to work on /home/tedubuamo/project/venv/lib/python3.12/site-packages/airflow/example_dags/example_branch_python_dop_operator_3.py
[2024-12-03T21:09:25.869+0700] {processor.py:914} INFO - Processing file /home/tedubuamo/project/venv/lib/python3.12/site-packages/airflow/example_dags/example_branch_python_dop_operator_3.py for tasks to queue
[2024-12-03T21:09:25.871+0700] {logging_mixin.py:190} INFO - [2024-12-03T21:09:25.871+0700] {dagbag.py:588} INFO - Filling up the DagBag from /home/tedubuamo/project/venv/lib/python3.12/site-packages/airflow/example_dags/example_branch_python_dop_operator_3.py
[2024-12-03T21:09:25.878+0700] {processor.py:925} INFO - DAG(s) 'example_branch_dop_operator_v3' retrieved from /home/tedubuamo/project/venv/lib/python3.12/site-packages/airflow/example_dags/example_branch_python_dop_operator_3.py
[2024-12-03T21:09:25.889+0700] {logging_mixin.py:190} INFO - [2024-12-03T21:09:25.889+0700] {dag.py:3239} INFO - Sync 1 DAGs
[2024-12-03T21:09:25.904+0700] {logging_mixin.py:190} INFO - [2024-12-03T21:09:25.903+0700] {dag.py:4180} INFO - Setting next_dagrun for example_branch_dop_operator_v3 to 2024-12-03 14:08:00+00:00, run_after=2024-12-03 14:09:00+00:00
[2024-12-03T21:09:25.920+0700] {processor.py:208} INFO - Processing /home/tedubuamo/project/venv/lib/python3.12/site-packages/airflow/example_dags/example_branch_python_dop_operator_3.py took 0.059 seconds
[2024-12-03T21:09:28.192+0700] {processor.py:186} INFO - Started process (PID=2674) to work on /home/tedubuamo/project/venv/lib/python3.12/site-packages/airflow/example_dags/example_branch_python_dop_operator_3.py
[2024-12-03T21:09:28.193+0700] {processor.py:914} INFO - Processing file /home/tedubuamo/project/venv/lib/python3.12/site-packages/airflow/example_dags/example_branch_python_dop_operator_3.py for tasks to queue
[2024-12-03T21:09:28.194+0700] {logging_mixin.py:190} INFO - [2024-12-03T21:09:28.194+0700] {dagbag.py:588} INFO - Filling up the DagBag from /home/tedubuamo/project/venv/lib/python3.12/site-packages/airflow/example_dags/example_branch_python_dop_operator_3.py
[2024-12-03T21:09:28.201+0700] {processor.py:925} INFO - DAG(s) 'example_branch_dop_operator_v3' retrieved from /home/tedubuamo/project/venv/lib/python3.12/site-packages/airflow/example_dags/example_branch_python_dop_operator_3.py
[2024-12-03T21:09:28.212+0700] {logging_mixin.py:190} INFO - [2024-12-03T21:09:28.212+0700] {dag.py:3239} INFO - Sync 1 DAGs
[2024-12-03T21:09:28.229+0700] {logging_mixin.py:190} INFO - [2024-12-03T21:09:28.229+0700] {dag.py:4180} INFO - Setting next_dagrun for example_branch_dop_operator_v3 to 2024-12-03 14:08:00+00:00, run_after=2024-12-03 14:09:00+00:00
[2024-12-03T21:09:28.251+0700] {processor.py:208} INFO - Processing /home/tedubuamo/project/venv/lib/python3.12/site-packages/airflow/example_dags/example_branch_python_dop_operator_3.py took 0.063 seconds
[2024-12-03T21:10:16.560+0700] {processor.py:186} INFO - Started process (PID=2774) to work on /home/tedubuamo/project/venv/lib/python3.12/site-packages/airflow/example_dags/example_branch_python_dop_operator_3.py
[2024-12-03T21:10:16.561+0700] {processor.py:914} INFO - Processing file /home/tedubuamo/project/venv/lib/python3.12/site-packages/airflow/example_dags/example_branch_python_dop_operator_3.py for tasks to queue
[2024-12-03T21:10:16.563+0700] {logging_mixin.py:190} INFO - [2024-12-03T21:10:16.563+0700] {dagbag.py:588} INFO - Filling up the DagBag from /home/tedubuamo/project/venv/lib/python3.12/site-packages/airflow/example_dags/example_branch_python_dop_operator_3.py
[2024-12-03T21:10:16.570+0700] {processor.py:925} INFO - DAG(s) 'example_branch_dop_operator_v3' retrieved from /home/tedubuamo/project/venv/lib/python3.12/site-packages/airflow/example_dags/example_branch_python_dop_operator_3.py
[2024-12-03T21:10:16.580+0700] {logging_mixin.py:190} INFO - [2024-12-03T21:10:16.580+0700] {dag.py:3239} INFO - Sync 1 DAGs
[2024-12-03T21:10:16.596+0700] {logging_mixin.py:190} INFO - [2024-12-03T21:10:16.596+0700] {dag.py:4180} INFO - Setting next_dagrun for example_branch_dop_operator_v3 to 2024-12-03 14:09:00+00:00, run_after=2024-12-03 14:10:00+00:00
[2024-12-03T21:10:16.613+0700] {processor.py:208} INFO - Processing /home/tedubuamo/project/venv/lib/python3.12/site-packages/airflow/example_dags/example_branch_python_dop_operator_3.py took 0.057 seconds
[2024-12-03T21:10:17.901+0700] {processor.py:186} INFO - Started process (PID=2777) to work on /home/tedubuamo/project/venv/lib/python3.12/site-packages/airflow/example_dags/example_branch_python_dop_operator_3.py
[2024-12-03T21:10:17.902+0700] {processor.py:914} INFO - Processing file /home/tedubuamo/project/venv/lib/python3.12/site-packages/airflow/example_dags/example_branch_python_dop_operator_3.py for tasks to queue
[2024-12-03T21:10:17.903+0700] {logging_mixin.py:190} INFO - [2024-12-03T21:10:17.903+0700] {dagbag.py:588} INFO - Filling up the DagBag from /home/tedubuamo/project/venv/lib/python3.12/site-packages/airflow/example_dags/example_branch_python_dop_operator_3.py
[2024-12-03T21:10:17.911+0700] {processor.py:925} INFO - DAG(s) 'example_branch_dop_operator_v3' retrieved from /home/tedubuamo/project/venv/lib/python3.12/site-packages/airflow/example_dags/example_branch_python_dop_operator_3.py
[2024-12-03T21:10:17.922+0700] {logging_mixin.py:190} INFO - [2024-12-03T21:10:17.922+0700] {dag.py:3239} INFO - Sync 1 DAGs
[2024-12-03T21:10:17.938+0700] {logging_mixin.py:190} INFO - [2024-12-03T21:10:17.938+0700] {dag.py:4180} INFO - Setting next_dagrun for example_branch_dop_operator_v3 to 2024-12-03 14:09:00+00:00, run_after=2024-12-03 14:10:00+00:00
[2024-12-03T21:10:17.954+0700] {processor.py:208} INFO - Processing /home/tedubuamo/project/venv/lib/python3.12/site-packages/airflow/example_dags/example_branch_python_dop_operator_3.py took 0.057 seconds
[2024-12-03T21:11:07.878+0700] {processor.py:186} INFO - Started process (PID=2879) to work on /home/tedubuamo/project/venv/lib/python3.12/site-packages/airflow/example_dags/example_branch_python_dop_operator_3.py
[2024-12-03T21:11:07.879+0700] {processor.py:914} INFO - Processing file /home/tedubuamo/project/venv/lib/python3.12/site-packages/airflow/example_dags/example_branch_python_dop_operator_3.py for tasks to queue
[2024-12-03T21:11:07.881+0700] {logging_mixin.py:190} INFO - [2024-12-03T21:11:07.881+0700] {dagbag.py:588} INFO - Filling up the DagBag from /home/tedubuamo/project/venv/lib/python3.12/site-packages/airflow/example_dags/example_branch_python_dop_operator_3.py
[2024-12-03T21:11:07.890+0700] {processor.py:925} INFO - DAG(s) 'example_branch_dop_operator_v3' retrieved from /home/tedubuamo/project/venv/lib/python3.12/site-packages/airflow/example_dags/example_branch_python_dop_operator_3.py
[2024-12-03T21:11:07.906+0700] {logging_mixin.py:190} INFO - [2024-12-03T21:11:07.906+0700] {dag.py:3239} INFO - Sync 1 DAGs
[2024-12-03T21:11:07.930+0700] {logging_mixin.py:190} INFO - [2024-12-03T21:11:07.930+0700] {dag.py:4180} INFO - Setting next_dagrun for example_branch_dop_operator_v3 to 2024-12-03 14:10:00+00:00, run_after=2024-12-03 14:11:00+00:00
[2024-12-03T21:11:07.953+0700] {processor.py:208} INFO - Processing /home/tedubuamo/project/venv/lib/python3.12/site-packages/airflow/example_dags/example_branch_python_dop_operator_3.py took 0.081 seconds
[2024-12-03T21:11:10.091+0700] {processor.py:186} INFO - Started process (PID=2882) to work on /home/tedubuamo/project/venv/lib/python3.12/site-packages/airflow/example_dags/example_branch_python_dop_operator_3.py
[2024-12-03T21:11:10.094+0700] {processor.py:914} INFO - Processing file /home/tedubuamo/project/venv/lib/python3.12/site-packages/airflow/example_dags/example_branch_python_dop_operator_3.py for tasks to queue
[2024-12-03T21:11:10.096+0700] {logging_mixin.py:190} INFO - [2024-12-03T21:11:10.096+0700] {dagbag.py:588} INFO - Filling up the DagBag from /home/tedubuamo/project/venv/lib/python3.12/site-packages/airflow/example_dags/example_branch_python_dop_operator_3.py
[2024-12-03T21:11:10.104+0700] {processor.py:925} INFO - DAG(s) 'example_branch_dop_operator_v3' retrieved from /home/tedubuamo/project/venv/lib/python3.12/site-packages/airflow/example_dags/example_branch_python_dop_operator_3.py
[2024-12-03T21:11:10.116+0700] {logging_mixin.py:190} INFO - [2024-12-03T21:11:10.115+0700] {dag.py:3239} INFO - Sync 1 DAGs
[2024-12-03T21:11:10.138+0700] {logging_mixin.py:190} INFO - [2024-12-03T21:11:10.138+0700] {dag.py:4180} INFO - Setting next_dagrun for example_branch_dop_operator_v3 to 2024-12-03 14:10:00+00:00, run_after=2024-12-03 14:11:00+00:00
[2024-12-03T21:11:10.165+0700] {processor.py:208} INFO - Processing /home/tedubuamo/project/venv/lib/python3.12/site-packages/airflow/example_dags/example_branch_python_dop_operator_3.py took 0.078 seconds
[2024-12-03T21:12:02.666+0700] {processor.py:186} INFO - Started process (PID=2996) to work on /home/tedubuamo/project/venv/lib/python3.12/site-packages/airflow/example_dags/example_branch_python_dop_operator_3.py
[2024-12-03T21:12:02.668+0700] {processor.py:914} INFO - Processing file /home/tedubuamo/project/venv/lib/python3.12/site-packages/airflow/example_dags/example_branch_python_dop_operator_3.py for tasks to queue
[2024-12-03T21:12:02.669+0700] {logging_mixin.py:190} INFO - [2024-12-03T21:12:02.669+0700] {dagbag.py:588} INFO - Filling up the DagBag from /home/tedubuamo/project/venv/lib/python3.12/site-packages/airflow/example_dags/example_branch_python_dop_operator_3.py
[2024-12-03T21:12:02.678+0700] {processor.py:925} INFO - DAG(s) 'example_branch_dop_operator_v3' retrieved from /home/tedubuamo/project/venv/lib/python3.12/site-packages/airflow/example_dags/example_branch_python_dop_operator_3.py
[2024-12-03T21:12:02.690+0700] {logging_mixin.py:190} INFO - [2024-12-03T21:12:02.690+0700] {dag.py:3239} INFO - Sync 1 DAGs
[2024-12-03T21:12:02.707+0700] {logging_mixin.py:190} INFO - [2024-12-03T21:12:02.707+0700] {dag.py:4180} INFO - Setting next_dagrun for example_branch_dop_operator_v3 to 2024-12-03 14:11:00+00:00, run_after=2024-12-03 14:12:00+00:00
[2024-12-03T21:12:02.725+0700] {processor.py:208} INFO - Processing /home/tedubuamo/project/venv/lib/python3.12/site-packages/airflow/example_dags/example_branch_python_dop_operator_3.py took 0.063 seconds
[2024-12-03T21:12:03.992+0700] {processor.py:186} INFO - Started process (PID=3003) to work on /home/tedubuamo/project/venv/lib/python3.12/site-packages/airflow/example_dags/example_branch_python_dop_operator_3.py
[2024-12-03T21:12:03.992+0700] {processor.py:914} INFO - Processing file /home/tedubuamo/project/venv/lib/python3.12/site-packages/airflow/example_dags/example_branch_python_dop_operator_3.py for tasks to queue
[2024-12-03T21:12:03.994+0700] {logging_mixin.py:190} INFO - [2024-12-03T21:12:03.993+0700] {dagbag.py:588} INFO - Filling up the DagBag from /home/tedubuamo/project/venv/lib/python3.12/site-packages/airflow/example_dags/example_branch_python_dop_operator_3.py
[2024-12-03T21:12:04.001+0700] {processor.py:925} INFO - DAG(s) 'example_branch_dop_operator_v3' retrieved from /home/tedubuamo/project/venv/lib/python3.12/site-packages/airflow/example_dags/example_branch_python_dop_operator_3.py
[2024-12-03T21:12:04.012+0700] {logging_mixin.py:190} INFO - [2024-12-03T21:12:04.012+0700] {dag.py:3239} INFO - Sync 1 DAGs
[2024-12-03T21:12:04.027+0700] {logging_mixin.py:190} INFO - [2024-12-03T21:12:04.026+0700] {dag.py:4180} INFO - Setting next_dagrun for example_branch_dop_operator_v3 to 2024-12-03 14:11:00+00:00, run_after=2024-12-03 14:12:00+00:00
[2024-12-03T21:12:04.044+0700] {processor.py:208} INFO - Processing /home/tedubuamo/project/venv/lib/python3.12/site-packages/airflow/example_dags/example_branch_python_dop_operator_3.py took 0.056 seconds
[2024-12-03T21:12:50.628+0700] {processor.py:186} INFO - Started process (PID=3125) to work on /home/tedubuamo/project/venv/lib/python3.12/site-packages/airflow/example_dags/example_branch_python_dop_operator_3.py
[2024-12-03T21:12:50.629+0700] {processor.py:914} INFO - Processing file /home/tedubuamo/project/venv/lib/python3.12/site-packages/airflow/example_dags/example_branch_python_dop_operator_3.py for tasks to queue
[2024-12-03T21:12:50.631+0700] {logging_mixin.py:190} INFO - [2024-12-03T21:12:50.631+0700] {dagbag.py:588} INFO - Filling up the DagBag from /home/tedubuamo/project/venv/lib/python3.12/site-packages/airflow/example_dags/example_branch_python_dop_operator_3.py
[2024-12-03T21:12:50.638+0700] {processor.py:925} INFO - DAG(s) 'example_branch_dop_operator_v3' retrieved from /home/tedubuamo/project/venv/lib/python3.12/site-packages/airflow/example_dags/example_branch_python_dop_operator_3.py
[2024-12-03T21:12:50.649+0700] {logging_mixin.py:190} INFO - [2024-12-03T21:12:50.648+0700] {dag.py:3239} INFO - Sync 1 DAGs
[2024-12-03T21:12:50.663+0700] {logging_mixin.py:190} INFO - [2024-12-03T21:12:50.663+0700] {dag.py:4180} INFO - Setting next_dagrun for example_branch_dop_operator_v3 to 2024-12-03 14:11:00+00:00, run_after=2024-12-03 14:12:00+00:00
[2024-12-03T21:12:50.679+0700] {processor.py:208} INFO - Processing /home/tedubuamo/project/venv/lib/python3.12/site-packages/airflow/example_dags/example_branch_python_dop_operator_3.py took 0.055 seconds
[2024-12-03T21:12:58.140+0700] {processor.py:186} INFO - Started process (PID=3140) to work on /home/tedubuamo/project/venv/lib/python3.12/site-packages/airflow/example_dags/example_branch_python_dop_operator_3.py
[2024-12-03T21:12:58.141+0700] {processor.py:914} INFO - Processing file /home/tedubuamo/project/venv/lib/python3.12/site-packages/airflow/example_dags/example_branch_python_dop_operator_3.py for tasks to queue
[2024-12-03T21:12:58.142+0700] {logging_mixin.py:190} INFO - [2024-12-03T21:12:58.142+0700] {dagbag.py:588} INFO - Filling up the DagBag from /home/tedubuamo/project/venv/lib/python3.12/site-packages/airflow/example_dags/example_branch_python_dop_operator_3.py
[2024-12-03T21:12:58.150+0700] {processor.py:925} INFO - DAG(s) 'example_branch_dop_operator_v3' retrieved from /home/tedubuamo/project/venv/lib/python3.12/site-packages/airflow/example_dags/example_branch_python_dop_operator_3.py
[2024-12-03T21:12:58.163+0700] {logging_mixin.py:190} INFO - [2024-12-03T21:12:58.162+0700] {dag.py:3239} INFO - Sync 1 DAGs
[2024-12-03T21:12:58.180+0700] {logging_mixin.py:190} INFO - [2024-12-03T21:12:58.180+0700] {dag.py:4180} INFO - Setting next_dagrun for example_branch_dop_operator_v3 to 2024-12-03 14:11:00+00:00, run_after=2024-12-03 14:12:00+00:00
[2024-12-03T21:12:58.200+0700] {processor.py:208} INFO - Processing /home/tedubuamo/project/venv/lib/python3.12/site-packages/airflow/example_dags/example_branch_python_dop_operator_3.py took 0.065 seconds
[2024-12-03T21:13:42.144+0700] {processor.py:186} INFO - Started process (PID=3229) to work on /home/tedubuamo/project/venv/lib/python3.12/site-packages/airflow/example_dags/example_branch_python_dop_operator_3.py
[2024-12-03T21:13:42.146+0700] {processor.py:914} INFO - Processing file /home/tedubuamo/project/venv/lib/python3.12/site-packages/airflow/example_dags/example_branch_python_dop_operator_3.py for tasks to queue
[2024-12-03T21:13:42.148+0700] {logging_mixin.py:190} INFO - [2024-12-03T21:13:42.148+0700] {dagbag.py:588} INFO - Filling up the DagBag from /home/tedubuamo/project/venv/lib/python3.12/site-packages/airflow/example_dags/example_branch_python_dop_operator_3.py
[2024-12-03T21:13:42.156+0700] {processor.py:925} INFO - DAG(s) 'example_branch_dop_operator_v3' retrieved from /home/tedubuamo/project/venv/lib/python3.12/site-packages/airflow/example_dags/example_branch_python_dop_operator_3.py
[2024-12-03T21:13:42.168+0700] {logging_mixin.py:190} INFO - [2024-12-03T21:13:42.168+0700] {dag.py:3239} INFO - Sync 1 DAGs
[2024-12-03T21:13:42.185+0700] {logging_mixin.py:190} INFO - [2024-12-03T21:13:42.185+0700] {dag.py:4180} INFO - Setting next_dagrun for example_branch_dop_operator_v3 to 2024-12-03 14:12:00+00:00, run_after=2024-12-03 14:13:00+00:00
[2024-12-03T21:13:42.204+0700] {processor.py:208} INFO - Processing /home/tedubuamo/project/venv/lib/python3.12/site-packages/airflow/example_dags/example_branch_python_dop_operator_3.py took 0.063 seconds
[2024-12-03T21:13:49.479+0700] {processor.py:186} INFO - Started process (PID=3246) to work on /home/tedubuamo/project/venv/lib/python3.12/site-packages/airflow/example_dags/example_branch_python_dop_operator_3.py
[2024-12-03T21:13:49.480+0700] {processor.py:914} INFO - Processing file /home/tedubuamo/project/venv/lib/python3.12/site-packages/airflow/example_dags/example_branch_python_dop_operator_3.py for tasks to queue
[2024-12-03T21:13:49.482+0700] {logging_mixin.py:190} INFO - [2024-12-03T21:13:49.482+0700] {dagbag.py:588} INFO - Filling up the DagBag from /home/tedubuamo/project/venv/lib/python3.12/site-packages/airflow/example_dags/example_branch_python_dop_operator_3.py
[2024-12-03T21:13:49.493+0700] {processor.py:925} INFO - DAG(s) 'example_branch_dop_operator_v3' retrieved from /home/tedubuamo/project/venv/lib/python3.12/site-packages/airflow/example_dags/example_branch_python_dop_operator_3.py
[2024-12-03T21:13:49.507+0700] {logging_mixin.py:190} INFO - [2024-12-03T21:13:49.507+0700] {dag.py:3239} INFO - Sync 1 DAGs
[2024-12-03T21:13:49.529+0700] {logging_mixin.py:190} INFO - [2024-12-03T21:13:49.529+0700] {dag.py:4180} INFO - Setting next_dagrun for example_branch_dop_operator_v3 to 2024-12-03 14:12:00+00:00, run_after=2024-12-03 14:13:00+00:00
[2024-12-03T21:13:49.549+0700] {processor.py:208} INFO - Processing /home/tedubuamo/project/venv/lib/python3.12/site-packages/airflow/example_dags/example_branch_python_dop_operator_3.py took 0.075 seconds
[2024-12-03T21:14:32.827+0700] {processor.py:186} INFO - Started process (PID=3334) to work on /home/tedubuamo/project/venv/lib/python3.12/site-packages/airflow/example_dags/example_branch_python_dop_operator_3.py
[2024-12-03T21:14:32.828+0700] {processor.py:914} INFO - Processing file /home/tedubuamo/project/venv/lib/python3.12/site-packages/airflow/example_dags/example_branch_python_dop_operator_3.py for tasks to queue
[2024-12-03T21:14:32.829+0700] {logging_mixin.py:190} INFO - [2024-12-03T21:14:32.829+0700] {dagbag.py:588} INFO - Filling up the DagBag from /home/tedubuamo/project/venv/lib/python3.12/site-packages/airflow/example_dags/example_branch_python_dop_operator_3.py
[2024-12-03T21:14:32.837+0700] {processor.py:925} INFO - DAG(s) 'example_branch_dop_operator_v3' retrieved from /home/tedubuamo/project/venv/lib/python3.12/site-packages/airflow/example_dags/example_branch_python_dop_operator_3.py
[2024-12-03T21:14:32.848+0700] {logging_mixin.py:190} INFO - [2024-12-03T21:14:32.847+0700] {dag.py:3239} INFO - Sync 1 DAGs
[2024-12-03T21:14:32.862+0700] {logging_mixin.py:190} INFO - [2024-12-03T21:14:32.862+0700] {dag.py:4180} INFO - Setting next_dagrun for example_branch_dop_operator_v3 to 2024-12-03 14:13:00+00:00, run_after=2024-12-03 14:14:00+00:00
[2024-12-03T21:14:32.879+0700] {processor.py:208} INFO - Processing /home/tedubuamo/project/venv/lib/python3.12/site-packages/airflow/example_dags/example_branch_python_dop_operator_3.py took 0.056 seconds
[2024-12-03T21:14:41.065+0700] {processor.py:186} INFO - Started process (PID=3351) to work on /home/tedubuamo/project/venv/lib/python3.12/site-packages/airflow/example_dags/example_branch_python_dop_operator_3.py
[2024-12-03T21:14:41.065+0700] {processor.py:914} INFO - Processing file /home/tedubuamo/project/venv/lib/python3.12/site-packages/airflow/example_dags/example_branch_python_dop_operator_3.py for tasks to queue
[2024-12-03T21:14:41.067+0700] {logging_mixin.py:190} INFO - [2024-12-03T21:14:41.067+0700] {dagbag.py:588} INFO - Filling up the DagBag from /home/tedubuamo/project/venv/lib/python3.12/site-packages/airflow/example_dags/example_branch_python_dop_operator_3.py
[2024-12-03T21:14:41.076+0700] {processor.py:925} INFO - DAG(s) 'example_branch_dop_operator_v3' retrieved from /home/tedubuamo/project/venv/lib/python3.12/site-packages/airflow/example_dags/example_branch_python_dop_operator_3.py
[2024-12-03T21:14:41.087+0700] {logging_mixin.py:190} INFO - [2024-12-03T21:14:41.087+0700] {dag.py:3239} INFO - Sync 1 DAGs
[2024-12-03T21:14:41.104+0700] {logging_mixin.py:190} INFO - [2024-12-03T21:14:41.104+0700] {dag.py:4180} INFO - Setting next_dagrun for example_branch_dop_operator_v3 to 2024-12-03 14:13:00+00:00, run_after=2024-12-03 14:14:00+00:00
[2024-12-03T21:14:41.122+0700] {processor.py:208} INFO - Processing /home/tedubuamo/project/venv/lib/python3.12/site-packages/airflow/example_dags/example_branch_python_dop_operator_3.py took 0.062 seconds
[2024-12-03T21:15:26.833+0700] {processor.py:186} INFO - Started process (PID=3445) to work on /home/tedubuamo/project/venv/lib/python3.12/site-packages/airflow/example_dags/example_branch_python_dop_operator_3.py
[2024-12-03T21:15:26.835+0700] {processor.py:914} INFO - Processing file /home/tedubuamo/project/venv/lib/python3.12/site-packages/airflow/example_dags/example_branch_python_dop_operator_3.py for tasks to queue
[2024-12-03T21:15:26.837+0700] {logging_mixin.py:190} INFO - [2024-12-03T21:15:26.836+0700] {dagbag.py:588} INFO - Filling up the DagBag from /home/tedubuamo/project/venv/lib/python3.12/site-packages/airflow/example_dags/example_branch_python_dop_operator_3.py
[2024-12-03T21:15:26.847+0700] {processor.py:925} INFO - DAG(s) 'example_branch_dop_operator_v3' retrieved from /home/tedubuamo/project/venv/lib/python3.12/site-packages/airflow/example_dags/example_branch_python_dop_operator_3.py
[2024-12-03T21:15:26.863+0700] {logging_mixin.py:190} INFO - [2024-12-03T21:15:26.863+0700] {dag.py:3239} INFO - Sync 1 DAGs
[2024-12-03T21:15:26.884+0700] {logging_mixin.py:190} INFO - [2024-12-03T21:15:26.884+0700] {dag.py:4180} INFO - Setting next_dagrun for example_branch_dop_operator_v3 to 2024-12-03 14:14:00+00:00, run_after=2024-12-03 14:15:00+00:00
[2024-12-03T21:15:26.909+0700] {processor.py:208} INFO - Processing /home/tedubuamo/project/venv/lib/python3.12/site-packages/airflow/example_dags/example_branch_python_dop_operator_3.py took 0.080 seconds
[2024-12-03T21:15:31.163+0700] {processor.py:186} INFO - Started process (PID=3456) to work on /home/tedubuamo/project/venv/lib/python3.12/site-packages/airflow/example_dags/example_branch_python_dop_operator_3.py
[2024-12-03T21:15:31.165+0700] {processor.py:914} INFO - Processing file /home/tedubuamo/project/venv/lib/python3.12/site-packages/airflow/example_dags/example_branch_python_dop_operator_3.py for tasks to queue
[2024-12-03T21:15:31.167+0700] {logging_mixin.py:190} INFO - [2024-12-03T21:15:31.167+0700] {dagbag.py:588} INFO - Filling up the DagBag from /home/tedubuamo/project/venv/lib/python3.12/site-packages/airflow/example_dags/example_branch_python_dop_operator_3.py
[2024-12-03T21:15:31.179+0700] {processor.py:925} INFO - DAG(s) 'example_branch_dop_operator_v3' retrieved from /home/tedubuamo/project/venv/lib/python3.12/site-packages/airflow/example_dags/example_branch_python_dop_operator_3.py
[2024-12-03T21:15:31.193+0700] {logging_mixin.py:190} INFO - [2024-12-03T21:15:31.193+0700] {dag.py:3239} INFO - Sync 1 DAGs
[2024-12-03T21:15:31.214+0700] {logging_mixin.py:190} INFO - [2024-12-03T21:15:31.214+0700] {dag.py:4180} INFO - Setting next_dagrun for example_branch_dop_operator_v3 to 2024-12-03 14:14:00+00:00, run_after=2024-12-03 14:15:00+00:00
[2024-12-03T21:15:31.235+0700] {processor.py:208} INFO - Processing /home/tedubuamo/project/venv/lib/python3.12/site-packages/airflow/example_dags/example_branch_python_dop_operator_3.py took 0.077 seconds
[2024-12-03T21:16:17.266+0700] {processor.py:186} INFO - Started process (PID=3558) to work on /home/tedubuamo/project/venv/lib/python3.12/site-packages/airflow/example_dags/example_branch_python_dop_operator_3.py
[2024-12-03T21:16:17.267+0700] {processor.py:914} INFO - Processing file /home/tedubuamo/project/venv/lib/python3.12/site-packages/airflow/example_dags/example_branch_python_dop_operator_3.py for tasks to queue
[2024-12-03T21:16:17.268+0700] {logging_mixin.py:190} INFO - [2024-12-03T21:16:17.268+0700] {dagbag.py:588} INFO - Filling up the DagBag from /home/tedubuamo/project/venv/lib/python3.12/site-packages/airflow/example_dags/example_branch_python_dop_operator_3.py
[2024-12-03T21:16:17.277+0700] {processor.py:925} INFO - DAG(s) 'example_branch_dop_operator_v3' retrieved from /home/tedubuamo/project/venv/lib/python3.12/site-packages/airflow/example_dags/example_branch_python_dop_operator_3.py
[2024-12-03T21:16:17.289+0700] {logging_mixin.py:190} INFO - [2024-12-03T21:16:17.289+0700] {dag.py:3239} INFO - Sync 1 DAGs
[2024-12-03T21:16:17.307+0700] {logging_mixin.py:190} INFO - [2024-12-03T21:16:17.306+0700] {dag.py:4180} INFO - Setting next_dagrun for example_branch_dop_operator_v3 to 2024-12-03 14:15:00+00:00, run_after=2024-12-03 14:16:00+00:00
[2024-12-03T21:16:17.325+0700] {processor.py:208} INFO - Processing /home/tedubuamo/project/venv/lib/python3.12/site-packages/airflow/example_dags/example_branch_python_dop_operator_3.py took 0.064 seconds
[2024-12-03T21:16:22.638+0700] {processor.py:186} INFO - Started process (PID=3570) to work on /home/tedubuamo/project/venv/lib/python3.12/site-packages/airflow/example_dags/example_branch_python_dop_operator_3.py
[2024-12-03T21:16:22.638+0700] {processor.py:914} INFO - Processing file /home/tedubuamo/project/venv/lib/python3.12/site-packages/airflow/example_dags/example_branch_python_dop_operator_3.py for tasks to queue
[2024-12-03T21:16:22.640+0700] {logging_mixin.py:190} INFO - [2024-12-03T21:16:22.640+0700] {dagbag.py:588} INFO - Filling up the DagBag from /home/tedubuamo/project/venv/lib/python3.12/site-packages/airflow/example_dags/example_branch_python_dop_operator_3.py
[2024-12-03T21:16:22.651+0700] {processor.py:925} INFO - DAG(s) 'example_branch_dop_operator_v3' retrieved from /home/tedubuamo/project/venv/lib/python3.12/site-packages/airflow/example_dags/example_branch_python_dop_operator_3.py
[2024-12-03T21:16:22.670+0700] {logging_mixin.py:190} INFO - [2024-12-03T21:16:22.670+0700] {dag.py:3239} INFO - Sync 1 DAGs
[2024-12-03T21:16:22.704+0700] {logging_mixin.py:190} INFO - [2024-12-03T21:16:22.704+0700] {dag.py:4180} INFO - Setting next_dagrun for example_branch_dop_operator_v3 to 2024-12-03 14:15:00+00:00, run_after=2024-12-03 14:16:00+00:00
[2024-12-03T21:16:22.925+0700] {processor.py:208} INFO - Processing /home/tedubuamo/project/venv/lib/python3.12/site-packages/airflow/example_dags/example_branch_python_dop_operator_3.py took 0.291 seconds
[2024-12-03T21:17:11.078+0700] {processor.py:186} INFO - Started process (PID=3696) to work on /home/tedubuamo/project/venv/lib/python3.12/site-packages/airflow/example_dags/example_branch_python_dop_operator_3.py
[2024-12-03T21:17:11.081+0700] {processor.py:914} INFO - Processing file /home/tedubuamo/project/venv/lib/python3.12/site-packages/airflow/example_dags/example_branch_python_dop_operator_3.py for tasks to queue
[2024-12-03T21:17:11.084+0700] {logging_mixin.py:190} INFO - [2024-12-03T21:17:11.084+0700] {dagbag.py:588} INFO - Filling up the DagBag from /home/tedubuamo/project/venv/lib/python3.12/site-packages/airflow/example_dags/example_branch_python_dop_operator_3.py
[2024-12-03T21:17:11.096+0700] {processor.py:925} INFO - DAG(s) 'example_branch_dop_operator_v3' retrieved from /home/tedubuamo/project/venv/lib/python3.12/site-packages/airflow/example_dags/example_branch_python_dop_operator_3.py
[2024-12-03T21:17:11.110+0700] {logging_mixin.py:190} INFO - [2024-12-03T21:17:11.110+0700] {dag.py:3239} INFO - Sync 1 DAGs
[2024-12-03T21:17:11.131+0700] {logging_mixin.py:190} INFO - [2024-12-03T21:17:11.131+0700] {dag.py:4180} INFO - Setting next_dagrun for example_branch_dop_operator_v3 to 2024-12-03 14:16:00+00:00, run_after=2024-12-03 14:17:00+00:00
[2024-12-03T21:17:11.154+0700] {processor.py:208} INFO - Processing /home/tedubuamo/project/venv/lib/python3.12/site-packages/airflow/example_dags/example_branch_python_dop_operator_3.py took 0.081 seconds
[2024-12-03T21:17:12.909+0700] {processor.py:186} INFO - Started process (PID=3700) to work on /home/tedubuamo/project/venv/lib/python3.12/site-packages/airflow/example_dags/example_branch_python_dop_operator_3.py
[2024-12-03T21:17:12.909+0700] {processor.py:914} INFO - Processing file /home/tedubuamo/project/venv/lib/python3.12/site-packages/airflow/example_dags/example_branch_python_dop_operator_3.py for tasks to queue
[2024-12-03T21:17:12.910+0700] {logging_mixin.py:190} INFO - [2024-12-03T21:17:12.910+0700] {dagbag.py:588} INFO - Filling up the DagBag from /home/tedubuamo/project/venv/lib/python3.12/site-packages/airflow/example_dags/example_branch_python_dop_operator_3.py
[2024-12-03T21:17:12.918+0700] {processor.py:925} INFO - DAG(s) 'example_branch_dop_operator_v3' retrieved from /home/tedubuamo/project/venv/lib/python3.12/site-packages/airflow/example_dags/example_branch_python_dop_operator_3.py
[2024-12-03T21:17:12.929+0700] {logging_mixin.py:190} INFO - [2024-12-03T21:17:12.929+0700] {dag.py:3239} INFO - Sync 1 DAGs
[2024-12-03T21:17:12.945+0700] {logging_mixin.py:190} INFO - [2024-12-03T21:17:12.944+0700] {dag.py:4180} INFO - Setting next_dagrun for example_branch_dop_operator_v3 to 2024-12-03 14:16:00+00:00, run_after=2024-12-03 14:17:00+00:00
[2024-12-03T21:17:12.962+0700] {processor.py:208} INFO - Processing /home/tedubuamo/project/venv/lib/python3.12/site-packages/airflow/example_dags/example_branch_python_dop_operator_3.py took 0.057 seconds
[2024-12-03T21:18:03.421+0700] {processor.py:186} INFO - Started process (PID=3820) to work on /home/tedubuamo/project/venv/lib/python3.12/site-packages/airflow/example_dags/example_branch_python_dop_operator_3.py
[2024-12-03T21:18:03.423+0700] {processor.py:914} INFO - Processing file /home/tedubuamo/project/venv/lib/python3.12/site-packages/airflow/example_dags/example_branch_python_dop_operator_3.py for tasks to queue
[2024-12-03T21:18:03.425+0700] {logging_mixin.py:190} INFO - [2024-12-03T21:18:03.425+0700] {dagbag.py:588} INFO - Filling up the DagBag from /home/tedubuamo/project/venv/lib/python3.12/site-packages/airflow/example_dags/example_branch_python_dop_operator_3.py
[2024-12-03T21:18:03.435+0700] {processor.py:925} INFO - DAG(s) 'example_branch_dop_operator_v3' retrieved from /home/tedubuamo/project/venv/lib/python3.12/site-packages/airflow/example_dags/example_branch_python_dop_operator_3.py
[2024-12-03T21:18:03.452+0700] {logging_mixin.py:190} INFO - [2024-12-03T21:18:03.452+0700] {dag.py:3239} INFO - Sync 1 DAGs
[2024-12-03T21:18:03.476+0700] {logging_mixin.py:190} INFO - [2024-12-03T21:18:03.476+0700] {dag.py:4180} INFO - Setting next_dagrun for example_branch_dop_operator_v3 to 2024-12-03 14:17:00+00:00, run_after=2024-12-03 14:18:00+00:00
[2024-12-03T21:18:03.500+0700] {processor.py:208} INFO - Processing /home/tedubuamo/project/venv/lib/python3.12/site-packages/airflow/example_dags/example_branch_python_dop_operator_3.py took 0.084 seconds
[2024-12-03T21:18:04.368+0700] {processor.py:186} INFO - Started process (PID=3821) to work on /home/tedubuamo/project/venv/lib/python3.12/site-packages/airflow/example_dags/example_branch_python_dop_operator_3.py
[2024-12-03T21:18:04.369+0700] {processor.py:914} INFO - Processing file /home/tedubuamo/project/venv/lib/python3.12/site-packages/airflow/example_dags/example_branch_python_dop_operator_3.py for tasks to queue
[2024-12-03T21:18:04.371+0700] {logging_mixin.py:190} INFO - [2024-12-03T21:18:04.371+0700] {dagbag.py:588} INFO - Filling up the DagBag from /home/tedubuamo/project/venv/lib/python3.12/site-packages/airflow/example_dags/example_branch_python_dop_operator_3.py
[2024-12-03T21:18:04.385+0700] {processor.py:925} INFO - DAG(s) 'example_branch_dop_operator_v3' retrieved from /home/tedubuamo/project/venv/lib/python3.12/site-packages/airflow/example_dags/example_branch_python_dop_operator_3.py
[2024-12-03T21:18:04.406+0700] {logging_mixin.py:190} INFO - [2024-12-03T21:18:04.405+0700] {dag.py:3239} INFO - Sync 1 DAGs
[2024-12-03T21:18:04.434+0700] {logging_mixin.py:190} INFO - [2024-12-03T21:18:04.434+0700] {dag.py:4180} INFO - Setting next_dagrun for example_branch_dop_operator_v3 to 2024-12-03 14:17:00+00:00, run_after=2024-12-03 14:18:00+00:00
[2024-12-03T21:18:04.462+0700] {processor.py:208} INFO - Processing /home/tedubuamo/project/venv/lib/python3.12/site-packages/airflow/example_dags/example_branch_python_dop_operator_3.py took 0.101 seconds
[2024-12-03T21:19:02.281+0700] {processor.py:186} INFO - Started process (PID=3939) to work on /home/tedubuamo/project/venv/lib/python3.12/site-packages/airflow/example_dags/example_branch_python_dop_operator_3.py
[2024-12-03T21:19:02.292+0700] {processor.py:914} INFO - Processing file /home/tedubuamo/project/venv/lib/python3.12/site-packages/airflow/example_dags/example_branch_python_dop_operator_3.py for tasks to queue
[2024-12-03T21:19:02.293+0700] {logging_mixin.py:190} INFO - [2024-12-03T21:19:02.293+0700] {dagbag.py:588} INFO - Filling up the DagBag from /home/tedubuamo/project/venv/lib/python3.12/site-packages/airflow/example_dags/example_branch_python_dop_operator_3.py
[2024-12-03T21:19:02.302+0700] {processor.py:925} INFO - DAG(s) 'example_branch_dop_operator_v3' retrieved from /home/tedubuamo/project/venv/lib/python3.12/site-packages/airflow/example_dags/example_branch_python_dop_operator_3.py
[2024-12-03T21:19:02.379+0700] {logging_mixin.py:190} INFO - [2024-12-03T21:19:02.379+0700] {dag.py:3239} INFO - Sync 1 DAGs
[2024-12-03T21:19:02.399+0700] {logging_mixin.py:190} INFO - [2024-12-03T21:19:02.399+0700] {dag.py:4180} INFO - Setting next_dagrun for example_branch_dop_operator_v3 to 2024-12-03 14:18:00+00:00, run_after=2024-12-03 14:19:00+00:00
[2024-12-03T21:19:02.423+0700] {processor.py:208} INFO - Processing /home/tedubuamo/project/venv/lib/python3.12/site-packages/airflow/example_dags/example_branch_python_dop_operator_3.py took 0.145 seconds
[2024-12-03T21:20:00.686+0700] {processor.py:186} INFO - Started process (PID=4001) to work on /home/tedubuamo/project/venv/lib/python3.12/site-packages/airflow/example_dags/example_branch_python_dop_operator_3.py
[2024-12-03T21:20:00.690+0700] {processor.py:914} INFO - Processing file /home/tedubuamo/project/venv/lib/python3.12/site-packages/airflow/example_dags/example_branch_python_dop_operator_3.py for tasks to queue
[2024-12-03T21:20:00.693+0700] {logging_mixin.py:190} INFO - [2024-12-03T21:20:00.693+0700] {dagbag.py:588} INFO - Filling up the DagBag from /home/tedubuamo/project/venv/lib/python3.12/site-packages/airflow/example_dags/example_branch_python_dop_operator_3.py
[2024-12-03T21:20:00.701+0700] {processor.py:925} INFO - DAG(s) 'example_branch_dop_operator_v3' retrieved from /home/tedubuamo/project/venv/lib/python3.12/site-packages/airflow/example_dags/example_branch_python_dop_operator_3.py
[2024-12-03T21:20:00.711+0700] {logging_mixin.py:190} INFO - [2024-12-03T21:20:00.711+0700] {dag.py:3239} INFO - Sync 1 DAGs
[2024-12-03T21:20:00.727+0700] {logging_mixin.py:190} INFO - [2024-12-03T21:20:00.726+0700] {dag.py:4180} INFO - Setting next_dagrun for example_branch_dop_operator_v3 to 2024-12-03 14:19:00+00:00, run_after=2024-12-03 14:20:00+00:00
[2024-12-03T21:20:00.745+0700] {processor.py:208} INFO - Processing /home/tedubuamo/project/venv/lib/python3.12/site-packages/airflow/example_dags/example_branch_python_dop_operator_3.py took 0.063 seconds
[2024-12-03T21:21:03.224+0700] {processor.py:186} INFO - Started process (PID=4104) to work on /home/tedubuamo/project/venv/lib/python3.12/site-packages/airflow/example_dags/example_branch_python_dop_operator_3.py
[2024-12-03T21:21:03.225+0700] {processor.py:914} INFO - Processing file /home/tedubuamo/project/venv/lib/python3.12/site-packages/airflow/example_dags/example_branch_python_dop_operator_3.py for tasks to queue
[2024-12-03T21:21:03.229+0700] {logging_mixin.py:190} INFO - [2024-12-03T21:21:03.228+0700] {dagbag.py:588} INFO - Filling up the DagBag from /home/tedubuamo/project/venv/lib/python3.12/site-packages/airflow/example_dags/example_branch_python_dop_operator_3.py
[2024-12-03T21:21:03.237+0700] {processor.py:925} INFO - DAG(s) 'example_branch_dop_operator_v3' retrieved from /home/tedubuamo/project/venv/lib/python3.12/site-packages/airflow/example_dags/example_branch_python_dop_operator_3.py
[2024-12-03T21:21:03.252+0700] {logging_mixin.py:190} INFO - [2024-12-03T21:21:03.251+0700] {dag.py:3239} INFO - Sync 1 DAGs
[2024-12-03T21:21:03.274+0700] {logging_mixin.py:190} INFO - [2024-12-03T21:21:03.273+0700] {dag.py:4180} INFO - Setting next_dagrun for example_branch_dop_operator_v3 to 2024-12-03 14:20:00+00:00, run_after=2024-12-03 14:21:00+00:00
[2024-12-03T21:21:03.297+0700] {processor.py:208} INFO - Processing /home/tedubuamo/project/venv/lib/python3.12/site-packages/airflow/example_dags/example_branch_python_dop_operator_3.py took 0.078 seconds
[2024-12-03T21:21:58.457+0700] {processor.py:186} INFO - Started process (PID=4172) to work on /home/tedubuamo/project/venv/lib/python3.12/site-packages/airflow/example_dags/example_branch_python_dop_operator_3.py
[2024-12-03T21:21:58.471+0700] {processor.py:914} INFO - Processing file /home/tedubuamo/project/venv/lib/python3.12/site-packages/airflow/example_dags/example_branch_python_dop_operator_3.py for tasks to queue
[2024-12-03T21:21:58.473+0700] {logging_mixin.py:190} INFO - [2024-12-03T21:21:58.473+0700] {dagbag.py:588} INFO - Filling up the DagBag from /home/tedubuamo/project/venv/lib/python3.12/site-packages/airflow/example_dags/example_branch_python_dop_operator_3.py
[2024-12-03T21:21:58.481+0700] {processor.py:925} INFO - DAG(s) 'example_branch_dop_operator_v3' retrieved from /home/tedubuamo/project/venv/lib/python3.12/site-packages/airflow/example_dags/example_branch_python_dop_operator_3.py
[2024-12-03T21:21:58.492+0700] {logging_mixin.py:190} INFO - [2024-12-03T21:21:58.491+0700] {dag.py:3239} INFO - Sync 1 DAGs
[2024-12-03T21:21:58.507+0700] {logging_mixin.py:190} INFO - [2024-12-03T21:21:58.507+0700] {dag.py:4180} INFO - Setting next_dagrun for example_branch_dop_operator_v3 to 2024-12-03 14:20:00+00:00, run_after=2024-12-03 14:21:00+00:00
[2024-12-03T21:21:58.524+0700] {processor.py:208} INFO - Processing /home/tedubuamo/project/venv/lib/python3.12/site-packages/airflow/example_dags/example_branch_python_dop_operator_3.py took 0.071 seconds
[2024-12-03T21:22:52.283+0700] {processor.py:186} INFO - Started process (PID=4260) to work on /home/tedubuamo/project/venv/lib/python3.12/site-packages/airflow/example_dags/example_branch_python_dop_operator_3.py
[2024-12-03T21:22:52.284+0700] {processor.py:914} INFO - Processing file /home/tedubuamo/project/venv/lib/python3.12/site-packages/airflow/example_dags/example_branch_python_dop_operator_3.py for tasks to queue
[2024-12-03T21:22:52.287+0700] {logging_mixin.py:190} INFO - [2024-12-03T21:22:52.286+0700] {dagbag.py:588} INFO - Filling up the DagBag from /home/tedubuamo/project/venv/lib/python3.12/site-packages/airflow/example_dags/example_branch_python_dop_operator_3.py
[2024-12-03T21:22:52.296+0700] {processor.py:925} INFO - DAG(s) 'example_branch_dop_operator_v3' retrieved from /home/tedubuamo/project/venv/lib/python3.12/site-packages/airflow/example_dags/example_branch_python_dop_operator_3.py
[2024-12-03T21:22:52.311+0700] {logging_mixin.py:190} INFO - [2024-12-03T21:22:52.311+0700] {dag.py:3239} INFO - Sync 1 DAGs
[2024-12-03T21:22:52.331+0700] {logging_mixin.py:190} INFO - [2024-12-03T21:22:52.331+0700] {dag.py:4180} INFO - Setting next_dagrun for example_branch_dop_operator_v3 to 2024-12-03 14:21:00+00:00, run_after=2024-12-03 14:22:00+00:00
[2024-12-03T21:22:52.351+0700] {processor.py:208} INFO - Processing /home/tedubuamo/project/venv/lib/python3.12/site-packages/airflow/example_dags/example_branch_python_dop_operator_3.py took 0.073 seconds
[2024-12-03T21:23:43.570+0700] {processor.py:186} INFO - Started process (PID=4312) to work on /home/tedubuamo/project/venv/lib/python3.12/site-packages/airflow/example_dags/example_branch_python_dop_operator_3.py
[2024-12-03T21:23:43.573+0700] {processor.py:914} INFO - Processing file /home/tedubuamo/project/venv/lib/python3.12/site-packages/airflow/example_dags/example_branch_python_dop_operator_3.py for tasks to queue
[2024-12-03T21:23:43.575+0700] {logging_mixin.py:190} INFO - [2024-12-03T21:23:43.574+0700] {dagbag.py:588} INFO - Filling up the DagBag from /home/tedubuamo/project/venv/lib/python3.12/site-packages/airflow/example_dags/example_branch_python_dop_operator_3.py
[2024-12-03T21:23:43.583+0700] {processor.py:925} INFO - DAG(s) 'example_branch_dop_operator_v3' retrieved from /home/tedubuamo/project/venv/lib/python3.12/site-packages/airflow/example_dags/example_branch_python_dop_operator_3.py
[2024-12-03T21:23:43.595+0700] {logging_mixin.py:190} INFO - [2024-12-03T21:23:43.595+0700] {dag.py:3239} INFO - Sync 1 DAGs
[2024-12-03T21:23:43.612+0700] {logging_mixin.py:190} INFO - [2024-12-03T21:23:43.612+0700] {dag.py:4180} INFO - Setting next_dagrun for example_branch_dop_operator_v3 to 2024-12-03 14:22:00+00:00, run_after=2024-12-03 14:23:00+00:00
[2024-12-03T21:23:43.632+0700] {processor.py:208} INFO - Processing /home/tedubuamo/project/venv/lib/python3.12/site-packages/airflow/example_dags/example_branch_python_dop_operator_3.py took 0.066 seconds
[2024-12-03T21:24:40.122+0700] {processor.py:186} INFO - Started process (PID=4391) to work on /home/tedubuamo/project/venv/lib/python3.12/site-packages/airflow/example_dags/example_branch_python_dop_operator_3.py
[2024-12-03T21:24:40.124+0700] {processor.py:914} INFO - Processing file /home/tedubuamo/project/venv/lib/python3.12/site-packages/airflow/example_dags/example_branch_python_dop_operator_3.py for tasks to queue
[2024-12-03T21:24:40.125+0700] {logging_mixin.py:190} INFO - [2024-12-03T21:24:40.125+0700] {dagbag.py:588} INFO - Filling up the DagBag from /home/tedubuamo/project/venv/lib/python3.12/site-packages/airflow/example_dags/example_branch_python_dop_operator_3.py
[2024-12-03T21:24:40.134+0700] {processor.py:925} INFO - DAG(s) 'example_branch_dop_operator_v3' retrieved from /home/tedubuamo/project/venv/lib/python3.12/site-packages/airflow/example_dags/example_branch_python_dop_operator_3.py
[2024-12-03T21:24:40.145+0700] {logging_mixin.py:190} INFO - [2024-12-03T21:24:40.145+0700] {dag.py:3239} INFO - Sync 1 DAGs
[2024-12-03T21:24:40.161+0700] {logging_mixin.py:190} INFO - [2024-12-03T21:24:40.161+0700] {dag.py:4180} INFO - Setting next_dagrun for example_branch_dop_operator_v3 to 2024-12-03 14:23:00+00:00, run_after=2024-12-03 14:24:00+00:00
[2024-12-03T21:24:40.179+0700] {processor.py:208} INFO - Processing /home/tedubuamo/project/venv/lib/python3.12/site-packages/airflow/example_dags/example_branch_python_dop_operator_3.py took 0.061 seconds
[2024-12-03T21:25:35.603+0700] {processor.py:186} INFO - Started process (PID=4474) to work on /home/tedubuamo/project/venv/lib/python3.12/site-packages/airflow/example_dags/example_branch_python_dop_operator_3.py
[2024-12-03T21:25:35.606+0700] {processor.py:914} INFO - Processing file /home/tedubuamo/project/venv/lib/python3.12/site-packages/airflow/example_dags/example_branch_python_dop_operator_3.py for tasks to queue
[2024-12-03T21:25:35.608+0700] {logging_mixin.py:190} INFO - [2024-12-03T21:25:35.608+0700] {dagbag.py:588} INFO - Filling up the DagBag from /home/tedubuamo/project/venv/lib/python3.12/site-packages/airflow/example_dags/example_branch_python_dop_operator_3.py
[2024-12-03T21:25:35.617+0700] {processor.py:925} INFO - DAG(s) 'example_branch_dop_operator_v3' retrieved from /home/tedubuamo/project/venv/lib/python3.12/site-packages/airflow/example_dags/example_branch_python_dop_operator_3.py
[2024-12-03T21:25:35.629+0700] {logging_mixin.py:190} INFO - [2024-12-03T21:25:35.628+0700] {dag.py:3239} INFO - Sync 1 DAGs
[2024-12-03T21:25:35.646+0700] {logging_mixin.py:190} INFO - [2024-12-03T21:25:35.646+0700] {dag.py:4180} INFO - Setting next_dagrun for example_branch_dop_operator_v3 to 2024-12-03 14:24:00+00:00, run_after=2024-12-03 14:25:00+00:00
[2024-12-03T21:25:35.665+0700] {processor.py:208} INFO - Processing /home/tedubuamo/project/venv/lib/python3.12/site-packages/airflow/example_dags/example_branch_python_dop_operator_3.py took 0.066 seconds
[2024-12-03T21:26:33.732+0700] {processor.py:186} INFO - Started process (PID=4535) to work on /home/tedubuamo/project/venv/lib/python3.12/site-packages/airflow/example_dags/example_branch_python_dop_operator_3.py
[2024-12-03T21:26:33.735+0700] {processor.py:914} INFO - Processing file /home/tedubuamo/project/venv/lib/python3.12/site-packages/airflow/example_dags/example_branch_python_dop_operator_3.py for tasks to queue
[2024-12-03T21:26:33.737+0700] {logging_mixin.py:190} INFO - [2024-12-03T21:26:33.737+0700] {dagbag.py:588} INFO - Filling up the DagBag from /home/tedubuamo/project/venv/lib/python3.12/site-packages/airflow/example_dags/example_branch_python_dop_operator_3.py
[2024-12-03T21:26:33.746+0700] {processor.py:925} INFO - DAG(s) 'example_branch_dop_operator_v3' retrieved from /home/tedubuamo/project/venv/lib/python3.12/site-packages/airflow/example_dags/example_branch_python_dop_operator_3.py
[2024-12-03T21:26:33.759+0700] {logging_mixin.py:190} INFO - [2024-12-03T21:26:33.759+0700] {dag.py:3239} INFO - Sync 1 DAGs
[2024-12-03T21:26:33.776+0700] {logging_mixin.py:190} INFO - [2024-12-03T21:26:33.776+0700] {dag.py:4180} INFO - Setting next_dagrun for example_branch_dop_operator_v3 to 2024-12-03 14:25:00+00:00, run_after=2024-12-03 14:26:00+00:00
[2024-12-03T21:26:33.795+0700] {processor.py:208} INFO - Processing /home/tedubuamo/project/venv/lib/python3.12/site-packages/airflow/example_dags/example_branch_python_dop_operator_3.py took 0.067 seconds
[2024-12-03T21:27:23.809+0700] {processor.py:186} INFO - Started process (PID=4604) to work on /home/tedubuamo/project/venv/lib/python3.12/site-packages/airflow/example_dags/example_branch_python_dop_operator_3.py
[2024-12-03T21:27:23.810+0700] {processor.py:914} INFO - Processing file /home/tedubuamo/project/venv/lib/python3.12/site-packages/airflow/example_dags/example_branch_python_dop_operator_3.py for tasks to queue
[2024-12-03T21:27:23.812+0700] {logging_mixin.py:190} INFO - [2024-12-03T21:27:23.812+0700] {dagbag.py:588} INFO - Filling up the DagBag from /home/tedubuamo/project/venv/lib/python3.12/site-packages/airflow/example_dags/example_branch_python_dop_operator_3.py
[2024-12-03T21:27:23.820+0700] {processor.py:925} INFO - DAG(s) 'example_branch_dop_operator_v3' retrieved from /home/tedubuamo/project/venv/lib/python3.12/site-packages/airflow/example_dags/example_branch_python_dop_operator_3.py
[2024-12-03T21:27:23.832+0700] {logging_mixin.py:190} INFO - [2024-12-03T21:27:23.832+0700] {dag.py:3239} INFO - Sync 1 DAGs
[2024-12-03T21:27:23.850+0700] {logging_mixin.py:190} INFO - [2024-12-03T21:27:23.850+0700] {dag.py:4180} INFO - Setting next_dagrun for example_branch_dop_operator_v3 to 2024-12-03 14:26:00+00:00, run_after=2024-12-03 14:27:00+00:00
[2024-12-03T21:27:23.869+0700] {processor.py:208} INFO - Processing /home/tedubuamo/project/venv/lib/python3.12/site-packages/airflow/example_dags/example_branch_python_dop_operator_3.py took 0.064 seconds
[2024-12-03T21:28:19.374+0700] {processor.py:186} INFO - Started process (PID=4666) to work on /home/tedubuamo/project/venv/lib/python3.12/site-packages/airflow/example_dags/example_branch_python_dop_operator_3.py
[2024-12-03T21:28:19.377+0700] {processor.py:914} INFO - Processing file /home/tedubuamo/project/venv/lib/python3.12/site-packages/airflow/example_dags/example_branch_python_dop_operator_3.py for tasks to queue
[2024-12-03T21:28:19.380+0700] {logging_mixin.py:190} INFO - [2024-12-03T21:28:19.379+0700] {dagbag.py:588} INFO - Filling up the DagBag from /home/tedubuamo/project/venv/lib/python3.12/site-packages/airflow/example_dags/example_branch_python_dop_operator_3.py
[2024-12-03T21:28:19.394+0700] {processor.py:925} INFO - DAG(s) 'example_branch_dop_operator_v3' retrieved from /home/tedubuamo/project/venv/lib/python3.12/site-packages/airflow/example_dags/example_branch_python_dop_operator_3.py
[2024-12-03T21:28:19.409+0700] {logging_mixin.py:190} INFO - [2024-12-03T21:28:19.409+0700] {dag.py:3239} INFO - Sync 1 DAGs
[2024-12-03T21:28:19.440+0700] {logging_mixin.py:190} INFO - [2024-12-03T21:28:19.440+0700] {dag.py:4180} INFO - Setting next_dagrun for example_branch_dop_operator_v3 to 2024-12-03 14:27:00+00:00, run_after=2024-12-03 14:28:00+00:00
[2024-12-03T21:28:19.483+0700] {processor.py:208} INFO - Processing /home/tedubuamo/project/venv/lib/python3.12/site-packages/airflow/example_dags/example_branch_python_dop_operator_3.py took 0.123 seconds
[2024-12-03T21:29:13.469+0700] {processor.py:186} INFO - Started process (PID=4802) to work on /home/tedubuamo/project/venv/lib/python3.12/site-packages/airflow/example_dags/example_branch_python_dop_operator_3.py
[2024-12-03T21:29:13.470+0700] {processor.py:914} INFO - Processing file /home/tedubuamo/project/venv/lib/python3.12/site-packages/airflow/example_dags/example_branch_python_dop_operator_3.py for tasks to queue
[2024-12-03T21:29:13.472+0700] {logging_mixin.py:190} INFO - [2024-12-03T21:29:13.472+0700] {dagbag.py:588} INFO - Filling up the DagBag from /home/tedubuamo/project/venv/lib/python3.12/site-packages/airflow/example_dags/example_branch_python_dop_operator_3.py
[2024-12-03T21:29:13.481+0700] {processor.py:925} INFO - DAG(s) 'example_branch_dop_operator_v3' retrieved from /home/tedubuamo/project/venv/lib/python3.12/site-packages/airflow/example_dags/example_branch_python_dop_operator_3.py
[2024-12-03T21:29:13.495+0700] {logging_mixin.py:190} INFO - [2024-12-03T21:29:13.494+0700] {dag.py:3239} INFO - Sync 1 DAGs
[2024-12-03T21:29:13.515+0700] {logging_mixin.py:190} INFO - [2024-12-03T21:29:13.514+0700] {dag.py:4180} INFO - Setting next_dagrun for example_branch_dop_operator_v3 to 2024-12-03 14:28:00+00:00, run_after=2024-12-03 14:29:00+00:00
[2024-12-03T21:29:13.535+0700] {processor.py:208} INFO - Processing /home/tedubuamo/project/venv/lib/python3.12/site-packages/airflow/example_dags/example_branch_python_dop_operator_3.py took 0.072 seconds
[2024-12-03T21:30:06.173+0700] {processor.py:186} INFO - Started process (PID=4861) to work on /home/tedubuamo/project/venv/lib/python3.12/site-packages/airflow/example_dags/example_branch_python_dop_operator_3.py
[2024-12-03T21:30:06.176+0700] {processor.py:914} INFO - Processing file /home/tedubuamo/project/venv/lib/python3.12/site-packages/airflow/example_dags/example_branch_python_dop_operator_3.py for tasks to queue
[2024-12-03T21:30:06.178+0700] {logging_mixin.py:190} INFO - [2024-12-03T21:30:06.178+0700] {dagbag.py:588} INFO - Filling up the DagBag from /home/tedubuamo/project/venv/lib/python3.12/site-packages/airflow/example_dags/example_branch_python_dop_operator_3.py
[2024-12-03T21:30:06.185+0700] {processor.py:925} INFO - DAG(s) 'example_branch_dop_operator_v3' retrieved from /home/tedubuamo/project/venv/lib/python3.12/site-packages/airflow/example_dags/example_branch_python_dop_operator_3.py
[2024-12-03T21:30:06.196+0700] {logging_mixin.py:190} INFO - [2024-12-03T21:30:06.196+0700] {dag.py:3239} INFO - Sync 1 DAGs
[2024-12-03T21:30:06.212+0700] {logging_mixin.py:190} INFO - [2024-12-03T21:30:06.212+0700] {dag.py:4180} INFO - Setting next_dagrun for example_branch_dop_operator_v3 to 2024-12-03 14:29:00+00:00, run_after=2024-12-03 14:30:00+00:00
[2024-12-03T21:30:06.232+0700] {processor.py:208} INFO - Processing /home/tedubuamo/project/venv/lib/python3.12/site-packages/airflow/example_dags/example_branch_python_dop_operator_3.py took 0.063 seconds
[2024-12-03T21:31:01.613+0700] {processor.py:186} INFO - Started process (PID=4926) to work on /home/tedubuamo/project/venv/lib/python3.12/site-packages/airflow/example_dags/example_branch_python_dop_operator_3.py
[2024-12-03T21:31:01.617+0700] {processor.py:914} INFO - Processing file /home/tedubuamo/project/venv/lib/python3.12/site-packages/airflow/example_dags/example_branch_python_dop_operator_3.py for tasks to queue
[2024-12-03T21:31:01.618+0700] {logging_mixin.py:190} INFO - [2024-12-03T21:31:01.618+0700] {dagbag.py:588} INFO - Filling up the DagBag from /home/tedubuamo/project/venv/lib/python3.12/site-packages/airflow/example_dags/example_branch_python_dop_operator_3.py
[2024-12-03T21:31:01.626+0700] {processor.py:925} INFO - DAG(s) 'example_branch_dop_operator_v3' retrieved from /home/tedubuamo/project/venv/lib/python3.12/site-packages/airflow/example_dags/example_branch_python_dop_operator_3.py
[2024-12-03T21:31:01.637+0700] {logging_mixin.py:190} INFO - [2024-12-03T21:31:01.637+0700] {dag.py:3239} INFO - Sync 1 DAGs
[2024-12-03T21:31:01.654+0700] {logging_mixin.py:190} INFO - [2024-12-03T21:31:01.654+0700] {dag.py:4180} INFO - Setting next_dagrun for example_branch_dop_operator_v3 to 2024-12-03 14:30:00+00:00, run_after=2024-12-03 14:31:00+00:00
[2024-12-03T21:31:01.671+0700] {processor.py:208} INFO - Processing /home/tedubuamo/project/venv/lib/python3.12/site-packages/airflow/example_dags/example_branch_python_dop_operator_3.py took 0.061 seconds
