[2024-12-03T20:58:06.809+0700] {processor.py:186} INFO - Started process (PID=1659) to work on /home/tedubuamo/project/venv/lib/python3.12/site-packages/airflow/example_dags/example_external_task_marker_dag.py
[2024-12-03T20:58:06.810+0700] {processor.py:914} INFO - Processing file /home/tedubuamo/project/venv/lib/python3.12/site-packages/airflow/example_dags/example_external_task_marker_dag.py for tasks to queue
[2024-12-03T20:58:06.812+0700] {logging_mixin.py:190} INFO - [2024-12-03T20:58:06.812+0700] {dagbag.py:588} INFO - Filling up the DagBag from /home/tedubuamo/project/venv/lib/python3.12/site-packages/airflow/example_dags/example_external_task_marker_dag.py
[2024-12-03T20:58:06.820+0700] {processor.py:925} INFO - DAG(s) 'example_external_task_marker_parent', 'example_external_task_marker_child' retrieved from /home/tedubuamo/project/venv/lib/python3.12/site-packages/airflow/example_dags/example_external_task_marker_dag.py
[2024-12-03T20:58:06.896+0700] {logging_mixin.py:190} INFO - [2024-12-03T20:58:06.896+0700] {dag.py:3239} INFO - Sync 2 DAGs
[2024-12-03T20:58:06.903+0700] {logging_mixin.py:190} INFO - [2024-12-03T20:58:06.903+0700] {dag.py:4180} INFO - Setting next_dagrun for example_external_task_marker_child to None, run_after=None
[2024-12-03T20:58:06.905+0700] {logging_mixin.py:190} INFO - [2024-12-03T20:58:06.905+0700] {dag.py:4180} INFO - Setting next_dagrun for example_external_task_marker_parent to None, run_after=None
[2024-12-03T20:58:06.920+0700] {processor.py:208} INFO - Processing /home/tedubuamo/project/venv/lib/python3.12/site-packages/airflow/example_dags/example_external_task_marker_dag.py took 0.116 seconds
[2024-12-03T20:59:02.257+0700] {processor.py:186} INFO - Started process (PID=1716) to work on /home/tedubuamo/project/venv/lib/python3.12/site-packages/airflow/example_dags/example_external_task_marker_dag.py
[2024-12-03T20:59:02.258+0700] {processor.py:914} INFO - Processing file /home/tedubuamo/project/venv/lib/python3.12/site-packages/airflow/example_dags/example_external_task_marker_dag.py for tasks to queue
[2024-12-03T20:59:02.260+0700] {logging_mixin.py:190} INFO - [2024-12-03T20:59:02.259+0700] {dagbag.py:588} INFO - Filling up the DagBag from /home/tedubuamo/project/venv/lib/python3.12/site-packages/airflow/example_dags/example_external_task_marker_dag.py
[2024-12-03T20:59:02.265+0700] {processor.py:925} INFO - DAG(s) 'example_external_task_marker_parent', 'example_external_task_marker_child' retrieved from /home/tedubuamo/project/venv/lib/python3.12/site-packages/airflow/example_dags/example_external_task_marker_dag.py
[2024-12-03T20:59:02.276+0700] {logging_mixin.py:190} INFO - [2024-12-03T20:59:02.276+0700] {dag.py:3239} INFO - Sync 2 DAGs
[2024-12-03T20:59:02.284+0700] {logging_mixin.py:190} INFO - [2024-12-03T20:59:02.284+0700] {dag.py:4180} INFO - Setting next_dagrun for example_external_task_marker_child to None, run_after=None
[2024-12-03T20:59:02.286+0700] {logging_mixin.py:190} INFO - [2024-12-03T20:59:02.286+0700] {dag.py:4180} INFO - Setting next_dagrun for example_external_task_marker_parent to None, run_after=None
[2024-12-03T20:59:02.301+0700] {processor.py:208} INFO - Processing /home/tedubuamo/project/venv/lib/python3.12/site-packages/airflow/example_dags/example_external_task_marker_dag.py took 0.049 seconds
[2024-12-03T20:59:57.160+0700] {processor.py:186} INFO - Started process (PID=1773) to work on /home/tedubuamo/project/venv/lib/python3.12/site-packages/airflow/example_dags/example_external_task_marker_dag.py
[2024-12-03T20:59:57.164+0700] {processor.py:914} INFO - Processing file /home/tedubuamo/project/venv/lib/python3.12/site-packages/airflow/example_dags/example_external_task_marker_dag.py for tasks to queue
[2024-12-03T20:59:57.166+0700] {logging_mixin.py:190} INFO - [2024-12-03T20:59:57.166+0700] {dagbag.py:588} INFO - Filling up the DagBag from /home/tedubuamo/project/venv/lib/python3.12/site-packages/airflow/example_dags/example_external_task_marker_dag.py
[2024-12-03T20:59:57.172+0700] {processor.py:925} INFO - DAG(s) 'example_external_task_marker_child', 'example_external_task_marker_parent' retrieved from /home/tedubuamo/project/venv/lib/python3.12/site-packages/airflow/example_dags/example_external_task_marker_dag.py
[2024-12-03T20:59:57.185+0700] {logging_mixin.py:190} INFO - [2024-12-03T20:59:57.185+0700] {dag.py:3239} INFO - Sync 2 DAGs
[2024-12-03T20:59:57.195+0700] {logging_mixin.py:190} INFO - [2024-12-03T20:59:57.194+0700] {dag.py:4180} INFO - Setting next_dagrun for example_external_task_marker_child to None, run_after=None
[2024-12-03T20:59:57.198+0700] {logging_mixin.py:190} INFO - [2024-12-03T20:59:57.198+0700] {dag.py:4180} INFO - Setting next_dagrun for example_external_task_marker_parent to None, run_after=None
[2024-12-03T20:59:57.214+0700] {processor.py:208} INFO - Processing /home/tedubuamo/project/venv/lib/python3.12/site-packages/airflow/example_dags/example_external_task_marker_dag.py took 0.057 seconds
[2024-12-03T21:01:11.828+0700] {processor.py:186} INFO - Started process (PID=1850) to work on /home/tedubuamo/project/venv/lib/python3.12/site-packages/airflow/example_dags/example_external_task_marker_dag.py
[2024-12-03T21:01:11.832+0700] {processor.py:914} INFO - Processing file /home/tedubuamo/project/venv/lib/python3.12/site-packages/airflow/example_dags/example_external_task_marker_dag.py for tasks to queue
[2024-12-03T21:01:11.834+0700] {logging_mixin.py:190} INFO - [2024-12-03T21:01:11.834+0700] {dagbag.py:588} INFO - Filling up the DagBag from /home/tedubuamo/project/venv/lib/python3.12/site-packages/airflow/example_dags/example_external_task_marker_dag.py
[2024-12-03T21:01:11.843+0700] {processor.py:925} INFO - DAG(s) 'example_external_task_marker_child', 'example_external_task_marker_parent' retrieved from /home/tedubuamo/project/venv/lib/python3.12/site-packages/airflow/example_dags/example_external_task_marker_dag.py
[2024-12-03T21:01:11.861+0700] {logging_mixin.py:190} INFO - [2024-12-03T21:01:11.861+0700] {dag.py:3239} INFO - Sync 2 DAGs
[2024-12-03T21:01:11.872+0700] {logging_mixin.py:190} INFO - [2024-12-03T21:01:11.872+0700] {dag.py:4180} INFO - Setting next_dagrun for example_external_task_marker_child to None, run_after=None
[2024-12-03T21:01:11.875+0700] {logging_mixin.py:190} INFO - [2024-12-03T21:01:11.875+0700] {dag.py:4180} INFO - Setting next_dagrun for example_external_task_marker_parent to None, run_after=None
[2024-12-03T21:01:11.894+0700] {processor.py:208} INFO - Processing /home/tedubuamo/project/venv/lib/python3.12/site-packages/airflow/example_dags/example_external_task_marker_dag.py took 0.071 seconds
[2024-12-03T21:05:31.670+0700] {processor.py:186} INFO - Started process (PID=2044) to work on /home/tedubuamo/project/venv/lib/python3.12/site-packages/airflow/example_dags/example_external_task_marker_dag.py
[2024-12-03T21:05:31.674+0700] {processor.py:914} INFO - Processing file /home/tedubuamo/project/venv/lib/python3.12/site-packages/airflow/example_dags/example_external_task_marker_dag.py for tasks to queue
[2024-12-03T21:05:31.676+0700] {logging_mixin.py:190} INFO - [2024-12-03T21:05:31.675+0700] {dagbag.py:588} INFO - Filling up the DagBag from /home/tedubuamo/project/venv/lib/python3.12/site-packages/airflow/example_dags/example_external_task_marker_dag.py
[2024-12-03T21:05:31.681+0700] {processor.py:925} INFO - DAG(s) 'example_external_task_marker_parent', 'example_external_task_marker_child' retrieved from /home/tedubuamo/project/venv/lib/python3.12/site-packages/airflow/example_dags/example_external_task_marker_dag.py
[2024-12-03T21:05:31.693+0700] {logging_mixin.py:190} INFO - [2024-12-03T21:05:31.693+0700] {dag.py:3239} INFO - Sync 2 DAGs
[2024-12-03T21:05:31.702+0700] {logging_mixin.py:190} INFO - [2024-12-03T21:05:31.701+0700] {dag.py:4180} INFO - Setting next_dagrun for example_external_task_marker_child to None, run_after=None
[2024-12-03T21:05:31.704+0700] {logging_mixin.py:190} INFO - [2024-12-03T21:05:31.704+0700] {dag.py:4180} INFO - Setting next_dagrun for example_external_task_marker_parent to None, run_after=None
[2024-12-03T21:05:31.721+0700] {processor.py:208} INFO - Processing /home/tedubuamo/project/venv/lib/python3.12/site-packages/airflow/example_dags/example_external_task_marker_dag.py took 0.055 seconds
[2024-12-03T21:06:27.255+0700] {processor.py:186} INFO - Started process (PID=2205) to work on /home/tedubuamo/project/venv/lib/python3.12/site-packages/airflow/example_dags/example_external_task_marker_dag.py
[2024-12-03T21:06:27.259+0700] {processor.py:914} INFO - Processing file /home/tedubuamo/project/venv/lib/python3.12/site-packages/airflow/example_dags/example_external_task_marker_dag.py for tasks to queue
[2024-12-03T21:06:27.261+0700] {logging_mixin.py:190} INFO - [2024-12-03T21:06:27.260+0700] {dagbag.py:588} INFO - Filling up the DagBag from /home/tedubuamo/project/venv/lib/python3.12/site-packages/airflow/example_dags/example_external_task_marker_dag.py
[2024-12-03T21:06:27.267+0700] {processor.py:925} INFO - DAG(s) 'example_external_task_marker_parent', 'example_external_task_marker_child' retrieved from /home/tedubuamo/project/venv/lib/python3.12/site-packages/airflow/example_dags/example_external_task_marker_dag.py
[2024-12-03T21:06:27.283+0700] {logging_mixin.py:190} INFO - [2024-12-03T21:06:27.283+0700] {dag.py:3239} INFO - Sync 2 DAGs
[2024-12-03T21:06:27.294+0700] {logging_mixin.py:190} INFO - [2024-12-03T21:06:27.293+0700] {dag.py:4180} INFO - Setting next_dagrun for example_external_task_marker_child to None, run_after=None
[2024-12-03T21:06:27.296+0700] {logging_mixin.py:190} INFO - [2024-12-03T21:06:27.296+0700] {dag.py:4180} INFO - Setting next_dagrun for example_external_task_marker_parent to None, run_after=None
[2024-12-03T21:06:27.312+0700] {processor.py:208} INFO - Processing /home/tedubuamo/project/venv/lib/python3.12/site-packages/airflow/example_dags/example_external_task_marker_dag.py took 0.062 seconds
[2024-12-03T21:06:28.590+0700] {processor.py:186} INFO - Started process (PID=2208) to work on /home/tedubuamo/project/venv/lib/python3.12/site-packages/airflow/example_dags/example_external_task_marker_dag.py
[2024-12-03T21:06:28.592+0700] {processor.py:914} INFO - Processing file /home/tedubuamo/project/venv/lib/python3.12/site-packages/airflow/example_dags/example_external_task_marker_dag.py for tasks to queue
[2024-12-03T21:06:28.595+0700] {logging_mixin.py:190} INFO - [2024-12-03T21:06:28.594+0700] {dagbag.py:588} INFO - Filling up the DagBag from /home/tedubuamo/project/venv/lib/python3.12/site-packages/airflow/example_dags/example_external_task_marker_dag.py
[2024-12-03T21:06:28.602+0700] {processor.py:925} INFO - DAG(s) 'example_external_task_marker_child', 'example_external_task_marker_parent' retrieved from /home/tedubuamo/project/venv/lib/python3.12/site-packages/airflow/example_dags/example_external_task_marker_dag.py
[2024-12-03T21:06:28.616+0700] {logging_mixin.py:190} INFO - [2024-12-03T21:06:28.616+0700] {dag.py:3239} INFO - Sync 2 DAGs
[2024-12-03T21:06:28.626+0700] {logging_mixin.py:190} INFO - [2024-12-03T21:06:28.626+0700] {dag.py:4180} INFO - Setting next_dagrun for example_external_task_marker_child to None, run_after=None
[2024-12-03T21:06:28.628+0700] {logging_mixin.py:190} INFO - [2024-12-03T21:06:28.628+0700] {dag.py:4180} INFO - Setting next_dagrun for example_external_task_marker_parent to None, run_after=None
[2024-12-03T21:06:28.644+0700] {processor.py:208} INFO - Processing /home/tedubuamo/project/venv/lib/python3.12/site-packages/airflow/example_dags/example_external_task_marker_dag.py took 0.058 seconds
[2024-12-03T21:07:22.981+0700] {processor.py:186} INFO - Started process (PID=2415) to work on /home/tedubuamo/project/venv/lib/python3.12/site-packages/airflow/example_dags/example_external_task_marker_dag.py
[2024-12-03T21:07:22.982+0700] {processor.py:914} INFO - Processing file /home/tedubuamo/project/venv/lib/python3.12/site-packages/airflow/example_dags/example_external_task_marker_dag.py for tasks to queue
[2024-12-03T21:07:22.985+0700] {logging_mixin.py:190} INFO - [2024-12-03T21:07:22.984+0700] {dagbag.py:588} INFO - Filling up the DagBag from /home/tedubuamo/project/venv/lib/python3.12/site-packages/airflow/example_dags/example_external_task_marker_dag.py
[2024-12-03T21:07:22.992+0700] {processor.py:925} INFO - DAG(s) 'example_external_task_marker_parent', 'example_external_task_marker_child' retrieved from /home/tedubuamo/project/venv/lib/python3.12/site-packages/airflow/example_dags/example_external_task_marker_dag.py
[2024-12-03T21:07:23.011+0700] {logging_mixin.py:190} INFO - [2024-12-03T21:07:23.010+0700] {dag.py:3239} INFO - Sync 2 DAGs
[2024-12-03T21:07:23.012+0700] {processor.py:186} INFO - Started process (PID=2416) to work on /home/tedubuamo/project/venv/lib/python3.12/site-packages/airflow/example_dags/example_external_task_marker_dag.py
[2024-12-03T21:07:23.013+0700] {processor.py:914} INFO - Processing file /home/tedubuamo/project/venv/lib/python3.12/site-packages/airflow/example_dags/example_external_task_marker_dag.py for tasks to queue
[2024-12-03T21:07:23.015+0700] {logging_mixin.py:190} INFO - [2024-12-03T21:07:23.014+0700] {dagbag.py:588} INFO - Filling up the DagBag from /home/tedubuamo/project/venv/lib/python3.12/site-packages/airflow/example_dags/example_external_task_marker_dag.py
[2024-12-03T21:07:23.023+0700] {logging_mixin.py:190} INFO - [2024-12-03T21:07:23.022+0700] {dag.py:4180} INFO - Setting next_dagrun for example_external_task_marker_child to None, run_after=None
[2024-12-03T21:07:23.025+0700] {processor.py:925} INFO - DAG(s) 'example_external_task_marker_child', 'example_external_task_marker_parent' retrieved from /home/tedubuamo/project/venv/lib/python3.12/site-packages/airflow/example_dags/example_external_task_marker_dag.py
[2024-12-03T21:07:23.026+0700] {logging_mixin.py:190} INFO - [2024-12-03T21:07:23.026+0700] {dag.py:4180} INFO - Setting next_dagrun for example_external_task_marker_parent to None, run_after=None
[2024-12-03T21:07:23.045+0700] {logging_mixin.py:190} INFO - [2024-12-03T21:07:23.044+0700] {dag.py:3239} INFO - Sync 2 DAGs
[2024-12-03T21:07:23.049+0700] {processor.py:208} INFO - Processing /home/tedubuamo/project/venv/lib/python3.12/site-packages/airflow/example_dags/example_external_task_marker_dag.py took 0.072 seconds
[2024-12-03T21:07:23.059+0700] {logging_mixin.py:190} INFO - [2024-12-03T21:07:23.058+0700] {dag.py:4180} INFO - Setting next_dagrun for example_external_task_marker_child to None, run_after=None
[2024-12-03T21:07:23.062+0700] {logging_mixin.py:190} INFO - [2024-12-03T21:07:23.061+0700] {dag.py:4180} INFO - Setting next_dagrun for example_external_task_marker_parent to None, run_after=None
[2024-12-03T21:07:23.083+0700] {processor.py:208} INFO - Processing /home/tedubuamo/project/venv/lib/python3.12/site-packages/airflow/example_dags/example_external_task_marker_dag.py took 0.077 seconds
[2024-12-03T21:08:15.944+0700] {processor.py:186} INFO - Started process (PID=2525) to work on /home/tedubuamo/project/venv/lib/python3.12/site-packages/airflow/example_dags/example_external_task_marker_dag.py
[2024-12-03T21:08:15.954+0700] {processor.py:914} INFO - Processing file /home/tedubuamo/project/venv/lib/python3.12/site-packages/airflow/example_dags/example_external_task_marker_dag.py for tasks to queue
[2024-12-03T21:08:15.957+0700] {logging_mixin.py:190} INFO - [2024-12-03T21:08:15.957+0700] {dagbag.py:588} INFO - Filling up the DagBag from /home/tedubuamo/project/venv/lib/python3.12/site-packages/airflow/example_dags/example_external_task_marker_dag.py
[2024-12-03T21:08:15.967+0700] {processor.py:925} INFO - DAG(s) 'example_external_task_marker_parent', 'example_external_task_marker_child' retrieved from /home/tedubuamo/project/venv/lib/python3.12/site-packages/airflow/example_dags/example_external_task_marker_dag.py
[2024-12-03T21:08:15.986+0700] {logging_mixin.py:190} INFO - [2024-12-03T21:08:15.986+0700] {dag.py:3239} INFO - Sync 2 DAGs
[2024-12-03T21:08:15.998+0700] {logging_mixin.py:190} INFO - [2024-12-03T21:08:15.997+0700] {dag.py:4180} INFO - Setting next_dagrun for example_external_task_marker_child to None, run_after=None
[2024-12-03T21:08:16.001+0700] {logging_mixin.py:190} INFO - [2024-12-03T21:08:16.001+0700] {dag.py:4180} INFO - Setting next_dagrun for example_external_task_marker_parent to None, run_after=None
[2024-12-03T21:08:16.023+0700] {processor.py:208} INFO - Processing /home/tedubuamo/project/venv/lib/python3.12/site-packages/airflow/example_dags/example_external_task_marker_dag.py took 0.085 seconds
[2024-12-03T21:08:17.296+0700] {processor.py:186} INFO - Started process (PID=2528) to work on /home/tedubuamo/project/venv/lib/python3.12/site-packages/airflow/example_dags/example_external_task_marker_dag.py
[2024-12-03T21:08:17.297+0700] {processor.py:914} INFO - Processing file /home/tedubuamo/project/venv/lib/python3.12/site-packages/airflow/example_dags/example_external_task_marker_dag.py for tasks to queue
[2024-12-03T21:08:17.299+0700] {logging_mixin.py:190} INFO - [2024-12-03T21:08:17.299+0700] {dagbag.py:588} INFO - Filling up the DagBag from /home/tedubuamo/project/venv/lib/python3.12/site-packages/airflow/example_dags/example_external_task_marker_dag.py
[2024-12-03T21:08:17.309+0700] {processor.py:925} INFO - DAG(s) 'example_external_task_marker_child', 'example_external_task_marker_parent' retrieved from /home/tedubuamo/project/venv/lib/python3.12/site-packages/airflow/example_dags/example_external_task_marker_dag.py
[2024-12-03T21:08:17.328+0700] {logging_mixin.py:190} INFO - [2024-12-03T21:08:17.328+0700] {dag.py:3239} INFO - Sync 2 DAGs
[2024-12-03T21:08:17.343+0700] {logging_mixin.py:190} INFO - [2024-12-03T21:08:17.343+0700] {dag.py:4180} INFO - Setting next_dagrun for example_external_task_marker_child to None, run_after=None
[2024-12-03T21:08:17.347+0700] {logging_mixin.py:190} INFO - [2024-12-03T21:08:17.347+0700] {dag.py:4180} INFO - Setting next_dagrun for example_external_task_marker_parent to None, run_after=None
[2024-12-03T21:08:17.373+0700] {processor.py:208} INFO - Processing /home/tedubuamo/project/venv/lib/python3.12/site-packages/airflow/example_dags/example_external_task_marker_dag.py took 0.081 seconds
[2024-12-03T21:09:08.853+0700] {processor.py:186} INFO - Started process (PID=2632) to work on /home/tedubuamo/project/venv/lib/python3.12/site-packages/airflow/example_dags/example_external_task_marker_dag.py
[2024-12-03T21:09:08.854+0700] {processor.py:914} INFO - Processing file /home/tedubuamo/project/venv/lib/python3.12/site-packages/airflow/example_dags/example_external_task_marker_dag.py for tasks to queue
[2024-12-03T21:09:08.856+0700] {logging_mixin.py:190} INFO - [2024-12-03T21:09:08.856+0700] {dagbag.py:588} INFO - Filling up the DagBag from /home/tedubuamo/project/venv/lib/python3.12/site-packages/airflow/example_dags/example_external_task_marker_dag.py
[2024-12-03T21:09:08.863+0700] {processor.py:925} INFO - DAG(s) 'example_external_task_marker_parent', 'example_external_task_marker_child' retrieved from /home/tedubuamo/project/venv/lib/python3.12/site-packages/airflow/example_dags/example_external_task_marker_dag.py
[2024-12-03T21:09:08.877+0700] {logging_mixin.py:190} INFO - [2024-12-03T21:09:08.876+0700] {dag.py:3239} INFO - Sync 2 DAGs
[2024-12-03T21:09:08.887+0700] {logging_mixin.py:190} INFO - [2024-12-03T21:09:08.887+0700] {dag.py:4180} INFO - Setting next_dagrun for example_external_task_marker_child to None, run_after=None
[2024-12-03T21:09:08.890+0700] {logging_mixin.py:190} INFO - [2024-12-03T21:09:08.890+0700] {dag.py:4180} INFO - Setting next_dagrun for example_external_task_marker_parent to None, run_after=None
[2024-12-03T21:09:08.908+0700] {processor.py:208} INFO - Processing /home/tedubuamo/project/venv/lib/python3.12/site-packages/airflow/example_dags/example_external_task_marker_dag.py took 0.059 seconds
[2024-12-03T21:09:32.625+0700] {processor.py:186} INFO - Started process (PID=2683) to work on /home/tedubuamo/project/venv/lib/python3.12/site-packages/airflow/example_dags/example_external_task_marker_dag.py
[2024-12-03T21:09:32.626+0700] {processor.py:914} INFO - Processing file /home/tedubuamo/project/venv/lib/python3.12/site-packages/airflow/example_dags/example_external_task_marker_dag.py for tasks to queue
[2024-12-03T21:09:32.628+0700] {logging_mixin.py:190} INFO - [2024-12-03T21:09:32.627+0700] {dagbag.py:588} INFO - Filling up the DagBag from /home/tedubuamo/project/venv/lib/python3.12/site-packages/airflow/example_dags/example_external_task_marker_dag.py
[2024-12-03T21:09:32.634+0700] {processor.py:925} INFO - DAG(s) 'example_external_task_marker_child', 'example_external_task_marker_parent' retrieved from /home/tedubuamo/project/venv/lib/python3.12/site-packages/airflow/example_dags/example_external_task_marker_dag.py
[2024-12-03T21:09:32.646+0700] {logging_mixin.py:190} INFO - [2024-12-03T21:09:32.646+0700] {dag.py:3239} INFO - Sync 2 DAGs
[2024-12-03T21:09:32.655+0700] {logging_mixin.py:190} INFO - [2024-12-03T21:09:32.655+0700] {dag.py:4180} INFO - Setting next_dagrun for example_external_task_marker_child to None, run_after=None
[2024-12-03T21:09:32.657+0700] {logging_mixin.py:190} INFO - [2024-12-03T21:09:32.657+0700] {dag.py:4180} INFO - Setting next_dagrun for example_external_task_marker_parent to None, run_after=None
[2024-12-03T21:09:32.675+0700] {processor.py:208} INFO - Processing /home/tedubuamo/project/venv/lib/python3.12/site-packages/airflow/example_dags/example_external_task_marker_dag.py took 0.054 seconds
[2024-12-03T21:10:21.375+0700] {processor.py:186} INFO - Started process (PID=2784) to work on /home/tedubuamo/project/venv/lib/python3.12/site-packages/airflow/example_dags/example_external_task_marker_dag.py
[2024-12-03T21:10:21.377+0700] {processor.py:914} INFO - Processing file /home/tedubuamo/project/venv/lib/python3.12/site-packages/airflow/example_dags/example_external_task_marker_dag.py for tasks to queue
[2024-12-03T21:10:21.378+0700] {logging_mixin.py:190} INFO - [2024-12-03T21:10:21.378+0700] {dagbag.py:588} INFO - Filling up the DagBag from /home/tedubuamo/project/venv/lib/python3.12/site-packages/airflow/example_dags/example_external_task_marker_dag.py
[2024-12-03T21:10:21.385+0700] {processor.py:925} INFO - DAG(s) 'example_external_task_marker_child', 'example_external_task_marker_parent' retrieved from /home/tedubuamo/project/venv/lib/python3.12/site-packages/airflow/example_dags/example_external_task_marker_dag.py
[2024-12-03T21:10:21.398+0700] {logging_mixin.py:190} INFO - [2024-12-03T21:10:21.398+0700] {dag.py:3239} INFO - Sync 2 DAGs
[2024-12-03T21:10:21.408+0700] {logging_mixin.py:190} INFO - [2024-12-03T21:10:21.407+0700] {dag.py:4180} INFO - Setting next_dagrun for example_external_task_marker_child to None, run_after=None
[2024-12-03T21:10:21.412+0700] {logging_mixin.py:190} INFO - [2024-12-03T21:10:21.411+0700] {dag.py:4180} INFO - Setting next_dagrun for example_external_task_marker_parent to None, run_after=None
[2024-12-03T21:10:21.430+0700] {processor.py:208} INFO - Processing /home/tedubuamo/project/venv/lib/python3.12/site-packages/airflow/example_dags/example_external_task_marker_dag.py took 0.059 seconds
[2024-12-03T21:10:50.606+0700] {processor.py:186} INFO - Started process (PID=2842) to work on /home/tedubuamo/project/venv/lib/python3.12/site-packages/airflow/example_dags/example_external_task_marker_dag.py
[2024-12-03T21:10:50.607+0700] {processor.py:914} INFO - Processing file /home/tedubuamo/project/venv/lib/python3.12/site-packages/airflow/example_dags/example_external_task_marker_dag.py for tasks to queue
[2024-12-03T21:10:50.609+0700] {logging_mixin.py:190} INFO - [2024-12-03T21:10:50.608+0700] {dagbag.py:588} INFO - Filling up the DagBag from /home/tedubuamo/project/venv/lib/python3.12/site-packages/airflow/example_dags/example_external_task_marker_dag.py
[2024-12-03T21:10:50.615+0700] {processor.py:925} INFO - DAG(s) 'example_external_task_marker_child', 'example_external_task_marker_parent' retrieved from /home/tedubuamo/project/venv/lib/python3.12/site-packages/airflow/example_dags/example_external_task_marker_dag.py
[2024-12-03T21:10:50.627+0700] {logging_mixin.py:190} INFO - [2024-12-03T21:10:50.627+0700] {dag.py:3239} INFO - Sync 2 DAGs
[2024-12-03T21:10:50.635+0700] {logging_mixin.py:190} INFO - [2024-12-03T21:10:50.635+0700] {dag.py:4180} INFO - Setting next_dagrun for example_external_task_marker_child to None, run_after=None
[2024-12-03T21:10:50.638+0700] {logging_mixin.py:190} INFO - [2024-12-03T21:10:50.637+0700] {dag.py:4180} INFO - Setting next_dagrun for example_external_task_marker_parent to None, run_after=None
[2024-12-03T21:10:50.653+0700] {processor.py:208} INFO - Processing /home/tedubuamo/project/venv/lib/python3.12/site-packages/airflow/example_dags/example_external_task_marker_dag.py took 0.051 seconds
[2024-12-03T21:11:13.541+0700] {processor.py:186} INFO - Started process (PID=2889) to work on /home/tedubuamo/project/venv/lib/python3.12/site-packages/airflow/example_dags/example_external_task_marker_dag.py
[2024-12-03T21:11:13.543+0700] {processor.py:914} INFO - Processing file /home/tedubuamo/project/venv/lib/python3.12/site-packages/airflow/example_dags/example_external_task_marker_dag.py for tasks to queue
[2024-12-03T21:11:13.545+0700] {logging_mixin.py:190} INFO - [2024-12-03T21:11:13.545+0700] {dagbag.py:588} INFO - Filling up the DagBag from /home/tedubuamo/project/venv/lib/python3.12/site-packages/airflow/example_dags/example_external_task_marker_dag.py
[2024-12-03T21:11:13.553+0700] {processor.py:925} INFO - DAG(s) 'example_external_task_marker_parent', 'example_external_task_marker_child' retrieved from /home/tedubuamo/project/venv/lib/python3.12/site-packages/airflow/example_dags/example_external_task_marker_dag.py
[2024-12-03T21:11:13.565+0700] {logging_mixin.py:190} INFO - [2024-12-03T21:11:13.565+0700] {dag.py:3239} INFO - Sync 2 DAGs
[2024-12-03T21:11:13.577+0700] {logging_mixin.py:190} INFO - [2024-12-03T21:11:13.576+0700] {dag.py:4180} INFO - Setting next_dagrun for example_external_task_marker_child to None, run_after=None
[2024-12-03T21:11:13.581+0700] {logging_mixin.py:190} INFO - [2024-12-03T21:11:13.580+0700] {dag.py:4180} INFO - Setting next_dagrun for example_external_task_marker_parent to None, run_after=None
[2024-12-03T21:11:13.601+0700] {processor.py:208} INFO - Processing /home/tedubuamo/project/venv/lib/python3.12/site-packages/airflow/example_dags/example_external_task_marker_dag.py took 0.065 seconds
[2024-12-03T21:11:43.559+0700] {processor.py:186} INFO - Started process (PID=2950) to work on /home/tedubuamo/project/venv/lib/python3.12/site-packages/airflow/example_dags/example_external_task_marker_dag.py
[2024-12-03T21:11:43.560+0700] {processor.py:914} INFO - Processing file /home/tedubuamo/project/venv/lib/python3.12/site-packages/airflow/example_dags/example_external_task_marker_dag.py for tasks to queue
[2024-12-03T21:11:43.562+0700] {logging_mixin.py:190} INFO - [2024-12-03T21:11:43.562+0700] {dagbag.py:588} INFO - Filling up the DagBag from /home/tedubuamo/project/venv/lib/python3.12/site-packages/airflow/example_dags/example_external_task_marker_dag.py
[2024-12-03T21:11:43.568+0700] {processor.py:925} INFO - DAG(s) 'example_external_task_marker_child', 'example_external_task_marker_parent' retrieved from /home/tedubuamo/project/venv/lib/python3.12/site-packages/airflow/example_dags/example_external_task_marker_dag.py
[2024-12-03T21:11:43.580+0700] {logging_mixin.py:190} INFO - [2024-12-03T21:11:43.580+0700] {dag.py:3239} INFO - Sync 2 DAGs
[2024-12-03T21:11:43.589+0700] {logging_mixin.py:190} INFO - [2024-12-03T21:11:43.589+0700] {dag.py:4180} INFO - Setting next_dagrun for example_external_task_marker_child to None, run_after=None
[2024-12-03T21:11:43.591+0700] {logging_mixin.py:190} INFO - [2024-12-03T21:11:43.591+0700] {dag.py:4180} INFO - Setting next_dagrun for example_external_task_marker_parent to None, run_after=None
[2024-12-03T21:11:43.606+0700] {processor.py:208} INFO - Processing /home/tedubuamo/project/venv/lib/python3.12/site-packages/airflow/example_dags/example_external_task_marker_dag.py took 0.051 seconds
[2024-12-03T21:12:08.434+0700] {processor.py:186} INFO - Started process (PID=3021) to work on /home/tedubuamo/project/venv/lib/python3.12/site-packages/airflow/example_dags/example_external_task_marker_dag.py
[2024-12-03T21:12:08.435+0700] {processor.py:914} INFO - Processing file /home/tedubuamo/project/venv/lib/python3.12/site-packages/airflow/example_dags/example_external_task_marker_dag.py for tasks to queue
[2024-12-03T21:12:08.438+0700] {logging_mixin.py:190} INFO - [2024-12-03T21:12:08.437+0700] {dagbag.py:588} INFO - Filling up the DagBag from /home/tedubuamo/project/venv/lib/python3.12/site-packages/airflow/example_dags/example_external_task_marker_dag.py
[2024-12-03T21:12:08.446+0700] {processor.py:925} INFO - DAG(s) 'example_external_task_marker_parent', 'example_external_task_marker_child' retrieved from /home/tedubuamo/project/venv/lib/python3.12/site-packages/airflow/example_dags/example_external_task_marker_dag.py
[2024-12-03T21:12:08.463+0700] {logging_mixin.py:190} INFO - [2024-12-03T21:12:08.463+0700] {dag.py:3239} INFO - Sync 2 DAGs
[2024-12-03T21:12:08.478+0700] {logging_mixin.py:190} INFO - [2024-12-03T21:12:08.477+0700] {dag.py:4180} INFO - Setting next_dagrun for example_external_task_marker_child to None, run_after=None
[2024-12-03T21:12:08.481+0700] {logging_mixin.py:190} INFO - [2024-12-03T21:12:08.481+0700] {dag.py:4180} INFO - Setting next_dagrun for example_external_task_marker_parent to None, run_after=None
[2024-12-03T21:12:08.504+0700] {processor.py:208} INFO - Processing /home/tedubuamo/project/venv/lib/python3.12/site-packages/airflow/example_dags/example_external_task_marker_dag.py took 0.077 seconds
[2024-12-03T21:12:56.925+0700] {processor.py:186} INFO - Started process (PID=3137) to work on /home/tedubuamo/project/venv/lib/python3.12/site-packages/airflow/example_dags/example_external_task_marker_dag.py
[2024-12-03T21:12:56.927+0700] {processor.py:914} INFO - Processing file /home/tedubuamo/project/venv/lib/python3.12/site-packages/airflow/example_dags/example_external_task_marker_dag.py for tasks to queue
[2024-12-03T21:12:56.929+0700] {logging_mixin.py:190} INFO - [2024-12-03T21:12:56.929+0700] {dagbag.py:588} INFO - Filling up the DagBag from /home/tedubuamo/project/venv/lib/python3.12/site-packages/airflow/example_dags/example_external_task_marker_dag.py
[2024-12-03T21:12:56.937+0700] {processor.py:925} INFO - DAG(s) 'example_external_task_marker_child', 'example_external_task_marker_parent' retrieved from /home/tedubuamo/project/venv/lib/python3.12/site-packages/airflow/example_dags/example_external_task_marker_dag.py
[2024-12-03T21:12:56.951+0700] {logging_mixin.py:190} INFO - [2024-12-03T21:12:56.951+0700] {dag.py:3239} INFO - Sync 2 DAGs
[2024-12-03T21:12:56.963+0700] {logging_mixin.py:190} INFO - [2024-12-03T21:12:56.963+0700] {dag.py:4180} INFO - Setting next_dagrun for example_external_task_marker_child to None, run_after=None
[2024-12-03T21:12:56.966+0700] {logging_mixin.py:190} INFO - [2024-12-03T21:12:56.966+0700] {dag.py:4180} INFO - Setting next_dagrun for example_external_task_marker_parent to None, run_after=None
[2024-12-03T21:12:56.985+0700] {processor.py:208} INFO - Processing /home/tedubuamo/project/venv/lib/python3.12/site-packages/airflow/example_dags/example_external_task_marker_dag.py took 0.064 seconds
[2024-12-03T21:13:03.287+0700] {processor.py:186} INFO - Started process (PID=3150) to work on /home/tedubuamo/project/venv/lib/python3.12/site-packages/airflow/example_dags/example_external_task_marker_dag.py
[2024-12-03T21:13:03.288+0700] {processor.py:914} INFO - Processing file /home/tedubuamo/project/venv/lib/python3.12/site-packages/airflow/example_dags/example_external_task_marker_dag.py for tasks to queue
[2024-12-03T21:13:03.291+0700] {logging_mixin.py:190} INFO - [2024-12-03T21:13:03.290+0700] {dagbag.py:588} INFO - Filling up the DagBag from /home/tedubuamo/project/venv/lib/python3.12/site-packages/airflow/example_dags/example_external_task_marker_dag.py
[2024-12-03T21:13:03.298+0700] {processor.py:925} INFO - DAG(s) 'example_external_task_marker_child', 'example_external_task_marker_parent' retrieved from /home/tedubuamo/project/venv/lib/python3.12/site-packages/airflow/example_dags/example_external_task_marker_dag.py
[2024-12-03T21:13:03.315+0700] {logging_mixin.py:190} INFO - [2024-12-03T21:13:03.315+0700] {dag.py:3239} INFO - Sync 2 DAGs
[2024-12-03T21:13:03.327+0700] {logging_mixin.py:190} INFO - [2024-12-03T21:13:03.327+0700] {dag.py:4180} INFO - Setting next_dagrun for example_external_task_marker_child to None, run_after=None
[2024-12-03T21:13:03.330+0700] {logging_mixin.py:190} INFO - [2024-12-03T21:13:03.330+0700] {dag.py:4180} INFO - Setting next_dagrun for example_external_task_marker_parent to None, run_after=None
[2024-12-03T21:13:03.353+0700] {processor.py:208} INFO - Processing /home/tedubuamo/project/venv/lib/python3.12/site-packages/airflow/example_dags/example_external_task_marker_dag.py took 0.072 seconds
[2024-12-03T21:13:47.287+0700] {processor.py:186} INFO - Started process (PID=3241) to work on /home/tedubuamo/project/venv/lib/python3.12/site-packages/airflow/example_dags/example_external_task_marker_dag.py
[2024-12-03T21:13:47.289+0700] {processor.py:914} INFO - Processing file /home/tedubuamo/project/venv/lib/python3.12/site-packages/airflow/example_dags/example_external_task_marker_dag.py for tasks to queue
[2024-12-03T21:13:47.291+0700] {logging_mixin.py:190} INFO - [2024-12-03T21:13:47.290+0700] {dagbag.py:588} INFO - Filling up the DagBag from /home/tedubuamo/project/venv/lib/python3.12/site-packages/airflow/example_dags/example_external_task_marker_dag.py
[2024-12-03T21:13:47.297+0700] {processor.py:925} INFO - DAG(s) 'example_external_task_marker_parent', 'example_external_task_marker_child' retrieved from /home/tedubuamo/project/venv/lib/python3.12/site-packages/airflow/example_dags/example_external_task_marker_dag.py
[2024-12-03T21:13:47.311+0700] {logging_mixin.py:190} INFO - [2024-12-03T21:13:47.311+0700] {dag.py:3239} INFO - Sync 2 DAGs
[2024-12-03T21:13:47.320+0700] {logging_mixin.py:190} INFO - [2024-12-03T21:13:47.320+0700] {dag.py:4180} INFO - Setting next_dagrun for example_external_task_marker_child to None, run_after=None
[2024-12-03T21:13:47.323+0700] {logging_mixin.py:190} INFO - [2024-12-03T21:13:47.323+0700] {dag.py:4180} INFO - Setting next_dagrun for example_external_task_marker_parent to None, run_after=None
[2024-12-03T21:13:47.341+0700] {processor.py:208} INFO - Processing /home/tedubuamo/project/venv/lib/python3.12/site-packages/airflow/example_dags/example_external_task_marker_dag.py took 0.058 seconds
[2024-12-03T21:13:53.365+0700] {processor.py:186} INFO - Started process (PID=3255) to work on /home/tedubuamo/project/venv/lib/python3.12/site-packages/airflow/example_dags/example_external_task_marker_dag.py
[2024-12-03T21:13:53.366+0700] {processor.py:914} INFO - Processing file /home/tedubuamo/project/venv/lib/python3.12/site-packages/airflow/example_dags/example_external_task_marker_dag.py for tasks to queue
[2024-12-03T21:13:53.368+0700] {logging_mixin.py:190} INFO - [2024-12-03T21:13:53.367+0700] {dagbag.py:588} INFO - Filling up the DagBag from /home/tedubuamo/project/venv/lib/python3.12/site-packages/airflow/example_dags/example_external_task_marker_dag.py
[2024-12-03T21:13:53.375+0700] {processor.py:925} INFO - DAG(s) 'example_external_task_marker_child', 'example_external_task_marker_parent' retrieved from /home/tedubuamo/project/venv/lib/python3.12/site-packages/airflow/example_dags/example_external_task_marker_dag.py
[2024-12-03T21:13:53.388+0700] {logging_mixin.py:190} INFO - [2024-12-03T21:13:53.388+0700] {dag.py:3239} INFO - Sync 2 DAGs
[2024-12-03T21:13:53.398+0700] {logging_mixin.py:190} INFO - [2024-12-03T21:13:53.398+0700] {dag.py:4180} INFO - Setting next_dagrun for example_external_task_marker_child to None, run_after=None
[2024-12-03T21:13:53.401+0700] {logging_mixin.py:190} INFO - [2024-12-03T21:13:53.401+0700] {dag.py:4180} INFO - Setting next_dagrun for example_external_task_marker_parent to None, run_after=None
[2024-12-03T21:13:53.420+0700] {processor.py:208} INFO - Processing /home/tedubuamo/project/venv/lib/python3.12/site-packages/airflow/example_dags/example_external_task_marker_dag.py took 0.059 seconds
[2024-12-03T21:14:40.269+0700] {processor.py:186} INFO - Started process (PID=3350) to work on /home/tedubuamo/project/venv/lib/python3.12/site-packages/airflow/example_dags/example_external_task_marker_dag.py
[2024-12-03T21:14:40.270+0700] {processor.py:914} INFO - Processing file /home/tedubuamo/project/venv/lib/python3.12/site-packages/airflow/example_dags/example_external_task_marker_dag.py for tasks to queue
[2024-12-03T21:14:40.273+0700] {logging_mixin.py:190} INFO - [2024-12-03T21:14:40.272+0700] {dagbag.py:588} INFO - Filling up the DagBag from /home/tedubuamo/project/venv/lib/python3.12/site-packages/airflow/example_dags/example_external_task_marker_dag.py
[2024-12-03T21:14:40.279+0700] {processor.py:925} INFO - DAG(s) 'example_external_task_marker_child', 'example_external_task_marker_parent' retrieved from /home/tedubuamo/project/venv/lib/python3.12/site-packages/airflow/example_dags/example_external_task_marker_dag.py
[2024-12-03T21:14:40.291+0700] {logging_mixin.py:190} INFO - [2024-12-03T21:14:40.291+0700] {dag.py:3239} INFO - Sync 2 DAGs
[2024-12-03T21:14:40.299+0700] {logging_mixin.py:190} INFO - [2024-12-03T21:14:40.299+0700] {dag.py:4180} INFO - Setting next_dagrun for example_external_task_marker_child to None, run_after=None
[2024-12-03T21:14:40.301+0700] {logging_mixin.py:190} INFO - [2024-12-03T21:14:40.301+0700] {dag.py:4180} INFO - Setting next_dagrun for example_external_task_marker_parent to None, run_after=None
[2024-12-03T21:14:40.317+0700] {processor.py:208} INFO - Processing /home/tedubuamo/project/venv/lib/python3.12/site-packages/airflow/example_dags/example_external_task_marker_dag.py took 0.052 seconds
[2024-12-03T21:14:48.036+0700] {processor.py:186} INFO - Started process (PID=3367) to work on /home/tedubuamo/project/venv/lib/python3.12/site-packages/airflow/example_dags/example_external_task_marker_dag.py
[2024-12-03T21:14:48.037+0700] {processor.py:914} INFO - Processing file /home/tedubuamo/project/venv/lib/python3.12/site-packages/airflow/example_dags/example_external_task_marker_dag.py for tasks to queue
[2024-12-03T21:14:48.039+0700] {logging_mixin.py:190} INFO - [2024-12-03T21:14:48.038+0700] {dagbag.py:588} INFO - Filling up the DagBag from /home/tedubuamo/project/venv/lib/python3.12/site-packages/airflow/example_dags/example_external_task_marker_dag.py
[2024-12-03T21:14:48.044+0700] {processor.py:925} INFO - DAG(s) 'example_external_task_marker_child', 'example_external_task_marker_parent' retrieved from /home/tedubuamo/project/venv/lib/python3.12/site-packages/airflow/example_dags/example_external_task_marker_dag.py
[2024-12-03T21:14:48.056+0700] {logging_mixin.py:190} INFO - [2024-12-03T21:14:48.056+0700] {dag.py:3239} INFO - Sync 2 DAGs
[2024-12-03T21:14:48.066+0700] {logging_mixin.py:190} INFO - [2024-12-03T21:14:48.065+0700] {dag.py:4180} INFO - Setting next_dagrun for example_external_task_marker_child to None, run_after=None
[2024-12-03T21:14:48.068+0700] {logging_mixin.py:190} INFO - [2024-12-03T21:14:48.068+0700] {dag.py:4180} INFO - Setting next_dagrun for example_external_task_marker_parent to None, run_after=None
[2024-12-03T21:14:48.083+0700] {processor.py:208} INFO - Processing /home/tedubuamo/project/venv/lib/python3.12/site-packages/airflow/example_dags/example_external_task_marker_dag.py took 0.056 seconds
[2024-12-03T21:15:56.092+0700] {processor.py:186} INFO - Started process (PID=3516) to work on /home/tedubuamo/project/venv/lib/python3.12/site-packages/airflow/example_dags/example_external_task_marker_dag.py
[2024-12-03T21:15:56.093+0700] {processor.py:914} INFO - Processing file /home/tedubuamo/project/venv/lib/python3.12/site-packages/airflow/example_dags/example_external_task_marker_dag.py for tasks to queue
[2024-12-03T21:15:56.094+0700] {logging_mixin.py:190} INFO - [2024-12-03T21:15:56.094+0700] {dagbag.py:588} INFO - Filling up the DagBag from /home/tedubuamo/project/venv/lib/python3.12/site-packages/airflow/example_dags/example_external_task_marker_dag.py
[2024-12-03T21:15:56.102+0700] {processor.py:925} INFO - DAG(s) 'example_external_task_marker_parent', 'example_external_task_marker_child' retrieved from /home/tedubuamo/project/venv/lib/python3.12/site-packages/airflow/example_dags/example_external_task_marker_dag.py
[2024-12-03T21:15:56.114+0700] {logging_mixin.py:190} INFO - [2024-12-03T21:15:56.114+0700] {dag.py:3239} INFO - Sync 2 DAGs
[2024-12-03T21:15:56.123+0700] {logging_mixin.py:190} INFO - [2024-12-03T21:15:56.123+0700] {dag.py:4180} INFO - Setting next_dagrun for example_external_task_marker_child to None, run_after=None
[2024-12-03T21:15:56.125+0700] {logging_mixin.py:190} INFO - [2024-12-03T21:15:56.125+0700] {dag.py:4180} INFO - Setting next_dagrun for example_external_task_marker_parent to None, run_after=None
[2024-12-03T21:15:56.140+0700] {processor.py:208} INFO - Processing /home/tedubuamo/project/venv/lib/python3.12/site-packages/airflow/example_dags/example_external_task_marker_dag.py took 0.053 seconds
[2024-12-03T21:16:02.149+0700] {processor.py:186} INFO - Started process (PID=3529) to work on /home/tedubuamo/project/venv/lib/python3.12/site-packages/airflow/example_dags/example_external_task_marker_dag.py
[2024-12-03T21:16:02.150+0700] {processor.py:914} INFO - Processing file /home/tedubuamo/project/venv/lib/python3.12/site-packages/airflow/example_dags/example_external_task_marker_dag.py for tasks to queue
[2024-12-03T21:16:02.151+0700] {logging_mixin.py:190} INFO - [2024-12-03T21:16:02.151+0700] {dagbag.py:588} INFO - Filling up the DagBag from /home/tedubuamo/project/venv/lib/python3.12/site-packages/airflow/example_dags/example_external_task_marker_dag.py
[2024-12-03T21:16:02.161+0700] {processor.py:925} INFO - DAG(s) 'example_external_task_marker_child', 'example_external_task_marker_parent' retrieved from /home/tedubuamo/project/venv/lib/python3.12/site-packages/airflow/example_dags/example_external_task_marker_dag.py
[2024-12-03T21:16:02.175+0700] {logging_mixin.py:190} INFO - [2024-12-03T21:16:02.175+0700] {dag.py:3239} INFO - Sync 2 DAGs
[2024-12-03T21:16:02.186+0700] {logging_mixin.py:190} INFO - [2024-12-03T21:16:02.186+0700] {dag.py:4180} INFO - Setting next_dagrun for example_external_task_marker_child to None, run_after=None
[2024-12-03T21:16:02.190+0700] {logging_mixin.py:190} INFO - [2024-12-03T21:16:02.189+0700] {dag.py:4180} INFO - Setting next_dagrun for example_external_task_marker_parent to None, run_after=None
[2024-12-03T21:16:02.207+0700] {processor.py:208} INFO - Processing /home/tedubuamo/project/venv/lib/python3.12/site-packages/airflow/example_dags/example_external_task_marker_dag.py took 0.064 seconds
[2024-12-03T21:16:50.136+0700] {processor.py:186} INFO - Started process (PID=3652) to work on /home/tedubuamo/project/venv/lib/python3.12/site-packages/airflow/example_dags/example_external_task_marker_dag.py
[2024-12-03T21:16:50.137+0700] {processor.py:914} INFO - Processing file /home/tedubuamo/project/venv/lib/python3.12/site-packages/airflow/example_dags/example_external_task_marker_dag.py for tasks to queue
[2024-12-03T21:16:50.138+0700] {logging_mixin.py:190} INFO - [2024-12-03T21:16:50.138+0700] {dagbag.py:588} INFO - Filling up the DagBag from /home/tedubuamo/project/venv/lib/python3.12/site-packages/airflow/example_dags/example_external_task_marker_dag.py
[2024-12-03T21:16:50.145+0700] {processor.py:925} INFO - DAG(s) 'example_external_task_marker_child', 'example_external_task_marker_parent' retrieved from /home/tedubuamo/project/venv/lib/python3.12/site-packages/airflow/example_dags/example_external_task_marker_dag.py
[2024-12-03T21:16:50.157+0700] {logging_mixin.py:190} INFO - [2024-12-03T21:16:50.157+0700] {dag.py:3239} INFO - Sync 2 DAGs
[2024-12-03T21:16:50.166+0700] {logging_mixin.py:190} INFO - [2024-12-03T21:16:50.165+0700] {dag.py:4180} INFO - Setting next_dagrun for example_external_task_marker_child to None, run_after=None
[2024-12-03T21:16:50.171+0700] {logging_mixin.py:190} INFO - [2024-12-03T21:16:50.171+0700] {dag.py:4180} INFO - Setting next_dagrun for example_external_task_marker_parent to None, run_after=None
[2024-12-03T21:16:50.186+0700] {processor.py:208} INFO - Processing /home/tedubuamo/project/venv/lib/python3.12/site-packages/airflow/example_dags/example_external_task_marker_dag.py took 0.054 seconds
[2024-12-03T21:17:18.151+0700] {processor.py:186} INFO - Started process (PID=3710) to work on /home/tedubuamo/project/venv/lib/python3.12/site-packages/airflow/example_dags/example_external_task_marker_dag.py
[2024-12-03T21:17:18.152+0700] {processor.py:914} INFO - Processing file /home/tedubuamo/project/venv/lib/python3.12/site-packages/airflow/example_dags/example_external_task_marker_dag.py for tasks to queue
[2024-12-03T21:17:18.154+0700] {logging_mixin.py:190} INFO - [2024-12-03T21:17:18.154+0700] {dagbag.py:588} INFO - Filling up the DagBag from /home/tedubuamo/project/venv/lib/python3.12/site-packages/airflow/example_dags/example_external_task_marker_dag.py
[2024-12-03T21:17:18.160+0700] {processor.py:925} INFO - DAG(s) 'example_external_task_marker_parent', 'example_external_task_marker_child' retrieved from /home/tedubuamo/project/venv/lib/python3.12/site-packages/airflow/example_dags/example_external_task_marker_dag.py
[2024-12-03T21:17:18.172+0700] {logging_mixin.py:190} INFO - [2024-12-03T21:17:18.172+0700] {dag.py:3239} INFO - Sync 2 DAGs
[2024-12-03T21:17:18.180+0700] {logging_mixin.py:190} INFO - [2024-12-03T21:17:18.180+0700] {dag.py:4180} INFO - Setting next_dagrun for example_external_task_marker_child to None, run_after=None
[2024-12-03T21:17:18.182+0700] {logging_mixin.py:190} INFO - [2024-12-03T21:17:18.182+0700] {dag.py:4180} INFO - Setting next_dagrun for example_external_task_marker_parent to None, run_after=None
[2024-12-03T21:17:18.199+0700] {processor.py:208} INFO - Processing /home/tedubuamo/project/venv/lib/python3.12/site-packages/airflow/example_dags/example_external_task_marker_dag.py took 0.052 seconds
[2024-12-03T21:17:44.799+0700] {processor.py:186} INFO - Started process (PID=3776) to work on /home/tedubuamo/project/venv/lib/python3.12/site-packages/airflow/example_dags/example_external_task_marker_dag.py
[2024-12-03T21:17:44.802+0700] {processor.py:914} INFO - Processing file /home/tedubuamo/project/venv/lib/python3.12/site-packages/airflow/example_dags/example_external_task_marker_dag.py for tasks to queue
[2024-12-03T21:17:44.804+0700] {logging_mixin.py:190} INFO - [2024-12-03T21:17:44.804+0700] {dagbag.py:588} INFO - Filling up the DagBag from /home/tedubuamo/project/venv/lib/python3.12/site-packages/airflow/example_dags/example_external_task_marker_dag.py
[2024-12-03T21:17:44.810+0700] {processor.py:925} INFO - DAG(s) 'example_external_task_marker_parent', 'example_external_task_marker_child' retrieved from /home/tedubuamo/project/venv/lib/python3.12/site-packages/airflow/example_dags/example_external_task_marker_dag.py
[2024-12-03T21:17:44.823+0700] {logging_mixin.py:190} INFO - [2024-12-03T21:17:44.823+0700] {dag.py:3239} INFO - Sync 2 DAGs
[2024-12-03T21:17:44.833+0700] {logging_mixin.py:190} INFO - [2024-12-03T21:17:44.833+0700] {dag.py:4180} INFO - Setting next_dagrun for example_external_task_marker_child to None, run_after=None
[2024-12-03T21:17:44.836+0700] {logging_mixin.py:190} INFO - [2024-12-03T21:17:44.835+0700] {dag.py:4180} INFO - Setting next_dagrun for example_external_task_marker_parent to None, run_after=None
[2024-12-03T21:17:44.852+0700] {processor.py:208} INFO - Processing /home/tedubuamo/project/venv/lib/python3.12/site-packages/airflow/example_dags/example_external_task_marker_dag.py took 0.057 seconds
[2024-12-03T21:19:32.180+0700] {processor.py:186} INFO - Started process (PID=3972) to work on /home/tedubuamo/project/venv/lib/python3.12/site-packages/airflow/example_dags/example_external_task_marker_dag.py
[2024-12-03T21:19:32.181+0700] {processor.py:914} INFO - Processing file /home/tedubuamo/project/venv/lib/python3.12/site-packages/airflow/example_dags/example_external_task_marker_dag.py for tasks to queue
[2024-12-03T21:19:32.183+0700] {logging_mixin.py:190} INFO - [2024-12-03T21:19:32.183+0700] {dagbag.py:588} INFO - Filling up the DagBag from /home/tedubuamo/project/venv/lib/python3.12/site-packages/airflow/example_dags/example_external_task_marker_dag.py
[2024-12-03T21:19:32.193+0700] {processor.py:925} INFO - DAG(s) 'example_external_task_marker_child', 'example_external_task_marker_parent' retrieved from /home/tedubuamo/project/venv/lib/python3.12/site-packages/airflow/example_dags/example_external_task_marker_dag.py
[2024-12-03T21:19:32.293+0700] {logging_mixin.py:190} INFO - [2024-12-03T21:19:32.293+0700] {dag.py:3239} INFO - Sync 2 DAGs
[2024-12-03T21:19:32.301+0700] {logging_mixin.py:190} INFO - [2024-12-03T21:19:32.301+0700] {dag.py:4180} INFO - Setting next_dagrun for example_external_task_marker_child to None, run_after=None
[2024-12-03T21:19:32.304+0700] {logging_mixin.py:190} INFO - [2024-12-03T21:19:32.304+0700] {dag.py:4180} INFO - Setting next_dagrun for example_external_task_marker_parent to None, run_after=None
[2024-12-03T21:19:32.323+0700] {processor.py:208} INFO - Processing /home/tedubuamo/project/venv/lib/python3.12/site-packages/airflow/example_dags/example_external_task_marker_dag.py took 0.147 seconds
[2024-12-03T21:20:38.251+0700] {processor.py:186} INFO - Started process (PID=4078) to work on /home/tedubuamo/project/venv/lib/python3.12/site-packages/airflow/example_dags/example_external_task_marker_dag.py
[2024-12-03T21:20:38.252+0700] {processor.py:914} INFO - Processing file /home/tedubuamo/project/venv/lib/python3.12/site-packages/airflow/example_dags/example_external_task_marker_dag.py for tasks to queue
[2024-12-03T21:20:38.255+0700] {logging_mixin.py:190} INFO - [2024-12-03T21:20:38.255+0700] {dagbag.py:588} INFO - Filling up the DagBag from /home/tedubuamo/project/venv/lib/python3.12/site-packages/airflow/example_dags/example_external_task_marker_dag.py
[2024-12-03T21:20:38.265+0700] {processor.py:925} INFO - DAG(s) 'example_external_task_marker_parent', 'example_external_task_marker_child' retrieved from /home/tedubuamo/project/venv/lib/python3.12/site-packages/airflow/example_dags/example_external_task_marker_dag.py
[2024-12-03T21:20:38.286+0700] {logging_mixin.py:190} INFO - [2024-12-03T21:20:38.285+0700] {dag.py:3239} INFO - Sync 2 DAGs
[2024-12-03T21:20:38.301+0700] {logging_mixin.py:190} INFO - [2024-12-03T21:20:38.301+0700] {dag.py:4180} INFO - Setting next_dagrun for example_external_task_marker_child to None, run_after=None
[2024-12-03T21:20:38.305+0700] {logging_mixin.py:190} INFO - [2024-12-03T21:20:38.304+0700] {dag.py:4180} INFO - Setting next_dagrun for example_external_task_marker_parent to None, run_after=None
[2024-12-03T21:20:38.343+0700] {processor.py:208} INFO - Processing /home/tedubuamo/project/venv/lib/python3.12/site-packages/airflow/example_dags/example_external_task_marker_dag.py took 0.097 seconds
[2024-12-03T21:21:39.321+0700] {processor.py:186} INFO - Started process (PID=4147) to work on /home/tedubuamo/project/venv/lib/python3.12/site-packages/airflow/example_dags/example_external_task_marker_dag.py
[2024-12-03T21:21:39.322+0700] {processor.py:914} INFO - Processing file /home/tedubuamo/project/venv/lib/python3.12/site-packages/airflow/example_dags/example_external_task_marker_dag.py for tasks to queue
[2024-12-03T21:21:39.324+0700] {logging_mixin.py:190} INFO - [2024-12-03T21:21:39.324+0700] {dagbag.py:588} INFO - Filling up the DagBag from /home/tedubuamo/project/venv/lib/python3.12/site-packages/airflow/example_dags/example_external_task_marker_dag.py
[2024-12-03T21:21:39.330+0700] {processor.py:925} INFO - DAG(s) 'example_external_task_marker_parent', 'example_external_task_marker_child' retrieved from /home/tedubuamo/project/venv/lib/python3.12/site-packages/airflow/example_dags/example_external_task_marker_dag.py
[2024-12-03T21:21:39.342+0700] {logging_mixin.py:190} INFO - [2024-12-03T21:21:39.342+0700] {dag.py:3239} INFO - Sync 2 DAGs
[2024-12-03T21:21:39.351+0700] {logging_mixin.py:190} INFO - [2024-12-03T21:21:39.351+0700] {dag.py:4180} INFO - Setting next_dagrun for example_external_task_marker_child to None, run_after=None
[2024-12-03T21:21:39.353+0700] {logging_mixin.py:190} INFO - [2024-12-03T21:21:39.353+0700] {dag.py:4180} INFO - Setting next_dagrun for example_external_task_marker_parent to None, run_after=None
[2024-12-03T21:21:39.369+0700] {processor.py:208} INFO - Processing /home/tedubuamo/project/venv/lib/python3.12/site-packages/airflow/example_dags/example_external_task_marker_dag.py took 0.052 seconds
[2024-12-03T21:22:32.662+0700] {processor.py:186} INFO - Started process (PID=4238) to work on /home/tedubuamo/project/venv/lib/python3.12/site-packages/airflow/example_dags/example_external_task_marker_dag.py
[2024-12-03T21:22:32.663+0700] {processor.py:914} INFO - Processing file /home/tedubuamo/project/venv/lib/python3.12/site-packages/airflow/example_dags/example_external_task_marker_dag.py for tasks to queue
[2024-12-03T21:22:32.665+0700] {logging_mixin.py:190} INFO - [2024-12-03T21:22:32.664+0700] {dagbag.py:588} INFO - Filling up the DagBag from /home/tedubuamo/project/venv/lib/python3.12/site-packages/airflow/example_dags/example_external_task_marker_dag.py
[2024-12-03T21:22:32.671+0700] {processor.py:925} INFO - DAG(s) 'example_external_task_marker_child', 'example_external_task_marker_parent' retrieved from /home/tedubuamo/project/venv/lib/python3.12/site-packages/airflow/example_dags/example_external_task_marker_dag.py
[2024-12-03T21:22:32.684+0700] {logging_mixin.py:190} INFO - [2024-12-03T21:22:32.683+0700] {dag.py:3239} INFO - Sync 2 DAGs
[2024-12-03T21:22:32.693+0700] {logging_mixin.py:190} INFO - [2024-12-03T21:22:32.692+0700] {dag.py:4180} INFO - Setting next_dagrun for example_external_task_marker_child to None, run_after=None
[2024-12-03T21:22:32.695+0700] {logging_mixin.py:190} INFO - [2024-12-03T21:22:32.695+0700] {dag.py:4180} INFO - Setting next_dagrun for example_external_task_marker_parent to None, run_after=None
[2024-12-03T21:22:32.714+0700] {processor.py:208} INFO - Processing /home/tedubuamo/project/venv/lib/python3.12/site-packages/airflow/example_dags/example_external_task_marker_dag.py took 0.056 seconds
[2024-12-03T21:23:29.321+0700] {processor.py:186} INFO - Started process (PID=4296) to work on /home/tedubuamo/project/venv/lib/python3.12/site-packages/airflow/example_dags/example_external_task_marker_dag.py
[2024-12-03T21:23:29.323+0700] {processor.py:914} INFO - Processing file /home/tedubuamo/project/venv/lib/python3.12/site-packages/airflow/example_dags/example_external_task_marker_dag.py for tasks to queue
[2024-12-03T21:23:29.325+0700] {logging_mixin.py:190} INFO - [2024-12-03T21:23:29.324+0700] {dagbag.py:588} INFO - Filling up the DagBag from /home/tedubuamo/project/venv/lib/python3.12/site-packages/airflow/example_dags/example_external_task_marker_dag.py
[2024-12-03T21:23:29.331+0700] {processor.py:925} INFO - DAG(s) 'example_external_task_marker_parent', 'example_external_task_marker_child' retrieved from /home/tedubuamo/project/venv/lib/python3.12/site-packages/airflow/example_dags/example_external_task_marker_dag.py
[2024-12-03T21:23:29.345+0700] {logging_mixin.py:190} INFO - [2024-12-03T21:23:29.345+0700] {dag.py:3239} INFO - Sync 2 DAGs
[2024-12-03T21:23:29.357+0700] {logging_mixin.py:190} INFO - [2024-12-03T21:23:29.357+0700] {dag.py:4180} INFO - Setting next_dagrun for example_external_task_marker_child to None, run_after=None
[2024-12-03T21:23:29.360+0700] {logging_mixin.py:190} INFO - [2024-12-03T21:23:29.360+0700] {dag.py:4180} INFO - Setting next_dagrun for example_external_task_marker_parent to None, run_after=None
[2024-12-03T21:23:29.377+0700] {processor.py:208} INFO - Processing /home/tedubuamo/project/venv/lib/python3.12/site-packages/airflow/example_dags/example_external_task_marker_dag.py took 0.061 seconds
[2024-12-03T21:24:24.743+0700] {processor.py:186} INFO - Started process (PID=4374) to work on /home/tedubuamo/project/venv/lib/python3.12/site-packages/airflow/example_dags/example_external_task_marker_dag.py
[2024-12-03T21:24:24.744+0700] {processor.py:914} INFO - Processing file /home/tedubuamo/project/venv/lib/python3.12/site-packages/airflow/example_dags/example_external_task_marker_dag.py for tasks to queue
[2024-12-03T21:24:24.746+0700] {logging_mixin.py:190} INFO - [2024-12-03T21:24:24.746+0700] {dagbag.py:588} INFO - Filling up the DagBag from /home/tedubuamo/project/venv/lib/python3.12/site-packages/airflow/example_dags/example_external_task_marker_dag.py
[2024-12-03T21:24:24.753+0700] {processor.py:925} INFO - DAG(s) 'example_external_task_marker_parent', 'example_external_task_marker_child' retrieved from /home/tedubuamo/project/venv/lib/python3.12/site-packages/airflow/example_dags/example_external_task_marker_dag.py
[2024-12-03T21:24:24.766+0700] {logging_mixin.py:190} INFO - [2024-12-03T21:24:24.766+0700] {dag.py:3239} INFO - Sync 2 DAGs
[2024-12-03T21:24:24.777+0700] {logging_mixin.py:190} INFO - [2024-12-03T21:24:24.776+0700] {dag.py:4180} INFO - Setting next_dagrun for example_external_task_marker_child to None, run_after=None
[2024-12-03T21:24:24.780+0700] {logging_mixin.py:190} INFO - [2024-12-03T21:24:24.779+0700] {dag.py:4180} INFO - Setting next_dagrun for example_external_task_marker_parent to None, run_after=None
[2024-12-03T21:24:24.796+0700] {processor.py:208} INFO - Processing /home/tedubuamo/project/venv/lib/python3.12/site-packages/airflow/example_dags/example_external_task_marker_dag.py took 0.057 seconds
[2024-12-03T21:25:17.175+0700] {processor.py:186} INFO - Started process (PID=4436) to work on /home/tedubuamo/project/venv/lib/python3.12/site-packages/airflow/example_dags/example_external_task_marker_dag.py
[2024-12-03T21:25:17.176+0700] {processor.py:914} INFO - Processing file /home/tedubuamo/project/venv/lib/python3.12/site-packages/airflow/example_dags/example_external_task_marker_dag.py for tasks to queue
[2024-12-03T21:25:17.178+0700] {logging_mixin.py:190} INFO - [2024-12-03T21:25:17.178+0700] {dagbag.py:588} INFO - Filling up the DagBag from /home/tedubuamo/project/venv/lib/python3.12/site-packages/airflow/example_dags/example_external_task_marker_dag.py
[2024-12-03T21:25:17.188+0700] {processor.py:925} INFO - DAG(s) 'example_external_task_marker_parent', 'example_external_task_marker_child' retrieved from /home/tedubuamo/project/venv/lib/python3.12/site-packages/airflow/example_dags/example_external_task_marker_dag.py
[2024-12-03T21:25:17.204+0700] {logging_mixin.py:190} INFO - [2024-12-03T21:25:17.204+0700] {dag.py:3239} INFO - Sync 2 DAGs
[2024-12-03T21:25:17.217+0700] {logging_mixin.py:190} INFO - [2024-12-03T21:25:17.216+0700] {dag.py:4180} INFO - Setting next_dagrun for example_external_task_marker_child to None, run_after=None
[2024-12-03T21:25:17.220+0700] {logging_mixin.py:190} INFO - [2024-12-03T21:25:17.220+0700] {dag.py:4180} INFO - Setting next_dagrun for example_external_task_marker_parent to None, run_after=None
[2024-12-03T21:25:17.240+0700] {processor.py:208} INFO - Processing /home/tedubuamo/project/venv/lib/python3.12/site-packages/airflow/example_dags/example_external_task_marker_dag.py took 0.069 seconds
[2024-12-03T21:26:18.303+0700] {processor.py:186} INFO - Started process (PID=4519) to work on /home/tedubuamo/project/venv/lib/python3.12/site-packages/airflow/example_dags/example_external_task_marker_dag.py
[2024-12-03T21:26:18.307+0700] {processor.py:914} INFO - Processing file /home/tedubuamo/project/venv/lib/python3.12/site-packages/airflow/example_dags/example_external_task_marker_dag.py for tasks to queue
[2024-12-03T21:26:18.309+0700] {logging_mixin.py:190} INFO - [2024-12-03T21:26:18.309+0700] {dagbag.py:588} INFO - Filling up the DagBag from /home/tedubuamo/project/venv/lib/python3.12/site-packages/airflow/example_dags/example_external_task_marker_dag.py
[2024-12-03T21:26:18.315+0700] {processor.py:925} INFO - DAG(s) 'example_external_task_marker_child', 'example_external_task_marker_parent' retrieved from /home/tedubuamo/project/venv/lib/python3.12/site-packages/airflow/example_dags/example_external_task_marker_dag.py
[2024-12-03T21:26:18.328+0700] {logging_mixin.py:190} INFO - [2024-12-03T21:26:18.328+0700] {dag.py:3239} INFO - Sync 2 DAGs
[2024-12-03T21:26:18.338+0700] {logging_mixin.py:190} INFO - [2024-12-03T21:26:18.337+0700] {dag.py:4180} INFO - Setting next_dagrun for example_external_task_marker_child to None, run_after=None
[2024-12-03T21:26:18.340+0700] {logging_mixin.py:190} INFO - [2024-12-03T21:26:18.340+0700] {dag.py:4180} INFO - Setting next_dagrun for example_external_task_marker_parent to None, run_after=None
[2024-12-03T21:26:18.356+0700] {processor.py:208} INFO - Processing /home/tedubuamo/project/venv/lib/python3.12/site-packages/airflow/example_dags/example_external_task_marker_dag.py took 0.057 seconds
[2024-12-03T21:27:14.796+0700] {processor.py:186} INFO - Started process (PID=4583) to work on /home/tedubuamo/project/venv/lib/python3.12/site-packages/airflow/example_dags/example_external_task_marker_dag.py
[2024-12-03T21:27:14.797+0700] {processor.py:914} INFO - Processing file /home/tedubuamo/project/venv/lib/python3.12/site-packages/airflow/example_dags/example_external_task_marker_dag.py for tasks to queue
[2024-12-03T21:27:14.799+0700] {logging_mixin.py:190} INFO - [2024-12-03T21:27:14.799+0700] {dagbag.py:588} INFO - Filling up the DagBag from /home/tedubuamo/project/venv/lib/python3.12/site-packages/airflow/example_dags/example_external_task_marker_dag.py
[2024-12-03T21:27:14.806+0700] {processor.py:925} INFO - DAG(s) 'example_external_task_marker_child', 'example_external_task_marker_parent' retrieved from /home/tedubuamo/project/venv/lib/python3.12/site-packages/airflow/example_dags/example_external_task_marker_dag.py
[2024-12-03T21:27:14.820+0700] {logging_mixin.py:190} INFO - [2024-12-03T21:27:14.819+0700] {dag.py:3239} INFO - Sync 2 DAGs
[2024-12-03T21:27:14.829+0700] {logging_mixin.py:190} INFO - [2024-12-03T21:27:14.828+0700] {dag.py:4180} INFO - Setting next_dagrun for example_external_task_marker_child to None, run_after=None
[2024-12-03T21:27:14.831+0700] {logging_mixin.py:190} INFO - [2024-12-03T21:27:14.831+0700] {dag.py:4180} INFO - Setting next_dagrun for example_external_task_marker_parent to None, run_after=None
[2024-12-03T21:27:14.849+0700] {processor.py:208} INFO - Processing /home/tedubuamo/project/venv/lib/python3.12/site-packages/airflow/example_dags/example_external_task_marker_dag.py took 0.058 seconds
[2024-12-03T21:28:32.413+0700] {processor.py:186} INFO - Started process (PID=4679) to work on /home/tedubuamo/project/venv/lib/python3.12/site-packages/airflow/example_dags/example_external_task_marker_dag.py
[2024-12-03T21:28:32.415+0700] {processor.py:914} INFO - Processing file /home/tedubuamo/project/venv/lib/python3.12/site-packages/airflow/example_dags/example_external_task_marker_dag.py for tasks to queue
[2024-12-03T21:28:32.416+0700] {logging_mixin.py:190} INFO - [2024-12-03T21:28:32.416+0700] {dagbag.py:588} INFO - Filling up the DagBag from /home/tedubuamo/project/venv/lib/python3.12/site-packages/airflow/example_dags/example_external_task_marker_dag.py
[2024-12-03T21:28:32.423+0700] {processor.py:925} INFO - DAG(s) 'example_external_task_marker_parent', 'example_external_task_marker_child' retrieved from /home/tedubuamo/project/venv/lib/python3.12/site-packages/airflow/example_dags/example_external_task_marker_dag.py
[2024-12-03T21:28:32.436+0700] {logging_mixin.py:190} INFO - [2024-12-03T21:28:32.436+0700] {dag.py:3239} INFO - Sync 2 DAGs
[2024-12-03T21:28:32.446+0700] {logging_mixin.py:190} INFO - [2024-12-03T21:28:32.446+0700] {dag.py:4180} INFO - Setting next_dagrun for example_external_task_marker_child to None, run_after=None
[2024-12-03T21:28:32.449+0700] {logging_mixin.py:190} INFO - [2024-12-03T21:28:32.448+0700] {dag.py:4180} INFO - Setting next_dagrun for example_external_task_marker_parent to None, run_after=None
[2024-12-03T21:28:32.465+0700] {processor.py:208} INFO - Processing /home/tedubuamo/project/venv/lib/python3.12/site-packages/airflow/example_dags/example_external_task_marker_dag.py took 0.055 seconds
[2024-12-03T21:29:26.357+0700] {processor.py:186} INFO - Started process (PID=4815) to work on /home/tedubuamo/project/venv/lib/python3.12/site-packages/airflow/example_dags/example_external_task_marker_dag.py
[2024-12-03T21:29:26.359+0700] {processor.py:914} INFO - Processing file /home/tedubuamo/project/venv/lib/python3.12/site-packages/airflow/example_dags/example_external_task_marker_dag.py for tasks to queue
[2024-12-03T21:29:26.362+0700] {logging_mixin.py:190} INFO - [2024-12-03T21:29:26.361+0700] {dagbag.py:588} INFO - Filling up the DagBag from /home/tedubuamo/project/venv/lib/python3.12/site-packages/airflow/example_dags/example_external_task_marker_dag.py
[2024-12-03T21:29:26.373+0700] {processor.py:925} INFO - DAG(s) 'example_external_task_marker_parent', 'example_external_task_marker_child' retrieved from /home/tedubuamo/project/venv/lib/python3.12/site-packages/airflow/example_dags/example_external_task_marker_dag.py
[2024-12-03T21:29:26.394+0700] {logging_mixin.py:190} INFO - [2024-12-03T21:29:26.394+0700] {dag.py:3239} INFO - Sync 2 DAGs
[2024-12-03T21:29:26.407+0700] {logging_mixin.py:190} INFO - [2024-12-03T21:29:26.407+0700] {dag.py:4180} INFO - Setting next_dagrun for example_external_task_marker_child to None, run_after=None
[2024-12-03T21:29:26.410+0700] {logging_mixin.py:190} INFO - [2024-12-03T21:29:26.410+0700] {dag.py:4180} INFO - Setting next_dagrun for example_external_task_marker_parent to None, run_after=None
[2024-12-03T21:29:26.433+0700] {processor.py:208} INFO - Processing /home/tedubuamo/project/venv/lib/python3.12/site-packages/airflow/example_dags/example_external_task_marker_dag.py took 0.082 seconds
[2024-12-03T21:30:19.877+0700] {processor.py:186} INFO - Started process (PID=4874) to work on /home/tedubuamo/project/venv/lib/python3.12/site-packages/airflow/example_dags/example_external_task_marker_dag.py
[2024-12-03T21:30:19.885+0700] {processor.py:914} INFO - Processing file /home/tedubuamo/project/venv/lib/python3.12/site-packages/airflow/example_dags/example_external_task_marker_dag.py for tasks to queue
[2024-12-03T21:30:19.887+0700] {logging_mixin.py:190} INFO - [2024-12-03T21:30:19.886+0700] {dagbag.py:588} INFO - Filling up the DagBag from /home/tedubuamo/project/venv/lib/python3.12/site-packages/airflow/example_dags/example_external_task_marker_dag.py
[2024-12-03T21:30:19.893+0700] {processor.py:925} INFO - DAG(s) 'example_external_task_marker_child', 'example_external_task_marker_parent' retrieved from /home/tedubuamo/project/venv/lib/python3.12/site-packages/airflow/example_dags/example_external_task_marker_dag.py
[2024-12-03T21:30:19.905+0700] {logging_mixin.py:190} INFO - [2024-12-03T21:30:19.904+0700] {dag.py:3239} INFO - Sync 2 DAGs
[2024-12-03T21:30:19.914+0700] {logging_mixin.py:190} INFO - [2024-12-03T21:30:19.913+0700] {dag.py:4180} INFO - Setting next_dagrun for example_external_task_marker_child to None, run_after=None
[2024-12-03T21:30:19.917+0700] {logging_mixin.py:190} INFO - [2024-12-03T21:30:19.916+0700] {dag.py:4180} INFO - Setting next_dagrun for example_external_task_marker_parent to None, run_after=None
[2024-12-03T21:30:19.932+0700] {processor.py:208} INFO - Processing /home/tedubuamo/project/venv/lib/python3.12/site-packages/airflow/example_dags/example_external_task_marker_dag.py took 0.059 seconds
[2024-12-03T21:31:14.281+0700] {processor.py:186} INFO - Started process (PID=4939) to work on /home/tedubuamo/project/venv/lib/python3.12/site-packages/airflow/example_dags/example_external_task_marker_dag.py
[2024-12-03T21:31:14.283+0700] {processor.py:914} INFO - Processing file /home/tedubuamo/project/venv/lib/python3.12/site-packages/airflow/example_dags/example_external_task_marker_dag.py for tasks to queue
[2024-12-03T21:31:14.286+0700] {logging_mixin.py:190} INFO - [2024-12-03T21:31:14.285+0700] {dagbag.py:588} INFO - Filling up the DagBag from /home/tedubuamo/project/venv/lib/python3.12/site-packages/airflow/example_dags/example_external_task_marker_dag.py
[2024-12-03T21:31:14.295+0700] {processor.py:925} INFO - DAG(s) 'example_external_task_marker_child', 'example_external_task_marker_parent' retrieved from /home/tedubuamo/project/venv/lib/python3.12/site-packages/airflow/example_dags/example_external_task_marker_dag.py
[2024-12-03T21:31:14.318+0700] {logging_mixin.py:190} INFO - [2024-12-03T21:31:14.317+0700] {dag.py:3239} INFO - Sync 2 DAGs
[2024-12-03T21:31:14.335+0700] {logging_mixin.py:190} INFO - [2024-12-03T21:31:14.335+0700] {dag.py:4180} INFO - Setting next_dagrun for example_external_task_marker_child to None, run_after=None
[2024-12-03T21:31:14.340+0700] {logging_mixin.py:190} INFO - [2024-12-03T21:31:14.340+0700] {dag.py:4180} INFO - Setting next_dagrun for example_external_task_marker_parent to None, run_after=None
[2024-12-03T21:31:14.367+0700] {processor.py:208} INFO - Processing /home/tedubuamo/project/venv/lib/python3.12/site-packages/airflow/example_dags/example_external_task_marker_dag.py took 0.094 seconds
