[2024-12-03T20:58:01.566+0700] {processor.py:186} INFO - Started process (PID=1654) to work on /home/tedubuamo/project/venv/lib/python3.12/site-packages/airflow/example_dags/example_complex.py
[2024-12-03T20:58:01.567+0700] {processor.py:914} INFO - Processing file /home/tedubuamo/project/venv/lib/python3.12/site-packages/airflow/example_dags/example_complex.py for tasks to queue
[2024-12-03T20:58:01.568+0700] {logging_mixin.py:190} INFO - [2024-12-03T20:58:01.568+0700] {dagbag.py:588} INFO - Filling up the DagBag from /home/tedubuamo/project/venv/lib/python3.12/site-packages/airflow/example_dags/example_complex.py
[2024-12-03T20:58:01.576+0700] {processor.py:925} INFO - DAG(s) 'example_complex' retrieved from /home/tedubuamo/project/venv/lib/python3.12/site-packages/airflow/example_dags/example_complex.py
[2024-12-03T20:58:01.650+0700] {logging_mixin.py:190} INFO - [2024-12-03T20:58:01.649+0700] {dag.py:3239} INFO - Sync 1 DAGs
[2024-12-03T20:58:01.657+0700] {logging_mixin.py:190} INFO - [2024-12-03T20:58:01.657+0700] {dag.py:4180} INFO - Setting next_dagrun for example_complex to None, run_after=None
[2024-12-03T20:58:01.678+0700] {processor.py:208} INFO - Processing /home/tedubuamo/project/venv/lib/python3.12/site-packages/airflow/example_dags/example_complex.py took 0.116 seconds
[2024-12-03T20:58:57.227+0700] {processor.py:186} INFO - Started process (PID=1711) to work on /home/tedubuamo/project/venv/lib/python3.12/site-packages/airflow/example_dags/example_complex.py
[2024-12-03T20:58:57.231+0700] {processor.py:914} INFO - Processing file /home/tedubuamo/project/venv/lib/python3.12/site-packages/airflow/example_dags/example_complex.py for tasks to queue
[2024-12-03T20:58:57.232+0700] {logging_mixin.py:190} INFO - [2024-12-03T20:58:57.232+0700] {dagbag.py:588} INFO - Filling up the DagBag from /home/tedubuamo/project/venv/lib/python3.12/site-packages/airflow/example_dags/example_complex.py
[2024-12-03T20:58:57.240+0700] {processor.py:925} INFO - DAG(s) 'example_complex' retrieved from /home/tedubuamo/project/venv/lib/python3.12/site-packages/airflow/example_dags/example_complex.py
[2024-12-03T20:58:57.256+0700] {logging_mixin.py:190} INFO - [2024-12-03T20:58:57.256+0700] {dag.py:3239} INFO - Sync 1 DAGs
[2024-12-03T20:58:57.265+0700] {logging_mixin.py:190} INFO - [2024-12-03T20:58:57.264+0700] {dag.py:4180} INFO - Setting next_dagrun for example_complex to None, run_after=None
[2024-12-03T20:58:57.282+0700] {processor.py:208} INFO - Processing /home/tedubuamo/project/venv/lib/python3.12/site-packages/airflow/example_dags/example_complex.py took 0.059 seconds
[2024-12-03T20:59:51.768+0700] {processor.py:186} INFO - Started process (PID=1768) to work on /home/tedubuamo/project/venv/lib/python3.12/site-packages/airflow/example_dags/example_complex.py
[2024-12-03T20:59:51.771+0700] {processor.py:914} INFO - Processing file /home/tedubuamo/project/venv/lib/python3.12/site-packages/airflow/example_dags/example_complex.py for tasks to queue
[2024-12-03T20:59:51.774+0700] {logging_mixin.py:190} INFO - [2024-12-03T20:59:51.773+0700] {dagbag.py:588} INFO - Filling up the DagBag from /home/tedubuamo/project/venv/lib/python3.12/site-packages/airflow/example_dags/example_complex.py
[2024-12-03T20:59:51.782+0700] {processor.py:925} INFO - DAG(s) 'example_complex' retrieved from /home/tedubuamo/project/venv/lib/python3.12/site-packages/airflow/example_dags/example_complex.py
[2024-12-03T20:59:51.799+0700] {logging_mixin.py:190} INFO - [2024-12-03T20:59:51.799+0700] {dag.py:3239} INFO - Sync 1 DAGs
[2024-12-03T20:59:51.808+0700] {logging_mixin.py:190} INFO - [2024-12-03T20:59:51.808+0700] {dag.py:4180} INFO - Setting next_dagrun for example_complex to None, run_after=None
[2024-12-03T20:59:51.825+0700] {processor.py:208} INFO - Processing /home/tedubuamo/project/venv/lib/python3.12/site-packages/airflow/example_dags/example_complex.py took 0.061 seconds
[2024-12-03T21:00:45.173+0700] {processor.py:186} INFO - Started process (PID=1823) to work on /home/tedubuamo/project/venv/lib/python3.12/site-packages/airflow/example_dags/example_complex.py
[2024-12-03T21:00:45.177+0700] {processor.py:914} INFO - Processing file /home/tedubuamo/project/venv/lib/python3.12/site-packages/airflow/example_dags/example_complex.py for tasks to queue
[2024-12-03T21:00:45.179+0700] {logging_mixin.py:190} INFO - [2024-12-03T21:00:45.178+0700] {dagbag.py:588} INFO - Filling up the DagBag from /home/tedubuamo/project/venv/lib/python3.12/site-packages/airflow/example_dags/example_complex.py
[2024-12-03T21:00:45.187+0700] {processor.py:925} INFO - DAG(s) 'example_complex' retrieved from /home/tedubuamo/project/venv/lib/python3.12/site-packages/airflow/example_dags/example_complex.py
[2024-12-03T21:00:45.204+0700] {logging_mixin.py:190} INFO - [2024-12-03T21:00:45.203+0700] {dag.py:3239} INFO - Sync 1 DAGs
[2024-12-03T21:00:45.212+0700] {logging_mixin.py:190} INFO - [2024-12-03T21:00:45.212+0700] {dag.py:4180} INFO - Setting next_dagrun for example_complex to None, run_after=None
[2024-12-03T21:00:45.229+0700] {processor.py:208} INFO - Processing /home/tedubuamo/project/venv/lib/python3.12/site-packages/airflow/example_dags/example_complex.py took 0.060 seconds
[2024-12-03T21:05:26.623+0700] {processor.py:186} INFO - Started process (PID=2036) to work on /home/tedubuamo/project/venv/lib/python3.12/site-packages/airflow/example_dags/example_complex.py
[2024-12-03T21:05:26.627+0700] {processor.py:914} INFO - Processing file /home/tedubuamo/project/venv/lib/python3.12/site-packages/airflow/example_dags/example_complex.py for tasks to queue
[2024-12-03T21:05:26.628+0700] {logging_mixin.py:190} INFO - [2024-12-03T21:05:26.628+0700] {dagbag.py:588} INFO - Filling up the DagBag from /home/tedubuamo/project/venv/lib/python3.12/site-packages/airflow/example_dags/example_complex.py
[2024-12-03T21:05:26.637+0700] {processor.py:925} INFO - DAG(s) 'example_complex' retrieved from /home/tedubuamo/project/venv/lib/python3.12/site-packages/airflow/example_dags/example_complex.py
[2024-12-03T21:05:26.655+0700] {logging_mixin.py:190} INFO - [2024-12-03T21:05:26.655+0700] {dag.py:3239} INFO - Sync 1 DAGs
[2024-12-03T21:05:26.663+0700] {logging_mixin.py:190} INFO - [2024-12-03T21:05:26.663+0700] {dag.py:4180} INFO - Setting next_dagrun for example_complex to None, run_after=None
[2024-12-03T21:05:26.680+0700] {processor.py:208} INFO - Processing /home/tedubuamo/project/venv/lib/python3.12/site-packages/airflow/example_dags/example_complex.py took 0.061 seconds
[2024-12-03T21:06:22.104+0700] {processor.py:186} INFO - Started process (PID=2195) to work on /home/tedubuamo/project/venv/lib/python3.12/site-packages/airflow/example_dags/example_complex.py
[2024-12-03T21:06:22.105+0700] {processor.py:914} INFO - Processing file /home/tedubuamo/project/venv/lib/python3.12/site-packages/airflow/example_dags/example_complex.py for tasks to queue
[2024-12-03T21:06:22.107+0700] {logging_mixin.py:190} INFO - [2024-12-03T21:06:22.106+0700] {dagbag.py:588} INFO - Filling up the DagBag from /home/tedubuamo/project/venv/lib/python3.12/site-packages/airflow/example_dags/example_complex.py
[2024-12-03T21:06:22.116+0700] {processor.py:925} INFO - DAG(s) 'example_complex' retrieved from /home/tedubuamo/project/venv/lib/python3.12/site-packages/airflow/example_dags/example_complex.py
[2024-12-03T21:06:22.135+0700] {logging_mixin.py:190} INFO - [2024-12-03T21:06:22.135+0700] {dag.py:3239} INFO - Sync 1 DAGs
[2024-12-03T21:06:22.144+0700] {logging_mixin.py:190} INFO - [2024-12-03T21:06:22.144+0700] {dag.py:4180} INFO - Setting next_dagrun for example_complex to None, run_after=None
[2024-12-03T21:06:22.163+0700] {processor.py:208} INFO - Processing /home/tedubuamo/project/venv/lib/python3.12/site-packages/airflow/example_dags/example_complex.py took 0.063 seconds
[2024-12-03T21:06:23.589+0700] {processor.py:186} INFO - Started process (PID=2198) to work on /home/tedubuamo/project/venv/lib/python3.12/site-packages/airflow/example_dags/example_complex.py
[2024-12-03T21:06:23.593+0700] {processor.py:914} INFO - Processing file /home/tedubuamo/project/venv/lib/python3.12/site-packages/airflow/example_dags/example_complex.py for tasks to queue
[2024-12-03T21:06:23.594+0700] {logging_mixin.py:190} INFO - [2024-12-03T21:06:23.594+0700] {dagbag.py:588} INFO - Filling up the DagBag from /home/tedubuamo/project/venv/lib/python3.12/site-packages/airflow/example_dags/example_complex.py
[2024-12-03T21:06:23.603+0700] {processor.py:925} INFO - DAG(s) 'example_complex' retrieved from /home/tedubuamo/project/venv/lib/python3.12/site-packages/airflow/example_dags/example_complex.py
[2024-12-03T21:06:23.624+0700] {logging_mixin.py:190} INFO - [2024-12-03T21:06:23.623+0700] {dag.py:3239} INFO - Sync 1 DAGs
[2024-12-03T21:06:23.632+0700] {logging_mixin.py:190} INFO - [2024-12-03T21:06:23.632+0700] {dag.py:4180} INFO - Setting next_dagrun for example_complex to None, run_after=None
[2024-12-03T21:06:23.648+0700] {processor.py:208} INFO - Processing /home/tedubuamo/project/venv/lib/python3.12/site-packages/airflow/example_dags/example_complex.py took 0.062 seconds
[2024-12-03T21:07:17.964+0700] {processor.py:186} INFO - Started process (PID=2399) to work on /home/tedubuamo/project/venv/lib/python3.12/site-packages/airflow/example_dags/example_complex.py
[2024-12-03T21:07:17.965+0700] {processor.py:914} INFO - Processing file /home/tedubuamo/project/venv/lib/python3.12/site-packages/airflow/example_dags/example_complex.py for tasks to queue
[2024-12-03T21:07:17.966+0700] {logging_mixin.py:190} INFO - [2024-12-03T21:07:17.966+0700] {dagbag.py:588} INFO - Filling up the DagBag from /home/tedubuamo/project/venv/lib/python3.12/site-packages/airflow/example_dags/example_complex.py
[2024-12-03T21:07:17.975+0700] {processor.py:925} INFO - DAG(s) 'example_complex' retrieved from /home/tedubuamo/project/venv/lib/python3.12/site-packages/airflow/example_dags/example_complex.py
[2024-12-03T21:07:17.993+0700] {logging_mixin.py:190} INFO - [2024-12-03T21:07:17.993+0700] {dag.py:3239} INFO - Sync 1 DAGs
[2024-12-03T21:07:18.002+0700] {logging_mixin.py:190} INFO - [2024-12-03T21:07:18.002+0700] {dag.py:4180} INFO - Setting next_dagrun for example_complex to None, run_after=None
[2024-12-03T21:07:18.020+0700] {processor.py:208} INFO - Processing /home/tedubuamo/project/venv/lib/python3.12/site-packages/airflow/example_dags/example_complex.py took 0.060 seconds
[2024-12-03T21:07:18.983+0700] {processor.py:186} INFO - Started process (PID=2406) to work on /home/tedubuamo/project/venv/lib/python3.12/site-packages/airflow/example_dags/example_complex.py
[2024-12-03T21:07:18.984+0700] {processor.py:914} INFO - Processing file /home/tedubuamo/project/venv/lib/python3.12/site-packages/airflow/example_dags/example_complex.py for tasks to queue
[2024-12-03T21:07:18.985+0700] {logging_mixin.py:190} INFO - [2024-12-03T21:07:18.985+0700] {dagbag.py:588} INFO - Filling up the DagBag from /home/tedubuamo/project/venv/lib/python3.12/site-packages/airflow/example_dags/example_complex.py
[2024-12-03T21:07:18.993+0700] {processor.py:925} INFO - DAG(s) 'example_complex' retrieved from /home/tedubuamo/project/venv/lib/python3.12/site-packages/airflow/example_dags/example_complex.py
[2024-12-03T21:07:19.010+0700] {logging_mixin.py:190} INFO - [2024-12-03T21:07:19.010+0700] {dag.py:3239} INFO - Sync 1 DAGs
[2024-12-03T21:07:19.019+0700] {logging_mixin.py:190} INFO - [2024-12-03T21:07:19.019+0700] {dag.py:4180} INFO - Setting next_dagrun for example_complex to None, run_after=None
[2024-12-03T21:07:19.035+0700] {processor.py:208} INFO - Processing /home/tedubuamo/project/venv/lib/python3.12/site-packages/airflow/example_dags/example_complex.py took 0.056 seconds
[2024-12-03T21:08:10.668+0700] {processor.py:186} INFO - Started process (PID=2514) to work on /home/tedubuamo/project/venv/lib/python3.12/site-packages/airflow/example_dags/example_complex.py
[2024-12-03T21:08:10.670+0700] {processor.py:914} INFO - Processing file /home/tedubuamo/project/venv/lib/python3.12/site-packages/airflow/example_dags/example_complex.py for tasks to queue
[2024-12-03T21:08:10.673+0700] {logging_mixin.py:190} INFO - [2024-12-03T21:08:10.672+0700] {dagbag.py:588} INFO - Filling up the DagBag from /home/tedubuamo/project/venv/lib/python3.12/site-packages/airflow/example_dags/example_complex.py
[2024-12-03T21:08:10.687+0700] {processor.py:925} INFO - DAG(s) 'example_complex' retrieved from /home/tedubuamo/project/venv/lib/python3.12/site-packages/airflow/example_dags/example_complex.py
[2024-12-03T21:08:10.717+0700] {logging_mixin.py:190} INFO - [2024-12-03T21:08:10.717+0700] {dag.py:3239} INFO - Sync 1 DAGs
[2024-12-03T21:08:10.733+0700] {logging_mixin.py:190} INFO - [2024-12-03T21:08:10.733+0700] {dag.py:4180} INFO - Setting next_dagrun for example_complex to None, run_after=None
[2024-12-03T21:08:10.753+0700] {processor.py:208} INFO - Processing /home/tedubuamo/project/venv/lib/python3.12/site-packages/airflow/example_dags/example_complex.py took 0.092 seconds
[2024-12-03T21:08:12.318+0700] {processor.py:186} INFO - Started process (PID=2518) to work on /home/tedubuamo/project/venv/lib/python3.12/site-packages/airflow/example_dags/example_complex.py
[2024-12-03T21:08:12.319+0700] {processor.py:914} INFO - Processing file /home/tedubuamo/project/venv/lib/python3.12/site-packages/airflow/example_dags/example_complex.py for tasks to queue
[2024-12-03T21:08:12.322+0700] {logging_mixin.py:190} INFO - [2024-12-03T21:08:12.321+0700] {dagbag.py:588} INFO - Filling up the DagBag from /home/tedubuamo/project/venv/lib/python3.12/site-packages/airflow/example_dags/example_complex.py
[2024-12-03T21:08:12.335+0700] {processor.py:925} INFO - DAG(s) 'example_complex' retrieved from /home/tedubuamo/project/venv/lib/python3.12/site-packages/airflow/example_dags/example_complex.py
[2024-12-03T21:08:12.366+0700] {logging_mixin.py:190} INFO - [2024-12-03T21:08:12.366+0700] {dag.py:3239} INFO - Sync 1 DAGs
[2024-12-03T21:08:12.390+0700] {logging_mixin.py:190} INFO - [2024-12-03T21:08:12.390+0700] {dag.py:4180} INFO - Setting next_dagrun for example_complex to None, run_after=None
[2024-12-03T21:08:12.443+0700] {processor.py:208} INFO - Processing /home/tedubuamo/project/venv/lib/python3.12/site-packages/airflow/example_dags/example_complex.py took 0.132 seconds
[2024-12-03T21:09:04.111+0700] {processor.py:186} INFO - Started process (PID=2622) to work on /home/tedubuamo/project/venv/lib/python3.12/site-packages/airflow/example_dags/example_complex.py
[2024-12-03T21:09:04.112+0700] {processor.py:914} INFO - Processing file /home/tedubuamo/project/venv/lib/python3.12/site-packages/airflow/example_dags/example_complex.py for tasks to queue
[2024-12-03T21:09:04.114+0700] {logging_mixin.py:190} INFO - [2024-12-03T21:09:04.114+0700] {dagbag.py:588} INFO - Filling up the DagBag from /home/tedubuamo/project/venv/lib/python3.12/site-packages/airflow/example_dags/example_complex.py
[2024-12-03T21:09:04.125+0700] {processor.py:925} INFO - DAG(s) 'example_complex' retrieved from /home/tedubuamo/project/venv/lib/python3.12/site-packages/airflow/example_dags/example_complex.py
[2024-12-03T21:09:04.151+0700] {logging_mixin.py:190} INFO - [2024-12-03T21:09:04.151+0700] {dag.py:3239} INFO - Sync 1 DAGs
[2024-12-03T21:09:04.162+0700] {logging_mixin.py:190} INFO - [2024-12-03T21:09:04.162+0700] {dag.py:4180} INFO - Setting next_dagrun for example_complex to None, run_after=None
[2024-12-03T21:09:04.188+0700] {processor.py:208} INFO - Processing /home/tedubuamo/project/venv/lib/python3.12/site-packages/airflow/example_dags/example_complex.py took 0.082 seconds
[2024-12-03T21:09:04.224+0700] {processor.py:186} INFO - Started process (PID=2623) to work on /home/tedubuamo/project/venv/lib/python3.12/site-packages/airflow/example_dags/example_complex.py
[2024-12-03T21:09:04.225+0700] {processor.py:914} INFO - Processing file /home/tedubuamo/project/venv/lib/python3.12/site-packages/airflow/example_dags/example_complex.py for tasks to queue
[2024-12-03T21:09:04.227+0700] {logging_mixin.py:190} INFO - [2024-12-03T21:09:04.226+0700] {dagbag.py:588} INFO - Filling up the DagBag from /home/tedubuamo/project/venv/lib/python3.12/site-packages/airflow/example_dags/example_complex.py
[2024-12-03T21:09:04.237+0700] {processor.py:925} INFO - DAG(s) 'example_complex' retrieved from /home/tedubuamo/project/venv/lib/python3.12/site-packages/airflow/example_dags/example_complex.py
[2024-12-03T21:09:04.256+0700] {logging_mixin.py:190} INFO - [2024-12-03T21:09:04.256+0700] {dag.py:3239} INFO - Sync 1 DAGs
[2024-12-03T21:09:04.268+0700] {logging_mixin.py:190} INFO - [2024-12-03T21:09:04.267+0700] {dag.py:4180} INFO - Setting next_dagrun for example_complex to None, run_after=None
[2024-12-03T21:09:04.289+0700] {processor.py:208} INFO - Processing /home/tedubuamo/project/venv/lib/python3.12/site-packages/airflow/example_dags/example_complex.py took 0.069 seconds
[2024-12-03T21:09:52.785+0700] {processor.py:186} INFO - Started process (PID=2725) to work on /home/tedubuamo/project/venv/lib/python3.12/site-packages/airflow/example_dags/example_complex.py
[2024-12-03T21:09:52.787+0700] {processor.py:914} INFO - Processing file /home/tedubuamo/project/venv/lib/python3.12/site-packages/airflow/example_dags/example_complex.py for tasks to queue
[2024-12-03T21:09:52.788+0700] {logging_mixin.py:190} INFO - [2024-12-03T21:09:52.788+0700] {dagbag.py:588} INFO - Filling up the DagBag from /home/tedubuamo/project/venv/lib/python3.12/site-packages/airflow/example_dags/example_complex.py
[2024-12-03T21:09:52.798+0700] {processor.py:925} INFO - DAG(s) 'example_complex' retrieved from /home/tedubuamo/project/venv/lib/python3.12/site-packages/airflow/example_dags/example_complex.py
[2024-12-03T21:09:52.816+0700] {logging_mixin.py:190} INFO - [2024-12-03T21:09:52.816+0700] {dag.py:3239} INFO - Sync 1 DAGs
[2024-12-03T21:09:52.829+0700] {logging_mixin.py:190} INFO - [2024-12-03T21:09:52.829+0700] {dag.py:4180} INFO - Setting next_dagrun for example_complex to None, run_after=None
[2024-12-03T21:09:52.854+0700] {processor.py:208} INFO - Processing /home/tedubuamo/project/venv/lib/python3.12/site-packages/airflow/example_dags/example_complex.py took 0.073 seconds
[2024-12-03T21:09:55.807+0700] {processor.py:186} INFO - Started process (PID=2731) to work on /home/tedubuamo/project/venv/lib/python3.12/site-packages/airflow/example_dags/example_complex.py
[2024-12-03T21:09:55.808+0700] {processor.py:914} INFO - Processing file /home/tedubuamo/project/venv/lib/python3.12/site-packages/airflow/example_dags/example_complex.py for tasks to queue
[2024-12-03T21:09:55.810+0700] {logging_mixin.py:190} INFO - [2024-12-03T21:09:55.809+0700] {dagbag.py:588} INFO - Filling up the DagBag from /home/tedubuamo/project/venv/lib/python3.12/site-packages/airflow/example_dags/example_complex.py
[2024-12-03T21:09:55.820+0700] {processor.py:925} INFO - DAG(s) 'example_complex' retrieved from /home/tedubuamo/project/venv/lib/python3.12/site-packages/airflow/example_dags/example_complex.py
[2024-12-03T21:09:55.843+0700] {logging_mixin.py:190} INFO - [2024-12-03T21:09:55.843+0700] {dag.py:3239} INFO - Sync 1 DAGs
[2024-12-03T21:09:55.853+0700] {logging_mixin.py:190} INFO - [2024-12-03T21:09:55.853+0700] {dag.py:4180} INFO - Setting next_dagrun for example_complex to None, run_after=None
[2024-12-03T21:09:55.874+0700] {processor.py:208} INFO - Processing /home/tedubuamo/project/venv/lib/python3.12/site-packages/airflow/example_dags/example_complex.py took 0.070 seconds
[2024-12-03T21:10:47.791+0700] {processor.py:186} INFO - Started process (PID=2836) to work on /home/tedubuamo/project/venv/lib/python3.12/site-packages/airflow/example_dags/example_complex.py
[2024-12-03T21:10:47.793+0700] {processor.py:914} INFO - Processing file /home/tedubuamo/project/venv/lib/python3.12/site-packages/airflow/example_dags/example_complex.py for tasks to queue
[2024-12-03T21:10:47.795+0700] {logging_mixin.py:190} INFO - [2024-12-03T21:10:47.794+0700] {dagbag.py:588} INFO - Filling up the DagBag from /home/tedubuamo/project/venv/lib/python3.12/site-packages/airflow/example_dags/example_complex.py
[2024-12-03T21:10:47.804+0700] {processor.py:925} INFO - DAG(s) 'example_complex' retrieved from /home/tedubuamo/project/venv/lib/python3.12/site-packages/airflow/example_dags/example_complex.py
[2024-12-03T21:10:47.824+0700] {logging_mixin.py:190} INFO - [2024-12-03T21:10:47.823+0700] {dag.py:3239} INFO - Sync 1 DAGs
[2024-12-03T21:10:47.833+0700] {logging_mixin.py:190} INFO - [2024-12-03T21:10:47.833+0700] {dag.py:4180} INFO - Setting next_dagrun for example_complex to None, run_after=None
[2024-12-03T21:10:47.850+0700] {processor.py:208} INFO - Processing /home/tedubuamo/project/venv/lib/python3.12/site-packages/airflow/example_dags/example_complex.py took 0.063 seconds
[2024-12-03T21:10:48.230+0700] {processor.py:186} INFO - Started process (PID=2837) to work on /home/tedubuamo/project/venv/lib/python3.12/site-packages/airflow/example_dags/example_complex.py
[2024-12-03T21:10:48.231+0700] {processor.py:914} INFO - Processing file /home/tedubuamo/project/venv/lib/python3.12/site-packages/airflow/example_dags/example_complex.py for tasks to queue
[2024-12-03T21:10:48.232+0700] {logging_mixin.py:190} INFO - [2024-12-03T21:10:48.232+0700] {dagbag.py:588} INFO - Filling up the DagBag from /home/tedubuamo/project/venv/lib/python3.12/site-packages/airflow/example_dags/example_complex.py
[2024-12-03T21:10:48.241+0700] {processor.py:925} INFO - DAG(s) 'example_complex' retrieved from /home/tedubuamo/project/venv/lib/python3.12/site-packages/airflow/example_dags/example_complex.py
[2024-12-03T21:10:48.257+0700] {logging_mixin.py:190} INFO - [2024-12-03T21:10:48.257+0700] {dag.py:3239} INFO - Sync 1 DAGs
[2024-12-03T21:10:48.267+0700] {logging_mixin.py:190} INFO - [2024-12-03T21:10:48.267+0700] {dag.py:4180} INFO - Setting next_dagrun for example_complex to None, run_after=None
[2024-12-03T21:10:48.286+0700] {processor.py:208} INFO - Processing /home/tedubuamo/project/venv/lib/python3.12/site-packages/airflow/example_dags/example_complex.py took 0.060 seconds
[2024-12-03T21:11:40.526+0700] {processor.py:186} INFO - Started process (PID=2943) to work on /home/tedubuamo/project/venv/lib/python3.12/site-packages/airflow/example_dags/example_complex.py
[2024-12-03T21:11:40.527+0700] {processor.py:914} INFO - Processing file /home/tedubuamo/project/venv/lib/python3.12/site-packages/airflow/example_dags/example_complex.py for tasks to queue
[2024-12-03T21:11:40.529+0700] {logging_mixin.py:190} INFO - [2024-12-03T21:11:40.529+0700] {dagbag.py:588} INFO - Filling up the DagBag from /home/tedubuamo/project/venv/lib/python3.12/site-packages/airflow/example_dags/example_complex.py
[2024-12-03T21:11:40.537+0700] {processor.py:925} INFO - DAG(s) 'example_complex' retrieved from /home/tedubuamo/project/venv/lib/python3.12/site-packages/airflow/example_dags/example_complex.py
[2024-12-03T21:11:40.558+0700] {logging_mixin.py:190} INFO - [2024-12-03T21:11:40.557+0700] {dag.py:3239} INFO - Sync 1 DAGs
[2024-12-03T21:11:40.567+0700] {logging_mixin.py:190} INFO - [2024-12-03T21:11:40.566+0700] {dag.py:4180} INFO - Setting next_dagrun for example_complex to None, run_after=None
[2024-12-03T21:11:40.583+0700] {processor.py:208} INFO - Processing /home/tedubuamo/project/venv/lib/python3.12/site-packages/airflow/example_dags/example_complex.py took 0.061 seconds
[2024-12-03T21:11:42.186+0700] {processor.py:186} INFO - Started process (PID=2946) to work on /home/tedubuamo/project/venv/lib/python3.12/site-packages/airflow/example_dags/example_complex.py
[2024-12-03T21:11:42.187+0700] {processor.py:914} INFO - Processing file /home/tedubuamo/project/venv/lib/python3.12/site-packages/airflow/example_dags/example_complex.py for tasks to queue
[2024-12-03T21:11:42.189+0700] {logging_mixin.py:190} INFO - [2024-12-03T21:11:42.189+0700] {dagbag.py:588} INFO - Filling up the DagBag from /home/tedubuamo/project/venv/lib/python3.12/site-packages/airflow/example_dags/example_complex.py
[2024-12-03T21:11:42.199+0700] {processor.py:925} INFO - DAG(s) 'example_complex' retrieved from /home/tedubuamo/project/venv/lib/python3.12/site-packages/airflow/example_dags/example_complex.py
[2024-12-03T21:11:42.217+0700] {logging_mixin.py:190} INFO - [2024-12-03T21:11:42.217+0700] {dag.py:3239} INFO - Sync 1 DAGs
[2024-12-03T21:11:42.226+0700] {logging_mixin.py:190} INFO - [2024-12-03T21:11:42.226+0700] {dag.py:4180} INFO - Setting next_dagrun for example_complex to None, run_after=None
[2024-12-03T21:11:42.244+0700] {processor.py:208} INFO - Processing /home/tedubuamo/project/venv/lib/python3.12/site-packages/airflow/example_dags/example_complex.py took 0.063 seconds
[2024-12-03T21:12:36.034+0700] {processor.py:186} INFO - Started process (PID=3085) to work on /home/tedubuamo/project/venv/lib/python3.12/site-packages/airflow/example_dags/example_complex.py
[2024-12-03T21:12:36.035+0700] {processor.py:914} INFO - Processing file /home/tedubuamo/project/venv/lib/python3.12/site-packages/airflow/example_dags/example_complex.py for tasks to queue
[2024-12-03T21:12:36.037+0700] {logging_mixin.py:190} INFO - [2024-12-03T21:12:36.036+0700] {dagbag.py:588} INFO - Filling up the DagBag from /home/tedubuamo/project/venv/lib/python3.12/site-packages/airflow/example_dags/example_complex.py
[2024-12-03T21:12:36.045+0700] {processor.py:925} INFO - DAG(s) 'example_complex' retrieved from /home/tedubuamo/project/venv/lib/python3.12/site-packages/airflow/example_dags/example_complex.py
[2024-12-03T21:12:36.062+0700] {logging_mixin.py:190} INFO - [2024-12-03T21:12:36.062+0700] {dag.py:3239} INFO - Sync 1 DAGs
[2024-12-03T21:12:36.071+0700] {logging_mixin.py:190} INFO - [2024-12-03T21:12:36.071+0700] {dag.py:4180} INFO - Setting next_dagrun for example_complex to None, run_after=None
[2024-12-03T21:12:36.088+0700] {processor.py:208} INFO - Processing /home/tedubuamo/project/venv/lib/python3.12/site-packages/airflow/example_dags/example_complex.py took 0.058 seconds
[2024-12-03T21:12:55.189+0700] {processor.py:186} INFO - Started process (PID=3134) to work on /home/tedubuamo/project/venv/lib/python3.12/site-packages/airflow/example_dags/example_complex.py
[2024-12-03T21:12:55.190+0700] {processor.py:914} INFO - Processing file /home/tedubuamo/project/venv/lib/python3.12/site-packages/airflow/example_dags/example_complex.py for tasks to queue
[2024-12-03T21:12:55.191+0700] {logging_mixin.py:190} INFO - [2024-12-03T21:12:55.191+0700] {dagbag.py:588} INFO - Filling up the DagBag from /home/tedubuamo/project/venv/lib/python3.12/site-packages/airflow/example_dags/example_complex.py
[2024-12-03T21:12:55.200+0700] {processor.py:925} INFO - DAG(s) 'example_complex' retrieved from /home/tedubuamo/project/venv/lib/python3.12/site-packages/airflow/example_dags/example_complex.py
[2024-12-03T21:12:55.217+0700] {logging_mixin.py:190} INFO - [2024-12-03T21:12:55.217+0700] {dag.py:3239} INFO - Sync 1 DAGs
[2024-12-03T21:12:55.226+0700] {logging_mixin.py:190} INFO - [2024-12-03T21:12:55.226+0700] {dag.py:4180} INFO - Setting next_dagrun for example_complex to None, run_after=None
[2024-12-03T21:12:55.246+0700] {processor.py:208} INFO - Processing /home/tedubuamo/project/venv/lib/python3.12/site-packages/airflow/example_dags/example_complex.py took 0.061 seconds
[2024-12-03T21:13:30.297+0700] {processor.py:186} INFO - Started process (PID=3203) to work on /home/tedubuamo/project/venv/lib/python3.12/site-packages/airflow/example_dags/example_complex.py
[2024-12-03T21:13:30.301+0700] {processor.py:914} INFO - Processing file /home/tedubuamo/project/venv/lib/python3.12/site-packages/airflow/example_dags/example_complex.py for tasks to queue
[2024-12-03T21:13:30.303+0700] {logging_mixin.py:190} INFO - [2024-12-03T21:13:30.303+0700] {dagbag.py:588} INFO - Filling up the DagBag from /home/tedubuamo/project/venv/lib/python3.12/site-packages/airflow/example_dags/example_complex.py
[2024-12-03T21:13:30.312+0700] {processor.py:925} INFO - DAG(s) 'example_complex' retrieved from /home/tedubuamo/project/venv/lib/python3.12/site-packages/airflow/example_dags/example_complex.py
[2024-12-03T21:13:30.334+0700] {logging_mixin.py:190} INFO - [2024-12-03T21:13:30.333+0700] {dag.py:3239} INFO - Sync 1 DAGs
[2024-12-03T21:13:30.359+0700] {logging_mixin.py:190} INFO - [2024-12-03T21:13:30.358+0700] {dag.py:4180} INFO - Setting next_dagrun for example_complex to None, run_after=None
[2024-12-03T21:13:30.396+0700] {processor.py:208} INFO - Processing /home/tedubuamo/project/venv/lib/python3.12/site-packages/airflow/example_dags/example_complex.py took 0.103 seconds
[2024-12-03T21:13:45.414+0700] {processor.py:186} INFO - Started process (PID=3236) to work on /home/tedubuamo/project/venv/lib/python3.12/site-packages/airflow/example_dags/example_complex.py
[2024-12-03T21:13:45.414+0700] {processor.py:914} INFO - Processing file /home/tedubuamo/project/venv/lib/python3.12/site-packages/airflow/example_dags/example_complex.py for tasks to queue
[2024-12-03T21:13:45.416+0700] {logging_mixin.py:190} INFO - [2024-12-03T21:13:45.416+0700] {dagbag.py:588} INFO - Filling up the DagBag from /home/tedubuamo/project/venv/lib/python3.12/site-packages/airflow/example_dags/example_complex.py
[2024-12-03T21:13:45.425+0700] {processor.py:925} INFO - DAG(s) 'example_complex' retrieved from /home/tedubuamo/project/venv/lib/python3.12/site-packages/airflow/example_dags/example_complex.py
[2024-12-03T21:13:45.449+0700] {logging_mixin.py:190} INFO - [2024-12-03T21:13:45.449+0700] {dag.py:3239} INFO - Sync 1 DAGs
[2024-12-03T21:13:45.458+0700] {logging_mixin.py:190} INFO - [2024-12-03T21:13:45.458+0700] {dag.py:4180} INFO - Setting next_dagrun for example_complex to None, run_after=None
[2024-12-03T21:13:45.479+0700] {processor.py:208} INFO - Processing /home/tedubuamo/project/venv/lib/python3.12/site-packages/airflow/example_dags/example_complex.py took 0.070 seconds
[2024-12-03T21:14:37.113+0700] {processor.py:186} INFO - Started process (PID=3343) to work on /home/tedubuamo/project/venv/lib/python3.12/site-packages/airflow/example_dags/example_complex.py
[2024-12-03T21:14:37.117+0700] {processor.py:914} INFO - Processing file /home/tedubuamo/project/venv/lib/python3.12/site-packages/airflow/example_dags/example_complex.py for tasks to queue
[2024-12-03T21:14:37.119+0700] {logging_mixin.py:190} INFO - [2024-12-03T21:14:37.118+0700] {dagbag.py:588} INFO - Filling up the DagBag from /home/tedubuamo/project/venv/lib/python3.12/site-packages/airflow/example_dags/example_complex.py
[2024-12-03T21:14:37.128+0700] {processor.py:925} INFO - DAG(s) 'example_complex' retrieved from /home/tedubuamo/project/venv/lib/python3.12/site-packages/airflow/example_dags/example_complex.py
[2024-12-03T21:14:37.146+0700] {logging_mixin.py:190} INFO - [2024-12-03T21:14:37.145+0700] {dag.py:3239} INFO - Sync 1 DAGs
[2024-12-03T21:14:37.154+0700] {logging_mixin.py:190} INFO - [2024-12-03T21:14:37.154+0700] {dag.py:4180} INFO - Setting next_dagrun for example_complex to None, run_after=None
[2024-12-03T21:14:37.171+0700] {processor.py:208} INFO - Processing /home/tedubuamo/project/venv/lib/python3.12/site-packages/airflow/example_dags/example_complex.py took 0.063 seconds
[2024-12-03T21:14:43.644+0700] {processor.py:186} INFO - Started process (PID=3356) to work on /home/tedubuamo/project/venv/lib/python3.12/site-packages/airflow/example_dags/example_complex.py
[2024-12-03T21:14:43.645+0700] {processor.py:914} INFO - Processing file /home/tedubuamo/project/venv/lib/python3.12/site-packages/airflow/example_dags/example_complex.py for tasks to queue
[2024-12-03T21:14:43.647+0700] {logging_mixin.py:190} INFO - [2024-12-03T21:14:43.646+0700] {dagbag.py:588} INFO - Filling up the DagBag from /home/tedubuamo/project/venv/lib/python3.12/site-packages/airflow/example_dags/example_complex.py
[2024-12-03T21:14:43.655+0700] {processor.py:925} INFO - DAG(s) 'example_complex' retrieved from /home/tedubuamo/project/venv/lib/python3.12/site-packages/airflow/example_dags/example_complex.py
[2024-12-03T21:14:43.674+0700] {logging_mixin.py:190} INFO - [2024-12-03T21:14:43.674+0700] {dag.py:3239} INFO - Sync 1 DAGs
[2024-12-03T21:14:43.685+0700] {logging_mixin.py:190} INFO - [2024-12-03T21:14:43.685+0700] {dag.py:4180} INFO - Setting next_dagrun for example_complex to None, run_after=None
[2024-12-03T21:14:43.703+0700] {processor.py:208} INFO - Processing /home/tedubuamo/project/venv/lib/python3.12/site-packages/airflow/example_dags/example_complex.py took 0.063 seconds
[2024-12-03T21:15:30.832+0700] {processor.py:186} INFO - Started process (PID=3454) to work on /home/tedubuamo/project/venv/lib/python3.12/site-packages/airflow/example_dags/example_complex.py
[2024-12-03T21:15:30.834+0700] {processor.py:914} INFO - Processing file /home/tedubuamo/project/venv/lib/python3.12/site-packages/airflow/example_dags/example_complex.py for tasks to queue
[2024-12-03T21:15:30.835+0700] {logging_mixin.py:190} INFO - [2024-12-03T21:15:30.835+0700] {dagbag.py:588} INFO - Filling up the DagBag from /home/tedubuamo/project/venv/lib/python3.12/site-packages/airflow/example_dags/example_complex.py
[2024-12-03T21:15:30.844+0700] {processor.py:925} INFO - DAG(s) 'example_complex' retrieved from /home/tedubuamo/project/venv/lib/python3.12/site-packages/airflow/example_dags/example_complex.py
[2024-12-03T21:15:30.862+0700] {logging_mixin.py:190} INFO - [2024-12-03T21:15:30.862+0700] {dag.py:3239} INFO - Sync 1 DAGs
[2024-12-03T21:15:30.872+0700] {logging_mixin.py:190} INFO - [2024-12-03T21:15:30.871+0700] {dag.py:4180} INFO - Setting next_dagrun for example_complex to None, run_after=None
[2024-12-03T21:15:30.890+0700] {processor.py:208} INFO - Processing /home/tedubuamo/project/venv/lib/python3.12/site-packages/airflow/example_dags/example_complex.py took 0.062 seconds
[2024-12-03T21:15:35.292+0700] {processor.py:186} INFO - Started process (PID=3463) to work on /home/tedubuamo/project/venv/lib/python3.12/site-packages/airflow/example_dags/example_complex.py
[2024-12-03T21:15:35.295+0700] {processor.py:914} INFO - Processing file /home/tedubuamo/project/venv/lib/python3.12/site-packages/airflow/example_dags/example_complex.py for tasks to queue
[2024-12-03T21:15:35.297+0700] {logging_mixin.py:190} INFO - [2024-12-03T21:15:35.297+0700] {dagbag.py:588} INFO - Filling up the DagBag from /home/tedubuamo/project/venv/lib/python3.12/site-packages/airflow/example_dags/example_complex.py
[2024-12-03T21:15:35.314+0700] {processor.py:925} INFO - DAG(s) 'example_complex' retrieved from /home/tedubuamo/project/venv/lib/python3.12/site-packages/airflow/example_dags/example_complex.py
[2024-12-03T21:15:35.343+0700] {logging_mixin.py:190} INFO - [2024-12-03T21:15:35.342+0700] {dag.py:3239} INFO - Sync 1 DAGs
[2024-12-03T21:15:35.362+0700] {logging_mixin.py:190} INFO - [2024-12-03T21:15:35.361+0700] {dag.py:4180} INFO - Setting next_dagrun for example_complex to None, run_after=None
[2024-12-03T21:15:35.396+0700] {processor.py:208} INFO - Processing /home/tedubuamo/project/venv/lib/python3.12/site-packages/airflow/example_dags/example_complex.py took 0.112 seconds
[2024-12-03T21:16:21.089+0700] {processor.py:186} INFO - Started process (PID=3566) to work on /home/tedubuamo/project/venv/lib/python3.12/site-packages/airflow/example_dags/example_complex.py
[2024-12-03T21:16:21.090+0700] {processor.py:914} INFO - Processing file /home/tedubuamo/project/venv/lib/python3.12/site-packages/airflow/example_dags/example_complex.py for tasks to queue
[2024-12-03T21:16:21.092+0700] {logging_mixin.py:190} INFO - [2024-12-03T21:16:21.092+0700] {dagbag.py:588} INFO - Filling up the DagBag from /home/tedubuamo/project/venv/lib/python3.12/site-packages/airflow/example_dags/example_complex.py
[2024-12-03T21:16:21.101+0700] {processor.py:925} INFO - DAG(s) 'example_complex' retrieved from /home/tedubuamo/project/venv/lib/python3.12/site-packages/airflow/example_dags/example_complex.py
[2024-12-03T21:16:21.117+0700] {logging_mixin.py:190} INFO - [2024-12-03T21:16:21.117+0700] {dag.py:3239} INFO - Sync 1 DAGs
[2024-12-03T21:16:21.126+0700] {logging_mixin.py:190} INFO - [2024-12-03T21:16:21.126+0700] {dag.py:4180} INFO - Setting next_dagrun for example_complex to None, run_after=None
[2024-12-03T21:16:21.143+0700] {processor.py:208} INFO - Processing /home/tedubuamo/project/venv/lib/python3.12/site-packages/airflow/example_dags/example_complex.py took 0.058 seconds
[2024-12-03T21:16:26.371+0700] {processor.py:186} INFO - Started process (PID=3577) to work on /home/tedubuamo/project/venv/lib/python3.12/site-packages/airflow/example_dags/example_complex.py
[2024-12-03T21:16:26.373+0700] {processor.py:914} INFO - Processing file /home/tedubuamo/project/venv/lib/python3.12/site-packages/airflow/example_dags/example_complex.py for tasks to queue
[2024-12-03T21:16:26.374+0700] {logging_mixin.py:190} INFO - [2024-12-03T21:16:26.374+0700] {dagbag.py:588} INFO - Filling up the DagBag from /home/tedubuamo/project/venv/lib/python3.12/site-packages/airflow/example_dags/example_complex.py
[2024-12-03T21:16:26.383+0700] {processor.py:925} INFO - DAG(s) 'example_complex' retrieved from /home/tedubuamo/project/venv/lib/python3.12/site-packages/airflow/example_dags/example_complex.py
[2024-12-03T21:16:26.400+0700] {logging_mixin.py:190} INFO - [2024-12-03T21:16:26.400+0700] {dag.py:3239} INFO - Sync 1 DAGs
[2024-12-03T21:16:26.410+0700] {logging_mixin.py:190} INFO - [2024-12-03T21:16:26.409+0700] {dag.py:4180} INFO - Setting next_dagrun for example_complex to None, run_after=None
[2024-12-03T21:16:26.428+0700] {processor.py:208} INFO - Processing /home/tedubuamo/project/venv/lib/python3.12/site-packages/airflow/example_dags/example_complex.py took 0.061 seconds
[2024-12-03T21:17:13.944+0700] {processor.py:186} INFO - Started process (PID=3702) to work on /home/tedubuamo/project/venv/lib/python3.12/site-packages/airflow/example_dags/example_complex.py
[2024-12-03T21:17:13.946+0700] {processor.py:914} INFO - Processing file /home/tedubuamo/project/venv/lib/python3.12/site-packages/airflow/example_dags/example_complex.py for tasks to queue
[2024-12-03T21:17:13.948+0700] {logging_mixin.py:190} INFO - [2024-12-03T21:17:13.948+0700] {dagbag.py:588} INFO - Filling up the DagBag from /home/tedubuamo/project/venv/lib/python3.12/site-packages/airflow/example_dags/example_complex.py
[2024-12-03T21:17:13.960+0700] {processor.py:925} INFO - DAG(s) 'example_complex' retrieved from /home/tedubuamo/project/venv/lib/python3.12/site-packages/airflow/example_dags/example_complex.py
[2024-12-03T21:17:13.980+0700] {logging_mixin.py:190} INFO - [2024-12-03T21:17:13.980+0700] {dag.py:3239} INFO - Sync 1 DAGs
[2024-12-03T21:17:13.992+0700] {logging_mixin.py:190} INFO - [2024-12-03T21:17:13.991+0700] {dag.py:4180} INFO - Setting next_dagrun for example_complex to None, run_after=None
[2024-12-03T21:17:14.015+0700] {processor.py:208} INFO - Processing /home/tedubuamo/project/venv/lib/python3.12/site-packages/airflow/example_dags/example_complex.py took 0.076 seconds
[2024-12-03T21:17:17.017+0700] {processor.py:186} INFO - Started process (PID=3708) to work on /home/tedubuamo/project/venv/lib/python3.12/site-packages/airflow/example_dags/example_complex.py
[2024-12-03T21:17:17.021+0700] {processor.py:914} INFO - Processing file /home/tedubuamo/project/venv/lib/python3.12/site-packages/airflow/example_dags/example_complex.py for tasks to queue
[2024-12-03T21:17:17.023+0700] {logging_mixin.py:190} INFO - [2024-12-03T21:17:17.023+0700] {dagbag.py:588} INFO - Filling up the DagBag from /home/tedubuamo/project/venv/lib/python3.12/site-packages/airflow/example_dags/example_complex.py
[2024-12-03T21:17:17.032+0700] {processor.py:925} INFO - DAG(s) 'example_complex' retrieved from /home/tedubuamo/project/venv/lib/python3.12/site-packages/airflow/example_dags/example_complex.py
[2024-12-03T21:17:17.052+0700] {logging_mixin.py:190} INFO - [2024-12-03T21:17:17.052+0700] {dag.py:3239} INFO - Sync 1 DAGs
[2024-12-03T21:17:17.062+0700] {logging_mixin.py:190} INFO - [2024-12-03T21:17:17.062+0700] {dag.py:4180} INFO - Setting next_dagrun for example_complex to None, run_after=None
[2024-12-03T21:17:17.081+0700] {processor.py:208} INFO - Processing /home/tedubuamo/project/venv/lib/python3.12/site-packages/airflow/example_dags/example_complex.py took 0.068 seconds
[2024-12-03T21:18:07.446+0700] {processor.py:186} INFO - Started process (PID=3828) to work on /home/tedubuamo/project/venv/lib/python3.12/site-packages/airflow/example_dags/example_complex.py
[2024-12-03T21:18:07.448+0700] {processor.py:914} INFO - Processing file /home/tedubuamo/project/venv/lib/python3.12/site-packages/airflow/example_dags/example_complex.py for tasks to queue
[2024-12-03T21:18:07.454+0700] {logging_mixin.py:190} INFO - [2024-12-03T21:18:07.452+0700] {dagbag.py:588} INFO - Filling up the DagBag from /home/tedubuamo/project/venv/lib/python3.12/site-packages/airflow/example_dags/example_complex.py
[2024-12-03T21:18:07.488+0700] {processor.py:925} INFO - DAG(s) 'example_complex' retrieved from /home/tedubuamo/project/venv/lib/python3.12/site-packages/airflow/example_dags/example_complex.py
[2024-12-03T21:18:07.521+0700] {logging_mixin.py:190} INFO - [2024-12-03T21:18:07.521+0700] {dag.py:3239} INFO - Sync 1 DAGs
[2024-12-03T21:18:07.533+0700] {logging_mixin.py:190} INFO - [2024-12-03T21:18:07.532+0700] {dag.py:4180} INFO - Setting next_dagrun for example_complex to None, run_after=None
[2024-12-03T21:18:07.553+0700] {processor.py:208} INFO - Processing /home/tedubuamo/project/venv/lib/python3.12/site-packages/airflow/example_dags/example_complex.py took 0.122 seconds
[2024-12-03T21:18:07.677+0700] {processor.py:186} INFO - Started process (PID=3829) to work on /home/tedubuamo/project/venv/lib/python3.12/site-packages/airflow/example_dags/example_complex.py
[2024-12-03T21:18:07.678+0700] {processor.py:914} INFO - Processing file /home/tedubuamo/project/venv/lib/python3.12/site-packages/airflow/example_dags/example_complex.py for tasks to queue
[2024-12-03T21:18:07.679+0700] {logging_mixin.py:190} INFO - [2024-12-03T21:18:07.679+0700] {dagbag.py:588} INFO - Filling up the DagBag from /home/tedubuamo/project/venv/lib/python3.12/site-packages/airflow/example_dags/example_complex.py
[2024-12-03T21:18:07.688+0700] {processor.py:925} INFO - DAG(s) 'example_complex' retrieved from /home/tedubuamo/project/venv/lib/python3.12/site-packages/airflow/example_dags/example_complex.py
[2024-12-03T21:18:07.706+0700] {logging_mixin.py:190} INFO - [2024-12-03T21:18:07.706+0700] {dag.py:3239} INFO - Sync 1 DAGs
[2024-12-03T21:18:07.715+0700] {logging_mixin.py:190} INFO - [2024-12-03T21:18:07.715+0700] {dag.py:4180} INFO - Setting next_dagrun for example_complex to None, run_after=None
[2024-12-03T21:18:07.733+0700] {processor.py:208} INFO - Processing /home/tedubuamo/project/venv/lib/python3.12/site-packages/airflow/example_dags/example_complex.py took 0.060 seconds
[2024-12-03T21:19:26.934+0700] {processor.py:186} INFO - Started process (PID=3967) to work on /home/tedubuamo/project/venv/lib/python3.12/site-packages/airflow/example_dags/example_complex.py
[2024-12-03T21:19:26.935+0700] {processor.py:914} INFO - Processing file /home/tedubuamo/project/venv/lib/python3.12/site-packages/airflow/example_dags/example_complex.py for tasks to queue
[2024-12-03T21:19:26.936+0700] {logging_mixin.py:190} INFO - [2024-12-03T21:19:26.936+0700] {dagbag.py:588} INFO - Filling up the DagBag from /home/tedubuamo/project/venv/lib/python3.12/site-packages/airflow/example_dags/example_complex.py
[2024-12-03T21:19:26.945+0700] {processor.py:925} INFO - DAG(s) 'example_complex' retrieved from /home/tedubuamo/project/venv/lib/python3.12/site-packages/airflow/example_dags/example_complex.py
[2024-12-03T21:19:27.016+0700] {logging_mixin.py:190} INFO - [2024-12-03T21:19:27.016+0700] {dag.py:3239} INFO - Sync 1 DAGs
[2024-12-03T21:19:27.023+0700] {logging_mixin.py:190} INFO - [2024-12-03T21:19:27.023+0700] {dag.py:4180} INFO - Setting next_dagrun for example_complex to None, run_after=None
[2024-12-03T21:19:27.041+0700] {processor.py:208} INFO - Processing /home/tedubuamo/project/venv/lib/python3.12/site-packages/airflow/example_dags/example_complex.py took 0.111 seconds
[2024-12-03T21:20:23.586+0700] {processor.py:186} INFO - Started process (PID=4025) to work on /home/tedubuamo/project/venv/lib/python3.12/site-packages/airflow/example_dags/example_complex.py
[2024-12-03T21:20:23.587+0700] {processor.py:914} INFO - Processing file /home/tedubuamo/project/venv/lib/python3.12/site-packages/airflow/example_dags/example_complex.py for tasks to queue
[2024-12-03T21:20:23.588+0700] {logging_mixin.py:190} INFO - [2024-12-03T21:20:23.588+0700] {dagbag.py:588} INFO - Filling up the DagBag from /home/tedubuamo/project/venv/lib/python3.12/site-packages/airflow/example_dags/example_complex.py
[2024-12-03T21:20:23.597+0700] {processor.py:925} INFO - DAG(s) 'example_complex' retrieved from /home/tedubuamo/project/venv/lib/python3.12/site-packages/airflow/example_dags/example_complex.py
[2024-12-03T21:20:23.617+0700] {logging_mixin.py:190} INFO - [2024-12-03T21:20:23.617+0700] {dag.py:3239} INFO - Sync 1 DAGs
[2024-12-03T21:20:23.630+0700] {logging_mixin.py:190} INFO - [2024-12-03T21:20:23.630+0700] {dag.py:4180} INFO - Setting next_dagrun for example_complex to None, run_after=None
[2024-12-03T21:20:23.676+0700] {processor.py:208} INFO - Processing /home/tedubuamo/project/venv/lib/python3.12/site-packages/airflow/example_dags/example_complex.py took 0.094 seconds
[2024-12-03T21:21:33.658+0700] {processor.py:186} INFO - Started process (PID=4142) to work on /home/tedubuamo/project/venv/lib/python3.12/site-packages/airflow/example_dags/example_complex.py
[2024-12-03T21:21:33.660+0700] {processor.py:914} INFO - Processing file /home/tedubuamo/project/venv/lib/python3.12/site-packages/airflow/example_dags/example_complex.py for tasks to queue
[2024-12-03T21:21:33.661+0700] {logging_mixin.py:190} INFO - [2024-12-03T21:21:33.661+0700] {dagbag.py:588} INFO - Filling up the DagBag from /home/tedubuamo/project/venv/lib/python3.12/site-packages/airflow/example_dags/example_complex.py
[2024-12-03T21:21:33.671+0700] {processor.py:925} INFO - DAG(s) 'example_complex' retrieved from /home/tedubuamo/project/venv/lib/python3.12/site-packages/airflow/example_dags/example_complex.py
[2024-12-03T21:21:33.691+0700] {logging_mixin.py:190} INFO - [2024-12-03T21:21:33.691+0700] {dag.py:3239} INFO - Sync 1 DAGs
[2024-12-03T21:21:33.700+0700] {logging_mixin.py:190} INFO - [2024-12-03T21:21:33.700+0700] {dag.py:4180} INFO - Setting next_dagrun for example_complex to None, run_after=None
[2024-12-03T21:21:33.718+0700] {processor.py:208} INFO - Processing /home/tedubuamo/project/venv/lib/python3.12/site-packages/airflow/example_dags/example_complex.py took 0.064 seconds
[2024-12-03T21:22:28.630+0700] {processor.py:186} INFO - Started process (PID=4233) to work on /home/tedubuamo/project/venv/lib/python3.12/site-packages/airflow/example_dags/example_complex.py
[2024-12-03T21:22:28.634+0700] {processor.py:914} INFO - Processing file /home/tedubuamo/project/venv/lib/python3.12/site-packages/airflow/example_dags/example_complex.py for tasks to queue
[2024-12-03T21:22:28.635+0700] {logging_mixin.py:190} INFO - [2024-12-03T21:22:28.635+0700] {dagbag.py:588} INFO - Filling up the DagBag from /home/tedubuamo/project/venv/lib/python3.12/site-packages/airflow/example_dags/example_complex.py
[2024-12-03T21:22:28.644+0700] {processor.py:925} INFO - DAG(s) 'example_complex' retrieved from /home/tedubuamo/project/venv/lib/python3.12/site-packages/airflow/example_dags/example_complex.py
[2024-12-03T21:22:28.664+0700] {logging_mixin.py:190} INFO - [2024-12-03T21:22:28.664+0700] {dag.py:3239} INFO - Sync 1 DAGs
[2024-12-03T21:22:28.673+0700] {logging_mixin.py:190} INFO - [2024-12-03T21:22:28.673+0700] {dag.py:4180} INFO - Setting next_dagrun for example_complex to None, run_after=None
[2024-12-03T21:22:28.689+0700] {processor.py:208} INFO - Processing /home/tedubuamo/project/venv/lib/python3.12/site-packages/airflow/example_dags/example_complex.py took 0.063 seconds
[2024-12-03T21:23:24.178+0700] {processor.py:186} INFO - Started process (PID=4291) to work on /home/tedubuamo/project/venv/lib/python3.12/site-packages/airflow/example_dags/example_complex.py
[2024-12-03T21:23:24.179+0700] {processor.py:914} INFO - Processing file /home/tedubuamo/project/venv/lib/python3.12/site-packages/airflow/example_dags/example_complex.py for tasks to queue
[2024-12-03T21:23:24.181+0700] {logging_mixin.py:190} INFO - [2024-12-03T21:23:24.181+0700] {dagbag.py:588} INFO - Filling up the DagBag from /home/tedubuamo/project/venv/lib/python3.12/site-packages/airflow/example_dags/example_complex.py
[2024-12-03T21:23:24.190+0700] {processor.py:925} INFO - DAG(s) 'example_complex' retrieved from /home/tedubuamo/project/venv/lib/python3.12/site-packages/airflow/example_dags/example_complex.py
[2024-12-03T21:23:24.211+0700] {logging_mixin.py:190} INFO - [2024-12-03T21:23:24.211+0700] {dag.py:3239} INFO - Sync 1 DAGs
[2024-12-03T21:23:24.220+0700] {logging_mixin.py:190} INFO - [2024-12-03T21:23:24.220+0700] {dag.py:4180} INFO - Setting next_dagrun for example_complex to None, run_after=None
[2024-12-03T21:23:24.238+0700] {processor.py:208} INFO - Processing /home/tedubuamo/project/venv/lib/python3.12/site-packages/airflow/example_dags/example_complex.py took 0.065 seconds
[2024-12-03T21:24:20.081+0700] {processor.py:186} INFO - Started process (PID=4369) to work on /home/tedubuamo/project/venv/lib/python3.12/site-packages/airflow/example_dags/example_complex.py
[2024-12-03T21:24:20.083+0700] {processor.py:914} INFO - Processing file /home/tedubuamo/project/venv/lib/python3.12/site-packages/airflow/example_dags/example_complex.py for tasks to queue
[2024-12-03T21:24:20.085+0700] {logging_mixin.py:190} INFO - [2024-12-03T21:24:20.084+0700] {dagbag.py:588} INFO - Filling up the DagBag from /home/tedubuamo/project/venv/lib/python3.12/site-packages/airflow/example_dags/example_complex.py
[2024-12-03T21:24:20.093+0700] {processor.py:925} INFO - DAG(s) 'example_complex' retrieved from /home/tedubuamo/project/venv/lib/python3.12/site-packages/airflow/example_dags/example_complex.py
[2024-12-03T21:24:20.111+0700] {logging_mixin.py:190} INFO - [2024-12-03T21:24:20.111+0700] {dag.py:3239} INFO - Sync 1 DAGs
[2024-12-03T21:24:20.120+0700] {logging_mixin.py:190} INFO - [2024-12-03T21:24:20.120+0700] {dag.py:4180} INFO - Setting next_dagrun for example_complex to None, run_after=None
[2024-12-03T21:24:20.138+0700] {processor.py:208} INFO - Processing /home/tedubuamo/project/venv/lib/python3.12/site-packages/airflow/example_dags/example_complex.py took 0.060 seconds
[2024-12-03T21:25:12.032+0700] {processor.py:186} INFO - Started process (PID=4431) to work on /home/tedubuamo/project/venv/lib/python3.12/site-packages/airflow/example_dags/example_complex.py
[2024-12-03T21:25:12.033+0700] {processor.py:914} INFO - Processing file /home/tedubuamo/project/venv/lib/python3.12/site-packages/airflow/example_dags/example_complex.py for tasks to queue
[2024-12-03T21:25:12.035+0700] {logging_mixin.py:190} INFO - [2024-12-03T21:25:12.035+0700] {dagbag.py:588} INFO - Filling up the DagBag from /home/tedubuamo/project/venv/lib/python3.12/site-packages/airflow/example_dags/example_complex.py
[2024-12-03T21:25:12.045+0700] {processor.py:925} INFO - DAG(s) 'example_complex' retrieved from /home/tedubuamo/project/venv/lib/python3.12/site-packages/airflow/example_dags/example_complex.py
[2024-12-03T21:25:12.063+0700] {logging_mixin.py:190} INFO - [2024-12-03T21:25:12.063+0700] {dag.py:3239} INFO - Sync 1 DAGs
[2024-12-03T21:25:12.073+0700] {logging_mixin.py:190} INFO - [2024-12-03T21:25:12.073+0700] {dag.py:4180} INFO - Setting next_dagrun for example_complex to None, run_after=None
[2024-12-03T21:25:12.093+0700] {processor.py:208} INFO - Processing /home/tedubuamo/project/venv/lib/python3.12/site-packages/airflow/example_dags/example_complex.py took 0.065 seconds
[2024-12-03T21:26:13.163+0700] {processor.py:186} INFO - Started process (PID=4514) to work on /home/tedubuamo/project/venv/lib/python3.12/site-packages/airflow/example_dags/example_complex.py
[2024-12-03T21:26:13.167+0700] {processor.py:914} INFO - Processing file /home/tedubuamo/project/venv/lib/python3.12/site-packages/airflow/example_dags/example_complex.py for tasks to queue
[2024-12-03T21:26:13.170+0700] {logging_mixin.py:190} INFO - [2024-12-03T21:26:13.169+0700] {dagbag.py:588} INFO - Filling up the DagBag from /home/tedubuamo/project/venv/lib/python3.12/site-packages/airflow/example_dags/example_complex.py
[2024-12-03T21:26:13.181+0700] {processor.py:925} INFO - DAG(s) 'example_complex' retrieved from /home/tedubuamo/project/venv/lib/python3.12/site-packages/airflow/example_dags/example_complex.py
[2024-12-03T21:26:13.202+0700] {logging_mixin.py:190} INFO - [2024-12-03T21:26:13.201+0700] {dag.py:3239} INFO - Sync 1 DAGs
[2024-12-03T21:26:13.212+0700] {logging_mixin.py:190} INFO - [2024-12-03T21:26:13.212+0700] {dag.py:4180} INFO - Setting next_dagrun for example_complex to None, run_after=None
[2024-12-03T21:26:13.231+0700] {processor.py:208} INFO - Processing /home/tedubuamo/project/venv/lib/python3.12/site-packages/airflow/example_dags/example_complex.py took 0.073 seconds
[2024-12-03T21:27:09.843+0700] {processor.py:186} INFO - Started process (PID=4572) to work on /home/tedubuamo/project/venv/lib/python3.12/site-packages/airflow/example_dags/example_complex.py
[2024-12-03T21:27:09.846+0700] {processor.py:914} INFO - Processing file /home/tedubuamo/project/venv/lib/python3.12/site-packages/airflow/example_dags/example_complex.py for tasks to queue
[2024-12-03T21:27:09.849+0700] {logging_mixin.py:190} INFO - [2024-12-03T21:27:09.848+0700] {dagbag.py:588} INFO - Filling up the DagBag from /home/tedubuamo/project/venv/lib/python3.12/site-packages/airflow/example_dags/example_complex.py
[2024-12-03T21:27:09.858+0700] {processor.py:925} INFO - DAG(s) 'example_complex' retrieved from /home/tedubuamo/project/venv/lib/python3.12/site-packages/airflow/example_dags/example_complex.py
[2024-12-03T21:27:09.876+0700] {logging_mixin.py:190} INFO - [2024-12-03T21:27:09.876+0700] {dag.py:3239} INFO - Sync 1 DAGs
[2024-12-03T21:27:09.885+0700] {logging_mixin.py:190} INFO - [2024-12-03T21:27:09.885+0700] {dag.py:4180} INFO - Setting next_dagrun for example_complex to None, run_after=None
[2024-12-03T21:27:09.904+0700] {processor.py:208} INFO - Processing /home/tedubuamo/project/venv/lib/python3.12/site-packages/airflow/example_dags/example_complex.py took 0.066 seconds
[2024-12-03T21:28:02.649+0700] {processor.py:186} INFO - Started process (PID=4643) to work on /home/tedubuamo/project/venv/lib/python3.12/site-packages/airflow/example_dags/example_complex.py
[2024-12-03T21:28:02.650+0700] {processor.py:914} INFO - Processing file /home/tedubuamo/project/venv/lib/python3.12/site-packages/airflow/example_dags/example_complex.py for tasks to queue
[2024-12-03T21:28:02.652+0700] {logging_mixin.py:190} INFO - [2024-12-03T21:28:02.652+0700] {dagbag.py:588} INFO - Filling up the DagBag from /home/tedubuamo/project/venv/lib/python3.12/site-packages/airflow/example_dags/example_complex.py
[2024-12-03T21:28:02.662+0700] {processor.py:925} INFO - DAG(s) 'example_complex' retrieved from /home/tedubuamo/project/venv/lib/python3.12/site-packages/airflow/example_dags/example_complex.py
[2024-12-03T21:28:02.685+0700] {logging_mixin.py:190} INFO - [2024-12-03T21:28:02.684+0700] {dag.py:3239} INFO - Sync 1 DAGs
[2024-12-03T21:28:02.698+0700] {logging_mixin.py:190} INFO - [2024-12-03T21:28:02.698+0700] {dag.py:4180} INFO - Setting next_dagrun for example_complex to None, run_after=None
[2024-12-03T21:28:02.726+0700] {processor.py:208} INFO - Processing /home/tedubuamo/project/venv/lib/python3.12/site-packages/airflow/example_dags/example_complex.py took 0.081 seconds
[2024-12-03T21:28:57.171+0700] {processor.py:186} INFO - Started process (PID=4784) to work on /home/tedubuamo/project/venv/lib/python3.12/site-packages/airflow/example_dags/example_complex.py
[2024-12-03T21:28:57.174+0700] {processor.py:914} INFO - Processing file /home/tedubuamo/project/venv/lib/python3.12/site-packages/airflow/example_dags/example_complex.py for tasks to queue
[2024-12-03T21:28:57.175+0700] {logging_mixin.py:190} INFO - [2024-12-03T21:28:57.175+0700] {dagbag.py:588} INFO - Filling up the DagBag from /home/tedubuamo/project/venv/lib/python3.12/site-packages/airflow/example_dags/example_complex.py
[2024-12-03T21:28:57.184+0700] {processor.py:925} INFO - DAG(s) 'example_complex' retrieved from /home/tedubuamo/project/venv/lib/python3.12/site-packages/airflow/example_dags/example_complex.py
[2024-12-03T21:28:57.202+0700] {logging_mixin.py:190} INFO - [2024-12-03T21:28:57.201+0700] {dag.py:3239} INFO - Sync 1 DAGs
[2024-12-03T21:28:57.212+0700] {logging_mixin.py:190} INFO - [2024-12-03T21:28:57.211+0700] {dag.py:4180} INFO - Setting next_dagrun for example_complex to None, run_after=None
[2024-12-03T21:28:57.230+0700] {processor.py:208} INFO - Processing /home/tedubuamo/project/venv/lib/python3.12/site-packages/airflow/example_dags/example_complex.py took 0.063 seconds
[2024-12-03T21:29:50.639+0700] {processor.py:186} INFO - Started process (PID=4840) to work on /home/tedubuamo/project/venv/lib/python3.12/site-packages/airflow/example_dags/example_complex.py
[2024-12-03T21:29:50.643+0700] {processor.py:914} INFO - Processing file /home/tedubuamo/project/venv/lib/python3.12/site-packages/airflow/example_dags/example_complex.py for tasks to queue
[2024-12-03T21:29:50.645+0700] {logging_mixin.py:190} INFO - [2024-12-03T21:29:50.644+0700] {dagbag.py:588} INFO - Filling up the DagBag from /home/tedubuamo/project/venv/lib/python3.12/site-packages/airflow/example_dags/example_complex.py
[2024-12-03T21:29:50.653+0700] {processor.py:925} INFO - DAG(s) 'example_complex' retrieved from /home/tedubuamo/project/venv/lib/python3.12/site-packages/airflow/example_dags/example_complex.py
[2024-12-03T21:29:50.673+0700] {logging_mixin.py:190} INFO - [2024-12-03T21:29:50.673+0700] {dag.py:3239} INFO - Sync 1 DAGs
[2024-12-03T21:29:50.684+0700] {logging_mixin.py:190} INFO - [2024-12-03T21:29:50.684+0700] {dag.py:4180} INFO - Setting next_dagrun for example_complex to None, run_after=None
[2024-12-03T21:29:50.703+0700] {processor.py:208} INFO - Processing /home/tedubuamo/project/venv/lib/python3.12/site-packages/airflow/example_dags/example_complex.py took 0.069 seconds
[2024-12-03T21:30:44.800+0700] {processor.py:186} INFO - Started process (PID=4899) to work on /home/tedubuamo/project/venv/lib/python3.12/site-packages/airflow/example_dags/example_complex.py
[2024-12-03T21:30:44.803+0700] {processor.py:914} INFO - Processing file /home/tedubuamo/project/venv/lib/python3.12/site-packages/airflow/example_dags/example_complex.py for tasks to queue
[2024-12-03T21:30:44.805+0700] {logging_mixin.py:190} INFO - [2024-12-03T21:30:44.805+0700] {dagbag.py:588} INFO - Filling up the DagBag from /home/tedubuamo/project/venv/lib/python3.12/site-packages/airflow/example_dags/example_complex.py
[2024-12-03T21:30:44.813+0700] {processor.py:925} INFO - DAG(s) 'example_complex' retrieved from /home/tedubuamo/project/venv/lib/python3.12/site-packages/airflow/example_dags/example_complex.py
[2024-12-03T21:30:44.831+0700] {logging_mixin.py:190} INFO - [2024-12-03T21:30:44.830+0700] {dag.py:3239} INFO - Sync 1 DAGs
[2024-12-03T21:30:44.839+0700] {logging_mixin.py:190} INFO - [2024-12-03T21:30:44.839+0700] {dag.py:4180} INFO - Setting next_dagrun for example_complex to None, run_after=None
[2024-12-03T21:30:44.857+0700] {processor.py:208} INFO - Processing /home/tedubuamo/project/venv/lib/python3.12/site-packages/airflow/example_dags/example_complex.py took 0.061 seconds
