[2024-12-03T20:58:04.040+0700] {processor.py:186} INFO - Started process (PID=1656) to work on /home/tedubuamo/project/venv/lib/python3.12/site-packages/airflow/example_dags/example_dataset_alias.py
[2024-12-03T20:58:04.041+0700] {processor.py:914} INFO - Processing file /home/tedubuamo/project/venv/lib/python3.12/site-packages/airflow/example_dags/example_dataset_alias.py for tasks to queue
[2024-12-03T20:58:04.042+0700] {logging_mixin.py:190} INFO - [2024-12-03T20:58:04.042+0700] {dagbag.py:588} INFO - Filling up the DagBag from /home/tedubuamo/project/venv/lib/python3.12/site-packages/airflow/example_dags/example_dataset_alias.py
[2024-12-03T20:58:04.058+0700] {processor.py:925} INFO - DAG(s) 'dataset_alias_example_alias_consumer', 'dataset_alias_example_alias_producer', 'dataset_s3_bucket_producer', 'dataset_s3_bucket_consumer' retrieved from /home/tedubuamo/project/venv/lib/python3.12/site-packages/airflow/example_dags/example_dataset_alias.py
[2024-12-03T20:58:04.157+0700] {logging_mixin.py:190} INFO - [2024-12-03T20:58:04.157+0700] {dag.py:3239} INFO - Sync 4 DAGs
[2024-12-03T20:58:04.170+0700] {logging_mixin.py:190} INFO - [2024-12-03T20:58:04.169+0700] {dag.py:4180} INFO - Setting next_dagrun for dataset_alias_example_alias_consumer to None, run_after=None
[2024-12-03T20:58:04.171+0700] {logging_mixin.py:190} INFO - [2024-12-03T20:58:04.171+0700] {dag.py:4180} INFO - Setting next_dagrun for dataset_alias_example_alias_producer to None, run_after=None
[2024-12-03T20:58:04.172+0700] {logging_mixin.py:190} INFO - [2024-12-03T20:58:04.171+0700] {dag.py:4180} INFO - Setting next_dagrun for dataset_s3_bucket_consumer to None, run_after=None
[2024-12-03T20:58:04.172+0700] {logging_mixin.py:190} INFO - [2024-12-03T20:58:04.172+0700] {dag.py:4180} INFO - Setting next_dagrun for dataset_s3_bucket_producer to None, run_after=None
[2024-12-03T20:58:04.189+0700] {processor.py:208} INFO - Processing /home/tedubuamo/project/venv/lib/python3.12/site-packages/airflow/example_dags/example_dataset_alias.py took 0.154 seconds
[2024-12-03T20:58:58.833+0700] {processor.py:186} INFO - Started process (PID=1713) to work on /home/tedubuamo/project/venv/lib/python3.12/site-packages/airflow/example_dags/example_dataset_alias.py
[2024-12-03T20:58:58.836+0700] {processor.py:914} INFO - Processing file /home/tedubuamo/project/venv/lib/python3.12/site-packages/airflow/example_dags/example_dataset_alias.py for tasks to queue
[2024-12-03T20:58:58.838+0700] {logging_mixin.py:190} INFO - [2024-12-03T20:58:58.838+0700] {dagbag.py:588} INFO - Filling up the DagBag from /home/tedubuamo/project/venv/lib/python3.12/site-packages/airflow/example_dags/example_dataset_alias.py
[2024-12-03T20:58:58.854+0700] {processor.py:925} INFO - DAG(s) 'dataset_alias_example_alias_producer', 'dataset_s3_bucket_consumer', 'dataset_s3_bucket_producer', 'dataset_alias_example_alias_consumer' retrieved from /home/tedubuamo/project/venv/lib/python3.12/site-packages/airflow/example_dags/example_dataset_alias.py
[2024-12-03T20:58:58.866+0700] {logging_mixin.py:190} INFO - [2024-12-03T20:58:58.866+0700] {dag.py:3239} INFO - Sync 4 DAGs
[2024-12-03T20:58:58.880+0700] {logging_mixin.py:190} INFO - [2024-12-03T20:58:58.879+0700] {dag.py:4180} INFO - Setting next_dagrun for dataset_alias_example_alias_consumer to None, run_after=None
[2024-12-03T20:58:58.881+0700] {logging_mixin.py:190} INFO - [2024-12-03T20:58:58.881+0700] {dag.py:4180} INFO - Setting next_dagrun for dataset_alias_example_alias_producer to None, run_after=None
[2024-12-03T20:58:58.882+0700] {logging_mixin.py:190} INFO - [2024-12-03T20:58:58.882+0700] {dag.py:4180} INFO - Setting next_dagrun for dataset_s3_bucket_consumer to None, run_after=None
[2024-12-03T20:58:58.882+0700] {logging_mixin.py:190} INFO - [2024-12-03T20:58:58.882+0700] {dag.py:4180} INFO - Setting next_dagrun for dataset_s3_bucket_producer to None, run_after=None
[2024-12-03T20:58:58.900+0700] {processor.py:208} INFO - Processing /home/tedubuamo/project/venv/lib/python3.12/site-packages/airflow/example_dags/example_dataset_alias.py took 0.072 seconds
[2024-12-03T20:59:53.757+0700] {processor.py:186} INFO - Started process (PID=1770) to work on /home/tedubuamo/project/venv/lib/python3.12/site-packages/airflow/example_dags/example_dataset_alias.py
[2024-12-03T20:59:53.758+0700] {processor.py:914} INFO - Processing file /home/tedubuamo/project/venv/lib/python3.12/site-packages/airflow/example_dags/example_dataset_alias.py for tasks to queue
[2024-12-03T20:59:53.760+0700] {logging_mixin.py:190} INFO - [2024-12-03T20:59:53.760+0700] {dagbag.py:588} INFO - Filling up the DagBag from /home/tedubuamo/project/venv/lib/python3.12/site-packages/airflow/example_dags/example_dataset_alias.py
[2024-12-03T20:59:53.780+0700] {processor.py:925} INFO - DAG(s) 'dataset_s3_bucket_consumer', 'dataset_alias_example_alias_consumer', 'dataset_alias_example_alias_producer', 'dataset_s3_bucket_producer' retrieved from /home/tedubuamo/project/venv/lib/python3.12/site-packages/airflow/example_dags/example_dataset_alias.py
[2024-12-03T20:59:53.798+0700] {logging_mixin.py:190} INFO - [2024-12-03T20:59:53.797+0700] {dag.py:3239} INFO - Sync 4 DAGs
[2024-12-03T20:59:53.812+0700] {logging_mixin.py:190} INFO - [2024-12-03T20:59:53.812+0700] {dag.py:4180} INFO - Setting next_dagrun for dataset_alias_example_alias_consumer to None, run_after=None
[2024-12-03T20:59:53.815+0700] {logging_mixin.py:190} INFO - [2024-12-03T20:59:53.815+0700] {dag.py:4180} INFO - Setting next_dagrun for dataset_alias_example_alias_producer to None, run_after=None
[2024-12-03T20:59:53.816+0700] {logging_mixin.py:190} INFO - [2024-12-03T20:59:53.816+0700] {dag.py:4180} INFO - Setting next_dagrun for dataset_s3_bucket_consumer to None, run_after=None
[2024-12-03T20:59:53.816+0700] {logging_mixin.py:190} INFO - [2024-12-03T20:59:53.816+0700] {dag.py:4180} INFO - Setting next_dagrun for dataset_s3_bucket_producer to None, run_after=None
[2024-12-03T20:59:53.837+0700] {processor.py:208} INFO - Processing /home/tedubuamo/project/venv/lib/python3.12/site-packages/airflow/example_dags/example_dataset_alias.py took 0.084 seconds
[2024-12-03T21:00:47.443+0700] {processor.py:186} INFO - Started process (PID=1825) to work on /home/tedubuamo/project/venv/lib/python3.12/site-packages/airflow/example_dags/example_dataset_alias.py
[2024-12-03T21:00:47.447+0700] {processor.py:914} INFO - Processing file /home/tedubuamo/project/venv/lib/python3.12/site-packages/airflow/example_dags/example_dataset_alias.py for tasks to queue
[2024-12-03T21:00:47.449+0700] {logging_mixin.py:190} INFO - [2024-12-03T21:00:47.449+0700] {dagbag.py:588} INFO - Filling up the DagBag from /home/tedubuamo/project/venv/lib/python3.12/site-packages/airflow/example_dags/example_dataset_alias.py
[2024-12-03T21:00:47.464+0700] {processor.py:925} INFO - DAG(s) 'dataset_alias_example_alias_consumer', 'dataset_alias_example_alias_producer', 'dataset_s3_bucket_producer', 'dataset_s3_bucket_consumer' retrieved from /home/tedubuamo/project/venv/lib/python3.12/site-packages/airflow/example_dags/example_dataset_alias.py
[2024-12-03T21:00:47.477+0700] {logging_mixin.py:190} INFO - [2024-12-03T21:00:47.476+0700] {dag.py:3239} INFO - Sync 4 DAGs
[2024-12-03T21:00:47.489+0700] {logging_mixin.py:190} INFO - [2024-12-03T21:00:47.489+0700] {dag.py:4180} INFO - Setting next_dagrun for dataset_alias_example_alias_consumer to None, run_after=None
[2024-12-03T21:00:47.491+0700] {logging_mixin.py:190} INFO - [2024-12-03T21:00:47.491+0700] {dag.py:4180} INFO - Setting next_dagrun for dataset_alias_example_alias_producer to None, run_after=None
[2024-12-03T21:00:47.492+0700] {logging_mixin.py:190} INFO - [2024-12-03T21:00:47.492+0700] {dag.py:4180} INFO - Setting next_dagrun for dataset_s3_bucket_consumer to None, run_after=None
[2024-12-03T21:00:47.493+0700] {logging_mixin.py:190} INFO - [2024-12-03T21:00:47.492+0700] {dag.py:4180} INFO - Setting next_dagrun for dataset_s3_bucket_producer to None, run_after=None
[2024-12-03T21:00:47.518+0700] {processor.py:208} INFO - Processing /home/tedubuamo/project/venv/lib/python3.12/site-packages/airflow/example_dags/example_dataset_alias.py took 0.079 seconds
[2024-12-03T21:05:28.890+0700] {processor.py:186} INFO - Started process (PID=2038) to work on /home/tedubuamo/project/venv/lib/python3.12/site-packages/airflow/example_dags/example_dataset_alias.py
[2024-12-03T21:05:28.891+0700] {processor.py:914} INFO - Processing file /home/tedubuamo/project/venv/lib/python3.12/site-packages/airflow/example_dags/example_dataset_alias.py for tasks to queue
[2024-12-03T21:05:28.893+0700] {logging_mixin.py:190} INFO - [2024-12-03T21:05:28.893+0700] {dagbag.py:588} INFO - Filling up the DagBag from /home/tedubuamo/project/venv/lib/python3.12/site-packages/airflow/example_dags/example_dataset_alias.py
[2024-12-03T21:05:28.911+0700] {processor.py:925} INFO - DAG(s) 'dataset_alias_example_alias_consumer', 'dataset_s3_bucket_producer', 'dataset_s3_bucket_consumer', 'dataset_alias_example_alias_producer' retrieved from /home/tedubuamo/project/venv/lib/python3.12/site-packages/airflow/example_dags/example_dataset_alias.py
[2024-12-03T21:05:28.925+0700] {logging_mixin.py:190} INFO - [2024-12-03T21:05:28.925+0700] {dag.py:3239} INFO - Sync 4 DAGs
[2024-12-03T21:05:28.939+0700] {logging_mixin.py:190} INFO - [2024-12-03T21:05:28.938+0700] {dag.py:4180} INFO - Setting next_dagrun for dataset_alias_example_alias_consumer to None, run_after=None
[2024-12-03T21:05:28.940+0700] {logging_mixin.py:190} INFO - [2024-12-03T21:05:28.940+0700] {dag.py:4180} INFO - Setting next_dagrun for dataset_alias_example_alias_producer to None, run_after=None
[2024-12-03T21:05:28.940+0700] {logging_mixin.py:190} INFO - [2024-12-03T21:05:28.940+0700] {dag.py:4180} INFO - Setting next_dagrun for dataset_s3_bucket_consumer to None, run_after=None
[2024-12-03T21:05:28.941+0700] {logging_mixin.py:190} INFO - [2024-12-03T21:05:28.941+0700] {dag.py:4180} INFO - Setting next_dagrun for dataset_s3_bucket_producer to None, run_after=None
[2024-12-03T21:05:28.959+0700] {processor.py:208} INFO - Processing /home/tedubuamo/project/venv/lib/python3.12/site-packages/airflow/example_dags/example_dataset_alias.py took 0.073 seconds
[2024-12-03T21:06:24.384+0700] {processor.py:186} INFO - Started process (PID=2200) to work on /home/tedubuamo/project/venv/lib/python3.12/site-packages/airflow/example_dags/example_dataset_alias.py
[2024-12-03T21:06:24.385+0700] {processor.py:914} INFO - Processing file /home/tedubuamo/project/venv/lib/python3.12/site-packages/airflow/example_dags/example_dataset_alias.py for tasks to queue
[2024-12-03T21:06:24.387+0700] {logging_mixin.py:190} INFO - [2024-12-03T21:06:24.387+0700] {dagbag.py:588} INFO - Filling up the DagBag from /home/tedubuamo/project/venv/lib/python3.12/site-packages/airflow/example_dags/example_dataset_alias.py
[2024-12-03T21:06:24.404+0700] {processor.py:925} INFO - DAG(s) 'dataset_s3_bucket_consumer', 'dataset_s3_bucket_producer', 'dataset_alias_example_alias_consumer', 'dataset_alias_example_alias_producer' retrieved from /home/tedubuamo/project/venv/lib/python3.12/site-packages/airflow/example_dags/example_dataset_alias.py
[2024-12-03T21:06:24.421+0700] {logging_mixin.py:190} INFO - [2024-12-03T21:06:24.420+0700] {dag.py:3239} INFO - Sync 4 DAGs
[2024-12-03T21:06:24.442+0700] {logging_mixin.py:190} INFO - [2024-12-03T21:06:24.442+0700] {dag.py:4180} INFO - Setting next_dagrun for dataset_alias_example_alias_consumer to None, run_after=None
[2024-12-03T21:06:24.445+0700] {logging_mixin.py:190} INFO - [2024-12-03T21:06:24.445+0700] {dag.py:4180} INFO - Setting next_dagrun for dataset_alias_example_alias_producer to None, run_after=None
[2024-12-03T21:06:24.445+0700] {logging_mixin.py:190} INFO - [2024-12-03T21:06:24.445+0700] {dag.py:4180} INFO - Setting next_dagrun for dataset_s3_bucket_consumer to None, run_after=None
[2024-12-03T21:06:24.446+0700] {logging_mixin.py:190} INFO - [2024-12-03T21:06:24.446+0700] {dag.py:4180} INFO - Setting next_dagrun for dataset_s3_bucket_producer to None, run_after=None
[2024-12-03T21:06:24.471+0700] {processor.py:208} INFO - Processing /home/tedubuamo/project/venv/lib/python3.12/site-packages/airflow/example_dags/example_dataset_alias.py took 0.092 seconds
[2024-12-03T21:06:25.262+0700] {processor.py:186} INFO - Started process (PID=2201) to work on /home/tedubuamo/project/venv/lib/python3.12/site-packages/airflow/example_dags/example_dataset_alias.py
[2024-12-03T21:06:25.262+0700] {processor.py:914} INFO - Processing file /home/tedubuamo/project/venv/lib/python3.12/site-packages/airflow/example_dags/example_dataset_alias.py for tasks to queue
[2024-12-03T21:06:25.264+0700] {logging_mixin.py:190} INFO - [2024-12-03T21:06:25.263+0700] {dagbag.py:588} INFO - Filling up the DagBag from /home/tedubuamo/project/venv/lib/python3.12/site-packages/airflow/example_dags/example_dataset_alias.py
[2024-12-03T21:06:25.282+0700] {processor.py:925} INFO - DAG(s) 'dataset_alias_example_alias_consumer', 'dataset_s3_bucket_consumer', 'dataset_s3_bucket_producer', 'dataset_alias_example_alias_producer' retrieved from /home/tedubuamo/project/venv/lib/python3.12/site-packages/airflow/example_dags/example_dataset_alias.py
[2024-12-03T21:06:25.300+0700] {logging_mixin.py:190} INFO - [2024-12-03T21:06:25.300+0700] {dag.py:3239} INFO - Sync 4 DAGs
[2024-12-03T21:06:25.317+0700] {logging_mixin.py:190} INFO - [2024-12-03T21:06:25.316+0700] {dag.py:4180} INFO - Setting next_dagrun for dataset_alias_example_alias_consumer to None, run_after=None
[2024-12-03T21:06:25.319+0700] {logging_mixin.py:190} INFO - [2024-12-03T21:06:25.319+0700] {dag.py:4180} INFO - Setting next_dagrun for dataset_alias_example_alias_producer to None, run_after=None
[2024-12-03T21:06:25.320+0700] {logging_mixin.py:190} INFO - [2024-12-03T21:06:25.320+0700] {dag.py:4180} INFO - Setting next_dagrun for dataset_s3_bucket_consumer to None, run_after=None
[2024-12-03T21:06:25.321+0700] {logging_mixin.py:190} INFO - [2024-12-03T21:06:25.321+0700] {dag.py:4180} INFO - Setting next_dagrun for dataset_s3_bucket_producer to None, run_after=None
[2024-12-03T21:06:25.346+0700] {processor.py:208} INFO - Processing /home/tedubuamo/project/venv/lib/python3.12/site-packages/airflow/example_dags/example_dataset_alias.py took 0.089 seconds
[2024-12-03T21:07:20.241+0700] {processor.py:186} INFO - Started process (PID=2409) to work on /home/tedubuamo/project/venv/lib/python3.12/site-packages/airflow/example_dags/example_dataset_alias.py
[2024-12-03T21:07:20.242+0700] {processor.py:914} INFO - Processing file /home/tedubuamo/project/venv/lib/python3.12/site-packages/airflow/example_dags/example_dataset_alias.py for tasks to queue
[2024-12-03T21:07:20.244+0700] {logging_mixin.py:190} INFO - [2024-12-03T21:07:20.244+0700] {dagbag.py:588} INFO - Filling up the DagBag from /home/tedubuamo/project/venv/lib/python3.12/site-packages/airflow/example_dags/example_dataset_alias.py
[2024-12-03T21:07:20.273+0700] {processor.py:925} INFO - DAG(s) 'dataset_s3_bucket_consumer', 'dataset_alias_example_alias_producer', 'dataset_s3_bucket_producer', 'dataset_alias_example_alias_consumer' retrieved from /home/tedubuamo/project/venv/lib/python3.12/site-packages/airflow/example_dags/example_dataset_alias.py
[2024-12-03T21:07:20.297+0700] {logging_mixin.py:190} INFO - [2024-12-03T21:07:20.297+0700] {dag.py:3239} INFO - Sync 4 DAGs
[2024-12-03T21:07:20.329+0700] {logging_mixin.py:190} INFO - [2024-12-03T21:07:20.329+0700] {dag.py:4180} INFO - Setting next_dagrun for dataset_alias_example_alias_consumer to None, run_after=None
[2024-12-03T21:07:20.334+0700] {logging_mixin.py:190} INFO - [2024-12-03T21:07:20.333+0700] {dag.py:4180} INFO - Setting next_dagrun for dataset_alias_example_alias_producer to None, run_after=None
[2024-12-03T21:07:20.336+0700] {logging_mixin.py:190} INFO - [2024-12-03T21:07:20.336+0700] {dag.py:4180} INFO - Setting next_dagrun for dataset_s3_bucket_consumer to None, run_after=None
[2024-12-03T21:07:20.339+0700] {logging_mixin.py:190} INFO - [2024-12-03T21:07:20.338+0700] {dag.py:4180} INFO - Setting next_dagrun for dataset_s3_bucket_producer to None, run_after=None
[2024-12-03T21:07:20.369+0700] {processor.py:186} INFO - Started process (PID=2410) to work on /home/tedubuamo/project/venv/lib/python3.12/site-packages/airflow/example_dags/example_dataset_alias.py
[2024-12-03T21:07:20.370+0700] {processor.py:914} INFO - Processing file /home/tedubuamo/project/venv/lib/python3.12/site-packages/airflow/example_dags/example_dataset_alias.py for tasks to queue
[2024-12-03T21:07:20.374+0700] {logging_mixin.py:190} INFO - [2024-12-03T21:07:20.373+0700] {dagbag.py:588} INFO - Filling up the DagBag from /home/tedubuamo/project/venv/lib/python3.12/site-packages/airflow/example_dags/example_dataset_alias.py
[2024-12-03T21:07:20.390+0700] {processor.py:208} INFO - Processing /home/tedubuamo/project/venv/lib/python3.12/site-packages/airflow/example_dags/example_dataset_alias.py took 0.154 seconds
[2024-12-03T21:07:20.408+0700] {processor.py:925} INFO - DAG(s) 'dataset_alias_example_alias_producer', 'dataset_s3_bucket_consumer', 'dataset_s3_bucket_producer', 'dataset_alias_example_alias_consumer' retrieved from /home/tedubuamo/project/venv/lib/python3.12/site-packages/airflow/example_dags/example_dataset_alias.py
[2024-12-03T21:07:20.435+0700] {logging_mixin.py:190} INFO - [2024-12-03T21:07:20.434+0700] {dag.py:3239} INFO - Sync 4 DAGs
[2024-12-03T21:07:20.455+0700] {logging_mixin.py:190} INFO - [2024-12-03T21:07:20.455+0700] {dag.py:4180} INFO - Setting next_dagrun for dataset_alias_example_alias_consumer to None, run_after=None
[2024-12-03T21:07:20.458+0700] {logging_mixin.py:190} INFO - [2024-12-03T21:07:20.457+0700] {dag.py:4180} INFO - Setting next_dagrun for dataset_alias_example_alias_producer to None, run_after=None
[2024-12-03T21:07:20.459+0700] {logging_mixin.py:190} INFO - [2024-12-03T21:07:20.458+0700] {dag.py:4180} INFO - Setting next_dagrun for dataset_s3_bucket_consumer to None, run_after=None
[2024-12-03T21:07:20.460+0700] {logging_mixin.py:190} INFO - [2024-12-03T21:07:20.460+0700] {dag.py:4180} INFO - Setting next_dagrun for dataset_s3_bucket_producer to None, run_after=None
[2024-12-03T21:07:20.492+0700] {processor.py:208} INFO - Processing /home/tedubuamo/project/venv/lib/python3.12/site-packages/airflow/example_dags/example_dataset_alias.py took 0.130 seconds
[2024-12-03T21:08:12.382+0700] {processor.py:186} INFO - Started process (PID=2519) to work on /home/tedubuamo/project/venv/lib/python3.12/site-packages/airflow/example_dags/example_dataset_alias.py
[2024-12-03T21:08:12.385+0700] {processor.py:914} INFO - Processing file /home/tedubuamo/project/venv/lib/python3.12/site-packages/airflow/example_dags/example_dataset_alias.py for tasks to queue
[2024-12-03T21:08:12.388+0700] {logging_mixin.py:190} INFO - [2024-12-03T21:08:12.387+0700] {dagbag.py:588} INFO - Filling up the DagBag from /home/tedubuamo/project/venv/lib/python3.12/site-packages/airflow/example_dags/example_dataset_alias.py
[2024-12-03T21:08:12.450+0700] {processor.py:925} INFO - DAG(s) 'dataset_s3_bucket_producer', 'dataset_alias_example_alias_consumer', 'dataset_s3_bucket_consumer', 'dataset_alias_example_alias_producer' retrieved from /home/tedubuamo/project/venv/lib/python3.12/site-packages/airflow/example_dags/example_dataset_alias.py
[2024-12-03T21:08:12.525+0700] {logging_mixin.py:190} INFO - [2024-12-03T21:08:12.524+0700] {dag.py:3239} INFO - Sync 4 DAGs
[2024-12-03T21:08:12.550+0700] {logging_mixin.py:190} INFO - [2024-12-03T21:08:12.549+0700] {dag.py:4180} INFO - Setting next_dagrun for dataset_alias_example_alias_consumer to None, run_after=None
[2024-12-03T21:08:12.564+0700] {logging_mixin.py:190} INFO - [2024-12-03T21:08:12.563+0700] {dag.py:4180} INFO - Setting next_dagrun for dataset_alias_example_alias_producer to None, run_after=None
[2024-12-03T21:08:12.566+0700] {logging_mixin.py:190} INFO - [2024-12-03T21:08:12.566+0700] {dag.py:4180} INFO - Setting next_dagrun for dataset_s3_bucket_consumer to None, run_after=None
[2024-12-03T21:08:12.569+0700] {logging_mixin.py:190} INFO - [2024-12-03T21:08:12.568+0700] {dag.py:4180} INFO - Setting next_dagrun for dataset_s3_bucket_producer to None, run_after=None
[2024-12-03T21:08:12.612+0700] {processor.py:208} INFO - Processing /home/tedubuamo/project/venv/lib/python3.12/site-packages/airflow/example_dags/example_dataset_alias.py took 0.239 seconds
[2024-12-03T21:08:14.532+0700] {processor.py:186} INFO - Started process (PID=2522) to work on /home/tedubuamo/project/venv/lib/python3.12/site-packages/airflow/example_dags/example_dataset_alias.py
[2024-12-03T21:08:14.533+0700] {processor.py:914} INFO - Processing file /home/tedubuamo/project/venv/lib/python3.12/site-packages/airflow/example_dags/example_dataset_alias.py for tasks to queue
[2024-12-03T21:08:14.535+0700] {logging_mixin.py:190} INFO - [2024-12-03T21:08:14.535+0700] {dagbag.py:588} INFO - Filling up the DagBag from /home/tedubuamo/project/venv/lib/python3.12/site-packages/airflow/example_dags/example_dataset_alias.py
[2024-12-03T21:08:14.567+0700] {processor.py:925} INFO - DAG(s) 'dataset_s3_bucket_consumer', 'dataset_s3_bucket_producer', 'dataset_alias_example_alias_consumer', 'dataset_alias_example_alias_producer' retrieved from /home/tedubuamo/project/venv/lib/python3.12/site-packages/airflow/example_dags/example_dataset_alias.py
[2024-12-03T21:08:14.599+0700] {logging_mixin.py:190} INFO - [2024-12-03T21:08:14.599+0700] {dag.py:3239} INFO - Sync 4 DAGs
[2024-12-03T21:08:14.625+0700] {logging_mixin.py:190} INFO - [2024-12-03T21:08:14.623+0700] {dag.py:4180} INFO - Setting next_dagrun for dataset_alias_example_alias_consumer to None, run_after=None
[2024-12-03T21:08:14.631+0700] {logging_mixin.py:190} INFO - [2024-12-03T21:08:14.630+0700] {dag.py:4180} INFO - Setting next_dagrun for dataset_alias_example_alias_producer to None, run_after=None
[2024-12-03T21:08:14.633+0700] {logging_mixin.py:190} INFO - [2024-12-03T21:08:14.632+0700] {dag.py:4180} INFO - Setting next_dagrun for dataset_s3_bucket_consumer to None, run_after=None
[2024-12-03T21:08:14.635+0700] {logging_mixin.py:190} INFO - [2024-12-03T21:08:14.635+0700] {dag.py:4180} INFO - Setting next_dagrun for dataset_s3_bucket_producer to None, run_after=None
[2024-12-03T21:08:14.685+0700] {processor.py:208} INFO - Processing /home/tedubuamo/project/venv/lib/python3.12/site-packages/airflow/example_dags/example_dataset_alias.py took 0.160 seconds
[2024-12-03T21:09:05.719+0700] {processor.py:186} INFO - Started process (PID=2627) to work on /home/tedubuamo/project/venv/lib/python3.12/site-packages/airflow/example_dags/example_dataset_alias.py
[2024-12-03T21:09:05.721+0700] {processor.py:914} INFO - Processing file /home/tedubuamo/project/venv/lib/python3.12/site-packages/airflow/example_dags/example_dataset_alias.py for tasks to queue
[2024-12-03T21:09:05.722+0700] {logging_mixin.py:190} INFO - [2024-12-03T21:09:05.722+0700] {dagbag.py:588} INFO - Filling up the DagBag from /home/tedubuamo/project/venv/lib/python3.12/site-packages/airflow/example_dags/example_dataset_alias.py
[2024-12-03T21:09:05.738+0700] {processor.py:925} INFO - DAG(s) 'dataset_s3_bucket_producer', 'dataset_alias_example_alias_consumer', 'dataset_alias_example_alias_producer', 'dataset_s3_bucket_consumer' retrieved from /home/tedubuamo/project/venv/lib/python3.12/site-packages/airflow/example_dags/example_dataset_alias.py
[2024-12-03T21:09:05.751+0700] {logging_mixin.py:190} INFO - [2024-12-03T21:09:05.750+0700] {dag.py:3239} INFO - Sync 4 DAGs
[2024-12-03T21:09:05.764+0700] {logging_mixin.py:190} INFO - [2024-12-03T21:09:05.764+0700] {dag.py:4180} INFO - Setting next_dagrun for dataset_alias_example_alias_consumer to None, run_after=None
[2024-12-03T21:09:05.765+0700] {logging_mixin.py:190} INFO - [2024-12-03T21:09:05.765+0700] {dag.py:4180} INFO - Setting next_dagrun for dataset_alias_example_alias_producer to None, run_after=None
[2024-12-03T21:09:05.766+0700] {logging_mixin.py:190} INFO - [2024-12-03T21:09:05.766+0700] {dag.py:4180} INFO - Setting next_dagrun for dataset_s3_bucket_consumer to None, run_after=None
[2024-12-03T21:09:05.767+0700] {logging_mixin.py:190} INFO - [2024-12-03T21:09:05.766+0700] {dag.py:4180} INFO - Setting next_dagrun for dataset_s3_bucket_producer to None, run_after=None
[2024-12-03T21:09:05.785+0700] {processor.py:208} INFO - Processing /home/tedubuamo/project/venv/lib/python3.12/site-packages/airflow/example_dags/example_dataset_alias.py took 0.070 seconds
[2024-12-03T21:09:29.940+0700] {processor.py:186} INFO - Started process (PID=2677) to work on /home/tedubuamo/project/venv/lib/python3.12/site-packages/airflow/example_dags/example_dataset_alias.py
[2024-12-03T21:09:29.942+0700] {processor.py:914} INFO - Processing file /home/tedubuamo/project/venv/lib/python3.12/site-packages/airflow/example_dags/example_dataset_alias.py for tasks to queue
[2024-12-03T21:09:29.943+0700] {logging_mixin.py:190} INFO - [2024-12-03T21:09:29.943+0700] {dagbag.py:588} INFO - Filling up the DagBag from /home/tedubuamo/project/venv/lib/python3.12/site-packages/airflow/example_dags/example_dataset_alias.py
[2024-12-03T21:09:29.959+0700] {processor.py:925} INFO - DAG(s) 'dataset_alias_example_alias_producer', 'dataset_s3_bucket_producer', 'dataset_alias_example_alias_consumer', 'dataset_s3_bucket_consumer' retrieved from /home/tedubuamo/project/venv/lib/python3.12/site-packages/airflow/example_dags/example_dataset_alias.py
[2024-12-03T21:09:29.973+0700] {logging_mixin.py:190} INFO - [2024-12-03T21:09:29.973+0700] {dag.py:3239} INFO - Sync 4 DAGs
[2024-12-03T21:09:29.987+0700] {logging_mixin.py:190} INFO - [2024-12-03T21:09:29.987+0700] {dag.py:4180} INFO - Setting next_dagrun for dataset_alias_example_alias_consumer to None, run_after=None
[2024-12-03T21:09:29.989+0700] {logging_mixin.py:190} INFO - [2024-12-03T21:09:29.989+0700] {dag.py:4180} INFO - Setting next_dagrun for dataset_alias_example_alias_producer to None, run_after=None
[2024-12-03T21:09:29.989+0700] {logging_mixin.py:190} INFO - [2024-12-03T21:09:29.989+0700] {dag.py:4180} INFO - Setting next_dagrun for dataset_s3_bucket_consumer to None, run_after=None
[2024-12-03T21:09:29.990+0700] {logging_mixin.py:190} INFO - [2024-12-03T21:09:29.990+0700] {dag.py:4180} INFO - Setting next_dagrun for dataset_s3_bucket_producer to None, run_after=None
[2024-12-03T21:09:30.010+0700] {processor.py:208} INFO - Processing /home/tedubuamo/project/venv/lib/python3.12/site-packages/airflow/example_dags/example_dataset_alias.py took 0.074 seconds
[2024-12-03T21:09:55.069+0700] {processor.py:186} INFO - Started process (PID=2729) to work on /home/tedubuamo/project/venv/lib/python3.12/site-packages/airflow/example_dags/example_dataset_alias.py
[2024-12-03T21:09:55.073+0700] {processor.py:914} INFO - Processing file /home/tedubuamo/project/venv/lib/python3.12/site-packages/airflow/example_dags/example_dataset_alias.py for tasks to queue
[2024-12-03T21:09:55.075+0700] {logging_mixin.py:190} INFO - [2024-12-03T21:09:55.075+0700] {dagbag.py:588} INFO - Filling up the DagBag from /home/tedubuamo/project/venv/lib/python3.12/site-packages/airflow/example_dags/example_dataset_alias.py
[2024-12-03T21:09:55.091+0700] {processor.py:925} INFO - DAG(s) 'dataset_s3_bucket_producer', 'dataset_alias_example_alias_producer', 'dataset_s3_bucket_consumer', 'dataset_alias_example_alias_consumer' retrieved from /home/tedubuamo/project/venv/lib/python3.12/site-packages/airflow/example_dags/example_dataset_alias.py
[2024-12-03T21:09:55.104+0700] {logging_mixin.py:190} INFO - [2024-12-03T21:09:55.104+0700] {dag.py:3239} INFO - Sync 4 DAGs
[2024-12-03T21:09:55.119+0700] {logging_mixin.py:190} INFO - [2024-12-03T21:09:55.119+0700] {dag.py:4180} INFO - Setting next_dagrun for dataset_alias_example_alias_consumer to None, run_after=None
[2024-12-03T21:09:55.121+0700] {logging_mixin.py:190} INFO - [2024-12-03T21:09:55.121+0700] {dag.py:4180} INFO - Setting next_dagrun for dataset_alias_example_alias_producer to None, run_after=None
[2024-12-03T21:09:55.121+0700] {logging_mixin.py:190} INFO - [2024-12-03T21:09:55.121+0700] {dag.py:4180} INFO - Setting next_dagrun for dataset_s3_bucket_consumer to None, run_after=None
[2024-12-03T21:09:55.122+0700] {logging_mixin.py:190} INFO - [2024-12-03T21:09:55.122+0700] {dag.py:4180} INFO - Setting next_dagrun for dataset_s3_bucket_producer to None, run_after=None
[2024-12-03T21:09:55.141+0700] {processor.py:208} INFO - Processing /home/tedubuamo/project/venv/lib/python3.12/site-packages/airflow/example_dags/example_dataset_alias.py took 0.076 seconds
[2024-12-03T21:10:21.099+0700] {processor.py:186} INFO - Started process (PID=2783) to work on /home/tedubuamo/project/venv/lib/python3.12/site-packages/airflow/example_dags/example_dataset_alias.py
[2024-12-03T21:10:21.100+0700] {processor.py:914} INFO - Processing file /home/tedubuamo/project/venv/lib/python3.12/site-packages/airflow/example_dags/example_dataset_alias.py for tasks to queue
[2024-12-03T21:10:21.103+0700] {logging_mixin.py:190} INFO - [2024-12-03T21:10:21.103+0700] {dagbag.py:588} INFO - Filling up the DagBag from /home/tedubuamo/project/venv/lib/python3.12/site-packages/airflow/example_dags/example_dataset_alias.py
[2024-12-03T21:10:21.131+0700] {processor.py:925} INFO - DAG(s) 'dataset_alias_example_alias_consumer', 'dataset_alias_example_alias_producer', 'dataset_s3_bucket_producer', 'dataset_s3_bucket_consumer' retrieved from /home/tedubuamo/project/venv/lib/python3.12/site-packages/airflow/example_dags/example_dataset_alias.py
[2024-12-03T21:10:21.152+0700] {logging_mixin.py:190} INFO - [2024-12-03T21:10:21.152+0700] {dag.py:3239} INFO - Sync 4 DAGs
[2024-12-03T21:10:21.169+0700] {logging_mixin.py:190} INFO - [2024-12-03T21:10:21.169+0700] {dag.py:4180} INFO - Setting next_dagrun for dataset_alias_example_alias_consumer to None, run_after=None
[2024-12-03T21:10:21.171+0700] {logging_mixin.py:190} INFO - [2024-12-03T21:10:21.171+0700] {dag.py:4180} INFO - Setting next_dagrun for dataset_alias_example_alias_producer to None, run_after=None
[2024-12-03T21:10:21.172+0700] {logging_mixin.py:190} INFO - [2024-12-03T21:10:21.172+0700] {dag.py:4180} INFO - Setting next_dagrun for dataset_s3_bucket_consumer to None, run_after=None
[2024-12-03T21:10:21.173+0700] {logging_mixin.py:190} INFO - [2024-12-03T21:10:21.173+0700] {dag.py:4180} INFO - Setting next_dagrun for dataset_s3_bucket_producer to None, run_after=None
[2024-12-03T21:10:21.196+0700] {processor.py:208} INFO - Processing /home/tedubuamo/project/venv/lib/python3.12/site-packages/airflow/example_dags/example_dataset_alias.py took 0.103 seconds
[2024-12-03T21:10:48.974+0700] {processor.py:186} INFO - Started process (PID=2839) to work on /home/tedubuamo/project/venv/lib/python3.12/site-packages/airflow/example_dags/example_dataset_alias.py
[2024-12-03T21:10:48.976+0700] {processor.py:914} INFO - Processing file /home/tedubuamo/project/venv/lib/python3.12/site-packages/airflow/example_dags/example_dataset_alias.py for tasks to queue
[2024-12-03T21:10:48.987+0700] {logging_mixin.py:190} INFO - [2024-12-03T21:10:48.987+0700] {dagbag.py:588} INFO - Filling up the DagBag from /home/tedubuamo/project/venv/lib/python3.12/site-packages/airflow/example_dags/example_dataset_alias.py
[2024-12-03T21:10:49.009+0700] {processor.py:925} INFO - DAG(s) 'dataset_s3_bucket_producer', 'dataset_alias_example_alias_producer', 'dataset_s3_bucket_consumer', 'dataset_alias_example_alias_consumer' retrieved from /home/tedubuamo/project/venv/lib/python3.12/site-packages/airflow/example_dags/example_dataset_alias.py
[2024-12-03T21:10:49.029+0700] {logging_mixin.py:190} INFO - [2024-12-03T21:10:49.029+0700] {dag.py:3239} INFO - Sync 4 DAGs
[2024-12-03T21:10:49.047+0700] {logging_mixin.py:190} INFO - [2024-12-03T21:10:49.047+0700] {dag.py:4180} INFO - Setting next_dagrun for dataset_alias_example_alias_consumer to None, run_after=None
[2024-12-03T21:10:49.050+0700] {logging_mixin.py:190} INFO - [2024-12-03T21:10:49.049+0700] {dag.py:4180} INFO - Setting next_dagrun for dataset_alias_example_alias_producer to None, run_after=None
[2024-12-03T21:10:49.052+0700] {logging_mixin.py:190} INFO - [2024-12-03T21:10:49.051+0700] {dag.py:4180} INFO - Setting next_dagrun for dataset_s3_bucket_consumer to None, run_after=None
[2024-12-03T21:10:49.053+0700] {logging_mixin.py:190} INFO - [2024-12-03T21:10:49.052+0700] {dag.py:4180} INFO - Setting next_dagrun for dataset_s3_bucket_producer to None, run_after=None
[2024-12-03T21:10:49.076+0700] {processor.py:208} INFO - Processing /home/tedubuamo/project/venv/lib/python3.12/site-packages/airflow/example_dags/example_dataset_alias.py took 0.109 seconds
[2024-12-03T21:11:14.084+0700] {processor.py:186} INFO - Started process (PID=2890) to work on /home/tedubuamo/project/venv/lib/python3.12/site-packages/airflow/example_dags/example_dataset_alias.py
[2024-12-03T21:11:14.086+0700] {processor.py:914} INFO - Processing file /home/tedubuamo/project/venv/lib/python3.12/site-packages/airflow/example_dags/example_dataset_alias.py for tasks to queue
[2024-12-03T21:11:14.088+0700] {logging_mixin.py:190} INFO - [2024-12-03T21:11:14.088+0700] {dagbag.py:588} INFO - Filling up the DagBag from /home/tedubuamo/project/venv/lib/python3.12/site-packages/airflow/example_dags/example_dataset_alias.py
[2024-12-03T21:11:14.107+0700] {processor.py:925} INFO - DAG(s) 'dataset_alias_example_alias_producer', 'dataset_s3_bucket_producer', 'dataset_s3_bucket_consumer', 'dataset_alias_example_alias_consumer' retrieved from /home/tedubuamo/project/venv/lib/python3.12/site-packages/airflow/example_dags/example_dataset_alias.py
[2024-12-03T21:11:14.130+0700] {logging_mixin.py:190} INFO - [2024-12-03T21:11:14.130+0700] {dag.py:3239} INFO - Sync 4 DAGs
[2024-12-03T21:11:14.150+0700] {logging_mixin.py:190} INFO - [2024-12-03T21:11:14.150+0700] {dag.py:4180} INFO - Setting next_dagrun for dataset_alias_example_alias_consumer to None, run_after=None
[2024-12-03T21:11:14.152+0700] {logging_mixin.py:190} INFO - [2024-12-03T21:11:14.152+0700] {dag.py:4180} INFO - Setting next_dagrun for dataset_alias_example_alias_producer to None, run_after=None
[2024-12-03T21:11:14.153+0700] {logging_mixin.py:190} INFO - [2024-12-03T21:11:14.153+0700] {dag.py:4180} INFO - Setting next_dagrun for dataset_s3_bucket_consumer to None, run_after=None
[2024-12-03T21:11:14.154+0700] {logging_mixin.py:190} INFO - [2024-12-03T21:11:14.153+0700] {dag.py:4180} INFO - Setting next_dagrun for dataset_s3_bucket_producer to None, run_after=None
[2024-12-03T21:11:14.178+0700] {processor.py:208} INFO - Processing /home/tedubuamo/project/venv/lib/python3.12/site-packages/airflow/example_dags/example_dataset_alias.py took 0.100 seconds
[2024-12-03T21:11:42.277+0700] {processor.py:186} INFO - Started process (PID=2947) to work on /home/tedubuamo/project/venv/lib/python3.12/site-packages/airflow/example_dags/example_dataset_alias.py
[2024-12-03T21:11:42.279+0700] {processor.py:914} INFO - Processing file /home/tedubuamo/project/venv/lib/python3.12/site-packages/airflow/example_dags/example_dataset_alias.py for tasks to queue
[2024-12-03T21:11:42.281+0700] {logging_mixin.py:190} INFO - [2024-12-03T21:11:42.280+0700] {dagbag.py:588} INFO - Filling up the DagBag from /home/tedubuamo/project/venv/lib/python3.12/site-packages/airflow/example_dags/example_dataset_alias.py
[2024-12-03T21:11:42.299+0700] {processor.py:925} INFO - DAG(s) 'dataset_alias_example_alias_producer', 'dataset_alias_example_alias_consumer', 'dataset_s3_bucket_producer', 'dataset_s3_bucket_consumer' retrieved from /home/tedubuamo/project/venv/lib/python3.12/site-packages/airflow/example_dags/example_dataset_alias.py
[2024-12-03T21:11:42.316+0700] {logging_mixin.py:190} INFO - [2024-12-03T21:11:42.315+0700] {dag.py:3239} INFO - Sync 4 DAGs
[2024-12-03T21:11:42.331+0700] {logging_mixin.py:190} INFO - [2024-12-03T21:11:42.331+0700] {dag.py:4180} INFO - Setting next_dagrun for dataset_alias_example_alias_consumer to None, run_after=None
[2024-12-03T21:11:42.333+0700] {logging_mixin.py:190} INFO - [2024-12-03T21:11:42.333+0700] {dag.py:4180} INFO - Setting next_dagrun for dataset_alias_example_alias_producer to None, run_after=None
[2024-12-03T21:11:42.333+0700] {logging_mixin.py:190} INFO - [2024-12-03T21:11:42.333+0700] {dag.py:4180} INFO - Setting next_dagrun for dataset_s3_bucket_consumer to None, run_after=None
[2024-12-03T21:11:42.334+0700] {logging_mixin.py:190} INFO - [2024-12-03T21:11:42.334+0700] {dag.py:4180} INFO - Setting next_dagrun for dataset_s3_bucket_producer to None, run_after=None
[2024-12-03T21:11:42.352+0700] {processor.py:208} INFO - Processing /home/tedubuamo/project/venv/lib/python3.12/site-packages/airflow/example_dags/example_dataset_alias.py took 0.079 seconds
[2024-12-03T21:12:06.682+0700] {processor.py:186} INFO - Started process (PID=3013) to work on /home/tedubuamo/project/venv/lib/python3.12/site-packages/airflow/example_dags/example_dataset_alias.py
[2024-12-03T21:12:06.683+0700] {processor.py:914} INFO - Processing file /home/tedubuamo/project/venv/lib/python3.12/site-packages/airflow/example_dags/example_dataset_alias.py for tasks to queue
[2024-12-03T21:12:06.684+0700] {logging_mixin.py:190} INFO - [2024-12-03T21:12:06.684+0700] {dagbag.py:588} INFO - Filling up the DagBag from /home/tedubuamo/project/venv/lib/python3.12/site-packages/airflow/example_dags/example_dataset_alias.py
[2024-12-03T21:12:06.701+0700] {processor.py:925} INFO - DAG(s) 'dataset_s3_bucket_producer', 'dataset_alias_example_alias_consumer', 'dataset_alias_example_alias_producer', 'dataset_s3_bucket_consumer' retrieved from /home/tedubuamo/project/venv/lib/python3.12/site-packages/airflow/example_dags/example_dataset_alias.py
[2024-12-03T21:12:06.718+0700] {logging_mixin.py:190} INFO - [2024-12-03T21:12:06.718+0700] {dag.py:3239} INFO - Sync 4 DAGs
[2024-12-03T21:12:06.732+0700] {logging_mixin.py:190} INFO - [2024-12-03T21:12:06.732+0700] {dag.py:4180} INFO - Setting next_dagrun for dataset_alias_example_alias_consumer to None, run_after=None
[2024-12-03T21:12:06.734+0700] {logging_mixin.py:190} INFO - [2024-12-03T21:12:06.734+0700] {dag.py:4180} INFO - Setting next_dagrun for dataset_alias_example_alias_producer to None, run_after=None
[2024-12-03T21:12:06.734+0700] {logging_mixin.py:190} INFO - [2024-12-03T21:12:06.734+0700] {dag.py:4180} INFO - Setting next_dagrun for dataset_s3_bucket_consumer to None, run_after=None
[2024-12-03T21:12:06.735+0700] {logging_mixin.py:190} INFO - [2024-12-03T21:12:06.735+0700] {dag.py:4180} INFO - Setting next_dagrun for dataset_s3_bucket_producer to None, run_after=None
[2024-12-03T21:12:06.754+0700] {processor.py:208} INFO - Processing /home/tedubuamo/project/venv/lib/python3.12/site-packages/airflow/example_dags/example_dataset_alias.py took 0.076 seconds
[2024-12-03T21:12:37.561+0700] {processor.py:186} INFO - Started process (PID=3089) to work on /home/tedubuamo/project/venv/lib/python3.12/site-packages/airflow/example_dags/example_dataset_alias.py
[2024-12-03T21:12:37.563+0700] {processor.py:914} INFO - Processing file /home/tedubuamo/project/venv/lib/python3.12/site-packages/airflow/example_dags/example_dataset_alias.py for tasks to queue
[2024-12-03T21:12:37.565+0700] {logging_mixin.py:190} INFO - [2024-12-03T21:12:37.564+0700] {dagbag.py:588} INFO - Filling up the DagBag from /home/tedubuamo/project/venv/lib/python3.12/site-packages/airflow/example_dags/example_dataset_alias.py
[2024-12-03T21:12:37.581+0700] {processor.py:925} INFO - DAG(s) 'dataset_alias_example_alias_consumer', 'dataset_s3_bucket_consumer', 'dataset_s3_bucket_producer', 'dataset_alias_example_alias_producer' retrieved from /home/tedubuamo/project/venv/lib/python3.12/site-packages/airflow/example_dags/example_dataset_alias.py
[2024-12-03T21:12:37.593+0700] {logging_mixin.py:190} INFO - [2024-12-03T21:12:37.593+0700] {dag.py:3239} INFO - Sync 4 DAGs
[2024-12-03T21:12:37.606+0700] {logging_mixin.py:190} INFO - [2024-12-03T21:12:37.606+0700] {dag.py:4180} INFO - Setting next_dagrun for dataset_alias_example_alias_consumer to None, run_after=None
[2024-12-03T21:12:37.608+0700] {logging_mixin.py:190} INFO - [2024-12-03T21:12:37.608+0700] {dag.py:4180} INFO - Setting next_dagrun for dataset_alias_example_alias_producer to None, run_after=None
[2024-12-03T21:12:37.609+0700] {logging_mixin.py:190} INFO - [2024-12-03T21:12:37.608+0700] {dag.py:4180} INFO - Setting next_dagrun for dataset_s3_bucket_consumer to None, run_after=None
[2024-12-03T21:12:37.609+0700] {logging_mixin.py:190} INFO - [2024-12-03T21:12:37.609+0700] {dag.py:4180} INFO - Setting next_dagrun for dataset_s3_bucket_producer to None, run_after=None
[2024-12-03T21:12:37.626+0700] {processor.py:208} INFO - Processing /home/tedubuamo/project/venv/lib/python3.12/site-packages/airflow/example_dags/example_dataset_alias.py took 0.068 seconds
[2024-12-03T21:13:21.528+0700] {processor.py:186} INFO - Started process (PID=3186) to work on /home/tedubuamo/project/venv/lib/python3.12/site-packages/airflow/example_dags/example_dataset_alias.py
[2024-12-03T21:13:21.529+0700] {processor.py:914} INFO - Processing file /home/tedubuamo/project/venv/lib/python3.12/site-packages/airflow/example_dags/example_dataset_alias.py for tasks to queue
[2024-12-03T21:13:21.530+0700] {logging_mixin.py:190} INFO - [2024-12-03T21:13:21.530+0700] {dagbag.py:588} INFO - Filling up the DagBag from /home/tedubuamo/project/venv/lib/python3.12/site-packages/airflow/example_dags/example_dataset_alias.py
[2024-12-03T21:13:21.546+0700] {processor.py:925} INFO - DAG(s) 'dataset_alias_example_alias_producer', 'dataset_s3_bucket_producer', 'dataset_s3_bucket_consumer', 'dataset_alias_example_alias_consumer' retrieved from /home/tedubuamo/project/venv/lib/python3.12/site-packages/airflow/example_dags/example_dataset_alias.py
[2024-12-03T21:13:21.559+0700] {logging_mixin.py:190} INFO - [2024-12-03T21:13:21.559+0700] {dag.py:3239} INFO - Sync 4 DAGs
[2024-12-03T21:13:21.572+0700] {logging_mixin.py:190} INFO - [2024-12-03T21:13:21.572+0700] {dag.py:4180} INFO - Setting next_dagrun for dataset_alias_example_alias_consumer to None, run_after=None
[2024-12-03T21:13:21.574+0700] {logging_mixin.py:190} INFO - [2024-12-03T21:13:21.574+0700] {dag.py:4180} INFO - Setting next_dagrun for dataset_alias_example_alias_producer to None, run_after=None
[2024-12-03T21:13:21.575+0700] {logging_mixin.py:190} INFO - [2024-12-03T21:13:21.575+0700] {dag.py:4180} INFO - Setting next_dagrun for dataset_s3_bucket_consumer to None, run_after=None
[2024-12-03T21:13:21.576+0700] {logging_mixin.py:190} INFO - [2024-12-03T21:13:21.576+0700] {dag.py:4180} INFO - Setting next_dagrun for dataset_s3_bucket_producer to None, run_after=None
[2024-12-03T21:13:21.594+0700] {processor.py:208} INFO - Processing /home/tedubuamo/project/venv/lib/python3.12/site-packages/airflow/example_dags/example_dataset_alias.py took 0.070 seconds
[2024-12-03T21:13:32.676+0700] {processor.py:186} INFO - Started process (PID=3209) to work on /home/tedubuamo/project/venv/lib/python3.12/site-packages/airflow/example_dags/example_dataset_alias.py
[2024-12-03T21:13:32.678+0700] {processor.py:914} INFO - Processing file /home/tedubuamo/project/venv/lib/python3.12/site-packages/airflow/example_dags/example_dataset_alias.py for tasks to queue
[2024-12-03T21:13:32.679+0700] {logging_mixin.py:190} INFO - [2024-12-03T21:13:32.679+0700] {dagbag.py:588} INFO - Filling up the DagBag from /home/tedubuamo/project/venv/lib/python3.12/site-packages/airflow/example_dags/example_dataset_alias.py
[2024-12-03T21:13:32.699+0700] {processor.py:925} INFO - DAG(s) 'dataset_s3_bucket_consumer', 'dataset_alias_example_alias_producer', 'dataset_alias_example_alias_consumer', 'dataset_s3_bucket_producer' retrieved from /home/tedubuamo/project/venv/lib/python3.12/site-packages/airflow/example_dags/example_dataset_alias.py
[2024-12-03T21:13:32.716+0700] {logging_mixin.py:190} INFO - [2024-12-03T21:13:32.716+0700] {dag.py:3239} INFO - Sync 4 DAGs
[2024-12-03T21:13:32.732+0700] {logging_mixin.py:190} INFO - [2024-12-03T21:13:32.731+0700] {dag.py:4180} INFO - Setting next_dagrun for dataset_alias_example_alias_consumer to None, run_after=None
[2024-12-03T21:13:32.733+0700] {logging_mixin.py:190} INFO - [2024-12-03T21:13:32.733+0700] {dag.py:4180} INFO - Setting next_dagrun for dataset_alias_example_alias_producer to None, run_after=None
[2024-12-03T21:13:32.734+0700] {logging_mixin.py:190} INFO - [2024-12-03T21:13:32.734+0700] {dag.py:4180} INFO - Setting next_dagrun for dataset_s3_bucket_consumer to None, run_after=None
[2024-12-03T21:13:32.734+0700] {logging_mixin.py:190} INFO - [2024-12-03T21:13:32.734+0700] {dag.py:4180} INFO - Setting next_dagrun for dataset_s3_bucket_producer to None, run_after=None
[2024-12-03T21:13:32.755+0700] {processor.py:208} INFO - Processing /home/tedubuamo/project/venv/lib/python3.12/site-packages/airflow/example_dags/example_dataset_alias.py took 0.083 seconds
[2024-12-03T21:14:13.039+0700] {processor.py:186} INFO - Started process (PID=3294) to work on /home/tedubuamo/project/venv/lib/python3.12/site-packages/airflow/example_dags/example_dataset_alias.py
[2024-12-03T21:14:13.054+0700] {processor.py:914} INFO - Processing file /home/tedubuamo/project/venv/lib/python3.12/site-packages/airflow/example_dags/example_dataset_alias.py for tasks to queue
[2024-12-03T21:14:13.057+0700] {logging_mixin.py:190} INFO - [2024-12-03T21:14:13.056+0700] {dagbag.py:588} INFO - Filling up the DagBag from /home/tedubuamo/project/venv/lib/python3.12/site-packages/airflow/example_dags/example_dataset_alias.py
[2024-12-03T21:14:13.081+0700] {processor.py:925} INFO - DAG(s) 'dataset_s3_bucket_consumer', 'dataset_alias_example_alias_consumer', 'dataset_alias_example_alias_producer', 'dataset_s3_bucket_producer' retrieved from /home/tedubuamo/project/venv/lib/python3.12/site-packages/airflow/example_dags/example_dataset_alias.py
[2024-12-03T21:14:13.100+0700] {logging_mixin.py:190} INFO - [2024-12-03T21:14:13.100+0700] {dag.py:3239} INFO - Sync 4 DAGs
[2024-12-03T21:14:13.121+0700] {logging_mixin.py:190} INFO - [2024-12-03T21:14:13.120+0700] {dag.py:4180} INFO - Setting next_dagrun for dataset_alias_example_alias_consumer to None, run_after=None
[2024-12-03T21:14:13.124+0700] {logging_mixin.py:190} INFO - [2024-12-03T21:14:13.124+0700] {dag.py:4180} INFO - Setting next_dagrun for dataset_alias_example_alias_producer to None, run_after=None
[2024-12-03T21:14:13.127+0700] {logging_mixin.py:190} INFO - [2024-12-03T21:14:13.127+0700] {dag.py:4180} INFO - Setting next_dagrun for dataset_s3_bucket_consumer to None, run_after=None
[2024-12-03T21:14:13.129+0700] {logging_mixin.py:190} INFO - [2024-12-03T21:14:13.129+0700] {dag.py:4180} INFO - Setting next_dagrun for dataset_s3_bucket_producer to None, run_after=None
[2024-12-03T21:14:13.164+0700] {processor.py:208} INFO - Processing /home/tedubuamo/project/venv/lib/python3.12/site-packages/airflow/example_dags/example_dataset_alias.py took 0.131 seconds
[2024-12-03T21:14:45.916+0700] {processor.py:186} INFO - Started process (PID=3362) to work on /home/tedubuamo/project/venv/lib/python3.12/site-packages/airflow/example_dags/example_dataset_alias.py
[2024-12-03T21:14:45.917+0700] {processor.py:914} INFO - Processing file /home/tedubuamo/project/venv/lib/python3.12/site-packages/airflow/example_dags/example_dataset_alias.py for tasks to queue
[2024-12-03T21:14:45.919+0700] {logging_mixin.py:190} INFO - [2024-12-03T21:14:45.918+0700] {dagbag.py:588} INFO - Filling up the DagBag from /home/tedubuamo/project/venv/lib/python3.12/site-packages/airflow/example_dags/example_dataset_alias.py
[2024-12-03T21:14:45.934+0700] {processor.py:925} INFO - DAG(s) 'dataset_s3_bucket_producer', 'dataset_alias_example_alias_producer', 'dataset_alias_example_alias_consumer', 'dataset_s3_bucket_consumer' retrieved from /home/tedubuamo/project/venv/lib/python3.12/site-packages/airflow/example_dags/example_dataset_alias.py
[2024-12-03T21:14:45.947+0700] {logging_mixin.py:190} INFO - [2024-12-03T21:14:45.947+0700] {dag.py:3239} INFO - Sync 4 DAGs
[2024-12-03T21:14:45.961+0700] {logging_mixin.py:190} INFO - [2024-12-03T21:14:45.960+0700] {dag.py:4180} INFO - Setting next_dagrun for dataset_alias_example_alias_consumer to None, run_after=None
[2024-12-03T21:14:45.962+0700] {logging_mixin.py:190} INFO - [2024-12-03T21:14:45.962+0700] {dag.py:4180} INFO - Setting next_dagrun for dataset_alias_example_alias_producer to None, run_after=None
[2024-12-03T21:14:45.962+0700] {logging_mixin.py:190} INFO - [2024-12-03T21:14:45.962+0700] {dag.py:4180} INFO - Setting next_dagrun for dataset_s3_bucket_consumer to None, run_after=None
[2024-12-03T21:14:45.963+0700] {logging_mixin.py:190} INFO - [2024-12-03T21:14:45.963+0700] {dag.py:4180} INFO - Setting next_dagrun for dataset_s3_bucket_producer to None, run_after=None
[2024-12-03T21:14:45.983+0700] {processor.py:208} INFO - Processing /home/tedubuamo/project/venv/lib/python3.12/site-packages/airflow/example_dags/example_dataset_alias.py took 0.071 seconds
[2024-12-03T21:15:04.348+0700] {processor.py:186} INFO - Started process (PID=3402) to work on /home/tedubuamo/project/venv/lib/python3.12/site-packages/airflow/example_dags/example_dataset_alias.py
[2024-12-03T21:15:04.349+0700] {processor.py:914} INFO - Processing file /home/tedubuamo/project/venv/lib/python3.12/site-packages/airflow/example_dags/example_dataset_alias.py for tasks to queue
[2024-12-03T21:15:04.351+0700] {logging_mixin.py:190} INFO - [2024-12-03T21:15:04.350+0700] {dagbag.py:588} INFO - Filling up the DagBag from /home/tedubuamo/project/venv/lib/python3.12/site-packages/airflow/example_dags/example_dataset_alias.py
[2024-12-03T21:15:04.366+0700] {processor.py:925} INFO - DAG(s) 'dataset_alias_example_alias_producer', 'dataset_s3_bucket_consumer', 'dataset_alias_example_alias_consumer', 'dataset_s3_bucket_producer' retrieved from /home/tedubuamo/project/venv/lib/python3.12/site-packages/airflow/example_dags/example_dataset_alias.py
[2024-12-03T21:15:04.379+0700] {logging_mixin.py:190} INFO - [2024-12-03T21:15:04.379+0700] {dag.py:3239} INFO - Sync 4 DAGs
[2024-12-03T21:15:04.392+0700] {logging_mixin.py:190} INFO - [2024-12-03T21:15:04.392+0700] {dag.py:4180} INFO - Setting next_dagrun for dataset_alias_example_alias_consumer to None, run_after=None
[2024-12-03T21:15:04.393+0700] {logging_mixin.py:190} INFO - [2024-12-03T21:15:04.393+0700] {dag.py:4180} INFO - Setting next_dagrun for dataset_alias_example_alias_producer to None, run_after=None
[2024-12-03T21:15:04.394+0700] {logging_mixin.py:190} INFO - [2024-12-03T21:15:04.394+0700] {dag.py:4180} INFO - Setting next_dagrun for dataset_s3_bucket_consumer to None, run_after=None
[2024-12-03T21:15:04.394+0700] {logging_mixin.py:190} INFO - [2024-12-03T21:15:04.394+0700] {dag.py:4180} INFO - Setting next_dagrun for dataset_s3_bucket_producer to None, run_after=None
[2024-12-03T21:15:04.413+0700] {processor.py:208} INFO - Processing /home/tedubuamo/project/venv/lib/python3.12/site-packages/airflow/example_dags/example_dataset_alias.py took 0.069 seconds
[2024-12-03T21:15:53.823+0700] {processor.py:186} INFO - Started process (PID=3509) to work on /home/tedubuamo/project/venv/lib/python3.12/site-packages/airflow/example_dags/example_dataset_alias.py
[2024-12-03T21:15:53.825+0700] {processor.py:914} INFO - Processing file /home/tedubuamo/project/venv/lib/python3.12/site-packages/airflow/example_dags/example_dataset_alias.py for tasks to queue
[2024-12-03T21:15:53.827+0700] {logging_mixin.py:190} INFO - [2024-12-03T21:15:53.827+0700] {dagbag.py:588} INFO - Filling up the DagBag from /home/tedubuamo/project/venv/lib/python3.12/site-packages/airflow/example_dags/example_dataset_alias.py
[2024-12-03T21:15:53.849+0700] {processor.py:925} INFO - DAG(s) 'dataset_alias_example_alias_producer', 'dataset_alias_example_alias_consumer', 'dataset_s3_bucket_consumer', 'dataset_s3_bucket_producer' retrieved from /home/tedubuamo/project/venv/lib/python3.12/site-packages/airflow/example_dags/example_dataset_alias.py
[2024-12-03T21:15:53.862+0700] {logging_mixin.py:190} INFO - [2024-12-03T21:15:53.861+0700] {dag.py:3239} INFO - Sync 4 DAGs
[2024-12-03T21:15:53.876+0700] {logging_mixin.py:190} INFO - [2024-12-03T21:15:53.876+0700] {dag.py:4180} INFO - Setting next_dagrun for dataset_alias_example_alias_consumer to None, run_after=None
[2024-12-03T21:15:53.878+0700] {logging_mixin.py:190} INFO - [2024-12-03T21:15:53.877+0700] {dag.py:4180} INFO - Setting next_dagrun for dataset_alias_example_alias_producer to None, run_after=None
[2024-12-03T21:15:53.879+0700] {logging_mixin.py:190} INFO - [2024-12-03T21:15:53.879+0700] {dag.py:4180} INFO - Setting next_dagrun for dataset_s3_bucket_consumer to None, run_after=None
[2024-12-03T21:15:53.879+0700] {logging_mixin.py:190} INFO - [2024-12-03T21:15:53.879+0700] {dag.py:4180} INFO - Setting next_dagrun for dataset_s3_bucket_producer to None, run_after=None
[2024-12-03T21:15:53.901+0700] {processor.py:208} INFO - Processing /home/tedubuamo/project/venv/lib/python3.12/site-packages/airflow/example_dags/example_dataset_alias.py took 0.082 seconds
[2024-12-03T21:15:58.721+0700] {processor.py:186} INFO - Started process (PID=3521) to work on /home/tedubuamo/project/venv/lib/python3.12/site-packages/airflow/example_dags/example_dataset_alias.py
[2024-12-03T21:15:58.722+0700] {processor.py:914} INFO - Processing file /home/tedubuamo/project/venv/lib/python3.12/site-packages/airflow/example_dags/example_dataset_alias.py for tasks to queue
[2024-12-03T21:15:58.723+0700] {logging_mixin.py:190} INFO - [2024-12-03T21:15:58.723+0700] {dagbag.py:588} INFO - Filling up the DagBag from /home/tedubuamo/project/venv/lib/python3.12/site-packages/airflow/example_dags/example_dataset_alias.py
[2024-12-03T21:15:58.740+0700] {processor.py:925} INFO - DAG(s) 'dataset_alias_example_alias_consumer', 'dataset_alias_example_alias_producer', 'dataset_s3_bucket_producer', 'dataset_s3_bucket_consumer' retrieved from /home/tedubuamo/project/venv/lib/python3.12/site-packages/airflow/example_dags/example_dataset_alias.py
[2024-12-03T21:15:58.754+0700] {logging_mixin.py:190} INFO - [2024-12-03T21:15:58.754+0700] {dag.py:3239} INFO - Sync 4 DAGs
[2024-12-03T21:15:58.768+0700] {logging_mixin.py:190} INFO - [2024-12-03T21:15:58.768+0700] {dag.py:4180} INFO - Setting next_dagrun for dataset_alias_example_alias_consumer to None, run_after=None
[2024-12-03T21:15:58.769+0700] {logging_mixin.py:190} INFO - [2024-12-03T21:15:58.769+0700] {dag.py:4180} INFO - Setting next_dagrun for dataset_alias_example_alias_producer to None, run_after=None
[2024-12-03T21:15:58.771+0700] {logging_mixin.py:190} INFO - [2024-12-03T21:15:58.771+0700] {dag.py:4180} INFO - Setting next_dagrun for dataset_s3_bucket_consumer to None, run_after=None
[2024-12-03T21:15:58.771+0700] {logging_mixin.py:190} INFO - [2024-12-03T21:15:58.771+0700] {dag.py:4180} INFO - Setting next_dagrun for dataset_s3_bucket_producer to None, run_after=None
[2024-12-03T21:15:58.789+0700] {processor.py:208} INFO - Processing /home/tedubuamo/project/venv/lib/python3.12/site-packages/airflow/example_dags/example_dataset_alias.py took 0.071 seconds
[2024-12-03T21:16:47.273+0700] {processor.py:186} INFO - Started process (PID=3642) to work on /home/tedubuamo/project/venv/lib/python3.12/site-packages/airflow/example_dags/example_dataset_alias.py
[2024-12-03T21:16:47.274+0700] {processor.py:914} INFO - Processing file /home/tedubuamo/project/venv/lib/python3.12/site-packages/airflow/example_dags/example_dataset_alias.py for tasks to queue
[2024-12-03T21:16:47.276+0700] {logging_mixin.py:190} INFO - [2024-12-03T21:16:47.276+0700] {dagbag.py:588} INFO - Filling up the DagBag from /home/tedubuamo/project/venv/lib/python3.12/site-packages/airflow/example_dags/example_dataset_alias.py
[2024-12-03T21:16:47.299+0700] {processor.py:925} INFO - DAG(s) 'dataset_alias_example_alias_consumer', 'dataset_s3_bucket_consumer', 'dataset_alias_example_alias_producer', 'dataset_s3_bucket_producer' retrieved from /home/tedubuamo/project/venv/lib/python3.12/site-packages/airflow/example_dags/example_dataset_alias.py
[2024-12-03T21:16:47.320+0700] {logging_mixin.py:190} INFO - [2024-12-03T21:16:47.320+0700] {dag.py:3239} INFO - Sync 4 DAGs
[2024-12-03T21:16:47.341+0700] {logging_mixin.py:190} INFO - [2024-12-03T21:16:47.341+0700] {dag.py:4180} INFO - Setting next_dagrun for dataset_alias_example_alias_consumer to None, run_after=None
[2024-12-03T21:16:47.344+0700] {logging_mixin.py:190} INFO - [2024-12-03T21:16:47.343+0700] {dag.py:4180} INFO - Setting next_dagrun for dataset_alias_example_alias_producer to None, run_after=None
[2024-12-03T21:16:47.346+0700] {logging_mixin.py:190} INFO - [2024-12-03T21:16:47.345+0700] {dag.py:4180} INFO - Setting next_dagrun for dataset_s3_bucket_consumer to None, run_after=None
[2024-12-03T21:16:47.347+0700] {logging_mixin.py:190} INFO - [2024-12-03T21:16:47.347+0700] {dag.py:4180} INFO - Setting next_dagrun for dataset_s3_bucket_producer to None, run_after=None
[2024-12-03T21:16:47.404+0700] {processor.py:208} INFO - Processing /home/tedubuamo/project/venv/lib/python3.12/site-packages/airflow/example_dags/example_dataset_alias.py took 0.138 seconds
[2024-12-03T21:16:51.191+0700] {processor.py:186} INFO - Started process (PID=3653) to work on /home/tedubuamo/project/venv/lib/python3.12/site-packages/airflow/example_dags/example_dataset_alias.py
[2024-12-03T21:16:51.192+0700] {processor.py:914} INFO - Processing file /home/tedubuamo/project/venv/lib/python3.12/site-packages/airflow/example_dags/example_dataset_alias.py for tasks to queue
[2024-12-03T21:16:51.193+0700] {logging_mixin.py:190} INFO - [2024-12-03T21:16:51.193+0700] {dagbag.py:588} INFO - Filling up the DagBag from /home/tedubuamo/project/venv/lib/python3.12/site-packages/airflow/example_dags/example_dataset_alias.py
[2024-12-03T21:16:51.211+0700] {processor.py:925} INFO - DAG(s) 'dataset_alias_example_alias_consumer', 'dataset_s3_bucket_producer', 'dataset_s3_bucket_consumer', 'dataset_alias_example_alias_producer' retrieved from /home/tedubuamo/project/venv/lib/python3.12/site-packages/airflow/example_dags/example_dataset_alias.py
[2024-12-03T21:16:51.225+0700] {logging_mixin.py:190} INFO - [2024-12-03T21:16:51.225+0700] {dag.py:3239} INFO - Sync 4 DAGs
[2024-12-03T21:16:51.238+0700] {logging_mixin.py:190} INFO - [2024-12-03T21:16:51.238+0700] {dag.py:4180} INFO - Setting next_dagrun for dataset_alias_example_alias_consumer to None, run_after=None
[2024-12-03T21:16:51.239+0700] {logging_mixin.py:190} INFO - [2024-12-03T21:16:51.239+0700] {dag.py:4180} INFO - Setting next_dagrun for dataset_alias_example_alias_producer to None, run_after=None
[2024-12-03T21:16:51.240+0700] {logging_mixin.py:190} INFO - [2024-12-03T21:16:51.240+0700] {dag.py:4180} INFO - Setting next_dagrun for dataset_s3_bucket_consumer to None, run_after=None
[2024-12-03T21:16:51.240+0700] {logging_mixin.py:190} INFO - [2024-12-03T21:16:51.240+0700] {dag.py:4180} INFO - Setting next_dagrun for dataset_s3_bucket_producer to None, run_after=None
[2024-12-03T21:16:51.261+0700] {processor.py:208} INFO - Processing /home/tedubuamo/project/venv/lib/python3.12/site-packages/airflow/example_dags/example_dataset_alias.py took 0.074 seconds
[2024-12-03T21:17:41.590+0700] {processor.py:186} INFO - Started process (PID=3770) to work on /home/tedubuamo/project/venv/lib/python3.12/site-packages/airflow/example_dags/example_dataset_alias.py
[2024-12-03T21:17:41.594+0700] {processor.py:914} INFO - Processing file /home/tedubuamo/project/venv/lib/python3.12/site-packages/airflow/example_dags/example_dataset_alias.py for tasks to queue
[2024-12-03T21:17:41.595+0700] {logging_mixin.py:190} INFO - [2024-12-03T21:17:41.595+0700] {dagbag.py:588} INFO - Filling up the DagBag from /home/tedubuamo/project/venv/lib/python3.12/site-packages/airflow/example_dags/example_dataset_alias.py
[2024-12-03T21:17:41.611+0700] {processor.py:925} INFO - DAG(s) 'dataset_s3_bucket_consumer', 'dataset_alias_example_alias_consumer', 'dataset_alias_example_alias_producer', 'dataset_s3_bucket_producer' retrieved from /home/tedubuamo/project/venv/lib/python3.12/site-packages/airflow/example_dags/example_dataset_alias.py
[2024-12-03T21:17:41.624+0700] {logging_mixin.py:190} INFO - [2024-12-03T21:17:41.624+0700] {dag.py:3239} INFO - Sync 4 DAGs
[2024-12-03T21:17:41.637+0700] {logging_mixin.py:190} INFO - [2024-12-03T21:17:41.637+0700] {dag.py:4180} INFO - Setting next_dagrun for dataset_alias_example_alias_consumer to None, run_after=None
[2024-12-03T21:17:41.638+0700] {logging_mixin.py:190} INFO - [2024-12-03T21:17:41.638+0700] {dag.py:4180} INFO - Setting next_dagrun for dataset_alias_example_alias_producer to None, run_after=None
[2024-12-03T21:17:41.639+0700] {logging_mixin.py:190} INFO - [2024-12-03T21:17:41.639+0700] {dag.py:4180} INFO - Setting next_dagrun for dataset_s3_bucket_consumer to None, run_after=None
[2024-12-03T21:17:41.640+0700] {logging_mixin.py:190} INFO - [2024-12-03T21:17:41.639+0700] {dag.py:4180} INFO - Setting next_dagrun for dataset_s3_bucket_producer to None, run_after=None
[2024-12-03T21:17:41.658+0700] {processor.py:208} INFO - Processing /home/tedubuamo/project/venv/lib/python3.12/site-packages/airflow/example_dags/example_dataset_alias.py took 0.072 seconds
[2024-12-03T21:17:42.033+0700] {processor.py:186} INFO - Started process (PID=3771) to work on /home/tedubuamo/project/venv/lib/python3.12/site-packages/airflow/example_dags/example_dataset_alias.py
[2024-12-03T21:17:42.034+0700] {processor.py:914} INFO - Processing file /home/tedubuamo/project/venv/lib/python3.12/site-packages/airflow/example_dags/example_dataset_alias.py for tasks to queue
[2024-12-03T21:17:42.035+0700] {logging_mixin.py:190} INFO - [2024-12-03T21:17:42.035+0700] {dagbag.py:588} INFO - Filling up the DagBag from /home/tedubuamo/project/venv/lib/python3.12/site-packages/airflow/example_dags/example_dataset_alias.py
[2024-12-03T21:17:42.051+0700] {processor.py:925} INFO - DAG(s) 'dataset_s3_bucket_consumer', 'dataset_alias_example_alias_consumer', 'dataset_alias_example_alias_producer', 'dataset_s3_bucket_producer' retrieved from /home/tedubuamo/project/venv/lib/python3.12/site-packages/airflow/example_dags/example_dataset_alias.py
[2024-12-03T21:17:42.063+0700] {logging_mixin.py:190} INFO - [2024-12-03T21:17:42.063+0700] {dag.py:3239} INFO - Sync 4 DAGs
[2024-12-03T21:17:42.077+0700] {logging_mixin.py:190} INFO - [2024-12-03T21:17:42.076+0700] {dag.py:4180} INFO - Setting next_dagrun for dataset_alias_example_alias_consumer to None, run_after=None
[2024-12-03T21:17:42.078+0700] {logging_mixin.py:190} INFO - [2024-12-03T21:17:42.078+0700] {dag.py:4180} INFO - Setting next_dagrun for dataset_alias_example_alias_producer to None, run_after=None
[2024-12-03T21:17:42.078+0700] {logging_mixin.py:190} INFO - [2024-12-03T21:17:42.078+0700] {dag.py:4180} INFO - Setting next_dagrun for dataset_s3_bucket_consumer to None, run_after=None
[2024-12-03T21:17:42.079+0700] {logging_mixin.py:190} INFO - [2024-12-03T21:17:42.079+0700] {dag.py:4180} INFO - Setting next_dagrun for dataset_s3_bucket_producer to None, run_after=None
[2024-12-03T21:17:42.098+0700] {processor.py:208} INFO - Processing /home/tedubuamo/project/venv/lib/python3.12/site-packages/airflow/example_dags/example_dataset_alias.py took 0.068 seconds
[2024-12-03T21:19:28.569+0700] {processor.py:186} INFO - Started process (PID=3969) to work on /home/tedubuamo/project/venv/lib/python3.12/site-packages/airflow/example_dags/example_dataset_alias.py
[2024-12-03T21:19:28.572+0700] {processor.py:914} INFO - Processing file /home/tedubuamo/project/venv/lib/python3.12/site-packages/airflow/example_dags/example_dataset_alias.py for tasks to queue
[2024-12-03T21:19:28.574+0700] {logging_mixin.py:190} INFO - [2024-12-03T21:19:28.574+0700] {dagbag.py:588} INFO - Filling up the DagBag from /home/tedubuamo/project/venv/lib/python3.12/site-packages/airflow/example_dags/example_dataset_alias.py
[2024-12-03T21:19:28.590+0700] {processor.py:925} INFO - DAG(s) 'dataset_s3_bucket_consumer', 'dataset_alias_example_alias_producer', 'dataset_alias_example_alias_consumer', 'dataset_s3_bucket_producer' retrieved from /home/tedubuamo/project/venv/lib/python3.12/site-packages/airflow/example_dags/example_dataset_alias.py
[2024-12-03T21:19:28.694+0700] {logging_mixin.py:190} INFO - [2024-12-03T21:19:28.693+0700] {dag.py:3239} INFO - Sync 4 DAGs
[2024-12-03T21:19:28.706+0700] {logging_mixin.py:190} INFO - [2024-12-03T21:19:28.705+0700] {dag.py:4180} INFO - Setting next_dagrun for dataset_alias_example_alias_consumer to None, run_after=None
[2024-12-03T21:19:28.707+0700] {logging_mixin.py:190} INFO - [2024-12-03T21:19:28.707+0700] {dag.py:4180} INFO - Setting next_dagrun for dataset_alias_example_alias_producer to None, run_after=None
[2024-12-03T21:19:28.708+0700] {logging_mixin.py:190} INFO - [2024-12-03T21:19:28.708+0700] {dag.py:4180} INFO - Setting next_dagrun for dataset_s3_bucket_consumer to None, run_after=None
[2024-12-03T21:19:28.708+0700] {logging_mixin.py:190} INFO - [2024-12-03T21:19:28.708+0700] {dag.py:4180} INFO - Setting next_dagrun for dataset_s3_bucket_producer to None, run_after=None
[2024-12-03T21:19:28.727+0700] {processor.py:208} INFO - Processing /home/tedubuamo/project/venv/lib/python3.12/site-packages/airflow/example_dags/example_dataset_alias.py took 0.162 seconds
[2024-12-03T21:20:33.250+0700] {processor.py:186} INFO - Started process (PID=4063) to work on /home/tedubuamo/project/venv/lib/python3.12/site-packages/airflow/example_dags/example_dataset_alias.py
[2024-12-03T21:20:33.252+0700] {processor.py:914} INFO - Processing file /home/tedubuamo/project/venv/lib/python3.12/site-packages/airflow/example_dags/example_dataset_alias.py for tasks to queue
[2024-12-03T21:20:33.253+0700] {logging_mixin.py:190} INFO - [2024-12-03T21:20:33.253+0700] {dagbag.py:588} INFO - Filling up the DagBag from /home/tedubuamo/project/venv/lib/python3.12/site-packages/airflow/example_dags/example_dataset_alias.py
[2024-12-03T21:20:33.272+0700] {processor.py:925} INFO - DAG(s) 'dataset_alias_example_alias_consumer', 'dataset_s3_bucket_consumer', 'dataset_alias_example_alias_producer', 'dataset_s3_bucket_producer' retrieved from /home/tedubuamo/project/venv/lib/python3.12/site-packages/airflow/example_dags/example_dataset_alias.py
[2024-12-03T21:20:33.290+0700] {logging_mixin.py:190} INFO - [2024-12-03T21:20:33.290+0700] {dag.py:3239} INFO - Sync 4 DAGs
[2024-12-03T21:20:33.309+0700] {logging_mixin.py:190} INFO - [2024-12-03T21:20:33.309+0700] {dag.py:4180} INFO - Setting next_dagrun for dataset_alias_example_alias_consumer to None, run_after=None
[2024-12-03T21:20:33.311+0700] {logging_mixin.py:190} INFO - [2024-12-03T21:20:33.310+0700] {dag.py:4180} INFO - Setting next_dagrun for dataset_alias_example_alias_producer to None, run_after=None
[2024-12-03T21:20:33.311+0700] {logging_mixin.py:190} INFO - [2024-12-03T21:20:33.311+0700] {dag.py:4180} INFO - Setting next_dagrun for dataset_s3_bucket_consumer to None, run_after=None
[2024-12-03T21:20:33.312+0700] {logging_mixin.py:190} INFO - [2024-12-03T21:20:33.312+0700] {dag.py:4180} INFO - Setting next_dagrun for dataset_s3_bucket_producer to None, run_after=None
[2024-12-03T21:20:33.335+0700] {processor.py:208} INFO - Processing /home/tedubuamo/project/venv/lib/python3.12/site-packages/airflow/example_dags/example_dataset_alias.py took 0.089 seconds
[2024-12-03T21:21:35.937+0700] {processor.py:186} INFO - Started process (PID=4144) to work on /home/tedubuamo/project/venv/lib/python3.12/site-packages/airflow/example_dags/example_dataset_alias.py
[2024-12-03T21:21:35.939+0700] {processor.py:914} INFO - Processing file /home/tedubuamo/project/venv/lib/python3.12/site-packages/airflow/example_dags/example_dataset_alias.py for tasks to queue
[2024-12-03T21:21:35.941+0700] {logging_mixin.py:190} INFO - [2024-12-03T21:21:35.940+0700] {dagbag.py:588} INFO - Filling up the DagBag from /home/tedubuamo/project/venv/lib/python3.12/site-packages/airflow/example_dags/example_dataset_alias.py
[2024-12-03T21:21:35.961+0700] {processor.py:925} INFO - DAG(s) 'dataset_alias_example_alias_producer', 'dataset_s3_bucket_producer', 'dataset_s3_bucket_consumer', 'dataset_alias_example_alias_consumer' retrieved from /home/tedubuamo/project/venv/lib/python3.12/site-packages/airflow/example_dags/example_dataset_alias.py
[2024-12-03T21:21:35.977+0700] {logging_mixin.py:190} INFO - [2024-12-03T21:21:35.976+0700] {dag.py:3239} INFO - Sync 4 DAGs
[2024-12-03T21:21:35.993+0700] {logging_mixin.py:190} INFO - [2024-12-03T21:21:35.993+0700] {dag.py:4180} INFO - Setting next_dagrun for dataset_alias_example_alias_consumer to None, run_after=None
[2024-12-03T21:21:35.995+0700] {logging_mixin.py:190} INFO - [2024-12-03T21:21:35.995+0700] {dag.py:4180} INFO - Setting next_dagrun for dataset_alias_example_alias_producer to None, run_after=None
[2024-12-03T21:21:35.996+0700] {logging_mixin.py:190} INFO - [2024-12-03T21:21:35.996+0700] {dag.py:4180} INFO - Setting next_dagrun for dataset_s3_bucket_consumer to None, run_after=None
[2024-12-03T21:21:35.996+0700] {logging_mixin.py:190} INFO - [2024-12-03T21:21:35.996+0700] {dag.py:4180} INFO - Setting next_dagrun for dataset_s3_bucket_producer to None, run_after=None
[2024-12-03T21:21:36.017+0700] {processor.py:208} INFO - Processing /home/tedubuamo/project/venv/lib/python3.12/site-packages/airflow/example_dags/example_dataset_alias.py took 0.084 seconds
[2024-12-03T21:22:29.998+0700] {processor.py:186} INFO - Started process (PID=4235) to work on /home/tedubuamo/project/venv/lib/python3.12/site-packages/airflow/example_dags/example_dataset_alias.py
[2024-12-03T21:22:30.002+0700] {processor.py:914} INFO - Processing file /home/tedubuamo/project/venv/lib/python3.12/site-packages/airflow/example_dags/example_dataset_alias.py for tasks to queue
[2024-12-03T21:22:30.005+0700] {logging_mixin.py:190} INFO - [2024-12-03T21:22:30.004+0700] {dagbag.py:588} INFO - Filling up the DagBag from /home/tedubuamo/project/venv/lib/python3.12/site-packages/airflow/example_dags/example_dataset_alias.py
[2024-12-03T21:22:30.028+0700] {processor.py:925} INFO - DAG(s) 'dataset_s3_bucket_consumer', 'dataset_alias_example_alias_consumer', 'dataset_s3_bucket_producer', 'dataset_alias_example_alias_producer' retrieved from /home/tedubuamo/project/venv/lib/python3.12/site-packages/airflow/example_dags/example_dataset_alias.py
[2024-12-03T21:22:30.043+0700] {logging_mixin.py:190} INFO - [2024-12-03T21:22:30.043+0700] {dag.py:3239} INFO - Sync 4 DAGs
[2024-12-03T21:22:30.057+0700] {logging_mixin.py:190} INFO - [2024-12-03T21:22:30.057+0700] {dag.py:4180} INFO - Setting next_dagrun for dataset_alias_example_alias_consumer to None, run_after=None
[2024-12-03T21:22:30.059+0700] {logging_mixin.py:190} INFO - [2024-12-03T21:22:30.059+0700] {dag.py:4180} INFO - Setting next_dagrun for dataset_alias_example_alias_producer to None, run_after=None
[2024-12-03T21:22:30.060+0700] {logging_mixin.py:190} INFO - [2024-12-03T21:22:30.059+0700] {dag.py:4180} INFO - Setting next_dagrun for dataset_s3_bucket_consumer to None, run_after=None
[2024-12-03T21:22:30.060+0700] {logging_mixin.py:190} INFO - [2024-12-03T21:22:30.060+0700] {dag.py:4180} INFO - Setting next_dagrun for dataset_s3_bucket_producer to None, run_after=None
[2024-12-03T21:22:30.079+0700] {processor.py:208} INFO - Processing /home/tedubuamo/project/venv/lib/python3.12/site-packages/airflow/example_dags/example_dataset_alias.py took 0.086 seconds
[2024-12-03T21:23:26.445+0700] {processor.py:186} INFO - Started process (PID=4293) to work on /home/tedubuamo/project/venv/lib/python3.12/site-packages/airflow/example_dags/example_dataset_alias.py
[2024-12-03T21:23:26.446+0700] {processor.py:914} INFO - Processing file /home/tedubuamo/project/venv/lib/python3.12/site-packages/airflow/example_dags/example_dataset_alias.py for tasks to queue
[2024-12-03T21:23:26.448+0700] {logging_mixin.py:190} INFO - [2024-12-03T21:23:26.448+0700] {dagbag.py:588} INFO - Filling up the DagBag from /home/tedubuamo/project/venv/lib/python3.12/site-packages/airflow/example_dags/example_dataset_alias.py
[2024-12-03T21:23:26.467+0700] {processor.py:925} INFO - DAG(s) 'dataset_alias_example_alias_consumer', 'dataset_alias_example_alias_producer', 'dataset_s3_bucket_producer', 'dataset_s3_bucket_consumer' retrieved from /home/tedubuamo/project/venv/lib/python3.12/site-packages/airflow/example_dags/example_dataset_alias.py
[2024-12-03T21:23:26.486+0700] {logging_mixin.py:190} INFO - [2024-12-03T21:23:26.485+0700] {dag.py:3239} INFO - Sync 4 DAGs
[2024-12-03T21:23:26.524+0700] {logging_mixin.py:190} INFO - [2024-12-03T21:23:26.524+0700] {dag.py:4180} INFO - Setting next_dagrun for dataset_alias_example_alias_consumer to None, run_after=None
[2024-12-03T21:23:26.529+0700] {logging_mixin.py:190} INFO - [2024-12-03T21:23:26.528+0700] {dag.py:4180} INFO - Setting next_dagrun for dataset_alias_example_alias_producer to None, run_after=None
[2024-12-03T21:23:26.532+0700] {logging_mixin.py:190} INFO - [2024-12-03T21:23:26.531+0700] {dag.py:4180} INFO - Setting next_dagrun for dataset_s3_bucket_consumer to None, run_after=None
[2024-12-03T21:23:26.534+0700] {logging_mixin.py:190} INFO - [2024-12-03T21:23:26.533+0700] {dag.py:4180} INFO - Setting next_dagrun for dataset_s3_bucket_producer to None, run_after=None
[2024-12-03T21:23:26.570+0700] {processor.py:208} INFO - Processing /home/tedubuamo/project/venv/lib/python3.12/site-packages/airflow/example_dags/example_dataset_alias.py took 0.129 seconds
[2024-12-03T21:24:21.349+0700] {processor.py:186} INFO - Started process (PID=4371) to work on /home/tedubuamo/project/venv/lib/python3.12/site-packages/airflow/example_dags/example_dataset_alias.py
[2024-12-03T21:24:21.353+0700] {processor.py:914} INFO - Processing file /home/tedubuamo/project/venv/lib/python3.12/site-packages/airflow/example_dags/example_dataset_alias.py for tasks to queue
[2024-12-03T21:24:21.355+0700] {logging_mixin.py:190} INFO - [2024-12-03T21:24:21.354+0700] {dagbag.py:588} INFO - Filling up the DagBag from /home/tedubuamo/project/venv/lib/python3.12/site-packages/airflow/example_dags/example_dataset_alias.py
[2024-12-03T21:24:21.372+0700] {processor.py:925} INFO - DAG(s) 'dataset_s3_bucket_consumer', 'dataset_alias_example_alias_consumer', 'dataset_alias_example_alias_producer', 'dataset_s3_bucket_producer' retrieved from /home/tedubuamo/project/venv/lib/python3.12/site-packages/airflow/example_dags/example_dataset_alias.py
[2024-12-03T21:24:21.388+0700] {logging_mixin.py:190} INFO - [2024-12-03T21:24:21.388+0700] {dag.py:3239} INFO - Sync 4 DAGs
[2024-12-03T21:24:21.403+0700] {logging_mixin.py:190} INFO - [2024-12-03T21:24:21.402+0700] {dag.py:4180} INFO - Setting next_dagrun for dataset_alias_example_alias_consumer to None, run_after=None
[2024-12-03T21:24:21.404+0700] {logging_mixin.py:190} INFO - [2024-12-03T21:24:21.404+0700] {dag.py:4180} INFO - Setting next_dagrun for dataset_alias_example_alias_producer to None, run_after=None
[2024-12-03T21:24:21.405+0700] {logging_mixin.py:190} INFO - [2024-12-03T21:24:21.405+0700] {dag.py:4180} INFO - Setting next_dagrun for dataset_s3_bucket_consumer to None, run_after=None
[2024-12-03T21:24:21.405+0700] {logging_mixin.py:190} INFO - [2024-12-03T21:24:21.405+0700] {dag.py:4180} INFO - Setting next_dagrun for dataset_s3_bucket_producer to None, run_after=None
[2024-12-03T21:24:21.425+0700] {processor.py:208} INFO - Processing /home/tedubuamo/project/venv/lib/python3.12/site-packages/airflow/example_dags/example_dataset_alias.py took 0.079 seconds
[2024-12-03T21:25:14.302+0700] {processor.py:186} INFO - Started process (PID=4433) to work on /home/tedubuamo/project/venv/lib/python3.12/site-packages/airflow/example_dags/example_dataset_alias.py
[2024-12-03T21:25:14.304+0700] {processor.py:914} INFO - Processing file /home/tedubuamo/project/venv/lib/python3.12/site-packages/airflow/example_dags/example_dataset_alias.py for tasks to queue
[2024-12-03T21:25:14.307+0700] {logging_mixin.py:190} INFO - [2024-12-03T21:25:14.306+0700] {dagbag.py:588} INFO - Filling up the DagBag from /home/tedubuamo/project/venv/lib/python3.12/site-packages/airflow/example_dags/example_dataset_alias.py
[2024-12-03T21:25:14.343+0700] {processor.py:925} INFO - DAG(s) 'dataset_alias_example_alias_consumer', 'dataset_s3_bucket_consumer', 'dataset_s3_bucket_producer', 'dataset_alias_example_alias_producer' retrieved from /home/tedubuamo/project/venv/lib/python3.12/site-packages/airflow/example_dags/example_dataset_alias.py
[2024-12-03T21:25:14.388+0700] {logging_mixin.py:190} INFO - [2024-12-03T21:25:14.388+0700] {dag.py:3239} INFO - Sync 4 DAGs
[2024-12-03T21:25:14.428+0700] {logging_mixin.py:190} INFO - [2024-12-03T21:25:14.428+0700] {dag.py:4180} INFO - Setting next_dagrun for dataset_alias_example_alias_consumer to None, run_after=None
[2024-12-03T21:25:14.431+0700] {logging_mixin.py:190} INFO - [2024-12-03T21:25:14.431+0700] {dag.py:4180} INFO - Setting next_dagrun for dataset_alias_example_alias_producer to None, run_after=None
[2024-12-03T21:25:14.433+0700] {logging_mixin.py:190} INFO - [2024-12-03T21:25:14.433+0700] {dag.py:4180} INFO - Setting next_dagrun for dataset_s3_bucket_consumer to None, run_after=None
[2024-12-03T21:25:14.435+0700] {logging_mixin.py:190} INFO - [2024-12-03T21:25:14.435+0700] {dag.py:4180} INFO - Setting next_dagrun for dataset_s3_bucket_producer to None, run_after=None
[2024-12-03T21:25:14.463+0700] {processor.py:208} INFO - Processing /home/tedubuamo/project/venv/lib/python3.12/site-packages/airflow/example_dags/example_dataset_alias.py took 0.167 seconds
[2024-12-03T21:26:15.446+0700] {processor.py:186} INFO - Started process (PID=4516) to work on /home/tedubuamo/project/venv/lib/python3.12/site-packages/airflow/example_dags/example_dataset_alias.py
[2024-12-03T21:26:15.450+0700] {processor.py:914} INFO - Processing file /home/tedubuamo/project/venv/lib/python3.12/site-packages/airflow/example_dags/example_dataset_alias.py for tasks to queue
[2024-12-03T21:26:15.452+0700] {logging_mixin.py:190} INFO - [2024-12-03T21:26:15.452+0700] {dagbag.py:588} INFO - Filling up the DagBag from /home/tedubuamo/project/venv/lib/python3.12/site-packages/airflow/example_dags/example_dataset_alias.py
[2024-12-03T21:26:15.472+0700] {processor.py:925} INFO - DAG(s) 'dataset_s3_bucket_producer', 'dataset_s3_bucket_consumer', 'dataset_alias_example_alias_producer', 'dataset_alias_example_alias_consumer' retrieved from /home/tedubuamo/project/venv/lib/python3.12/site-packages/airflow/example_dags/example_dataset_alias.py
[2024-12-03T21:26:15.487+0700] {logging_mixin.py:190} INFO - [2024-12-03T21:26:15.486+0700] {dag.py:3239} INFO - Sync 4 DAGs
[2024-12-03T21:26:15.502+0700] {logging_mixin.py:190} INFO - [2024-12-03T21:26:15.501+0700] {dag.py:4180} INFO - Setting next_dagrun for dataset_alias_example_alias_consumer to None, run_after=None
[2024-12-03T21:26:15.503+0700] {logging_mixin.py:190} INFO - [2024-12-03T21:26:15.503+0700] {dag.py:4180} INFO - Setting next_dagrun for dataset_alias_example_alias_producer to None, run_after=None
[2024-12-03T21:26:15.504+0700] {logging_mixin.py:190} INFO - [2024-12-03T21:26:15.504+0700] {dag.py:4180} INFO - Setting next_dagrun for dataset_s3_bucket_consumer to None, run_after=None
[2024-12-03T21:26:15.505+0700] {logging_mixin.py:190} INFO - [2024-12-03T21:26:15.505+0700] {dag.py:4180} INFO - Setting next_dagrun for dataset_s3_bucket_producer to None, run_after=None
[2024-12-03T21:26:15.524+0700] {processor.py:208} INFO - Processing /home/tedubuamo/project/venv/lib/python3.12/site-packages/airflow/example_dags/example_dataset_alias.py took 0.082 seconds
[2024-12-03T21:27:12.128+0700] {processor.py:186} INFO - Started process (PID=4574) to work on /home/tedubuamo/project/venv/lib/python3.12/site-packages/airflow/example_dags/example_dataset_alias.py
[2024-12-03T21:27:12.131+0700] {processor.py:914} INFO - Processing file /home/tedubuamo/project/venv/lib/python3.12/site-packages/airflow/example_dags/example_dataset_alias.py for tasks to queue
[2024-12-03T21:27:12.134+0700] {logging_mixin.py:190} INFO - [2024-12-03T21:27:12.134+0700] {dagbag.py:588} INFO - Filling up the DagBag from /home/tedubuamo/project/venv/lib/python3.12/site-packages/airflow/example_dags/example_dataset_alias.py
[2024-12-03T21:27:12.154+0700] {processor.py:925} INFO - DAG(s) 'dataset_alias_example_alias_producer', 'dataset_s3_bucket_producer', 'dataset_alias_example_alias_consumer', 'dataset_s3_bucket_consumer' retrieved from /home/tedubuamo/project/venv/lib/python3.12/site-packages/airflow/example_dags/example_dataset_alias.py
[2024-12-03T21:27:12.169+0700] {logging_mixin.py:190} INFO - [2024-12-03T21:27:12.169+0700] {dag.py:3239} INFO - Sync 4 DAGs
[2024-12-03T21:27:12.184+0700] {logging_mixin.py:190} INFO - [2024-12-03T21:27:12.184+0700] {dag.py:4180} INFO - Setting next_dagrun for dataset_alias_example_alias_consumer to None, run_after=None
[2024-12-03T21:27:12.186+0700] {logging_mixin.py:190} INFO - [2024-12-03T21:27:12.186+0700] {dag.py:4180} INFO - Setting next_dagrun for dataset_alias_example_alias_producer to None, run_after=None
[2024-12-03T21:27:12.187+0700] {logging_mixin.py:190} INFO - [2024-12-03T21:27:12.186+0700] {dag.py:4180} INFO - Setting next_dagrun for dataset_s3_bucket_consumer to None, run_after=None
[2024-12-03T21:27:12.187+0700] {logging_mixin.py:190} INFO - [2024-12-03T21:27:12.187+0700] {dag.py:4180} INFO - Setting next_dagrun for dataset_s3_bucket_producer to None, run_after=None
[2024-12-03T21:27:12.206+0700] {processor.py:208} INFO - Processing /home/tedubuamo/project/venv/lib/python3.12/site-packages/airflow/example_dags/example_dataset_alias.py took 0.083 seconds
[2024-12-03T21:28:04.274+0700] {processor.py:186} INFO - Started process (PID=4645) to work on /home/tedubuamo/project/venv/lib/python3.12/site-packages/airflow/example_dags/example_dataset_alias.py
[2024-12-03T21:28:04.275+0700] {processor.py:914} INFO - Processing file /home/tedubuamo/project/venv/lib/python3.12/site-packages/airflow/example_dags/example_dataset_alias.py for tasks to queue
[2024-12-03T21:28:04.280+0700] {logging_mixin.py:190} INFO - [2024-12-03T21:28:04.279+0700] {dagbag.py:588} INFO - Filling up the DagBag from /home/tedubuamo/project/venv/lib/python3.12/site-packages/airflow/example_dags/example_dataset_alias.py
[2024-12-03T21:28:04.332+0700] {processor.py:925} INFO - DAG(s) 'dataset_alias_example_alias_consumer', 'dataset_s3_bucket_producer', 'dataset_s3_bucket_consumer', 'dataset_alias_example_alias_producer' retrieved from /home/tedubuamo/project/venv/lib/python3.12/site-packages/airflow/example_dags/example_dataset_alias.py
[2024-12-03T21:28:04.371+0700] {logging_mixin.py:190} INFO - [2024-12-03T21:28:04.370+0700] {dag.py:3239} INFO - Sync 4 DAGs
[2024-12-03T21:28:04.400+0700] {logging_mixin.py:190} INFO - [2024-12-03T21:28:04.400+0700] {dag.py:4180} INFO - Setting next_dagrun for dataset_alias_example_alias_consumer to None, run_after=None
[2024-12-03T21:28:04.404+0700] {logging_mixin.py:190} INFO - [2024-12-03T21:28:04.403+0700] {dag.py:4180} INFO - Setting next_dagrun for dataset_alias_example_alias_producer to None, run_after=None
[2024-12-03T21:28:04.405+0700] {logging_mixin.py:190} INFO - [2024-12-03T21:28:04.405+0700] {dag.py:4180} INFO - Setting next_dagrun for dataset_s3_bucket_consumer to None, run_after=None
[2024-12-03T21:28:04.406+0700] {logging_mixin.py:190} INFO - [2024-12-03T21:28:04.406+0700] {dag.py:4180} INFO - Setting next_dagrun for dataset_s3_bucket_producer to None, run_after=None
[2024-12-03T21:28:04.448+0700] {processor.py:208} INFO - Processing /home/tedubuamo/project/venv/lib/python3.12/site-packages/airflow/example_dags/example_dataset_alias.py took 0.178 seconds
[2024-12-03T21:28:59.182+0700] {processor.py:186} INFO - Started process (PID=4786) to work on /home/tedubuamo/project/venv/lib/python3.12/site-packages/airflow/example_dags/example_dataset_alias.py
[2024-12-03T21:28:59.183+0700] {processor.py:914} INFO - Processing file /home/tedubuamo/project/venv/lib/python3.12/site-packages/airflow/example_dags/example_dataset_alias.py for tasks to queue
[2024-12-03T21:28:59.185+0700] {logging_mixin.py:190} INFO - [2024-12-03T21:28:59.185+0700] {dagbag.py:588} INFO - Filling up the DagBag from /home/tedubuamo/project/venv/lib/python3.12/site-packages/airflow/example_dags/example_dataset_alias.py
[2024-12-03T21:28:59.206+0700] {processor.py:925} INFO - DAG(s) 'dataset_alias_example_alias_consumer', 'dataset_s3_bucket_producer', 'dataset_alias_example_alias_producer', 'dataset_s3_bucket_consumer' retrieved from /home/tedubuamo/project/venv/lib/python3.12/site-packages/airflow/example_dags/example_dataset_alias.py
[2024-12-03T21:28:59.223+0700] {logging_mixin.py:190} INFO - [2024-12-03T21:28:59.222+0700] {dag.py:3239} INFO - Sync 4 DAGs
[2024-12-03T21:28:59.240+0700] {logging_mixin.py:190} INFO - [2024-12-03T21:28:59.240+0700] {dag.py:4180} INFO - Setting next_dagrun for dataset_alias_example_alias_consumer to None, run_after=None
[2024-12-03T21:28:59.242+0700] {logging_mixin.py:190} INFO - [2024-12-03T21:28:59.242+0700] {dag.py:4180} INFO - Setting next_dagrun for dataset_alias_example_alias_producer to None, run_after=None
[2024-12-03T21:28:59.243+0700] {logging_mixin.py:190} INFO - [2024-12-03T21:28:59.243+0700] {dag.py:4180} INFO - Setting next_dagrun for dataset_s3_bucket_consumer to None, run_after=None
[2024-12-03T21:28:59.243+0700] {logging_mixin.py:190} INFO - [2024-12-03T21:28:59.243+0700] {dag.py:4180} INFO - Setting next_dagrun for dataset_s3_bucket_producer to None, run_after=None
[2024-12-03T21:28:59.264+0700] {processor.py:208} INFO - Processing /home/tedubuamo/project/venv/lib/python3.12/site-packages/airflow/example_dags/example_dataset_alias.py took 0.087 seconds
[2024-12-03T21:29:52.898+0700] {processor.py:186} INFO - Started process (PID=4842) to work on /home/tedubuamo/project/venv/lib/python3.12/site-packages/airflow/example_dags/example_dataset_alias.py
[2024-12-03T21:29:52.899+0700] {processor.py:914} INFO - Processing file /home/tedubuamo/project/venv/lib/python3.12/site-packages/airflow/example_dags/example_dataset_alias.py for tasks to queue
[2024-12-03T21:29:52.901+0700] {logging_mixin.py:190} INFO - [2024-12-03T21:29:52.901+0700] {dagbag.py:588} INFO - Filling up the DagBag from /home/tedubuamo/project/venv/lib/python3.12/site-packages/airflow/example_dags/example_dataset_alias.py
[2024-12-03T21:29:52.918+0700] {processor.py:925} INFO - DAG(s) 'dataset_alias_example_alias_producer', 'dataset_s3_bucket_consumer', 'dataset_s3_bucket_producer', 'dataset_alias_example_alias_consumer' retrieved from /home/tedubuamo/project/venv/lib/python3.12/site-packages/airflow/example_dags/example_dataset_alias.py
[2024-12-03T21:29:52.937+0700] {logging_mixin.py:190} INFO - [2024-12-03T21:29:52.937+0700] {dag.py:3239} INFO - Sync 4 DAGs
[2024-12-03T21:29:52.956+0700] {logging_mixin.py:190} INFO - [2024-12-03T21:29:52.956+0700] {dag.py:4180} INFO - Setting next_dagrun for dataset_alias_example_alias_consumer to None, run_after=None
[2024-12-03T21:29:52.958+0700] {logging_mixin.py:190} INFO - [2024-12-03T21:29:52.958+0700] {dag.py:4180} INFO - Setting next_dagrun for dataset_alias_example_alias_producer to None, run_after=None
[2024-12-03T21:29:52.959+0700] {logging_mixin.py:190} INFO - [2024-12-03T21:29:52.958+0700] {dag.py:4180} INFO - Setting next_dagrun for dataset_s3_bucket_consumer to None, run_after=None
[2024-12-03T21:29:52.959+0700] {logging_mixin.py:190} INFO - [2024-12-03T21:29:52.959+0700] {dag.py:4180} INFO - Setting next_dagrun for dataset_s3_bucket_producer to None, run_after=None
[2024-12-03T21:29:52.983+0700] {processor.py:208} INFO - Processing /home/tedubuamo/project/venv/lib/python3.12/site-packages/airflow/example_dags/example_dataset_alias.py took 0.090 seconds
[2024-12-03T21:30:46.243+0700] {processor.py:186} INFO - Started process (PID=4901) to work on /home/tedubuamo/project/venv/lib/python3.12/site-packages/airflow/example_dags/example_dataset_alias.py
[2024-12-03T21:30:46.244+0700] {processor.py:914} INFO - Processing file /home/tedubuamo/project/venv/lib/python3.12/site-packages/airflow/example_dags/example_dataset_alias.py for tasks to queue
[2024-12-03T21:30:46.246+0700] {logging_mixin.py:190} INFO - [2024-12-03T21:30:46.245+0700] {dagbag.py:588} INFO - Filling up the DagBag from /home/tedubuamo/project/venv/lib/python3.12/site-packages/airflow/example_dags/example_dataset_alias.py
[2024-12-03T21:30:46.261+0700] {processor.py:925} INFO - DAG(s) 'dataset_s3_bucket_consumer', 'dataset_alias_example_alias_producer', 'dataset_alias_example_alias_consumer', 'dataset_s3_bucket_producer' retrieved from /home/tedubuamo/project/venv/lib/python3.12/site-packages/airflow/example_dags/example_dataset_alias.py
[2024-12-03T21:30:46.274+0700] {logging_mixin.py:190} INFO - [2024-12-03T21:30:46.274+0700] {dag.py:3239} INFO - Sync 4 DAGs
[2024-12-03T21:30:46.287+0700] {logging_mixin.py:190} INFO - [2024-12-03T21:30:46.287+0700] {dag.py:4180} INFO - Setting next_dagrun for dataset_alias_example_alias_consumer to None, run_after=None
[2024-12-03T21:30:46.288+0700] {logging_mixin.py:190} INFO - [2024-12-03T21:30:46.288+0700] {dag.py:4180} INFO - Setting next_dagrun for dataset_alias_example_alias_producer to None, run_after=None
[2024-12-03T21:30:46.289+0700] {logging_mixin.py:190} INFO - [2024-12-03T21:30:46.289+0700] {dag.py:4180} INFO - Setting next_dagrun for dataset_s3_bucket_consumer to None, run_after=None
[2024-12-03T21:30:46.289+0700] {logging_mixin.py:190} INFO - [2024-12-03T21:30:46.289+0700] {dag.py:4180} INFO - Setting next_dagrun for dataset_s3_bucket_producer to None, run_after=None
[2024-12-03T21:30:46.306+0700] {processor.py:208} INFO - Processing /home/tedubuamo/project/venv/lib/python3.12/site-packages/airflow/example_dags/example_dataset_alias.py took 0.067 seconds
