[2024-12-03T20:58:09.573+0700] {processor.py:186} INFO - Started process (PID=1662) to work on /home/tedubuamo/project/venv/lib/python3.12/site-packages/airflow/example_dags/example_workday_timetable.py
[2024-12-03T20:58:09.574+0700] {processor.py:914} INFO - Processing file /home/tedubuamo/project/venv/lib/python3.12/site-packages/airflow/example_dags/example_workday_timetable.py for tasks to queue
[2024-12-03T20:58:09.575+0700] {logging_mixin.py:190} INFO - [2024-12-03T20:58:09.575+0700] {dagbag.py:588} INFO - Filling up the DagBag from /home/tedubuamo/project/venv/lib/python3.12/site-packages/airflow/example_dags/example_workday_timetable.py
[2024-12-03T20:58:09.579+0700] {processor.py:925} INFO - DAG(s) 'example_workday_timetable' retrieved from /home/tedubuamo/project/venv/lib/python3.12/site-packages/airflow/example_dags/example_workday_timetable.py
[2024-12-03T20:58:09.643+0700] {logging_mixin.py:190} INFO - [2024-12-03T20:58:09.643+0700] {dag.py:3239} INFO - Sync 1 DAGs
[2024-12-03T20:58:09.678+0700] {logging_mixin.py:190} INFO - [2024-12-03T20:58:09.678+0700] {dag.py:4180} INFO - Setting next_dagrun for example_workday_timetable to 2021-01-04 00:00:00+00:00, run_after=2021-01-05 00:00:00+00:00
[2024-12-03T20:58:09.697+0700] {processor.py:208} INFO - Processing /home/tedubuamo/project/venv/lib/python3.12/site-packages/airflow/example_dags/example_workday_timetable.py took 0.128 seconds
[2024-12-03T20:59:05.666+0700] {processor.py:186} INFO - Started process (PID=1719) to work on /home/tedubuamo/project/venv/lib/python3.12/site-packages/airflow/example_dags/example_workday_timetable.py
[2024-12-03T20:59:05.669+0700] {processor.py:914} INFO - Processing file /home/tedubuamo/project/venv/lib/python3.12/site-packages/airflow/example_dags/example_workday_timetable.py for tasks to queue
[2024-12-03T20:59:05.671+0700] {logging_mixin.py:190} INFO - [2024-12-03T20:59:05.670+0700] {dagbag.py:588} INFO - Filling up the DagBag from /home/tedubuamo/project/venv/lib/python3.12/site-packages/airflow/example_dags/example_workday_timetable.py
[2024-12-03T20:59:05.675+0700] {processor.py:925} INFO - DAG(s) 'example_workday_timetable' retrieved from /home/tedubuamo/project/venv/lib/python3.12/site-packages/airflow/example_dags/example_workday_timetable.py
[2024-12-03T20:59:05.685+0700] {logging_mixin.py:190} INFO - [2024-12-03T20:59:05.685+0700] {dag.py:3239} INFO - Sync 1 DAGs
[2024-12-03T20:59:05.730+0700] {logging_mixin.py:190} INFO - [2024-12-03T20:59:05.730+0700] {dag.py:4180} INFO - Setting next_dagrun for example_workday_timetable to 2021-01-04 00:00:00+00:00, run_after=2021-01-05 00:00:00+00:00
[2024-12-03T20:59:05.919+0700] {processor.py:208} INFO - Processing /home/tedubuamo/project/venv/lib/python3.12/site-packages/airflow/example_dags/example_workday_timetable.py took 0.258 seconds
[2024-12-03T21:00:19.907+0700] {processor.py:186} INFO - Started process (PID=1796) to work on /home/tedubuamo/project/venv/lib/python3.12/site-packages/airflow/example_dags/example_workday_timetable.py
[2024-12-03T21:00:19.910+0700] {processor.py:914} INFO - Processing file /home/tedubuamo/project/venv/lib/python3.12/site-packages/airflow/example_dags/example_workday_timetable.py for tasks to queue
[2024-12-03T21:00:19.912+0700] {logging_mixin.py:190} INFO - [2024-12-03T21:00:19.911+0700] {dagbag.py:588} INFO - Filling up the DagBag from /home/tedubuamo/project/venv/lib/python3.12/site-packages/airflow/example_dags/example_workday_timetable.py
[2024-12-03T21:00:19.915+0700] {processor.py:925} INFO - DAG(s) 'example_workday_timetable' retrieved from /home/tedubuamo/project/venv/lib/python3.12/site-packages/airflow/example_dags/example_workday_timetable.py
[2024-12-03T21:00:19.927+0700] {logging_mixin.py:190} INFO - [2024-12-03T21:00:19.926+0700] {dag.py:3239} INFO - Sync 1 DAGs
[2024-12-03T21:00:19.962+0700] {logging_mixin.py:190} INFO - [2024-12-03T21:00:19.962+0700] {dag.py:4180} INFO - Setting next_dagrun for example_workday_timetable to 2021-01-04 00:00:00+00:00, run_after=2021-01-05 00:00:00+00:00
[2024-12-03T21:00:19.979+0700] {processor.py:208} INFO - Processing /home/tedubuamo/project/venv/lib/python3.12/site-packages/airflow/example_dags/example_workday_timetable.py took 0.077 seconds
[2024-12-03T21:01:14.778+0700] {processor.py:186} INFO - Started process (PID=1853) to work on /home/tedubuamo/project/venv/lib/python3.12/site-packages/airflow/example_dags/example_workday_timetable.py
[2024-12-03T21:01:14.779+0700] {processor.py:914} INFO - Processing file /home/tedubuamo/project/venv/lib/python3.12/site-packages/airflow/example_dags/example_workday_timetable.py for tasks to queue
[2024-12-03T21:01:14.780+0700] {logging_mixin.py:190} INFO - [2024-12-03T21:01:14.780+0700] {dagbag.py:588} INFO - Filling up the DagBag from /home/tedubuamo/project/venv/lib/python3.12/site-packages/airflow/example_dags/example_workday_timetable.py
[2024-12-03T21:01:14.785+0700] {processor.py:925} INFO - DAG(s) 'example_workday_timetable' retrieved from /home/tedubuamo/project/venv/lib/python3.12/site-packages/airflow/example_dags/example_workday_timetable.py
[2024-12-03T21:01:14.794+0700] {logging_mixin.py:190} INFO - [2024-12-03T21:01:14.794+0700] {dag.py:3239} INFO - Sync 1 DAGs
[2024-12-03T21:01:14.829+0700] {logging_mixin.py:190} INFO - [2024-12-03T21:01:14.829+0700] {dag.py:4180} INFO - Setting next_dagrun for example_workday_timetable to 2021-01-04 00:00:00+00:00, run_after=2021-01-05 00:00:00+00:00
[2024-12-03T21:01:14.847+0700] {processor.py:208} INFO - Processing /home/tedubuamo/project/venv/lib/python3.12/site-packages/airflow/example_dags/example_workday_timetable.py took 0.073 seconds
[2024-12-03T21:05:34.531+0700] {processor.py:186} INFO - Started process (PID=2047) to work on /home/tedubuamo/project/venv/lib/python3.12/site-packages/airflow/example_dags/example_workday_timetable.py
[2024-12-03T21:05:34.535+0700] {processor.py:914} INFO - Processing file /home/tedubuamo/project/venv/lib/python3.12/site-packages/airflow/example_dags/example_workday_timetable.py for tasks to queue
[2024-12-03T21:05:34.536+0700] {logging_mixin.py:190} INFO - [2024-12-03T21:05:34.536+0700] {dagbag.py:588} INFO - Filling up the DagBag from /home/tedubuamo/project/venv/lib/python3.12/site-packages/airflow/example_dags/example_workday_timetable.py
[2024-12-03T21:05:34.540+0700] {processor.py:925} INFO - DAG(s) 'example_workday_timetable' retrieved from /home/tedubuamo/project/venv/lib/python3.12/site-packages/airflow/example_dags/example_workday_timetable.py
[2024-12-03T21:05:34.550+0700] {logging_mixin.py:190} INFO - [2024-12-03T21:05:34.550+0700] {dag.py:3239} INFO - Sync 1 DAGs
[2024-12-03T21:05:34.586+0700] {logging_mixin.py:190} INFO - [2024-12-03T21:05:34.585+0700] {dag.py:4180} INFO - Setting next_dagrun for example_workday_timetable to 2021-01-04 00:00:00+00:00, run_after=2021-01-05 00:00:00+00:00
[2024-12-03T21:05:34.602+0700] {processor.py:208} INFO - Processing /home/tedubuamo/project/venv/lib/python3.12/site-packages/airflow/example_dags/example_workday_timetable.py took 0.074 seconds
[2024-12-03T21:06:29.743+0700] {processor.py:186} INFO - Started process (PID=2211) to work on /home/tedubuamo/project/venv/lib/python3.12/site-packages/airflow/example_dags/example_workday_timetable.py
[2024-12-03T21:06:29.744+0700] {processor.py:914} INFO - Processing file /home/tedubuamo/project/venv/lib/python3.12/site-packages/airflow/example_dags/example_workday_timetable.py for tasks to queue
[2024-12-03T21:06:29.746+0700] {logging_mixin.py:190} INFO - [2024-12-03T21:06:29.746+0700] {dagbag.py:588} INFO - Filling up the DagBag from /home/tedubuamo/project/venv/lib/python3.12/site-packages/airflow/example_dags/example_workday_timetable.py
[2024-12-03T21:06:29.750+0700] {processor.py:925} INFO - DAG(s) 'example_workday_timetable' retrieved from /home/tedubuamo/project/venv/lib/python3.12/site-packages/airflow/example_dags/example_workday_timetable.py
[2024-12-03T21:06:29.760+0700] {logging_mixin.py:190} INFO - [2024-12-03T21:06:29.759+0700] {dag.py:3239} INFO - Sync 1 DAGs
[2024-12-03T21:06:29.796+0700] {logging_mixin.py:190} INFO - [2024-12-03T21:06:29.795+0700] {dag.py:4180} INFO - Setting next_dagrun for example_workday_timetable to 2021-01-04 00:00:00+00:00, run_after=2021-01-05 00:00:00+00:00
[2024-12-03T21:06:29.812+0700] {processor.py:208} INFO - Processing /home/tedubuamo/project/venv/lib/python3.12/site-packages/airflow/example_dags/example_workday_timetable.py took 0.074 seconds
[2024-12-03T21:06:31.635+0700] {processor.py:186} INFO - Started process (PID=2215) to work on /home/tedubuamo/project/venv/lib/python3.12/site-packages/airflow/example_dags/example_workday_timetable.py
[2024-12-03T21:06:31.636+0700] {processor.py:914} INFO - Processing file /home/tedubuamo/project/venv/lib/python3.12/site-packages/airflow/example_dags/example_workday_timetable.py for tasks to queue
[2024-12-03T21:06:31.638+0700] {logging_mixin.py:190} INFO - [2024-12-03T21:06:31.637+0700] {dagbag.py:588} INFO - Filling up the DagBag from /home/tedubuamo/project/venv/lib/python3.12/site-packages/airflow/example_dags/example_workday_timetable.py
[2024-12-03T21:06:31.642+0700] {processor.py:925} INFO - DAG(s) 'example_workday_timetable' retrieved from /home/tedubuamo/project/venv/lib/python3.12/site-packages/airflow/example_dags/example_workday_timetable.py
[2024-12-03T21:06:31.653+0700] {logging_mixin.py:190} INFO - [2024-12-03T21:06:31.653+0700] {dag.py:3239} INFO - Sync 1 DAGs
[2024-12-03T21:06:31.693+0700] {logging_mixin.py:190} INFO - [2024-12-03T21:06:31.693+0700] {dag.py:4180} INFO - Setting next_dagrun for example_workday_timetable to 2021-01-04 00:00:00+00:00, run_after=2021-01-05 00:00:00+00:00
[2024-12-03T21:06:31.710+0700] {processor.py:208} INFO - Processing /home/tedubuamo/project/venv/lib/python3.12/site-packages/airflow/example_dags/example_workday_timetable.py took 0.078 seconds
[2024-12-03T21:07:25.564+0700] {processor.py:186} INFO - Started process (PID=2421) to work on /home/tedubuamo/project/venv/lib/python3.12/site-packages/airflow/example_dags/example_workday_timetable.py
[2024-12-03T21:07:25.566+0700] {processor.py:914} INFO - Processing file /home/tedubuamo/project/venv/lib/python3.12/site-packages/airflow/example_dags/example_workday_timetable.py for tasks to queue
[2024-12-03T21:07:25.568+0700] {logging_mixin.py:190} INFO - [2024-12-03T21:07:25.568+0700] {dagbag.py:588} INFO - Filling up the DagBag from /home/tedubuamo/project/venv/lib/python3.12/site-packages/airflow/example_dags/example_workday_timetable.py
[2024-12-03T21:07:25.573+0700] {processor.py:925} INFO - DAG(s) 'example_workday_timetable' retrieved from /home/tedubuamo/project/venv/lib/python3.12/site-packages/airflow/example_dags/example_workday_timetable.py
[2024-12-03T21:07:25.584+0700] {logging_mixin.py:190} INFO - [2024-12-03T21:07:25.584+0700] {dag.py:3239} INFO - Sync 1 DAGs
[2024-12-03T21:07:25.628+0700] {logging_mixin.py:190} INFO - [2024-12-03T21:07:25.628+0700] {dag.py:4180} INFO - Setting next_dagrun for example_workday_timetable to 2021-01-04 00:00:00+00:00, run_after=2021-01-05 00:00:00+00:00
[2024-12-03T21:07:25.645+0700] {processor.py:208} INFO - Processing /home/tedubuamo/project/venv/lib/python3.12/site-packages/airflow/example_dags/example_workday_timetable.py took 0.085 seconds
[2024-12-03T21:07:26.498+0700] {processor.py:186} INFO - Started process (PID=2423) to work on /home/tedubuamo/project/venv/lib/python3.12/site-packages/airflow/example_dags/example_workday_timetable.py
[2024-12-03T21:07:26.499+0700] {processor.py:914} INFO - Processing file /home/tedubuamo/project/venv/lib/python3.12/site-packages/airflow/example_dags/example_workday_timetable.py for tasks to queue
[2024-12-03T21:07:26.500+0700] {logging_mixin.py:190} INFO - [2024-12-03T21:07:26.500+0700] {dagbag.py:588} INFO - Filling up the DagBag from /home/tedubuamo/project/venv/lib/python3.12/site-packages/airflow/example_dags/example_workday_timetable.py
[2024-12-03T21:07:26.505+0700] {processor.py:925} INFO - DAG(s) 'example_workday_timetable' retrieved from /home/tedubuamo/project/venv/lib/python3.12/site-packages/airflow/example_dags/example_workday_timetable.py
[2024-12-03T21:07:26.516+0700] {logging_mixin.py:190} INFO - [2024-12-03T21:07:26.516+0700] {dag.py:3239} INFO - Sync 1 DAGs
[2024-12-03T21:07:26.555+0700] {logging_mixin.py:190} INFO - [2024-12-03T21:07:26.555+0700] {dag.py:4180} INFO - Setting next_dagrun for example_workday_timetable to 2021-01-04 00:00:00+00:00, run_after=2021-01-05 00:00:00+00:00
[2024-12-03T21:07:26.573+0700] {processor.py:208} INFO - Processing /home/tedubuamo/project/venv/lib/python3.12/site-packages/airflow/example_dags/example_workday_timetable.py took 0.079 seconds
[2024-12-03T21:08:40.819+0700] {processor.py:186} INFO - Started process (PID=2575) to work on /home/tedubuamo/project/venv/lib/python3.12/site-packages/airflow/example_dags/example_workday_timetable.py
[2024-12-03T21:08:40.827+0700] {processor.py:914} INFO - Processing file /home/tedubuamo/project/venv/lib/python3.12/site-packages/airflow/example_dags/example_workday_timetable.py for tasks to queue
[2024-12-03T21:08:40.829+0700] {logging_mixin.py:190} INFO - [2024-12-03T21:08:40.829+0700] {dagbag.py:588} INFO - Filling up the DagBag from /home/tedubuamo/project/venv/lib/python3.12/site-packages/airflow/example_dags/example_workday_timetable.py
[2024-12-03T21:08:40.835+0700] {processor.py:925} INFO - DAG(s) 'example_workday_timetable' retrieved from /home/tedubuamo/project/venv/lib/python3.12/site-packages/airflow/example_dags/example_workday_timetable.py
[2024-12-03T21:08:40.847+0700] {logging_mixin.py:190} INFO - [2024-12-03T21:08:40.846+0700] {dag.py:3239} INFO - Sync 1 DAGs
[2024-12-03T21:08:40.893+0700] {logging_mixin.py:190} INFO - [2024-12-03T21:08:40.893+0700] {dag.py:4180} INFO - Setting next_dagrun for example_workday_timetable to 2021-01-04 00:00:00+00:00, run_after=2021-01-05 00:00:00+00:00
[2024-12-03T21:08:40.918+0700] {processor.py:208} INFO - Processing /home/tedubuamo/project/venv/lib/python3.12/site-packages/airflow/example_dags/example_workday_timetable.py took 0.104 seconds
[2024-12-03T21:08:45.079+0700] {processor.py:186} INFO - Started process (PID=2584) to work on /home/tedubuamo/project/venv/lib/python3.12/site-packages/airflow/example_dags/example_workday_timetable.py
[2024-12-03T21:08:45.079+0700] {processor.py:914} INFO - Processing file /home/tedubuamo/project/venv/lib/python3.12/site-packages/airflow/example_dags/example_workday_timetable.py for tasks to queue
[2024-12-03T21:08:45.081+0700] {logging_mixin.py:190} INFO - [2024-12-03T21:08:45.081+0700] {dagbag.py:588} INFO - Filling up the DagBag from /home/tedubuamo/project/venv/lib/python3.12/site-packages/airflow/example_dags/example_workday_timetable.py
[2024-12-03T21:08:45.086+0700] {processor.py:925} INFO - DAG(s) 'example_workday_timetable' retrieved from /home/tedubuamo/project/venv/lib/python3.12/site-packages/airflow/example_dags/example_workday_timetable.py
[2024-12-03T21:08:45.098+0700] {logging_mixin.py:190} INFO - [2024-12-03T21:08:45.098+0700] {dag.py:3239} INFO - Sync 1 DAGs
[2024-12-03T21:08:45.141+0700] {logging_mixin.py:190} INFO - [2024-12-03T21:08:45.141+0700] {dag.py:4180} INFO - Setting next_dagrun for example_workday_timetable to 2021-01-04 00:00:00+00:00, run_after=2021-01-05 00:00:00+00:00
[2024-12-03T21:08:45.167+0700] {processor.py:208} INFO - Processing /home/tedubuamo/project/venv/lib/python3.12/site-packages/airflow/example_dags/example_workday_timetable.py took 0.092 seconds
[2024-12-03T21:09:57.424+0700] {processor.py:186} INFO - Started process (PID=2735) to work on /home/tedubuamo/project/venv/lib/python3.12/site-packages/airflow/example_dags/example_workday_timetable.py
[2024-12-03T21:09:57.426+0700] {processor.py:914} INFO - Processing file /home/tedubuamo/project/venv/lib/python3.12/site-packages/airflow/example_dags/example_workday_timetable.py for tasks to queue
[2024-12-03T21:09:57.427+0700] {logging_mixin.py:190} INFO - [2024-12-03T21:09:57.427+0700] {dagbag.py:588} INFO - Filling up the DagBag from /home/tedubuamo/project/venv/lib/python3.12/site-packages/airflow/example_dags/example_workday_timetable.py
[2024-12-03T21:09:57.431+0700] {processor.py:925} INFO - DAG(s) 'example_workday_timetable' retrieved from /home/tedubuamo/project/venv/lib/python3.12/site-packages/airflow/example_dags/example_workday_timetable.py
[2024-12-03T21:09:57.442+0700] {logging_mixin.py:190} INFO - [2024-12-03T21:09:57.442+0700] {dag.py:3239} INFO - Sync 1 DAGs
[2024-12-03T21:09:57.483+0700] {logging_mixin.py:190} INFO - [2024-12-03T21:09:57.483+0700] {dag.py:4180} INFO - Setting next_dagrun for example_workday_timetable to 2021-01-04 00:00:00+00:00, run_after=2021-01-05 00:00:00+00:00
[2024-12-03T21:09:57.501+0700] {processor.py:208} INFO - Processing /home/tedubuamo/project/venv/lib/python3.12/site-packages/airflow/example_dags/example_workday_timetable.py took 0.082 seconds
[2024-12-03T21:09:57.927+0700] {processor.py:186} INFO - Started process (PID=2736) to work on /home/tedubuamo/project/venv/lib/python3.12/site-packages/airflow/example_dags/example_workday_timetable.py
[2024-12-03T21:09:57.928+0700] {processor.py:914} INFO - Processing file /home/tedubuamo/project/venv/lib/python3.12/site-packages/airflow/example_dags/example_workday_timetable.py for tasks to queue
[2024-12-03T21:09:57.929+0700] {logging_mixin.py:190} INFO - [2024-12-03T21:09:57.929+0700] {dagbag.py:588} INFO - Filling up the DagBag from /home/tedubuamo/project/venv/lib/python3.12/site-packages/airflow/example_dags/example_workday_timetable.py
[2024-12-03T21:09:57.934+0700] {processor.py:925} INFO - DAG(s) 'example_workday_timetable' retrieved from /home/tedubuamo/project/venv/lib/python3.12/site-packages/airflow/example_dags/example_workday_timetable.py
[2024-12-03T21:09:57.944+0700] {logging_mixin.py:190} INFO - [2024-12-03T21:09:57.943+0700] {dag.py:3239} INFO - Sync 1 DAGs
[2024-12-03T21:09:57.981+0700] {logging_mixin.py:190} INFO - [2024-12-03T21:09:57.981+0700] {dag.py:4180} INFO - Setting next_dagrun for example_workday_timetable to 2021-01-04 00:00:00+00:00, run_after=2021-01-05 00:00:00+00:00
[2024-12-03T21:09:57.998+0700] {processor.py:208} INFO - Processing /home/tedubuamo/project/venv/lib/python3.12/site-packages/airflow/example_dags/example_workday_timetable.py took 0.075 seconds
[2024-12-03T21:10:53.463+0700] {processor.py:186} INFO - Started process (PID=2849) to work on /home/tedubuamo/project/venv/lib/python3.12/site-packages/airflow/example_dags/example_workday_timetable.py
[2024-12-03T21:10:53.464+0700] {processor.py:914} INFO - Processing file /home/tedubuamo/project/venv/lib/python3.12/site-packages/airflow/example_dags/example_workday_timetable.py for tasks to queue
[2024-12-03T21:10:53.465+0700] {logging_mixin.py:190} INFO - [2024-12-03T21:10:53.465+0700] {dagbag.py:588} INFO - Filling up the DagBag from /home/tedubuamo/project/venv/lib/python3.12/site-packages/airflow/example_dags/example_workday_timetable.py
[2024-12-03T21:10:53.470+0700] {processor.py:925} INFO - DAG(s) 'example_workday_timetable' retrieved from /home/tedubuamo/project/venv/lib/python3.12/site-packages/airflow/example_dags/example_workday_timetable.py
[2024-12-03T21:10:53.483+0700] {logging_mixin.py:190} INFO - [2024-12-03T21:10:53.483+0700] {dag.py:3239} INFO - Sync 1 DAGs
[2024-12-03T21:10:53.520+0700] {logging_mixin.py:190} INFO - [2024-12-03T21:10:53.520+0700] {dag.py:4180} INFO - Setting next_dagrun for example_workday_timetable to 2021-01-04 00:00:00+00:00, run_after=2021-01-05 00:00:00+00:00
[2024-12-03T21:10:53.536+0700] {processor.py:208} INFO - Processing /home/tedubuamo/project/venv/lib/python3.12/site-packages/airflow/example_dags/example_workday_timetable.py took 0.076 seconds
[2024-12-03T21:11:15.296+0700] {processor.py:186} INFO - Started process (PID=2892) to work on /home/tedubuamo/project/venv/lib/python3.12/site-packages/airflow/example_dags/example_workday_timetable.py
[2024-12-03T21:11:15.297+0700] {processor.py:914} INFO - Processing file /home/tedubuamo/project/venv/lib/python3.12/site-packages/airflow/example_dags/example_workday_timetable.py for tasks to queue
[2024-12-03T21:11:15.299+0700] {logging_mixin.py:190} INFO - [2024-12-03T21:11:15.299+0700] {dagbag.py:588} INFO - Filling up the DagBag from /home/tedubuamo/project/venv/lib/python3.12/site-packages/airflow/example_dags/example_workday_timetable.py
[2024-12-03T21:11:15.304+0700] {processor.py:925} INFO - DAG(s) 'example_workday_timetable' retrieved from /home/tedubuamo/project/venv/lib/python3.12/site-packages/airflow/example_dags/example_workday_timetable.py
[2024-12-03T21:11:15.317+0700] {logging_mixin.py:190} INFO - [2024-12-03T21:11:15.316+0700] {dag.py:3239} INFO - Sync 1 DAGs
[2024-12-03T21:11:15.373+0700] {logging_mixin.py:190} INFO - [2024-12-03T21:11:15.373+0700] {dag.py:4180} INFO - Setting next_dagrun for example_workday_timetable to 2021-01-04 00:00:00+00:00, run_after=2021-01-05 00:00:00+00:00
[2024-12-03T21:11:15.398+0700] {processor.py:208} INFO - Processing /home/tedubuamo/project/venv/lib/python3.12/site-packages/airflow/example_dags/example_workday_timetable.py took 0.107 seconds
[2024-12-03T21:12:10.609+0700] {processor.py:186} INFO - Started process (PID=3024) to work on /home/tedubuamo/project/venv/lib/python3.12/site-packages/airflow/example_dags/example_workday_timetable.py
[2024-12-03T21:12:10.611+0700] {processor.py:914} INFO - Processing file /home/tedubuamo/project/venv/lib/python3.12/site-packages/airflow/example_dags/example_workday_timetable.py for tasks to queue
[2024-12-03T21:12:10.612+0700] {logging_mixin.py:190} INFO - [2024-12-03T21:12:10.612+0700] {dagbag.py:588} INFO - Filling up the DagBag from /home/tedubuamo/project/venv/lib/python3.12/site-packages/airflow/example_dags/example_workday_timetable.py
[2024-12-03T21:12:10.617+0700] {processor.py:925} INFO - DAG(s) 'example_workday_timetable' retrieved from /home/tedubuamo/project/venv/lib/python3.12/site-packages/airflow/example_dags/example_workday_timetable.py
[2024-12-03T21:12:10.628+0700] {logging_mixin.py:190} INFO - [2024-12-03T21:12:10.628+0700] {dag.py:3239} INFO - Sync 1 DAGs
[2024-12-03T21:12:10.691+0700] {logging_mixin.py:190} INFO - [2024-12-03T21:12:10.691+0700] {dag.py:4180} INFO - Setting next_dagrun for example_workday_timetable to 2021-01-04 00:00:00+00:00, run_after=2021-01-05 00:00:00+00:00
[2024-12-03T21:12:10.712+0700] {processor.py:208} INFO - Processing /home/tedubuamo/project/venv/lib/python3.12/site-packages/airflow/example_dags/example_workday_timetable.py took 0.107 seconds
[2024-12-03T21:12:10.902+0700] {processor.py:186} INFO - Started process (PID=3025) to work on /home/tedubuamo/project/venv/lib/python3.12/site-packages/airflow/example_dags/example_workday_timetable.py
[2024-12-03T21:12:10.903+0700] {processor.py:914} INFO - Processing file /home/tedubuamo/project/venv/lib/python3.12/site-packages/airflow/example_dags/example_workday_timetable.py for tasks to queue
[2024-12-03T21:12:10.904+0700] {logging_mixin.py:190} INFO - [2024-12-03T21:12:10.904+0700] {dagbag.py:588} INFO - Filling up the DagBag from /home/tedubuamo/project/venv/lib/python3.12/site-packages/airflow/example_dags/example_workday_timetable.py
[2024-12-03T21:12:10.909+0700] {processor.py:925} INFO - DAG(s) 'example_workday_timetable' retrieved from /home/tedubuamo/project/venv/lib/python3.12/site-packages/airflow/example_dags/example_workday_timetable.py
[2024-12-03T21:12:10.921+0700] {logging_mixin.py:190} INFO - [2024-12-03T21:12:10.920+0700] {dag.py:3239} INFO - Sync 1 DAGs
[2024-12-03T21:12:10.962+0700] {logging_mixin.py:190} INFO - [2024-12-03T21:12:10.962+0700] {dag.py:4180} INFO - Setting next_dagrun for example_workday_timetable to 2021-01-04 00:00:00+00:00, run_after=2021-01-05 00:00:00+00:00
[2024-12-03T21:12:10.980+0700] {processor.py:208} INFO - Processing /home/tedubuamo/project/venv/lib/python3.12/site-packages/airflow/example_dags/example_workday_timetable.py took 0.082 seconds
[2024-12-03T21:13:05.275+0700] {processor.py:186} INFO - Started process (PID=3153) to work on /home/tedubuamo/project/venv/lib/python3.12/site-packages/airflow/example_dags/example_workday_timetable.py
[2024-12-03T21:13:05.277+0700] {processor.py:914} INFO - Processing file /home/tedubuamo/project/venv/lib/python3.12/site-packages/airflow/example_dags/example_workday_timetable.py for tasks to queue
[2024-12-03T21:13:05.279+0700] {logging_mixin.py:190} INFO - [2024-12-03T21:13:05.279+0700] {dagbag.py:588} INFO - Filling up the DagBag from /home/tedubuamo/project/venv/lib/python3.12/site-packages/airflow/example_dags/example_workday_timetable.py
[2024-12-03T21:13:05.283+0700] {processor.py:925} INFO - DAG(s) 'example_workday_timetable' retrieved from /home/tedubuamo/project/venv/lib/python3.12/site-packages/airflow/example_dags/example_workday_timetable.py
[2024-12-03T21:13:05.293+0700] {logging_mixin.py:190} INFO - [2024-12-03T21:13:05.293+0700] {dag.py:3239} INFO - Sync 1 DAGs
[2024-12-03T21:13:05.331+0700] {logging_mixin.py:190} INFO - [2024-12-03T21:13:05.330+0700] {dag.py:4180} INFO - Setting next_dagrun for example_workday_timetable to 2021-01-04 00:00:00+00:00, run_after=2021-01-05 00:00:00+00:00
[2024-12-03T21:13:05.349+0700] {processor.py:208} INFO - Processing /home/tedubuamo/project/venv/lib/python3.12/site-packages/airflow/example_dags/example_workday_timetable.py took 0.078 seconds
[2024-12-03T21:13:26.674+0700] {processor.py:186} INFO - Started process (PID=3196) to work on /home/tedubuamo/project/venv/lib/python3.12/site-packages/airflow/example_dags/example_workday_timetable.py
[2024-12-03T21:13:26.675+0700] {processor.py:914} INFO - Processing file /home/tedubuamo/project/venv/lib/python3.12/site-packages/airflow/example_dags/example_workday_timetable.py for tasks to queue
[2024-12-03T21:13:26.677+0700] {logging_mixin.py:190} INFO - [2024-12-03T21:13:26.676+0700] {dagbag.py:588} INFO - Filling up the DagBag from /home/tedubuamo/project/venv/lib/python3.12/site-packages/airflow/example_dags/example_workday_timetable.py
[2024-12-03T21:13:26.681+0700] {processor.py:925} INFO - DAG(s) 'example_workday_timetable' retrieved from /home/tedubuamo/project/venv/lib/python3.12/site-packages/airflow/example_dags/example_workday_timetable.py
[2024-12-03T21:13:26.691+0700] {logging_mixin.py:190} INFO - [2024-12-03T21:13:26.691+0700] {dag.py:3239} INFO - Sync 1 DAGs
[2024-12-03T21:13:26.726+0700] {logging_mixin.py:190} INFO - [2024-12-03T21:13:26.726+0700] {dag.py:4180} INFO - Setting next_dagrun for example_workday_timetable to 2021-01-04 00:00:00+00:00, run_after=2021-01-05 00:00:00+00:00
[2024-12-03T21:13:26.744+0700] {processor.py:208} INFO - Processing /home/tedubuamo/project/venv/lib/python3.12/site-packages/airflow/example_dags/example_workday_timetable.py took 0.074 seconds
[2024-12-03T21:13:55.987+0700] {processor.py:186} INFO - Started process (PID=3261) to work on /home/tedubuamo/project/venv/lib/python3.12/site-packages/airflow/example_dags/example_workday_timetable.py
[2024-12-03T21:13:55.988+0700] {processor.py:914} INFO - Processing file /home/tedubuamo/project/venv/lib/python3.12/site-packages/airflow/example_dags/example_workday_timetable.py for tasks to queue
[2024-12-03T21:13:55.990+0700] {logging_mixin.py:190} INFO - [2024-12-03T21:13:55.990+0700] {dagbag.py:588} INFO - Filling up the DagBag from /home/tedubuamo/project/venv/lib/python3.12/site-packages/airflow/example_dags/example_workday_timetable.py
[2024-12-03T21:13:55.996+0700] {processor.py:925} INFO - DAG(s) 'example_workday_timetable' retrieved from /home/tedubuamo/project/venv/lib/python3.12/site-packages/airflow/example_dags/example_workday_timetable.py
[2024-12-03T21:13:56.008+0700] {logging_mixin.py:190} INFO - [2024-12-03T21:13:56.008+0700] {dag.py:3239} INFO - Sync 1 DAGs
[2024-12-03T21:13:56.070+0700] {logging_mixin.py:190} INFO - [2024-12-03T21:13:56.069+0700] {dag.py:4180} INFO - Setting next_dagrun for example_workday_timetable to 2021-01-04 00:00:00+00:00, run_after=2021-01-05 00:00:00+00:00
[2024-12-03T21:13:56.106+0700] {processor.py:208} INFO - Processing /home/tedubuamo/project/venv/lib/python3.12/site-packages/airflow/example_dags/example_workday_timetable.py took 0.125 seconds
[2024-12-03T21:14:43.672+0700] {processor.py:186} INFO - Started process (PID=3357) to work on /home/tedubuamo/project/venv/lib/python3.12/site-packages/airflow/example_dags/example_workday_timetable.py
[2024-12-03T21:14:43.673+0700] {processor.py:914} INFO - Processing file /home/tedubuamo/project/venv/lib/python3.12/site-packages/airflow/example_dags/example_workday_timetable.py for tasks to queue
[2024-12-03T21:14:43.675+0700] {logging_mixin.py:190} INFO - [2024-12-03T21:14:43.675+0700] {dagbag.py:588} INFO - Filling up the DagBag from /home/tedubuamo/project/venv/lib/python3.12/site-packages/airflow/example_dags/example_workday_timetable.py
[2024-12-03T21:14:43.680+0700] {processor.py:925} INFO - DAG(s) 'example_workday_timetable' retrieved from /home/tedubuamo/project/venv/lib/python3.12/site-packages/airflow/example_dags/example_workday_timetable.py
[2024-12-03T21:14:43.691+0700] {logging_mixin.py:190} INFO - [2024-12-03T21:14:43.690+0700] {dag.py:3239} INFO - Sync 1 DAGs
[2024-12-03T21:14:43.728+0700] {logging_mixin.py:190} INFO - [2024-12-03T21:14:43.728+0700] {dag.py:4180} INFO - Setting next_dagrun for example_workday_timetable to 2021-01-04 00:00:00+00:00, run_after=2021-01-05 00:00:00+00:00
[2024-12-03T21:14:43.745+0700] {processor.py:208} INFO - Processing /home/tedubuamo/project/venv/lib/python3.12/site-packages/airflow/example_dags/example_workday_timetable.py took 0.077 seconds
[2024-12-03T21:15:11.433+0700] {processor.py:186} INFO - Started process (PID=3416) to work on /home/tedubuamo/project/venv/lib/python3.12/site-packages/airflow/example_dags/example_workday_timetable.py
[2024-12-03T21:15:11.436+0700] {processor.py:914} INFO - Processing file /home/tedubuamo/project/venv/lib/python3.12/site-packages/airflow/example_dags/example_workday_timetable.py for tasks to queue
[2024-12-03T21:15:11.438+0700] {logging_mixin.py:190} INFO - [2024-12-03T21:15:11.437+0700] {dagbag.py:588} INFO - Filling up the DagBag from /home/tedubuamo/project/venv/lib/python3.12/site-packages/airflow/example_dags/example_workday_timetable.py
[2024-12-03T21:15:11.442+0700] {processor.py:925} INFO - DAG(s) 'example_workday_timetable' retrieved from /home/tedubuamo/project/venv/lib/python3.12/site-packages/airflow/example_dags/example_workday_timetable.py
[2024-12-03T21:15:11.452+0700] {logging_mixin.py:190} INFO - [2024-12-03T21:15:11.451+0700] {dag.py:3239} INFO - Sync 1 DAGs
[2024-12-03T21:15:11.487+0700] {logging_mixin.py:190} INFO - [2024-12-03T21:15:11.487+0700] {dag.py:4180} INFO - Setting next_dagrun for example_workday_timetable to 2021-01-04 00:00:00+00:00, run_after=2021-01-05 00:00:00+00:00
[2024-12-03T21:15:11.505+0700] {processor.py:208} INFO - Processing /home/tedubuamo/project/venv/lib/python3.12/site-packages/airflow/example_dags/example_workday_timetable.py took 0.076 seconds
[2024-12-03T21:15:58.959+0700] {processor.py:186} INFO - Started process (PID=3522) to work on /home/tedubuamo/project/venv/lib/python3.12/site-packages/airflow/example_dags/example_workday_timetable.py
[2024-12-03T21:15:58.960+0700] {processor.py:914} INFO - Processing file /home/tedubuamo/project/venv/lib/python3.12/site-packages/airflow/example_dags/example_workday_timetable.py for tasks to queue
[2024-12-03T21:15:58.961+0700] {logging_mixin.py:190} INFO - [2024-12-03T21:15:58.961+0700] {dagbag.py:588} INFO - Filling up the DagBag from /home/tedubuamo/project/venv/lib/python3.12/site-packages/airflow/example_dags/example_workday_timetable.py
[2024-12-03T21:15:58.966+0700] {processor.py:925} INFO - DAG(s) 'example_workday_timetable' retrieved from /home/tedubuamo/project/venv/lib/python3.12/site-packages/airflow/example_dags/example_workday_timetable.py
[2024-12-03T21:15:58.976+0700] {logging_mixin.py:190} INFO - [2024-12-03T21:15:58.976+0700] {dag.py:3239} INFO - Sync 1 DAGs
[2024-12-03T21:15:59.014+0700] {logging_mixin.py:190} INFO - [2024-12-03T21:15:59.014+0700] {dag.py:4180} INFO - Setting next_dagrun for example_workday_timetable to 2021-01-04 00:00:00+00:00, run_after=2021-01-05 00:00:00+00:00
[2024-12-03T21:15:59.032+0700] {processor.py:208} INFO - Processing /home/tedubuamo/project/venv/lib/python3.12/site-packages/airflow/example_dags/example_workday_timetable.py took 0.078 seconds
[2024-12-03T21:16:28.216+0700] {processor.py:186} INFO - Started process (PID=3581) to work on /home/tedubuamo/project/venv/lib/python3.12/site-packages/airflow/example_dags/example_workday_timetable.py
[2024-12-03T21:16:28.218+0700] {processor.py:914} INFO - Processing file /home/tedubuamo/project/venv/lib/python3.12/site-packages/airflow/example_dags/example_workday_timetable.py for tasks to queue
[2024-12-03T21:16:28.219+0700] {logging_mixin.py:190} INFO - [2024-12-03T21:16:28.219+0700] {dagbag.py:588} INFO - Filling up the DagBag from /home/tedubuamo/project/venv/lib/python3.12/site-packages/airflow/example_dags/example_workday_timetable.py
[2024-12-03T21:16:28.224+0700] {processor.py:925} INFO - DAG(s) 'example_workday_timetable' retrieved from /home/tedubuamo/project/venv/lib/python3.12/site-packages/airflow/example_dags/example_workday_timetable.py
[2024-12-03T21:16:28.234+0700] {logging_mixin.py:190} INFO - [2024-12-03T21:16:28.234+0700] {dag.py:3239} INFO - Sync 1 DAGs
[2024-12-03T21:16:28.274+0700] {logging_mixin.py:190} INFO - [2024-12-03T21:16:28.274+0700] {dag.py:4180} INFO - Setting next_dagrun for example_workday_timetable to 2021-01-04 00:00:00+00:00, run_after=2021-01-05 00:00:00+00:00
[2024-12-03T21:16:28.291+0700] {processor.py:208} INFO - Processing /home/tedubuamo/project/venv/lib/python3.12/site-packages/airflow/example_dags/example_workday_timetable.py took 0.079 seconds
[2024-12-03T21:17:17.370+0700] {processor.py:186} INFO - Started process (PID=3709) to work on /home/tedubuamo/project/venv/lib/python3.12/site-packages/airflow/example_dags/example_workday_timetable.py
[2024-12-03T21:17:17.371+0700] {processor.py:914} INFO - Processing file /home/tedubuamo/project/venv/lib/python3.12/site-packages/airflow/example_dags/example_workday_timetable.py for tasks to queue
[2024-12-03T21:17:17.372+0700] {logging_mixin.py:190} INFO - [2024-12-03T21:17:17.372+0700] {dagbag.py:588} INFO - Filling up the DagBag from /home/tedubuamo/project/venv/lib/python3.12/site-packages/airflow/example_dags/example_workday_timetable.py
[2024-12-03T21:17:17.377+0700] {processor.py:925} INFO - DAG(s) 'example_workday_timetable' retrieved from /home/tedubuamo/project/venv/lib/python3.12/site-packages/airflow/example_dags/example_workday_timetable.py
[2024-12-03T21:17:17.389+0700] {logging_mixin.py:190} INFO - [2024-12-03T21:17:17.389+0700] {dag.py:3239} INFO - Sync 1 DAGs
[2024-12-03T21:17:17.429+0700] {logging_mixin.py:190} INFO - [2024-12-03T21:17:17.429+0700] {dag.py:4180} INFO - Setting next_dagrun for example_workday_timetable to 2021-01-04 00:00:00+00:00, run_after=2021-01-05 00:00:00+00:00
[2024-12-03T21:17:17.448+0700] {processor.py:208} INFO - Processing /home/tedubuamo/project/venv/lib/python3.12/site-packages/airflow/example_dags/example_workday_timetable.py took 0.082 seconds
[2024-12-03T21:17:43.972+0700] {processor.py:186} INFO - Started process (PID=3774) to work on /home/tedubuamo/project/venv/lib/python3.12/site-packages/airflow/example_dags/example_workday_timetable.py
[2024-12-03T21:17:43.975+0700] {processor.py:914} INFO - Processing file /home/tedubuamo/project/venv/lib/python3.12/site-packages/airflow/example_dags/example_workday_timetable.py for tasks to queue
[2024-12-03T21:17:43.977+0700] {logging_mixin.py:190} INFO - [2024-12-03T21:17:43.977+0700] {dagbag.py:588} INFO - Filling up the DagBag from /home/tedubuamo/project/venv/lib/python3.12/site-packages/airflow/example_dags/example_workday_timetable.py
[2024-12-03T21:17:43.983+0700] {processor.py:925} INFO - DAG(s) 'example_workday_timetable' retrieved from /home/tedubuamo/project/venv/lib/python3.12/site-packages/airflow/example_dags/example_workday_timetable.py
[2024-12-03T21:17:43.995+0700] {logging_mixin.py:190} INFO - [2024-12-03T21:17:43.995+0700] {dag.py:3239} INFO - Sync 1 DAGs
[2024-12-03T21:17:44.040+0700] {logging_mixin.py:190} INFO - [2024-12-03T21:17:44.040+0700] {dag.py:4180} INFO - Setting next_dagrun for example_workday_timetable to 2021-01-04 00:00:00+00:00, run_after=2021-01-05 00:00:00+00:00
[2024-12-03T21:17:44.060+0700] {processor.py:208} INFO - Processing /home/tedubuamo/project/venv/lib/python3.12/site-packages/airflow/example_dags/example_workday_timetable.py took 0.093 seconds
[2024-12-03T21:18:10.533+0700] {processor.py:186} INFO - Started process (PID=3834) to work on /home/tedubuamo/project/venv/lib/python3.12/site-packages/airflow/example_dags/example_workday_timetable.py
[2024-12-03T21:18:10.535+0700] {processor.py:914} INFO - Processing file /home/tedubuamo/project/venv/lib/python3.12/site-packages/airflow/example_dags/example_workday_timetable.py for tasks to queue
[2024-12-03T21:18:10.536+0700] {logging_mixin.py:190} INFO - [2024-12-03T21:18:10.536+0700] {dagbag.py:588} INFO - Filling up the DagBag from /home/tedubuamo/project/venv/lib/python3.12/site-packages/airflow/example_dags/example_workday_timetable.py
[2024-12-03T21:18:10.541+0700] {processor.py:925} INFO - DAG(s) 'example_workday_timetable' retrieved from /home/tedubuamo/project/venv/lib/python3.12/site-packages/airflow/example_dags/example_workday_timetable.py
[2024-12-03T21:18:10.552+0700] {logging_mixin.py:190} INFO - [2024-12-03T21:18:10.552+0700] {dag.py:3239} INFO - Sync 1 DAGs
[2024-12-03T21:18:10.592+0700] {logging_mixin.py:190} INFO - [2024-12-03T21:18:10.592+0700] {dag.py:4180} INFO - Setting next_dagrun for example_workday_timetable to 2021-01-04 00:00:00+00:00, run_after=2021-01-05 00:00:00+00:00
[2024-12-03T21:18:10.611+0700] {processor.py:208} INFO - Processing /home/tedubuamo/project/venv/lib/python3.12/site-packages/airflow/example_dags/example_workday_timetable.py took 0.082 seconds
[2024-12-03T21:19:34.939+0700] {processor.py:186} INFO - Started process (PID=3975) to work on /home/tedubuamo/project/venv/lib/python3.12/site-packages/airflow/example_dags/example_workday_timetable.py
[2024-12-03T21:19:34.940+0700] {processor.py:914} INFO - Processing file /home/tedubuamo/project/venv/lib/python3.12/site-packages/airflow/example_dags/example_workday_timetable.py for tasks to queue
[2024-12-03T21:19:34.942+0700] {logging_mixin.py:190} INFO - [2024-12-03T21:19:34.942+0700] {dagbag.py:588} INFO - Filling up the DagBag from /home/tedubuamo/project/venv/lib/python3.12/site-packages/airflow/example_dags/example_workday_timetable.py
[2024-12-03T21:19:34.946+0700] {processor.py:925} INFO - DAG(s) 'example_workday_timetable' retrieved from /home/tedubuamo/project/venv/lib/python3.12/site-packages/airflow/example_dags/example_workday_timetable.py
[2024-12-03T21:19:35.010+0700] {logging_mixin.py:190} INFO - [2024-12-03T21:19:35.010+0700] {dag.py:3239} INFO - Sync 1 DAGs
[2024-12-03T21:19:35.055+0700] {logging_mixin.py:190} INFO - [2024-12-03T21:19:35.055+0700] {dag.py:4180} INFO - Setting next_dagrun for example_workday_timetable to 2021-01-04 00:00:00+00:00, run_after=2021-01-05 00:00:00+00:00
[2024-12-03T21:19:35.073+0700] {processor.py:208} INFO - Processing /home/tedubuamo/project/venv/lib/python3.12/site-packages/airflow/example_dags/example_workday_timetable.py took 0.138 seconds
[2024-12-03T21:20:41.736+0700] {processor.py:186} INFO - Started process (PID=4081) to work on /home/tedubuamo/project/venv/lib/python3.12/site-packages/airflow/example_dags/example_workday_timetable.py
[2024-12-03T21:20:41.737+0700] {processor.py:914} INFO - Processing file /home/tedubuamo/project/venv/lib/python3.12/site-packages/airflow/example_dags/example_workday_timetable.py for tasks to queue
[2024-12-03T21:20:41.740+0700] {logging_mixin.py:190} INFO - [2024-12-03T21:20:41.739+0700] {dagbag.py:588} INFO - Filling up the DagBag from /home/tedubuamo/project/venv/lib/python3.12/site-packages/airflow/example_dags/example_workday_timetable.py
[2024-12-03T21:20:41.745+0700] {processor.py:925} INFO - DAG(s) 'example_workday_timetable' retrieved from /home/tedubuamo/project/venv/lib/python3.12/site-packages/airflow/example_dags/example_workday_timetable.py
[2024-12-03T21:20:41.758+0700] {logging_mixin.py:190} INFO - [2024-12-03T21:20:41.758+0700] {dag.py:3239} INFO - Sync 1 DAGs
[2024-12-03T21:20:41.809+0700] {logging_mixin.py:190} INFO - [2024-12-03T21:20:41.809+0700] {dag.py:4180} INFO - Setting next_dagrun for example_workday_timetable to 2021-01-04 00:00:00+00:00, run_after=2021-01-05 00:00:00+00:00
[2024-12-03T21:20:41.832+0700] {processor.py:208} INFO - Processing /home/tedubuamo/project/venv/lib/python3.12/site-packages/airflow/example_dags/example_workday_timetable.py took 0.101 seconds
[2024-12-03T21:21:42.218+0700] {processor.py:186} INFO - Started process (PID=4150) to work on /home/tedubuamo/project/venv/lib/python3.12/site-packages/airflow/example_dags/example_workday_timetable.py
[2024-12-03T21:21:42.221+0700] {processor.py:914} INFO - Processing file /home/tedubuamo/project/venv/lib/python3.12/site-packages/airflow/example_dags/example_workday_timetable.py for tasks to queue
[2024-12-03T21:21:42.223+0700] {logging_mixin.py:190} INFO - [2024-12-03T21:21:42.223+0700] {dagbag.py:588} INFO - Filling up the DagBag from /home/tedubuamo/project/venv/lib/python3.12/site-packages/airflow/example_dags/example_workday_timetable.py
[2024-12-03T21:21:42.227+0700] {processor.py:925} INFO - DAG(s) 'example_workday_timetable' retrieved from /home/tedubuamo/project/venv/lib/python3.12/site-packages/airflow/example_dags/example_workday_timetable.py
[2024-12-03T21:21:42.238+0700] {logging_mixin.py:190} INFO - [2024-12-03T21:21:42.238+0700] {dag.py:3239} INFO - Sync 1 DAGs
[2024-12-03T21:21:42.277+0700] {logging_mixin.py:190} INFO - [2024-12-03T21:21:42.276+0700] {dag.py:4180} INFO - Setting next_dagrun for example_workday_timetable to 2021-01-04 00:00:00+00:00, run_after=2021-01-05 00:00:00+00:00
[2024-12-03T21:21:42.298+0700] {processor.py:208} INFO - Processing /home/tedubuamo/project/venv/lib/python3.12/site-packages/airflow/example_dags/example_workday_timetable.py took 0.084 seconds
[2024-12-03T21:22:35.376+0700] {processor.py:186} INFO - Started process (PID=4241) to work on /home/tedubuamo/project/venv/lib/python3.12/site-packages/airflow/example_dags/example_workday_timetable.py
[2024-12-03T21:22:35.381+0700] {processor.py:914} INFO - Processing file /home/tedubuamo/project/venv/lib/python3.12/site-packages/airflow/example_dags/example_workday_timetable.py for tasks to queue
[2024-12-03T21:22:35.385+0700] {logging_mixin.py:190} INFO - [2024-12-03T21:22:35.384+0700] {dagbag.py:588} INFO - Filling up the DagBag from /home/tedubuamo/project/venv/lib/python3.12/site-packages/airflow/example_dags/example_workday_timetable.py
[2024-12-03T21:22:35.400+0700] {processor.py:925} INFO - DAG(s) 'example_workday_timetable' retrieved from /home/tedubuamo/project/venv/lib/python3.12/site-packages/airflow/example_dags/example_workday_timetable.py
[2024-12-03T21:22:35.425+0700] {logging_mixin.py:190} INFO - [2024-12-03T21:22:35.425+0700] {dag.py:3239} INFO - Sync 1 DAGs
[2024-12-03T21:22:35.510+0700] {logging_mixin.py:190} INFO - [2024-12-03T21:22:35.510+0700] {dag.py:4180} INFO - Setting next_dagrun for example_workday_timetable to 2021-01-04 00:00:00+00:00, run_after=2021-01-05 00:00:00+00:00
[2024-12-03T21:22:35.556+0700] {processor.py:208} INFO - Processing /home/tedubuamo/project/venv/lib/python3.12/site-packages/airflow/example_dags/example_workday_timetable.py took 0.192 seconds
[2024-12-03T21:23:31.949+0700] {processor.py:186} INFO - Started process (PID=4299) to work on /home/tedubuamo/project/venv/lib/python3.12/site-packages/airflow/example_dags/example_workday_timetable.py
[2024-12-03T21:23:31.951+0700] {processor.py:914} INFO - Processing file /home/tedubuamo/project/venv/lib/python3.12/site-packages/airflow/example_dags/example_workday_timetable.py for tasks to queue
[2024-12-03T21:23:31.954+0700] {logging_mixin.py:190} INFO - [2024-12-03T21:23:31.954+0700] {dagbag.py:588} INFO - Filling up the DagBag from /home/tedubuamo/project/venv/lib/python3.12/site-packages/airflow/example_dags/example_workday_timetable.py
[2024-12-03T21:23:31.963+0700] {processor.py:925} INFO - DAG(s) 'example_workday_timetable' retrieved from /home/tedubuamo/project/venv/lib/python3.12/site-packages/airflow/example_dags/example_workday_timetable.py
[2024-12-03T21:23:31.984+0700] {logging_mixin.py:190} INFO - [2024-12-03T21:23:31.983+0700] {dag.py:3239} INFO - Sync 1 DAGs
[2024-12-03T21:23:32.035+0700] {logging_mixin.py:190} INFO - [2024-12-03T21:23:32.035+0700] {dag.py:4180} INFO - Setting next_dagrun for example_workday_timetable to 2021-01-04 00:00:00+00:00, run_after=2021-01-05 00:00:00+00:00
[2024-12-03T21:23:32.055+0700] {processor.py:208} INFO - Processing /home/tedubuamo/project/venv/lib/python3.12/site-packages/airflow/example_dags/example_workday_timetable.py took 0.111 seconds
[2024-12-03T21:24:28.150+0700] {processor.py:186} INFO - Started process (PID=4378) to work on /home/tedubuamo/project/venv/lib/python3.12/site-packages/airflow/example_dags/example_workday_timetable.py
[2024-12-03T21:24:28.154+0700] {processor.py:914} INFO - Processing file /home/tedubuamo/project/venv/lib/python3.12/site-packages/airflow/example_dags/example_workday_timetable.py for tasks to queue
[2024-12-03T21:24:28.155+0700] {logging_mixin.py:190} INFO - [2024-12-03T21:24:28.155+0700] {dagbag.py:588} INFO - Filling up the DagBag from /home/tedubuamo/project/venv/lib/python3.12/site-packages/airflow/example_dags/example_workday_timetable.py
[2024-12-03T21:24:28.160+0700] {processor.py:925} INFO - DAG(s) 'example_workday_timetable' retrieved from /home/tedubuamo/project/venv/lib/python3.12/site-packages/airflow/example_dags/example_workday_timetable.py
[2024-12-03T21:24:28.172+0700] {logging_mixin.py:190} INFO - [2024-12-03T21:24:28.171+0700] {dag.py:3239} INFO - Sync 1 DAGs
[2024-12-03T21:24:28.239+0700] {logging_mixin.py:190} INFO - [2024-12-03T21:24:28.238+0700] {dag.py:4180} INFO - Setting next_dagrun for example_workday_timetable to 2021-01-04 00:00:00+00:00, run_after=2021-01-05 00:00:00+00:00
[2024-12-03T21:24:28.260+0700] {processor.py:208} INFO - Processing /home/tedubuamo/project/venv/lib/python3.12/site-packages/airflow/example_dags/example_workday_timetable.py took 0.113 seconds
[2024-12-03T21:25:49.822+0700] {processor.py:186} INFO - Started process (PID=4488) to work on /home/tedubuamo/project/venv/lib/python3.12/site-packages/airflow/example_dags/example_workday_timetable.py
[2024-12-03T21:25:49.824+0700] {processor.py:914} INFO - Processing file /home/tedubuamo/project/venv/lib/python3.12/site-packages/airflow/example_dags/example_workday_timetable.py for tasks to queue
[2024-12-03T21:25:49.825+0700] {logging_mixin.py:190} INFO - [2024-12-03T21:25:49.825+0700] {dagbag.py:588} INFO - Filling up the DagBag from /home/tedubuamo/project/venv/lib/python3.12/site-packages/airflow/example_dags/example_workday_timetable.py
[2024-12-03T21:25:49.830+0700] {processor.py:925} INFO - DAG(s) 'example_workday_timetable' retrieved from /home/tedubuamo/project/venv/lib/python3.12/site-packages/airflow/example_dags/example_workday_timetable.py
[2024-12-03T21:25:49.842+0700] {logging_mixin.py:190} INFO - [2024-12-03T21:25:49.842+0700] {dag.py:3239} INFO - Sync 1 DAGs
[2024-12-03T21:25:49.883+0700] {logging_mixin.py:190} INFO - [2024-12-03T21:25:49.882+0700] {dag.py:4180} INFO - Setting next_dagrun for example_workday_timetable to 2021-01-04 00:00:00+00:00, run_after=2021-01-05 00:00:00+00:00
[2024-12-03T21:25:49.900+0700] {processor.py:208} INFO - Processing /home/tedubuamo/project/venv/lib/python3.12/site-packages/airflow/example_dags/example_workday_timetable.py took 0.083 seconds
[2024-12-03T21:26:46.301+0700] {processor.py:186} INFO - Started process (PID=4549) to work on /home/tedubuamo/project/venv/lib/python3.12/site-packages/airflow/example_dags/example_workday_timetable.py
[2024-12-03T21:26:46.305+0700] {processor.py:914} INFO - Processing file /home/tedubuamo/project/venv/lib/python3.12/site-packages/airflow/example_dags/example_workday_timetable.py for tasks to queue
[2024-12-03T21:26:46.307+0700] {logging_mixin.py:190} INFO - [2024-12-03T21:26:46.307+0700] {dagbag.py:588} INFO - Filling up the DagBag from /home/tedubuamo/project/venv/lib/python3.12/site-packages/airflow/example_dags/example_workday_timetable.py
[2024-12-03T21:26:46.312+0700] {processor.py:925} INFO - DAG(s) 'example_workday_timetable' retrieved from /home/tedubuamo/project/venv/lib/python3.12/site-packages/airflow/example_dags/example_workday_timetable.py
[2024-12-03T21:26:46.324+0700] {logging_mixin.py:190} INFO - [2024-12-03T21:26:46.324+0700] {dag.py:3239} INFO - Sync 1 DAGs
[2024-12-03T21:26:46.367+0700] {logging_mixin.py:190} INFO - [2024-12-03T21:26:46.366+0700] {dag.py:4180} INFO - Setting next_dagrun for example_workday_timetable to 2021-01-04 00:00:00+00:00, run_after=2021-01-05 00:00:00+00:00
[2024-12-03T21:26:46.385+0700] {processor.py:208} INFO - Processing /home/tedubuamo/project/venv/lib/python3.12/site-packages/airflow/example_dags/example_workday_timetable.py took 0.089 seconds
[2024-12-03T21:28:06.987+0700] {processor.py:186} INFO - Started process (PID=4648) to work on /home/tedubuamo/project/venv/lib/python3.12/site-packages/airflow/example_dags/example_workday_timetable.py
[2024-12-03T21:28:06.989+0700] {processor.py:914} INFO - Processing file /home/tedubuamo/project/venv/lib/python3.12/site-packages/airflow/example_dags/example_workday_timetable.py for tasks to queue
[2024-12-03T21:28:06.991+0700] {logging_mixin.py:190} INFO - [2024-12-03T21:28:06.990+0700] {dagbag.py:588} INFO - Filling up the DagBag from /home/tedubuamo/project/venv/lib/python3.12/site-packages/airflow/example_dags/example_workday_timetable.py
[2024-12-03T21:28:06.996+0700] {processor.py:925} INFO - DAG(s) 'example_workday_timetable' retrieved from /home/tedubuamo/project/venv/lib/python3.12/site-packages/airflow/example_dags/example_workday_timetable.py
[2024-12-03T21:28:07.007+0700] {logging_mixin.py:190} INFO - [2024-12-03T21:28:07.007+0700] {dag.py:3239} INFO - Sync 1 DAGs
[2024-12-03T21:28:07.045+0700] {logging_mixin.py:190} INFO - [2024-12-03T21:28:07.045+0700] {dag.py:4180} INFO - Setting next_dagrun for example_workday_timetable to 2021-01-04 00:00:00+00:00, run_after=2021-01-05 00:00:00+00:00
[2024-12-03T21:28:07.063+0700] {processor.py:208} INFO - Processing /home/tedubuamo/project/venv/lib/python3.12/site-packages/airflow/example_dags/example_workday_timetable.py took 0.081 seconds
[2024-12-03T21:29:02.574+0700] {processor.py:186} INFO - Started process (PID=4789) to work on /home/tedubuamo/project/venv/lib/python3.12/site-packages/airflow/example_dags/example_workday_timetable.py
[2024-12-03T21:29:02.575+0700] {processor.py:914} INFO - Processing file /home/tedubuamo/project/venv/lib/python3.12/site-packages/airflow/example_dags/example_workday_timetable.py for tasks to queue
[2024-12-03T21:29:02.577+0700] {logging_mixin.py:190} INFO - [2024-12-03T21:29:02.577+0700] {dagbag.py:588} INFO - Filling up the DagBag from /home/tedubuamo/project/venv/lib/python3.12/site-packages/airflow/example_dags/example_workday_timetable.py
[2024-12-03T21:29:02.582+0700] {processor.py:925} INFO - DAG(s) 'example_workday_timetable' retrieved from /home/tedubuamo/project/venv/lib/python3.12/site-packages/airflow/example_dags/example_workday_timetable.py
[2024-12-03T21:29:02.593+0700] {logging_mixin.py:190} INFO - [2024-12-03T21:29:02.593+0700] {dag.py:3239} INFO - Sync 1 DAGs
[2024-12-03T21:29:02.635+0700] {logging_mixin.py:190} INFO - [2024-12-03T21:29:02.635+0700] {dag.py:4180} INFO - Setting next_dagrun for example_workday_timetable to 2021-01-04 00:00:00+00:00, run_after=2021-01-05 00:00:00+00:00
[2024-12-03T21:29:02.652+0700] {processor.py:208} INFO - Processing /home/tedubuamo/project/venv/lib/python3.12/site-packages/airflow/example_dags/example_workday_timetable.py took 0.082 seconds
[2024-12-03T21:30:21.642+0700] {processor.py:186} INFO - Started process (PID=4876) to work on /home/tedubuamo/project/venv/lib/python3.12/site-packages/airflow/example_dags/example_workday_timetable.py
[2024-12-03T21:30:21.657+0700] {processor.py:914} INFO - Processing file /home/tedubuamo/project/venv/lib/python3.12/site-packages/airflow/example_dags/example_workday_timetable.py for tasks to queue
[2024-12-03T21:30:21.659+0700] {logging_mixin.py:190} INFO - [2024-12-03T21:30:21.659+0700] {dagbag.py:588} INFO - Filling up the DagBag from /home/tedubuamo/project/venv/lib/python3.12/site-packages/airflow/example_dags/example_workday_timetable.py
[2024-12-03T21:30:21.664+0700] {processor.py:925} INFO - DAG(s) 'example_workday_timetable' retrieved from /home/tedubuamo/project/venv/lib/python3.12/site-packages/airflow/example_dags/example_workday_timetable.py
[2024-12-03T21:30:21.674+0700] {logging_mixin.py:190} INFO - [2024-12-03T21:30:21.673+0700] {dag.py:3239} INFO - Sync 1 DAGs
[2024-12-03T21:30:21.711+0700] {logging_mixin.py:190} INFO - [2024-12-03T21:30:21.711+0700] {dag.py:4180} INFO - Setting next_dagrun for example_workday_timetable to 2021-01-04 00:00:00+00:00, run_after=2021-01-05 00:00:00+00:00
[2024-12-03T21:30:21.730+0700] {processor.py:208} INFO - Processing /home/tedubuamo/project/venv/lib/python3.12/site-packages/airflow/example_dags/example_workday_timetable.py took 0.092 seconds
[2024-12-03T21:31:15.612+0700] {processor.py:186} INFO - Started process (PID=4943) to work on /home/tedubuamo/project/venv/lib/python3.12/site-packages/airflow/example_dags/example_workday_timetable.py
[2024-12-03T21:31:15.613+0700] {processor.py:914} INFO - Processing file /home/tedubuamo/project/venv/lib/python3.12/site-packages/airflow/example_dags/example_workday_timetable.py for tasks to queue
[2024-12-03T21:31:15.615+0700] {logging_mixin.py:190} INFO - [2024-12-03T21:31:15.614+0700] {dagbag.py:588} INFO - Filling up the DagBag from /home/tedubuamo/project/venv/lib/python3.12/site-packages/airflow/example_dags/example_workday_timetable.py
[2024-12-03T21:31:15.621+0700] {processor.py:925} INFO - DAG(s) 'example_workday_timetable' retrieved from /home/tedubuamo/project/venv/lib/python3.12/site-packages/airflow/example_dags/example_workday_timetable.py
[2024-12-03T21:31:15.633+0700] {logging_mixin.py:190} INFO - [2024-12-03T21:31:15.633+0700] {dag.py:3239} INFO - Sync 1 DAGs
[2024-12-03T21:31:15.681+0700] {logging_mixin.py:190} INFO - [2024-12-03T21:31:15.680+0700] {dag.py:4180} INFO - Setting next_dagrun for example_workday_timetable to 2021-01-04 00:00:00+00:00, run_after=2021-01-05 00:00:00+00:00
[2024-12-03T21:31:15.702+0700] {processor.py:208} INFO - Processing /home/tedubuamo/project/venv/lib/python3.12/site-packages/airflow/example_dags/example_workday_timetable.py took 0.096 seconds
