[2024-12-03T20:57:39.419+0700] {processor.py:186} INFO - Started process (PID=1634) to work on /home/tedubuamo/project/venv/lib/python3.12/site-packages/airflow/example_dags/example_dynamic_task_mapping.py
[2024-12-03T20:57:39.420+0700] {processor.py:914} INFO - Processing file /home/tedubuamo/project/venv/lib/python3.12/site-packages/airflow/example_dags/example_dynamic_task_mapping.py for tasks to queue
[2024-12-03T20:57:39.421+0700] {logging_mixin.py:190} INFO - [2024-12-03T20:57:39.421+0700] {dagbag.py:588} INFO - Filling up the DagBag from /home/tedubuamo/project/venv/lib/python3.12/site-packages/airflow/example_dags/example_dynamic_task_mapping.py
[2024-12-03T20:57:39.428+0700] {processor.py:925} INFO - DAG(s) 'example_dynamic_task_mapping' retrieved from /home/tedubuamo/project/venv/lib/python3.12/site-packages/airflow/example_dags/example_dynamic_task_mapping.py
[2024-12-03T20:57:39.518+0700] {logging_mixin.py:190} INFO - [2024-12-03T20:57:39.517+0700] {dag.py:3239} INFO - Sync 1 DAGs
[2024-12-03T20:57:39.525+0700] {logging_mixin.py:190} INFO - [2024-12-03T20:57:39.525+0700] {dag.py:4180} INFO - Setting next_dagrun for example_dynamic_task_mapping to None, run_after=None
[2024-12-03T20:57:39.542+0700] {processor.py:208} INFO - Processing /home/tedubuamo/project/venv/lib/python3.12/site-packages/airflow/example_dags/example_dynamic_task_mapping.py took 0.127 seconds
[2024-12-03T20:58:37.677+0700] {processor.py:186} INFO - Started process (PID=1691) to work on /home/tedubuamo/project/venv/lib/python3.12/site-packages/airflow/example_dags/example_dynamic_task_mapping.py
[2024-12-03T20:58:37.681+0700] {processor.py:914} INFO - Processing file /home/tedubuamo/project/venv/lib/python3.12/site-packages/airflow/example_dags/example_dynamic_task_mapping.py for tasks to queue
[2024-12-03T20:58:37.682+0700] {logging_mixin.py:190} INFO - [2024-12-03T20:58:37.682+0700] {dagbag.py:588} INFO - Filling up the DagBag from /home/tedubuamo/project/venv/lib/python3.12/site-packages/airflow/example_dags/example_dynamic_task_mapping.py
[2024-12-03T20:58:37.688+0700] {processor.py:925} INFO - DAG(s) 'example_dynamic_task_mapping' retrieved from /home/tedubuamo/project/venv/lib/python3.12/site-packages/airflow/example_dags/example_dynamic_task_mapping.py
[2024-12-03T20:58:37.698+0700] {logging_mixin.py:190} INFO - [2024-12-03T20:58:37.698+0700] {dag.py:3239} INFO - Sync 1 DAGs
[2024-12-03T20:58:37.706+0700] {logging_mixin.py:190} INFO - [2024-12-03T20:58:37.706+0700] {dag.py:4180} INFO - Setting next_dagrun for example_dynamic_task_mapping to None, run_after=None
[2024-12-03T20:58:37.722+0700] {processor.py:208} INFO - Processing /home/tedubuamo/project/venv/lib/python3.12/site-packages/airflow/example_dags/example_dynamic_task_mapping.py took 0.049 seconds
[2024-12-03T20:59:30.252+0700] {processor.py:186} INFO - Started process (PID=1746) to work on /home/tedubuamo/project/venv/lib/python3.12/site-packages/airflow/example_dags/example_dynamic_task_mapping.py
[2024-12-03T20:59:30.255+0700] {processor.py:914} INFO - Processing file /home/tedubuamo/project/venv/lib/python3.12/site-packages/airflow/example_dags/example_dynamic_task_mapping.py for tasks to queue
[2024-12-03T20:59:30.256+0700] {logging_mixin.py:190} INFO - [2024-12-03T20:59:30.256+0700] {dagbag.py:588} INFO - Filling up the DagBag from /home/tedubuamo/project/venv/lib/python3.12/site-packages/airflow/example_dags/example_dynamic_task_mapping.py
[2024-12-03T20:59:30.262+0700] {processor.py:925} INFO - DAG(s) 'example_dynamic_task_mapping' retrieved from /home/tedubuamo/project/venv/lib/python3.12/site-packages/airflow/example_dags/example_dynamic_task_mapping.py
[2024-12-03T20:59:30.273+0700] {logging_mixin.py:190} INFO - [2024-12-03T20:59:30.272+0700] {dag.py:3239} INFO - Sync 1 DAGs
[2024-12-03T20:59:30.281+0700] {logging_mixin.py:190} INFO - [2024-12-03T20:59:30.280+0700] {dag.py:4180} INFO - Setting next_dagrun for example_dynamic_task_mapping to None, run_after=None
[2024-12-03T20:59:30.297+0700] {processor.py:208} INFO - Processing /home/tedubuamo/project/venv/lib/python3.12/site-packages/airflow/example_dags/example_dynamic_task_mapping.py took 0.050 seconds
[2024-12-03T21:00:26.886+0700] {processor.py:186} INFO - Started process (PID=1803) to work on /home/tedubuamo/project/venv/lib/python3.12/site-packages/airflow/example_dags/example_dynamic_task_mapping.py
[2024-12-03T21:00:26.890+0700] {processor.py:914} INFO - Processing file /home/tedubuamo/project/venv/lib/python3.12/site-packages/airflow/example_dags/example_dynamic_task_mapping.py for tasks to queue
[2024-12-03T21:00:26.891+0700] {logging_mixin.py:190} INFO - [2024-12-03T21:00:26.891+0700] {dagbag.py:588} INFO - Filling up the DagBag from /home/tedubuamo/project/venv/lib/python3.12/site-packages/airflow/example_dags/example_dynamic_task_mapping.py
[2024-12-03T21:00:26.898+0700] {processor.py:925} INFO - DAG(s) 'example_dynamic_task_mapping' retrieved from /home/tedubuamo/project/venv/lib/python3.12/site-packages/airflow/example_dags/example_dynamic_task_mapping.py
[2024-12-03T21:00:26.908+0700] {logging_mixin.py:190} INFO - [2024-12-03T21:00:26.908+0700] {dag.py:3239} INFO - Sync 1 DAGs
[2024-12-03T21:00:26.917+0700] {logging_mixin.py:190} INFO - [2024-12-03T21:00:26.917+0700] {dag.py:4180} INFO - Setting next_dagrun for example_dynamic_task_mapping to None, run_after=None
[2024-12-03T21:00:26.934+0700] {processor.py:208} INFO - Processing /home/tedubuamo/project/venv/lib/python3.12/site-packages/airflow/example_dags/example_dynamic_task_mapping.py took 0.051 seconds
[2024-12-03T21:01:17.064+0700] {processor.py:186} INFO - Started process (PID=1855) to work on /home/tedubuamo/project/venv/lib/python3.12/site-packages/airflow/example_dags/example_dynamic_task_mapping.py
[2024-12-03T21:01:17.066+0700] {processor.py:914} INFO - Processing file /home/tedubuamo/project/venv/lib/python3.12/site-packages/airflow/example_dags/example_dynamic_task_mapping.py for tasks to queue
[2024-12-03T21:01:17.068+0700] {logging_mixin.py:190} INFO - [2024-12-03T21:01:17.068+0700] {dagbag.py:588} INFO - Filling up the DagBag from /home/tedubuamo/project/venv/lib/python3.12/site-packages/airflow/example_dags/example_dynamic_task_mapping.py
[2024-12-03T21:01:17.081+0700] {processor.py:925} INFO - DAG(s) 'example_dynamic_task_mapping' retrieved from /home/tedubuamo/project/venv/lib/python3.12/site-packages/airflow/example_dags/example_dynamic_task_mapping.py
[2024-12-03T21:01:17.097+0700] {logging_mixin.py:190} INFO - [2024-12-03T21:01:17.097+0700] {dag.py:3239} INFO - Sync 1 DAGs
[2024-12-03T21:01:17.112+0700] {logging_mixin.py:190} INFO - [2024-12-03T21:01:17.112+0700] {dag.py:4180} INFO - Setting next_dagrun for example_dynamic_task_mapping to None, run_after=None
[2024-12-03T21:01:17.139+0700] {processor.py:208} INFO - Processing /home/tedubuamo/project/venv/lib/python3.12/site-packages/airflow/example_dags/example_dynamic_task_mapping.py took 0.082 seconds
[2024-12-03T21:05:08.215+0700] {processor.py:186} INFO - Started process (PID=2013) to work on /home/tedubuamo/project/venv/lib/python3.12/site-packages/airflow/example_dags/example_dynamic_task_mapping.py
[2024-12-03T21:05:08.219+0700] {processor.py:914} INFO - Processing file /home/tedubuamo/project/venv/lib/python3.12/site-packages/airflow/example_dags/example_dynamic_task_mapping.py for tasks to queue
[2024-12-03T21:05:08.221+0700] {logging_mixin.py:190} INFO - [2024-12-03T21:05:08.221+0700] {dagbag.py:588} INFO - Filling up the DagBag from /home/tedubuamo/project/venv/lib/python3.12/site-packages/airflow/example_dags/example_dynamic_task_mapping.py
[2024-12-03T21:05:08.228+0700] {processor.py:925} INFO - DAG(s) 'example_dynamic_task_mapping' retrieved from /home/tedubuamo/project/venv/lib/python3.12/site-packages/airflow/example_dags/example_dynamic_task_mapping.py
[2024-12-03T21:05:08.242+0700] {logging_mixin.py:190} INFO - [2024-12-03T21:05:08.241+0700] {dag.py:3239} INFO - Sync 1 DAGs
[2024-12-03T21:05:08.249+0700] {logging_mixin.py:190} INFO - [2024-12-03T21:05:08.249+0700] {dag.py:4180} INFO - Setting next_dagrun for example_dynamic_task_mapping to None, run_after=None
[2024-12-03T21:05:08.266+0700] {processor.py:208} INFO - Processing /home/tedubuamo/project/venv/lib/python3.12/site-packages/airflow/example_dags/example_dynamic_task_mapping.py took 0.055 seconds
[2024-12-03T21:06:02.530+0700] {processor.py:186} INFO - Started process (PID=2154) to work on /home/tedubuamo/project/venv/lib/python3.12/site-packages/airflow/example_dags/example_dynamic_task_mapping.py
[2024-12-03T21:06:02.533+0700] {processor.py:914} INFO - Processing file /home/tedubuamo/project/venv/lib/python3.12/site-packages/airflow/example_dags/example_dynamic_task_mapping.py for tasks to queue
[2024-12-03T21:06:02.535+0700] {logging_mixin.py:190} INFO - [2024-12-03T21:06:02.535+0700] {dagbag.py:588} INFO - Filling up the DagBag from /home/tedubuamo/project/venv/lib/python3.12/site-packages/airflow/example_dags/example_dynamic_task_mapping.py
[2024-12-03T21:06:02.541+0700] {processor.py:925} INFO - DAG(s) 'example_dynamic_task_mapping' retrieved from /home/tedubuamo/project/venv/lib/python3.12/site-packages/airflow/example_dags/example_dynamic_task_mapping.py
[2024-12-03T21:06:02.551+0700] {logging_mixin.py:190} INFO - [2024-12-03T21:06:02.551+0700] {dag.py:3239} INFO - Sync 1 DAGs
[2024-12-03T21:06:02.560+0700] {logging_mixin.py:190} INFO - [2024-12-03T21:06:02.559+0700] {dag.py:4180} INFO - Setting next_dagrun for example_dynamic_task_mapping to None, run_after=None
[2024-12-03T21:06:02.576+0700] {processor.py:208} INFO - Processing /home/tedubuamo/project/venv/lib/python3.12/site-packages/airflow/example_dags/example_dynamic_task_mapping.py took 0.050 seconds
[2024-12-03T21:06:03.436+0700] {processor.py:186} INFO - Started process (PID=2156) to work on /home/tedubuamo/project/venv/lib/python3.12/site-packages/airflow/example_dags/example_dynamic_task_mapping.py
[2024-12-03T21:06:03.437+0700] {processor.py:914} INFO - Processing file /home/tedubuamo/project/venv/lib/python3.12/site-packages/airflow/example_dags/example_dynamic_task_mapping.py for tasks to queue
[2024-12-03T21:06:03.438+0700] {logging_mixin.py:190} INFO - [2024-12-03T21:06:03.438+0700] {dagbag.py:588} INFO - Filling up the DagBag from /home/tedubuamo/project/venv/lib/python3.12/site-packages/airflow/example_dags/example_dynamic_task_mapping.py
[2024-12-03T21:06:03.444+0700] {processor.py:925} INFO - DAG(s) 'example_dynamic_task_mapping' retrieved from /home/tedubuamo/project/venv/lib/python3.12/site-packages/airflow/example_dags/example_dynamic_task_mapping.py
[2024-12-03T21:06:03.459+0700] {logging_mixin.py:190} INFO - [2024-12-03T21:06:03.459+0700] {dag.py:3239} INFO - Sync 1 DAGs
[2024-12-03T21:06:03.467+0700] {logging_mixin.py:190} INFO - [2024-12-03T21:06:03.467+0700] {dag.py:4180} INFO - Setting next_dagrun for example_dynamic_task_mapping to None, run_after=None
[2024-12-03T21:06:03.484+0700] {processor.py:208} INFO - Processing /home/tedubuamo/project/venv/lib/python3.12/site-packages/airflow/example_dags/example_dynamic_task_mapping.py took 0.052 seconds
[2024-12-03T21:06:54.113+0700] {processor.py:186} INFO - Started process (PID=2323) to work on /home/tedubuamo/project/venv/lib/python3.12/site-packages/airflow/example_dags/example_dynamic_task_mapping.py
[2024-12-03T21:06:54.115+0700] {processor.py:914} INFO - Processing file /home/tedubuamo/project/venv/lib/python3.12/site-packages/airflow/example_dags/example_dynamic_task_mapping.py for tasks to queue
[2024-12-03T21:06:54.117+0700] {logging_mixin.py:190} INFO - [2024-12-03T21:06:54.116+0700] {dagbag.py:588} INFO - Filling up the DagBag from /home/tedubuamo/project/venv/lib/python3.12/site-packages/airflow/example_dags/example_dynamic_task_mapping.py
[2024-12-03T21:06:54.123+0700] {processor.py:925} INFO - DAG(s) 'example_dynamic_task_mapping' retrieved from /home/tedubuamo/project/venv/lib/python3.12/site-packages/airflow/example_dags/example_dynamic_task_mapping.py
[2024-12-03T21:06:54.134+0700] {logging_mixin.py:190} INFO - [2024-12-03T21:06:54.134+0700] {dag.py:3239} INFO - Sync 1 DAGs
[2024-12-03T21:06:54.142+0700] {logging_mixin.py:190} INFO - [2024-12-03T21:06:54.142+0700] {dag.py:4180} INFO - Setting next_dagrun for example_dynamic_task_mapping to None, run_after=None
[2024-12-03T21:06:54.158+0700] {processor.py:208} INFO - Processing /home/tedubuamo/project/venv/lib/python3.12/site-packages/airflow/example_dags/example_dynamic_task_mapping.py took 0.048 seconds
[2024-12-03T21:06:58.867+0700] {processor.py:186} INFO - Started process (PID=2342) to work on /home/tedubuamo/project/venv/lib/python3.12/site-packages/airflow/example_dags/example_dynamic_task_mapping.py
[2024-12-03T21:06:58.871+0700] {processor.py:914} INFO - Processing file /home/tedubuamo/project/venv/lib/python3.12/site-packages/airflow/example_dags/example_dynamic_task_mapping.py for tasks to queue
[2024-12-03T21:06:58.872+0700] {logging_mixin.py:190} INFO - [2024-12-03T21:06:58.872+0700] {dagbag.py:588} INFO - Filling up the DagBag from /home/tedubuamo/project/venv/lib/python3.12/site-packages/airflow/example_dags/example_dynamic_task_mapping.py
[2024-12-03T21:06:58.879+0700] {processor.py:925} INFO - DAG(s) 'example_dynamic_task_mapping' retrieved from /home/tedubuamo/project/venv/lib/python3.12/site-packages/airflow/example_dags/example_dynamic_task_mapping.py
[2024-12-03T21:06:58.890+0700] {logging_mixin.py:190} INFO - [2024-12-03T21:06:58.890+0700] {dag.py:3239} INFO - Sync 1 DAGs
[2024-12-03T21:06:58.899+0700] {logging_mixin.py:190} INFO - [2024-12-03T21:06:58.899+0700] {dag.py:4180} INFO - Setting next_dagrun for example_dynamic_task_mapping to None, run_after=None
[2024-12-03T21:06:58.915+0700] {processor.py:208} INFO - Processing /home/tedubuamo/project/venv/lib/python3.12/site-packages/airflow/example_dags/example_dynamic_task_mapping.py took 0.053 seconds
[2024-12-03T21:07:47.098+0700] {processor.py:186} INFO - Started process (PID=2467) to work on /home/tedubuamo/project/venv/lib/python3.12/site-packages/airflow/example_dags/example_dynamic_task_mapping.py
[2024-12-03T21:07:47.099+0700] {processor.py:914} INFO - Processing file /home/tedubuamo/project/venv/lib/python3.12/site-packages/airflow/example_dags/example_dynamic_task_mapping.py for tasks to queue
[2024-12-03T21:07:47.100+0700] {logging_mixin.py:190} INFO - [2024-12-03T21:07:47.100+0700] {dagbag.py:588} INFO - Filling up the DagBag from /home/tedubuamo/project/venv/lib/python3.12/site-packages/airflow/example_dags/example_dynamic_task_mapping.py
[2024-12-03T21:07:47.107+0700] {processor.py:925} INFO - DAG(s) 'example_dynamic_task_mapping' retrieved from /home/tedubuamo/project/venv/lib/python3.12/site-packages/airflow/example_dags/example_dynamic_task_mapping.py
[2024-12-03T21:07:47.118+0700] {logging_mixin.py:190} INFO - [2024-12-03T21:07:47.118+0700] {dag.py:3239} INFO - Sync 1 DAGs
[2024-12-03T21:07:47.127+0700] {logging_mixin.py:190} INFO - [2024-12-03T21:07:47.127+0700] {dag.py:4180} INFO - Setting next_dagrun for example_dynamic_task_mapping to None, run_after=None
[2024-12-03T21:07:47.144+0700] {processor.py:208} INFO - Processing /home/tedubuamo/project/venv/lib/python3.12/site-packages/airflow/example_dags/example_dynamic_task_mapping.py took 0.051 seconds
[2024-12-03T21:07:47.602+0700] {processor.py:186} INFO - Started process (PID=2468) to work on /home/tedubuamo/project/venv/lib/python3.12/site-packages/airflow/example_dags/example_dynamic_task_mapping.py
[2024-12-03T21:07:47.602+0700] {processor.py:914} INFO - Processing file /home/tedubuamo/project/venv/lib/python3.12/site-packages/airflow/example_dags/example_dynamic_task_mapping.py for tasks to queue
[2024-12-03T21:07:47.604+0700] {logging_mixin.py:190} INFO - [2024-12-03T21:07:47.603+0700] {dagbag.py:588} INFO - Filling up the DagBag from /home/tedubuamo/project/venv/lib/python3.12/site-packages/airflow/example_dags/example_dynamic_task_mapping.py
[2024-12-03T21:07:47.610+0700] {processor.py:925} INFO - DAG(s) 'example_dynamic_task_mapping' retrieved from /home/tedubuamo/project/venv/lib/python3.12/site-packages/airflow/example_dags/example_dynamic_task_mapping.py
[2024-12-03T21:07:47.620+0700] {logging_mixin.py:190} INFO - [2024-12-03T21:07:47.620+0700] {dag.py:3239} INFO - Sync 1 DAGs
[2024-12-03T21:07:47.628+0700] {logging_mixin.py:190} INFO - [2024-12-03T21:07:47.628+0700] {dag.py:4180} INFO - Setting next_dagrun for example_dynamic_task_mapping to None, run_after=None
[2024-12-03T21:07:47.644+0700] {processor.py:208} INFO - Processing /home/tedubuamo/project/venv/lib/python3.12/site-packages/airflow/example_dags/example_dynamic_task_mapping.py took 0.047 seconds
[2024-12-03T21:08:39.995+0700] {processor.py:186} INFO - Started process (PID=2573) to work on /home/tedubuamo/project/venv/lib/python3.12/site-packages/airflow/example_dags/example_dynamic_task_mapping.py
[2024-12-03T21:08:39.999+0700] {processor.py:914} INFO - Processing file /home/tedubuamo/project/venv/lib/python3.12/site-packages/airflow/example_dags/example_dynamic_task_mapping.py for tasks to queue
[2024-12-03T21:08:40.001+0700] {logging_mixin.py:190} INFO - [2024-12-03T21:08:40.000+0700] {dagbag.py:588} INFO - Filling up the DagBag from /home/tedubuamo/project/venv/lib/python3.12/site-packages/airflow/example_dags/example_dynamic_task_mapping.py
[2024-12-03T21:08:40.007+0700] {processor.py:925} INFO - DAG(s) 'example_dynamic_task_mapping' retrieved from /home/tedubuamo/project/venv/lib/python3.12/site-packages/airflow/example_dags/example_dynamic_task_mapping.py
[2024-12-03T21:08:40.018+0700] {logging_mixin.py:190} INFO - [2024-12-03T21:08:40.018+0700] {dag.py:3239} INFO - Sync 1 DAGs
[2024-12-03T21:08:40.028+0700] {logging_mixin.py:190} INFO - [2024-12-03T21:08:40.027+0700] {dag.py:4180} INFO - Setting next_dagrun for example_dynamic_task_mapping to None, run_after=None
[2024-12-03T21:08:40.046+0700] {processor.py:208} INFO - Processing /home/tedubuamo/project/venv/lib/python3.12/site-packages/airflow/example_dags/example_dynamic_task_mapping.py took 0.055 seconds
[2024-12-03T21:08:44.582+0700] {processor.py:186} INFO - Started process (PID=2582) to work on /home/tedubuamo/project/venv/lib/python3.12/site-packages/airflow/example_dags/example_dynamic_task_mapping.py
[2024-12-03T21:08:44.582+0700] {processor.py:914} INFO - Processing file /home/tedubuamo/project/venv/lib/python3.12/site-packages/airflow/example_dags/example_dynamic_task_mapping.py for tasks to queue
[2024-12-03T21:08:44.584+0700] {logging_mixin.py:190} INFO - [2024-12-03T21:08:44.584+0700] {dagbag.py:588} INFO - Filling up the DagBag from /home/tedubuamo/project/venv/lib/python3.12/site-packages/airflow/example_dags/example_dynamic_task_mapping.py
[2024-12-03T21:08:44.590+0700] {processor.py:925} INFO - DAG(s) 'example_dynamic_task_mapping' retrieved from /home/tedubuamo/project/venv/lib/python3.12/site-packages/airflow/example_dags/example_dynamic_task_mapping.py
[2024-12-03T21:08:44.600+0700] {logging_mixin.py:190} INFO - [2024-12-03T21:08:44.600+0700] {dag.py:3239} INFO - Sync 1 DAGs
[2024-12-03T21:08:44.609+0700] {logging_mixin.py:190} INFO - [2024-12-03T21:08:44.608+0700] {dag.py:4180} INFO - Setting next_dagrun for example_dynamic_task_mapping to None, run_after=None
[2024-12-03T21:08:44.626+0700] {processor.py:208} INFO - Processing /home/tedubuamo/project/venv/lib/python3.12/site-packages/airflow/example_dags/example_dynamic_task_mapping.py took 0.048 seconds
[2024-12-03T21:09:32.194+0700] {processor.py:186} INFO - Started process (PID=2682) to work on /home/tedubuamo/project/venv/lib/python3.12/site-packages/airflow/example_dags/example_dynamic_task_mapping.py
[2024-12-03T21:09:32.195+0700] {processor.py:914} INFO - Processing file /home/tedubuamo/project/venv/lib/python3.12/site-packages/airflow/example_dags/example_dynamic_task_mapping.py for tasks to queue
[2024-12-03T21:09:32.196+0700] {logging_mixin.py:190} INFO - [2024-12-03T21:09:32.196+0700] {dagbag.py:588} INFO - Filling up the DagBag from /home/tedubuamo/project/venv/lib/python3.12/site-packages/airflow/example_dags/example_dynamic_task_mapping.py
[2024-12-03T21:09:32.203+0700] {processor.py:925} INFO - DAG(s) 'example_dynamic_task_mapping' retrieved from /home/tedubuamo/project/venv/lib/python3.12/site-packages/airflow/example_dags/example_dynamic_task_mapping.py
[2024-12-03T21:09:32.213+0700] {logging_mixin.py:190} INFO - [2024-12-03T21:09:32.213+0700] {dag.py:3239} INFO - Sync 1 DAGs
[2024-12-03T21:09:32.222+0700] {logging_mixin.py:190} INFO - [2024-12-03T21:09:32.222+0700] {dag.py:4180} INFO - Setting next_dagrun for example_dynamic_task_mapping to None, run_after=None
[2024-12-03T21:09:32.239+0700] {processor.py:208} INFO - Processing /home/tedubuamo/project/venv/lib/python3.12/site-packages/airflow/example_dags/example_dynamic_task_mapping.py took 0.049 seconds
[2024-12-03T21:09:36.008+0700] {processor.py:186} INFO - Started process (PID=2690) to work on /home/tedubuamo/project/venv/lib/python3.12/site-packages/airflow/example_dags/example_dynamic_task_mapping.py
[2024-12-03T21:09:36.009+0700] {processor.py:914} INFO - Processing file /home/tedubuamo/project/venv/lib/python3.12/site-packages/airflow/example_dags/example_dynamic_task_mapping.py for tasks to queue
[2024-12-03T21:09:36.011+0700] {logging_mixin.py:190} INFO - [2024-12-03T21:09:36.011+0700] {dagbag.py:588} INFO - Filling up the DagBag from /home/tedubuamo/project/venv/lib/python3.12/site-packages/airflow/example_dags/example_dynamic_task_mapping.py
[2024-12-03T21:09:36.023+0700] {processor.py:925} INFO - DAG(s) 'example_dynamic_task_mapping' retrieved from /home/tedubuamo/project/venv/lib/python3.12/site-packages/airflow/example_dags/example_dynamic_task_mapping.py
[2024-12-03T21:09:36.040+0700] {logging_mixin.py:190} INFO - [2024-12-03T21:09:36.039+0700] {dag.py:3239} INFO - Sync 1 DAGs
[2024-12-03T21:09:36.056+0700] {logging_mixin.py:190} INFO - [2024-12-03T21:09:36.056+0700] {dag.py:4180} INFO - Setting next_dagrun for example_dynamic_task_mapping to None, run_after=None
[2024-12-03T21:09:36.079+0700] {processor.py:208} INFO - Processing /home/tedubuamo/project/venv/lib/python3.12/site-packages/airflow/example_dags/example_dynamic_task_mapping.py took 0.077 seconds
[2024-12-03T21:10:27.056+0700] {processor.py:186} INFO - Started process (PID=2796) to work on /home/tedubuamo/project/venv/lib/python3.12/site-packages/airflow/example_dags/example_dynamic_task_mapping.py
[2024-12-03T21:10:27.061+0700] {processor.py:914} INFO - Processing file /home/tedubuamo/project/venv/lib/python3.12/site-packages/airflow/example_dags/example_dynamic_task_mapping.py for tasks to queue
[2024-12-03T21:10:27.062+0700] {logging_mixin.py:190} INFO - [2024-12-03T21:10:27.062+0700] {dagbag.py:588} INFO - Filling up the DagBag from /home/tedubuamo/project/venv/lib/python3.12/site-packages/airflow/example_dags/example_dynamic_task_mapping.py
[2024-12-03T21:10:27.069+0700] {processor.py:925} INFO - DAG(s) 'example_dynamic_task_mapping' retrieved from /home/tedubuamo/project/venv/lib/python3.12/site-packages/airflow/example_dags/example_dynamic_task_mapping.py
[2024-12-03T21:10:27.079+0700] {logging_mixin.py:190} INFO - [2024-12-03T21:10:27.078+0700] {dag.py:3239} INFO - Sync 1 DAGs
[2024-12-03T21:10:27.087+0700] {logging_mixin.py:190} INFO - [2024-12-03T21:10:27.087+0700] {dag.py:4180} INFO - Setting next_dagrun for example_dynamic_task_mapping to None, run_after=None
[2024-12-03T21:10:27.103+0700] {processor.py:208} INFO - Processing /home/tedubuamo/project/venv/lib/python3.12/site-packages/airflow/example_dags/example_dynamic_task_mapping.py took 0.051 seconds
[2024-12-03T21:10:27.825+0700] {processor.py:186} INFO - Started process (PID=2797) to work on /home/tedubuamo/project/venv/lib/python3.12/site-packages/airflow/example_dags/example_dynamic_task_mapping.py
[2024-12-03T21:10:27.825+0700] {processor.py:914} INFO - Processing file /home/tedubuamo/project/venv/lib/python3.12/site-packages/airflow/example_dags/example_dynamic_task_mapping.py for tasks to queue
[2024-12-03T21:10:27.827+0700] {logging_mixin.py:190} INFO - [2024-12-03T21:10:27.827+0700] {dagbag.py:588} INFO - Filling up the DagBag from /home/tedubuamo/project/venv/lib/python3.12/site-packages/airflow/example_dags/example_dynamic_task_mapping.py
[2024-12-03T21:10:27.834+0700] {processor.py:925} INFO - DAG(s) 'example_dynamic_task_mapping' retrieved from /home/tedubuamo/project/venv/lib/python3.12/site-packages/airflow/example_dags/example_dynamic_task_mapping.py
[2024-12-03T21:10:27.848+0700] {logging_mixin.py:190} INFO - [2024-12-03T21:10:27.847+0700] {dag.py:3239} INFO - Sync 1 DAGs
[2024-12-03T21:10:27.857+0700] {logging_mixin.py:190} INFO - [2024-12-03T21:10:27.856+0700] {dag.py:4180} INFO - Setting next_dagrun for example_dynamic_task_mapping to None, run_after=None
[2024-12-03T21:10:27.875+0700] {processor.py:208} INFO - Processing /home/tedubuamo/project/venv/lib/python3.12/site-packages/airflow/example_dags/example_dynamic_task_mapping.py took 0.054 seconds
[2024-12-03T21:11:20.547+0700] {processor.py:186} INFO - Started process (PID=2904) to work on /home/tedubuamo/project/venv/lib/python3.12/site-packages/airflow/example_dags/example_dynamic_task_mapping.py
[2024-12-03T21:11:20.549+0700] {processor.py:914} INFO - Processing file /home/tedubuamo/project/venv/lib/python3.12/site-packages/airflow/example_dags/example_dynamic_task_mapping.py for tasks to queue
[2024-12-03T21:11:20.550+0700] {logging_mixin.py:190} INFO - [2024-12-03T21:11:20.550+0700] {dagbag.py:588} INFO - Filling up the DagBag from /home/tedubuamo/project/venv/lib/python3.12/site-packages/airflow/example_dags/example_dynamic_task_mapping.py
[2024-12-03T21:11:20.556+0700] {processor.py:925} INFO - DAG(s) 'example_dynamic_task_mapping' retrieved from /home/tedubuamo/project/venv/lib/python3.12/site-packages/airflow/example_dags/example_dynamic_task_mapping.py
[2024-12-03T21:11:20.568+0700] {logging_mixin.py:190} INFO - [2024-12-03T21:11:20.567+0700] {dag.py:3239} INFO - Sync 1 DAGs
[2024-12-03T21:11:20.578+0700] {logging_mixin.py:190} INFO - [2024-12-03T21:11:20.578+0700] {dag.py:4180} INFO - Setting next_dagrun for example_dynamic_task_mapping to None, run_after=None
[2024-12-03T21:11:20.598+0700] {processor.py:208} INFO - Processing /home/tedubuamo/project/venv/lib/python3.12/site-packages/airflow/example_dags/example_dynamic_task_mapping.py took 0.055 seconds
[2024-12-03T21:11:21.506+0700] {processor.py:186} INFO - Started process (PID=2905) to work on /home/tedubuamo/project/venv/lib/python3.12/site-packages/airflow/example_dags/example_dynamic_task_mapping.py
[2024-12-03T21:11:21.507+0700] {processor.py:914} INFO - Processing file /home/tedubuamo/project/venv/lib/python3.12/site-packages/airflow/example_dags/example_dynamic_task_mapping.py for tasks to queue
[2024-12-03T21:11:21.509+0700] {logging_mixin.py:190} INFO - [2024-12-03T21:11:21.509+0700] {dagbag.py:588} INFO - Filling up the DagBag from /home/tedubuamo/project/venv/lib/python3.12/site-packages/airflow/example_dags/example_dynamic_task_mapping.py
[2024-12-03T21:11:21.522+0700] {processor.py:925} INFO - DAG(s) 'example_dynamic_task_mapping' retrieved from /home/tedubuamo/project/venv/lib/python3.12/site-packages/airflow/example_dags/example_dynamic_task_mapping.py
[2024-12-03T21:11:21.539+0700] {logging_mixin.py:190} INFO - [2024-12-03T21:11:21.539+0700] {dag.py:3239} INFO - Sync 1 DAGs
[2024-12-03T21:11:21.552+0700] {logging_mixin.py:190} INFO - [2024-12-03T21:11:21.552+0700] {dag.py:4180} INFO - Setting next_dagrun for example_dynamic_task_mapping to None, run_after=None
[2024-12-03T21:11:21.577+0700] {processor.py:208} INFO - Processing /home/tedubuamo/project/venv/lib/python3.12/site-packages/airflow/example_dags/example_dynamic_task_mapping.py took 0.078 seconds
[2024-12-03T21:12:11.843+0700] {processor.py:186} INFO - Started process (PID=3026) to work on /home/tedubuamo/project/venv/lib/python3.12/site-packages/airflow/example_dags/example_dynamic_task_mapping.py
[2024-12-03T21:12:11.845+0700] {processor.py:914} INFO - Processing file /home/tedubuamo/project/venv/lib/python3.12/site-packages/airflow/example_dags/example_dynamic_task_mapping.py for tasks to queue
[2024-12-03T21:12:11.846+0700] {logging_mixin.py:190} INFO - [2024-12-03T21:12:11.846+0700] {dagbag.py:588} INFO - Filling up the DagBag from /home/tedubuamo/project/venv/lib/python3.12/site-packages/airflow/example_dags/example_dynamic_task_mapping.py
[2024-12-03T21:12:11.854+0700] {processor.py:925} INFO - DAG(s) 'example_dynamic_task_mapping' retrieved from /home/tedubuamo/project/venv/lib/python3.12/site-packages/airflow/example_dags/example_dynamic_task_mapping.py
[2024-12-03T21:12:11.867+0700] {logging_mixin.py:190} INFO - [2024-12-03T21:12:11.867+0700] {dag.py:3239} INFO - Sync 1 DAGs
[2024-12-03T21:12:11.876+0700] {logging_mixin.py:190} INFO - [2024-12-03T21:12:11.876+0700] {dag.py:4180} INFO - Setting next_dagrun for example_dynamic_task_mapping to None, run_after=None
[2024-12-03T21:12:11.895+0700] {processor.py:208} INFO - Processing /home/tedubuamo/project/venv/lib/python3.12/site-packages/airflow/example_dags/example_dynamic_task_mapping.py took 0.056 seconds
[2024-12-03T21:12:15.711+0700] {processor.py:186} INFO - Started process (PID=3041) to work on /home/tedubuamo/project/venv/lib/python3.12/site-packages/airflow/example_dags/example_dynamic_task_mapping.py
[2024-12-03T21:12:15.711+0700] {processor.py:914} INFO - Processing file /home/tedubuamo/project/venv/lib/python3.12/site-packages/airflow/example_dags/example_dynamic_task_mapping.py for tasks to queue
[2024-12-03T21:12:15.713+0700] {logging_mixin.py:190} INFO - [2024-12-03T21:12:15.712+0700] {dagbag.py:588} INFO - Filling up the DagBag from /home/tedubuamo/project/venv/lib/python3.12/site-packages/airflow/example_dags/example_dynamic_task_mapping.py
[2024-12-03T21:12:15.721+0700] {processor.py:925} INFO - DAG(s) 'example_dynamic_task_mapping' retrieved from /home/tedubuamo/project/venv/lib/python3.12/site-packages/airflow/example_dags/example_dynamic_task_mapping.py
[2024-12-03T21:12:15.735+0700] {logging_mixin.py:190} INFO - [2024-12-03T21:12:15.735+0700] {dag.py:3239} INFO - Sync 1 DAGs
[2024-12-03T21:12:15.744+0700] {logging_mixin.py:190} INFO - [2024-12-03T21:12:15.744+0700] {dag.py:4180} INFO - Setting next_dagrun for example_dynamic_task_mapping to None, run_after=None
[2024-12-03T21:12:15.885+0700] {processor.py:208} INFO - Processing /home/tedubuamo/project/venv/lib/python3.12/site-packages/airflow/example_dags/example_dynamic_task_mapping.py took 0.178 seconds
[2024-12-03T21:13:00.925+0700] {processor.py:186} INFO - Started process (PID=3145) to work on /home/tedubuamo/project/venv/lib/python3.12/site-packages/airflow/example_dags/example_dynamic_task_mapping.py
[2024-12-03T21:13:00.928+0700] {processor.py:914} INFO - Processing file /home/tedubuamo/project/venv/lib/python3.12/site-packages/airflow/example_dags/example_dynamic_task_mapping.py for tasks to queue
[2024-12-03T21:13:00.930+0700] {logging_mixin.py:190} INFO - [2024-12-03T21:13:00.929+0700] {dagbag.py:588} INFO - Filling up the DagBag from /home/tedubuamo/project/venv/lib/python3.12/site-packages/airflow/example_dags/example_dynamic_task_mapping.py
[2024-12-03T21:13:00.936+0700] {processor.py:925} INFO - DAG(s) 'example_dynamic_task_mapping' retrieved from /home/tedubuamo/project/venv/lib/python3.12/site-packages/airflow/example_dags/example_dynamic_task_mapping.py
[2024-12-03T21:13:00.946+0700] {logging_mixin.py:190} INFO - [2024-12-03T21:13:00.946+0700] {dag.py:3239} INFO - Sync 1 DAGs
[2024-12-03T21:13:00.954+0700] {logging_mixin.py:190} INFO - [2024-12-03T21:13:00.954+0700] {dag.py:4180} INFO - Setting next_dagrun for example_dynamic_task_mapping to None, run_after=None
[2024-12-03T21:13:00.971+0700] {processor.py:208} INFO - Processing /home/tedubuamo/project/venv/lib/python3.12/site-packages/airflow/example_dags/example_dynamic_task_mapping.py took 0.051 seconds
[2024-12-03T21:13:09.574+0700] {processor.py:186} INFO - Started process (PID=3163) to work on /home/tedubuamo/project/venv/lib/python3.12/site-packages/airflow/example_dags/example_dynamic_task_mapping.py
[2024-12-03T21:13:09.575+0700] {processor.py:914} INFO - Processing file /home/tedubuamo/project/venv/lib/python3.12/site-packages/airflow/example_dags/example_dynamic_task_mapping.py for tasks to queue
[2024-12-03T21:13:09.577+0700] {logging_mixin.py:190} INFO - [2024-12-03T21:13:09.576+0700] {dagbag.py:588} INFO - Filling up the DagBag from /home/tedubuamo/project/venv/lib/python3.12/site-packages/airflow/example_dags/example_dynamic_task_mapping.py
[2024-12-03T21:13:09.584+0700] {processor.py:925} INFO - DAG(s) 'example_dynamic_task_mapping' retrieved from /home/tedubuamo/project/venv/lib/python3.12/site-packages/airflow/example_dags/example_dynamic_task_mapping.py
[2024-12-03T21:13:09.597+0700] {logging_mixin.py:190} INFO - [2024-12-03T21:13:09.596+0700] {dag.py:3239} INFO - Sync 1 DAGs
[2024-12-03T21:13:09.607+0700] {logging_mixin.py:190} INFO - [2024-12-03T21:13:09.607+0700] {dag.py:4180} INFO - Setting next_dagrun for example_dynamic_task_mapping to None, run_after=None
[2024-12-03T21:13:09.627+0700] {processor.py:208} INFO - Processing /home/tedubuamo/project/venv/lib/python3.12/site-packages/airflow/example_dags/example_dynamic_task_mapping.py took 0.057 seconds
[2024-12-03T21:13:52.431+0700] {processor.py:186} INFO - Started process (PID=3253) to work on /home/tedubuamo/project/venv/lib/python3.12/site-packages/airflow/example_dags/example_dynamic_task_mapping.py
[2024-12-03T21:13:52.448+0700] {processor.py:914} INFO - Processing file /home/tedubuamo/project/venv/lib/python3.12/site-packages/airflow/example_dags/example_dynamic_task_mapping.py for tasks to queue
[2024-12-03T21:13:52.450+0700] {logging_mixin.py:190} INFO - [2024-12-03T21:13:52.450+0700] {dagbag.py:588} INFO - Filling up the DagBag from /home/tedubuamo/project/venv/lib/python3.12/site-packages/airflow/example_dags/example_dynamic_task_mapping.py
[2024-12-03T21:13:52.456+0700] {processor.py:925} INFO - DAG(s) 'example_dynamic_task_mapping' retrieved from /home/tedubuamo/project/venv/lib/python3.12/site-packages/airflow/example_dags/example_dynamic_task_mapping.py
[2024-12-03T21:13:52.467+0700] {logging_mixin.py:190} INFO - [2024-12-03T21:13:52.467+0700] {dag.py:3239} INFO - Sync 1 DAGs
[2024-12-03T21:13:52.476+0700] {logging_mixin.py:190} INFO - [2024-12-03T21:13:52.476+0700] {dag.py:4180} INFO - Setting next_dagrun for example_dynamic_task_mapping to None, run_after=None
[2024-12-03T21:13:52.493+0700] {processor.py:208} INFO - Processing /home/tedubuamo/project/venv/lib/python3.12/site-packages/airflow/example_dags/example_dynamic_task_mapping.py took 0.066 seconds
[2024-12-03T21:14:01.130+0700] {processor.py:186} INFO - Started process (PID=3271) to work on /home/tedubuamo/project/venv/lib/python3.12/site-packages/airflow/example_dags/example_dynamic_task_mapping.py
[2024-12-03T21:14:01.130+0700] {processor.py:914} INFO - Processing file /home/tedubuamo/project/venv/lib/python3.12/site-packages/airflow/example_dags/example_dynamic_task_mapping.py for tasks to queue
[2024-12-03T21:14:01.132+0700] {logging_mixin.py:190} INFO - [2024-12-03T21:14:01.132+0700] {dagbag.py:588} INFO - Filling up the DagBag from /home/tedubuamo/project/venv/lib/python3.12/site-packages/airflow/example_dags/example_dynamic_task_mapping.py
[2024-12-03T21:14:01.140+0700] {processor.py:925} INFO - DAG(s) 'example_dynamic_task_mapping' retrieved from /home/tedubuamo/project/venv/lib/python3.12/site-packages/airflow/example_dags/example_dynamic_task_mapping.py
[2024-12-03T21:14:01.151+0700] {logging_mixin.py:190} INFO - [2024-12-03T21:14:01.151+0700] {dag.py:3239} INFO - Sync 1 DAGs
[2024-12-03T21:14:01.161+0700] {logging_mixin.py:190} INFO - [2024-12-03T21:14:01.160+0700] {dag.py:4180} INFO - Setting next_dagrun for example_dynamic_task_mapping to None, run_after=None
[2024-12-03T21:14:01.180+0700] {processor.py:208} INFO - Processing /home/tedubuamo/project/venv/lib/python3.12/site-packages/airflow/example_dags/example_dynamic_task_mapping.py took 0.056 seconds
[2024-12-03T21:14:44.412+0700] {processor.py:186} INFO - Started process (PID=3359) to work on /home/tedubuamo/project/venv/lib/python3.12/site-packages/airflow/example_dags/example_dynamic_task_mapping.py
[2024-12-03T21:14:44.416+0700] {processor.py:914} INFO - Processing file /home/tedubuamo/project/venv/lib/python3.12/site-packages/airflow/example_dags/example_dynamic_task_mapping.py for tasks to queue
[2024-12-03T21:14:44.418+0700] {logging_mixin.py:190} INFO - [2024-12-03T21:14:44.417+0700] {dagbag.py:588} INFO - Filling up the DagBag from /home/tedubuamo/project/venv/lib/python3.12/site-packages/airflow/example_dags/example_dynamic_task_mapping.py
[2024-12-03T21:14:44.424+0700] {processor.py:925} INFO - DAG(s) 'example_dynamic_task_mapping' retrieved from /home/tedubuamo/project/venv/lib/python3.12/site-packages/airflow/example_dags/example_dynamic_task_mapping.py
[2024-12-03T21:14:44.434+0700] {logging_mixin.py:190} INFO - [2024-12-03T21:14:44.434+0700] {dag.py:3239} INFO - Sync 1 DAGs
[2024-12-03T21:14:44.443+0700] {logging_mixin.py:190} INFO - [2024-12-03T21:14:44.443+0700] {dag.py:4180} INFO - Setting next_dagrun for example_dynamic_task_mapping to None, run_after=None
[2024-12-03T21:14:44.651+0700] {processor.py:208} INFO - Processing /home/tedubuamo/project/venv/lib/python3.12/site-packages/airflow/example_dags/example_dynamic_task_mapping.py took 0.242 seconds
[2024-12-03T21:14:51.636+0700] {processor.py:186} INFO - Started process (PID=3376) to work on /home/tedubuamo/project/venv/lib/python3.12/site-packages/airflow/example_dags/example_dynamic_task_mapping.py
[2024-12-03T21:14:51.636+0700] {processor.py:914} INFO - Processing file /home/tedubuamo/project/venv/lib/python3.12/site-packages/airflow/example_dags/example_dynamic_task_mapping.py for tasks to queue
[2024-12-03T21:14:51.638+0700] {logging_mixin.py:190} INFO - [2024-12-03T21:14:51.637+0700] {dagbag.py:588} INFO - Filling up the DagBag from /home/tedubuamo/project/venv/lib/python3.12/site-packages/airflow/example_dags/example_dynamic_task_mapping.py
[2024-12-03T21:14:51.644+0700] {processor.py:925} INFO - DAG(s) 'example_dynamic_task_mapping' retrieved from /home/tedubuamo/project/venv/lib/python3.12/site-packages/airflow/example_dags/example_dynamic_task_mapping.py
[2024-12-03T21:14:51.655+0700] {logging_mixin.py:190} INFO - [2024-12-03T21:14:51.655+0700] {dag.py:3239} INFO - Sync 1 DAGs
[2024-12-03T21:14:51.663+0700] {logging_mixin.py:190} INFO - [2024-12-03T21:14:51.663+0700] {dag.py:4180} INFO - Setting next_dagrun for example_dynamic_task_mapping to None, run_after=None
[2024-12-03T21:14:51.680+0700] {processor.py:208} INFO - Processing /home/tedubuamo/project/venv/lib/python3.12/site-packages/airflow/example_dags/example_dynamic_task_mapping.py took 0.048 seconds
[2024-12-03T21:15:35.674+0700] {processor.py:186} INFO - Started process (PID=3464) to work on /home/tedubuamo/project/venv/lib/python3.12/site-packages/airflow/example_dags/example_dynamic_task_mapping.py
[2024-12-03T21:15:35.676+0700] {processor.py:914} INFO - Processing file /home/tedubuamo/project/venv/lib/python3.12/site-packages/airflow/example_dags/example_dynamic_task_mapping.py for tasks to queue
[2024-12-03T21:15:35.680+0700] {logging_mixin.py:190} INFO - [2024-12-03T21:15:35.679+0700] {dagbag.py:588} INFO - Filling up the DagBag from /home/tedubuamo/project/venv/lib/python3.12/site-packages/airflow/example_dags/example_dynamic_task_mapping.py
[2024-12-03T21:15:35.700+0700] {processor.py:925} INFO - DAG(s) 'example_dynamic_task_mapping' retrieved from /home/tedubuamo/project/venv/lib/python3.12/site-packages/airflow/example_dags/example_dynamic_task_mapping.py
[2024-12-03T21:15:35.734+0700] {logging_mixin.py:190} INFO - [2024-12-03T21:15:35.733+0700] {dag.py:3239} INFO - Sync 1 DAGs
[2024-12-03T21:15:35.775+0700] {logging_mixin.py:190} INFO - [2024-12-03T21:15:35.775+0700] {dag.py:4180} INFO - Setting next_dagrun for example_dynamic_task_mapping to None, run_after=None
[2024-12-03T21:15:35.809+0700] {processor.py:208} INFO - Processing /home/tedubuamo/project/venv/lib/python3.12/site-packages/airflow/example_dags/example_dynamic_task_mapping.py took 0.146 seconds
[2024-12-03T21:15:40.701+0700] {processor.py:186} INFO - Started process (PID=3475) to work on /home/tedubuamo/project/venv/lib/python3.12/site-packages/airflow/example_dags/example_dynamic_task_mapping.py
[2024-12-03T21:15:40.703+0700] {processor.py:914} INFO - Processing file /home/tedubuamo/project/venv/lib/python3.12/site-packages/airflow/example_dags/example_dynamic_task_mapping.py for tasks to queue
[2024-12-03T21:15:40.704+0700] {logging_mixin.py:190} INFO - [2024-12-03T21:15:40.704+0700] {dagbag.py:588} INFO - Filling up the DagBag from /home/tedubuamo/project/venv/lib/python3.12/site-packages/airflow/example_dags/example_dynamic_task_mapping.py
[2024-12-03T21:15:40.711+0700] {processor.py:925} INFO - DAG(s) 'example_dynamic_task_mapping' retrieved from /home/tedubuamo/project/venv/lib/python3.12/site-packages/airflow/example_dags/example_dynamic_task_mapping.py
[2024-12-03T21:15:40.723+0700] {logging_mixin.py:190} INFO - [2024-12-03T21:15:40.723+0700] {dag.py:3239} INFO - Sync 1 DAGs
[2024-12-03T21:15:40.732+0700] {logging_mixin.py:190} INFO - [2024-12-03T21:15:40.732+0700] {dag.py:4180} INFO - Setting next_dagrun for example_dynamic_task_mapping to None, run_after=None
[2024-12-03T21:15:40.750+0700] {processor.py:208} INFO - Processing /home/tedubuamo/project/venv/lib/python3.12/site-packages/airflow/example_dags/example_dynamic_task_mapping.py took 0.053 seconds
[2024-12-03T21:16:26.968+0700] {processor.py:186} INFO - Started process (PID=3578) to work on /home/tedubuamo/project/venv/lib/python3.12/site-packages/airflow/example_dags/example_dynamic_task_mapping.py
[2024-12-03T21:16:26.970+0700] {processor.py:914} INFO - Processing file /home/tedubuamo/project/venv/lib/python3.12/site-packages/airflow/example_dags/example_dynamic_task_mapping.py for tasks to queue
[2024-12-03T21:16:26.972+0700] {logging_mixin.py:190} INFO - [2024-12-03T21:16:26.972+0700] {dagbag.py:588} INFO - Filling up the DagBag from /home/tedubuamo/project/venv/lib/python3.12/site-packages/airflow/example_dags/example_dynamic_task_mapping.py
[2024-12-03T21:16:26.981+0700] {processor.py:925} INFO - DAG(s) 'example_dynamic_task_mapping' retrieved from /home/tedubuamo/project/venv/lib/python3.12/site-packages/airflow/example_dags/example_dynamic_task_mapping.py
[2024-12-03T21:16:26.996+0700] {logging_mixin.py:190} INFO - [2024-12-03T21:16:26.996+0700] {dag.py:3239} INFO - Sync 1 DAGs
[2024-12-03T21:16:27.008+0700] {logging_mixin.py:190} INFO - [2024-12-03T21:16:27.007+0700] {dag.py:4180} INFO - Setting next_dagrun for example_dynamic_task_mapping to None, run_after=None
[2024-12-03T21:16:27.027+0700] {processor.py:208} INFO - Processing /home/tedubuamo/project/venv/lib/python3.12/site-packages/airflow/example_dags/example_dynamic_task_mapping.py took 0.064 seconds
[2024-12-03T21:16:33.026+0700] {processor.py:186} INFO - Started process (PID=3591) to work on /home/tedubuamo/project/venv/lib/python3.12/site-packages/airflow/example_dags/example_dynamic_task_mapping.py
[2024-12-03T21:16:33.028+0700] {processor.py:914} INFO - Processing file /home/tedubuamo/project/venv/lib/python3.12/site-packages/airflow/example_dags/example_dynamic_task_mapping.py for tasks to queue
[2024-12-03T21:16:33.030+0700] {logging_mixin.py:190} INFO - [2024-12-03T21:16:33.030+0700] {dagbag.py:588} INFO - Filling up the DagBag from /home/tedubuamo/project/venv/lib/python3.12/site-packages/airflow/example_dags/example_dynamic_task_mapping.py
[2024-12-03T21:16:33.037+0700] {processor.py:925} INFO - DAG(s) 'example_dynamic_task_mapping' retrieved from /home/tedubuamo/project/venv/lib/python3.12/site-packages/airflow/example_dags/example_dynamic_task_mapping.py
[2024-12-03T21:16:33.053+0700] {logging_mixin.py:190} INFO - [2024-12-03T21:16:33.053+0700] {dag.py:3239} INFO - Sync 1 DAGs
[2024-12-03T21:16:33.076+0700] {logging_mixin.py:190} INFO - [2024-12-03T21:16:33.076+0700] {dag.py:4180} INFO - Setting next_dagrun for example_dynamic_task_mapping to None, run_after=None
[2024-12-03T21:16:33.115+0700] {processor.py:208} INFO - Processing /home/tedubuamo/project/venv/lib/python3.12/site-packages/airflow/example_dags/example_dynamic_task_mapping.py took 0.094 seconds
[2024-12-03T21:17:21.649+0700] {processor.py:186} INFO - Started process (PID=3718) to work on /home/tedubuamo/project/venv/lib/python3.12/site-packages/airflow/example_dags/example_dynamic_task_mapping.py
[2024-12-03T21:17:21.651+0700] {processor.py:914} INFO - Processing file /home/tedubuamo/project/venv/lib/python3.12/site-packages/airflow/example_dags/example_dynamic_task_mapping.py for tasks to queue
[2024-12-03T21:17:21.652+0700] {logging_mixin.py:190} INFO - [2024-12-03T21:17:21.652+0700] {dagbag.py:588} INFO - Filling up the DagBag from /home/tedubuamo/project/venv/lib/python3.12/site-packages/airflow/example_dags/example_dynamic_task_mapping.py
[2024-12-03T21:17:21.658+0700] {processor.py:925} INFO - DAG(s) 'example_dynamic_task_mapping' retrieved from /home/tedubuamo/project/venv/lib/python3.12/site-packages/airflow/example_dags/example_dynamic_task_mapping.py
[2024-12-03T21:17:21.668+0700] {logging_mixin.py:190} INFO - [2024-12-03T21:17:21.668+0700] {dag.py:3239} INFO - Sync 1 DAGs
[2024-12-03T21:17:21.676+0700] {logging_mixin.py:190} INFO - [2024-12-03T21:17:21.676+0700] {dag.py:4180} INFO - Setting next_dagrun for example_dynamic_task_mapping to None, run_after=None
[2024-12-03T21:17:21.692+0700] {processor.py:208} INFO - Processing /home/tedubuamo/project/venv/lib/python3.12/site-packages/airflow/example_dags/example_dynamic_task_mapping.py took 0.048 seconds
[2024-12-03T21:17:23.299+0700] {processor.py:186} INFO - Started process (PID=3721) to work on /home/tedubuamo/project/venv/lib/python3.12/site-packages/airflow/example_dags/example_dynamic_task_mapping.py
[2024-12-03T21:17:23.300+0700] {processor.py:914} INFO - Processing file /home/tedubuamo/project/venv/lib/python3.12/site-packages/airflow/example_dags/example_dynamic_task_mapping.py for tasks to queue
[2024-12-03T21:17:23.301+0700] {logging_mixin.py:190} INFO - [2024-12-03T21:17:23.301+0700] {dagbag.py:588} INFO - Filling up the DagBag from /home/tedubuamo/project/venv/lib/python3.12/site-packages/airflow/example_dags/example_dynamic_task_mapping.py
[2024-12-03T21:17:23.308+0700] {processor.py:925} INFO - DAG(s) 'example_dynamic_task_mapping' retrieved from /home/tedubuamo/project/venv/lib/python3.12/site-packages/airflow/example_dags/example_dynamic_task_mapping.py
[2024-12-03T21:17:23.318+0700] {logging_mixin.py:190} INFO - [2024-12-03T21:17:23.317+0700] {dag.py:3239} INFO - Sync 1 DAGs
[2024-12-03T21:17:23.327+0700] {logging_mixin.py:190} INFO - [2024-12-03T21:17:23.327+0700] {dag.py:4180} INFO - Setting next_dagrun for example_dynamic_task_mapping to None, run_after=None
[2024-12-03T21:17:23.343+0700] {processor.py:208} INFO - Processing /home/tedubuamo/project/venv/lib/python3.12/site-packages/airflow/example_dags/example_dynamic_task_mapping.py took 0.048 seconds
[2024-12-03T21:18:13.364+0700] {processor.py:186} INFO - Started process (PID=3841) to work on /home/tedubuamo/project/venv/lib/python3.12/site-packages/airflow/example_dags/example_dynamic_task_mapping.py
[2024-12-03T21:18:13.368+0700] {processor.py:914} INFO - Processing file /home/tedubuamo/project/venv/lib/python3.12/site-packages/airflow/example_dags/example_dynamic_task_mapping.py for tasks to queue
[2024-12-03T21:18:13.369+0700] {logging_mixin.py:190} INFO - [2024-12-03T21:18:13.369+0700] {dagbag.py:588} INFO - Filling up the DagBag from /home/tedubuamo/project/venv/lib/python3.12/site-packages/airflow/example_dags/example_dynamic_task_mapping.py
[2024-12-03T21:18:13.375+0700] {processor.py:925} INFO - DAG(s) 'example_dynamic_task_mapping' retrieved from /home/tedubuamo/project/venv/lib/python3.12/site-packages/airflow/example_dags/example_dynamic_task_mapping.py
[2024-12-03T21:18:13.386+0700] {logging_mixin.py:190} INFO - [2024-12-03T21:18:13.386+0700] {dag.py:3239} INFO - Sync 1 DAGs
[2024-12-03T21:18:13.395+0700] {logging_mixin.py:190} INFO - [2024-12-03T21:18:13.395+0700] {dag.py:4180} INFO - Setting next_dagrun for example_dynamic_task_mapping to None, run_after=None
[2024-12-03T21:18:13.412+0700] {processor.py:208} INFO - Processing /home/tedubuamo/project/venv/lib/python3.12/site-packages/airflow/example_dags/example_dynamic_task_mapping.py took 0.052 seconds
[2024-12-03T21:18:13.820+0700] {processor.py:186} INFO - Started process (PID=3842) to work on /home/tedubuamo/project/venv/lib/python3.12/site-packages/airflow/example_dags/example_dynamic_task_mapping.py
[2024-12-03T21:18:13.821+0700] {processor.py:914} INFO - Processing file /home/tedubuamo/project/venv/lib/python3.12/site-packages/airflow/example_dags/example_dynamic_task_mapping.py for tasks to queue
[2024-12-03T21:18:13.822+0700] {logging_mixin.py:190} INFO - [2024-12-03T21:18:13.822+0700] {dagbag.py:588} INFO - Filling up the DagBag from /home/tedubuamo/project/venv/lib/python3.12/site-packages/airflow/example_dags/example_dynamic_task_mapping.py
[2024-12-03T21:18:13.829+0700] {processor.py:925} INFO - DAG(s) 'example_dynamic_task_mapping' retrieved from /home/tedubuamo/project/venv/lib/python3.12/site-packages/airflow/example_dags/example_dynamic_task_mapping.py
[2024-12-03T21:18:13.840+0700] {logging_mixin.py:190} INFO - [2024-12-03T21:18:13.839+0700] {dag.py:3239} INFO - Sync 1 DAGs
[2024-12-03T21:18:13.848+0700] {logging_mixin.py:190} INFO - [2024-12-03T21:18:13.848+0700] {dag.py:4180} INFO - Setting next_dagrun for example_dynamic_task_mapping to None, run_after=None
[2024-12-03T21:18:13.864+0700] {processor.py:208} INFO - Processing /home/tedubuamo/project/venv/lib/python3.12/site-packages/airflow/example_dags/example_dynamic_task_mapping.py took 0.048 seconds
[2024-12-03T21:19:07.186+0700] {processor.py:186} INFO - Started process (PID=3943) to work on /home/tedubuamo/project/venv/lib/python3.12/site-packages/airflow/example_dags/example_dynamic_task_mapping.py
[2024-12-03T21:19:07.198+0700] {processor.py:914} INFO - Processing file /home/tedubuamo/project/venv/lib/python3.12/site-packages/airflow/example_dags/example_dynamic_task_mapping.py for tasks to queue
[2024-12-03T21:19:07.200+0700] {logging_mixin.py:190} INFO - [2024-12-03T21:19:07.199+0700] {dagbag.py:588} INFO - Filling up the DagBag from /home/tedubuamo/project/venv/lib/python3.12/site-packages/airflow/example_dags/example_dynamic_task_mapping.py
[2024-12-03T21:19:07.207+0700] {processor.py:925} INFO - DAG(s) 'example_dynamic_task_mapping' retrieved from /home/tedubuamo/project/venv/lib/python3.12/site-packages/airflow/example_dags/example_dynamic_task_mapping.py
[2024-12-03T21:19:07.277+0700] {logging_mixin.py:190} INFO - [2024-12-03T21:19:07.276+0700] {dag.py:3239} INFO - Sync 1 DAGs
[2024-12-03T21:19:07.284+0700] {logging_mixin.py:190} INFO - [2024-12-03T21:19:07.284+0700] {dag.py:4180} INFO - Setting next_dagrun for example_dynamic_task_mapping to None, run_after=None
[2024-12-03T21:19:07.306+0700] {processor.py:208} INFO - Processing /home/tedubuamo/project/venv/lib/python3.12/site-packages/airflow/example_dags/example_dynamic_task_mapping.py took 0.123 seconds
[2024-12-03T21:20:04.448+0700] {processor.py:186} INFO - Started process (PID=4005) to work on /home/tedubuamo/project/venv/lib/python3.12/site-packages/airflow/example_dags/example_dynamic_task_mapping.py
[2024-12-03T21:20:04.451+0700] {processor.py:914} INFO - Processing file /home/tedubuamo/project/venv/lib/python3.12/site-packages/airflow/example_dags/example_dynamic_task_mapping.py for tasks to queue
[2024-12-03T21:20:04.453+0700] {logging_mixin.py:190} INFO - [2024-12-03T21:20:04.453+0700] {dagbag.py:588} INFO - Filling up the DagBag from /home/tedubuamo/project/venv/lib/python3.12/site-packages/airflow/example_dags/example_dynamic_task_mapping.py
[2024-12-03T21:20:04.459+0700] {processor.py:925} INFO - DAG(s) 'example_dynamic_task_mapping' retrieved from /home/tedubuamo/project/venv/lib/python3.12/site-packages/airflow/example_dags/example_dynamic_task_mapping.py
[2024-12-03T21:20:04.469+0700] {logging_mixin.py:190} INFO - [2024-12-03T21:20:04.469+0700] {dag.py:3239} INFO - Sync 1 DAGs
[2024-12-03T21:20:04.478+0700] {logging_mixin.py:190} INFO - [2024-12-03T21:20:04.477+0700] {dag.py:4180} INFO - Setting next_dagrun for example_dynamic_task_mapping to None, run_after=None
[2024-12-03T21:20:04.494+0700] {processor.py:208} INFO - Processing /home/tedubuamo/project/venv/lib/python3.12/site-packages/airflow/example_dags/example_dynamic_task_mapping.py took 0.050 seconds
[2024-12-03T21:21:06.107+0700] {processor.py:186} INFO - Started process (PID=4108) to work on /home/tedubuamo/project/venv/lib/python3.12/site-packages/airflow/example_dags/example_dynamic_task_mapping.py
[2024-12-03T21:21:06.109+0700] {processor.py:914} INFO - Processing file /home/tedubuamo/project/venv/lib/python3.12/site-packages/airflow/example_dags/example_dynamic_task_mapping.py for tasks to queue
[2024-12-03T21:21:06.111+0700] {logging_mixin.py:190} INFO - [2024-12-03T21:21:06.110+0700] {dagbag.py:588} INFO - Filling up the DagBag from /home/tedubuamo/project/venv/lib/python3.12/site-packages/airflow/example_dags/example_dynamic_task_mapping.py
[2024-12-03T21:21:06.120+0700] {processor.py:925} INFO - DAG(s) 'example_dynamic_task_mapping' retrieved from /home/tedubuamo/project/venv/lib/python3.12/site-packages/airflow/example_dags/example_dynamic_task_mapping.py
[2024-12-03T21:21:06.133+0700] {logging_mixin.py:190} INFO - [2024-12-03T21:21:06.133+0700] {dag.py:3239} INFO - Sync 1 DAGs
[2024-12-03T21:21:06.145+0700] {logging_mixin.py:190} INFO - [2024-12-03T21:21:06.145+0700] {dag.py:4180} INFO - Setting next_dagrun for example_dynamic_task_mapping to None, run_after=None
[2024-12-03T21:21:06.168+0700] {processor.py:208} INFO - Processing /home/tedubuamo/project/venv/lib/python3.12/site-packages/airflow/example_dags/example_dynamic_task_mapping.py took 0.066 seconds
[2024-12-03T21:22:02.799+0700] {processor.py:186} INFO - Started process (PID=4183) to work on /home/tedubuamo/project/venv/lib/python3.12/site-packages/airflow/example_dags/example_dynamic_task_mapping.py
[2024-12-03T21:22:02.812+0700] {processor.py:914} INFO - Processing file /home/tedubuamo/project/venv/lib/python3.12/site-packages/airflow/example_dags/example_dynamic_task_mapping.py for tasks to queue
[2024-12-03T21:22:02.814+0700] {logging_mixin.py:190} INFO - [2024-12-03T21:22:02.814+0700] {dagbag.py:588} INFO - Filling up the DagBag from /home/tedubuamo/project/venv/lib/python3.12/site-packages/airflow/example_dags/example_dynamic_task_mapping.py
[2024-12-03T21:22:02.821+0700] {processor.py:925} INFO - DAG(s) 'example_dynamic_task_mapping' retrieved from /home/tedubuamo/project/venv/lib/python3.12/site-packages/airflow/example_dags/example_dynamic_task_mapping.py
[2024-12-03T21:22:02.832+0700] {logging_mixin.py:190} INFO - [2024-12-03T21:22:02.831+0700] {dag.py:3239} INFO - Sync 1 DAGs
[2024-12-03T21:22:02.841+0700] {logging_mixin.py:190} INFO - [2024-12-03T21:22:02.840+0700] {dag.py:4180} INFO - Setting next_dagrun for example_dynamic_task_mapping to None, run_after=None
[2024-12-03T21:22:02.857+0700] {processor.py:208} INFO - Processing /home/tedubuamo/project/venv/lib/python3.12/site-packages/airflow/example_dags/example_dynamic_task_mapping.py took 0.062 seconds
[2024-12-03T21:22:56.937+0700] {processor.py:186} INFO - Started process (PID=4264) to work on /home/tedubuamo/project/venv/lib/python3.12/site-packages/airflow/example_dags/example_dynamic_task_mapping.py
[2024-12-03T21:22:56.938+0700] {processor.py:914} INFO - Processing file /home/tedubuamo/project/venv/lib/python3.12/site-packages/airflow/example_dags/example_dynamic_task_mapping.py for tasks to queue
[2024-12-03T21:22:56.941+0700] {logging_mixin.py:190} INFO - [2024-12-03T21:22:56.940+0700] {dagbag.py:588} INFO - Filling up the DagBag from /home/tedubuamo/project/venv/lib/python3.12/site-packages/airflow/example_dags/example_dynamic_task_mapping.py
[2024-12-03T21:22:56.949+0700] {processor.py:925} INFO - DAG(s) 'example_dynamic_task_mapping' retrieved from /home/tedubuamo/project/venv/lib/python3.12/site-packages/airflow/example_dags/example_dynamic_task_mapping.py
[2024-12-03T21:22:56.962+0700] {logging_mixin.py:190} INFO - [2024-12-03T21:22:56.962+0700] {dag.py:3239} INFO - Sync 1 DAGs
[2024-12-03T21:22:56.972+0700] {logging_mixin.py:190} INFO - [2024-12-03T21:22:56.972+0700] {dag.py:4180} INFO - Setting next_dagrun for example_dynamic_task_mapping to None, run_after=None
[2024-12-03T21:22:56.992+0700] {processor.py:208} INFO - Processing /home/tedubuamo/project/venv/lib/python3.12/site-packages/airflow/example_dags/example_dynamic_task_mapping.py took 0.060 seconds
[2024-12-03T21:23:48.137+0700] {processor.py:186} INFO - Started process (PID=4316) to work on /home/tedubuamo/project/venv/lib/python3.12/site-packages/airflow/example_dags/example_dynamic_task_mapping.py
[2024-12-03T21:23:48.138+0700] {processor.py:914} INFO - Processing file /home/tedubuamo/project/venv/lib/python3.12/site-packages/airflow/example_dags/example_dynamic_task_mapping.py for tasks to queue
[2024-12-03T21:23:48.141+0700] {logging_mixin.py:190} INFO - [2024-12-03T21:23:48.140+0700] {dagbag.py:588} INFO - Filling up the DagBag from /home/tedubuamo/project/venv/lib/python3.12/site-packages/airflow/example_dags/example_dynamic_task_mapping.py
[2024-12-03T21:23:48.152+0700] {processor.py:925} INFO - DAG(s) 'example_dynamic_task_mapping' retrieved from /home/tedubuamo/project/venv/lib/python3.12/site-packages/airflow/example_dags/example_dynamic_task_mapping.py
[2024-12-03T21:23:48.167+0700] {logging_mixin.py:190} INFO - [2024-12-03T21:23:48.167+0700] {dag.py:3239} INFO - Sync 1 DAGs
[2024-12-03T21:23:48.178+0700] {logging_mixin.py:190} INFO - [2024-12-03T21:23:48.178+0700] {dag.py:4180} INFO - Setting next_dagrun for example_dynamic_task_mapping to None, run_after=None
[2024-12-03T21:23:48.197+0700] {processor.py:208} INFO - Processing /home/tedubuamo/project/venv/lib/python3.12/site-packages/airflow/example_dags/example_dynamic_task_mapping.py took 0.066 seconds
[2024-12-03T21:24:42.643+0700] {processor.py:186} INFO - Started process (PID=4395) to work on /home/tedubuamo/project/venv/lib/python3.12/site-packages/airflow/example_dags/example_dynamic_task_mapping.py
[2024-12-03T21:24:42.647+0700] {processor.py:914} INFO - Processing file /home/tedubuamo/project/venv/lib/python3.12/site-packages/airflow/example_dags/example_dynamic_task_mapping.py for tasks to queue
[2024-12-03T21:24:42.649+0700] {logging_mixin.py:190} INFO - [2024-12-03T21:24:42.649+0700] {dagbag.py:588} INFO - Filling up the DagBag from /home/tedubuamo/project/venv/lib/python3.12/site-packages/airflow/example_dags/example_dynamic_task_mapping.py
[2024-12-03T21:24:42.655+0700] {processor.py:925} INFO - DAG(s) 'example_dynamic_task_mapping' retrieved from /home/tedubuamo/project/venv/lib/python3.12/site-packages/airflow/example_dags/example_dynamic_task_mapping.py
[2024-12-03T21:24:42.666+0700] {logging_mixin.py:190} INFO - [2024-12-03T21:24:42.666+0700] {dag.py:3239} INFO - Sync 1 DAGs
[2024-12-03T21:24:42.675+0700] {logging_mixin.py:190} INFO - [2024-12-03T21:24:42.675+0700] {dag.py:4180} INFO - Setting next_dagrun for example_dynamic_task_mapping to None, run_after=None
[2024-12-03T21:24:42.695+0700] {processor.py:208} INFO - Processing /home/tedubuamo/project/venv/lib/python3.12/site-packages/airflow/example_dags/example_dynamic_task_mapping.py took 0.056 seconds
[2024-12-03T21:25:39.614+0700] {processor.py:186} INFO - Started process (PID=4478) to work on /home/tedubuamo/project/venv/lib/python3.12/site-packages/airflow/example_dags/example_dynamic_task_mapping.py
[2024-12-03T21:25:39.615+0700] {processor.py:914} INFO - Processing file /home/tedubuamo/project/venv/lib/python3.12/site-packages/airflow/example_dags/example_dynamic_task_mapping.py for tasks to queue
[2024-12-03T21:25:39.617+0700] {logging_mixin.py:190} INFO - [2024-12-03T21:25:39.617+0700] {dagbag.py:588} INFO - Filling up the DagBag from /home/tedubuamo/project/venv/lib/python3.12/site-packages/airflow/example_dags/example_dynamic_task_mapping.py
[2024-12-03T21:25:39.625+0700] {processor.py:925} INFO - DAG(s) 'example_dynamic_task_mapping' retrieved from /home/tedubuamo/project/venv/lib/python3.12/site-packages/airflow/example_dags/example_dynamic_task_mapping.py
[2024-12-03T21:25:39.637+0700] {logging_mixin.py:190} INFO - [2024-12-03T21:25:39.636+0700] {dag.py:3239} INFO - Sync 1 DAGs
[2024-12-03T21:25:39.647+0700] {logging_mixin.py:190} INFO - [2024-12-03T21:25:39.647+0700] {dag.py:4180} INFO - Setting next_dagrun for example_dynamic_task_mapping to None, run_after=None
[2024-12-03T21:25:39.666+0700] {processor.py:208} INFO - Processing /home/tedubuamo/project/venv/lib/python3.12/site-packages/airflow/example_dags/example_dynamic_task_mapping.py took 0.057 seconds
[2024-12-03T21:26:37.279+0700] {processor.py:186} INFO - Started process (PID=4539) to work on /home/tedubuamo/project/venv/lib/python3.12/site-packages/airflow/example_dags/example_dynamic_task_mapping.py
[2024-12-03T21:26:37.283+0700] {processor.py:914} INFO - Processing file /home/tedubuamo/project/venv/lib/python3.12/site-packages/airflow/example_dags/example_dynamic_task_mapping.py for tasks to queue
[2024-12-03T21:26:37.284+0700] {logging_mixin.py:190} INFO - [2024-12-03T21:26:37.284+0700] {dagbag.py:588} INFO - Filling up the DagBag from /home/tedubuamo/project/venv/lib/python3.12/site-packages/airflow/example_dags/example_dynamic_task_mapping.py
[2024-12-03T21:26:37.291+0700] {processor.py:925} INFO - DAG(s) 'example_dynamic_task_mapping' retrieved from /home/tedubuamo/project/venv/lib/python3.12/site-packages/airflow/example_dags/example_dynamic_task_mapping.py
[2024-12-03T21:26:37.302+0700] {logging_mixin.py:190} INFO - [2024-12-03T21:26:37.302+0700] {dag.py:3239} INFO - Sync 1 DAGs
[2024-12-03T21:26:37.311+0700] {logging_mixin.py:190} INFO - [2024-12-03T21:26:37.311+0700] {dag.py:4180} INFO - Setting next_dagrun for example_dynamic_task_mapping to None, run_after=None
[2024-12-03T21:26:37.329+0700] {processor.py:208} INFO - Processing /home/tedubuamo/project/venv/lib/python3.12/site-packages/airflow/example_dags/example_dynamic_task_mapping.py took 0.054 seconds
[2024-12-03T21:27:27.558+0700] {processor.py:186} INFO - Started process (PID=4608) to work on /home/tedubuamo/project/venv/lib/python3.12/site-packages/airflow/example_dags/example_dynamic_task_mapping.py
[2024-12-03T21:27:27.562+0700] {processor.py:914} INFO - Processing file /home/tedubuamo/project/venv/lib/python3.12/site-packages/airflow/example_dags/example_dynamic_task_mapping.py for tasks to queue
[2024-12-03T21:27:27.565+0700] {logging_mixin.py:190} INFO - [2024-12-03T21:27:27.564+0700] {dagbag.py:588} INFO - Filling up the DagBag from /home/tedubuamo/project/venv/lib/python3.12/site-packages/airflow/example_dags/example_dynamic_task_mapping.py
[2024-12-03T21:27:27.574+0700] {processor.py:925} INFO - DAG(s) 'example_dynamic_task_mapping' retrieved from /home/tedubuamo/project/venv/lib/python3.12/site-packages/airflow/example_dags/example_dynamic_task_mapping.py
[2024-12-03T21:27:27.589+0700] {logging_mixin.py:190} INFO - [2024-12-03T21:27:27.589+0700] {dag.py:3239} INFO - Sync 1 DAGs
[2024-12-03T21:27:27.600+0700] {logging_mixin.py:190} INFO - [2024-12-03T21:27:27.600+0700] {dag.py:4180} INFO - Setting next_dagrun for example_dynamic_task_mapping to None, run_after=None
[2024-12-03T21:27:27.621+0700] {processor.py:208} INFO - Processing /home/tedubuamo/project/venv/lib/python3.12/site-packages/airflow/example_dags/example_dynamic_task_mapping.py took 0.068 seconds
[2024-12-03T21:28:23.270+0700] {processor.py:186} INFO - Started process (PID=4670) to work on /home/tedubuamo/project/venv/lib/python3.12/site-packages/airflow/example_dags/example_dynamic_task_mapping.py
[2024-12-03T21:28:23.272+0700] {processor.py:914} INFO - Processing file /home/tedubuamo/project/venv/lib/python3.12/site-packages/airflow/example_dags/example_dynamic_task_mapping.py for tasks to queue
[2024-12-03T21:28:23.274+0700] {logging_mixin.py:190} INFO - [2024-12-03T21:28:23.273+0700] {dagbag.py:588} INFO - Filling up the DagBag from /home/tedubuamo/project/venv/lib/python3.12/site-packages/airflow/example_dags/example_dynamic_task_mapping.py
[2024-12-03T21:28:23.281+0700] {processor.py:925} INFO - DAG(s) 'example_dynamic_task_mapping' retrieved from /home/tedubuamo/project/venv/lib/python3.12/site-packages/airflow/example_dags/example_dynamic_task_mapping.py
[2024-12-03T21:28:23.291+0700] {logging_mixin.py:190} INFO - [2024-12-03T21:28:23.291+0700] {dag.py:3239} INFO - Sync 1 DAGs
[2024-12-03T21:28:23.301+0700] {logging_mixin.py:190} INFO - [2024-12-03T21:28:23.301+0700] {dag.py:4180} INFO - Setting next_dagrun for example_dynamic_task_mapping to None, run_after=None
[2024-12-03T21:28:23.341+0700] {processor.py:208} INFO - Processing /home/tedubuamo/project/venv/lib/python3.12/site-packages/airflow/example_dags/example_dynamic_task_mapping.py took 0.076 seconds
[2024-12-03T21:29:17.341+0700] {processor.py:186} INFO - Started process (PID=4806) to work on /home/tedubuamo/project/venv/lib/python3.12/site-packages/airflow/example_dags/example_dynamic_task_mapping.py
[2024-12-03T21:29:17.342+0700] {processor.py:914} INFO - Processing file /home/tedubuamo/project/venv/lib/python3.12/site-packages/airflow/example_dags/example_dynamic_task_mapping.py for tasks to queue
[2024-12-03T21:29:17.344+0700] {logging_mixin.py:190} INFO - [2024-12-03T21:29:17.344+0700] {dagbag.py:588} INFO - Filling up the DagBag from /home/tedubuamo/project/venv/lib/python3.12/site-packages/airflow/example_dags/example_dynamic_task_mapping.py
[2024-12-03T21:29:17.351+0700] {processor.py:925} INFO - DAG(s) 'example_dynamic_task_mapping' retrieved from /home/tedubuamo/project/venv/lib/python3.12/site-packages/airflow/example_dags/example_dynamic_task_mapping.py
[2024-12-03T21:29:17.363+0700] {logging_mixin.py:190} INFO - [2024-12-03T21:29:17.363+0700] {dag.py:3239} INFO - Sync 1 DAGs
[2024-12-03T21:29:17.375+0700] {logging_mixin.py:190} INFO - [2024-12-03T21:29:17.374+0700] {dag.py:4180} INFO - Setting next_dagrun for example_dynamic_task_mapping to None, run_after=None
[2024-12-03T21:29:17.395+0700] {processor.py:208} INFO - Processing /home/tedubuamo/project/venv/lib/python3.12/site-packages/airflow/example_dags/example_dynamic_task_mapping.py took 0.058 seconds
[2024-12-03T21:30:10.176+0700] {processor.py:186} INFO - Started process (PID=4865) to work on /home/tedubuamo/project/venv/lib/python3.12/site-packages/airflow/example_dags/example_dynamic_task_mapping.py
[2024-12-03T21:30:10.188+0700] {processor.py:914} INFO - Processing file /home/tedubuamo/project/venv/lib/python3.12/site-packages/airflow/example_dags/example_dynamic_task_mapping.py for tasks to queue
[2024-12-03T21:30:10.190+0700] {logging_mixin.py:190} INFO - [2024-12-03T21:30:10.190+0700] {dagbag.py:588} INFO - Filling up the DagBag from /home/tedubuamo/project/venv/lib/python3.12/site-packages/airflow/example_dags/example_dynamic_task_mapping.py
[2024-12-03T21:30:10.200+0700] {processor.py:925} INFO - DAG(s) 'example_dynamic_task_mapping' retrieved from /home/tedubuamo/project/venv/lib/python3.12/site-packages/airflow/example_dags/example_dynamic_task_mapping.py
[2024-12-03T21:30:10.215+0700] {logging_mixin.py:190} INFO - [2024-12-03T21:30:10.214+0700] {dag.py:3239} INFO - Sync 1 DAGs
[2024-12-03T21:30:10.229+0700] {logging_mixin.py:190} INFO - [2024-12-03T21:30:10.228+0700] {dag.py:4180} INFO - Setting next_dagrun for example_dynamic_task_mapping to None, run_after=None
[2024-12-03T21:30:10.253+0700] {processor.py:208} INFO - Processing /home/tedubuamo/project/venv/lib/python3.12/site-packages/airflow/example_dags/example_dynamic_task_mapping.py took 0.083 seconds
[2024-12-03T21:31:05.478+0700] {processor.py:186} INFO - Started process (PID=4930) to work on /home/tedubuamo/project/venv/lib/python3.12/site-packages/airflow/example_dags/example_dynamic_task_mapping.py
[2024-12-03T21:31:05.479+0700] {processor.py:914} INFO - Processing file /home/tedubuamo/project/venv/lib/python3.12/site-packages/airflow/example_dags/example_dynamic_task_mapping.py for tasks to queue
[2024-12-03T21:31:05.481+0700] {logging_mixin.py:190} INFO - [2024-12-03T21:31:05.481+0700] {dagbag.py:588} INFO - Filling up the DagBag from /home/tedubuamo/project/venv/lib/python3.12/site-packages/airflow/example_dags/example_dynamic_task_mapping.py
[2024-12-03T21:31:05.488+0700] {processor.py:925} INFO - DAG(s) 'example_dynamic_task_mapping' retrieved from /home/tedubuamo/project/venv/lib/python3.12/site-packages/airflow/example_dags/example_dynamic_task_mapping.py
[2024-12-03T21:31:05.498+0700] {logging_mixin.py:190} INFO - [2024-12-03T21:31:05.498+0700] {dag.py:3239} INFO - Sync 1 DAGs
[2024-12-03T21:31:05.508+0700] {logging_mixin.py:190} INFO - [2024-12-03T21:31:05.508+0700] {dag.py:4180} INFO - Setting next_dagrun for example_dynamic_task_mapping to None, run_after=None
[2024-12-03T21:31:05.529+0700] {processor.py:208} INFO - Processing /home/tedubuamo/project/venv/lib/python3.12/site-packages/airflow/example_dags/example_dynamic_task_mapping.py took 0.056 seconds
