[2024-12-03T20:57:56.321+0700] {processor.py:186} INFO - Started process (PID=1649) to work on /home/tedubuamo/project/venv/lib/python3.12/site-packages/airflow/example_dags/example_python_operator.py
[2024-12-03T20:57:56.321+0700] {processor.py:914} INFO - Processing file /home/tedubuamo/project/venv/lib/python3.12/site-packages/airflow/example_dags/example_python_operator.py for tasks to queue
[2024-12-03T20:57:56.322+0700] {logging_mixin.py:190} INFO - [2024-12-03T20:57:56.322+0700] {dagbag.py:588} INFO - Filling up the DagBag from /home/tedubuamo/project/venv/lib/python3.12/site-packages/airflow/example_dags/example_python_operator.py
[2024-12-03T20:57:56.386+0700] {logging_mixin.py:190} INFO - [2024-12-03T20:57:56.386+0700] {example_python_operator.py:93} WARNING - The virtalenv_python example task requires virtualenv, please install it.
[2024-12-03T20:57:56.388+0700] {processor.py:925} INFO - DAG(s) 'example_python_operator' retrieved from /home/tedubuamo/project/venv/lib/python3.12/site-packages/airflow/example_dags/example_python_operator.py
[2024-12-03T20:57:56.457+0700] {logging_mixin.py:190} INFO - [2024-12-03T20:57:56.457+0700] {dag.py:3239} INFO - Sync 1 DAGs
[2024-12-03T20:57:56.466+0700] {logging_mixin.py:190} INFO - [2024-12-03T20:57:56.466+0700] {dag.py:4180} INFO - Setting next_dagrun for example_python_operator to None, run_after=None
[2024-12-03T20:57:56.486+0700] {processor.py:208} INFO - Processing /home/tedubuamo/project/venv/lib/python3.12/site-packages/airflow/example_dags/example_python_operator.py took 0.170 seconds
[2024-12-03T20:58:51.980+0700] {processor.py:186} INFO - Started process (PID=1706) to work on /home/tedubuamo/project/venv/lib/python3.12/site-packages/airflow/example_dags/example_python_operator.py
[2024-12-03T20:58:51.984+0700] {processor.py:914} INFO - Processing file /home/tedubuamo/project/venv/lib/python3.12/site-packages/airflow/example_dags/example_python_operator.py for tasks to queue
[2024-12-03T20:58:51.985+0700] {logging_mixin.py:190} INFO - [2024-12-03T20:58:51.985+0700] {dagbag.py:588} INFO - Filling up the DagBag from /home/tedubuamo/project/venv/lib/python3.12/site-packages/airflow/example_dags/example_python_operator.py
[2024-12-03T20:58:52.048+0700] {logging_mixin.py:190} INFO - [2024-12-03T20:58:52.048+0700] {example_python_operator.py:93} WARNING - The virtalenv_python example task requires virtualenv, please install it.
[2024-12-03T20:58:52.050+0700] {processor.py:925} INFO - DAG(s) 'example_python_operator' retrieved from /home/tedubuamo/project/venv/lib/python3.12/site-packages/airflow/example_dags/example_python_operator.py
[2024-12-03T20:58:52.060+0700] {logging_mixin.py:190} INFO - [2024-12-03T20:58:52.060+0700] {dag.py:3239} INFO - Sync 1 DAGs
[2024-12-03T20:58:52.068+0700] {logging_mixin.py:190} INFO - [2024-12-03T20:58:52.068+0700] {dag.py:4180} INFO - Setting next_dagrun for example_python_operator to None, run_after=None
[2024-12-03T20:58:52.086+0700] {processor.py:208} INFO - Processing /home/tedubuamo/project/venv/lib/python3.12/site-packages/airflow/example_dags/example_python_operator.py took 0.109 seconds
[2024-12-03T20:59:47.370+0700] {processor.py:186} INFO - Started process (PID=1763) to work on /home/tedubuamo/project/venv/lib/python3.12/site-packages/airflow/example_dags/example_python_operator.py
[2024-12-03T20:59:47.372+0700] {processor.py:914} INFO - Processing file /home/tedubuamo/project/venv/lib/python3.12/site-packages/airflow/example_dags/example_python_operator.py for tasks to queue
[2024-12-03T20:59:47.373+0700] {logging_mixin.py:190} INFO - [2024-12-03T20:59:47.373+0700] {dagbag.py:588} INFO - Filling up the DagBag from /home/tedubuamo/project/venv/lib/python3.12/site-packages/airflow/example_dags/example_python_operator.py
[2024-12-03T20:59:47.440+0700] {logging_mixin.py:190} INFO - [2024-12-03T20:59:47.439+0700] {example_python_operator.py:93} WARNING - The virtalenv_python example task requires virtualenv, please install it.
[2024-12-03T20:59:47.441+0700] {processor.py:925} INFO - DAG(s) 'example_python_operator' retrieved from /home/tedubuamo/project/venv/lib/python3.12/site-packages/airflow/example_dags/example_python_operator.py
[2024-12-03T20:59:47.452+0700] {logging_mixin.py:190} INFO - [2024-12-03T20:59:47.452+0700] {dag.py:3239} INFO - Sync 1 DAGs
[2024-12-03T20:59:47.461+0700] {logging_mixin.py:190} INFO - [2024-12-03T20:59:47.460+0700] {dag.py:4180} INFO - Setting next_dagrun for example_python_operator to None, run_after=None
[2024-12-03T20:59:47.480+0700] {processor.py:208} INFO - Processing /home/tedubuamo/project/venv/lib/python3.12/site-packages/airflow/example_dags/example_python_operator.py took 0.114 seconds
[2024-12-03T21:00:40.179+0700] {processor.py:186} INFO - Started process (PID=1818) to work on /home/tedubuamo/project/venv/lib/python3.12/site-packages/airflow/example_dags/example_python_operator.py
[2024-12-03T21:00:40.180+0700] {processor.py:914} INFO - Processing file /home/tedubuamo/project/venv/lib/python3.12/site-packages/airflow/example_dags/example_python_operator.py for tasks to queue
[2024-12-03T21:00:40.182+0700] {logging_mixin.py:190} INFO - [2024-12-03T21:00:40.181+0700] {dagbag.py:588} INFO - Filling up the DagBag from /home/tedubuamo/project/venv/lib/python3.12/site-packages/airflow/example_dags/example_python_operator.py
[2024-12-03T21:00:40.247+0700] {logging_mixin.py:190} INFO - [2024-12-03T21:00:40.247+0700] {example_python_operator.py:93} WARNING - The virtalenv_python example task requires virtualenv, please install it.
[2024-12-03T21:00:40.249+0700] {processor.py:925} INFO - DAG(s) 'example_python_operator' retrieved from /home/tedubuamo/project/venv/lib/python3.12/site-packages/airflow/example_dags/example_python_operator.py
[2024-12-03T21:00:40.261+0700] {logging_mixin.py:190} INFO - [2024-12-03T21:00:40.261+0700] {dag.py:3239} INFO - Sync 1 DAGs
[2024-12-03T21:00:40.270+0700] {logging_mixin.py:190} INFO - [2024-12-03T21:00:40.269+0700] {dag.py:4180} INFO - Setting next_dagrun for example_python_operator to None, run_after=None
[2024-12-03T21:00:40.288+0700] {processor.py:208} INFO - Processing /home/tedubuamo/project/venv/lib/python3.12/site-packages/airflow/example_dags/example_python_operator.py took 0.113 seconds
[2024-12-03T21:05:21.375+0700] {processor.py:186} INFO - Started process (PID=2031) to work on /home/tedubuamo/project/venv/lib/python3.12/site-packages/airflow/example_dags/example_python_operator.py
[2024-12-03T21:05:21.377+0700] {processor.py:914} INFO - Processing file /home/tedubuamo/project/venv/lib/python3.12/site-packages/airflow/example_dags/example_python_operator.py for tasks to queue
[2024-12-03T21:05:21.379+0700] {logging_mixin.py:190} INFO - [2024-12-03T21:05:21.379+0700] {dagbag.py:588} INFO - Filling up the DagBag from /home/tedubuamo/project/venv/lib/python3.12/site-packages/airflow/example_dags/example_python_operator.py
[2024-12-03T21:05:21.440+0700] {logging_mixin.py:190} INFO - [2024-12-03T21:05:21.440+0700] {example_python_operator.py:93} WARNING - The virtalenv_python example task requires virtualenv, please install it.
[2024-12-03T21:05:21.442+0700] {processor.py:925} INFO - DAG(s) 'example_python_operator' retrieved from /home/tedubuamo/project/venv/lib/python3.12/site-packages/airflow/example_dags/example_python_operator.py
[2024-12-03T21:05:21.454+0700] {logging_mixin.py:190} INFO - [2024-12-03T21:05:21.454+0700] {dag.py:3239} INFO - Sync 1 DAGs
[2024-12-03T21:05:21.463+0700] {logging_mixin.py:190} INFO - [2024-12-03T21:05:21.463+0700] {dag.py:4180} INFO - Setting next_dagrun for example_python_operator to None, run_after=None
[2024-12-03T21:05:21.479+0700] {processor.py:208} INFO - Processing /home/tedubuamo/project/venv/lib/python3.12/site-packages/airflow/example_dags/example_python_operator.py took 0.108 seconds
[2024-12-03T21:06:16.822+0700] {processor.py:186} INFO - Started process (PID=2184) to work on /home/tedubuamo/project/venv/lib/python3.12/site-packages/airflow/example_dags/example_python_operator.py
[2024-12-03T21:06:16.823+0700] {processor.py:914} INFO - Processing file /home/tedubuamo/project/venv/lib/python3.12/site-packages/airflow/example_dags/example_python_operator.py for tasks to queue
[2024-12-03T21:06:16.825+0700] {logging_mixin.py:190} INFO - [2024-12-03T21:06:16.825+0700] {dagbag.py:588} INFO - Filling up the DagBag from /home/tedubuamo/project/venv/lib/python3.12/site-packages/airflow/example_dags/example_python_operator.py
[2024-12-03T21:06:16.887+0700] {logging_mixin.py:190} INFO - [2024-12-03T21:06:16.887+0700] {example_python_operator.py:93} WARNING - The virtalenv_python example task requires virtualenv, please install it.
[2024-12-03T21:06:16.889+0700] {processor.py:925} INFO - DAG(s) 'example_python_operator' retrieved from /home/tedubuamo/project/venv/lib/python3.12/site-packages/airflow/example_dags/example_python_operator.py
[2024-12-03T21:06:16.900+0700] {logging_mixin.py:190} INFO - [2024-12-03T21:06:16.900+0700] {dag.py:3239} INFO - Sync 1 DAGs
[2024-12-03T21:06:16.909+0700] {logging_mixin.py:190} INFO - [2024-12-03T21:06:16.908+0700] {dag.py:4180} INFO - Setting next_dagrun for example_python_operator to None, run_after=None
[2024-12-03T21:06:16.925+0700] {processor.py:208} INFO - Processing /home/tedubuamo/project/venv/lib/python3.12/site-packages/airflow/example_dags/example_python_operator.py took 0.106 seconds
[2024-12-03T21:06:18.282+0700] {processor.py:186} INFO - Started process (PID=2187) to work on /home/tedubuamo/project/venv/lib/python3.12/site-packages/airflow/example_dags/example_python_operator.py
[2024-12-03T21:06:18.283+0700] {processor.py:914} INFO - Processing file /home/tedubuamo/project/venv/lib/python3.12/site-packages/airflow/example_dags/example_python_operator.py for tasks to queue
[2024-12-03T21:06:18.284+0700] {logging_mixin.py:190} INFO - [2024-12-03T21:06:18.284+0700] {dagbag.py:588} INFO - Filling up the DagBag from /home/tedubuamo/project/venv/lib/python3.12/site-packages/airflow/example_dags/example_python_operator.py
[2024-12-03T21:06:18.334+0700] {logging_mixin.py:190} INFO - [2024-12-03T21:06:18.334+0700] {example_python_operator.py:93} WARNING - The virtalenv_python example task requires virtualenv, please install it.
[2024-12-03T21:06:18.336+0700] {processor.py:925} INFO - DAG(s) 'example_python_operator' retrieved from /home/tedubuamo/project/venv/lib/python3.12/site-packages/airflow/example_dags/example_python_operator.py
[2024-12-03T21:06:18.348+0700] {logging_mixin.py:190} INFO - [2024-12-03T21:06:18.348+0700] {dag.py:3239} INFO - Sync 1 DAGs
[2024-12-03T21:06:18.357+0700] {logging_mixin.py:190} INFO - [2024-12-03T21:06:18.357+0700] {dag.py:4180} INFO - Setting next_dagrun for example_python_operator to None, run_after=None
[2024-12-03T21:06:18.375+0700] {processor.py:208} INFO - Processing /home/tedubuamo/project/venv/lib/python3.12/site-packages/airflow/example_dags/example_python_operator.py took 0.097 seconds
[2024-12-03T21:07:13.635+0700] {processor.py:186} INFO - Started process (PID=2381) to work on /home/tedubuamo/project/venv/lib/python3.12/site-packages/airflow/example_dags/example_python_operator.py
[2024-12-03T21:07:13.636+0700] {processor.py:914} INFO - Processing file /home/tedubuamo/project/venv/lib/python3.12/site-packages/airflow/example_dags/example_python_operator.py for tasks to queue
[2024-12-03T21:07:13.637+0700] {logging_mixin.py:190} INFO - [2024-12-03T21:07:13.637+0700] {dagbag.py:588} INFO - Filling up the DagBag from /home/tedubuamo/project/venv/lib/python3.12/site-packages/airflow/example_dags/example_python_operator.py
[2024-12-03T21:07:13.699+0700] {logging_mixin.py:190} INFO - [2024-12-03T21:07:13.699+0700] {example_python_operator.py:93} WARNING - The virtalenv_python example task requires virtualenv, please install it.
[2024-12-03T21:07:13.701+0700] {processor.py:925} INFO - DAG(s) 'example_python_operator' retrieved from /home/tedubuamo/project/venv/lib/python3.12/site-packages/airflow/example_dags/example_python_operator.py
[2024-12-03T21:07:13.714+0700] {logging_mixin.py:190} INFO - [2024-12-03T21:07:13.714+0700] {dag.py:3239} INFO - Sync 1 DAGs
[2024-12-03T21:07:13.724+0700] {logging_mixin.py:190} INFO - [2024-12-03T21:07:13.723+0700] {dag.py:4180} INFO - Setting next_dagrun for example_python_operator to None, run_after=None
[2024-12-03T21:07:13.741+0700] {processor.py:208} INFO - Processing /home/tedubuamo/project/venv/lib/python3.12/site-packages/airflow/example_dags/example_python_operator.py took 0.110 seconds
[2024-12-03T21:07:13.854+0700] {processor.py:186} INFO - Started process (PID=2382) to work on /home/tedubuamo/project/venv/lib/python3.12/site-packages/airflow/example_dags/example_python_operator.py
[2024-12-03T21:07:13.854+0700] {processor.py:914} INFO - Processing file /home/tedubuamo/project/venv/lib/python3.12/site-packages/airflow/example_dags/example_python_operator.py for tasks to queue
[2024-12-03T21:07:13.856+0700] {logging_mixin.py:190} INFO - [2024-12-03T21:07:13.855+0700] {dagbag.py:588} INFO - Filling up the DagBag from /home/tedubuamo/project/venv/lib/python3.12/site-packages/airflow/example_dags/example_python_operator.py
[2024-12-03T21:07:13.915+0700] {logging_mixin.py:190} INFO - [2024-12-03T21:07:13.914+0700] {example_python_operator.py:93} WARNING - The virtalenv_python example task requires virtualenv, please install it.
[2024-12-03T21:07:13.917+0700] {processor.py:925} INFO - DAG(s) 'example_python_operator' retrieved from /home/tedubuamo/project/venv/lib/python3.12/site-packages/airflow/example_dags/example_python_operator.py
[2024-12-03T21:07:13.930+0700] {logging_mixin.py:190} INFO - [2024-12-03T21:07:13.929+0700] {dag.py:3239} INFO - Sync 1 DAGs
[2024-12-03T21:07:13.940+0700] {logging_mixin.py:190} INFO - [2024-12-03T21:07:13.939+0700] {dag.py:4180} INFO - Setting next_dagrun for example_python_operator to None, run_after=None
[2024-12-03T21:07:13.958+0700] {processor.py:208} INFO - Processing /home/tedubuamo/project/venv/lib/python3.12/site-packages/airflow/example_dags/example_python_operator.py took 0.108 seconds
[2024-12-03T21:08:05.061+0700] {processor.py:186} INFO - Started process (PID=2505) to work on /home/tedubuamo/project/venv/lib/python3.12/site-packages/airflow/example_dags/example_python_operator.py
[2024-12-03T21:08:05.062+0700] {processor.py:914} INFO - Processing file /home/tedubuamo/project/venv/lib/python3.12/site-packages/airflow/example_dags/example_python_operator.py for tasks to queue
[2024-12-03T21:08:05.064+0700] {logging_mixin.py:190} INFO - [2024-12-03T21:08:05.064+0700] {dagbag.py:588} INFO - Filling up the DagBag from /home/tedubuamo/project/venv/lib/python3.12/site-packages/airflow/example_dags/example_python_operator.py
[2024-12-03T21:08:05.123+0700] {logging_mixin.py:190} INFO - [2024-12-03T21:08:05.123+0700] {example_python_operator.py:93} WARNING - The virtalenv_python example task requires virtualenv, please install it.
[2024-12-03T21:08:05.125+0700] {processor.py:925} INFO - DAG(s) 'example_python_operator' retrieved from /home/tedubuamo/project/venv/lib/python3.12/site-packages/airflow/example_dags/example_python_operator.py
[2024-12-03T21:08:05.138+0700] {logging_mixin.py:190} INFO - [2024-12-03T21:08:05.137+0700] {dag.py:3239} INFO - Sync 1 DAGs
[2024-12-03T21:08:05.147+0700] {logging_mixin.py:190} INFO - [2024-12-03T21:08:05.147+0700] {dag.py:4180} INFO - Setting next_dagrun for example_python_operator to None, run_after=None
[2024-12-03T21:08:05.167+0700] {processor.py:208} INFO - Processing /home/tedubuamo/project/venv/lib/python3.12/site-packages/airflow/example_dags/example_python_operator.py took 0.111 seconds
[2024-12-03T21:08:07.053+0700] {processor.py:186} INFO - Started process (PID=2508) to work on /home/tedubuamo/project/venv/lib/python3.12/site-packages/airflow/example_dags/example_python_operator.py
[2024-12-03T21:08:07.053+0700] {processor.py:914} INFO - Processing file /home/tedubuamo/project/venv/lib/python3.12/site-packages/airflow/example_dags/example_python_operator.py for tasks to queue
[2024-12-03T21:08:07.055+0700] {logging_mixin.py:190} INFO - [2024-12-03T21:08:07.055+0700] {dagbag.py:588} INFO - Filling up the DagBag from /home/tedubuamo/project/venv/lib/python3.12/site-packages/airflow/example_dags/example_python_operator.py
[2024-12-03T21:08:07.139+0700] {logging_mixin.py:190} INFO - [2024-12-03T21:08:07.138+0700] {example_python_operator.py:93} WARNING - The virtalenv_python example task requires virtualenv, please install it.
[2024-12-03T21:08:07.142+0700] {processor.py:925} INFO - DAG(s) 'example_python_operator' retrieved from /home/tedubuamo/project/venv/lib/python3.12/site-packages/airflow/example_dags/example_python_operator.py
[2024-12-03T21:08:07.164+0700] {logging_mixin.py:190} INFO - [2024-12-03T21:08:07.164+0700] {dag.py:3239} INFO - Sync 1 DAGs
[2024-12-03T21:08:07.182+0700] {logging_mixin.py:190} INFO - [2024-12-03T21:08:07.181+0700] {dag.py:4180} INFO - Setting next_dagrun for example_python_operator to None, run_after=None
[2024-12-03T21:08:07.209+0700] {processor.py:208} INFO - Processing /home/tedubuamo/project/venv/lib/python3.12/site-packages/airflow/example_dags/example_python_operator.py took 0.162 seconds
[2024-12-03T21:08:58.862+0700] {processor.py:186} INFO - Started process (PID=2612) to work on /home/tedubuamo/project/venv/lib/python3.12/site-packages/airflow/example_dags/example_python_operator.py
[2024-12-03T21:08:58.865+0700] {processor.py:914} INFO - Processing file /home/tedubuamo/project/venv/lib/python3.12/site-packages/airflow/example_dags/example_python_operator.py for tasks to queue
[2024-12-03T21:08:58.867+0700] {logging_mixin.py:190} INFO - [2024-12-03T21:08:58.867+0700] {dagbag.py:588} INFO - Filling up the DagBag from /home/tedubuamo/project/venv/lib/python3.12/site-packages/airflow/example_dags/example_python_operator.py
[2024-12-03T21:08:58.922+0700] {logging_mixin.py:190} INFO - [2024-12-03T21:08:58.922+0700] {example_python_operator.py:93} WARNING - The virtalenv_python example task requires virtualenv, please install it.
[2024-12-03T21:08:58.924+0700] {processor.py:925} INFO - DAG(s) 'example_python_operator' retrieved from /home/tedubuamo/project/venv/lib/python3.12/site-packages/airflow/example_dags/example_python_operator.py
[2024-12-03T21:08:58.935+0700] {logging_mixin.py:190} INFO - [2024-12-03T21:08:58.935+0700] {dag.py:3239} INFO - Sync 1 DAGs
[2024-12-03T21:08:58.944+0700] {logging_mixin.py:190} INFO - [2024-12-03T21:08:58.944+0700] {dag.py:4180} INFO - Setting next_dagrun for example_python_operator to None, run_after=None
[2024-12-03T21:08:58.961+0700] {processor.py:208} INFO - Processing /home/tedubuamo/project/venv/lib/python3.12/site-packages/airflow/example_dags/example_python_operator.py took 0.105 seconds
[2024-12-03T21:08:59.587+0700] {processor.py:186} INFO - Started process (PID=2613) to work on /home/tedubuamo/project/venv/lib/python3.12/site-packages/airflow/example_dags/example_python_operator.py
[2024-12-03T21:08:59.588+0700] {processor.py:914} INFO - Processing file /home/tedubuamo/project/venv/lib/python3.12/site-packages/airflow/example_dags/example_python_operator.py for tasks to queue
[2024-12-03T21:08:59.590+0700] {logging_mixin.py:190} INFO - [2024-12-03T21:08:59.590+0700] {dagbag.py:588} INFO - Filling up the DagBag from /home/tedubuamo/project/venv/lib/python3.12/site-packages/airflow/example_dags/example_python_operator.py
[2024-12-03T21:08:59.656+0700] {logging_mixin.py:190} INFO - [2024-12-03T21:08:59.656+0700] {example_python_operator.py:93} WARNING - The virtalenv_python example task requires virtualenv, please install it.
[2024-12-03T21:08:59.659+0700] {processor.py:925} INFO - DAG(s) 'example_python_operator' retrieved from /home/tedubuamo/project/venv/lib/python3.12/site-packages/airflow/example_dags/example_python_operator.py
[2024-12-03T21:08:59.671+0700] {logging_mixin.py:190} INFO - [2024-12-03T21:08:59.671+0700] {dag.py:3239} INFO - Sync 1 DAGs
[2024-12-03T21:08:59.680+0700] {logging_mixin.py:190} INFO - [2024-12-03T21:08:59.680+0700] {dag.py:4180} INFO - Setting next_dagrun for example_python_operator to None, run_after=None
[2024-12-03T21:08:59.697+0700] {processor.py:208} INFO - Processing /home/tedubuamo/project/venv/lib/python3.12/site-packages/airflow/example_dags/example_python_operator.py took 0.114 seconds
[2024-12-03T21:09:48.412+0700] {processor.py:186} INFO - Started process (PID=2716) to work on /home/tedubuamo/project/venv/lib/python3.12/site-packages/airflow/example_dags/example_python_operator.py
[2024-12-03T21:09:48.414+0700] {processor.py:914} INFO - Processing file /home/tedubuamo/project/venv/lib/python3.12/site-packages/airflow/example_dags/example_python_operator.py for tasks to queue
[2024-12-03T21:09:48.416+0700] {logging_mixin.py:190} INFO - [2024-12-03T21:09:48.416+0700] {dagbag.py:588} INFO - Filling up the DagBag from /home/tedubuamo/project/venv/lib/python3.12/site-packages/airflow/example_dags/example_python_operator.py
[2024-12-03T21:09:48.527+0700] {logging_mixin.py:190} INFO - [2024-12-03T21:09:48.526+0700] {example_python_operator.py:93} WARNING - The virtalenv_python example task requires virtualenv, please install it.
[2024-12-03T21:09:48.531+0700] {processor.py:925} INFO - DAG(s) 'example_python_operator' retrieved from /home/tedubuamo/project/venv/lib/python3.12/site-packages/airflow/example_dags/example_python_operator.py
[2024-12-03T21:09:48.574+0700] {logging_mixin.py:190} INFO - [2024-12-03T21:09:48.573+0700] {dag.py:3239} INFO - Sync 1 DAGs
[2024-12-03T21:09:48.592+0700] {logging_mixin.py:190} INFO - [2024-12-03T21:09:48.592+0700] {dag.py:4180} INFO - Setting next_dagrun for example_python_operator to None, run_after=None
[2024-12-03T21:09:48.625+0700] {processor.py:208} INFO - Processing /home/tedubuamo/project/venv/lib/python3.12/site-packages/airflow/example_dags/example_python_operator.py took 0.219 seconds
[2024-12-03T21:09:50.563+0700] {processor.py:186} INFO - Started process (PID=2721) to work on /home/tedubuamo/project/venv/lib/python3.12/site-packages/airflow/example_dags/example_python_operator.py
[2024-12-03T21:09:50.564+0700] {processor.py:914} INFO - Processing file /home/tedubuamo/project/venv/lib/python3.12/site-packages/airflow/example_dags/example_python_operator.py for tasks to queue
[2024-12-03T21:09:50.565+0700] {logging_mixin.py:190} INFO - [2024-12-03T21:09:50.565+0700] {dagbag.py:588} INFO - Filling up the DagBag from /home/tedubuamo/project/venv/lib/python3.12/site-packages/airflow/example_dags/example_python_operator.py
[2024-12-03T21:09:50.626+0700] {logging_mixin.py:190} INFO - [2024-12-03T21:09:50.626+0700] {example_python_operator.py:93} WARNING - The virtalenv_python example task requires virtualenv, please install it.
[2024-12-03T21:09:50.629+0700] {processor.py:925} INFO - DAG(s) 'example_python_operator' retrieved from /home/tedubuamo/project/venv/lib/python3.12/site-packages/airflow/example_dags/example_python_operator.py
[2024-12-03T21:09:50.642+0700] {logging_mixin.py:190} INFO - [2024-12-03T21:09:50.642+0700] {dag.py:3239} INFO - Sync 1 DAGs
[2024-12-03T21:09:50.653+0700] {logging_mixin.py:190} INFO - [2024-12-03T21:09:50.653+0700] {dag.py:4180} INFO - Setting next_dagrun for example_python_operator to None, run_after=None
[2024-12-03T21:09:50.671+0700] {processor.py:208} INFO - Processing /home/tedubuamo/project/venv/lib/python3.12/site-packages/airflow/example_dags/example_python_operator.py took 0.112 seconds
[2024-12-03T21:10:42.609+0700] {processor.py:186} INFO - Started process (PID=2826) to work on /home/tedubuamo/project/venv/lib/python3.12/site-packages/airflow/example_dags/example_python_operator.py
[2024-12-03T21:10:42.611+0700] {processor.py:914} INFO - Processing file /home/tedubuamo/project/venv/lib/python3.12/site-packages/airflow/example_dags/example_python_operator.py for tasks to queue
[2024-12-03T21:10:42.614+0700] {logging_mixin.py:190} INFO - [2024-12-03T21:10:42.613+0700] {dagbag.py:588} INFO - Filling up the DagBag from /home/tedubuamo/project/venv/lib/python3.12/site-packages/airflow/example_dags/example_python_operator.py
[2024-12-03T21:10:42.682+0700] {logging_mixin.py:190} INFO - [2024-12-03T21:10:42.682+0700] {example_python_operator.py:93} WARNING - The virtalenv_python example task requires virtualenv, please install it.
[2024-12-03T21:10:42.684+0700] {processor.py:925} INFO - DAG(s) 'example_python_operator' retrieved from /home/tedubuamo/project/venv/lib/python3.12/site-packages/airflow/example_dags/example_python_operator.py
[2024-12-03T21:10:42.698+0700] {logging_mixin.py:190} INFO - [2024-12-03T21:10:42.698+0700] {dag.py:3239} INFO - Sync 1 DAGs
[2024-12-03T21:10:42.708+0700] {logging_mixin.py:190} INFO - [2024-12-03T21:10:42.708+0700] {dag.py:4180} INFO - Setting next_dagrun for example_python_operator to None, run_after=None
[2024-12-03T21:10:42.728+0700] {processor.py:208} INFO - Processing /home/tedubuamo/project/venv/lib/python3.12/site-packages/airflow/example_dags/example_python_operator.py took 0.123 seconds
[2024-12-03T21:10:43.124+0700] {processor.py:186} INFO - Started process (PID=2827) to work on /home/tedubuamo/project/venv/lib/python3.12/site-packages/airflow/example_dags/example_python_operator.py
[2024-12-03T21:10:43.125+0700] {processor.py:914} INFO - Processing file /home/tedubuamo/project/venv/lib/python3.12/site-packages/airflow/example_dags/example_python_operator.py for tasks to queue
[2024-12-03T21:10:43.129+0700] {logging_mixin.py:190} INFO - [2024-12-03T21:10:43.129+0700] {dagbag.py:588} INFO - Filling up the DagBag from /home/tedubuamo/project/venv/lib/python3.12/site-packages/airflow/example_dags/example_python_operator.py
[2024-12-03T21:10:43.182+0700] {logging_mixin.py:190} INFO - [2024-12-03T21:10:43.182+0700] {example_python_operator.py:93} WARNING - The virtalenv_python example task requires virtualenv, please install it.
[2024-12-03T21:10:43.184+0700] {processor.py:925} INFO - DAG(s) 'example_python_operator' retrieved from /home/tedubuamo/project/venv/lib/python3.12/site-packages/airflow/example_dags/example_python_operator.py
[2024-12-03T21:10:43.200+0700] {logging_mixin.py:190} INFO - [2024-12-03T21:10:43.200+0700] {dag.py:3239} INFO - Sync 1 DAGs
[2024-12-03T21:10:43.209+0700] {logging_mixin.py:190} INFO - [2024-12-03T21:10:43.209+0700] {dag.py:4180} INFO - Setting next_dagrun for example_python_operator to None, run_after=None
[2024-12-03T21:10:43.225+0700] {processor.py:208} INFO - Processing /home/tedubuamo/project/venv/lib/python3.12/site-packages/airflow/example_dags/example_python_operator.py took 0.108 seconds
[2024-12-03T21:11:35.161+0700] {processor.py:186} INFO - Started process (PID=2933) to work on /home/tedubuamo/project/venv/lib/python3.12/site-packages/airflow/example_dags/example_python_operator.py
[2024-12-03T21:11:35.162+0700] {processor.py:914} INFO - Processing file /home/tedubuamo/project/venv/lib/python3.12/site-packages/airflow/example_dags/example_python_operator.py for tasks to queue
[2024-12-03T21:11:35.164+0700] {logging_mixin.py:190} INFO - [2024-12-03T21:11:35.163+0700] {dagbag.py:588} INFO - Filling up the DagBag from /home/tedubuamo/project/venv/lib/python3.12/site-packages/airflow/example_dags/example_python_operator.py
[2024-12-03T21:11:35.223+0700] {logging_mixin.py:190} INFO - [2024-12-03T21:11:35.223+0700] {example_python_operator.py:93} WARNING - The virtalenv_python example task requires virtualenv, please install it.
[2024-12-03T21:11:35.227+0700] {processor.py:925} INFO - DAG(s) 'example_python_operator' retrieved from /home/tedubuamo/project/venv/lib/python3.12/site-packages/airflow/example_dags/example_python_operator.py
[2024-12-03T21:11:35.239+0700] {logging_mixin.py:190} INFO - [2024-12-03T21:11:35.239+0700] {dag.py:3239} INFO - Sync 1 DAGs
[2024-12-03T21:11:35.249+0700] {logging_mixin.py:190} INFO - [2024-12-03T21:11:35.248+0700] {dag.py:4180} INFO - Setting next_dagrun for example_python_operator to None, run_after=None
[2024-12-03T21:11:35.265+0700] {processor.py:208} INFO - Processing /home/tedubuamo/project/venv/lib/python3.12/site-packages/airflow/example_dags/example_python_operator.py took 0.108 seconds
[2024-12-03T21:11:36.949+0700] {processor.py:186} INFO - Started process (PID=2936) to work on /home/tedubuamo/project/venv/lib/python3.12/site-packages/airflow/example_dags/example_python_operator.py
[2024-12-03T21:11:36.949+0700] {processor.py:914} INFO - Processing file /home/tedubuamo/project/venv/lib/python3.12/site-packages/airflow/example_dags/example_python_operator.py for tasks to queue
[2024-12-03T21:11:36.951+0700] {logging_mixin.py:190} INFO - [2024-12-03T21:11:36.950+0700] {dagbag.py:588} INFO - Filling up the DagBag from /home/tedubuamo/project/venv/lib/python3.12/site-packages/airflow/example_dags/example_python_operator.py
[2024-12-03T21:11:37.025+0700] {logging_mixin.py:190} INFO - [2024-12-03T21:11:37.025+0700] {example_python_operator.py:93} WARNING - The virtalenv_python example task requires virtualenv, please install it.
[2024-12-03T21:11:37.027+0700] {processor.py:925} INFO - DAG(s) 'example_python_operator' retrieved from /home/tedubuamo/project/venv/lib/python3.12/site-packages/airflow/example_dags/example_python_operator.py
[2024-12-03T21:11:37.040+0700] {logging_mixin.py:190} INFO - [2024-12-03T21:11:37.040+0700] {dag.py:3239} INFO - Sync 1 DAGs
[2024-12-03T21:11:37.052+0700] {logging_mixin.py:190} INFO - [2024-12-03T21:11:37.051+0700] {dag.py:4180} INFO - Setting next_dagrun for example_python_operator to None, run_after=None
[2024-12-03T21:11:37.090+0700] {processor.py:208} INFO - Processing /home/tedubuamo/project/venv/lib/python3.12/site-packages/airflow/example_dags/example_python_operator.py took 0.146 seconds
[2024-12-03T21:12:26.045+0700] {processor.py:186} INFO - Started process (PID=3065) to work on /home/tedubuamo/project/venv/lib/python3.12/site-packages/airflow/example_dags/example_python_operator.py
[2024-12-03T21:12:26.046+0700] {processor.py:914} INFO - Processing file /home/tedubuamo/project/venv/lib/python3.12/site-packages/airflow/example_dags/example_python_operator.py for tasks to queue
[2024-12-03T21:12:26.048+0700] {logging_mixin.py:190} INFO - [2024-12-03T21:12:26.048+0700] {dagbag.py:588} INFO - Filling up the DagBag from /home/tedubuamo/project/venv/lib/python3.12/site-packages/airflow/example_dags/example_python_operator.py
[2024-12-03T21:12:26.114+0700] {logging_mixin.py:190} INFO - [2024-12-03T21:12:26.114+0700] {example_python_operator.py:93} WARNING - The virtalenv_python example task requires virtualenv, please install it.
[2024-12-03T21:12:26.116+0700] {processor.py:925} INFO - DAG(s) 'example_python_operator' retrieved from /home/tedubuamo/project/venv/lib/python3.12/site-packages/airflow/example_dags/example_python_operator.py
[2024-12-03T21:12:26.130+0700] {logging_mixin.py:190} INFO - [2024-12-03T21:12:26.129+0700] {dag.py:3239} INFO - Sync 1 DAGs
[2024-12-03T21:12:26.139+0700] {logging_mixin.py:190} INFO - [2024-12-03T21:12:26.139+0700] {dag.py:4180} INFO - Setting next_dagrun for example_python_operator to None, run_after=None
[2024-12-03T21:12:26.156+0700] {processor.py:208} INFO - Processing /home/tedubuamo/project/venv/lib/python3.12/site-packages/airflow/example_dags/example_python_operator.py took 0.115 seconds
[2024-12-03T21:12:30.780+0700] {processor.py:186} INFO - Started process (PID=3075) to work on /home/tedubuamo/project/venv/lib/python3.12/site-packages/airflow/example_dags/example_python_operator.py
[2024-12-03T21:12:30.781+0700] {processor.py:914} INFO - Processing file /home/tedubuamo/project/venv/lib/python3.12/site-packages/airflow/example_dags/example_python_operator.py for tasks to queue
[2024-12-03T21:12:30.782+0700] {logging_mixin.py:190} INFO - [2024-12-03T21:12:30.782+0700] {dagbag.py:588} INFO - Filling up the DagBag from /home/tedubuamo/project/venv/lib/python3.12/site-packages/airflow/example_dags/example_python_operator.py
[2024-12-03T21:12:30.847+0700] {logging_mixin.py:190} INFO - [2024-12-03T21:12:30.847+0700] {example_python_operator.py:93} WARNING - The virtalenv_python example task requires virtualenv, please install it.
[2024-12-03T21:12:30.849+0700] {processor.py:925} INFO - DAG(s) 'example_python_operator' retrieved from /home/tedubuamo/project/venv/lib/python3.12/site-packages/airflow/example_dags/example_python_operator.py
[2024-12-03T21:12:30.860+0700] {logging_mixin.py:190} INFO - [2024-12-03T21:12:30.860+0700] {dag.py:3239} INFO - Sync 1 DAGs
[2024-12-03T21:12:30.870+0700] {logging_mixin.py:190} INFO - [2024-12-03T21:12:30.869+0700] {dag.py:4180} INFO - Setting next_dagrun for example_python_operator to None, run_after=None
[2024-12-03T21:12:30.886+0700] {processor.py:208} INFO - Processing /home/tedubuamo/project/venv/lib/python3.12/site-packages/airflow/example_dags/example_python_operator.py took 0.111 seconds
[2024-12-03T21:13:16.358+0700] {processor.py:186} INFO - Started process (PID=3176) to work on /home/tedubuamo/project/venv/lib/python3.12/site-packages/airflow/example_dags/example_python_operator.py
[2024-12-03T21:13:16.359+0700] {processor.py:914} INFO - Processing file /home/tedubuamo/project/venv/lib/python3.12/site-packages/airflow/example_dags/example_python_operator.py for tasks to queue
[2024-12-03T21:13:16.361+0700] {logging_mixin.py:190} INFO - [2024-12-03T21:13:16.360+0700] {dagbag.py:588} INFO - Filling up the DagBag from /home/tedubuamo/project/venv/lib/python3.12/site-packages/airflow/example_dags/example_python_operator.py
[2024-12-03T21:13:16.424+0700] {logging_mixin.py:190} INFO - [2024-12-03T21:13:16.424+0700] {example_python_operator.py:93} WARNING - The virtalenv_python example task requires virtualenv, please install it.
[2024-12-03T21:13:16.426+0700] {processor.py:925} INFO - DAG(s) 'example_python_operator' retrieved from /home/tedubuamo/project/venv/lib/python3.12/site-packages/airflow/example_dags/example_python_operator.py
[2024-12-03T21:13:16.437+0700] {logging_mixin.py:190} INFO - [2024-12-03T21:13:16.437+0700] {dag.py:3239} INFO - Sync 1 DAGs
[2024-12-03T21:13:16.445+0700] {logging_mixin.py:190} INFO - [2024-12-03T21:13:16.445+0700] {dag.py:4180} INFO - Setting next_dagrun for example_python_operator to None, run_after=None
[2024-12-03T21:13:16.462+0700] {processor.py:208} INFO - Processing /home/tedubuamo/project/venv/lib/python3.12/site-packages/airflow/example_dags/example_python_operator.py took 0.108 seconds
[2024-12-03T21:13:25.096+0700] {processor.py:186} INFO - Started process (PID=3193) to work on /home/tedubuamo/project/venv/lib/python3.12/site-packages/airflow/example_dags/example_python_operator.py
[2024-12-03T21:13:25.096+0700] {processor.py:914} INFO - Processing file /home/tedubuamo/project/venv/lib/python3.12/site-packages/airflow/example_dags/example_python_operator.py for tasks to queue
[2024-12-03T21:13:25.098+0700] {logging_mixin.py:190} INFO - [2024-12-03T21:13:25.098+0700] {dagbag.py:588} INFO - Filling up the DagBag from /home/tedubuamo/project/venv/lib/python3.12/site-packages/airflow/example_dags/example_python_operator.py
[2024-12-03T21:13:25.162+0700] {logging_mixin.py:190} INFO - [2024-12-03T21:13:25.162+0700] {example_python_operator.py:93} WARNING - The virtalenv_python example task requires virtualenv, please install it.
[2024-12-03T21:13:25.164+0700] {processor.py:925} INFO - DAG(s) 'example_python_operator' retrieved from /home/tedubuamo/project/venv/lib/python3.12/site-packages/airflow/example_dags/example_python_operator.py
[2024-12-03T21:13:25.175+0700] {logging_mixin.py:190} INFO - [2024-12-03T21:13:25.175+0700] {dag.py:3239} INFO - Sync 1 DAGs
[2024-12-03T21:13:25.184+0700] {logging_mixin.py:190} INFO - [2024-12-03T21:13:25.183+0700] {dag.py:4180} INFO - Setting next_dagrun for example_python_operator to None, run_after=None
[2024-12-03T21:13:25.205+0700] {processor.py:208} INFO - Processing /home/tedubuamo/project/venv/lib/python3.12/site-packages/airflow/example_dags/example_python_operator.py took 0.113 seconds
[2024-12-03T21:14:07.777+0700] {processor.py:186} INFO - Started process (PID=3284) to work on /home/tedubuamo/project/venv/lib/python3.12/site-packages/airflow/example_dags/example_python_operator.py
[2024-12-03T21:14:07.786+0700] {processor.py:914} INFO - Processing file /home/tedubuamo/project/venv/lib/python3.12/site-packages/airflow/example_dags/example_python_operator.py for tasks to queue
[2024-12-03T21:14:07.788+0700] {logging_mixin.py:190} INFO - [2024-12-03T21:14:07.788+0700] {dagbag.py:588} INFO - Filling up the DagBag from /home/tedubuamo/project/venv/lib/python3.12/site-packages/airflow/example_dags/example_python_operator.py
[2024-12-03T21:14:07.856+0700] {logging_mixin.py:190} INFO - [2024-12-03T21:14:07.856+0700] {example_python_operator.py:93} WARNING - The virtalenv_python example task requires virtualenv, please install it.
[2024-12-03T21:14:07.858+0700] {processor.py:925} INFO - DAG(s) 'example_python_operator' retrieved from /home/tedubuamo/project/venv/lib/python3.12/site-packages/airflow/example_dags/example_python_operator.py
[2024-12-03T21:14:07.871+0700] {logging_mixin.py:190} INFO - [2024-12-03T21:14:07.871+0700] {dag.py:3239} INFO - Sync 1 DAGs
[2024-12-03T21:14:07.881+0700] {logging_mixin.py:190} INFO - [2024-12-03T21:14:07.881+0700] {dag.py:4180} INFO - Setting next_dagrun for example_python_operator to None, run_after=None
[2024-12-03T21:14:07.900+0700] {processor.py:208} INFO - Processing /home/tedubuamo/project/venv/lib/python3.12/site-packages/airflow/example_dags/example_python_operator.py took 0.128 seconds
[2024-12-03T21:14:16.383+0700] {processor.py:186} INFO - Started process (PID=3300) to work on /home/tedubuamo/project/venv/lib/python3.12/site-packages/airflow/example_dags/example_python_operator.py
[2024-12-03T21:14:16.384+0700] {processor.py:914} INFO - Processing file /home/tedubuamo/project/venv/lib/python3.12/site-packages/airflow/example_dags/example_python_operator.py for tasks to queue
[2024-12-03T21:14:16.385+0700] {logging_mixin.py:190} INFO - [2024-12-03T21:14:16.385+0700] {dagbag.py:588} INFO - Filling up the DagBag from /home/tedubuamo/project/venv/lib/python3.12/site-packages/airflow/example_dags/example_python_operator.py
[2024-12-03T21:14:16.446+0700] {logging_mixin.py:190} INFO - [2024-12-03T21:14:16.446+0700] {example_python_operator.py:93} WARNING - The virtalenv_python example task requires virtualenv, please install it.
[2024-12-03T21:14:16.448+0700] {processor.py:925} INFO - DAG(s) 'example_python_operator' retrieved from /home/tedubuamo/project/venv/lib/python3.12/site-packages/airflow/example_dags/example_python_operator.py
[2024-12-03T21:14:16.459+0700] {logging_mixin.py:190} INFO - [2024-12-03T21:14:16.459+0700] {dag.py:3239} INFO - Sync 1 DAGs
[2024-12-03T21:14:16.468+0700] {logging_mixin.py:190} INFO - [2024-12-03T21:14:16.468+0700] {dag.py:4180} INFO - Setting next_dagrun for example_python_operator to None, run_after=None
[2024-12-03T21:14:16.486+0700] {processor.py:208} INFO - Processing /home/tedubuamo/project/venv/lib/python3.12/site-packages/airflow/example_dags/example_python_operator.py took 0.107 seconds
[2024-12-03T21:14:59.402+0700] {processor.py:186} INFO - Started process (PID=3392) to work on /home/tedubuamo/project/venv/lib/python3.12/site-packages/airflow/example_dags/example_python_operator.py
[2024-12-03T21:14:59.403+0700] {processor.py:914} INFO - Processing file /home/tedubuamo/project/venv/lib/python3.12/site-packages/airflow/example_dags/example_python_operator.py for tasks to queue
[2024-12-03T21:14:59.405+0700] {logging_mixin.py:190} INFO - [2024-12-03T21:14:59.405+0700] {dagbag.py:588} INFO - Filling up the DagBag from /home/tedubuamo/project/venv/lib/python3.12/site-packages/airflow/example_dags/example_python_operator.py
[2024-12-03T21:14:59.468+0700] {logging_mixin.py:190} INFO - [2024-12-03T21:14:59.468+0700] {example_python_operator.py:93} WARNING - The virtalenv_python example task requires virtualenv, please install it.
[2024-12-03T21:14:59.470+0700] {processor.py:925} INFO - DAG(s) 'example_python_operator' retrieved from /home/tedubuamo/project/venv/lib/python3.12/site-packages/airflow/example_dags/example_python_operator.py
[2024-12-03T21:14:59.481+0700] {logging_mixin.py:190} INFO - [2024-12-03T21:14:59.481+0700] {dag.py:3239} INFO - Sync 1 DAGs
[2024-12-03T21:14:59.489+0700] {logging_mixin.py:190} INFO - [2024-12-03T21:14:59.489+0700] {dag.py:4180} INFO - Setting next_dagrun for example_python_operator to None, run_after=None
[2024-12-03T21:14:59.507+0700] {processor.py:208} INFO - Processing /home/tedubuamo/project/venv/lib/python3.12/site-packages/airflow/example_dags/example_python_operator.py took 0.110 seconds
[2024-12-03T21:15:06.474+0700] {processor.py:186} INFO - Started process (PID=3406) to work on /home/tedubuamo/project/venv/lib/python3.12/site-packages/airflow/example_dags/example_python_operator.py
[2024-12-03T21:15:06.477+0700] {processor.py:914} INFO - Processing file /home/tedubuamo/project/venv/lib/python3.12/site-packages/airflow/example_dags/example_python_operator.py for tasks to queue
[2024-12-03T21:15:06.479+0700] {logging_mixin.py:190} INFO - [2024-12-03T21:15:06.478+0700] {dagbag.py:588} INFO - Filling up the DagBag from /home/tedubuamo/project/venv/lib/python3.12/site-packages/airflow/example_dags/example_python_operator.py
[2024-12-03T21:15:06.540+0700] {logging_mixin.py:190} INFO - [2024-12-03T21:15:06.540+0700] {example_python_operator.py:93} WARNING - The virtalenv_python example task requires virtualenv, please install it.
[2024-12-03T21:15:06.542+0700] {processor.py:925} INFO - DAG(s) 'example_python_operator' retrieved from /home/tedubuamo/project/venv/lib/python3.12/site-packages/airflow/example_dags/example_python_operator.py
[2024-12-03T21:15:06.553+0700] {logging_mixin.py:190} INFO - [2024-12-03T21:15:06.553+0700] {dag.py:3239} INFO - Sync 1 DAGs
[2024-12-03T21:15:06.561+0700] {logging_mixin.py:190} INFO - [2024-12-03T21:15:06.561+0700] {dag.py:4180} INFO - Setting next_dagrun for example_python_operator to None, run_after=None
[2024-12-03T21:15:06.579+0700] {processor.py:208} INFO - Processing /home/tedubuamo/project/venv/lib/python3.12/site-packages/airflow/example_dags/example_python_operator.py took 0.109 seconds
[2024-12-03T21:15:49.661+0700] {processor.py:186} INFO - Started process (PID=3494) to work on /home/tedubuamo/project/venv/lib/python3.12/site-packages/airflow/example_dags/example_python_operator.py
[2024-12-03T21:15:49.662+0700] {processor.py:914} INFO - Processing file /home/tedubuamo/project/venv/lib/python3.12/site-packages/airflow/example_dags/example_python_operator.py for tasks to queue
[2024-12-03T21:15:49.663+0700] {logging_mixin.py:190} INFO - [2024-12-03T21:15:49.663+0700] {dagbag.py:588} INFO - Filling up the DagBag from /home/tedubuamo/project/venv/lib/python3.12/site-packages/airflow/example_dags/example_python_operator.py
[2024-12-03T21:15:49.727+0700] {logging_mixin.py:190} INFO - [2024-12-03T21:15:49.727+0700] {example_python_operator.py:93} WARNING - The virtalenv_python example task requires virtualenv, please install it.
[2024-12-03T21:15:49.730+0700] {processor.py:925} INFO - DAG(s) 'example_python_operator' retrieved from /home/tedubuamo/project/venv/lib/python3.12/site-packages/airflow/example_dags/example_python_operator.py
[2024-12-03T21:15:49.745+0700] {logging_mixin.py:190} INFO - [2024-12-03T21:15:49.745+0700] {dag.py:3239} INFO - Sync 1 DAGs
[2024-12-03T21:15:49.758+0700] {logging_mixin.py:190} INFO - [2024-12-03T21:15:49.758+0700] {dag.py:4180} INFO - Setting next_dagrun for example_python_operator to None, run_after=None
[2024-12-03T21:15:49.778+0700] {processor.py:208} INFO - Processing /home/tedubuamo/project/venv/lib/python3.12/site-packages/airflow/example_dags/example_python_operator.py took 0.122 seconds
[2024-12-03T21:15:54.702+0700] {processor.py:186} INFO - Started process (PID=3513) to work on /home/tedubuamo/project/venv/lib/python3.12/site-packages/airflow/example_dags/example_python_operator.py
[2024-12-03T21:15:54.703+0700] {processor.py:914} INFO - Processing file /home/tedubuamo/project/venv/lib/python3.12/site-packages/airflow/example_dags/example_python_operator.py for tasks to queue
[2024-12-03T21:15:54.704+0700] {logging_mixin.py:190} INFO - [2024-12-03T21:15:54.704+0700] {dagbag.py:588} INFO - Filling up the DagBag from /home/tedubuamo/project/venv/lib/python3.12/site-packages/airflow/example_dags/example_python_operator.py
[2024-12-03T21:15:54.766+0700] {logging_mixin.py:190} INFO - [2024-12-03T21:15:54.766+0700] {example_python_operator.py:93} WARNING - The virtalenv_python example task requires virtualenv, please install it.
[2024-12-03T21:15:54.768+0700] {processor.py:925} INFO - DAG(s) 'example_python_operator' retrieved from /home/tedubuamo/project/venv/lib/python3.12/site-packages/airflow/example_dags/example_python_operator.py
[2024-12-03T21:15:54.779+0700] {logging_mixin.py:190} INFO - [2024-12-03T21:15:54.779+0700] {dag.py:3239} INFO - Sync 1 DAGs
[2024-12-03T21:15:54.788+0700] {logging_mixin.py:190} INFO - [2024-12-03T21:15:54.788+0700] {dag.py:4180} INFO - Setting next_dagrun for example_python_operator to None, run_after=None
[2024-12-03T21:15:54.805+0700] {processor.py:208} INFO - Processing /home/tedubuamo/project/venv/lib/python3.12/site-packages/airflow/example_dags/example_python_operator.py took 0.106 seconds
[2024-12-03T21:16:42.066+0700] {processor.py:186} INFO - Started process (PID=3624) to work on /home/tedubuamo/project/venv/lib/python3.12/site-packages/airflow/example_dags/example_python_operator.py
[2024-12-03T21:16:42.067+0700] {processor.py:914} INFO - Processing file /home/tedubuamo/project/venv/lib/python3.12/site-packages/airflow/example_dags/example_python_operator.py for tasks to queue
[2024-12-03T21:16:42.069+0700] {logging_mixin.py:190} INFO - [2024-12-03T21:16:42.069+0700] {dagbag.py:588} INFO - Filling up the DagBag from /home/tedubuamo/project/venv/lib/python3.12/site-packages/airflow/example_dags/example_python_operator.py
[2024-12-03T21:16:42.135+0700] {logging_mixin.py:190} INFO - [2024-12-03T21:16:42.134+0700] {example_python_operator.py:93} WARNING - The virtalenv_python example task requires virtualenv, please install it.
[2024-12-03T21:16:42.137+0700] {processor.py:925} INFO - DAG(s) 'example_python_operator' retrieved from /home/tedubuamo/project/venv/lib/python3.12/site-packages/airflow/example_dags/example_python_operator.py
[2024-12-03T21:16:42.150+0700] {logging_mixin.py:190} INFO - [2024-12-03T21:16:42.150+0700] {dag.py:3239} INFO - Sync 1 DAGs
[2024-12-03T21:16:42.159+0700] {logging_mixin.py:190} INFO - [2024-12-03T21:16:42.159+0700] {dag.py:4180} INFO - Setting next_dagrun for example_python_operator to None, run_after=None
[2024-12-03T21:16:42.176+0700] {processor.py:208} INFO - Processing /home/tedubuamo/project/venv/lib/python3.12/site-packages/airflow/example_dags/example_python_operator.py took 0.114 seconds
[2024-12-03T21:16:47.177+0700] {processor.py:186} INFO - Started process (PID=3641) to work on /home/tedubuamo/project/venv/lib/python3.12/site-packages/airflow/example_dags/example_python_operator.py
[2024-12-03T21:16:47.212+0700] {processor.py:914} INFO - Processing file /home/tedubuamo/project/venv/lib/python3.12/site-packages/airflow/example_dags/example_python_operator.py for tasks to queue
[2024-12-03T21:16:47.215+0700] {logging_mixin.py:190} INFO - [2024-12-03T21:16:47.214+0700] {dagbag.py:588} INFO - Filling up the DagBag from /home/tedubuamo/project/venv/lib/python3.12/site-packages/airflow/example_dags/example_python_operator.py
[2024-12-03T21:16:47.314+0700] {logging_mixin.py:190} INFO - [2024-12-03T21:16:47.314+0700] {example_python_operator.py:93} WARNING - The virtalenv_python example task requires virtualenv, please install it.
[2024-12-03T21:16:47.317+0700] {processor.py:925} INFO - DAG(s) 'example_python_operator' retrieved from /home/tedubuamo/project/venv/lib/python3.12/site-packages/airflow/example_dags/example_python_operator.py
[2024-12-03T21:16:47.330+0700] {logging_mixin.py:190} INFO - [2024-12-03T21:16:47.330+0700] {dag.py:3239} INFO - Sync 1 DAGs
[2024-12-03T21:16:47.346+0700] {logging_mixin.py:190} INFO - [2024-12-03T21:16:47.345+0700] {dag.py:4180} INFO - Setting next_dagrun for example_python_operator to None, run_after=None
[2024-12-03T21:16:47.421+0700] {processor.py:208} INFO - Processing /home/tedubuamo/project/venv/lib/python3.12/site-packages/airflow/example_dags/example_python_operator.py took 0.248 seconds
[2024-12-03T21:17:36.792+0700] {processor.py:186} INFO - Started process (PID=3760) to work on /home/tedubuamo/project/venv/lib/python3.12/site-packages/airflow/example_dags/example_python_operator.py
[2024-12-03T21:17:36.795+0700] {processor.py:914} INFO - Processing file /home/tedubuamo/project/venv/lib/python3.12/site-packages/airflow/example_dags/example_python_operator.py for tasks to queue
[2024-12-03T21:17:36.798+0700] {logging_mixin.py:190} INFO - [2024-12-03T21:17:36.797+0700] {dagbag.py:588} INFO - Filling up the DagBag from /home/tedubuamo/project/venv/lib/python3.12/site-packages/airflow/example_dags/example_python_operator.py
[2024-12-03T21:17:36.863+0700] {logging_mixin.py:190} INFO - [2024-12-03T21:17:36.863+0700] {example_python_operator.py:93} WARNING - The virtalenv_python example task requires virtualenv, please install it.
[2024-12-03T21:17:36.865+0700] {processor.py:925} INFO - DAG(s) 'example_python_operator' retrieved from /home/tedubuamo/project/venv/lib/python3.12/site-packages/airflow/example_dags/example_python_operator.py
[2024-12-03T21:17:36.878+0700] {logging_mixin.py:190} INFO - [2024-12-03T21:17:36.877+0700] {dag.py:3239} INFO - Sync 1 DAGs
[2024-12-03T21:17:36.888+0700] {logging_mixin.py:190} INFO - [2024-12-03T21:17:36.887+0700] {dag.py:4180} INFO - Setting next_dagrun for example_python_operator to None, run_after=None
[2024-12-03T21:17:36.908+0700] {processor.py:208} INFO - Processing /home/tedubuamo/project/venv/lib/python3.12/site-packages/airflow/example_dags/example_python_operator.py took 0.120 seconds
[2024-12-03T21:17:37.591+0700] {processor.py:186} INFO - Started process (PID=3761) to work on /home/tedubuamo/project/venv/lib/python3.12/site-packages/airflow/example_dags/example_python_operator.py
[2024-12-03T21:17:37.592+0700] {processor.py:914} INFO - Processing file /home/tedubuamo/project/venv/lib/python3.12/site-packages/airflow/example_dags/example_python_operator.py for tasks to queue
[2024-12-03T21:17:37.593+0700] {logging_mixin.py:190} INFO - [2024-12-03T21:17:37.593+0700] {dagbag.py:588} INFO - Filling up the DagBag from /home/tedubuamo/project/venv/lib/python3.12/site-packages/airflow/example_dags/example_python_operator.py
[2024-12-03T21:17:37.655+0700] {logging_mixin.py:190} INFO - [2024-12-03T21:17:37.654+0700] {example_python_operator.py:93} WARNING - The virtalenv_python example task requires virtualenv, please install it.
[2024-12-03T21:17:37.656+0700] {processor.py:925} INFO - DAG(s) 'example_python_operator' retrieved from /home/tedubuamo/project/venv/lib/python3.12/site-packages/airflow/example_dags/example_python_operator.py
[2024-12-03T21:17:37.668+0700] {logging_mixin.py:190} INFO - [2024-12-03T21:17:37.667+0700] {dag.py:3239} INFO - Sync 1 DAGs
[2024-12-03T21:17:37.676+0700] {logging_mixin.py:190} INFO - [2024-12-03T21:17:37.676+0700] {dag.py:4180} INFO - Setting next_dagrun for example_python_operator to None, run_after=None
[2024-12-03T21:17:37.692+0700] {processor.py:208} INFO - Processing /home/tedubuamo/project/venv/lib/python3.12/site-packages/airflow/example_dags/example_python_operator.py took 0.105 seconds
[2024-12-03T21:19:21.675+0700] {processor.py:186} INFO - Started process (PID=3962) to work on /home/tedubuamo/project/venv/lib/python3.12/site-packages/airflow/example_dags/example_python_operator.py
[2024-12-03T21:19:21.676+0700] {processor.py:914} INFO - Processing file /home/tedubuamo/project/venv/lib/python3.12/site-packages/airflow/example_dags/example_python_operator.py for tasks to queue
[2024-12-03T21:19:21.678+0700] {logging_mixin.py:190} INFO - [2024-12-03T21:19:21.678+0700] {dagbag.py:588} INFO - Filling up the DagBag from /home/tedubuamo/project/venv/lib/python3.12/site-packages/airflow/example_dags/example_python_operator.py
[2024-12-03T21:19:21.748+0700] {logging_mixin.py:190} INFO - [2024-12-03T21:19:21.748+0700] {example_python_operator.py:93} WARNING - The virtalenv_python example task requires virtualenv, please install it.
[2024-12-03T21:19:21.750+0700] {processor.py:925} INFO - DAG(s) 'example_python_operator' retrieved from /home/tedubuamo/project/venv/lib/python3.12/site-packages/airflow/example_dags/example_python_operator.py
[2024-12-03T21:19:21.817+0700] {logging_mixin.py:190} INFO - [2024-12-03T21:19:21.817+0700] {dag.py:3239} INFO - Sync 1 DAGs
[2024-12-03T21:19:21.825+0700] {logging_mixin.py:190} INFO - [2024-12-03T21:19:21.825+0700] {dag.py:4180} INFO - Setting next_dagrun for example_python_operator to None, run_after=None
[2024-12-03T21:19:21.842+0700] {processor.py:208} INFO - Processing /home/tedubuamo/project/venv/lib/python3.12/site-packages/airflow/example_dags/example_python_operator.py took 0.170 seconds
[2024-12-03T21:20:18.516+0700] {processor.py:186} INFO - Started process (PID=4020) to work on /home/tedubuamo/project/venv/lib/python3.12/site-packages/airflow/example_dags/example_python_operator.py
[2024-12-03T21:20:18.518+0700] {processor.py:914} INFO - Processing file /home/tedubuamo/project/venv/lib/python3.12/site-packages/airflow/example_dags/example_python_operator.py for tasks to queue
[2024-12-03T21:20:18.520+0700] {logging_mixin.py:190} INFO - [2024-12-03T21:20:18.519+0700] {dagbag.py:588} INFO - Filling up the DagBag from /home/tedubuamo/project/venv/lib/python3.12/site-packages/airflow/example_dags/example_python_operator.py
[2024-12-03T21:20:18.602+0700] {logging_mixin.py:190} INFO - [2024-12-03T21:20:18.601+0700] {example_python_operator.py:93} WARNING - The virtalenv_python example task requires virtualenv, please install it.
[2024-12-03T21:20:18.604+0700] {processor.py:925} INFO - DAG(s) 'example_python_operator' retrieved from /home/tedubuamo/project/venv/lib/python3.12/site-packages/airflow/example_dags/example_python_operator.py
[2024-12-03T21:20:18.617+0700] {logging_mixin.py:190} INFO - [2024-12-03T21:20:18.617+0700] {dag.py:3239} INFO - Sync 1 DAGs
[2024-12-03T21:20:18.627+0700] {logging_mixin.py:190} INFO - [2024-12-03T21:20:18.627+0700] {dag.py:4180} INFO - Setting next_dagrun for example_python_operator to None, run_after=None
[2024-12-03T21:20:18.653+0700] {processor.py:208} INFO - Processing /home/tedubuamo/project/venv/lib/python3.12/site-packages/airflow/example_dags/example_python_operator.py took 0.142 seconds
[2024-12-03T21:21:29.185+0700] {processor.py:186} INFO - Started process (PID=4137) to work on /home/tedubuamo/project/venv/lib/python3.12/site-packages/airflow/example_dags/example_python_operator.py
[2024-12-03T21:21:29.186+0700] {processor.py:914} INFO - Processing file /home/tedubuamo/project/venv/lib/python3.12/site-packages/airflow/example_dags/example_python_operator.py for tasks to queue
[2024-12-03T21:21:29.188+0700] {logging_mixin.py:190} INFO - [2024-12-03T21:21:29.187+0700] {dagbag.py:588} INFO - Filling up the DagBag from /home/tedubuamo/project/venv/lib/python3.12/site-packages/airflow/example_dags/example_python_operator.py
[2024-12-03T21:21:29.245+0700] {logging_mixin.py:190} INFO - [2024-12-03T21:21:29.245+0700] {example_python_operator.py:93} WARNING - The virtalenv_python example task requires virtualenv, please install it.
[2024-12-03T21:21:29.247+0700] {processor.py:925} INFO - DAG(s) 'example_python_operator' retrieved from /home/tedubuamo/project/venv/lib/python3.12/site-packages/airflow/example_dags/example_python_operator.py
[2024-12-03T21:21:29.259+0700] {logging_mixin.py:190} INFO - [2024-12-03T21:21:29.259+0700] {dag.py:3239} INFO - Sync 1 DAGs
[2024-12-03T21:21:29.268+0700] {logging_mixin.py:190} INFO - [2024-12-03T21:21:29.268+0700] {dag.py:4180} INFO - Setting next_dagrun for example_python_operator to None, run_after=None
[2024-12-03T21:21:29.289+0700] {processor.py:208} INFO - Processing /home/tedubuamo/project/venv/lib/python3.12/site-packages/airflow/example_dags/example_python_operator.py took 0.109 seconds
[2024-12-03T21:22:23.393+0700] {processor.py:186} INFO - Started process (PID=4228) to work on /home/tedubuamo/project/venv/lib/python3.12/site-packages/airflow/example_dags/example_python_operator.py
[2024-12-03T21:22:23.394+0700] {processor.py:914} INFO - Processing file /home/tedubuamo/project/venv/lib/python3.12/site-packages/airflow/example_dags/example_python_operator.py for tasks to queue
[2024-12-03T21:22:23.396+0700] {logging_mixin.py:190} INFO - [2024-12-03T21:22:23.395+0700] {dagbag.py:588} INFO - Filling up the DagBag from /home/tedubuamo/project/venv/lib/python3.12/site-packages/airflow/example_dags/example_python_operator.py
[2024-12-03T21:22:23.461+0700] {logging_mixin.py:190} INFO - [2024-12-03T21:22:23.461+0700] {example_python_operator.py:93} WARNING - The virtalenv_python example task requires virtualenv, please install it.
[2024-12-03T21:22:23.463+0700] {processor.py:925} INFO - DAG(s) 'example_python_operator' retrieved from /home/tedubuamo/project/venv/lib/python3.12/site-packages/airflow/example_dags/example_python_operator.py
[2024-12-03T21:22:23.474+0700] {logging_mixin.py:190} INFO - [2024-12-03T21:22:23.473+0700] {dag.py:3239} INFO - Sync 1 DAGs
[2024-12-03T21:22:23.482+0700] {logging_mixin.py:190} INFO - [2024-12-03T21:22:23.482+0700] {dag.py:4180} INFO - Setting next_dagrun for example_python_operator to None, run_after=None
[2024-12-03T21:22:23.499+0700] {processor.py:208} INFO - Processing /home/tedubuamo/project/venv/lib/python3.12/site-packages/airflow/example_dags/example_python_operator.py took 0.110 seconds
[2024-12-03T21:23:19.093+0700] {processor.py:186} INFO - Started process (PID=4286) to work on /home/tedubuamo/project/venv/lib/python3.12/site-packages/airflow/example_dags/example_python_operator.py
[2024-12-03T21:23:19.096+0700] {processor.py:914} INFO - Processing file /home/tedubuamo/project/venv/lib/python3.12/site-packages/airflow/example_dags/example_python_operator.py for tasks to queue
[2024-12-03T21:23:19.098+0700] {logging_mixin.py:190} INFO - [2024-12-03T21:23:19.098+0700] {dagbag.py:588} INFO - Filling up the DagBag from /home/tedubuamo/project/venv/lib/python3.12/site-packages/airflow/example_dags/example_python_operator.py
[2024-12-03T21:23:19.167+0700] {logging_mixin.py:190} INFO - [2024-12-03T21:23:19.167+0700] {example_python_operator.py:93} WARNING - The virtalenv_python example task requires virtualenv, please install it.
[2024-12-03T21:23:19.169+0700] {processor.py:925} INFO - DAG(s) 'example_python_operator' retrieved from /home/tedubuamo/project/venv/lib/python3.12/site-packages/airflow/example_dags/example_python_operator.py
[2024-12-03T21:23:19.183+0700] {logging_mixin.py:190} INFO - [2024-12-03T21:23:19.182+0700] {dag.py:3239} INFO - Sync 1 DAGs
[2024-12-03T21:23:19.192+0700] {logging_mixin.py:190} INFO - [2024-12-03T21:23:19.192+0700] {dag.py:4180} INFO - Setting next_dagrun for example_python_operator to None, run_after=None
[2024-12-03T21:23:19.216+0700] {processor.py:208} INFO - Processing /home/tedubuamo/project/venv/lib/python3.12/site-packages/airflow/example_dags/example_python_operator.py took 0.127 seconds
[2024-12-03T21:24:15.569+0700] {processor.py:186} INFO - Started process (PID=4364) to work on /home/tedubuamo/project/venv/lib/python3.12/site-packages/airflow/example_dags/example_python_operator.py
[2024-12-03T21:24:15.572+0700] {processor.py:914} INFO - Processing file /home/tedubuamo/project/venv/lib/python3.12/site-packages/airflow/example_dags/example_python_operator.py for tasks to queue
[2024-12-03T21:24:15.574+0700] {logging_mixin.py:190} INFO - [2024-12-03T21:24:15.574+0700] {dagbag.py:588} INFO - Filling up the DagBag from /home/tedubuamo/project/venv/lib/python3.12/site-packages/airflow/example_dags/example_python_operator.py
[2024-12-03T21:24:15.642+0700] {logging_mixin.py:190} INFO - [2024-12-03T21:24:15.641+0700] {example_python_operator.py:93} WARNING - The virtalenv_python example task requires virtualenv, please install it.
[2024-12-03T21:24:15.644+0700] {processor.py:925} INFO - DAG(s) 'example_python_operator' retrieved from /home/tedubuamo/project/venv/lib/python3.12/site-packages/airflow/example_dags/example_python_operator.py
[2024-12-03T21:24:15.655+0700] {logging_mixin.py:190} INFO - [2024-12-03T21:24:15.655+0700] {dag.py:3239} INFO - Sync 1 DAGs
[2024-12-03T21:24:15.665+0700] {logging_mixin.py:190} INFO - [2024-12-03T21:24:15.665+0700] {dag.py:4180} INFO - Setting next_dagrun for example_python_operator to None, run_after=None
[2024-12-03T21:24:15.684+0700] {processor.py:208} INFO - Processing /home/tedubuamo/project/venv/lib/python3.12/site-packages/airflow/example_dags/example_python_operator.py took 0.120 seconds
[2024-12-03T21:25:06.924+0700] {processor.py:186} INFO - Started process (PID=4421) to work on /home/tedubuamo/project/venv/lib/python3.12/site-packages/airflow/example_dags/example_python_operator.py
[2024-12-03T21:25:06.926+0700] {processor.py:914} INFO - Processing file /home/tedubuamo/project/venv/lib/python3.12/site-packages/airflow/example_dags/example_python_operator.py for tasks to queue
[2024-12-03T21:25:06.928+0700] {logging_mixin.py:190} INFO - [2024-12-03T21:25:06.927+0700] {dagbag.py:588} INFO - Filling up the DagBag from /home/tedubuamo/project/venv/lib/python3.12/site-packages/airflow/example_dags/example_python_operator.py
[2024-12-03T21:25:06.993+0700] {logging_mixin.py:190} INFO - [2024-12-03T21:25:06.992+0700] {example_python_operator.py:93} WARNING - The virtalenv_python example task requires virtualenv, please install it.
[2024-12-03T21:25:06.995+0700] {processor.py:925} INFO - DAG(s) 'example_python_operator' retrieved from /home/tedubuamo/project/venv/lib/python3.12/site-packages/airflow/example_dags/example_python_operator.py
[2024-12-03T21:25:07.006+0700] {logging_mixin.py:190} INFO - [2024-12-03T21:25:07.006+0700] {dag.py:3239} INFO - Sync 1 DAGs
[2024-12-03T21:25:07.016+0700] {logging_mixin.py:190} INFO - [2024-12-03T21:25:07.015+0700] {dag.py:4180} INFO - Setting next_dagrun for example_python_operator to None, run_after=None
[2024-12-03T21:25:07.035+0700] {processor.py:208} INFO - Processing /home/tedubuamo/project/venv/lib/python3.12/site-packages/airflow/example_dags/example_python_operator.py took 0.115 seconds
[2024-12-03T21:26:09.162+0700] {processor.py:186} INFO - Started process (PID=4509) to work on /home/tedubuamo/project/venv/lib/python3.12/site-packages/airflow/example_dags/example_python_operator.py
[2024-12-03T21:26:09.166+0700] {processor.py:914} INFO - Processing file /home/tedubuamo/project/venv/lib/python3.12/site-packages/airflow/example_dags/example_python_operator.py for tasks to queue
[2024-12-03T21:26:09.168+0700] {logging_mixin.py:190} INFO - [2024-12-03T21:26:09.167+0700] {dagbag.py:588} INFO - Filling up the DagBag from /home/tedubuamo/project/venv/lib/python3.12/site-packages/airflow/example_dags/example_python_operator.py
[2024-12-03T21:26:09.222+0700] {logging_mixin.py:190} INFO - [2024-12-03T21:26:09.222+0700] {example_python_operator.py:93} WARNING - The virtalenv_python example task requires virtualenv, please install it.
[2024-12-03T21:26:09.224+0700] {processor.py:925} INFO - DAG(s) 'example_python_operator' retrieved from /home/tedubuamo/project/venv/lib/python3.12/site-packages/airflow/example_dags/example_python_operator.py
[2024-12-03T21:26:09.236+0700] {logging_mixin.py:190} INFO - [2024-12-03T21:26:09.236+0700] {dag.py:3239} INFO - Sync 1 DAGs
[2024-12-03T21:26:09.245+0700] {logging_mixin.py:190} INFO - [2024-12-03T21:26:09.245+0700] {dag.py:4180} INFO - Setting next_dagrun for example_python_operator to None, run_after=None
[2024-12-03T21:26:09.266+0700] {processor.py:208} INFO - Processing /home/tedubuamo/project/venv/lib/python3.12/site-packages/airflow/example_dags/example_python_operator.py took 0.108 seconds
[2024-12-03T21:27:04.597+0700] {processor.py:186} INFO - Started process (PID=4567) to work on /home/tedubuamo/project/venv/lib/python3.12/site-packages/airflow/example_dags/example_python_operator.py
[2024-12-03T21:27:04.600+0700] {processor.py:914} INFO - Processing file /home/tedubuamo/project/venv/lib/python3.12/site-packages/airflow/example_dags/example_python_operator.py for tasks to queue
[2024-12-03T21:27:04.602+0700] {logging_mixin.py:190} INFO - [2024-12-03T21:27:04.602+0700] {dagbag.py:588} INFO - Filling up the DagBag from /home/tedubuamo/project/venv/lib/python3.12/site-packages/airflow/example_dags/example_python_operator.py
[2024-12-03T21:27:04.671+0700] {logging_mixin.py:190} INFO - [2024-12-03T21:27:04.671+0700] {example_python_operator.py:93} WARNING - The virtalenv_python example task requires virtualenv, please install it.
[2024-12-03T21:27:04.673+0700] {processor.py:925} INFO - DAG(s) 'example_python_operator' retrieved from /home/tedubuamo/project/venv/lib/python3.12/site-packages/airflow/example_dags/example_python_operator.py
[2024-12-03T21:27:04.686+0700] {logging_mixin.py:190} INFO - [2024-12-03T21:27:04.685+0700] {dag.py:3239} INFO - Sync 1 DAGs
[2024-12-03T21:27:04.696+0700] {logging_mixin.py:190} INFO - [2024-12-03T21:27:04.695+0700] {dag.py:4180} INFO - Setting next_dagrun for example_python_operator to None, run_after=None
[2024-12-03T21:27:04.714+0700] {processor.py:208} INFO - Processing /home/tedubuamo/project/venv/lib/python3.12/site-packages/airflow/example_dags/example_python_operator.py took 0.122 seconds
[2024-12-03T21:27:57.402+0700] {processor.py:186} INFO - Started process (PID=4638) to work on /home/tedubuamo/project/venv/lib/python3.12/site-packages/airflow/example_dags/example_python_operator.py
[2024-12-03T21:27:57.403+0700] {processor.py:914} INFO - Processing file /home/tedubuamo/project/venv/lib/python3.12/site-packages/airflow/example_dags/example_python_operator.py for tasks to queue
[2024-12-03T21:27:57.405+0700] {logging_mixin.py:190} INFO - [2024-12-03T21:27:57.405+0700] {dagbag.py:588} INFO - Filling up the DagBag from /home/tedubuamo/project/venv/lib/python3.12/site-packages/airflow/example_dags/example_python_operator.py
[2024-12-03T21:27:57.484+0700] {logging_mixin.py:190} INFO - [2024-12-03T21:27:57.483+0700] {example_python_operator.py:93} WARNING - The virtalenv_python example task requires virtualenv, please install it.
[2024-12-03T21:27:57.486+0700] {processor.py:925} INFO - DAG(s) 'example_python_operator' retrieved from /home/tedubuamo/project/venv/lib/python3.12/site-packages/airflow/example_dags/example_python_operator.py
[2024-12-03T21:27:57.501+0700] {logging_mixin.py:190} INFO - [2024-12-03T21:27:57.501+0700] {dag.py:3239} INFO - Sync 1 DAGs
[2024-12-03T21:27:57.513+0700] {logging_mixin.py:190} INFO - [2024-12-03T21:27:57.513+0700] {dag.py:4180} INFO - Setting next_dagrun for example_python_operator to None, run_after=None
[2024-12-03T21:27:57.533+0700] {processor.py:208} INFO - Processing /home/tedubuamo/project/venv/lib/python3.12/site-packages/airflow/example_dags/example_python_operator.py took 0.136 seconds
[2024-12-03T21:28:52.402+0700] {processor.py:186} INFO - Started process (PID=4773) to work on /home/tedubuamo/project/venv/lib/python3.12/site-packages/airflow/example_dags/example_python_operator.py
[2024-12-03T21:28:52.403+0700] {processor.py:914} INFO - Processing file /home/tedubuamo/project/venv/lib/python3.12/site-packages/airflow/example_dags/example_python_operator.py for tasks to queue
[2024-12-03T21:28:52.406+0700] {logging_mixin.py:190} INFO - [2024-12-03T21:28:52.405+0700] {dagbag.py:588} INFO - Filling up the DagBag from /home/tedubuamo/project/venv/lib/python3.12/site-packages/airflow/example_dags/example_python_operator.py
[2024-12-03T21:28:52.476+0700] {logging_mixin.py:190} INFO - [2024-12-03T21:28:52.476+0700] {example_python_operator.py:93} WARNING - The virtalenv_python example task requires virtualenv, please install it.
[2024-12-03T21:28:52.478+0700] {processor.py:925} INFO - DAG(s) 'example_python_operator' retrieved from /home/tedubuamo/project/venv/lib/python3.12/site-packages/airflow/example_dags/example_python_operator.py
[2024-12-03T21:28:52.490+0700] {logging_mixin.py:190} INFO - [2024-12-03T21:28:52.490+0700] {dag.py:3239} INFO - Sync 1 DAGs
[2024-12-03T21:28:52.500+0700] {logging_mixin.py:190} INFO - [2024-12-03T21:28:52.500+0700] {dag.py:4180} INFO - Setting next_dagrun for example_python_operator to None, run_after=None
[2024-12-03T21:28:52.519+0700] {processor.py:208} INFO - Processing /home/tedubuamo/project/venv/lib/python3.12/site-packages/airflow/example_dags/example_python_operator.py took 0.122 seconds
[2024-12-03T21:29:45.401+0700] {processor.py:186} INFO - Started process (PID=4835) to work on /home/tedubuamo/project/venv/lib/python3.12/site-packages/airflow/example_dags/example_python_operator.py
[2024-12-03T21:29:45.405+0700] {processor.py:914} INFO - Processing file /home/tedubuamo/project/venv/lib/python3.12/site-packages/airflow/example_dags/example_python_operator.py for tasks to queue
[2024-12-03T21:29:45.407+0700] {logging_mixin.py:190} INFO - [2024-12-03T21:29:45.406+0700] {dagbag.py:588} INFO - Filling up the DagBag from /home/tedubuamo/project/venv/lib/python3.12/site-packages/airflow/example_dags/example_python_operator.py
[2024-12-03T21:29:45.474+0700] {logging_mixin.py:190} INFO - [2024-12-03T21:29:45.474+0700] {example_python_operator.py:93} WARNING - The virtalenv_python example task requires virtualenv, please install it.
[2024-12-03T21:29:45.476+0700] {processor.py:925} INFO - DAG(s) 'example_python_operator' retrieved from /home/tedubuamo/project/venv/lib/python3.12/site-packages/airflow/example_dags/example_python_operator.py
[2024-12-03T21:29:45.490+0700] {logging_mixin.py:190} INFO - [2024-12-03T21:29:45.489+0700] {dag.py:3239} INFO - Sync 1 DAGs
[2024-12-03T21:29:45.500+0700] {logging_mixin.py:190} INFO - [2024-12-03T21:29:45.500+0700] {dag.py:4180} INFO - Setting next_dagrun for example_python_operator to None, run_after=None
[2024-12-03T21:29:45.520+0700] {processor.py:208} INFO - Processing /home/tedubuamo/project/venv/lib/python3.12/site-packages/airflow/example_dags/example_python_operator.py took 0.125 seconds
[2024-12-03T21:30:39.868+0700] {processor.py:186} INFO - Started process (PID=4894) to work on /home/tedubuamo/project/venv/lib/python3.12/site-packages/airflow/example_dags/example_python_operator.py
[2024-12-03T21:30:39.872+0700] {processor.py:914} INFO - Processing file /home/tedubuamo/project/venv/lib/python3.12/site-packages/airflow/example_dags/example_python_operator.py for tasks to queue
[2024-12-03T21:30:39.874+0700] {logging_mixin.py:190} INFO - [2024-12-03T21:30:39.873+0700] {dagbag.py:588} INFO - Filling up the DagBag from /home/tedubuamo/project/venv/lib/python3.12/site-packages/airflow/example_dags/example_python_operator.py
[2024-12-03T21:30:39.929+0700] {logging_mixin.py:190} INFO - [2024-12-03T21:30:39.928+0700] {example_python_operator.py:93} WARNING - The virtalenv_python example task requires virtualenv, please install it.
[2024-12-03T21:30:39.931+0700] {processor.py:925} INFO - DAG(s) 'example_python_operator' retrieved from /home/tedubuamo/project/venv/lib/python3.12/site-packages/airflow/example_dags/example_python_operator.py
[2024-12-03T21:30:39.942+0700] {logging_mixin.py:190} INFO - [2024-12-03T21:30:39.942+0700] {dag.py:3239} INFO - Sync 1 DAGs
[2024-12-03T21:30:39.951+0700] {logging_mixin.py:190} INFO - [2024-12-03T21:30:39.951+0700] {dag.py:4180} INFO - Setting next_dagrun for example_python_operator to None, run_after=None
[2024-12-03T21:30:39.968+0700] {processor.py:208} INFO - Processing /home/tedubuamo/project/venv/lib/python3.12/site-packages/airflow/example_dags/example_python_operator.py took 0.104 seconds
[2024-12-03T21:31:33.725+0700] {processor.py:186} INFO - Started process (PID=4968) to work on /home/tedubuamo/project/venv/lib/python3.12/site-packages/airflow/example_dags/example_python_operator.py
[2024-12-03T21:31:33.726+0700] {processor.py:914} INFO - Processing file /home/tedubuamo/project/venv/lib/python3.12/site-packages/airflow/example_dags/example_python_operator.py for tasks to queue
[2024-12-03T21:31:33.728+0700] {logging_mixin.py:190} INFO - [2024-12-03T21:31:33.728+0700] {dagbag.py:588} INFO - Filling up the DagBag from /home/tedubuamo/project/venv/lib/python3.12/site-packages/airflow/example_dags/example_python_operator.py
[2024-12-03T21:31:33.795+0700] {logging_mixin.py:190} INFO - [2024-12-03T21:31:33.795+0700] {example_python_operator.py:93} WARNING - The virtalenv_python example task requires virtualenv, please install it.
[2024-12-03T21:31:33.797+0700] {processor.py:925} INFO - DAG(s) 'example_python_operator' retrieved from /home/tedubuamo/project/venv/lib/python3.12/site-packages/airflow/example_dags/example_python_operator.py
[2024-12-03T21:31:33.808+0700] {logging_mixin.py:190} INFO - [2024-12-03T21:31:33.808+0700] {dag.py:3239} INFO - Sync 1 DAGs
[2024-12-03T21:31:33.816+0700] {logging_mixin.py:190} INFO - [2024-12-03T21:31:33.816+0700] {dag.py:4180} INFO - Setting next_dagrun for example_python_operator to None, run_after=None
[2024-12-03T21:31:33.834+0700] {processor.py:208} INFO - Processing /home/tedubuamo/project/venv/lib/python3.12/site-packages/airflow/example_dags/example_python_operator.py took 0.113 seconds
