[2024-12-03T20:46:52.209+0700] {processor.py:186} INFO - Started process (PID=1207) to work on /home/tedubuamo/project/venv/lib/python3.12/site-packages/airflow/example_dags/example_branch_operator_decorator.py
[2024-12-03T20:46:52.210+0700] {processor.py:914} INFO - Processing file /home/tedubuamo/project/venv/lib/python3.12/site-packages/airflow/example_dags/example_branch_operator_decorator.py for tasks to queue
[2024-12-03T20:46:52.211+0700] {logging_mixin.py:190} INFO - [2024-12-03T20:46:52.211+0700] {dagbag.py:588} INFO - Filling up the DagBag from /home/tedubuamo/project/venv/lib/python3.12/site-packages/airflow/example_dags/example_branch_operator_decorator.py
[2024-12-03T20:46:52.271+0700] {processor.py:927} WARNING - No viable dags retrieved from /home/tedubuamo/project/venv/lib/python3.12/site-packages/airflow/example_dags/example_branch_operator_decorator.py
[2024-12-03T20:46:52.280+0700] {processor.py:208} INFO - Processing /home/tedubuamo/project/venv/lib/python3.12/site-packages/airflow/example_dags/example_branch_operator_decorator.py took 0.075 seconds
[2024-12-03T20:57:27.392+0700] {processor.py:186} INFO - Started process (PID=1622) to work on /home/tedubuamo/project/venv/lib/python3.12/site-packages/airflow/example_dags/example_branch_operator_decorator.py
[2024-12-03T20:57:27.394+0700] {processor.py:914} INFO - Processing file /home/tedubuamo/project/venv/lib/python3.12/site-packages/airflow/example_dags/example_branch_operator_decorator.py for tasks to queue
[2024-12-03T20:57:27.395+0700] {logging_mixin.py:190} INFO - [2024-12-03T20:57:27.395+0700] {dagbag.py:588} INFO - Filling up the DagBag from /home/tedubuamo/project/venv/lib/python3.12/site-packages/airflow/example_dags/example_branch_operator_decorator.py
[2024-12-03T20:57:27.459+0700] {processor.py:927} WARNING - No viable dags retrieved from /home/tedubuamo/project/venv/lib/python3.12/site-packages/airflow/example_dags/example_branch_operator_decorator.py
[2024-12-03T20:57:27.466+0700] {processor.py:208} INFO - Processing /home/tedubuamo/project/venv/lib/python3.12/site-packages/airflow/example_dags/example_branch_operator_decorator.py took 0.079 seconds
[2024-12-03T20:58:25.109+0700] {processor.py:186} INFO - Started process (PID=1679) to work on /home/tedubuamo/project/venv/lib/python3.12/site-packages/airflow/example_dags/example_branch_operator_decorator.py
[2024-12-03T20:58:25.110+0700] {processor.py:914} INFO - Processing file /home/tedubuamo/project/venv/lib/python3.12/site-packages/airflow/example_dags/example_branch_operator_decorator.py for tasks to queue
[2024-12-03T20:58:25.112+0700] {logging_mixin.py:190} INFO - [2024-12-03T20:58:25.112+0700] {dagbag.py:588} INFO - Filling up the DagBag from /home/tedubuamo/project/venv/lib/python3.12/site-packages/airflow/example_dags/example_branch_operator_decorator.py
[2024-12-03T20:58:25.173+0700] {processor.py:927} WARNING - No viable dags retrieved from /home/tedubuamo/project/venv/lib/python3.12/site-packages/airflow/example_dags/example_branch_operator_decorator.py
[2024-12-03T20:58:25.180+0700] {processor.py:208} INFO - Processing /home/tedubuamo/project/venv/lib/python3.12/site-packages/airflow/example_dags/example_branch_operator_decorator.py took 0.076 seconds
[2024-12-03T20:59:18.533+0700] {processor.py:186} INFO - Started process (PID=1734) to work on /home/tedubuamo/project/venv/lib/python3.12/site-packages/airflow/example_dags/example_branch_operator_decorator.py
[2024-12-03T20:59:18.534+0700] {processor.py:914} INFO - Processing file /home/tedubuamo/project/venv/lib/python3.12/site-packages/airflow/example_dags/example_branch_operator_decorator.py for tasks to queue
[2024-12-03T20:59:18.535+0700] {logging_mixin.py:190} INFO - [2024-12-03T20:59:18.535+0700] {dagbag.py:588} INFO - Filling up the DagBag from /home/tedubuamo/project/venv/lib/python3.12/site-packages/airflow/example_dags/example_branch_operator_decorator.py
[2024-12-03T20:59:18.598+0700] {processor.py:927} WARNING - No viable dags retrieved from /home/tedubuamo/project/venv/lib/python3.12/site-packages/airflow/example_dags/example_branch_operator_decorator.py
[2024-12-03T20:59:18.605+0700] {processor.py:208} INFO - Processing /home/tedubuamo/project/venv/lib/python3.12/site-packages/airflow/example_dags/example_branch_operator_decorator.py took 0.076 seconds
[2024-12-03T21:00:08.044+0700] {processor.py:186} INFO - Started process (PID=1784) to work on /home/tedubuamo/project/venv/lib/python3.12/site-packages/airflow/example_dags/example_branch_operator_decorator.py
[2024-12-03T21:00:08.045+0700] {processor.py:914} INFO - Processing file /home/tedubuamo/project/venv/lib/python3.12/site-packages/airflow/example_dags/example_branch_operator_decorator.py for tasks to queue
[2024-12-03T21:00:08.047+0700] {logging_mixin.py:190} INFO - [2024-12-03T21:00:08.047+0700] {dagbag.py:588} INFO - Filling up the DagBag from /home/tedubuamo/project/venv/lib/python3.12/site-packages/airflow/example_dags/example_branch_operator_decorator.py
[2024-12-03T21:00:08.104+0700] {processor.py:927} WARNING - No viable dags retrieved from /home/tedubuamo/project/venv/lib/python3.12/site-packages/airflow/example_dags/example_branch_operator_decorator.py
[2024-12-03T21:00:08.112+0700] {processor.py:208} INFO - Processing /home/tedubuamo/project/venv/lib/python3.12/site-packages/airflow/example_dags/example_branch_operator_decorator.py took 0.073 seconds
[2024-12-03T21:00:59.451+0700] {processor.py:186} INFO - Started process (PID=1838) to work on /home/tedubuamo/project/venv/lib/python3.12/site-packages/airflow/example_dags/example_branch_operator_decorator.py
[2024-12-03T21:00:59.452+0700] {processor.py:914} INFO - Processing file /home/tedubuamo/project/venv/lib/python3.12/site-packages/airflow/example_dags/example_branch_operator_decorator.py for tasks to queue
[2024-12-03T21:00:59.454+0700] {logging_mixin.py:190} INFO - [2024-12-03T21:00:59.453+0700] {dagbag.py:588} INFO - Filling up the DagBag from /home/tedubuamo/project/venv/lib/python3.12/site-packages/airflow/example_dags/example_branch_operator_decorator.py
[2024-12-03T21:00:59.517+0700] {processor.py:927} WARNING - No viable dags retrieved from /home/tedubuamo/project/venv/lib/python3.12/site-packages/airflow/example_dags/example_branch_operator_decorator.py
[2024-12-03T21:00:59.526+0700] {processor.py:208} INFO - Processing /home/tedubuamo/project/venv/lib/python3.12/site-packages/airflow/example_dags/example_branch_operator_decorator.py took 0.078 seconds
[2024-12-03T21:04:56.818+0700] {processor.py:186} INFO - Started process (PID=1998) to work on /home/tedubuamo/project/venv/lib/python3.12/site-packages/airflow/example_dags/example_branch_operator_decorator.py
[2024-12-03T21:04:56.820+0700] {processor.py:914} INFO - Processing file /home/tedubuamo/project/venv/lib/python3.12/site-packages/airflow/example_dags/example_branch_operator_decorator.py for tasks to queue
[2024-12-03T21:04:56.823+0700] {logging_mixin.py:190} INFO - [2024-12-03T21:04:56.823+0700] {dagbag.py:588} INFO - Filling up the DagBag from /home/tedubuamo/project/venv/lib/python3.12/site-packages/airflow/example_dags/example_branch_operator_decorator.py
[2024-12-03T21:04:56.898+0700] {processor.py:927} WARNING - No viable dags retrieved from /home/tedubuamo/project/venv/lib/python3.12/site-packages/airflow/example_dags/example_branch_operator_decorator.py
[2024-12-03T21:04:56.909+0700] {processor.py:208} INFO - Processing /home/tedubuamo/project/venv/lib/python3.12/site-packages/airflow/example_dags/example_branch_operator_decorator.py took 0.095 seconds
[2024-12-03T21:05:49.967+0700] {processor.py:186} INFO - Started process (PID=2130) to work on /home/tedubuamo/project/venv/lib/python3.12/site-packages/airflow/example_dags/example_branch_operator_decorator.py
[2024-12-03T21:05:49.971+0700] {processor.py:914} INFO - Processing file /home/tedubuamo/project/venv/lib/python3.12/site-packages/airflow/example_dags/example_branch_operator_decorator.py for tasks to queue
[2024-12-03T21:05:49.972+0700] {logging_mixin.py:190} INFO - [2024-12-03T21:05:49.972+0700] {dagbag.py:588} INFO - Filling up the DagBag from /home/tedubuamo/project/venv/lib/python3.12/site-packages/airflow/example_dags/example_branch_operator_decorator.py
[2024-12-03T21:05:50.025+0700] {processor.py:927} WARNING - No viable dags retrieved from /home/tedubuamo/project/venv/lib/python3.12/site-packages/airflow/example_dags/example_branch_operator_decorator.py
[2024-12-03T21:05:50.033+0700] {processor.py:208} INFO - Processing /home/tedubuamo/project/venv/lib/python3.12/site-packages/airflow/example_dags/example_branch_operator_decorator.py took 0.070 seconds
[2024-12-03T21:05:51.686+0700] {processor.py:186} INFO - Started process (PID=2133) to work on /home/tedubuamo/project/venv/lib/python3.12/site-packages/airflow/example_dags/example_branch_operator_decorator.py
[2024-12-03T21:05:51.687+0700] {processor.py:914} INFO - Processing file /home/tedubuamo/project/venv/lib/python3.12/site-packages/airflow/example_dags/example_branch_operator_decorator.py for tasks to queue
[2024-12-03T21:05:51.689+0700] {logging_mixin.py:190} INFO - [2024-12-03T21:05:51.688+0700] {dagbag.py:588} INFO - Filling up the DagBag from /home/tedubuamo/project/venv/lib/python3.12/site-packages/airflow/example_dags/example_branch_operator_decorator.py
[2024-12-03T21:05:51.741+0700] {processor.py:927} WARNING - No viable dags retrieved from /home/tedubuamo/project/venv/lib/python3.12/site-packages/airflow/example_dags/example_branch_operator_decorator.py
[2024-12-03T21:05:51.748+0700] {processor.py:208} INFO - Processing /home/tedubuamo/project/venv/lib/python3.12/site-packages/airflow/example_dags/example_branch_operator_decorator.py took 0.066 seconds
[2024-12-03T21:06:42.690+0700] {processor.py:186} INFO - Started process (PID=2236) to work on /home/tedubuamo/project/venv/lib/python3.12/site-packages/airflow/example_dags/example_branch_operator_decorator.py
[2024-12-03T21:06:42.692+0700] {processor.py:914} INFO - Processing file /home/tedubuamo/project/venv/lib/python3.12/site-packages/airflow/example_dags/example_branch_operator_decorator.py for tasks to queue
[2024-12-03T21:06:42.694+0700] {logging_mixin.py:190} INFO - [2024-12-03T21:06:42.694+0700] {dagbag.py:588} INFO - Filling up the DagBag from /home/tedubuamo/project/venv/lib/python3.12/site-packages/airflow/example_dags/example_branch_operator_decorator.py
[2024-12-03T21:06:42.754+0700] {processor.py:927} WARNING - No viable dags retrieved from /home/tedubuamo/project/venv/lib/python3.12/site-packages/airflow/example_dags/example_branch_operator_decorator.py
[2024-12-03T21:06:42.761+0700] {processor.py:208} INFO - Processing /home/tedubuamo/project/venv/lib/python3.12/site-packages/airflow/example_dags/example_branch_operator_decorator.py took 0.075 seconds
[2024-12-03T21:06:46.979+0700] {processor.py:186} INFO - Started process (PID=2247) to work on /home/tedubuamo/project/venv/lib/python3.12/site-packages/airflow/example_dags/example_branch_operator_decorator.py
[2024-12-03T21:06:46.980+0700] {processor.py:914} INFO - Processing file /home/tedubuamo/project/venv/lib/python3.12/site-packages/airflow/example_dags/example_branch_operator_decorator.py for tasks to queue
[2024-12-03T21:06:46.982+0700] {logging_mixin.py:190} INFO - [2024-12-03T21:06:46.981+0700] {dagbag.py:588} INFO - Filling up the DagBag from /home/tedubuamo/project/venv/lib/python3.12/site-packages/airflow/example_dags/example_branch_operator_decorator.py
[2024-12-03T21:06:47.041+0700] {processor.py:927} WARNING - No viable dags retrieved from /home/tedubuamo/project/venv/lib/python3.12/site-packages/airflow/example_dags/example_branch_operator_decorator.py
[2024-12-03T21:06:47.048+0700] {processor.py:208} INFO - Processing /home/tedubuamo/project/venv/lib/python3.12/site-packages/airflow/example_dags/example_branch_operator_decorator.py took 0.073 seconds
[2024-12-03T21:07:34.778+0700] {processor.py:186} INFO - Started process (PID=2441) to work on /home/tedubuamo/project/venv/lib/python3.12/site-packages/airflow/example_dags/example_branch_operator_decorator.py
[2024-12-03T21:07:34.779+0700] {processor.py:914} INFO - Processing file /home/tedubuamo/project/venv/lib/python3.12/site-packages/airflow/example_dags/example_branch_operator_decorator.py for tasks to queue
[2024-12-03T21:07:34.781+0700] {logging_mixin.py:190} INFO - [2024-12-03T21:07:34.781+0700] {dagbag.py:588} INFO - Filling up the DagBag from /home/tedubuamo/project/venv/lib/python3.12/site-packages/airflow/example_dags/example_branch_operator_decorator.py
[2024-12-03T21:07:34.839+0700] {processor.py:927} WARNING - No viable dags retrieved from /home/tedubuamo/project/venv/lib/python3.12/site-packages/airflow/example_dags/example_branch_operator_decorator.py
[2024-12-03T21:07:34.845+0700] {processor.py:208} INFO - Processing /home/tedubuamo/project/venv/lib/python3.12/site-packages/airflow/example_dags/example_branch_operator_decorator.py took 0.071 seconds
[2024-12-03T21:07:37.315+0700] {processor.py:186} INFO - Started process (PID=2446) to work on /home/tedubuamo/project/venv/lib/python3.12/site-packages/airflow/example_dags/example_branch_operator_decorator.py
[2024-12-03T21:07:37.316+0700] {processor.py:914} INFO - Processing file /home/tedubuamo/project/venv/lib/python3.12/site-packages/airflow/example_dags/example_branch_operator_decorator.py for tasks to queue
[2024-12-03T21:07:37.318+0700] {logging_mixin.py:190} INFO - [2024-12-03T21:07:37.318+0700] {dagbag.py:588} INFO - Filling up the DagBag from /home/tedubuamo/project/venv/lib/python3.12/site-packages/airflow/example_dags/example_branch_operator_decorator.py
[2024-12-03T21:07:37.396+0700] {processor.py:927} WARNING - No viable dags retrieved from /home/tedubuamo/project/venv/lib/python3.12/site-packages/airflow/example_dags/example_branch_operator_decorator.py
[2024-12-03T21:07:37.406+0700] {processor.py:208} INFO - Processing /home/tedubuamo/project/venv/lib/python3.12/site-packages/airflow/example_dags/example_branch_operator_decorator.py took 0.097 seconds
[2024-12-03T21:08:26.185+0700] {processor.py:186} INFO - Started process (PID=2546) to work on /home/tedubuamo/project/venv/lib/python3.12/site-packages/airflow/example_dags/example_branch_operator_decorator.py
[2024-12-03T21:08:26.190+0700] {processor.py:914} INFO - Processing file /home/tedubuamo/project/venv/lib/python3.12/site-packages/airflow/example_dags/example_branch_operator_decorator.py for tasks to queue
[2024-12-03T21:08:26.194+0700] {logging_mixin.py:190} INFO - [2024-12-03T21:08:26.193+0700] {dagbag.py:588} INFO - Filling up the DagBag from /home/tedubuamo/project/venv/lib/python3.12/site-packages/airflow/example_dags/example_branch_operator_decorator.py
[2024-12-03T21:08:26.256+0700] {processor.py:927} WARNING - No viable dags retrieved from /home/tedubuamo/project/venv/lib/python3.12/site-packages/airflow/example_dags/example_branch_operator_decorator.py
[2024-12-03T21:08:26.268+0700] {processor.py:208} INFO - Processing /home/tedubuamo/project/venv/lib/python3.12/site-packages/airflow/example_dags/example_branch_operator_decorator.py took 0.087 seconds
[2024-12-03T21:08:27.413+0700] {processor.py:186} INFO - Started process (PID=2549) to work on /home/tedubuamo/project/venv/lib/python3.12/site-packages/airflow/example_dags/example_branch_operator_decorator.py
[2024-12-03T21:08:27.414+0700] {processor.py:914} INFO - Processing file /home/tedubuamo/project/venv/lib/python3.12/site-packages/airflow/example_dags/example_branch_operator_decorator.py for tasks to queue
[2024-12-03T21:08:27.415+0700] {logging_mixin.py:190} INFO - [2024-12-03T21:08:27.415+0700] {dagbag.py:588} INFO - Filling up the DagBag from /home/tedubuamo/project/venv/lib/python3.12/site-packages/airflow/example_dags/example_branch_operator_decorator.py
[2024-12-03T21:08:27.483+0700] {processor.py:927} WARNING - No viable dags retrieved from /home/tedubuamo/project/venv/lib/python3.12/site-packages/airflow/example_dags/example_branch_operator_decorator.py
[2024-12-03T21:08:27.500+0700] {processor.py:208} INFO - Processing /home/tedubuamo/project/venv/lib/python3.12/site-packages/airflow/example_dags/example_branch_operator_decorator.py took 0.092 seconds
[2024-12-03T21:09:18.002+0700] {processor.py:186} INFO - Started process (PID=2653) to work on /home/tedubuamo/project/venv/lib/python3.12/site-packages/airflow/example_dags/example_branch_operator_decorator.py
[2024-12-03T21:09:18.004+0700] {processor.py:914} INFO - Processing file /home/tedubuamo/project/venv/lib/python3.12/site-packages/airflow/example_dags/example_branch_operator_decorator.py for tasks to queue
[2024-12-03T21:09:18.005+0700] {logging_mixin.py:190} INFO - [2024-12-03T21:09:18.005+0700] {dagbag.py:588} INFO - Filling up the DagBag from /home/tedubuamo/project/venv/lib/python3.12/site-packages/airflow/example_dags/example_branch_operator_decorator.py
[2024-12-03T21:09:18.055+0700] {processor.py:927} WARNING - No viable dags retrieved from /home/tedubuamo/project/venv/lib/python3.12/site-packages/airflow/example_dags/example_branch_operator_decorator.py
[2024-12-03T21:09:18.062+0700] {processor.py:208} INFO - Processing /home/tedubuamo/project/venv/lib/python3.12/site-packages/airflow/example_dags/example_branch_operator_decorator.py took 0.064 seconds
[2024-12-03T21:09:20.858+0700] {processor.py:186} INFO - Started process (PID=2659) to work on /home/tedubuamo/project/venv/lib/python3.12/site-packages/airflow/example_dags/example_branch_operator_decorator.py
[2024-12-03T21:09:20.858+0700] {processor.py:914} INFO - Processing file /home/tedubuamo/project/venv/lib/python3.12/site-packages/airflow/example_dags/example_branch_operator_decorator.py for tasks to queue
[2024-12-03T21:09:20.860+0700] {logging_mixin.py:190} INFO - [2024-12-03T21:09:20.860+0700] {dagbag.py:588} INFO - Filling up the DagBag from /home/tedubuamo/project/venv/lib/python3.12/site-packages/airflow/example_dags/example_branch_operator_decorator.py
[2024-12-03T21:09:20.913+0700] {processor.py:927} WARNING - No viable dags retrieved from /home/tedubuamo/project/venv/lib/python3.12/site-packages/airflow/example_dags/example_branch_operator_decorator.py
[2024-12-03T21:09:20.920+0700] {processor.py:208} INFO - Processing /home/tedubuamo/project/venv/lib/python3.12/site-packages/airflow/example_dags/example_branch_operator_decorator.py took 0.066 seconds
[2024-12-03T21:10:09.364+0700] {processor.py:186} INFO - Started process (PID=2759) to work on /home/tedubuamo/project/venv/lib/python3.12/site-packages/airflow/example_dags/example_branch_operator_decorator.py
[2024-12-03T21:10:09.365+0700] {processor.py:914} INFO - Processing file /home/tedubuamo/project/venv/lib/python3.12/site-packages/airflow/example_dags/example_branch_operator_decorator.py for tasks to queue
[2024-12-03T21:10:09.367+0700] {logging_mixin.py:190} INFO - [2024-12-03T21:10:09.366+0700] {dagbag.py:588} INFO - Filling up the DagBag from /home/tedubuamo/project/venv/lib/python3.12/site-packages/airflow/example_dags/example_branch_operator_decorator.py
[2024-12-03T21:10:09.436+0700] {processor.py:927} WARNING - No viable dags retrieved from /home/tedubuamo/project/venv/lib/python3.12/site-packages/airflow/example_dags/example_branch_operator_decorator.py
[2024-12-03T21:10:09.443+0700] {processor.py:208} INFO - Processing /home/tedubuamo/project/venv/lib/python3.12/site-packages/airflow/example_dags/example_branch_operator_decorator.py took 0.082 seconds
[2024-12-03T21:10:09.836+0700] {processor.py:186} INFO - Started process (PID=2760) to work on /home/tedubuamo/project/venv/lib/python3.12/site-packages/airflow/example_dags/example_branch_operator_decorator.py
[2024-12-03T21:10:09.837+0700] {processor.py:914} INFO - Processing file /home/tedubuamo/project/venv/lib/python3.12/site-packages/airflow/example_dags/example_branch_operator_decorator.py for tasks to queue
[2024-12-03T21:10:09.839+0700] {logging_mixin.py:190} INFO - [2024-12-03T21:10:09.839+0700] {dagbag.py:588} INFO - Filling up the DagBag from /home/tedubuamo/project/venv/lib/python3.12/site-packages/airflow/example_dags/example_branch_operator_decorator.py
[2024-12-03T21:10:09.900+0700] {processor.py:927} WARNING - No viable dags retrieved from /home/tedubuamo/project/venv/lib/python3.12/site-packages/airflow/example_dags/example_branch_operator_decorator.py
[2024-12-03T21:10:09.909+0700] {processor.py:208} INFO - Processing /home/tedubuamo/project/venv/lib/python3.12/site-packages/airflow/example_dags/example_branch_operator_decorator.py took 0.078 seconds
[2024-12-03T21:10:59.836+0700] {processor.py:186} INFO - Started process (PID=2863) to work on /home/tedubuamo/project/venv/lib/python3.12/site-packages/airflow/example_dags/example_branch_operator_decorator.py
[2024-12-03T21:10:59.847+0700] {processor.py:914} INFO - Processing file /home/tedubuamo/project/venv/lib/python3.12/site-packages/airflow/example_dags/example_branch_operator_decorator.py for tasks to queue
[2024-12-03T21:10:59.850+0700] {logging_mixin.py:190} INFO - [2024-12-03T21:10:59.850+0700] {dagbag.py:588} INFO - Filling up the DagBag from /home/tedubuamo/project/venv/lib/python3.12/site-packages/airflow/example_dags/example_branch_operator_decorator.py
[2024-12-03T21:10:59.954+0700] {processor.py:927} WARNING - No viable dags retrieved from /home/tedubuamo/project/venv/lib/python3.12/site-packages/airflow/example_dags/example_branch_operator_decorator.py
[2024-12-03T21:10:59.965+0700] {processor.py:208} INFO - Processing /home/tedubuamo/project/venv/lib/python3.12/site-packages/airflow/example_dags/example_branch_operator_decorator.py took 0.137 seconds
[2024-12-03T21:11:02.251+0700] {processor.py:186} INFO - Started process (PID=2866) to work on /home/tedubuamo/project/venv/lib/python3.12/site-packages/airflow/example_dags/example_branch_operator_decorator.py
[2024-12-03T21:11:02.252+0700] {processor.py:914} INFO - Processing file /home/tedubuamo/project/venv/lib/python3.12/site-packages/airflow/example_dags/example_branch_operator_decorator.py for tasks to queue
[2024-12-03T21:11:02.256+0700] {logging_mixin.py:190} INFO - [2024-12-03T21:11:02.256+0700] {dagbag.py:588} INFO - Filling up the DagBag from /home/tedubuamo/project/venv/lib/python3.12/site-packages/airflow/example_dags/example_branch_operator_decorator.py
[2024-12-03T21:11:02.342+0700] {processor.py:927} WARNING - No viable dags retrieved from /home/tedubuamo/project/venv/lib/python3.12/site-packages/airflow/example_dags/example_branch_operator_decorator.py
[2024-12-03T21:11:02.352+0700] {processor.py:208} INFO - Processing /home/tedubuamo/project/venv/lib/python3.12/site-packages/airflow/example_dags/example_branch_operator_decorator.py took 0.106 seconds
[2024-12-03T21:11:54.105+0700] {processor.py:186} INFO - Started process (PID=2977) to work on /home/tedubuamo/project/venv/lib/python3.12/site-packages/airflow/example_dags/example_branch_operator_decorator.py
[2024-12-03T21:11:54.108+0700] {processor.py:914} INFO - Processing file /home/tedubuamo/project/venv/lib/python3.12/site-packages/airflow/example_dags/example_branch_operator_decorator.py for tasks to queue
[2024-12-03T21:11:54.110+0700] {logging_mixin.py:190} INFO - [2024-12-03T21:11:54.110+0700] {dagbag.py:588} INFO - Filling up the DagBag from /home/tedubuamo/project/venv/lib/python3.12/site-packages/airflow/example_dags/example_branch_operator_decorator.py
[2024-12-03T21:11:54.159+0700] {processor.py:927} WARNING - No viable dags retrieved from /home/tedubuamo/project/venv/lib/python3.12/site-packages/airflow/example_dags/example_branch_operator_decorator.py
[2024-12-03T21:11:54.165+0700] {processor.py:208} INFO - Processing /home/tedubuamo/project/venv/lib/python3.12/site-packages/airflow/example_dags/example_branch_operator_decorator.py took 0.064 seconds
[2024-12-03T21:11:55.435+0700] {processor.py:186} INFO - Started process (PID=2983) to work on /home/tedubuamo/project/venv/lib/python3.12/site-packages/airflow/example_dags/example_branch_operator_decorator.py
[2024-12-03T21:11:55.436+0700] {processor.py:914} INFO - Processing file /home/tedubuamo/project/venv/lib/python3.12/site-packages/airflow/example_dags/example_branch_operator_decorator.py for tasks to queue
[2024-12-03T21:11:55.438+0700] {logging_mixin.py:190} INFO - [2024-12-03T21:11:55.437+0700] {dagbag.py:588} INFO - Filling up the DagBag from /home/tedubuamo/project/venv/lib/python3.12/site-packages/airflow/example_dags/example_branch_operator_decorator.py
[2024-12-03T21:11:55.500+0700] {processor.py:927} WARNING - No viable dags retrieved from /home/tedubuamo/project/venv/lib/python3.12/site-packages/airflow/example_dags/example_branch_operator_decorator.py
[2024-12-03T21:11:55.507+0700] {processor.py:208} INFO - Processing /home/tedubuamo/project/venv/lib/python3.12/site-packages/airflow/example_dags/example_branch_operator_decorator.py took 0.076 seconds
[2024-12-03T21:12:44.135+0700] {processor.py:186} INFO - Started process (PID=3102) to work on /home/tedubuamo/project/venv/lib/python3.12/site-packages/airflow/example_dags/example_branch_operator_decorator.py
[2024-12-03T21:12:44.138+0700] {processor.py:914} INFO - Processing file /home/tedubuamo/project/venv/lib/python3.12/site-packages/airflow/example_dags/example_branch_operator_decorator.py for tasks to queue
[2024-12-03T21:12:44.140+0700] {logging_mixin.py:190} INFO - [2024-12-03T21:12:44.140+0700] {dagbag.py:588} INFO - Filling up the DagBag from /home/tedubuamo/project/venv/lib/python3.12/site-packages/airflow/example_dags/example_branch_operator_decorator.py
[2024-12-03T21:12:44.199+0700] {processor.py:927} WARNING - No viable dags retrieved from /home/tedubuamo/project/venv/lib/python3.12/site-packages/airflow/example_dags/example_branch_operator_decorator.py
[2024-12-03T21:12:44.205+0700] {processor.py:208} INFO - Processing /home/tedubuamo/project/venv/lib/python3.12/site-packages/airflow/example_dags/example_branch_operator_decorator.py took 0.074 seconds
[2024-12-03T21:12:50.483+0700] {processor.py:186} INFO - Started process (PID=3124) to work on /home/tedubuamo/project/venv/lib/python3.12/site-packages/airflow/example_dags/example_branch_operator_decorator.py
[2024-12-03T21:12:50.484+0700] {processor.py:914} INFO - Processing file /home/tedubuamo/project/venv/lib/python3.12/site-packages/airflow/example_dags/example_branch_operator_decorator.py for tasks to queue
[2024-12-03T21:12:50.485+0700] {logging_mixin.py:190} INFO - [2024-12-03T21:12:50.485+0700] {dagbag.py:588} INFO - Filling up the DagBag from /home/tedubuamo/project/venv/lib/python3.12/site-packages/airflow/example_dags/example_branch_operator_decorator.py
[2024-12-03T21:12:50.546+0700] {processor.py:927} WARNING - No viable dags retrieved from /home/tedubuamo/project/venv/lib/python3.12/site-packages/airflow/example_dags/example_branch_operator_decorator.py
[2024-12-03T21:12:50.553+0700] {processor.py:208} INFO - Processing /home/tedubuamo/project/venv/lib/python3.12/site-packages/airflow/example_dags/example_branch_operator_decorator.py took 0.074 seconds
[2024-12-03T21:13:34.619+0700] {processor.py:186} INFO - Started process (PID=3213) to work on /home/tedubuamo/project/venv/lib/python3.12/site-packages/airflow/example_dags/example_branch_operator_decorator.py
[2024-12-03T21:13:34.620+0700] {processor.py:914} INFO - Processing file /home/tedubuamo/project/venv/lib/python3.12/site-packages/airflow/example_dags/example_branch_operator_decorator.py for tasks to queue
[2024-12-03T21:13:34.622+0700] {logging_mixin.py:190} INFO - [2024-12-03T21:13:34.622+0700] {dagbag.py:588} INFO - Filling up the DagBag from /home/tedubuamo/project/venv/lib/python3.12/site-packages/airflow/example_dags/example_branch_operator_decorator.py
[2024-12-03T21:13:34.684+0700] {processor.py:927} WARNING - No viable dags retrieved from /home/tedubuamo/project/venv/lib/python3.12/site-packages/airflow/example_dags/example_branch_operator_decorator.py
[2024-12-03T21:13:34.692+0700] {processor.py:208} INFO - Processing /home/tedubuamo/project/venv/lib/python3.12/site-packages/airflow/example_dags/example_branch_operator_decorator.py took 0.078 seconds
[2024-12-03T21:13:42.773+0700] {processor.py:186} INFO - Started process (PID=3230) to work on /home/tedubuamo/project/venv/lib/python3.12/site-packages/airflow/example_dags/example_branch_operator_decorator.py
[2024-12-03T21:13:42.774+0700] {processor.py:914} INFO - Processing file /home/tedubuamo/project/venv/lib/python3.12/site-packages/airflow/example_dags/example_branch_operator_decorator.py for tasks to queue
[2024-12-03T21:13:42.776+0700] {logging_mixin.py:190} INFO - [2024-12-03T21:13:42.776+0700] {dagbag.py:588} INFO - Filling up the DagBag from /home/tedubuamo/project/venv/lib/python3.12/site-packages/airflow/example_dags/example_branch_operator_decorator.py
[2024-12-03T21:13:42.843+0700] {processor.py:927} WARNING - No viable dags retrieved from /home/tedubuamo/project/venv/lib/python3.12/site-packages/airflow/example_dags/example_branch_operator_decorator.py
[2024-12-03T21:13:42.851+0700] {processor.py:208} INFO - Processing /home/tedubuamo/project/venv/lib/python3.12/site-packages/airflow/example_dags/example_branch_operator_decorator.py took 0.081 seconds
[2024-12-03T21:14:25.686+0700] {processor.py:186} INFO - Started process (PID=3319) to work on /home/tedubuamo/project/venv/lib/python3.12/site-packages/airflow/example_dags/example_branch_operator_decorator.py
[2024-12-03T21:14:25.687+0700] {processor.py:914} INFO - Processing file /home/tedubuamo/project/venv/lib/python3.12/site-packages/airflow/example_dags/example_branch_operator_decorator.py for tasks to queue
[2024-12-03T21:14:25.688+0700] {logging_mixin.py:190} INFO - [2024-12-03T21:14:25.688+0700] {dagbag.py:588} INFO - Filling up the DagBag from /home/tedubuamo/project/venv/lib/python3.12/site-packages/airflow/example_dags/example_branch_operator_decorator.py
[2024-12-03T21:14:25.749+0700] {processor.py:927} WARNING - No viable dags retrieved from /home/tedubuamo/project/venv/lib/python3.12/site-packages/airflow/example_dags/example_branch_operator_decorator.py
[2024-12-03T21:14:25.755+0700] {processor.py:208} INFO - Processing /home/tedubuamo/project/venv/lib/python3.12/site-packages/airflow/example_dags/example_branch_operator_decorator.py took 0.073 seconds
[2024-12-03T21:14:33.349+0700] {processor.py:186} INFO - Started process (PID=3335) to work on /home/tedubuamo/project/venv/lib/python3.12/site-packages/airflow/example_dags/example_branch_operator_decorator.py
[2024-12-03T21:14:33.350+0700] {processor.py:914} INFO - Processing file /home/tedubuamo/project/venv/lib/python3.12/site-packages/airflow/example_dags/example_branch_operator_decorator.py for tasks to queue
[2024-12-03T21:14:33.351+0700] {logging_mixin.py:190} INFO - [2024-12-03T21:14:33.351+0700] {dagbag.py:588} INFO - Filling up the DagBag from /home/tedubuamo/project/venv/lib/python3.12/site-packages/airflow/example_dags/example_branch_operator_decorator.py
[2024-12-03T21:14:33.413+0700] {processor.py:927} WARNING - No viable dags retrieved from /home/tedubuamo/project/venv/lib/python3.12/site-packages/airflow/example_dags/example_branch_operator_decorator.py
[2024-12-03T21:14:33.419+0700] {processor.py:208} INFO - Processing /home/tedubuamo/project/venv/lib/python3.12/site-packages/airflow/example_dags/example_branch_operator_decorator.py took 0.075 seconds
[2024-12-03T21:15:18.356+0700] {processor.py:186} INFO - Started process (PID=3429) to work on /home/tedubuamo/project/venv/lib/python3.12/site-packages/airflow/example_dags/example_branch_operator_decorator.py
[2024-12-03T21:15:18.358+0700] {processor.py:914} INFO - Processing file /home/tedubuamo/project/venv/lib/python3.12/site-packages/airflow/example_dags/example_branch_operator_decorator.py for tasks to queue
[2024-12-03T21:15:18.361+0700] {logging_mixin.py:190} INFO - [2024-12-03T21:15:18.360+0700] {dagbag.py:588} INFO - Filling up the DagBag from /home/tedubuamo/project/venv/lib/python3.12/site-packages/airflow/example_dags/example_branch_operator_decorator.py
[2024-12-03T21:15:18.437+0700] {processor.py:927} WARNING - No viable dags retrieved from /home/tedubuamo/project/venv/lib/python3.12/site-packages/airflow/example_dags/example_branch_operator_decorator.py
[2024-12-03T21:15:18.447+0700] {processor.py:208} INFO - Processing /home/tedubuamo/project/venv/lib/python3.12/site-packages/airflow/example_dags/example_branch_operator_decorator.py took 0.097 seconds
[2024-12-03T21:15:23.753+0700] {processor.py:186} INFO - Started process (PID=3440) to work on /home/tedubuamo/project/venv/lib/python3.12/site-packages/airflow/example_dags/example_branch_operator_decorator.py
[2024-12-03T21:15:23.754+0700] {processor.py:914} INFO - Processing file /home/tedubuamo/project/venv/lib/python3.12/site-packages/airflow/example_dags/example_branch_operator_decorator.py for tasks to queue
[2024-12-03T21:15:23.756+0700] {logging_mixin.py:190} INFO - [2024-12-03T21:15:23.756+0700] {dagbag.py:588} INFO - Filling up the DagBag from /home/tedubuamo/project/venv/lib/python3.12/site-packages/airflow/example_dags/example_branch_operator_decorator.py
[2024-12-03T21:15:23.830+0700] {processor.py:927} WARNING - No viable dags retrieved from /home/tedubuamo/project/venv/lib/python3.12/site-packages/airflow/example_dags/example_branch_operator_decorator.py
[2024-12-03T21:15:23.839+0700] {processor.py:208} INFO - Processing /home/tedubuamo/project/venv/lib/python3.12/site-packages/airflow/example_dags/example_branch_operator_decorator.py took 0.091 seconds
[2024-12-03T21:16:09.289+0700] {processor.py:186} INFO - Started process (PID=3543) to work on /home/tedubuamo/project/venv/lib/python3.12/site-packages/airflow/example_dags/example_branch_operator_decorator.py
[2024-12-03T21:16:09.291+0700] {processor.py:914} INFO - Processing file /home/tedubuamo/project/venv/lib/python3.12/site-packages/airflow/example_dags/example_branch_operator_decorator.py for tasks to queue
[2024-12-03T21:16:09.292+0700] {logging_mixin.py:190} INFO - [2024-12-03T21:16:09.292+0700] {dagbag.py:588} INFO - Filling up the DagBag from /home/tedubuamo/project/venv/lib/python3.12/site-packages/airflow/example_dags/example_branch_operator_decorator.py
[2024-12-03T21:16:09.360+0700] {processor.py:927} WARNING - No viable dags retrieved from /home/tedubuamo/project/venv/lib/python3.12/site-packages/airflow/example_dags/example_branch_operator_decorator.py
[2024-12-03T21:16:09.366+0700] {processor.py:208} INFO - Processing /home/tedubuamo/project/venv/lib/python3.12/site-packages/airflow/example_dags/example_branch_operator_decorator.py took 0.081 seconds
[2024-12-03T21:16:14.167+0700] {processor.py:186} INFO - Started process (PID=3552) to work on /home/tedubuamo/project/venv/lib/python3.12/site-packages/airflow/example_dags/example_branch_operator_decorator.py
[2024-12-03T21:16:14.169+0700] {processor.py:914} INFO - Processing file /home/tedubuamo/project/venv/lib/python3.12/site-packages/airflow/example_dags/example_branch_operator_decorator.py for tasks to queue
[2024-12-03T21:16:14.170+0700] {logging_mixin.py:190} INFO - [2024-12-03T21:16:14.170+0700] {dagbag.py:588} INFO - Filling up the DagBag from /home/tedubuamo/project/venv/lib/python3.12/site-packages/airflow/example_dags/example_branch_operator_decorator.py
[2024-12-03T21:16:14.241+0700] {processor.py:927} WARNING - No viable dags retrieved from /home/tedubuamo/project/venv/lib/python3.12/site-packages/airflow/example_dags/example_branch_operator_decorator.py
[2024-12-03T21:16:14.247+0700] {processor.py:208} INFO - Processing /home/tedubuamo/project/venv/lib/python3.12/site-packages/airflow/example_dags/example_branch_operator_decorator.py took 0.084 seconds
[2024-12-03T21:17:02.443+0700] {processor.py:186} INFO - Started process (PID=3679) to work on /home/tedubuamo/project/venv/lib/python3.12/site-packages/airflow/example_dags/example_branch_operator_decorator.py
[2024-12-03T21:17:02.444+0700] {processor.py:914} INFO - Processing file /home/tedubuamo/project/venv/lib/python3.12/site-packages/airflow/example_dags/example_branch_operator_decorator.py for tasks to queue
[2024-12-03T21:17:02.446+0700] {logging_mixin.py:190} INFO - [2024-12-03T21:17:02.446+0700] {dagbag.py:588} INFO - Filling up the DagBag from /home/tedubuamo/project/venv/lib/python3.12/site-packages/airflow/example_dags/example_branch_operator_decorator.py
[2024-12-03T21:17:02.506+0700] {processor.py:927} WARNING - No viable dags retrieved from /home/tedubuamo/project/venv/lib/python3.12/site-packages/airflow/example_dags/example_branch_operator_decorator.py
[2024-12-03T21:17:02.513+0700] {processor.py:208} INFO - Processing /home/tedubuamo/project/venv/lib/python3.12/site-packages/airflow/example_dags/example_branch_operator_decorator.py took 0.074 seconds
[2024-12-03T21:17:04.885+0700] {processor.py:186} INFO - Started process (PID=3684) to work on /home/tedubuamo/project/venv/lib/python3.12/site-packages/airflow/example_dags/example_branch_operator_decorator.py
[2024-12-03T21:17:04.886+0700] {processor.py:914} INFO - Processing file /home/tedubuamo/project/venv/lib/python3.12/site-packages/airflow/example_dags/example_branch_operator_decorator.py for tasks to queue
[2024-12-03T21:17:04.889+0700] {logging_mixin.py:190} INFO - [2024-12-03T21:17:04.889+0700] {dagbag.py:588} INFO - Filling up the DagBag from /home/tedubuamo/project/venv/lib/python3.12/site-packages/airflow/example_dags/example_branch_operator_decorator.py
[2024-12-03T21:17:04.971+0700] {processor.py:927} WARNING - No viable dags retrieved from /home/tedubuamo/project/venv/lib/python3.12/site-packages/airflow/example_dags/example_branch_operator_decorator.py
[2024-12-03T21:17:04.984+0700] {processor.py:208} INFO - Processing /home/tedubuamo/project/venv/lib/python3.12/site-packages/airflow/example_dags/example_branch_operator_decorator.py took 0.105 seconds
[2024-12-03T21:17:55.295+0700] {processor.py:186} INFO - Started process (PID=3804) to work on /home/tedubuamo/project/venv/lib/python3.12/site-packages/airflow/example_dags/example_branch_operator_decorator.py
[2024-12-03T21:17:55.297+0700] {processor.py:914} INFO - Processing file /home/tedubuamo/project/venv/lib/python3.12/site-packages/airflow/example_dags/example_branch_operator_decorator.py for tasks to queue
[2024-12-03T21:17:55.298+0700] {logging_mixin.py:190} INFO - [2024-12-03T21:17:55.298+0700] {dagbag.py:588} INFO - Filling up the DagBag from /home/tedubuamo/project/venv/lib/python3.12/site-packages/airflow/example_dags/example_branch_operator_decorator.py
[2024-12-03T21:17:55.360+0700] {processor.py:927} WARNING - No viable dags retrieved from /home/tedubuamo/project/venv/lib/python3.12/site-packages/airflow/example_dags/example_branch_operator_decorator.py
[2024-12-03T21:17:55.369+0700] {processor.py:208} INFO - Processing /home/tedubuamo/project/venv/lib/python3.12/site-packages/airflow/example_dags/example_branch_operator_decorator.py took 0.078 seconds
[2024-12-03T21:17:56.244+0700] {processor.py:186} INFO - Started process (PID=3806) to work on /home/tedubuamo/project/venv/lib/python3.12/site-packages/airflow/example_dags/example_branch_operator_decorator.py
[2024-12-03T21:17:56.245+0700] {processor.py:914} INFO - Processing file /home/tedubuamo/project/venv/lib/python3.12/site-packages/airflow/example_dags/example_branch_operator_decorator.py for tasks to queue
[2024-12-03T21:17:56.247+0700] {logging_mixin.py:190} INFO - [2024-12-03T21:17:56.247+0700] {dagbag.py:588} INFO - Filling up the DagBag from /home/tedubuamo/project/venv/lib/python3.12/site-packages/airflow/example_dags/example_branch_operator_decorator.py
[2024-12-03T21:17:56.331+0700] {processor.py:927} WARNING - No viable dags retrieved from /home/tedubuamo/project/venv/lib/python3.12/site-packages/airflow/example_dags/example_branch_operator_decorator.py
[2024-12-03T21:17:56.342+0700] {processor.py:208} INFO - Processing /home/tedubuamo/project/venv/lib/python3.12/site-packages/airflow/example_dags/example_branch_operator_decorator.py took 0.105 seconds
[2024-12-03T21:18:52.969+0700] {processor.py:186} INFO - Started process (PID=3931) to work on /home/tedubuamo/project/venv/lib/python3.12/site-packages/airflow/example_dags/example_branch_operator_decorator.py
[2024-12-03T21:18:52.970+0700] {processor.py:914} INFO - Processing file /home/tedubuamo/project/venv/lib/python3.12/site-packages/airflow/example_dags/example_branch_operator_decorator.py for tasks to queue
[2024-12-03T21:18:52.974+0700] {logging_mixin.py:190} INFO - [2024-12-03T21:18:52.973+0700] {dagbag.py:588} INFO - Filling up the DagBag from /home/tedubuamo/project/venv/lib/python3.12/site-packages/airflow/example_dags/example_branch_operator_decorator.py
[2024-12-03T21:18:53.068+0700] {processor.py:927} WARNING - No viable dags retrieved from /home/tedubuamo/project/venv/lib/python3.12/site-packages/airflow/example_dags/example_branch_operator_decorator.py
[2024-12-03T21:18:53.083+0700] {processor.py:208} INFO - Processing /home/tedubuamo/project/venv/lib/python3.12/site-packages/airflow/example_dags/example_branch_operator_decorator.py took 0.118 seconds
[2024-12-03T21:19:52.745+0700] {processor.py:186} INFO - Started process (PID=3993) to work on /home/tedubuamo/project/venv/lib/python3.12/site-packages/airflow/example_dags/example_branch_operator_decorator.py
[2024-12-03T21:19:52.748+0700] {processor.py:914} INFO - Processing file /home/tedubuamo/project/venv/lib/python3.12/site-packages/airflow/example_dags/example_branch_operator_decorator.py for tasks to queue
[2024-12-03T21:19:52.750+0700] {logging_mixin.py:190} INFO - [2024-12-03T21:19:52.749+0700] {dagbag.py:588} INFO - Filling up the DagBag from /home/tedubuamo/project/venv/lib/python3.12/site-packages/airflow/example_dags/example_branch_operator_decorator.py
[2024-12-03T21:19:52.814+0700] {processor.py:927} WARNING - No viable dags retrieved from /home/tedubuamo/project/venv/lib/python3.12/site-packages/airflow/example_dags/example_branch_operator_decorator.py
[2024-12-03T21:19:52.822+0700] {processor.py:208} INFO - Processing /home/tedubuamo/project/venv/lib/python3.12/site-packages/airflow/example_dags/example_branch_operator_decorator.py took 0.081 seconds
[2024-12-03T21:20:54.761+0700] {processor.py:186} INFO - Started process (PID=4096) to work on /home/tedubuamo/project/venv/lib/python3.12/site-packages/airflow/example_dags/example_branch_operator_decorator.py
[2024-12-03T21:20:54.764+0700] {processor.py:914} INFO - Processing file /home/tedubuamo/project/venv/lib/python3.12/site-packages/airflow/example_dags/example_branch_operator_decorator.py for tasks to queue
[2024-12-03T21:20:54.766+0700] {logging_mixin.py:190} INFO - [2024-12-03T21:20:54.766+0700] {dagbag.py:588} INFO - Filling up the DagBag from /home/tedubuamo/project/venv/lib/python3.12/site-packages/airflow/example_dags/example_branch_operator_decorator.py
[2024-12-03T21:20:54.829+0700] {processor.py:927} WARNING - No viable dags retrieved from /home/tedubuamo/project/venv/lib/python3.12/site-packages/airflow/example_dags/example_branch_operator_decorator.py
[2024-12-03T21:20:54.836+0700] {processor.py:208} INFO - Processing /home/tedubuamo/project/venv/lib/python3.12/site-packages/airflow/example_dags/example_branch_operator_decorator.py took 0.079 seconds
[2024-12-03T21:21:50.235+0700] {processor.py:186} INFO - Started process (PID=4159) to work on /home/tedubuamo/project/venv/lib/python3.12/site-packages/airflow/example_dags/example_branch_operator_decorator.py
[2024-12-03T21:21:50.242+0700] {processor.py:914} INFO - Processing file /home/tedubuamo/project/venv/lib/python3.12/site-packages/airflow/example_dags/example_branch_operator_decorator.py for tasks to queue
[2024-12-03T21:21:50.244+0700] {logging_mixin.py:190} INFO - [2024-12-03T21:21:50.244+0700] {dagbag.py:588} INFO - Filling up the DagBag from /home/tedubuamo/project/venv/lib/python3.12/site-packages/airflow/example_dags/example_branch_operator_decorator.py
[2024-12-03T21:21:50.317+0700] {processor.py:927} WARNING - No viable dags retrieved from /home/tedubuamo/project/venv/lib/python3.12/site-packages/airflow/example_dags/example_branch_operator_decorator.py
[2024-12-03T21:21:50.325+0700] {processor.py:208} INFO - Processing /home/tedubuamo/project/venv/lib/python3.12/site-packages/airflow/example_dags/example_branch_operator_decorator.py took 0.094 seconds
[2024-12-03T21:22:45.760+0700] {processor.py:186} INFO - Started process (PID=4252) to work on /home/tedubuamo/project/venv/lib/python3.12/site-packages/airflow/example_dags/example_branch_operator_decorator.py
[2024-12-03T21:22:45.761+0700] {processor.py:914} INFO - Processing file /home/tedubuamo/project/venv/lib/python3.12/site-packages/airflow/example_dags/example_branch_operator_decorator.py for tasks to queue
[2024-12-03T21:22:45.763+0700] {logging_mixin.py:190} INFO - [2024-12-03T21:22:45.763+0700] {dagbag.py:588} INFO - Filling up the DagBag from /home/tedubuamo/project/venv/lib/python3.12/site-packages/airflow/example_dags/example_branch_operator_decorator.py
[2024-12-03T21:22:45.833+0700] {processor.py:927} WARNING - No viable dags retrieved from /home/tedubuamo/project/venv/lib/python3.12/site-packages/airflow/example_dags/example_branch_operator_decorator.py
[2024-12-03T21:22:45.841+0700] {processor.py:208} INFO - Processing /home/tedubuamo/project/venv/lib/python3.12/site-packages/airflow/example_dags/example_branch_operator_decorator.py took 0.086 seconds
[2024-12-03T21:23:36.951+0700] {processor.py:186} INFO - Started process (PID=4304) to work on /home/tedubuamo/project/venv/lib/python3.12/site-packages/airflow/example_dags/example_branch_operator_decorator.py
[2024-12-03T21:23:36.955+0700] {processor.py:914} INFO - Processing file /home/tedubuamo/project/venv/lib/python3.12/site-packages/airflow/example_dags/example_branch_operator_decorator.py for tasks to queue
[2024-12-03T21:23:36.957+0700] {logging_mixin.py:190} INFO - [2024-12-03T21:23:36.957+0700] {dagbag.py:588} INFO - Filling up the DagBag from /home/tedubuamo/project/venv/lib/python3.12/site-packages/airflow/example_dags/example_branch_operator_decorator.py
[2024-12-03T21:23:37.024+0700] {processor.py:927} WARNING - No viable dags retrieved from /home/tedubuamo/project/venv/lib/python3.12/site-packages/airflow/example_dags/example_branch_operator_decorator.py
[2024-12-03T21:23:37.033+0700] {processor.py:208} INFO - Processing /home/tedubuamo/project/venv/lib/python3.12/site-packages/airflow/example_dags/example_branch_operator_decorator.py took 0.087 seconds
[2024-12-03T21:24:32.615+0700] {processor.py:186} INFO - Started process (PID=4383) to work on /home/tedubuamo/project/venv/lib/python3.12/site-packages/airflow/example_dags/example_branch_operator_decorator.py
[2024-12-03T21:24:32.619+0700] {processor.py:914} INFO - Processing file /home/tedubuamo/project/venv/lib/python3.12/site-packages/airflow/example_dags/example_branch_operator_decorator.py for tasks to queue
[2024-12-03T21:24:32.620+0700] {logging_mixin.py:190} INFO - [2024-12-03T21:24:32.620+0700] {dagbag.py:588} INFO - Filling up the DagBag from /home/tedubuamo/project/venv/lib/python3.12/site-packages/airflow/example_dags/example_branch_operator_decorator.py
[2024-12-03T21:24:32.684+0700] {processor.py:927} WARNING - No viable dags retrieved from /home/tedubuamo/project/venv/lib/python3.12/site-packages/airflow/example_dags/example_branch_operator_decorator.py
[2024-12-03T21:24:32.692+0700] {processor.py:208} INFO - Processing /home/tedubuamo/project/venv/lib/python3.12/site-packages/airflow/example_dags/example_branch_operator_decorator.py took 0.080 seconds
[2024-12-03T21:25:22.318+0700] {processor.py:186} INFO - Started process (PID=4442) to work on /home/tedubuamo/project/venv/lib/python3.12/site-packages/airflow/example_dags/example_branch_operator_decorator.py
[2024-12-03T21:25:22.320+0700] {processor.py:914} INFO - Processing file /home/tedubuamo/project/venv/lib/python3.12/site-packages/airflow/example_dags/example_branch_operator_decorator.py for tasks to queue
[2024-12-03T21:25:22.322+0700] {logging_mixin.py:190} INFO - [2024-12-03T21:25:22.321+0700] {dagbag.py:588} INFO - Filling up the DagBag from /home/tedubuamo/project/venv/lib/python3.12/site-packages/airflow/example_dags/example_branch_operator_decorator.py
[2024-12-03T21:25:22.387+0700] {processor.py:927} WARNING - No viable dags retrieved from /home/tedubuamo/project/venv/lib/python3.12/site-packages/airflow/example_dags/example_branch_operator_decorator.py
[2024-12-03T21:25:22.394+0700] {processor.py:208} INFO - Processing /home/tedubuamo/project/venv/lib/python3.12/site-packages/airflow/example_dags/example_branch_operator_decorator.py took 0.080 seconds
[2024-12-03T21:26:01.580+0700] {processor.py:186} INFO - Started process (PID=4501) to work on /home/tedubuamo/project/venv/lib/python3.12/site-packages/airflow/example_dags/example_branch_operator_decorator.py
[2024-12-03T21:26:01.581+0700] {processor.py:914} INFO - Processing file /home/tedubuamo/project/venv/lib/python3.12/site-packages/airflow/example_dags/example_branch_operator_decorator.py for tasks to queue
[2024-12-03T21:26:01.582+0700] {logging_mixin.py:190} INFO - [2024-12-03T21:26:01.582+0700] {dagbag.py:588} INFO - Filling up the DagBag from /home/tedubuamo/project/venv/lib/python3.12/site-packages/airflow/example_dags/example_branch_operator_decorator.py
[2024-12-03T21:26:01.644+0700] {processor.py:927} WARNING - No viable dags retrieved from /home/tedubuamo/project/venv/lib/python3.12/site-packages/airflow/example_dags/example_branch_operator_decorator.py
[2024-12-03T21:26:01.652+0700] {processor.py:208} INFO - Processing /home/tedubuamo/project/venv/lib/python3.12/site-packages/airflow/example_dags/example_branch_operator_decorator.py took 0.076 seconds
[2024-12-03T21:26:56.592+0700] {processor.py:186} INFO - Started process (PID=4559) to work on /home/tedubuamo/project/venv/lib/python3.12/site-packages/airflow/example_dags/example_branch_operator_decorator.py
[2024-12-03T21:26:56.594+0700] {processor.py:914} INFO - Processing file /home/tedubuamo/project/venv/lib/python3.12/site-packages/airflow/example_dags/example_branch_operator_decorator.py for tasks to queue
[2024-12-03T21:26:56.596+0700] {logging_mixin.py:190} INFO - [2024-12-03T21:26:56.596+0700] {dagbag.py:588} INFO - Filling up the DagBag from /home/tedubuamo/project/venv/lib/python3.12/site-packages/airflow/example_dags/example_branch_operator_decorator.py
[2024-12-03T21:26:56.679+0700] {processor.py:927} WARNING - No viable dags retrieved from /home/tedubuamo/project/venv/lib/python3.12/site-packages/airflow/example_dags/example_branch_operator_decorator.py
[2024-12-03T21:26:56.688+0700] {processor.py:208} INFO - Processing /home/tedubuamo/project/venv/lib/python3.12/site-packages/airflow/example_dags/example_branch_operator_decorator.py took 0.101 seconds
[2024-12-03T21:27:49.275+0700] {processor.py:186} INFO - Started process (PID=4630) to work on /home/tedubuamo/project/venv/lib/python3.12/site-packages/airflow/example_dags/example_branch_operator_decorator.py
[2024-12-03T21:27:49.277+0700] {processor.py:914} INFO - Processing file /home/tedubuamo/project/venv/lib/python3.12/site-packages/airflow/example_dags/example_branch_operator_decorator.py for tasks to queue
[2024-12-03T21:27:49.279+0700] {logging_mixin.py:190} INFO - [2024-12-03T21:27:49.278+0700] {dagbag.py:588} INFO - Filling up the DagBag from /home/tedubuamo/project/venv/lib/python3.12/site-packages/airflow/example_dags/example_branch_operator_decorator.py
[2024-12-03T21:27:49.352+0700] {processor.py:927} WARNING - No viable dags retrieved from /home/tedubuamo/project/venv/lib/python3.12/site-packages/airflow/example_dags/example_branch_operator_decorator.py
[2024-12-03T21:27:49.362+0700] {processor.py:208} INFO - Processing /home/tedubuamo/project/venv/lib/python3.12/site-packages/airflow/example_dags/example_branch_operator_decorator.py took 0.093 seconds
[2024-12-03T21:28:43.537+0700] {processor.py:186} INFO - Started process (PID=4699) to work on /home/tedubuamo/project/venv/lib/python3.12/site-packages/airflow/example_dags/example_branch_operator_decorator.py
[2024-12-03T21:28:43.539+0700] {processor.py:914} INFO - Processing file /home/tedubuamo/project/venv/lib/python3.12/site-packages/airflow/example_dags/example_branch_operator_decorator.py for tasks to queue
[2024-12-03T21:28:43.541+0700] {logging_mixin.py:190} INFO - [2024-12-03T21:28:43.541+0700] {dagbag.py:588} INFO - Filling up the DagBag from /home/tedubuamo/project/venv/lib/python3.12/site-packages/airflow/example_dags/example_branch_operator_decorator.py
[2024-12-03T21:28:43.607+0700] {processor.py:927} WARNING - No viable dags retrieved from /home/tedubuamo/project/venv/lib/python3.12/site-packages/airflow/example_dags/example_branch_operator_decorator.py
[2024-12-03T21:28:43.614+0700] {processor.py:208} INFO - Processing /home/tedubuamo/project/venv/lib/python3.12/site-packages/airflow/example_dags/example_branch_operator_decorator.py took 0.080 seconds
[2024-12-03T21:29:37.759+0700] {processor.py:186} INFO - Started process (PID=4827) to work on /home/tedubuamo/project/venv/lib/python3.12/site-packages/airflow/example_dags/example_branch_operator_decorator.py
[2024-12-03T21:29:37.760+0700] {processor.py:914} INFO - Processing file /home/tedubuamo/project/venv/lib/python3.12/site-packages/airflow/example_dags/example_branch_operator_decorator.py for tasks to queue
[2024-12-03T21:29:37.762+0700] {logging_mixin.py:190} INFO - [2024-12-03T21:29:37.762+0700] {dagbag.py:588} INFO - Filling up the DagBag from /home/tedubuamo/project/venv/lib/python3.12/site-packages/airflow/example_dags/example_branch_operator_decorator.py
[2024-12-03T21:29:37.828+0700] {processor.py:927} WARNING - No viable dags retrieved from /home/tedubuamo/project/venv/lib/python3.12/site-packages/airflow/example_dags/example_branch_operator_decorator.py
[2024-12-03T21:29:37.835+0700] {processor.py:208} INFO - Processing /home/tedubuamo/project/venv/lib/python3.12/site-packages/airflow/example_dags/example_branch_operator_decorator.py took 0.081 seconds
[2024-12-03T21:30:31.943+0700] {processor.py:186} INFO - Started process (PID=4886) to work on /home/tedubuamo/project/venv/lib/python3.12/site-packages/airflow/example_dags/example_branch_operator_decorator.py
[2024-12-03T21:30:31.955+0700] {processor.py:914} INFO - Processing file /home/tedubuamo/project/venv/lib/python3.12/site-packages/airflow/example_dags/example_branch_operator_decorator.py for tasks to queue
[2024-12-03T21:30:31.957+0700] {logging_mixin.py:190} INFO - [2024-12-03T21:30:31.956+0700] {dagbag.py:588} INFO - Filling up the DagBag from /home/tedubuamo/project/venv/lib/python3.12/site-packages/airflow/example_dags/example_branch_operator_decorator.py
[2024-12-03T21:30:32.019+0700] {processor.py:927} WARNING - No viable dags retrieved from /home/tedubuamo/project/venv/lib/python3.12/site-packages/airflow/example_dags/example_branch_operator_decorator.py
[2024-12-03T21:30:32.025+0700] {processor.py:208} INFO - Processing /home/tedubuamo/project/venv/lib/python3.12/site-packages/airflow/example_dags/example_branch_operator_decorator.py took 0.086 seconds
[2024-12-03T21:31:25.756+0700] {processor.py:186} INFO - Started process (PID=4960) to work on /home/tedubuamo/project/venv/lib/python3.12/site-packages/airflow/example_dags/example_branch_operator_decorator.py
[2024-12-03T21:31:25.757+0700] {processor.py:914} INFO - Processing file /home/tedubuamo/project/venv/lib/python3.12/site-packages/airflow/example_dags/example_branch_operator_decorator.py for tasks to queue
[2024-12-03T21:31:25.758+0700] {logging_mixin.py:190} INFO - [2024-12-03T21:31:25.758+0700] {dagbag.py:588} INFO - Filling up the DagBag from /home/tedubuamo/project/venv/lib/python3.12/site-packages/airflow/example_dags/example_branch_operator_decorator.py
[2024-12-03T21:31:25.819+0700] {processor.py:927} WARNING - No viable dags retrieved from /home/tedubuamo/project/venv/lib/python3.12/site-packages/airflow/example_dags/example_branch_operator_decorator.py
[2024-12-03T21:31:25.827+0700] {processor.py:208} INFO - Processing /home/tedubuamo/project/venv/lib/python3.12/site-packages/airflow/example_dags/example_branch_operator_decorator.py took 0.075 seconds
