[2024-12-03T20:46:51.074+0700] {processor.py:186} INFO - Started process (PID=1206) to work on /home/tedubuamo/project/venv/lib/python3.12/site-packages/airflow/example_dags/example_setup_teardown.py
[2024-12-03T20:46:51.075+0700] {processor.py:914} INFO - Processing file /home/tedubuamo/project/venv/lib/python3.12/site-packages/airflow/example_dags/example_setup_teardown.py for tasks to queue
[2024-12-03T20:46:51.076+0700] {logging_mixin.py:190} INFO - [2024-12-03T20:46:51.076+0700] {dagbag.py:588} INFO - Filling up the DagBag from /home/tedubuamo/project/venv/lib/python3.12/site-packages/airflow/example_dags/example_setup_teardown.py
[2024-12-03T20:46:51.082+0700] {processor.py:925} INFO - DAG(s) 'example_setup_teardown' retrieved from /home/tedubuamo/project/venv/lib/python3.12/site-packages/airflow/example_dags/example_setup_teardown.py
[2024-12-03T20:46:51.088+0700] {logging_mixin.py:190} INFO - [2024-12-03T20:46:51.088+0700] {dag.py:3239} INFO - Sync 1 DAGs
[2024-12-03T20:46:51.096+0700] {logging_mixin.py:190} INFO - [2024-12-03T20:46:51.096+0700] {dag.py:4180} INFO - Setting next_dagrun for example_setup_teardown to None, run_after=None
[2024-12-03T20:46:51.117+0700] {processor.py:208} INFO - Processing /home/tedubuamo/project/venv/lib/python3.12/site-packages/airflow/example_dags/example_setup_teardown.py took 0.046 seconds
[2024-12-03T20:57:26.159+0700] {processor.py:186} INFO - Started process (PID=1621) to work on /home/tedubuamo/project/venv/lib/python3.12/site-packages/airflow/example_dags/example_setup_teardown.py
[2024-12-03T20:57:26.161+0700] {processor.py:914} INFO - Processing file /home/tedubuamo/project/venv/lib/python3.12/site-packages/airflow/example_dags/example_setup_teardown.py for tasks to queue
[2024-12-03T20:57:26.163+0700] {logging_mixin.py:190} INFO - [2024-12-03T20:57:26.162+0700] {dagbag.py:588} INFO - Filling up the DagBag from /home/tedubuamo/project/venv/lib/python3.12/site-packages/airflow/example_dags/example_setup_teardown.py
[2024-12-03T20:57:26.173+0700] {processor.py:925} INFO - DAG(s) 'example_setup_teardown' retrieved from /home/tedubuamo/project/venv/lib/python3.12/site-packages/airflow/example_dags/example_setup_teardown.py
[2024-12-03T20:57:26.259+0700] {logging_mixin.py:190} INFO - [2024-12-03T20:57:26.258+0700] {dag.py:3239} INFO - Sync 1 DAGs
[2024-12-03T20:57:26.266+0700] {logging_mixin.py:190} INFO - [2024-12-03T20:57:26.266+0700] {dag.py:4180} INFO - Setting next_dagrun for example_setup_teardown to None, run_after=None
[2024-12-03T20:57:26.286+0700] {processor.py:208} INFO - Processing /home/tedubuamo/project/venv/lib/python3.12/site-packages/airflow/example_dags/example_setup_teardown.py took 0.131 seconds
[2024-12-03T20:58:24.516+0700] {processor.py:186} INFO - Started process (PID=1678) to work on /home/tedubuamo/project/venv/lib/python3.12/site-packages/airflow/example_dags/example_setup_teardown.py
[2024-12-03T20:58:24.517+0700] {processor.py:914} INFO - Processing file /home/tedubuamo/project/venv/lib/python3.12/site-packages/airflow/example_dags/example_setup_teardown.py for tasks to queue
[2024-12-03T20:58:24.519+0700] {logging_mixin.py:190} INFO - [2024-12-03T20:58:24.518+0700] {dagbag.py:588} INFO - Filling up the DagBag from /home/tedubuamo/project/venv/lib/python3.12/site-packages/airflow/example_dags/example_setup_teardown.py
[2024-12-03T20:58:24.525+0700] {processor.py:925} INFO - DAG(s) 'example_setup_teardown' retrieved from /home/tedubuamo/project/venv/lib/python3.12/site-packages/airflow/example_dags/example_setup_teardown.py
[2024-12-03T20:58:24.536+0700] {logging_mixin.py:190} INFO - [2024-12-03T20:58:24.535+0700] {dag.py:3239} INFO - Sync 1 DAGs
[2024-12-03T20:58:24.544+0700] {logging_mixin.py:190} INFO - [2024-12-03T20:58:24.544+0700] {dag.py:4180} INFO - Setting next_dagrun for example_setup_teardown to None, run_after=None
[2024-12-03T20:58:24.560+0700] {processor.py:208} INFO - Processing /home/tedubuamo/project/venv/lib/python3.12/site-packages/airflow/example_dags/example_setup_teardown.py took 0.048 seconds
[2024-12-03T20:59:17.590+0700] {processor.py:186} INFO - Started process (PID=1733) to work on /home/tedubuamo/project/venv/lib/python3.12/site-packages/airflow/example_dags/example_setup_teardown.py
[2024-12-03T20:59:17.591+0700] {processor.py:914} INFO - Processing file /home/tedubuamo/project/venv/lib/python3.12/site-packages/airflow/example_dags/example_setup_teardown.py for tasks to queue
[2024-12-03T20:59:17.593+0700] {logging_mixin.py:190} INFO - [2024-12-03T20:59:17.593+0700] {dagbag.py:588} INFO - Filling up the DagBag from /home/tedubuamo/project/venv/lib/python3.12/site-packages/airflow/example_dags/example_setup_teardown.py
[2024-12-03T20:59:17.599+0700] {processor.py:925} INFO - DAG(s) 'example_setup_teardown' retrieved from /home/tedubuamo/project/venv/lib/python3.12/site-packages/airflow/example_dags/example_setup_teardown.py
[2024-12-03T20:59:17.610+0700] {logging_mixin.py:190} INFO - [2024-12-03T20:59:17.610+0700] {dag.py:3239} INFO - Sync 1 DAGs
[2024-12-03T20:59:17.620+0700] {logging_mixin.py:190} INFO - [2024-12-03T20:59:17.619+0700] {dag.py:4180} INFO - Setting next_dagrun for example_setup_teardown to None, run_after=None
[2024-12-03T20:59:17.636+0700] {processor.py:208} INFO - Processing /home/tedubuamo/project/venv/lib/python3.12/site-packages/airflow/example_dags/example_setup_teardown.py took 0.049 seconds
[2024-12-03T21:00:07.342+0700] {processor.py:186} INFO - Started process (PID=1783) to work on /home/tedubuamo/project/venv/lib/python3.12/site-packages/airflow/example_dags/example_setup_teardown.py
[2024-12-03T21:00:07.346+0700] {processor.py:914} INFO - Processing file /home/tedubuamo/project/venv/lib/python3.12/site-packages/airflow/example_dags/example_setup_teardown.py for tasks to queue
[2024-12-03T21:00:07.348+0700] {logging_mixin.py:190} INFO - [2024-12-03T21:00:07.347+0700] {dagbag.py:588} INFO - Filling up the DagBag from /home/tedubuamo/project/venv/lib/python3.12/site-packages/airflow/example_dags/example_setup_teardown.py
[2024-12-03T21:00:07.355+0700] {processor.py:925} INFO - DAG(s) 'example_setup_teardown' retrieved from /home/tedubuamo/project/venv/lib/python3.12/site-packages/airflow/example_dags/example_setup_teardown.py
[2024-12-03T21:00:07.365+0700] {logging_mixin.py:190} INFO - [2024-12-03T21:00:07.365+0700] {dag.py:3239} INFO - Sync 1 DAGs
[2024-12-03T21:00:07.373+0700] {logging_mixin.py:190} INFO - [2024-12-03T21:00:07.373+0700] {dag.py:4180} INFO - Setting next_dagrun for example_setup_teardown to None, run_after=None
[2024-12-03T21:00:07.392+0700] {processor.py:208} INFO - Processing /home/tedubuamo/project/venv/lib/python3.12/site-packages/airflow/example_dags/example_setup_teardown.py took 0.053 seconds
[2024-12-03T21:00:58.854+0700] {processor.py:186} INFO - Started process (PID=1837) to work on /home/tedubuamo/project/venv/lib/python3.12/site-packages/airflow/example_dags/example_setup_teardown.py
[2024-12-03T21:00:58.858+0700] {processor.py:914} INFO - Processing file /home/tedubuamo/project/venv/lib/python3.12/site-packages/airflow/example_dags/example_setup_teardown.py for tasks to queue
[2024-12-03T21:00:58.860+0700] {logging_mixin.py:190} INFO - [2024-12-03T21:00:58.860+0700] {dagbag.py:588} INFO - Filling up the DagBag from /home/tedubuamo/project/venv/lib/python3.12/site-packages/airflow/example_dags/example_setup_teardown.py
[2024-12-03T21:00:58.869+0700] {processor.py:925} INFO - DAG(s) 'example_setup_teardown' retrieved from /home/tedubuamo/project/venv/lib/python3.12/site-packages/airflow/example_dags/example_setup_teardown.py
[2024-12-03T21:00:58.884+0700] {logging_mixin.py:190} INFO - [2024-12-03T21:00:58.883+0700] {dag.py:3239} INFO - Sync 1 DAGs
[2024-12-03T21:00:58.894+0700] {logging_mixin.py:190} INFO - [2024-12-03T21:00:58.894+0700] {dag.py:4180} INFO - Setting next_dagrun for example_setup_teardown to None, run_after=None
[2024-12-03T21:00:58.918+0700] {processor.py:208} INFO - Processing /home/tedubuamo/project/venv/lib/python3.12/site-packages/airflow/example_dags/example_setup_teardown.py took 0.070 seconds
[2024-12-03T21:04:55.679+0700] {processor.py:186} INFO - Started process (PID=1997) to work on /home/tedubuamo/project/venv/lib/python3.12/site-packages/airflow/example_dags/example_setup_teardown.py
[2024-12-03T21:04:55.681+0700] {processor.py:914} INFO - Processing file /home/tedubuamo/project/venv/lib/python3.12/site-packages/airflow/example_dags/example_setup_teardown.py for tasks to queue
[2024-12-03T21:04:55.682+0700] {logging_mixin.py:190} INFO - [2024-12-03T21:04:55.682+0700] {dagbag.py:588} INFO - Filling up the DagBag from /home/tedubuamo/project/venv/lib/python3.12/site-packages/airflow/example_dags/example_setup_teardown.py
[2024-12-03T21:04:55.690+0700] {processor.py:925} INFO - DAG(s) 'example_setup_teardown' retrieved from /home/tedubuamo/project/venv/lib/python3.12/site-packages/airflow/example_dags/example_setup_teardown.py
[2024-12-03T21:04:55.705+0700] {logging_mixin.py:190} INFO - [2024-12-03T21:04:55.705+0700] {dag.py:3239} INFO - Sync 1 DAGs
[2024-12-03T21:04:55.713+0700] {logging_mixin.py:190} INFO - [2024-12-03T21:04:55.712+0700] {dag.py:4180} INFO - Setting next_dagrun for example_setup_teardown to None, run_after=None
[2024-12-03T21:04:55.729+0700] {processor.py:208} INFO - Processing /home/tedubuamo/project/venv/lib/python3.12/site-packages/airflow/example_dags/example_setup_teardown.py took 0.053 seconds
[2024-12-03T21:05:49.158+0700] {processor.py:186} INFO - Started process (PID=2128) to work on /home/tedubuamo/project/venv/lib/python3.12/site-packages/airflow/example_dags/example_setup_teardown.py
[2024-12-03T21:05:49.159+0700] {processor.py:914} INFO - Processing file /home/tedubuamo/project/venv/lib/python3.12/site-packages/airflow/example_dags/example_setup_teardown.py for tasks to queue
[2024-12-03T21:05:49.161+0700] {logging_mixin.py:190} INFO - [2024-12-03T21:05:49.161+0700] {dagbag.py:588} INFO - Filling up the DagBag from /home/tedubuamo/project/venv/lib/python3.12/site-packages/airflow/example_dags/example_setup_teardown.py
[2024-12-03T21:05:49.167+0700] {processor.py:925} INFO - DAG(s) 'example_setup_teardown' retrieved from /home/tedubuamo/project/venv/lib/python3.12/site-packages/airflow/example_dags/example_setup_teardown.py
[2024-12-03T21:05:49.179+0700] {logging_mixin.py:190} INFO - [2024-12-03T21:05:49.178+0700] {dag.py:3239} INFO - Sync 1 DAGs
[2024-12-03T21:05:49.187+0700] {logging_mixin.py:190} INFO - [2024-12-03T21:05:49.187+0700] {dag.py:4180} INFO - Setting next_dagrun for example_setup_teardown to None, run_after=None
[2024-12-03T21:05:49.207+0700] {processor.py:208} INFO - Processing /home/tedubuamo/project/venv/lib/python3.12/site-packages/airflow/example_dags/example_setup_teardown.py took 0.053 seconds
[2024-12-03T21:05:50.551+0700] {processor.py:186} INFO - Started process (PID=2131) to work on /home/tedubuamo/project/venv/lib/python3.12/site-packages/airflow/example_dags/example_setup_teardown.py
[2024-12-03T21:05:50.552+0700] {processor.py:914} INFO - Processing file /home/tedubuamo/project/venv/lib/python3.12/site-packages/airflow/example_dags/example_setup_teardown.py for tasks to queue
[2024-12-03T21:05:50.553+0700] {logging_mixin.py:190} INFO - [2024-12-03T21:05:50.553+0700] {dagbag.py:588} INFO - Filling up the DagBag from /home/tedubuamo/project/venv/lib/python3.12/site-packages/airflow/example_dags/example_setup_teardown.py
[2024-12-03T21:05:50.563+0700] {processor.py:925} INFO - DAG(s) 'example_setup_teardown' retrieved from /home/tedubuamo/project/venv/lib/python3.12/site-packages/airflow/example_dags/example_setup_teardown.py
[2024-12-03T21:05:50.579+0700] {logging_mixin.py:190} INFO - [2024-12-03T21:05:50.579+0700] {dag.py:3239} INFO - Sync 1 DAGs
[2024-12-03T21:05:50.588+0700] {logging_mixin.py:190} INFO - [2024-12-03T21:05:50.587+0700] {dag.py:4180} INFO - Setting next_dagrun for example_setup_teardown to None, run_after=None
[2024-12-03T21:05:50.605+0700] {processor.py:208} INFO - Processing /home/tedubuamo/project/venv/lib/python3.12/site-packages/airflow/example_dags/example_setup_teardown.py took 0.058 seconds
[2024-12-03T21:06:41.544+0700] {processor.py:186} INFO - Started process (PID=2234) to work on /home/tedubuamo/project/venv/lib/python3.12/site-packages/airflow/example_dags/example_setup_teardown.py
[2024-12-03T21:06:41.546+0700] {processor.py:914} INFO - Processing file /home/tedubuamo/project/venv/lib/python3.12/site-packages/airflow/example_dags/example_setup_teardown.py for tasks to queue
[2024-12-03T21:06:41.547+0700] {logging_mixin.py:190} INFO - [2024-12-03T21:06:41.547+0700] {dagbag.py:588} INFO - Filling up the DagBag from /home/tedubuamo/project/venv/lib/python3.12/site-packages/airflow/example_dags/example_setup_teardown.py
[2024-12-03T21:06:41.553+0700] {processor.py:925} INFO - DAG(s) 'example_setup_teardown' retrieved from /home/tedubuamo/project/venv/lib/python3.12/site-packages/airflow/example_dags/example_setup_teardown.py
[2024-12-03T21:06:41.563+0700] {logging_mixin.py:190} INFO - [2024-12-03T21:06:41.563+0700] {dag.py:3239} INFO - Sync 1 DAGs
[2024-12-03T21:06:41.573+0700] {logging_mixin.py:190} INFO - [2024-12-03T21:06:41.573+0700] {dag.py:4180} INFO - Setting next_dagrun for example_setup_teardown to None, run_after=None
[2024-12-03T21:06:41.588+0700] {processor.py:208} INFO - Processing /home/tedubuamo/project/venv/lib/python3.12/site-packages/airflow/example_dags/example_setup_teardown.py took 0.049 seconds
[2024-12-03T21:06:45.851+0700] {processor.py:186} INFO - Started process (PID=2244) to work on /home/tedubuamo/project/venv/lib/python3.12/site-packages/airflow/example_dags/example_setup_teardown.py
[2024-12-03T21:06:45.854+0700] {processor.py:914} INFO - Processing file /home/tedubuamo/project/venv/lib/python3.12/site-packages/airflow/example_dags/example_setup_teardown.py for tasks to queue
[2024-12-03T21:06:45.857+0700] {logging_mixin.py:190} INFO - [2024-12-03T21:06:45.857+0700] {dagbag.py:588} INFO - Filling up the DagBag from /home/tedubuamo/project/venv/lib/python3.12/site-packages/airflow/example_dags/example_setup_teardown.py
[2024-12-03T21:06:45.866+0700] {processor.py:925} INFO - DAG(s) 'example_setup_teardown' retrieved from /home/tedubuamo/project/venv/lib/python3.12/site-packages/airflow/example_dags/example_setup_teardown.py
[2024-12-03T21:06:45.886+0700] {logging_mixin.py:190} INFO - [2024-12-03T21:06:45.885+0700] {dag.py:3239} INFO - Sync 1 DAGs
[2024-12-03T21:06:45.902+0700] {logging_mixin.py:190} INFO - [2024-12-03T21:06:45.902+0700] {dag.py:4180} INFO - Setting next_dagrun for example_setup_teardown to None, run_after=None
[2024-12-03T21:06:45.928+0700] {processor.py:208} INFO - Processing /home/tedubuamo/project/venv/lib/python3.12/site-packages/airflow/example_dags/example_setup_teardown.py took 0.084 seconds
[2024-12-03T21:07:34.526+0700] {processor.py:186} INFO - Started process (PID=2440) to work on /home/tedubuamo/project/venv/lib/python3.12/site-packages/airflow/example_dags/example_setup_teardown.py
[2024-12-03T21:07:34.528+0700] {processor.py:914} INFO - Processing file /home/tedubuamo/project/venv/lib/python3.12/site-packages/airflow/example_dags/example_setup_teardown.py for tasks to queue
[2024-12-03T21:07:34.533+0700] {logging_mixin.py:190} INFO - [2024-12-03T21:07:34.533+0700] {dagbag.py:588} INFO - Filling up the DagBag from /home/tedubuamo/project/venv/lib/python3.12/site-packages/airflow/example_dags/example_setup_teardown.py
[2024-12-03T21:07:34.543+0700] {processor.py:925} INFO - DAG(s) 'example_setup_teardown' retrieved from /home/tedubuamo/project/venv/lib/python3.12/site-packages/airflow/example_dags/example_setup_teardown.py
[2024-12-03T21:07:34.561+0700] {logging_mixin.py:190} INFO - [2024-12-03T21:07:34.561+0700] {dag.py:3239} INFO - Sync 1 DAGs
[2024-12-03T21:07:34.574+0700] {logging_mixin.py:190} INFO - [2024-12-03T21:07:34.574+0700] {dag.py:4180} INFO - Setting next_dagrun for example_setup_teardown to None, run_after=None
[2024-12-03T21:07:34.593+0700] {processor.py:208} INFO - Processing /home/tedubuamo/project/venv/lib/python3.12/site-packages/airflow/example_dags/example_setup_teardown.py took 0.074 seconds
[2024-12-03T21:07:36.163+0700] {processor.py:186} INFO - Started process (PID=2444) to work on /home/tedubuamo/project/venv/lib/python3.12/site-packages/airflow/example_dags/example_setup_teardown.py
[2024-12-03T21:07:36.164+0700] {processor.py:914} INFO - Processing file /home/tedubuamo/project/venv/lib/python3.12/site-packages/airflow/example_dags/example_setup_teardown.py for tasks to queue
[2024-12-03T21:07:36.166+0700] {logging_mixin.py:190} INFO - [2024-12-03T21:07:36.165+0700] {dagbag.py:588} INFO - Filling up the DagBag from /home/tedubuamo/project/venv/lib/python3.12/site-packages/airflow/example_dags/example_setup_teardown.py
[2024-12-03T21:07:36.172+0700] {processor.py:925} INFO - DAG(s) 'example_setup_teardown' retrieved from /home/tedubuamo/project/venv/lib/python3.12/site-packages/airflow/example_dags/example_setup_teardown.py
[2024-12-03T21:07:36.183+0700] {logging_mixin.py:190} INFO - [2024-12-03T21:07:36.183+0700] {dag.py:3239} INFO - Sync 1 DAGs
[2024-12-03T21:07:36.192+0700] {logging_mixin.py:190} INFO - [2024-12-03T21:07:36.192+0700] {dag.py:4180} INFO - Setting next_dagrun for example_setup_teardown to None, run_after=None
[2024-12-03T21:07:36.211+0700] {processor.py:208} INFO - Processing /home/tedubuamo/project/venv/lib/python3.12/site-packages/airflow/example_dags/example_setup_teardown.py took 0.051 seconds
[2024-12-03T21:08:25.041+0700] {processor.py:186} INFO - Started process (PID=2544) to work on /home/tedubuamo/project/venv/lib/python3.12/site-packages/airflow/example_dags/example_setup_teardown.py
[2024-12-03T21:08:25.042+0700] {processor.py:914} INFO - Processing file /home/tedubuamo/project/venv/lib/python3.12/site-packages/airflow/example_dags/example_setup_teardown.py for tasks to queue
[2024-12-03T21:08:25.045+0700] {logging_mixin.py:190} INFO - [2024-12-03T21:08:25.044+0700] {dagbag.py:588} INFO - Filling up the DagBag from /home/tedubuamo/project/venv/lib/python3.12/site-packages/airflow/example_dags/example_setup_teardown.py
[2024-12-03T21:08:25.053+0700] {processor.py:925} INFO - DAG(s) 'example_setup_teardown' retrieved from /home/tedubuamo/project/venv/lib/python3.12/site-packages/airflow/example_dags/example_setup_teardown.py
[2024-12-03T21:08:25.066+0700] {logging_mixin.py:190} INFO - [2024-12-03T21:08:25.066+0700] {dag.py:3239} INFO - Sync 1 DAGs
[2024-12-03T21:08:25.078+0700] {logging_mixin.py:190} INFO - [2024-12-03T21:08:25.077+0700] {dag.py:4180} INFO - Setting next_dagrun for example_setup_teardown to None, run_after=None
[2024-12-03T21:08:25.103+0700] {processor.py:208} INFO - Processing /home/tedubuamo/project/venv/lib/python3.12/site-packages/airflow/example_dags/example_setup_teardown.py took 0.066 seconds
[2024-12-03T21:08:26.271+0700] {processor.py:186} INFO - Started process (PID=2547) to work on /home/tedubuamo/project/venv/lib/python3.12/site-packages/airflow/example_dags/example_setup_teardown.py
[2024-12-03T21:08:26.273+0700] {processor.py:914} INFO - Processing file /home/tedubuamo/project/venv/lib/python3.12/site-packages/airflow/example_dags/example_setup_teardown.py for tasks to queue
[2024-12-03T21:08:26.275+0700] {logging_mixin.py:190} INFO - [2024-12-03T21:08:26.275+0700] {dagbag.py:588} INFO - Filling up the DagBag from /home/tedubuamo/project/venv/lib/python3.12/site-packages/airflow/example_dags/example_setup_teardown.py
[2024-12-03T21:08:26.286+0700] {processor.py:925} INFO - DAG(s) 'example_setup_teardown' retrieved from /home/tedubuamo/project/venv/lib/python3.12/site-packages/airflow/example_dags/example_setup_teardown.py
[2024-12-03T21:08:26.301+0700] {logging_mixin.py:190} INFO - [2024-12-03T21:08:26.301+0700] {dag.py:3239} INFO - Sync 1 DAGs
[2024-12-03T21:08:26.311+0700] {logging_mixin.py:190} INFO - [2024-12-03T21:08:26.311+0700] {dag.py:4180} INFO - Setting next_dagrun for example_setup_teardown to None, run_after=None
[2024-12-03T21:08:26.332+0700] {processor.py:208} INFO - Processing /home/tedubuamo/project/venv/lib/python3.12/site-packages/airflow/example_dags/example_setup_teardown.py took 0.068 seconds
[2024-12-03T21:09:16.867+0700] {processor.py:186} INFO - Started process (PID=2651) to work on /home/tedubuamo/project/venv/lib/python3.12/site-packages/airflow/example_dags/example_setup_teardown.py
[2024-12-03T21:09:16.868+0700] {processor.py:914} INFO - Processing file /home/tedubuamo/project/venv/lib/python3.12/site-packages/airflow/example_dags/example_setup_teardown.py for tasks to queue
[2024-12-03T21:09:16.870+0700] {logging_mixin.py:190} INFO - [2024-12-03T21:09:16.869+0700] {dagbag.py:588} INFO - Filling up the DagBag from /home/tedubuamo/project/venv/lib/python3.12/site-packages/airflow/example_dags/example_setup_teardown.py
[2024-12-03T21:09:16.876+0700] {processor.py:925} INFO - DAG(s) 'example_setup_teardown' retrieved from /home/tedubuamo/project/venv/lib/python3.12/site-packages/airflow/example_dags/example_setup_teardown.py
[2024-12-03T21:09:16.895+0700] {logging_mixin.py:190} INFO - [2024-12-03T21:09:16.895+0700] {dag.py:3239} INFO - Sync 1 DAGs
[2024-12-03T21:09:16.903+0700] {logging_mixin.py:190} INFO - [2024-12-03T21:09:16.903+0700] {dag.py:4180} INFO - Setting next_dagrun for example_setup_teardown to None, run_after=None
[2024-12-03T21:09:16.922+0700] {processor.py:208} INFO - Processing /home/tedubuamo/project/venv/lib/python3.12/site-packages/airflow/example_dags/example_setup_teardown.py took 0.059 seconds
[2024-12-03T21:09:20.171+0700] {processor.py:186} INFO - Started process (PID=2657) to work on /home/tedubuamo/project/venv/lib/python3.12/site-packages/airflow/example_dags/example_setup_teardown.py
[2024-12-03T21:09:20.172+0700] {processor.py:914} INFO - Processing file /home/tedubuamo/project/venv/lib/python3.12/site-packages/airflow/example_dags/example_setup_teardown.py for tasks to queue
[2024-12-03T21:09:20.173+0700] {logging_mixin.py:190} INFO - [2024-12-03T21:09:20.173+0700] {dagbag.py:588} INFO - Filling up the DagBag from /home/tedubuamo/project/venv/lib/python3.12/site-packages/airflow/example_dags/example_setup_teardown.py
[2024-12-03T21:09:20.179+0700] {processor.py:925} INFO - DAG(s) 'example_setup_teardown' retrieved from /home/tedubuamo/project/venv/lib/python3.12/site-packages/airflow/example_dags/example_setup_teardown.py
[2024-12-03T21:09:20.191+0700] {logging_mixin.py:190} INFO - [2024-12-03T21:09:20.190+0700] {dag.py:3239} INFO - Sync 1 DAGs
[2024-12-03T21:09:20.203+0700] {logging_mixin.py:190} INFO - [2024-12-03T21:09:20.203+0700] {dag.py:4180} INFO - Setting next_dagrun for example_setup_teardown to None, run_after=None
[2024-12-03T21:09:20.220+0700] {processor.py:208} INFO - Processing /home/tedubuamo/project/venv/lib/python3.12/site-packages/airflow/example_dags/example_setup_teardown.py took 0.053 seconds
[2024-12-03T21:10:08.218+0700] {processor.py:186} INFO - Started process (PID=2757) to work on /home/tedubuamo/project/venv/lib/python3.12/site-packages/airflow/example_dags/example_setup_teardown.py
[2024-12-03T21:10:08.222+0700] {processor.py:914} INFO - Processing file /home/tedubuamo/project/venv/lib/python3.12/site-packages/airflow/example_dags/example_setup_teardown.py for tasks to queue
[2024-12-03T21:10:08.223+0700] {logging_mixin.py:190} INFO - [2024-12-03T21:10:08.223+0700] {dagbag.py:588} INFO - Filling up the DagBag from /home/tedubuamo/project/venv/lib/python3.12/site-packages/airflow/example_dags/example_setup_teardown.py
[2024-12-03T21:10:08.230+0700] {processor.py:925} INFO - DAG(s) 'example_setup_teardown' retrieved from /home/tedubuamo/project/venv/lib/python3.12/site-packages/airflow/example_dags/example_setup_teardown.py
[2024-12-03T21:10:08.240+0700] {logging_mixin.py:190} INFO - [2024-12-03T21:10:08.240+0700] {dag.py:3239} INFO - Sync 1 DAGs
[2024-12-03T21:10:08.249+0700] {logging_mixin.py:190} INFO - [2024-12-03T21:10:08.249+0700] {dag.py:4180} INFO - Setting next_dagrun for example_setup_teardown to None, run_after=None
[2024-12-03T21:10:08.266+0700] {processor.py:208} INFO - Processing /home/tedubuamo/project/venv/lib/python3.12/site-packages/airflow/example_dags/example_setup_teardown.py took 0.052 seconds
[2024-12-03T21:10:08.698+0700] {processor.py:186} INFO - Started process (PID=2758) to work on /home/tedubuamo/project/venv/lib/python3.12/site-packages/airflow/example_dags/example_setup_teardown.py
[2024-12-03T21:10:08.699+0700] {processor.py:914} INFO - Processing file /home/tedubuamo/project/venv/lib/python3.12/site-packages/airflow/example_dags/example_setup_teardown.py for tasks to queue
[2024-12-03T21:10:08.700+0700] {logging_mixin.py:190} INFO - [2024-12-03T21:10:08.700+0700] {dagbag.py:588} INFO - Filling up the DagBag from /home/tedubuamo/project/venv/lib/python3.12/site-packages/airflow/example_dags/example_setup_teardown.py
[2024-12-03T21:10:08.706+0700] {processor.py:925} INFO - DAG(s) 'example_setup_teardown' retrieved from /home/tedubuamo/project/venv/lib/python3.12/site-packages/airflow/example_dags/example_setup_teardown.py
[2024-12-03T21:10:08.717+0700] {logging_mixin.py:190} INFO - [2024-12-03T21:10:08.717+0700] {dag.py:3239} INFO - Sync 1 DAGs
[2024-12-03T21:10:08.727+0700] {logging_mixin.py:190} INFO - [2024-12-03T21:10:08.726+0700] {dag.py:4180} INFO - Setting next_dagrun for example_setup_teardown to None, run_after=None
[2024-12-03T21:10:08.744+0700] {processor.py:208} INFO - Processing /home/tedubuamo/project/venv/lib/python3.12/site-packages/airflow/example_dags/example_setup_teardown.py took 0.049 seconds
[2024-12-03T21:10:59.345+0700] {processor.py:186} INFO - Started process (PID=2861) to work on /home/tedubuamo/project/venv/lib/python3.12/site-packages/airflow/example_dags/example_setup_teardown.py
[2024-12-03T21:10:59.349+0700] {processor.py:914} INFO - Processing file /home/tedubuamo/project/venv/lib/python3.12/site-packages/airflow/example_dags/example_setup_teardown.py for tasks to queue
[2024-12-03T21:10:59.351+0700] {logging_mixin.py:190} INFO - [2024-12-03T21:10:59.351+0700] {dagbag.py:588} INFO - Filling up the DagBag from /home/tedubuamo/project/venv/lib/python3.12/site-packages/airflow/example_dags/example_setup_teardown.py
[2024-12-03T21:10:59.360+0700] {processor.py:925} INFO - DAG(s) 'example_setup_teardown' retrieved from /home/tedubuamo/project/venv/lib/python3.12/site-packages/airflow/example_dags/example_setup_teardown.py
[2024-12-03T21:10:59.374+0700] {logging_mixin.py:190} INFO - [2024-12-03T21:10:59.374+0700] {dag.py:3239} INFO - Sync 1 DAGs
[2024-12-03T21:10:59.385+0700] {logging_mixin.py:190} INFO - [2024-12-03T21:10:59.384+0700] {dag.py:4180} INFO - Setting next_dagrun for example_setup_teardown to None, run_after=None
[2024-12-03T21:10:59.406+0700] {processor.py:208} INFO - Processing /home/tedubuamo/project/venv/lib/python3.12/site-packages/airflow/example_dags/example_setup_teardown.py took 0.066 seconds
[2024-12-03T21:11:01.008+0700] {processor.py:186} INFO - Started process (PID=2864) to work on /home/tedubuamo/project/venv/lib/python3.12/site-packages/airflow/example_dags/example_setup_teardown.py
[2024-12-03T21:11:01.009+0700] {processor.py:914} INFO - Processing file /home/tedubuamo/project/venv/lib/python3.12/site-packages/airflow/example_dags/example_setup_teardown.py for tasks to queue
[2024-12-03T21:11:01.012+0700] {logging_mixin.py:190} INFO - [2024-12-03T21:11:01.011+0700] {dagbag.py:588} INFO - Filling up the DagBag from /home/tedubuamo/project/venv/lib/python3.12/site-packages/airflow/example_dags/example_setup_teardown.py
[2024-12-03T21:11:01.032+0700] {processor.py:925} INFO - DAG(s) 'example_setup_teardown' retrieved from /home/tedubuamo/project/venv/lib/python3.12/site-packages/airflow/example_dags/example_setup_teardown.py
[2024-12-03T21:11:01.058+0700] {logging_mixin.py:190} INFO - [2024-12-03T21:11:01.057+0700] {dag.py:3239} INFO - Sync 1 DAGs
[2024-12-03T21:11:01.077+0700] {logging_mixin.py:190} INFO - [2024-12-03T21:11:01.077+0700] {dag.py:4180} INFO - Setting next_dagrun for example_setup_teardown to None, run_after=None
[2024-12-03T21:11:01.118+0700] {processor.py:208} INFO - Processing /home/tedubuamo/project/venv/lib/python3.12/site-packages/airflow/example_dags/example_setup_teardown.py took 0.126 seconds
[2024-12-03T21:11:53.520+0700] {processor.py:186} INFO - Started process (PID=2976) to work on /home/tedubuamo/project/venv/lib/python3.12/site-packages/airflow/example_dags/example_setup_teardown.py
[2024-12-03T21:11:53.521+0700] {processor.py:914} INFO - Processing file /home/tedubuamo/project/venv/lib/python3.12/site-packages/airflow/example_dags/example_setup_teardown.py for tasks to queue
[2024-12-03T21:11:53.523+0700] {logging_mixin.py:190} INFO - [2024-12-03T21:11:53.523+0700] {dagbag.py:588} INFO - Filling up the DagBag from /home/tedubuamo/project/venv/lib/python3.12/site-packages/airflow/example_dags/example_setup_teardown.py
[2024-12-03T21:11:53.529+0700] {processor.py:925} INFO - DAG(s) 'example_setup_teardown' retrieved from /home/tedubuamo/project/venv/lib/python3.12/site-packages/airflow/example_dags/example_setup_teardown.py
[2024-12-03T21:11:53.540+0700] {logging_mixin.py:190} INFO - [2024-12-03T21:11:53.540+0700] {dag.py:3239} INFO - Sync 1 DAGs
[2024-12-03T21:11:53.548+0700] {logging_mixin.py:190} INFO - [2024-12-03T21:11:53.548+0700] {dag.py:4180} INFO - Setting next_dagrun for example_setup_teardown to None, run_after=None
[2024-12-03T21:11:53.565+0700] {processor.py:208} INFO - Processing /home/tedubuamo/project/venv/lib/python3.12/site-packages/airflow/example_dags/example_setup_teardown.py took 0.049 seconds
[2024-12-03T21:11:54.297+0700] {processor.py:186} INFO - Started process (PID=2978) to work on /home/tedubuamo/project/venv/lib/python3.12/site-packages/airflow/example_dags/example_setup_teardown.py
[2024-12-03T21:11:54.297+0700] {processor.py:914} INFO - Processing file /home/tedubuamo/project/venv/lib/python3.12/site-packages/airflow/example_dags/example_setup_teardown.py for tasks to queue
[2024-12-03T21:11:54.300+0700] {logging_mixin.py:190} INFO - [2024-12-03T21:11:54.299+0700] {dagbag.py:588} INFO - Filling up the DagBag from /home/tedubuamo/project/venv/lib/python3.12/site-packages/airflow/example_dags/example_setup_teardown.py
[2024-12-03T21:11:54.306+0700] {processor.py:925} INFO - DAG(s) 'example_setup_teardown' retrieved from /home/tedubuamo/project/venv/lib/python3.12/site-packages/airflow/example_dags/example_setup_teardown.py
[2024-12-03T21:11:54.317+0700] {logging_mixin.py:190} INFO - [2024-12-03T21:11:54.317+0700] {dag.py:3239} INFO - Sync 1 DAGs
[2024-12-03T21:11:54.325+0700] {logging_mixin.py:190} INFO - [2024-12-03T21:11:54.325+0700] {dag.py:4180} INFO - Setting next_dagrun for example_setup_teardown to None, run_after=None
[2024-12-03T21:11:54.341+0700] {processor.py:208} INFO - Processing /home/tedubuamo/project/venv/lib/python3.12/site-packages/airflow/example_dags/example_setup_teardown.py took 0.048 seconds
[2024-12-03T21:12:43.750+0700] {processor.py:186} INFO - Started process (PID=3100) to work on /home/tedubuamo/project/venv/lib/python3.12/site-packages/airflow/example_dags/example_setup_teardown.py
[2024-12-03T21:12:43.754+0700] {processor.py:914} INFO - Processing file /home/tedubuamo/project/venv/lib/python3.12/site-packages/airflow/example_dags/example_setup_teardown.py for tasks to queue
[2024-12-03T21:12:43.755+0700] {logging_mixin.py:190} INFO - [2024-12-03T21:12:43.755+0700] {dagbag.py:588} INFO - Filling up the DagBag from /home/tedubuamo/project/venv/lib/python3.12/site-packages/airflow/example_dags/example_setup_teardown.py
[2024-12-03T21:12:43.764+0700] {processor.py:925} INFO - DAG(s) 'example_setup_teardown' retrieved from /home/tedubuamo/project/venv/lib/python3.12/site-packages/airflow/example_dags/example_setup_teardown.py
[2024-12-03T21:12:43.775+0700] {logging_mixin.py:190} INFO - [2024-12-03T21:12:43.775+0700] {dag.py:3239} INFO - Sync 1 DAGs
[2024-12-03T21:12:43.784+0700] {logging_mixin.py:190} INFO - [2024-12-03T21:12:43.784+0700] {dag.py:4180} INFO - Setting next_dagrun for example_setup_teardown to None, run_after=None
[2024-12-03T21:12:43.801+0700] {processor.py:208} INFO - Processing /home/tedubuamo/project/venv/lib/python3.12/site-packages/airflow/example_dags/example_setup_teardown.py took 0.055 seconds
[2024-12-03T21:12:49.344+0700] {processor.py:186} INFO - Started process (PID=3122) to work on /home/tedubuamo/project/venv/lib/python3.12/site-packages/airflow/example_dags/example_setup_teardown.py
[2024-12-03T21:12:49.345+0700] {processor.py:914} INFO - Processing file /home/tedubuamo/project/venv/lib/python3.12/site-packages/airflow/example_dags/example_setup_teardown.py for tasks to queue
[2024-12-03T21:12:49.348+0700] {logging_mixin.py:190} INFO - [2024-12-03T21:12:49.347+0700] {dagbag.py:588} INFO - Filling up the DagBag from /home/tedubuamo/project/venv/lib/python3.12/site-packages/airflow/example_dags/example_setup_teardown.py
[2024-12-03T21:12:49.358+0700] {processor.py:925} INFO - DAG(s) 'example_setup_teardown' retrieved from /home/tedubuamo/project/venv/lib/python3.12/site-packages/airflow/example_dags/example_setup_teardown.py
[2024-12-03T21:12:49.375+0700] {logging_mixin.py:190} INFO - [2024-12-03T21:12:49.375+0700] {dag.py:3239} INFO - Sync 1 DAGs
[2024-12-03T21:12:49.390+0700] {logging_mixin.py:190} INFO - [2024-12-03T21:12:49.390+0700] {dag.py:4180} INFO - Setting next_dagrun for example_setup_teardown to None, run_after=None
[2024-12-03T21:12:49.411+0700] {processor.py:208} INFO - Processing /home/tedubuamo/project/venv/lib/python3.12/site-packages/airflow/example_dags/example_setup_teardown.py took 0.072 seconds
[2024-12-03T21:13:33.487+0700] {processor.py:186} INFO - Started process (PID=3210) to work on /home/tedubuamo/project/venv/lib/python3.12/site-packages/airflow/example_dags/example_setup_teardown.py
[2024-12-03T21:13:33.489+0700] {processor.py:914} INFO - Processing file /home/tedubuamo/project/venv/lib/python3.12/site-packages/airflow/example_dags/example_setup_teardown.py for tasks to queue
[2024-12-03T21:13:33.490+0700] {logging_mixin.py:190} INFO - [2024-12-03T21:13:33.490+0700] {dagbag.py:588} INFO - Filling up the DagBag from /home/tedubuamo/project/venv/lib/python3.12/site-packages/airflow/example_dags/example_setup_teardown.py
[2024-12-03T21:13:33.498+0700] {processor.py:925} INFO - DAG(s) 'example_setup_teardown' retrieved from /home/tedubuamo/project/venv/lib/python3.12/site-packages/airflow/example_dags/example_setup_teardown.py
[2024-12-03T21:13:33.510+0700] {logging_mixin.py:190} INFO - [2024-12-03T21:13:33.510+0700] {dag.py:3239} INFO - Sync 1 DAGs
[2024-12-03T21:13:33.519+0700] {logging_mixin.py:190} INFO - [2024-12-03T21:13:33.519+0700] {dag.py:4180} INFO - Setting next_dagrun for example_setup_teardown to None, run_after=None
[2024-12-03T21:13:33.539+0700] {processor.py:208} INFO - Processing /home/tedubuamo/project/venv/lib/python3.12/site-packages/airflow/example_dags/example_setup_teardown.py took 0.056 seconds
[2024-12-03T21:13:41.641+0700] {processor.py:186} INFO - Started process (PID=3227) to work on /home/tedubuamo/project/venv/lib/python3.12/site-packages/airflow/example_dags/example_setup_teardown.py
[2024-12-03T21:13:41.641+0700] {processor.py:914} INFO - Processing file /home/tedubuamo/project/venv/lib/python3.12/site-packages/airflow/example_dags/example_setup_teardown.py for tasks to queue
[2024-12-03T21:13:41.643+0700] {logging_mixin.py:190} INFO - [2024-12-03T21:13:41.642+0700] {dagbag.py:588} INFO - Filling up the DagBag from /home/tedubuamo/project/venv/lib/python3.12/site-packages/airflow/example_dags/example_setup_teardown.py
[2024-12-03T21:13:41.650+0700] {processor.py:925} INFO - DAG(s) 'example_setup_teardown' retrieved from /home/tedubuamo/project/venv/lib/python3.12/site-packages/airflow/example_dags/example_setup_teardown.py
[2024-12-03T21:13:41.662+0700] {logging_mixin.py:190} INFO - [2024-12-03T21:13:41.662+0700] {dag.py:3239} INFO - Sync 1 DAGs
[2024-12-03T21:13:41.671+0700] {logging_mixin.py:190} INFO - [2024-12-03T21:13:41.671+0700] {dag.py:4180} INFO - Setting next_dagrun for example_setup_teardown to None, run_after=None
[2024-12-03T21:13:41.690+0700] {processor.py:208} INFO - Processing /home/tedubuamo/project/venv/lib/python3.12/site-packages/airflow/example_dags/example_setup_teardown.py took 0.054 seconds
[2024-12-03T21:14:24.552+0700] {processor.py:186} INFO - Started process (PID=3317) to work on /home/tedubuamo/project/venv/lib/python3.12/site-packages/airflow/example_dags/example_setup_teardown.py
[2024-12-03T21:14:24.553+0700] {processor.py:914} INFO - Processing file /home/tedubuamo/project/venv/lib/python3.12/site-packages/airflow/example_dags/example_setup_teardown.py for tasks to queue
[2024-12-03T21:14:24.555+0700] {logging_mixin.py:190} INFO - [2024-12-03T21:14:24.555+0700] {dagbag.py:588} INFO - Filling up the DagBag from /home/tedubuamo/project/venv/lib/python3.12/site-packages/airflow/example_dags/example_setup_teardown.py
[2024-12-03T21:14:24.561+0700] {processor.py:925} INFO - DAG(s) 'example_setup_teardown' retrieved from /home/tedubuamo/project/venv/lib/python3.12/site-packages/airflow/example_dags/example_setup_teardown.py
[2024-12-03T21:14:24.574+0700] {logging_mixin.py:190} INFO - [2024-12-03T21:14:24.574+0700] {dag.py:3239} INFO - Sync 1 DAGs
[2024-12-03T21:14:24.583+0700] {logging_mixin.py:190} INFO - [2024-12-03T21:14:24.583+0700] {dag.py:4180} INFO - Setting next_dagrun for example_setup_teardown to None, run_after=None
[2024-12-03T21:14:24.601+0700] {processor.py:208} INFO - Processing /home/tedubuamo/project/venv/lib/python3.12/site-packages/airflow/example_dags/example_setup_teardown.py took 0.052 seconds
[2024-12-03T21:14:32.213+0700] {processor.py:186} INFO - Started process (PID=3332) to work on /home/tedubuamo/project/venv/lib/python3.12/site-packages/airflow/example_dags/example_setup_teardown.py
[2024-12-03T21:14:32.214+0700] {processor.py:914} INFO - Processing file /home/tedubuamo/project/venv/lib/python3.12/site-packages/airflow/example_dags/example_setup_teardown.py for tasks to queue
[2024-12-03T21:14:32.215+0700] {logging_mixin.py:190} INFO - [2024-12-03T21:14:32.215+0700] {dagbag.py:588} INFO - Filling up the DagBag from /home/tedubuamo/project/venv/lib/python3.12/site-packages/airflow/example_dags/example_setup_teardown.py
[2024-12-03T21:14:32.223+0700] {processor.py:925} INFO - DAG(s) 'example_setup_teardown' retrieved from /home/tedubuamo/project/venv/lib/python3.12/site-packages/airflow/example_dags/example_setup_teardown.py
[2024-12-03T21:14:32.235+0700] {logging_mixin.py:190} INFO - [2024-12-03T21:14:32.235+0700] {dag.py:3239} INFO - Sync 1 DAGs
[2024-12-03T21:14:32.246+0700] {logging_mixin.py:190} INFO - [2024-12-03T21:14:32.246+0700] {dag.py:4180} INFO - Setting next_dagrun for example_setup_teardown to None, run_after=None
[2024-12-03T21:14:32.267+0700] {processor.py:208} INFO - Processing /home/tedubuamo/project/venv/lib/python3.12/site-packages/airflow/example_dags/example_setup_teardown.py took 0.059 seconds
[2024-12-03T21:15:17.220+0700] {processor.py:186} INFO - Started process (PID=3427) to work on /home/tedubuamo/project/venv/lib/python3.12/site-packages/airflow/example_dags/example_setup_teardown.py
[2024-12-03T21:15:17.222+0700] {processor.py:914} INFO - Processing file /home/tedubuamo/project/venv/lib/python3.12/site-packages/airflow/example_dags/example_setup_teardown.py for tasks to queue
[2024-12-03T21:15:17.224+0700] {logging_mixin.py:190} INFO - [2024-12-03T21:15:17.223+0700] {dagbag.py:588} INFO - Filling up the DagBag from /home/tedubuamo/project/venv/lib/python3.12/site-packages/airflow/example_dags/example_setup_teardown.py
[2024-12-03T21:15:17.232+0700] {processor.py:925} INFO - DAG(s) 'example_setup_teardown' retrieved from /home/tedubuamo/project/venv/lib/python3.12/site-packages/airflow/example_dags/example_setup_teardown.py
[2024-12-03T21:15:17.244+0700] {logging_mixin.py:190} INFO - [2024-12-03T21:15:17.244+0700] {dag.py:3239} INFO - Sync 1 DAGs
[2024-12-03T21:15:17.254+0700] {logging_mixin.py:190} INFO - [2024-12-03T21:15:17.254+0700] {dag.py:4180} INFO - Setting next_dagrun for example_setup_teardown to None, run_after=None
[2024-12-03T21:15:17.273+0700] {processor.py:208} INFO - Processing /home/tedubuamo/project/venv/lib/python3.12/site-packages/airflow/example_dags/example_setup_teardown.py took 0.057 seconds
[2024-12-03T21:15:22.380+0700] {processor.py:186} INFO - Started process (PID=3438) to work on /home/tedubuamo/project/venv/lib/python3.12/site-packages/airflow/example_dags/example_setup_teardown.py
[2024-12-03T21:15:22.382+0700] {processor.py:914} INFO - Processing file /home/tedubuamo/project/venv/lib/python3.12/site-packages/airflow/example_dags/example_setup_teardown.py for tasks to queue
[2024-12-03T21:15:22.385+0700] {logging_mixin.py:190} INFO - [2024-12-03T21:15:22.385+0700] {dagbag.py:588} INFO - Filling up the DagBag from /home/tedubuamo/project/venv/lib/python3.12/site-packages/airflow/example_dags/example_setup_teardown.py
[2024-12-03T21:15:22.400+0700] {processor.py:925} INFO - DAG(s) 'example_setup_teardown' retrieved from /home/tedubuamo/project/venv/lib/python3.12/site-packages/airflow/example_dags/example_setup_teardown.py
[2024-12-03T21:15:22.434+0700] {logging_mixin.py:190} INFO - [2024-12-03T21:15:22.434+0700] {dag.py:3239} INFO - Sync 1 DAGs
[2024-12-03T21:15:22.445+0700] {logging_mixin.py:190} INFO - [2024-12-03T21:15:22.445+0700] {dag.py:4180} INFO - Setting next_dagrun for example_setup_teardown to None, run_after=None
[2024-12-03T21:15:22.633+0700] {processor.py:208} INFO - Processing /home/tedubuamo/project/venv/lib/python3.12/site-packages/airflow/example_dags/example_setup_teardown.py took 0.260 seconds
[2024-12-03T21:16:08.133+0700] {processor.py:186} INFO - Started process (PID=3541) to work on /home/tedubuamo/project/venv/lib/python3.12/site-packages/airflow/example_dags/example_setup_teardown.py
[2024-12-03T21:16:08.134+0700] {processor.py:914} INFO - Processing file /home/tedubuamo/project/venv/lib/python3.12/site-packages/airflow/example_dags/example_setup_teardown.py for tasks to queue
[2024-12-03T21:16:08.137+0700] {logging_mixin.py:190} INFO - [2024-12-03T21:16:08.136+0700] {dagbag.py:588} INFO - Filling up the DagBag from /home/tedubuamo/project/venv/lib/python3.12/site-packages/airflow/example_dags/example_setup_teardown.py
[2024-12-03T21:16:08.146+0700] {processor.py:925} INFO - DAG(s) 'example_setup_teardown' retrieved from /home/tedubuamo/project/venv/lib/python3.12/site-packages/airflow/example_dags/example_setup_teardown.py
[2024-12-03T21:16:08.169+0700] {logging_mixin.py:190} INFO - [2024-12-03T21:16:08.168+0700] {dag.py:3239} INFO - Sync 1 DAGs
[2024-12-03T21:16:08.189+0700] {logging_mixin.py:190} INFO - [2024-12-03T21:16:08.188+0700] {dag.py:4180} INFO - Setting next_dagrun for example_setup_teardown to None, run_after=None
[2024-12-03T21:16:08.215+0700] {processor.py:208} INFO - Processing /home/tedubuamo/project/venv/lib/python3.12/site-packages/airflow/example_dags/example_setup_teardown.py took 0.088 seconds
[2024-12-03T21:16:13.357+0700] {processor.py:186} INFO - Started process (PID=3551) to work on /home/tedubuamo/project/venv/lib/python3.12/site-packages/airflow/example_dags/example_setup_teardown.py
[2024-12-03T21:16:13.359+0700] {processor.py:914} INFO - Processing file /home/tedubuamo/project/venv/lib/python3.12/site-packages/airflow/example_dags/example_setup_teardown.py for tasks to queue
[2024-12-03T21:16:13.360+0700] {logging_mixin.py:190} INFO - [2024-12-03T21:16:13.360+0700] {dagbag.py:588} INFO - Filling up the DagBag from /home/tedubuamo/project/venv/lib/python3.12/site-packages/airflow/example_dags/example_setup_teardown.py
[2024-12-03T21:16:13.369+0700] {processor.py:925} INFO - DAG(s) 'example_setup_teardown' retrieved from /home/tedubuamo/project/venv/lib/python3.12/site-packages/airflow/example_dags/example_setup_teardown.py
[2024-12-03T21:16:13.385+0700] {logging_mixin.py:190} INFO - [2024-12-03T21:16:13.385+0700] {dag.py:3239} INFO - Sync 1 DAGs
[2024-12-03T21:16:13.395+0700] {logging_mixin.py:190} INFO - [2024-12-03T21:16:13.395+0700] {dag.py:4180} INFO - Setting next_dagrun for example_setup_teardown to None, run_after=None
[2024-12-03T21:16:13.415+0700] {processor.py:208} INFO - Processing /home/tedubuamo/project/venv/lib/python3.12/site-packages/airflow/example_dags/example_setup_teardown.py took 0.063 seconds
[2024-12-03T21:17:02.022+0700] {processor.py:186} INFO - Started process (PID=3678) to work on /home/tedubuamo/project/venv/lib/python3.12/site-packages/airflow/example_dags/example_setup_teardown.py
[2024-12-03T21:17:02.023+0700] {processor.py:914} INFO - Processing file /home/tedubuamo/project/venv/lib/python3.12/site-packages/airflow/example_dags/example_setup_teardown.py for tasks to queue
[2024-12-03T21:17:02.024+0700] {logging_mixin.py:190} INFO - [2024-12-03T21:17:02.024+0700] {dagbag.py:588} INFO - Filling up the DagBag from /home/tedubuamo/project/venv/lib/python3.12/site-packages/airflow/example_dags/example_setup_teardown.py
[2024-12-03T21:17:02.031+0700] {processor.py:925} INFO - DAG(s) 'example_setup_teardown' retrieved from /home/tedubuamo/project/venv/lib/python3.12/site-packages/airflow/example_dags/example_setup_teardown.py
[2024-12-03T21:17:02.043+0700] {logging_mixin.py:190} INFO - [2024-12-03T21:17:02.043+0700] {dag.py:3239} INFO - Sync 1 DAGs
[2024-12-03T21:17:02.053+0700] {logging_mixin.py:190} INFO - [2024-12-03T21:17:02.053+0700] {dag.py:4180} INFO - Setting next_dagrun for example_setup_teardown to None, run_after=None
[2024-12-03T21:17:02.073+0700] {processor.py:208} INFO - Processing /home/tedubuamo/project/venv/lib/python3.12/site-packages/airflow/example_dags/example_setup_teardown.py took 0.056 seconds
[2024-12-03T21:17:03.749+0700] {processor.py:186} INFO - Started process (PID=3682) to work on /home/tedubuamo/project/venv/lib/python3.12/site-packages/airflow/example_dags/example_setup_teardown.py
[2024-12-03T21:17:03.749+0700] {processor.py:914} INFO - Processing file /home/tedubuamo/project/venv/lib/python3.12/site-packages/airflow/example_dags/example_setup_teardown.py for tasks to queue
[2024-12-03T21:17:03.751+0700] {logging_mixin.py:190} INFO - [2024-12-03T21:17:03.751+0700] {dagbag.py:588} INFO - Filling up the DagBag from /home/tedubuamo/project/venv/lib/python3.12/site-packages/airflow/example_dags/example_setup_teardown.py
[2024-12-03T21:17:03.759+0700] {processor.py:925} INFO - DAG(s) 'example_setup_teardown' retrieved from /home/tedubuamo/project/venv/lib/python3.12/site-packages/airflow/example_dags/example_setup_teardown.py
[2024-12-03T21:17:03.771+0700] {logging_mixin.py:190} INFO - [2024-12-03T21:17:03.770+0700] {dag.py:3239} INFO - Sync 1 DAGs
[2024-12-03T21:17:03.784+0700] {logging_mixin.py:190} INFO - [2024-12-03T21:17:03.783+0700] {dag.py:4180} INFO - Setting next_dagrun for example_setup_teardown to None, run_after=None
[2024-12-03T21:17:03.812+0700] {processor.py:208} INFO - Processing /home/tedubuamo/project/venv/lib/python3.12/site-packages/airflow/example_dags/example_setup_teardown.py took 0.068 seconds
[2024-12-03T21:17:54.164+0700] {processor.py:186} INFO - Started process (PID=3801) to work on /home/tedubuamo/project/venv/lib/python3.12/site-packages/airflow/example_dags/example_setup_teardown.py
[2024-12-03T21:17:54.165+0700] {processor.py:914} INFO - Processing file /home/tedubuamo/project/venv/lib/python3.12/site-packages/airflow/example_dags/example_setup_teardown.py for tasks to queue
[2024-12-03T21:17:54.167+0700] {logging_mixin.py:190} INFO - [2024-12-03T21:17:54.167+0700] {dagbag.py:588} INFO - Filling up the DagBag from /home/tedubuamo/project/venv/lib/python3.12/site-packages/airflow/example_dags/example_setup_teardown.py
[2024-12-03T21:17:54.173+0700] {processor.py:925} INFO - DAG(s) 'example_setup_teardown' retrieved from /home/tedubuamo/project/venv/lib/python3.12/site-packages/airflow/example_dags/example_setup_teardown.py
[2024-12-03T21:17:54.184+0700] {logging_mixin.py:190} INFO - [2024-12-03T21:17:54.184+0700] {dag.py:3239} INFO - Sync 1 DAGs
[2024-12-03T21:17:54.192+0700] {logging_mixin.py:190} INFO - [2024-12-03T21:17:54.192+0700] {dag.py:4180} INFO - Setting next_dagrun for example_setup_teardown to None, run_after=None
[2024-12-03T21:17:54.210+0700] {processor.py:208} INFO - Processing /home/tedubuamo/project/venv/lib/python3.12/site-packages/airflow/example_dags/example_setup_teardown.py took 0.051 seconds
[2024-12-03T21:17:55.096+0700] {processor.py:186} INFO - Started process (PID=3803) to work on /home/tedubuamo/project/venv/lib/python3.12/site-packages/airflow/example_dags/example_setup_teardown.py
[2024-12-03T21:17:55.096+0700] {processor.py:914} INFO - Processing file /home/tedubuamo/project/venv/lib/python3.12/site-packages/airflow/example_dags/example_setup_teardown.py for tasks to queue
[2024-12-03T21:17:55.098+0700] {logging_mixin.py:190} INFO - [2024-12-03T21:17:55.098+0700] {dagbag.py:588} INFO - Filling up the DagBag from /home/tedubuamo/project/venv/lib/python3.12/site-packages/airflow/example_dags/example_setup_teardown.py
[2024-12-03T21:17:55.104+0700] {processor.py:925} INFO - DAG(s) 'example_setup_teardown' retrieved from /home/tedubuamo/project/venv/lib/python3.12/site-packages/airflow/example_dags/example_setup_teardown.py
[2024-12-03T21:17:55.116+0700] {logging_mixin.py:190} INFO - [2024-12-03T21:17:55.116+0700] {dag.py:3239} INFO - Sync 1 DAGs
[2024-12-03T21:17:55.126+0700] {logging_mixin.py:190} INFO - [2024-12-03T21:17:55.126+0700] {dag.py:4180} INFO - Setting next_dagrun for example_setup_teardown to None, run_after=None
[2024-12-03T21:17:55.143+0700] {processor.py:208} INFO - Processing /home/tedubuamo/project/venv/lib/python3.12/site-packages/airflow/example_dags/example_setup_teardown.py took 0.051 seconds
[2024-12-03T21:18:52.040+0700] {processor.py:186} INFO - Started process (PID=3930) to work on /home/tedubuamo/project/venv/lib/python3.12/site-packages/airflow/example_dags/example_setup_teardown.py
[2024-12-03T21:18:52.041+0700] {processor.py:914} INFO - Processing file /home/tedubuamo/project/venv/lib/python3.12/site-packages/airflow/example_dags/example_setup_teardown.py for tasks to queue
[2024-12-03T21:18:52.043+0700] {logging_mixin.py:190} INFO - [2024-12-03T21:18:52.042+0700] {dagbag.py:588} INFO - Filling up the DagBag from /home/tedubuamo/project/venv/lib/python3.12/site-packages/airflow/example_dags/example_setup_teardown.py
[2024-12-03T21:18:52.049+0700] {processor.py:925} INFO - DAG(s) 'example_setup_teardown' retrieved from /home/tedubuamo/project/venv/lib/python3.12/site-packages/airflow/example_dags/example_setup_teardown.py
[2024-12-03T21:18:52.119+0700] {logging_mixin.py:190} INFO - [2024-12-03T21:18:52.119+0700] {dag.py:3239} INFO - Sync 1 DAGs
[2024-12-03T21:18:52.126+0700] {logging_mixin.py:190} INFO - [2024-12-03T21:18:52.125+0700] {dag.py:4180} INFO - Setting next_dagrun for example_setup_teardown to None, run_after=None
[2024-12-03T21:18:52.149+0700] {processor.py:208} INFO - Processing /home/tedubuamo/project/venv/lib/python3.12/site-packages/airflow/example_dags/example_setup_teardown.py took 0.112 seconds
[2024-12-03T21:19:51.609+0700] {processor.py:186} INFO - Started process (PID=3992) to work on /home/tedubuamo/project/venv/lib/python3.12/site-packages/airflow/example_dags/example_setup_teardown.py
[2024-12-03T21:19:51.612+0700] {processor.py:914} INFO - Processing file /home/tedubuamo/project/venv/lib/python3.12/site-packages/airflow/example_dags/example_setup_teardown.py for tasks to queue
[2024-12-03T21:19:51.614+0700] {logging_mixin.py:190} INFO - [2024-12-03T21:19:51.614+0700] {dagbag.py:588} INFO - Filling up the DagBag from /home/tedubuamo/project/venv/lib/python3.12/site-packages/airflow/example_dags/example_setup_teardown.py
[2024-12-03T21:19:51.621+0700] {processor.py:925} INFO - DAG(s) 'example_setup_teardown' retrieved from /home/tedubuamo/project/venv/lib/python3.12/site-packages/airflow/example_dags/example_setup_teardown.py
[2024-12-03T21:19:51.631+0700] {logging_mixin.py:190} INFO - [2024-12-03T21:19:51.631+0700] {dag.py:3239} INFO - Sync 1 DAGs
[2024-12-03T21:19:51.640+0700] {logging_mixin.py:190} INFO - [2024-12-03T21:19:51.640+0700] {dag.py:4180} INFO - Setting next_dagrun for example_setup_teardown to None, run_after=None
[2024-12-03T21:19:51.658+0700] {processor.py:208} INFO - Processing /home/tedubuamo/project/venv/lib/python3.12/site-packages/airflow/example_dags/example_setup_teardown.py took 0.053 seconds
[2024-12-03T21:20:53.618+0700] {processor.py:186} INFO - Started process (PID=4095) to work on /home/tedubuamo/project/venv/lib/python3.12/site-packages/airflow/example_dags/example_setup_teardown.py
[2024-12-03T21:20:53.619+0700] {processor.py:914} INFO - Processing file /home/tedubuamo/project/venv/lib/python3.12/site-packages/airflow/example_dags/example_setup_teardown.py for tasks to queue
[2024-12-03T21:20:53.621+0700] {logging_mixin.py:190} INFO - [2024-12-03T21:20:53.621+0700] {dagbag.py:588} INFO - Filling up the DagBag from /home/tedubuamo/project/venv/lib/python3.12/site-packages/airflow/example_dags/example_setup_teardown.py
[2024-12-03T21:20:53.629+0700] {processor.py:925} INFO - DAG(s) 'example_setup_teardown' retrieved from /home/tedubuamo/project/venv/lib/python3.12/site-packages/airflow/example_dags/example_setup_teardown.py
[2024-12-03T21:20:53.641+0700] {logging_mixin.py:190} INFO - [2024-12-03T21:20:53.641+0700] {dag.py:3239} INFO - Sync 1 DAGs
[2024-12-03T21:20:53.652+0700] {logging_mixin.py:190} INFO - [2024-12-03T21:20:53.652+0700] {dag.py:4180} INFO - Setting next_dagrun for example_setup_teardown to None, run_after=None
[2024-12-03T21:20:53.672+0700] {processor.py:208} INFO - Processing /home/tedubuamo/project/venv/lib/python3.12/site-packages/airflow/example_dags/example_setup_teardown.py took 0.059 seconds
[2024-12-03T21:21:50.034+0700] {processor.py:186} INFO - Started process (PID=4158) to work on /home/tedubuamo/project/venv/lib/python3.12/site-packages/airflow/example_dags/example_setup_teardown.py
[2024-12-03T21:21:50.036+0700] {processor.py:914} INFO - Processing file /home/tedubuamo/project/venv/lib/python3.12/site-packages/airflow/example_dags/example_setup_teardown.py for tasks to queue
[2024-12-03T21:21:50.038+0700] {logging_mixin.py:190} INFO - [2024-12-03T21:21:50.037+0700] {dagbag.py:588} INFO - Filling up the DagBag from /home/tedubuamo/project/venv/lib/python3.12/site-packages/airflow/example_dags/example_setup_teardown.py
[2024-12-03T21:21:50.045+0700] {processor.py:925} INFO - DAG(s) 'example_setup_teardown' retrieved from /home/tedubuamo/project/venv/lib/python3.12/site-packages/airflow/example_dags/example_setup_teardown.py
[2024-12-03T21:21:50.058+0700] {logging_mixin.py:190} INFO - [2024-12-03T21:21:50.058+0700] {dag.py:3239} INFO - Sync 1 DAGs
[2024-12-03T21:21:50.067+0700] {logging_mixin.py:190} INFO - [2024-12-03T21:21:50.067+0700] {dag.py:4180} INFO - Setting next_dagrun for example_setup_teardown to None, run_after=None
[2024-12-03T21:21:50.089+0700] {processor.py:208} INFO - Processing /home/tedubuamo/project/venv/lib/python3.12/site-packages/airflow/example_dags/example_setup_teardown.py took 0.059 seconds
[2024-12-03T21:22:44.626+0700] {processor.py:186} INFO - Started process (PID=4251) to work on /home/tedubuamo/project/venv/lib/python3.12/site-packages/airflow/example_dags/example_setup_teardown.py
[2024-12-03T21:22:44.628+0700] {processor.py:914} INFO - Processing file /home/tedubuamo/project/venv/lib/python3.12/site-packages/airflow/example_dags/example_setup_teardown.py for tasks to queue
[2024-12-03T21:22:44.630+0700] {logging_mixin.py:190} INFO - [2024-12-03T21:22:44.629+0700] {dagbag.py:588} INFO - Filling up the DagBag from /home/tedubuamo/project/venv/lib/python3.12/site-packages/airflow/example_dags/example_setup_teardown.py
[2024-12-03T21:22:44.636+0700] {processor.py:925} INFO - DAG(s) 'example_setup_teardown' retrieved from /home/tedubuamo/project/venv/lib/python3.12/site-packages/airflow/example_dags/example_setup_teardown.py
[2024-12-03T21:22:44.648+0700] {logging_mixin.py:190} INFO - [2024-12-03T21:22:44.647+0700] {dag.py:3239} INFO - Sync 1 DAGs
[2024-12-03T21:22:44.657+0700] {logging_mixin.py:190} INFO - [2024-12-03T21:22:44.656+0700] {dag.py:4180} INFO - Setting next_dagrun for example_setup_teardown to None, run_after=None
[2024-12-03T21:22:44.674+0700] {processor.py:208} INFO - Processing /home/tedubuamo/project/venv/lib/python3.12/site-packages/airflow/example_dags/example_setup_teardown.py took 0.051 seconds
[2024-12-03T21:23:35.812+0700] {processor.py:186} INFO - Started process (PID=4303) to work on /home/tedubuamo/project/venv/lib/python3.12/site-packages/airflow/example_dags/example_setup_teardown.py
[2024-12-03T21:23:35.816+0700] {processor.py:914} INFO - Processing file /home/tedubuamo/project/venv/lib/python3.12/site-packages/airflow/example_dags/example_setup_teardown.py for tasks to queue
[2024-12-03T21:23:35.817+0700] {logging_mixin.py:190} INFO - [2024-12-03T21:23:35.817+0700] {dagbag.py:588} INFO - Filling up the DagBag from /home/tedubuamo/project/venv/lib/python3.12/site-packages/airflow/example_dags/example_setup_teardown.py
[2024-12-03T21:23:35.825+0700] {processor.py:925} INFO - DAG(s) 'example_setup_teardown' retrieved from /home/tedubuamo/project/venv/lib/python3.12/site-packages/airflow/example_dags/example_setup_teardown.py
[2024-12-03T21:23:35.836+0700] {logging_mixin.py:190} INFO - [2024-12-03T21:23:35.835+0700] {dag.py:3239} INFO - Sync 1 DAGs
[2024-12-03T21:23:35.846+0700] {logging_mixin.py:190} INFO - [2024-12-03T21:23:35.846+0700] {dag.py:4180} INFO - Setting next_dagrun for example_setup_teardown to None, run_after=None
[2024-12-03T21:23:35.867+0700] {processor.py:208} INFO - Processing /home/tedubuamo/project/venv/lib/python3.12/site-packages/airflow/example_dags/example_setup_teardown.py took 0.059 seconds
[2024-12-03T21:24:31.483+0700] {processor.py:186} INFO - Started process (PID=4382) to work on /home/tedubuamo/project/venv/lib/python3.12/site-packages/airflow/example_dags/example_setup_teardown.py
[2024-12-03T21:24:31.487+0700] {processor.py:914} INFO - Processing file /home/tedubuamo/project/venv/lib/python3.12/site-packages/airflow/example_dags/example_setup_teardown.py for tasks to queue
[2024-12-03T21:24:31.489+0700] {logging_mixin.py:190} INFO - [2024-12-03T21:24:31.489+0700] {dagbag.py:588} INFO - Filling up the DagBag from /home/tedubuamo/project/venv/lib/python3.12/site-packages/airflow/example_dags/example_setup_teardown.py
[2024-12-03T21:24:31.496+0700] {processor.py:925} INFO - DAG(s) 'example_setup_teardown' retrieved from /home/tedubuamo/project/venv/lib/python3.12/site-packages/airflow/example_dags/example_setup_teardown.py
[2024-12-03T21:24:31.508+0700] {logging_mixin.py:190} INFO - [2024-12-03T21:24:31.507+0700] {dag.py:3239} INFO - Sync 1 DAGs
[2024-12-03T21:24:31.517+0700] {logging_mixin.py:190} INFO - [2024-12-03T21:24:31.516+0700] {dag.py:4180} INFO - Setting next_dagrun for example_setup_teardown to None, run_after=None
[2024-12-03T21:24:31.534+0700] {processor.py:208} INFO - Processing /home/tedubuamo/project/venv/lib/python3.12/site-packages/airflow/example_dags/example_setup_teardown.py took 0.055 seconds
[2024-12-03T21:25:21.174+0700] {processor.py:186} INFO - Started process (PID=4441) to work on /home/tedubuamo/project/venv/lib/python3.12/site-packages/airflow/example_dags/example_setup_teardown.py
[2024-12-03T21:25:21.175+0700] {processor.py:914} INFO - Processing file /home/tedubuamo/project/venv/lib/python3.12/site-packages/airflow/example_dags/example_setup_teardown.py for tasks to queue
[2024-12-03T21:25:21.177+0700] {logging_mixin.py:190} INFO - [2024-12-03T21:25:21.177+0700] {dagbag.py:588} INFO - Filling up the DagBag from /home/tedubuamo/project/venv/lib/python3.12/site-packages/airflow/example_dags/example_setup_teardown.py
[2024-12-03T21:25:21.185+0700] {processor.py:925} INFO - DAG(s) 'example_setup_teardown' retrieved from /home/tedubuamo/project/venv/lib/python3.12/site-packages/airflow/example_dags/example_setup_teardown.py
[2024-12-03T21:25:21.202+0700] {logging_mixin.py:190} INFO - [2024-12-03T21:25:21.201+0700] {dag.py:3239} INFO - Sync 1 DAGs
[2024-12-03T21:25:21.212+0700] {logging_mixin.py:190} INFO - [2024-12-03T21:25:21.212+0700] {dag.py:4180} INFO - Setting next_dagrun for example_setup_teardown to None, run_after=None
[2024-12-03T21:25:21.233+0700] {processor.py:208} INFO - Processing /home/tedubuamo/project/venv/lib/python3.12/site-packages/airflow/example_dags/example_setup_teardown.py took 0.063 seconds
[2024-12-03T21:26:01.141+0700] {processor.py:186} INFO - Started process (PID=4500) to work on /home/tedubuamo/project/venv/lib/python3.12/site-packages/airflow/example_dags/example_setup_teardown.py
[2024-12-03T21:26:01.142+0700] {processor.py:914} INFO - Processing file /home/tedubuamo/project/venv/lib/python3.12/site-packages/airflow/example_dags/example_setup_teardown.py for tasks to queue
[2024-12-03T21:26:01.143+0700] {logging_mixin.py:190} INFO - [2024-12-03T21:26:01.143+0700] {dagbag.py:588} INFO - Filling up the DagBag from /home/tedubuamo/project/venv/lib/python3.12/site-packages/airflow/example_dags/example_setup_teardown.py
[2024-12-03T21:26:01.151+0700] {processor.py:925} INFO - DAG(s) 'example_setup_teardown' retrieved from /home/tedubuamo/project/venv/lib/python3.12/site-packages/airflow/example_dags/example_setup_teardown.py
[2024-12-03T21:26:01.163+0700] {logging_mixin.py:190} INFO - [2024-12-03T21:26:01.162+0700] {dag.py:3239} INFO - Sync 1 DAGs
[2024-12-03T21:26:01.172+0700] {logging_mixin.py:190} INFO - [2024-12-03T21:26:01.172+0700] {dag.py:4180} INFO - Setting next_dagrun for example_setup_teardown to None, run_after=None
[2024-12-03T21:26:01.190+0700] {processor.py:208} INFO - Processing /home/tedubuamo/project/venv/lib/python3.12/site-packages/airflow/example_dags/example_setup_teardown.py took 0.054 seconds
[2024-12-03T21:26:55.454+0700] {processor.py:186} INFO - Started process (PID=4558) to work on /home/tedubuamo/project/venv/lib/python3.12/site-packages/airflow/example_dags/example_setup_teardown.py
[2024-12-03T21:26:55.458+0700] {processor.py:914} INFO - Processing file /home/tedubuamo/project/venv/lib/python3.12/site-packages/airflow/example_dags/example_setup_teardown.py for tasks to queue
[2024-12-03T21:26:55.460+0700] {logging_mixin.py:190} INFO - [2024-12-03T21:26:55.459+0700] {dagbag.py:588} INFO - Filling up the DagBag from /home/tedubuamo/project/venv/lib/python3.12/site-packages/airflow/example_dags/example_setup_teardown.py
[2024-12-03T21:26:55.466+0700] {processor.py:925} INFO - DAG(s) 'example_setup_teardown' retrieved from /home/tedubuamo/project/venv/lib/python3.12/site-packages/airflow/example_dags/example_setup_teardown.py
[2024-12-03T21:26:55.478+0700] {logging_mixin.py:190} INFO - [2024-12-03T21:26:55.478+0700] {dag.py:3239} INFO - Sync 1 DAGs
[2024-12-03T21:26:55.488+0700] {logging_mixin.py:190} INFO - [2024-12-03T21:26:55.488+0700] {dag.py:4180} INFO - Setting next_dagrun for example_setup_teardown to None, run_after=None
[2024-12-03T21:26:55.506+0700] {processor.py:208} INFO - Processing /home/tedubuamo/project/venv/lib/python3.12/site-packages/airflow/example_dags/example_setup_teardown.py took 0.056 seconds
[2024-12-03T21:27:48.140+0700] {processor.py:186} INFO - Started process (PID=4629) to work on /home/tedubuamo/project/venv/lib/python3.12/site-packages/airflow/example_dags/example_setup_teardown.py
[2024-12-03T21:27:48.144+0700] {processor.py:914} INFO - Processing file /home/tedubuamo/project/venv/lib/python3.12/site-packages/airflow/example_dags/example_setup_teardown.py for tasks to queue
[2024-12-03T21:27:48.146+0700] {logging_mixin.py:190} INFO - [2024-12-03T21:27:48.145+0700] {dagbag.py:588} INFO - Filling up the DagBag from /home/tedubuamo/project/venv/lib/python3.12/site-packages/airflow/example_dags/example_setup_teardown.py
[2024-12-03T21:27:48.153+0700] {processor.py:925} INFO - DAG(s) 'example_setup_teardown' retrieved from /home/tedubuamo/project/venv/lib/python3.12/site-packages/airflow/example_dags/example_setup_teardown.py
[2024-12-03T21:27:48.167+0700] {logging_mixin.py:190} INFO - [2024-12-03T21:27:48.167+0700] {dag.py:3239} INFO - Sync 1 DAGs
[2024-12-03T21:27:48.177+0700] {logging_mixin.py:190} INFO - [2024-12-03T21:27:48.176+0700] {dag.py:4180} INFO - Setting next_dagrun for example_setup_teardown to None, run_after=None
[2024-12-03T21:27:48.199+0700] {processor.py:208} INFO - Processing /home/tedubuamo/project/venv/lib/python3.12/site-packages/airflow/example_dags/example_setup_teardown.py took 0.064 seconds
[2024-12-03T21:28:43.287+0700] {processor.py:186} INFO - Started process (PID=4698) to work on /home/tedubuamo/project/venv/lib/python3.12/site-packages/airflow/example_dags/example_setup_teardown.py
[2024-12-03T21:28:43.289+0700] {processor.py:914} INFO - Processing file /home/tedubuamo/project/venv/lib/python3.12/site-packages/airflow/example_dags/example_setup_teardown.py for tasks to queue
[2024-12-03T21:28:43.290+0700] {logging_mixin.py:190} INFO - [2024-12-03T21:28:43.290+0700] {dagbag.py:588} INFO - Filling up the DagBag from /home/tedubuamo/project/venv/lib/python3.12/site-packages/airflow/example_dags/example_setup_teardown.py
[2024-12-03T21:28:43.297+0700] {processor.py:925} INFO - DAG(s) 'example_setup_teardown' retrieved from /home/tedubuamo/project/venv/lib/python3.12/site-packages/airflow/example_dags/example_setup_teardown.py
[2024-12-03T21:28:43.308+0700] {logging_mixin.py:190} INFO - [2024-12-03T21:28:43.308+0700] {dag.py:3239} INFO - Sync 1 DAGs
[2024-12-03T21:28:43.317+0700] {logging_mixin.py:190} INFO - [2024-12-03T21:28:43.317+0700] {dag.py:4180} INFO - Setting next_dagrun for example_setup_teardown to None, run_after=None
[2024-12-03T21:28:43.336+0700] {processor.py:208} INFO - Processing /home/tedubuamo/project/venv/lib/python3.12/site-packages/airflow/example_dags/example_setup_teardown.py took 0.052 seconds
[2024-12-03T21:29:36.625+0700] {processor.py:186} INFO - Started process (PID=4826) to work on /home/tedubuamo/project/venv/lib/python3.12/site-packages/airflow/example_dags/example_setup_teardown.py
[2024-12-03T21:29:36.626+0700] {processor.py:914} INFO - Processing file /home/tedubuamo/project/venv/lib/python3.12/site-packages/airflow/example_dags/example_setup_teardown.py for tasks to queue
[2024-12-03T21:29:36.629+0700] {logging_mixin.py:190} INFO - [2024-12-03T21:29:36.629+0700] {dagbag.py:588} INFO - Filling up the DagBag from /home/tedubuamo/project/venv/lib/python3.12/site-packages/airflow/example_dags/example_setup_teardown.py
[2024-12-03T21:29:36.640+0700] {processor.py:925} INFO - DAG(s) 'example_setup_teardown' retrieved from /home/tedubuamo/project/venv/lib/python3.12/site-packages/airflow/example_dags/example_setup_teardown.py
[2024-12-03T21:29:36.656+0700] {logging_mixin.py:190} INFO - [2024-12-03T21:29:36.655+0700] {dag.py:3239} INFO - Sync 1 DAGs
[2024-12-03T21:29:36.670+0700] {logging_mixin.py:190} INFO - [2024-12-03T21:29:36.670+0700] {dag.py:4180} INFO - Setting next_dagrun for example_setup_teardown to None, run_after=None
[2024-12-03T21:29:36.701+0700] {processor.py:208} INFO - Processing /home/tedubuamo/project/venv/lib/python3.12/site-packages/airflow/example_dags/example_setup_teardown.py took 0.085 seconds
[2024-12-03T21:30:30.788+0700] {processor.py:186} INFO - Started process (PID=4885) to work on /home/tedubuamo/project/venv/lib/python3.12/site-packages/airflow/example_dags/example_setup_teardown.py
[2024-12-03T21:30:30.789+0700] {processor.py:914} INFO - Processing file /home/tedubuamo/project/venv/lib/python3.12/site-packages/airflow/example_dags/example_setup_teardown.py for tasks to queue
[2024-12-03T21:30:30.791+0700] {logging_mixin.py:190} INFO - [2024-12-03T21:30:30.791+0700] {dagbag.py:588} INFO - Filling up the DagBag from /home/tedubuamo/project/venv/lib/python3.12/site-packages/airflow/example_dags/example_setup_teardown.py
[2024-12-03T21:30:30.798+0700] {processor.py:925} INFO - DAG(s) 'example_setup_teardown' retrieved from /home/tedubuamo/project/venv/lib/python3.12/site-packages/airflow/example_dags/example_setup_teardown.py
[2024-12-03T21:30:30.809+0700] {logging_mixin.py:190} INFO - [2024-12-03T21:30:30.809+0700] {dag.py:3239} INFO - Sync 1 DAGs
[2024-12-03T21:30:30.818+0700] {logging_mixin.py:190} INFO - [2024-12-03T21:30:30.818+0700] {dag.py:4180} INFO - Setting next_dagrun for example_setup_teardown to None, run_after=None
[2024-12-03T21:30:30.835+0700] {processor.py:208} INFO - Processing /home/tedubuamo/project/venv/lib/python3.12/site-packages/airflow/example_dags/example_setup_teardown.py took 0.050 seconds
[2024-12-03T21:31:25.384+0700] {processor.py:186} INFO - Started process (PID=4959) to work on /home/tedubuamo/project/venv/lib/python3.12/site-packages/airflow/example_dags/example_setup_teardown.py
[2024-12-03T21:31:25.387+0700] {processor.py:914} INFO - Processing file /home/tedubuamo/project/venv/lib/python3.12/site-packages/airflow/example_dags/example_setup_teardown.py for tasks to queue
[2024-12-03T21:31:25.389+0700] {logging_mixin.py:190} INFO - [2024-12-03T21:31:25.389+0700] {dagbag.py:588} INFO - Filling up the DagBag from /home/tedubuamo/project/venv/lib/python3.12/site-packages/airflow/example_dags/example_setup_teardown.py
[2024-12-03T21:31:25.395+0700] {processor.py:925} INFO - DAG(s) 'example_setup_teardown' retrieved from /home/tedubuamo/project/venv/lib/python3.12/site-packages/airflow/example_dags/example_setup_teardown.py
[2024-12-03T21:31:25.406+0700] {logging_mixin.py:190} INFO - [2024-12-03T21:31:25.405+0700] {dag.py:3239} INFO - Sync 1 DAGs
[2024-12-03T21:31:25.414+0700] {logging_mixin.py:190} INFO - [2024-12-03T21:31:25.414+0700] {dag.py:4180} INFO - Setting next_dagrun for example_setup_teardown to None, run_after=None
[2024-12-03T21:31:25.432+0700] {processor.py:208} INFO - Processing /home/tedubuamo/project/venv/lib/python3.12/site-packages/airflow/example_dags/example_setup_teardown.py took 0.052 seconds
