[2024-12-03T20:46:45.465+0700] {processor.py:186} INFO - Started process (PID=1197) to work on /home/tedubuamo/project/venv/lib/python3.12/site-packages/airflow/example_dags/example_kubernetes_executor.py
[2024-12-03T20:46:45.466+0700] {processor.py:914} INFO - Processing file /home/tedubuamo/project/venv/lib/python3.12/site-packages/airflow/example_dags/example_kubernetes_executor.py for tasks to queue
[2024-12-03T20:46:45.467+0700] {logging_mixin.py:190} INFO - [2024-12-03T20:46:45.467+0700] {dagbag.py:588} INFO - Filling up the DagBag from /home/tedubuamo/project/venv/lib/python3.12/site-packages/airflow/example_dags/example_kubernetes_executor.py
[2024-12-03T20:46:45.469+0700] {logging_mixin.py:190} INFO - [2024-12-03T20:46:45.469+0700] {example_kubernetes_executor.py:39} WARNING - The example_kubernetes_executor example DAG requires the kubernetes provider. Please install it with: pip install apache-airflow[cncf.kubernetes]
[2024-12-03T20:46:45.470+0700] {processor.py:927} WARNING - No viable dags retrieved from /home/tedubuamo/project/venv/lib/python3.12/site-packages/airflow/example_dags/example_kubernetes_executor.py
[2024-12-03T20:46:45.515+0700] {processor.py:208} INFO - Processing /home/tedubuamo/project/venv/lib/python3.12/site-packages/airflow/example_dags/example_kubernetes_executor.py took 0.053 seconds
[2024-12-03T20:57:20.054+0700] {processor.py:186} INFO - Started process (PID=1616) to work on /home/tedubuamo/project/venv/lib/python3.12/site-packages/airflow/example_dags/example_kubernetes_executor.py
[2024-12-03T20:57:20.058+0700] {processor.py:914} INFO - Processing file /home/tedubuamo/project/venv/lib/python3.12/site-packages/airflow/example_dags/example_kubernetes_executor.py for tasks to queue
[2024-12-03T20:57:20.060+0700] {logging_mixin.py:190} INFO - [2024-12-03T20:57:20.059+0700] {dagbag.py:588} INFO - Filling up the DagBag from /home/tedubuamo/project/venv/lib/python3.12/site-packages/airflow/example_dags/example_kubernetes_executor.py
[2024-12-03T20:57:20.063+0700] {logging_mixin.py:190} INFO - [2024-12-03T20:57:20.063+0700] {example_kubernetes_executor.py:39} WARNING - The example_kubernetes_executor example DAG requires the kubernetes provider. Please install it with: pip install apache-airflow[cncf.kubernetes]
[2024-12-03T20:57:20.063+0700] {processor.py:927} WARNING - No viable dags retrieved from /home/tedubuamo/project/venv/lib/python3.12/site-packages/airflow/example_dags/example_kubernetes_executor.py
[2024-12-03T20:57:20.072+0700] {processor.py:208} INFO - Processing /home/tedubuamo/project/venv/lib/python3.12/site-packages/airflow/example_dags/example_kubernetes_executor.py took 0.023 seconds
[2024-12-03T20:58:19.422+0700] {processor.py:186} INFO - Started process (PID=1673) to work on /home/tedubuamo/project/venv/lib/python3.12/site-packages/airflow/example_dags/example_kubernetes_executor.py
[2024-12-03T20:58:19.423+0700] {processor.py:914} INFO - Processing file /home/tedubuamo/project/venv/lib/python3.12/site-packages/airflow/example_dags/example_kubernetes_executor.py for tasks to queue
[2024-12-03T20:58:19.425+0700] {logging_mixin.py:190} INFO - [2024-12-03T20:58:19.424+0700] {dagbag.py:588} INFO - Filling up the DagBag from /home/tedubuamo/project/venv/lib/python3.12/site-packages/airflow/example_dags/example_kubernetes_executor.py
[2024-12-03T20:58:19.426+0700] {logging_mixin.py:190} INFO - [2024-12-03T20:58:19.426+0700] {example_kubernetes_executor.py:39} WARNING - The example_kubernetes_executor example DAG requires the kubernetes provider. Please install it with: pip install apache-airflow[cncf.kubernetes]
[2024-12-03T20:58:19.427+0700] {processor.py:927} WARNING - No viable dags retrieved from /home/tedubuamo/project/venv/lib/python3.12/site-packages/airflow/example_dags/example_kubernetes_executor.py
[2024-12-03T20:58:19.434+0700] {processor.py:208} INFO - Processing /home/tedubuamo/project/venv/lib/python3.12/site-packages/airflow/example_dags/example_kubernetes_executor.py took 0.016 seconds
[2024-12-03T20:59:13.680+0700] {processor.py:186} INFO - Started process (PID=1728) to work on /home/tedubuamo/project/venv/lib/python3.12/site-packages/airflow/example_dags/example_kubernetes_executor.py
[2024-12-03T20:59:13.684+0700] {processor.py:914} INFO - Processing file /home/tedubuamo/project/venv/lib/python3.12/site-packages/airflow/example_dags/example_kubernetes_executor.py for tasks to queue
[2024-12-03T20:59:13.685+0700] {logging_mixin.py:190} INFO - [2024-12-03T20:59:13.685+0700] {dagbag.py:588} INFO - Filling up the DagBag from /home/tedubuamo/project/venv/lib/python3.12/site-packages/airflow/example_dags/example_kubernetes_executor.py
[2024-12-03T20:59:13.688+0700] {logging_mixin.py:190} INFO - [2024-12-03T20:59:13.687+0700] {example_kubernetes_executor.py:39} WARNING - The example_kubernetes_executor example DAG requires the kubernetes provider. Please install it with: pip install apache-airflow[cncf.kubernetes]
[2024-12-03T20:59:13.688+0700] {processor.py:927} WARNING - No viable dags retrieved from /home/tedubuamo/project/venv/lib/python3.12/site-packages/airflow/example_dags/example_kubernetes_executor.py
[2024-12-03T20:59:13.695+0700] {processor.py:208} INFO - Processing /home/tedubuamo/project/venv/lib/python3.12/site-packages/airflow/example_dags/example_kubernetes_executor.py took 0.018 seconds
[2024-12-03T21:00:01.806+0700] {processor.py:186} INFO - Started process (PID=1778) to work on /home/tedubuamo/project/venv/lib/python3.12/site-packages/airflow/example_dags/example_kubernetes_executor.py
[2024-12-03T21:00:01.809+0700] {processor.py:914} INFO - Processing file /home/tedubuamo/project/venv/lib/python3.12/site-packages/airflow/example_dags/example_kubernetes_executor.py for tasks to queue
[2024-12-03T21:00:01.811+0700] {logging_mixin.py:190} INFO - [2024-12-03T21:00:01.811+0700] {dagbag.py:588} INFO - Filling up the DagBag from /home/tedubuamo/project/venv/lib/python3.12/site-packages/airflow/example_dags/example_kubernetes_executor.py
[2024-12-03T21:00:01.813+0700] {logging_mixin.py:190} INFO - [2024-12-03T21:00:01.813+0700] {example_kubernetes_executor.py:39} WARNING - The example_kubernetes_executor example DAG requires the kubernetes provider. Please install it with: pip install apache-airflow[cncf.kubernetes]
[2024-12-03T21:00:01.814+0700] {processor.py:927} WARNING - No viable dags retrieved from /home/tedubuamo/project/venv/lib/python3.12/site-packages/airflow/example_dags/example_kubernetes_executor.py
[2024-12-03T21:00:01.821+0700] {processor.py:208} INFO - Processing /home/tedubuamo/project/venv/lib/python3.12/site-packages/airflow/example_dags/example_kubernetes_executor.py took 0.020 seconds
[2024-12-03T21:00:53.820+0700] {processor.py:186} INFO - Started process (PID=1832) to work on /home/tedubuamo/project/venv/lib/python3.12/site-packages/airflow/example_dags/example_kubernetes_executor.py
[2024-12-03T21:00:53.872+0700] {processor.py:914} INFO - Processing file /home/tedubuamo/project/venv/lib/python3.12/site-packages/airflow/example_dags/example_kubernetes_executor.py for tasks to queue
[2024-12-03T21:00:53.874+0700] {logging_mixin.py:190} INFO - [2024-12-03T21:00:53.873+0700] {dagbag.py:588} INFO - Filling up the DagBag from /home/tedubuamo/project/venv/lib/python3.12/site-packages/airflow/example_dags/example_kubernetes_executor.py
[2024-12-03T21:00:53.876+0700] {logging_mixin.py:190} INFO - [2024-12-03T21:00:53.876+0700] {example_kubernetes_executor.py:39} WARNING - The example_kubernetes_executor example DAG requires the kubernetes provider. Please install it with: pip install apache-airflow[cncf.kubernetes]
[2024-12-03T21:00:53.876+0700] {processor.py:927} WARNING - No viable dags retrieved from /home/tedubuamo/project/venv/lib/python3.12/site-packages/airflow/example_dags/example_kubernetes_executor.py
[2024-12-03T21:00:53.883+0700] {processor.py:208} INFO - Processing /home/tedubuamo/project/venv/lib/python3.12/site-packages/airflow/example_dags/example_kubernetes_executor.py took 0.066 seconds
[2024-12-03T21:04:50.751+0700] {processor.py:186} INFO - Started process (PID=1992) to work on /home/tedubuamo/project/venv/lib/python3.12/site-packages/airflow/example_dags/example_kubernetes_executor.py
[2024-12-03T21:04:50.754+0700] {processor.py:914} INFO - Processing file /home/tedubuamo/project/venv/lib/python3.12/site-packages/airflow/example_dags/example_kubernetes_executor.py for tasks to queue
[2024-12-03T21:04:50.756+0700] {logging_mixin.py:190} INFO - [2024-12-03T21:04:50.755+0700] {dagbag.py:588} INFO - Filling up the DagBag from /home/tedubuamo/project/venv/lib/python3.12/site-packages/airflow/example_dags/example_kubernetes_executor.py
[2024-12-03T21:04:50.758+0700] {logging_mixin.py:190} INFO - [2024-12-03T21:04:50.757+0700] {example_kubernetes_executor.py:39} WARNING - The example_kubernetes_executor example DAG requires the kubernetes provider. Please install it with: pip install apache-airflow[cncf.kubernetes]
[2024-12-03T21:04:50.758+0700] {processor.py:927} WARNING - No viable dags retrieved from /home/tedubuamo/project/venv/lib/python3.12/site-packages/airflow/example_dags/example_kubernetes_executor.py
[2024-12-03T21:04:50.764+0700] {processor.py:208} INFO - Processing /home/tedubuamo/project/venv/lib/python3.12/site-packages/airflow/example_dags/example_kubernetes_executor.py took 0.017 seconds
[2024-12-03T21:05:45.797+0700] {processor.py:186} INFO - Started process (PID=2119) to work on /home/tedubuamo/project/venv/lib/python3.12/site-packages/airflow/example_dags/example_kubernetes_executor.py
[2024-12-03T21:05:45.815+0700] {processor.py:914} INFO - Processing file /home/tedubuamo/project/venv/lib/python3.12/site-packages/airflow/example_dags/example_kubernetes_executor.py for tasks to queue
[2024-12-03T21:05:45.817+0700] {logging_mixin.py:190} INFO - [2024-12-03T21:05:45.817+0700] {dagbag.py:588} INFO - Filling up the DagBag from /home/tedubuamo/project/venv/lib/python3.12/site-packages/airflow/example_dags/example_kubernetes_executor.py
[2024-12-03T21:05:45.820+0700] {logging_mixin.py:190} INFO - [2024-12-03T21:05:45.820+0700] {example_kubernetes_executor.py:39} WARNING - The example_kubernetes_executor example DAG requires the kubernetes provider. Please install it with: pip install apache-airflow[cncf.kubernetes]
[2024-12-03T21:05:45.821+0700] {processor.py:927} WARNING - No viable dags retrieved from /home/tedubuamo/project/venv/lib/python3.12/site-packages/airflow/example_dags/example_kubernetes_executor.py
[2024-12-03T21:05:45.837+0700] {processor.py:208} INFO - Processing /home/tedubuamo/project/venv/lib/python3.12/site-packages/airflow/example_dags/example_kubernetes_executor.py took 0.043 seconds
[2024-12-03T21:05:45.970+0700] {processor.py:186} INFO - Started process (PID=2120) to work on /home/tedubuamo/project/venv/lib/python3.12/site-packages/airflow/example_dags/example_kubernetes_executor.py
[2024-12-03T21:05:45.971+0700] {processor.py:914} INFO - Processing file /home/tedubuamo/project/venv/lib/python3.12/site-packages/airflow/example_dags/example_kubernetes_executor.py for tasks to queue
[2024-12-03T21:05:45.973+0700] {logging_mixin.py:190} INFO - [2024-12-03T21:05:45.972+0700] {dagbag.py:588} INFO - Filling up the DagBag from /home/tedubuamo/project/venv/lib/python3.12/site-packages/airflow/example_dags/example_kubernetes_executor.py
[2024-12-03T21:05:45.975+0700] {logging_mixin.py:190} INFO - [2024-12-03T21:05:45.975+0700] {example_kubernetes_executor.py:39} WARNING - The example_kubernetes_executor example DAG requires the kubernetes provider. Please install it with: pip install apache-airflow[cncf.kubernetes]
[2024-12-03T21:05:45.976+0700] {processor.py:927} WARNING - No viable dags retrieved from /home/tedubuamo/project/venv/lib/python3.12/site-packages/airflow/example_dags/example_kubernetes_executor.py
[2024-12-03T21:05:45.985+0700] {processor.py:208} INFO - Processing /home/tedubuamo/project/venv/lib/python3.12/site-packages/airflow/example_dags/example_kubernetes_executor.py took 0.021 seconds
[2024-12-03T21:06:36.398+0700] {processor.py:186} INFO - Started process (PID=2224) to work on /home/tedubuamo/project/venv/lib/python3.12/site-packages/airflow/example_dags/example_kubernetes_executor.py
[2024-12-03T21:06:36.399+0700] {processor.py:914} INFO - Processing file /home/tedubuamo/project/venv/lib/python3.12/site-packages/airflow/example_dags/example_kubernetes_executor.py for tasks to queue
[2024-12-03T21:06:36.401+0700] {logging_mixin.py:190} INFO - [2024-12-03T21:06:36.401+0700] {dagbag.py:588} INFO - Filling up the DagBag from /home/tedubuamo/project/venv/lib/python3.12/site-packages/airflow/example_dags/example_kubernetes_executor.py
[2024-12-03T21:06:36.403+0700] {logging_mixin.py:190} INFO - [2024-12-03T21:06:36.403+0700] {example_kubernetes_executor.py:39} WARNING - The example_kubernetes_executor example DAG requires the kubernetes provider. Please install it with: pip install apache-airflow[cncf.kubernetes]
[2024-12-03T21:06:36.403+0700] {processor.py:927} WARNING - No viable dags retrieved from /home/tedubuamo/project/venv/lib/python3.12/site-packages/airflow/example_dags/example_kubernetes_executor.py
[2024-12-03T21:06:36.411+0700] {processor.py:208} INFO - Processing /home/tedubuamo/project/venv/lib/python3.12/site-packages/airflow/example_dags/example_kubernetes_executor.py took 0.017 seconds
[2024-12-03T21:06:42.960+0700] {processor.py:186} INFO - Started process (PID=2237) to work on /home/tedubuamo/project/venv/lib/python3.12/site-packages/airflow/example_dags/example_kubernetes_executor.py
[2024-12-03T21:06:42.964+0700] {processor.py:914} INFO - Processing file /home/tedubuamo/project/venv/lib/python3.12/site-packages/airflow/example_dags/example_kubernetes_executor.py for tasks to queue
[2024-12-03T21:06:42.965+0700] {logging_mixin.py:190} INFO - [2024-12-03T21:06:42.965+0700] {dagbag.py:588} INFO - Filling up the DagBag from /home/tedubuamo/project/venv/lib/python3.12/site-packages/airflow/example_dags/example_kubernetes_executor.py
[2024-12-03T21:06:42.967+0700] {logging_mixin.py:190} INFO - [2024-12-03T21:06:42.967+0700] {example_kubernetes_executor.py:39} WARNING - The example_kubernetes_executor example DAG requires the kubernetes provider. Please install it with: pip install apache-airflow[cncf.kubernetes]
[2024-12-03T21:06:42.967+0700] {processor.py:927} WARNING - No viable dags retrieved from /home/tedubuamo/project/venv/lib/python3.12/site-packages/airflow/example_dags/example_kubernetes_executor.py
[2024-12-03T21:06:42.975+0700] {processor.py:208} INFO - Processing /home/tedubuamo/project/venv/lib/python3.12/site-packages/airflow/example_dags/example_kubernetes_executor.py took 0.018 seconds
[2024-12-03T21:07:30.406+0700] {processor.py:186} INFO - Started process (PID=2431) to work on /home/tedubuamo/project/venv/lib/python3.12/site-packages/airflow/example_dags/example_kubernetes_executor.py
[2024-12-03T21:07:30.409+0700] {processor.py:914} INFO - Processing file /home/tedubuamo/project/venv/lib/python3.12/site-packages/airflow/example_dags/example_kubernetes_executor.py for tasks to queue
[2024-12-03T21:07:30.410+0700] {logging_mixin.py:190} INFO - [2024-12-03T21:07:30.410+0700] {dagbag.py:588} INFO - Filling up the DagBag from /home/tedubuamo/project/venv/lib/python3.12/site-packages/airflow/example_dags/example_kubernetes_executor.py
[2024-12-03T21:07:30.412+0700] {logging_mixin.py:190} INFO - [2024-12-03T21:07:30.412+0700] {example_kubernetes_executor.py:39} WARNING - The example_kubernetes_executor example DAG requires the kubernetes provider. Please install it with: pip install apache-airflow[cncf.kubernetes]
[2024-12-03T21:07:30.413+0700] {processor.py:927} WARNING - No viable dags retrieved from /home/tedubuamo/project/venv/lib/python3.12/site-packages/airflow/example_dags/example_kubernetes_executor.py
[2024-12-03T21:07:30.420+0700] {processor.py:208} INFO - Processing /home/tedubuamo/project/venv/lib/python3.12/site-packages/airflow/example_dags/example_kubernetes_executor.py took 0.017 seconds
[2024-12-03T21:07:31.023+0700] {processor.py:186} INFO - Started process (PID=2433) to work on /home/tedubuamo/project/venv/lib/python3.12/site-packages/airflow/example_dags/example_kubernetes_executor.py
[2024-12-03T21:07:31.025+0700] {processor.py:914} INFO - Processing file /home/tedubuamo/project/venv/lib/python3.12/site-packages/airflow/example_dags/example_kubernetes_executor.py for tasks to queue
[2024-12-03T21:07:31.029+0700] {logging_mixin.py:190} INFO - [2024-12-03T21:07:31.029+0700] {dagbag.py:588} INFO - Filling up the DagBag from /home/tedubuamo/project/venv/lib/python3.12/site-packages/airflow/example_dags/example_kubernetes_executor.py
[2024-12-03T21:07:31.034+0700] {logging_mixin.py:190} INFO - [2024-12-03T21:07:31.034+0700] {example_kubernetes_executor.py:39} WARNING - The example_kubernetes_executor example DAG requires the kubernetes provider. Please install it with: pip install apache-airflow[cncf.kubernetes]
[2024-12-03T21:07:31.035+0700] {processor.py:927} WARNING - No viable dags retrieved from /home/tedubuamo/project/venv/lib/python3.12/site-packages/airflow/example_dags/example_kubernetes_executor.py
[2024-12-03T21:07:31.045+0700] {processor.py:208} INFO - Processing /home/tedubuamo/project/venv/lib/python3.12/site-packages/airflow/example_dags/example_kubernetes_executor.py took 0.028 seconds
[2024-12-03T21:08:20.030+0700] {processor.py:186} INFO - Started process (PID=2534) to work on /home/tedubuamo/project/venv/lib/python3.12/site-packages/airflow/example_dags/example_kubernetes_executor.py
[2024-12-03T21:08:20.032+0700] {processor.py:914} INFO - Processing file /home/tedubuamo/project/venv/lib/python3.12/site-packages/airflow/example_dags/example_kubernetes_executor.py for tasks to queue
[2024-12-03T21:08:20.034+0700] {logging_mixin.py:190} INFO - [2024-12-03T21:08:20.033+0700] {dagbag.py:588} INFO - Filling up the DagBag from /home/tedubuamo/project/venv/lib/python3.12/site-packages/airflow/example_dags/example_kubernetes_executor.py
[2024-12-03T21:08:20.037+0700] {logging_mixin.py:190} INFO - [2024-12-03T21:08:20.037+0700] {example_kubernetes_executor.py:39} WARNING - The example_kubernetes_executor example DAG requires the kubernetes provider. Please install it with: pip install apache-airflow[cncf.kubernetes]
[2024-12-03T21:08:20.037+0700] {processor.py:927} WARNING - No viable dags retrieved from /home/tedubuamo/project/venv/lib/python3.12/site-packages/airflow/example_dags/example_kubernetes_executor.py
[2024-12-03T21:08:20.049+0700] {processor.py:208} INFO - Processing /home/tedubuamo/project/venv/lib/python3.12/site-packages/airflow/example_dags/example_kubernetes_executor.py took 0.024 seconds
[2024-12-03T21:08:21.371+0700] {processor.py:186} INFO - Started process (PID=2537) to work on /home/tedubuamo/project/venv/lib/python3.12/site-packages/airflow/example_dags/example_kubernetes_executor.py
[2024-12-03T21:08:21.372+0700] {processor.py:914} INFO - Processing file /home/tedubuamo/project/venv/lib/python3.12/site-packages/airflow/example_dags/example_kubernetes_executor.py for tasks to queue
[2024-12-03T21:08:21.373+0700] {logging_mixin.py:190} INFO - [2024-12-03T21:08:21.373+0700] {dagbag.py:588} INFO - Filling up the DagBag from /home/tedubuamo/project/venv/lib/python3.12/site-packages/airflow/example_dags/example_kubernetes_executor.py
[2024-12-03T21:08:21.376+0700] {logging_mixin.py:190} INFO - [2024-12-03T21:08:21.375+0700] {example_kubernetes_executor.py:39} WARNING - The example_kubernetes_executor example DAG requires the kubernetes provider. Please install it with: pip install apache-airflow[cncf.kubernetes]
[2024-12-03T21:08:21.376+0700] {processor.py:927} WARNING - No viable dags retrieved from /home/tedubuamo/project/venv/lib/python3.12/site-packages/airflow/example_dags/example_kubernetes_executor.py
[2024-12-03T21:08:21.383+0700] {processor.py:208} INFO - Processing /home/tedubuamo/project/venv/lib/python3.12/site-packages/airflow/example_dags/example_kubernetes_executor.py took 0.016 seconds
[2024-12-03T21:09:12.698+0700] {processor.py:186} INFO - Started process (PID=2641) to work on /home/tedubuamo/project/venv/lib/python3.12/site-packages/airflow/example_dags/example_kubernetes_executor.py
[2024-12-03T21:09:12.700+0700] {processor.py:914} INFO - Processing file /home/tedubuamo/project/venv/lib/python3.12/site-packages/airflow/example_dags/example_kubernetes_executor.py for tasks to queue
[2024-12-03T21:09:12.702+0700] {logging_mixin.py:190} INFO - [2024-12-03T21:09:12.701+0700] {dagbag.py:588} INFO - Filling up the DagBag from /home/tedubuamo/project/venv/lib/python3.12/site-packages/airflow/example_dags/example_kubernetes_executor.py
[2024-12-03T21:09:12.704+0700] {logging_mixin.py:190} INFO - [2024-12-03T21:09:12.703+0700] {example_kubernetes_executor.py:39} WARNING - The example_kubernetes_executor example DAG requires the kubernetes provider. Please install it with: pip install apache-airflow[cncf.kubernetes]
[2024-12-03T21:09:12.704+0700] {processor.py:927} WARNING - No viable dags retrieved from /home/tedubuamo/project/venv/lib/python3.12/site-packages/airflow/example_dags/example_kubernetes_executor.py
[2024-12-03T21:09:12.711+0700] {processor.py:208} INFO - Processing /home/tedubuamo/project/venv/lib/python3.12/site-packages/airflow/example_dags/example_kubernetes_executor.py took 0.017 seconds
[2024-12-03T21:09:15.387+0700] {processor.py:186} INFO - Started process (PID=2647) to work on /home/tedubuamo/project/venv/lib/python3.12/site-packages/airflow/example_dags/example_kubernetes_executor.py
[2024-12-03T21:09:15.387+0700] {processor.py:914} INFO - Processing file /home/tedubuamo/project/venv/lib/python3.12/site-packages/airflow/example_dags/example_kubernetes_executor.py for tasks to queue
[2024-12-03T21:09:15.389+0700] {logging_mixin.py:190} INFO - [2024-12-03T21:09:15.389+0700] {dagbag.py:588} INFO - Filling up the DagBag from /home/tedubuamo/project/venv/lib/python3.12/site-packages/airflow/example_dags/example_kubernetes_executor.py
[2024-12-03T21:09:15.391+0700] {logging_mixin.py:190} INFO - [2024-12-03T21:09:15.391+0700] {example_kubernetes_executor.py:39} WARNING - The example_kubernetes_executor example DAG requires the kubernetes provider. Please install it with: pip install apache-airflow[cncf.kubernetes]
[2024-12-03T21:09:15.391+0700] {processor.py:927} WARNING - No viable dags retrieved from /home/tedubuamo/project/venv/lib/python3.12/site-packages/airflow/example_dags/example_kubernetes_executor.py
[2024-12-03T21:09:15.398+0700] {processor.py:208} INFO - Processing /home/tedubuamo/project/venv/lib/python3.12/site-packages/airflow/example_dags/example_kubernetes_executor.py took 0.015 seconds
[2024-12-03T21:10:03.071+0700] {processor.py:186} INFO - Started process (PID=2746) to work on /home/tedubuamo/project/venv/lib/python3.12/site-packages/airflow/example_dags/example_kubernetes_executor.py
[2024-12-03T21:10:03.073+0700] {processor.py:914} INFO - Processing file /home/tedubuamo/project/venv/lib/python3.12/site-packages/airflow/example_dags/example_kubernetes_executor.py for tasks to queue
[2024-12-03T21:10:03.075+0700] {logging_mixin.py:190} INFO - [2024-12-03T21:10:03.074+0700] {dagbag.py:588} INFO - Filling up the DagBag from /home/tedubuamo/project/venv/lib/python3.12/site-packages/airflow/example_dags/example_kubernetes_executor.py
[2024-12-03T21:10:03.077+0700] {logging_mixin.py:190} INFO - [2024-12-03T21:10:03.076+0700] {example_kubernetes_executor.py:39} WARNING - The example_kubernetes_executor example DAG requires the kubernetes provider. Please install it with: pip install apache-airflow[cncf.kubernetes]
[2024-12-03T21:10:03.077+0700] {processor.py:927} WARNING - No viable dags retrieved from /home/tedubuamo/project/venv/lib/python3.12/site-packages/airflow/example_dags/example_kubernetes_executor.py
[2024-12-03T21:10:03.083+0700] {processor.py:208} INFO - Processing /home/tedubuamo/project/venv/lib/python3.12/site-packages/airflow/example_dags/example_kubernetes_executor.py took 0.016 seconds
[2024-12-03T21:10:04.476+0700] {processor.py:186} INFO - Started process (PID=2749) to work on /home/tedubuamo/project/venv/lib/python3.12/site-packages/airflow/example_dags/example_kubernetes_executor.py
[2024-12-03T21:10:04.476+0700] {processor.py:914} INFO - Processing file /home/tedubuamo/project/venv/lib/python3.12/site-packages/airflow/example_dags/example_kubernetes_executor.py for tasks to queue
[2024-12-03T21:10:04.478+0700] {logging_mixin.py:190} INFO - [2024-12-03T21:10:04.478+0700] {dagbag.py:588} INFO - Filling up the DagBag from /home/tedubuamo/project/venv/lib/python3.12/site-packages/airflow/example_dags/example_kubernetes_executor.py
[2024-12-03T21:10:04.480+0700] {logging_mixin.py:190} INFO - [2024-12-03T21:10:04.480+0700] {example_kubernetes_executor.py:39} WARNING - The example_kubernetes_executor example DAG requires the kubernetes provider. Please install it with: pip install apache-airflow[cncf.kubernetes]
[2024-12-03T21:10:04.480+0700] {processor.py:927} WARNING - No viable dags retrieved from /home/tedubuamo/project/venv/lib/python3.12/site-packages/airflow/example_dags/example_kubernetes_executor.py
[2024-12-03T21:10:04.489+0700] {processor.py:208} INFO - Processing /home/tedubuamo/project/venv/lib/python3.12/site-packages/airflow/example_dags/example_kubernetes_executor.py took 0.017 seconds
[2024-12-03T21:10:54.402+0700] {processor.py:186} INFO - Started process (PID=2850) to work on /home/tedubuamo/project/venv/lib/python3.12/site-packages/airflow/example_dags/example_kubernetes_executor.py
[2024-12-03T21:10:54.404+0700] {processor.py:914} INFO - Processing file /home/tedubuamo/project/venv/lib/python3.12/site-packages/airflow/example_dags/example_kubernetes_executor.py for tasks to queue
[2024-12-03T21:10:54.408+0700] {logging_mixin.py:190} INFO - [2024-12-03T21:10:54.407+0700] {dagbag.py:588} INFO - Filling up the DagBag from /home/tedubuamo/project/venv/lib/python3.12/site-packages/airflow/example_dags/example_kubernetes_executor.py
[2024-12-03T21:10:54.412+0700] {logging_mixin.py:190} INFO - [2024-12-03T21:10:54.412+0700] {example_kubernetes_executor.py:39} WARNING - The example_kubernetes_executor example DAG requires the kubernetes provider. Please install it with: pip install apache-airflow[cncf.kubernetes]
[2024-12-03T21:10:54.412+0700] {processor.py:927} WARNING - No viable dags retrieved from /home/tedubuamo/project/venv/lib/python3.12/site-packages/airflow/example_dags/example_kubernetes_executor.py
[2024-12-03T21:10:54.422+0700] {processor.py:208} INFO - Processing /home/tedubuamo/project/venv/lib/python3.12/site-packages/airflow/example_dags/example_kubernetes_executor.py took 0.026 seconds
[2024-12-03T21:10:56.992+0700] {processor.py:186} INFO - Started process (PID=2855) to work on /home/tedubuamo/project/venv/lib/python3.12/site-packages/airflow/example_dags/example_kubernetes_executor.py
[2024-12-03T21:10:56.992+0700] {processor.py:914} INFO - Processing file /home/tedubuamo/project/venv/lib/python3.12/site-packages/airflow/example_dags/example_kubernetes_executor.py for tasks to queue
[2024-12-03T21:10:56.994+0700] {logging_mixin.py:190} INFO - [2024-12-03T21:10:56.994+0700] {dagbag.py:588} INFO - Filling up the DagBag from /home/tedubuamo/project/venv/lib/python3.12/site-packages/airflow/example_dags/example_kubernetes_executor.py
[2024-12-03T21:10:56.998+0700] {logging_mixin.py:190} INFO - [2024-12-03T21:10:56.998+0700] {example_kubernetes_executor.py:39} WARNING - The example_kubernetes_executor example DAG requires the kubernetes provider. Please install it with: pip install apache-airflow[cncf.kubernetes]
[2024-12-03T21:10:56.998+0700] {processor.py:927} WARNING - No viable dags retrieved from /home/tedubuamo/project/venv/lib/python3.12/site-packages/airflow/example_dags/example_kubernetes_executor.py
[2024-12-03T21:10:57.009+0700] {processor.py:208} INFO - Processing /home/tedubuamo/project/venv/lib/python3.12/site-packages/airflow/example_dags/example_kubernetes_executor.py took 0.024 seconds
[2024-12-03T21:11:48.029+0700] {processor.py:186} INFO - Started process (PID=2961) to work on /home/tedubuamo/project/venv/lib/python3.12/site-packages/airflow/example_dags/example_kubernetes_executor.py
[2024-12-03T21:11:48.030+0700] {processor.py:914} INFO - Processing file /home/tedubuamo/project/venv/lib/python3.12/site-packages/airflow/example_dags/example_kubernetes_executor.py for tasks to queue
[2024-12-03T21:11:48.031+0700] {logging_mixin.py:190} INFO - [2024-12-03T21:11:48.031+0700] {dagbag.py:588} INFO - Filling up the DagBag from /home/tedubuamo/project/venv/lib/python3.12/site-packages/airflow/example_dags/example_kubernetes_executor.py
[2024-12-03T21:11:48.033+0700] {logging_mixin.py:190} INFO - [2024-12-03T21:11:48.033+0700] {example_kubernetes_executor.py:39} WARNING - The example_kubernetes_executor example DAG requires the kubernetes provider. Please install it with: pip install apache-airflow[cncf.kubernetes]
[2024-12-03T21:11:48.033+0700] {processor.py:927} WARNING - No viable dags retrieved from /home/tedubuamo/project/venv/lib/python3.12/site-packages/airflow/example_dags/example_kubernetes_executor.py
[2024-12-03T21:11:48.040+0700] {processor.py:208} INFO - Processing /home/tedubuamo/project/venv/lib/python3.12/site-packages/airflow/example_dags/example_kubernetes_executor.py took 0.015 seconds
[2024-12-03T21:11:49.209+0700] {processor.py:186} INFO - Started process (PID=2965) to work on /home/tedubuamo/project/venv/lib/python3.12/site-packages/airflow/example_dags/example_kubernetes_executor.py
[2024-12-03T21:11:49.210+0700] {processor.py:914} INFO - Processing file /home/tedubuamo/project/venv/lib/python3.12/site-packages/airflow/example_dags/example_kubernetes_executor.py for tasks to queue
[2024-12-03T21:11:49.212+0700] {logging_mixin.py:190} INFO - [2024-12-03T21:11:49.211+0700] {dagbag.py:588} INFO - Filling up the DagBag from /home/tedubuamo/project/venv/lib/python3.12/site-packages/airflow/example_dags/example_kubernetes_executor.py
[2024-12-03T21:11:49.214+0700] {logging_mixin.py:190} INFO - [2024-12-03T21:11:49.214+0700] {example_kubernetes_executor.py:39} WARNING - The example_kubernetes_executor example DAG requires the kubernetes provider. Please install it with: pip install apache-airflow[cncf.kubernetes]
[2024-12-03T21:11:49.214+0700] {processor.py:927} WARNING - No viable dags retrieved from /home/tedubuamo/project/venv/lib/python3.12/site-packages/airflow/example_dags/example_kubernetes_executor.py
[2024-12-03T21:11:49.220+0700] {processor.py:208} INFO - Processing /home/tedubuamo/project/venv/lib/python3.12/site-packages/airflow/example_dags/example_kubernetes_executor.py took 0.015 seconds
[2024-12-03T21:12:38.604+0700] {processor.py:186} INFO - Started process (PID=3090) to work on /home/tedubuamo/project/venv/lib/python3.12/site-packages/airflow/example_dags/example_kubernetes_executor.py
[2024-12-03T21:12:38.608+0700] {processor.py:914} INFO - Processing file /home/tedubuamo/project/venv/lib/python3.12/site-packages/airflow/example_dags/example_kubernetes_executor.py for tasks to queue
[2024-12-03T21:12:38.609+0700] {logging_mixin.py:190} INFO - [2024-12-03T21:12:38.609+0700] {dagbag.py:588} INFO - Filling up the DagBag from /home/tedubuamo/project/venv/lib/python3.12/site-packages/airflow/example_dags/example_kubernetes_executor.py
[2024-12-03T21:12:38.611+0700] {logging_mixin.py:190} INFO - [2024-12-03T21:12:38.611+0700] {example_kubernetes_executor.py:39} WARNING - The example_kubernetes_executor example DAG requires the kubernetes provider. Please install it with: pip install apache-airflow[cncf.kubernetes]
[2024-12-03T21:12:38.611+0700] {processor.py:927} WARNING - No viable dags retrieved from /home/tedubuamo/project/venv/lib/python3.12/site-packages/airflow/example_dags/example_kubernetes_executor.py
[2024-12-03T21:12:38.618+0700] {processor.py:208} INFO - Processing /home/tedubuamo/project/venv/lib/python3.12/site-packages/airflow/example_dags/example_kubernetes_executor.py took 0.017 seconds
[2024-12-03T21:12:44.994+0700] {processor.py:186} INFO - Started process (PID=3105) to work on /home/tedubuamo/project/venv/lib/python3.12/site-packages/airflow/example_dags/example_kubernetes_executor.py
[2024-12-03T21:12:44.994+0700] {processor.py:914} INFO - Processing file /home/tedubuamo/project/venv/lib/python3.12/site-packages/airflow/example_dags/example_kubernetes_executor.py for tasks to queue
[2024-12-03T21:12:44.996+0700] {logging_mixin.py:190} INFO - [2024-12-03T21:12:44.995+0700] {dagbag.py:588} INFO - Filling up the DagBag from /home/tedubuamo/project/venv/lib/python3.12/site-packages/airflow/example_dags/example_kubernetes_executor.py
[2024-12-03T21:12:44.998+0700] {logging_mixin.py:190} INFO - [2024-12-03T21:12:44.997+0700] {example_kubernetes_executor.py:39} WARNING - The example_kubernetes_executor example DAG requires the kubernetes provider. Please install it with: pip install apache-airflow[cncf.kubernetes]
[2024-12-03T21:12:44.998+0700] {processor.py:927} WARNING - No viable dags retrieved from /home/tedubuamo/project/venv/lib/python3.12/site-packages/airflow/example_dags/example_kubernetes_executor.py
[2024-12-03T21:12:45.004+0700] {processor.py:208} INFO - Processing /home/tedubuamo/project/venv/lib/python3.12/site-packages/airflow/example_dags/example_kubernetes_executor.py took 0.014 seconds
[2024-12-03T21:13:29.299+0700] {processor.py:186} INFO - Started process (PID=3202) to work on /home/tedubuamo/project/venv/lib/python3.12/site-packages/airflow/example_dags/example_kubernetes_executor.py
[2024-12-03T21:13:29.301+0700] {processor.py:914} INFO - Processing file /home/tedubuamo/project/venv/lib/python3.12/site-packages/airflow/example_dags/example_kubernetes_executor.py for tasks to queue
[2024-12-03T21:13:29.304+0700] {logging_mixin.py:190} INFO - [2024-12-03T21:13:29.303+0700] {dagbag.py:588} INFO - Filling up the DagBag from /home/tedubuamo/project/venv/lib/python3.12/site-packages/airflow/example_dags/example_kubernetes_executor.py
[2024-12-03T21:13:29.307+0700] {logging_mixin.py:190} INFO - [2024-12-03T21:13:29.307+0700] {example_kubernetes_executor.py:39} WARNING - The example_kubernetes_executor example DAG requires the kubernetes provider. Please install it with: pip install apache-airflow[cncf.kubernetes]
[2024-12-03T21:13:29.308+0700] {processor.py:927} WARNING - No viable dags retrieved from /home/tedubuamo/project/venv/lib/python3.12/site-packages/airflow/example_dags/example_kubernetes_executor.py
[2024-12-03T21:13:29.316+0700] {processor.py:208} INFO - Processing /home/tedubuamo/project/venv/lib/python3.12/site-packages/airflow/example_dags/example_kubernetes_executor.py took 0.022 seconds
[2024-12-03T21:13:36.924+0700] {processor.py:186} INFO - Started process (PID=3218) to work on /home/tedubuamo/project/venv/lib/python3.12/site-packages/airflow/example_dags/example_kubernetes_executor.py
[2024-12-03T21:13:36.925+0700] {processor.py:914} INFO - Processing file /home/tedubuamo/project/venv/lib/python3.12/site-packages/airflow/example_dags/example_kubernetes_executor.py for tasks to queue
[2024-12-03T21:13:36.927+0700] {logging_mixin.py:190} INFO - [2024-12-03T21:13:36.926+0700] {dagbag.py:588} INFO - Filling up the DagBag from /home/tedubuamo/project/venv/lib/python3.12/site-packages/airflow/example_dags/example_kubernetes_executor.py
[2024-12-03T21:13:36.929+0700] {logging_mixin.py:190} INFO - [2024-12-03T21:13:36.929+0700] {example_kubernetes_executor.py:39} WARNING - The example_kubernetes_executor example DAG requires the kubernetes provider. Please install it with: pip install apache-airflow[cncf.kubernetes]
[2024-12-03T21:13:36.929+0700] {processor.py:927} WARNING - No viable dags retrieved from /home/tedubuamo/project/venv/lib/python3.12/site-packages/airflow/example_dags/example_kubernetes_executor.py
[2024-12-03T21:13:36.938+0700] {processor.py:208} INFO - Processing /home/tedubuamo/project/venv/lib/python3.12/site-packages/airflow/example_dags/example_kubernetes_executor.py took 0.019 seconds
[2024-12-03T21:14:19.425+0700] {processor.py:186} INFO - Started process (PID=3307) to work on /home/tedubuamo/project/venv/lib/python3.12/site-packages/airflow/example_dags/example_kubernetes_executor.py
[2024-12-03T21:14:19.426+0700] {processor.py:914} INFO - Processing file /home/tedubuamo/project/venv/lib/python3.12/site-packages/airflow/example_dags/example_kubernetes_executor.py for tasks to queue
[2024-12-03T21:14:19.428+0700] {logging_mixin.py:190} INFO - [2024-12-03T21:14:19.427+0700] {dagbag.py:588} INFO - Filling up the DagBag from /home/tedubuamo/project/venv/lib/python3.12/site-packages/airflow/example_dags/example_kubernetes_executor.py
[2024-12-03T21:14:19.430+0700] {logging_mixin.py:190} INFO - [2024-12-03T21:14:19.429+0700] {example_kubernetes_executor.py:39} WARNING - The example_kubernetes_executor example DAG requires the kubernetes provider. Please install it with: pip install apache-airflow[cncf.kubernetes]
[2024-12-03T21:14:19.430+0700] {processor.py:927} WARNING - No viable dags retrieved from /home/tedubuamo/project/venv/lib/python3.12/site-packages/airflow/example_dags/example_kubernetes_executor.py
[2024-12-03T21:14:19.437+0700] {processor.py:208} INFO - Processing /home/tedubuamo/project/venv/lib/python3.12/site-packages/airflow/example_dags/example_kubernetes_executor.py took 0.015 seconds
[2024-12-03T21:14:26.617+0700] {processor.py:186} INFO - Started process (PID=3321) to work on /home/tedubuamo/project/venv/lib/python3.12/site-packages/airflow/example_dags/example_kubernetes_executor.py
[2024-12-03T21:14:26.621+0700] {processor.py:914} INFO - Processing file /home/tedubuamo/project/venv/lib/python3.12/site-packages/airflow/example_dags/example_kubernetes_executor.py for tasks to queue
[2024-12-03T21:14:26.623+0700] {logging_mixin.py:190} INFO - [2024-12-03T21:14:26.622+0700] {dagbag.py:588} INFO - Filling up the DagBag from /home/tedubuamo/project/venv/lib/python3.12/site-packages/airflow/example_dags/example_kubernetes_executor.py
[2024-12-03T21:14:26.625+0700] {logging_mixin.py:190} INFO - [2024-12-03T21:14:26.625+0700] {example_kubernetes_executor.py:39} WARNING - The example_kubernetes_executor example DAG requires the kubernetes provider. Please install it with: pip install apache-airflow[cncf.kubernetes]
[2024-12-03T21:14:26.625+0700] {processor.py:927} WARNING - No viable dags retrieved from /home/tedubuamo/project/venv/lib/python3.12/site-packages/airflow/example_dags/example_kubernetes_executor.py
[2024-12-03T21:14:26.631+0700] {processor.py:208} INFO - Processing /home/tedubuamo/project/venv/lib/python3.12/site-packages/airflow/example_dags/example_kubernetes_executor.py took 0.018 seconds
[2024-12-03T21:15:11.819+0700] {processor.py:186} INFO - Started process (PID=3417) to work on /home/tedubuamo/project/venv/lib/python3.12/site-packages/airflow/example_dags/example_kubernetes_executor.py
[2024-12-03T21:15:11.822+0700] {processor.py:914} INFO - Processing file /home/tedubuamo/project/venv/lib/python3.12/site-packages/airflow/example_dags/example_kubernetes_executor.py for tasks to queue
[2024-12-03T21:15:11.824+0700] {logging_mixin.py:190} INFO - [2024-12-03T21:15:11.824+0700] {dagbag.py:588} INFO - Filling up the DagBag from /home/tedubuamo/project/venv/lib/python3.12/site-packages/airflow/example_dags/example_kubernetes_executor.py
[2024-12-03T21:15:11.826+0700] {logging_mixin.py:190} INFO - [2024-12-03T21:15:11.826+0700] {example_kubernetes_executor.py:39} WARNING - The example_kubernetes_executor example DAG requires the kubernetes provider. Please install it with: pip install apache-airflow[cncf.kubernetes]
[2024-12-03T21:15:11.826+0700] {processor.py:927} WARNING - No viable dags retrieved from /home/tedubuamo/project/venv/lib/python3.12/site-packages/airflow/example_dags/example_kubernetes_executor.py
[2024-12-03T21:15:11.833+0700] {processor.py:208} INFO - Processing /home/tedubuamo/project/venv/lib/python3.12/site-packages/airflow/example_dags/example_kubernetes_executor.py took 0.018 seconds
[2024-12-03T21:15:17.220+0700] {processor.py:186} INFO - Started process (PID=3428) to work on /home/tedubuamo/project/venv/lib/python3.12/site-packages/airflow/example_dags/example_kubernetes_executor.py
[2024-12-03T21:15:17.221+0700] {processor.py:914} INFO - Processing file /home/tedubuamo/project/venv/lib/python3.12/site-packages/airflow/example_dags/example_kubernetes_executor.py for tasks to queue
[2024-12-03T21:15:17.223+0700] {logging_mixin.py:190} INFO - [2024-12-03T21:15:17.223+0700] {dagbag.py:588} INFO - Filling up the DagBag from /home/tedubuamo/project/venv/lib/python3.12/site-packages/airflow/example_dags/example_kubernetes_executor.py
[2024-12-03T21:15:17.226+0700] {logging_mixin.py:190} INFO - [2024-12-03T21:15:17.226+0700] {example_kubernetes_executor.py:39} WARNING - The example_kubernetes_executor example DAG requires the kubernetes provider. Please install it with: pip install apache-airflow[cncf.kubernetes]
[2024-12-03T21:15:17.227+0700] {processor.py:927} WARNING - No viable dags retrieved from /home/tedubuamo/project/venv/lib/python3.12/site-packages/airflow/example_dags/example_kubernetes_executor.py
[2024-12-03T21:15:17.234+0700] {processor.py:208} INFO - Processing /home/tedubuamo/project/venv/lib/python3.12/site-packages/airflow/example_dags/example_kubernetes_executor.py took 0.019 seconds
[2024-12-03T21:16:02.870+0700] {processor.py:186} INFO - Started process (PID=3530) to work on /home/tedubuamo/project/venv/lib/python3.12/site-packages/airflow/example_dags/example_kubernetes_executor.py
[2024-12-03T21:16:02.871+0700] {processor.py:914} INFO - Processing file /home/tedubuamo/project/venv/lib/python3.12/site-packages/airflow/example_dags/example_kubernetes_executor.py for tasks to queue
[2024-12-03T21:16:02.873+0700] {logging_mixin.py:190} INFO - [2024-12-03T21:16:02.873+0700] {dagbag.py:588} INFO - Filling up the DagBag from /home/tedubuamo/project/venv/lib/python3.12/site-packages/airflow/example_dags/example_kubernetes_executor.py
[2024-12-03T21:16:02.875+0700] {logging_mixin.py:190} INFO - [2024-12-03T21:16:02.875+0700] {example_kubernetes_executor.py:39} WARNING - The example_kubernetes_executor example DAG requires the kubernetes provider. Please install it with: pip install apache-airflow[cncf.kubernetes]
[2024-12-03T21:16:02.875+0700] {processor.py:927} WARNING - No viable dags retrieved from /home/tedubuamo/project/venv/lib/python3.12/site-packages/airflow/example_dags/example_kubernetes_executor.py
[2024-12-03T21:16:02.882+0700] {processor.py:208} INFO - Processing /home/tedubuamo/project/venv/lib/python3.12/site-packages/airflow/example_dags/example_kubernetes_executor.py took 0.016 seconds
[2024-12-03T21:16:07.924+0700] {processor.py:186} INFO - Started process (PID=3540) to work on /home/tedubuamo/project/venv/lib/python3.12/site-packages/airflow/example_dags/example_kubernetes_executor.py
[2024-12-03T21:16:07.925+0700] {processor.py:914} INFO - Processing file /home/tedubuamo/project/venv/lib/python3.12/site-packages/airflow/example_dags/example_kubernetes_executor.py for tasks to queue
[2024-12-03T21:16:07.927+0700] {logging_mixin.py:190} INFO - [2024-12-03T21:16:07.927+0700] {dagbag.py:588} INFO - Filling up the DagBag from /home/tedubuamo/project/venv/lib/python3.12/site-packages/airflow/example_dags/example_kubernetes_executor.py
[2024-12-03T21:16:07.929+0700] {logging_mixin.py:190} INFO - [2024-12-03T21:16:07.929+0700] {example_kubernetes_executor.py:39} WARNING - The example_kubernetes_executor example DAG requires the kubernetes provider. Please install it with: pip install apache-airflow[cncf.kubernetes]
[2024-12-03T21:16:07.930+0700] {processor.py:927} WARNING - No viable dags retrieved from /home/tedubuamo/project/venv/lib/python3.12/site-packages/airflow/example_dags/example_kubernetes_executor.py
[2024-12-03T21:16:07.938+0700] {processor.py:208} INFO - Processing /home/tedubuamo/project/venv/lib/python3.12/site-packages/airflow/example_dags/example_kubernetes_executor.py took 0.019 seconds
[2024-12-03T21:16:56.738+0700] {processor.py:186} INFO - Started process (PID=3668) to work on /home/tedubuamo/project/venv/lib/python3.12/site-packages/airflow/example_dags/example_kubernetes_executor.py
[2024-12-03T21:16:56.740+0700] {processor.py:914} INFO - Processing file /home/tedubuamo/project/venv/lib/python3.12/site-packages/airflow/example_dags/example_kubernetes_executor.py for tasks to queue
[2024-12-03T21:16:56.742+0700] {logging_mixin.py:190} INFO - [2024-12-03T21:16:56.741+0700] {dagbag.py:588} INFO - Filling up the DagBag from /home/tedubuamo/project/venv/lib/python3.12/site-packages/airflow/example_dags/example_kubernetes_executor.py
[2024-12-03T21:16:56.744+0700] {logging_mixin.py:190} INFO - [2024-12-03T21:16:56.744+0700] {example_kubernetes_executor.py:39} WARNING - The example_kubernetes_executor example DAG requires the kubernetes provider. Please install it with: pip install apache-airflow[cncf.kubernetes]
[2024-12-03T21:16:56.744+0700] {processor.py:927} WARNING - No viable dags retrieved from /home/tedubuamo/project/venv/lib/python3.12/site-packages/airflow/example_dags/example_kubernetes_executor.py
[2024-12-03T21:16:56.752+0700] {processor.py:208} INFO - Processing /home/tedubuamo/project/venv/lib/python3.12/site-packages/airflow/example_dags/example_kubernetes_executor.py took 0.018 seconds
[2024-12-03T21:16:58.640+0700] {processor.py:186} INFO - Started process (PID=3672) to work on /home/tedubuamo/project/venv/lib/python3.12/site-packages/airflow/example_dags/example_kubernetes_executor.py
[2024-12-03T21:16:58.642+0700] {processor.py:914} INFO - Processing file /home/tedubuamo/project/venv/lib/python3.12/site-packages/airflow/example_dags/example_kubernetes_executor.py for tasks to queue
[2024-12-03T21:16:58.645+0700] {logging_mixin.py:190} INFO - [2024-12-03T21:16:58.645+0700] {dagbag.py:588} INFO - Filling up the DagBag from /home/tedubuamo/project/venv/lib/python3.12/site-packages/airflow/example_dags/example_kubernetes_executor.py
[2024-12-03T21:16:58.650+0700] {logging_mixin.py:190} INFO - [2024-12-03T21:16:58.650+0700] {example_kubernetes_executor.py:39} WARNING - The example_kubernetes_executor example DAG requires the kubernetes provider. Please install it with: pip install apache-airflow[cncf.kubernetes]
[2024-12-03T21:16:58.650+0700] {processor.py:927} WARNING - No viable dags retrieved from /home/tedubuamo/project/venv/lib/python3.12/site-packages/airflow/example_dags/example_kubernetes_executor.py
[2024-12-03T21:16:58.666+0700] {processor.py:208} INFO - Processing /home/tedubuamo/project/venv/lib/python3.12/site-packages/airflow/example_dags/example_kubernetes_executor.py took 0.035 seconds
[2024-12-03T21:17:49.352+0700] {processor.py:186} INFO - Started process (PID=3786) to work on /home/tedubuamo/project/venv/lib/python3.12/site-packages/airflow/example_dags/example_kubernetes_executor.py
[2024-12-03T21:17:49.353+0700] {processor.py:914} INFO - Processing file /home/tedubuamo/project/venv/lib/python3.12/site-packages/airflow/example_dags/example_kubernetes_executor.py for tasks to queue
[2024-12-03T21:17:49.355+0700] {logging_mixin.py:190} INFO - [2024-12-03T21:17:49.355+0700] {dagbag.py:588} INFO - Filling up the DagBag from /home/tedubuamo/project/venv/lib/python3.12/site-packages/airflow/example_dags/example_kubernetes_executor.py
[2024-12-03T21:17:49.357+0700] {logging_mixin.py:190} INFO - [2024-12-03T21:17:49.357+0700] {example_kubernetes_executor.py:39} WARNING - The example_kubernetes_executor example DAG requires the kubernetes provider. Please install it with: pip install apache-airflow[cncf.kubernetes]
[2024-12-03T21:17:49.357+0700] {processor.py:927} WARNING - No viable dags retrieved from /home/tedubuamo/project/venv/lib/python3.12/site-packages/airflow/example_dags/example_kubernetes_executor.py
[2024-12-03T21:17:49.364+0700] {processor.py:208} INFO - Processing /home/tedubuamo/project/venv/lib/python3.12/site-packages/airflow/example_dags/example_kubernetes_executor.py took 0.015 seconds
[2024-12-03T21:17:49.946+0700] {processor.py:186} INFO - Started process (PID=3788) to work on /home/tedubuamo/project/venv/lib/python3.12/site-packages/airflow/example_dags/example_kubernetes_executor.py
[2024-12-03T21:17:49.947+0700] {processor.py:914} INFO - Processing file /home/tedubuamo/project/venv/lib/python3.12/site-packages/airflow/example_dags/example_kubernetes_executor.py for tasks to queue
[2024-12-03T21:17:49.948+0700] {logging_mixin.py:190} INFO - [2024-12-03T21:17:49.948+0700] {dagbag.py:588} INFO - Filling up the DagBag from /home/tedubuamo/project/venv/lib/python3.12/site-packages/airflow/example_dags/example_kubernetes_executor.py
[2024-12-03T21:17:49.950+0700] {logging_mixin.py:190} INFO - [2024-12-03T21:17:49.950+0700] {example_kubernetes_executor.py:39} WARNING - The example_kubernetes_executor example DAG requires the kubernetes provider. Please install it with: pip install apache-airflow[cncf.kubernetes]
[2024-12-03T21:17:49.950+0700] {processor.py:927} WARNING - No viable dags retrieved from /home/tedubuamo/project/venv/lib/python3.12/site-packages/airflow/example_dags/example_kubernetes_executor.py
[2024-12-03T21:17:49.957+0700] {processor.py:208} INFO - Processing /home/tedubuamo/project/venv/lib/python3.12/site-packages/airflow/example_dags/example_kubernetes_executor.py took 0.015 seconds
[2024-12-03T21:18:45.959+0700] {processor.py:186} INFO - Started process (PID=3925) to work on /home/tedubuamo/project/venv/lib/python3.12/site-packages/airflow/example_dags/example_kubernetes_executor.py
[2024-12-03T21:18:45.960+0700] {processor.py:914} INFO - Processing file /home/tedubuamo/project/venv/lib/python3.12/site-packages/airflow/example_dags/example_kubernetes_executor.py for tasks to queue
[2024-12-03T21:18:45.962+0700] {logging_mixin.py:190} INFO - [2024-12-03T21:18:45.962+0700] {dagbag.py:588} INFO - Filling up the DagBag from /home/tedubuamo/project/venv/lib/python3.12/site-packages/airflow/example_dags/example_kubernetes_executor.py
[2024-12-03T21:18:45.964+0700] {logging_mixin.py:190} INFO - [2024-12-03T21:18:45.964+0700] {example_kubernetes_executor.py:39} WARNING - The example_kubernetes_executor example DAG requires the kubernetes provider. Please install it with: pip install apache-airflow[cncf.kubernetes]
[2024-12-03T21:18:45.965+0700] {processor.py:927} WARNING - No viable dags retrieved from /home/tedubuamo/project/venv/lib/python3.12/site-packages/airflow/example_dags/example_kubernetes_executor.py
[2024-12-03T21:18:45.974+0700] {processor.py:208} INFO - Processing /home/tedubuamo/project/venv/lib/python3.12/site-packages/airflow/example_dags/example_kubernetes_executor.py took 0.020 seconds
[2024-12-03T21:19:46.462+0700] {processor.py:186} INFO - Started process (PID=3987) to work on /home/tedubuamo/project/venv/lib/python3.12/site-packages/airflow/example_dags/example_kubernetes_executor.py
[2024-12-03T21:19:46.463+0700] {processor.py:914} INFO - Processing file /home/tedubuamo/project/venv/lib/python3.12/site-packages/airflow/example_dags/example_kubernetes_executor.py for tasks to queue
[2024-12-03T21:19:46.465+0700] {logging_mixin.py:190} INFO - [2024-12-03T21:19:46.465+0700] {dagbag.py:588} INFO - Filling up the DagBag from /home/tedubuamo/project/venv/lib/python3.12/site-packages/airflow/example_dags/example_kubernetes_executor.py
[2024-12-03T21:19:46.468+0700] {logging_mixin.py:190} INFO - [2024-12-03T21:19:46.467+0700] {example_kubernetes_executor.py:39} WARNING - The example_kubernetes_executor example DAG requires the kubernetes provider. Please install it with: pip install apache-airflow[cncf.kubernetes]
[2024-12-03T21:19:46.468+0700] {processor.py:927} WARNING - No viable dags retrieved from /home/tedubuamo/project/venv/lib/python3.12/site-packages/airflow/example_dags/example_kubernetes_executor.py
[2024-12-03T21:19:46.476+0700] {processor.py:208} INFO - Processing /home/tedubuamo/project/venv/lib/python3.12/site-packages/airflow/example_dags/example_kubernetes_executor.py took 0.018 seconds
[2024-12-03T21:20:48.474+0700] {processor.py:186} INFO - Started process (PID=4090) to work on /home/tedubuamo/project/venv/lib/python3.12/site-packages/airflow/example_dags/example_kubernetes_executor.py
[2024-12-03T21:20:48.476+0700] {processor.py:914} INFO - Processing file /home/tedubuamo/project/venv/lib/python3.12/site-packages/airflow/example_dags/example_kubernetes_executor.py for tasks to queue
[2024-12-03T21:20:48.477+0700] {logging_mixin.py:190} INFO - [2024-12-03T21:20:48.477+0700] {dagbag.py:588} INFO - Filling up the DagBag from /home/tedubuamo/project/venv/lib/python3.12/site-packages/airflow/example_dags/example_kubernetes_executor.py
[2024-12-03T21:20:48.480+0700] {logging_mixin.py:190} INFO - [2024-12-03T21:20:48.479+0700] {example_kubernetes_executor.py:39} WARNING - The example_kubernetes_executor example DAG requires the kubernetes provider. Please install it with: pip install apache-airflow[cncf.kubernetes]
[2024-12-03T21:20:48.480+0700] {processor.py:927} WARNING - No viable dags retrieved from /home/tedubuamo/project/venv/lib/python3.12/site-packages/airflow/example_dags/example_kubernetes_executor.py
[2024-12-03T21:20:48.487+0700] {processor.py:208} INFO - Processing /home/tedubuamo/project/venv/lib/python3.12/site-packages/airflow/example_dags/example_kubernetes_executor.py took 0.017 seconds
[2024-12-03T21:21:24.545+0700] {processor.py:186} INFO - Started process (PID=4128) to work on /home/tedubuamo/project/venv/lib/python3.12/site-packages/airflow/example_dags/example_kubernetes_executor.py
[2024-12-03T21:21:24.549+0700] {processor.py:914} INFO - Processing file /home/tedubuamo/project/venv/lib/python3.12/site-packages/airflow/example_dags/example_kubernetes_executor.py for tasks to queue
[2024-12-03T21:21:24.551+0700] {logging_mixin.py:190} INFO - [2024-12-03T21:21:24.550+0700] {dagbag.py:588} INFO - Filling up the DagBag from /home/tedubuamo/project/venv/lib/python3.12/site-packages/airflow/example_dags/example_kubernetes_executor.py
[2024-12-03T21:21:24.553+0700] {logging_mixin.py:190} INFO - [2024-12-03T21:21:24.553+0700] {example_kubernetes_executor.py:39} WARNING - The example_kubernetes_executor example DAG requires the kubernetes provider. Please install it with: pip install apache-airflow[cncf.kubernetes]
[2024-12-03T21:21:24.553+0700] {processor.py:927} WARNING - No viable dags retrieved from /home/tedubuamo/project/venv/lib/python3.12/site-packages/airflow/example_dags/example_kubernetes_executor.py
[2024-12-03T21:21:24.560+0700] {processor.py:208} INFO - Processing /home/tedubuamo/project/venv/lib/python3.12/site-packages/airflow/example_dags/example_kubernetes_executor.py took 0.019 seconds
[2024-12-03T21:22:19.076+0700] {processor.py:186} INFO - Started process (PID=4224) to work on /home/tedubuamo/project/venv/lib/python3.12/site-packages/airflow/example_dags/example_kubernetes_executor.py
[2024-12-03T21:22:19.079+0700] {processor.py:914} INFO - Processing file /home/tedubuamo/project/venv/lib/python3.12/site-packages/airflow/example_dags/example_kubernetes_executor.py for tasks to queue
[2024-12-03T21:22:19.082+0700] {logging_mixin.py:190} INFO - [2024-12-03T21:22:19.081+0700] {dagbag.py:588} INFO - Filling up the DagBag from /home/tedubuamo/project/venv/lib/python3.12/site-packages/airflow/example_dags/example_kubernetes_executor.py
[2024-12-03T21:22:19.085+0700] {logging_mixin.py:190} INFO - [2024-12-03T21:22:19.085+0700] {example_kubernetes_executor.py:39} WARNING - The example_kubernetes_executor example DAG requires the kubernetes provider. Please install it with: pip install apache-airflow[cncf.kubernetes]
[2024-12-03T21:22:19.085+0700] {processor.py:927} WARNING - No viable dags retrieved from /home/tedubuamo/project/venv/lib/python3.12/site-packages/airflow/example_dags/example_kubernetes_executor.py
[2024-12-03T21:22:19.093+0700] {processor.py:208} INFO - Processing /home/tedubuamo/project/venv/lib/python3.12/site-packages/airflow/example_dags/example_kubernetes_executor.py took 0.022 seconds
[2024-12-03T21:23:10.536+0700] {processor.py:186} INFO - Started process (PID=4278) to work on /home/tedubuamo/project/venv/lib/python3.12/site-packages/airflow/example_dags/example_kubernetes_executor.py
[2024-12-03T21:23:10.537+0700] {processor.py:914} INFO - Processing file /home/tedubuamo/project/venv/lib/python3.12/site-packages/airflow/example_dags/example_kubernetes_executor.py for tasks to queue
[2024-12-03T21:23:10.539+0700] {logging_mixin.py:190} INFO - [2024-12-03T21:23:10.539+0700] {dagbag.py:588} INFO - Filling up the DagBag from /home/tedubuamo/project/venv/lib/python3.12/site-packages/airflow/example_dags/example_kubernetes_executor.py
[2024-12-03T21:23:10.541+0700] {logging_mixin.py:190} INFO - [2024-12-03T21:23:10.541+0700] {example_kubernetes_executor.py:39} WARNING - The example_kubernetes_executor example DAG requires the kubernetes provider. Please install it with: pip install apache-airflow[cncf.kubernetes]
[2024-12-03T21:23:10.542+0700] {processor.py:927} WARNING - No viable dags retrieved from /home/tedubuamo/project/venv/lib/python3.12/site-packages/airflow/example_dags/example_kubernetes_executor.py
[2024-12-03T21:23:10.549+0700] {processor.py:208} INFO - Processing /home/tedubuamo/project/venv/lib/python3.12/site-packages/airflow/example_dags/example_kubernetes_executor.py took 0.017 seconds
[2024-12-03T21:24:04.947+0700] {processor.py:186} INFO - Started process (PID=4351) to work on /home/tedubuamo/project/venv/lib/python3.12/site-packages/airflow/example_dags/example_kubernetes_executor.py
[2024-12-03T21:24:04.948+0700] {processor.py:914} INFO - Processing file /home/tedubuamo/project/venv/lib/python3.12/site-packages/airflow/example_dags/example_kubernetes_executor.py for tasks to queue
[2024-12-03T21:24:04.951+0700] {logging_mixin.py:190} INFO - [2024-12-03T21:24:04.950+0700] {dagbag.py:588} INFO - Filling up the DagBag from /home/tedubuamo/project/venv/lib/python3.12/site-packages/airflow/example_dags/example_kubernetes_executor.py
[2024-12-03T21:24:04.953+0700] {logging_mixin.py:190} INFO - [2024-12-03T21:24:04.953+0700] {example_kubernetes_executor.py:39} WARNING - The example_kubernetes_executor example DAG requires the kubernetes provider. Please install it with: pip install apache-airflow[cncf.kubernetes]
[2024-12-03T21:24:04.953+0700] {processor.py:927} WARNING - No viable dags retrieved from /home/tedubuamo/project/venv/lib/python3.12/site-packages/airflow/example_dags/example_kubernetes_executor.py
[2024-12-03T21:24:04.961+0700] {processor.py:208} INFO - Processing /home/tedubuamo/project/venv/lib/python3.12/site-packages/airflow/example_dags/example_kubernetes_executor.py took 0.018 seconds
[2024-12-03T21:24:57.772+0700] {processor.py:186} INFO - Started process (PID=4411) to work on /home/tedubuamo/project/venv/lib/python3.12/site-packages/airflow/example_dags/example_kubernetes_executor.py
[2024-12-03T21:24:57.776+0700] {processor.py:914} INFO - Processing file /home/tedubuamo/project/venv/lib/python3.12/site-packages/airflow/example_dags/example_kubernetes_executor.py for tasks to queue
[2024-12-03T21:24:57.778+0700] {logging_mixin.py:190} INFO - [2024-12-03T21:24:57.778+0700] {dagbag.py:588} INFO - Filling up the DagBag from /home/tedubuamo/project/venv/lib/python3.12/site-packages/airflow/example_dags/example_kubernetes_executor.py
[2024-12-03T21:24:57.780+0700] {logging_mixin.py:190} INFO - [2024-12-03T21:24:57.780+0700] {example_kubernetes_executor.py:39} WARNING - The example_kubernetes_executor example DAG requires the kubernetes provider. Please install it with: pip install apache-airflow[cncf.kubernetes]
[2024-12-03T21:24:57.780+0700] {processor.py:927} WARNING - No viable dags retrieved from /home/tedubuamo/project/venv/lib/python3.12/site-packages/airflow/example_dags/example_kubernetes_executor.py
[2024-12-03T21:24:57.788+0700] {processor.py:208} INFO - Processing /home/tedubuamo/project/venv/lib/python3.12/site-packages/airflow/example_dags/example_kubernetes_executor.py took 0.019 seconds
[2024-12-03T21:25:56.011+0700] {processor.py:186} INFO - Started process (PID=4495) to work on /home/tedubuamo/project/venv/lib/python3.12/site-packages/airflow/example_dags/example_kubernetes_executor.py
[2024-12-03T21:25:56.012+0700] {processor.py:914} INFO - Processing file /home/tedubuamo/project/venv/lib/python3.12/site-packages/airflow/example_dags/example_kubernetes_executor.py for tasks to queue
[2024-12-03T21:25:56.015+0700] {logging_mixin.py:190} INFO - [2024-12-03T21:25:56.014+0700] {dagbag.py:588} INFO - Filling up the DagBag from /home/tedubuamo/project/venv/lib/python3.12/site-packages/airflow/example_dags/example_kubernetes_executor.py
[2024-12-03T21:25:56.018+0700] {logging_mixin.py:190} INFO - [2024-12-03T21:25:56.017+0700] {example_kubernetes_executor.py:39} WARNING - The example_kubernetes_executor example DAG requires the kubernetes provider. Please install it with: pip install apache-airflow[cncf.kubernetes]
[2024-12-03T21:25:56.018+0700] {processor.py:927} WARNING - No viable dags retrieved from /home/tedubuamo/project/venv/lib/python3.12/site-packages/airflow/example_dags/example_kubernetes_executor.py
[2024-12-03T21:25:56.026+0700] {processor.py:208} INFO - Processing /home/tedubuamo/project/venv/lib/python3.12/site-packages/airflow/example_dags/example_kubernetes_executor.py took 0.020 seconds
[2024-12-03T21:26:50.312+0700] {processor.py:186} INFO - Started process (PID=4553) to work on /home/tedubuamo/project/venv/lib/python3.12/site-packages/airflow/example_dags/example_kubernetes_executor.py
[2024-12-03T21:26:50.316+0700] {processor.py:914} INFO - Processing file /home/tedubuamo/project/venv/lib/python3.12/site-packages/airflow/example_dags/example_kubernetes_executor.py for tasks to queue
[2024-12-03T21:26:50.318+0700] {logging_mixin.py:190} INFO - [2024-12-03T21:26:50.317+0700] {dagbag.py:588} INFO - Filling up the DagBag from /home/tedubuamo/project/venv/lib/python3.12/site-packages/airflow/example_dags/example_kubernetes_executor.py
[2024-12-03T21:26:50.321+0700] {logging_mixin.py:190} INFO - [2024-12-03T21:26:50.320+0700] {example_kubernetes_executor.py:39} WARNING - The example_kubernetes_executor example DAG requires the kubernetes provider. Please install it with: pip install apache-airflow[cncf.kubernetes]
[2024-12-03T21:26:50.321+0700] {processor.py:927} WARNING - No viable dags retrieved from /home/tedubuamo/project/venv/lib/python3.12/site-packages/airflow/example_dags/example_kubernetes_executor.py
[2024-12-03T21:26:50.328+0700] {processor.py:208} INFO - Processing /home/tedubuamo/project/venv/lib/python3.12/site-packages/airflow/example_dags/example_kubernetes_executor.py took 0.020 seconds
[2024-12-03T21:27:43.154+0700] {processor.py:186} INFO - Started process (PID=4624) to work on /home/tedubuamo/project/venv/lib/python3.12/site-packages/airflow/example_dags/example_kubernetes_executor.py
[2024-12-03T21:27:43.155+0700] {processor.py:914} INFO - Processing file /home/tedubuamo/project/venv/lib/python3.12/site-packages/airflow/example_dags/example_kubernetes_executor.py for tasks to queue
[2024-12-03T21:27:43.157+0700] {logging_mixin.py:190} INFO - [2024-12-03T21:27:43.156+0700] {dagbag.py:588} INFO - Filling up the DagBag from /home/tedubuamo/project/venv/lib/python3.12/site-packages/airflow/example_dags/example_kubernetes_executor.py
[2024-12-03T21:27:43.159+0700] {logging_mixin.py:190} INFO - [2024-12-03T21:27:43.159+0700] {example_kubernetes_executor.py:39} WARNING - The example_kubernetes_executor example DAG requires the kubernetes provider. Please install it with: pip install apache-airflow[cncf.kubernetes]
[2024-12-03T21:27:43.159+0700] {processor.py:927} WARNING - No viable dags retrieved from /home/tedubuamo/project/venv/lib/python3.12/site-packages/airflow/example_dags/example_kubernetes_executor.py
[2024-12-03T21:27:43.166+0700] {processor.py:208} INFO - Processing /home/tedubuamo/project/venv/lib/python3.12/site-packages/airflow/example_dags/example_kubernetes_executor.py took 0.017 seconds
[2024-12-03T21:28:38.698+0700] {processor.py:186} INFO - Started process (PID=4686) to work on /home/tedubuamo/project/venv/lib/python3.12/site-packages/airflow/example_dags/example_kubernetes_executor.py
[2024-12-03T21:28:38.700+0700] {processor.py:914} INFO - Processing file /home/tedubuamo/project/venv/lib/python3.12/site-packages/airflow/example_dags/example_kubernetes_executor.py for tasks to queue
[2024-12-03T21:28:38.701+0700] {logging_mixin.py:190} INFO - [2024-12-03T21:28:38.701+0700] {dagbag.py:588} INFO - Filling up the DagBag from /home/tedubuamo/project/venv/lib/python3.12/site-packages/airflow/example_dags/example_kubernetes_executor.py
[2024-12-03T21:28:38.703+0700] {logging_mixin.py:190} INFO - [2024-12-03T21:28:38.703+0700] {example_kubernetes_executor.py:39} WARNING - The example_kubernetes_executor example DAG requires the kubernetes provider. Please install it with: pip install apache-airflow[cncf.kubernetes]
[2024-12-03T21:28:38.703+0700] {processor.py:927} WARNING - No viable dags retrieved from /home/tedubuamo/project/venv/lib/python3.12/site-packages/airflow/example_dags/example_kubernetes_executor.py
[2024-12-03T21:28:38.711+0700] {processor.py:208} INFO - Processing /home/tedubuamo/project/venv/lib/python3.12/site-packages/airflow/example_dags/example_kubernetes_executor.py took 0.017 seconds
[2024-12-03T21:29:32.322+0700] {processor.py:186} INFO - Started process (PID=4821) to work on /home/tedubuamo/project/venv/lib/python3.12/site-packages/airflow/example_dags/example_kubernetes_executor.py
[2024-12-03T21:29:32.323+0700] {processor.py:914} INFO - Processing file /home/tedubuamo/project/venv/lib/python3.12/site-packages/airflow/example_dags/example_kubernetes_executor.py for tasks to queue
[2024-12-03T21:29:32.326+0700] {logging_mixin.py:190} INFO - [2024-12-03T21:29:32.325+0700] {dagbag.py:588} INFO - Filling up the DagBag from /home/tedubuamo/project/venv/lib/python3.12/site-packages/airflow/example_dags/example_kubernetes_executor.py
[2024-12-03T21:29:32.328+0700] {logging_mixin.py:190} INFO - [2024-12-03T21:29:32.328+0700] {example_kubernetes_executor.py:39} WARNING - The example_kubernetes_executor example DAG requires the kubernetes provider. Please install it with: pip install apache-airflow[cncf.kubernetes]
[2024-12-03T21:29:32.329+0700] {processor.py:927} WARNING - No viable dags retrieved from /home/tedubuamo/project/venv/lib/python3.12/site-packages/airflow/example_dags/example_kubernetes_executor.py
[2024-12-03T21:29:32.339+0700] {processor.py:208} INFO - Processing /home/tedubuamo/project/venv/lib/python3.12/site-packages/airflow/example_dags/example_kubernetes_executor.py took 0.022 seconds
[2024-12-03T21:30:25.640+0700] {processor.py:186} INFO - Started process (PID=4880) to work on /home/tedubuamo/project/venv/lib/python3.12/site-packages/airflow/example_dags/example_kubernetes_executor.py
[2024-12-03T21:30:25.641+0700] {processor.py:914} INFO - Processing file /home/tedubuamo/project/venv/lib/python3.12/site-packages/airflow/example_dags/example_kubernetes_executor.py for tasks to queue
[2024-12-03T21:30:25.643+0700] {logging_mixin.py:190} INFO - [2024-12-03T21:30:25.643+0700] {dagbag.py:588} INFO - Filling up the DagBag from /home/tedubuamo/project/venv/lib/python3.12/site-packages/airflow/example_dags/example_kubernetes_executor.py
[2024-12-03T21:30:25.645+0700] {logging_mixin.py:190} INFO - [2024-12-03T21:30:25.645+0700] {example_kubernetes_executor.py:39} WARNING - The example_kubernetes_executor example DAG requires the kubernetes provider. Please install it with: pip install apache-airflow[cncf.kubernetes]
[2024-12-03T21:30:25.646+0700] {processor.py:927} WARNING - No viable dags retrieved from /home/tedubuamo/project/venv/lib/python3.12/site-packages/airflow/example_dags/example_kubernetes_executor.py
[2024-12-03T21:30:25.652+0700] {processor.py:208} INFO - Processing /home/tedubuamo/project/venv/lib/python3.12/site-packages/airflow/example_dags/example_kubernetes_executor.py took 0.016 seconds
[2024-12-03T21:31:20.558+0700] {processor.py:186} INFO - Started process (PID=4954) to work on /home/tedubuamo/project/venv/lib/python3.12/site-packages/airflow/example_dags/example_kubernetes_executor.py
[2024-12-03T21:31:20.563+0700] {processor.py:914} INFO - Processing file /home/tedubuamo/project/venv/lib/python3.12/site-packages/airflow/example_dags/example_kubernetes_executor.py for tasks to queue
[2024-12-03T21:31:20.564+0700] {logging_mixin.py:190} INFO - [2024-12-03T21:31:20.564+0700] {dagbag.py:588} INFO - Filling up the DagBag from /home/tedubuamo/project/venv/lib/python3.12/site-packages/airflow/example_dags/example_kubernetes_executor.py
[2024-12-03T21:31:20.566+0700] {logging_mixin.py:190} INFO - [2024-12-03T21:31:20.566+0700] {example_kubernetes_executor.py:39} WARNING - The example_kubernetes_executor example DAG requires the kubernetes provider. Please install it with: pip install apache-airflow[cncf.kubernetes]
[2024-12-03T21:31:20.566+0700] {processor.py:927} WARNING - No viable dags retrieved from /home/tedubuamo/project/venv/lib/python3.12/site-packages/airflow/example_dags/example_kubernetes_executor.py
[2024-12-03T21:31:20.573+0700] {processor.py:208} INFO - Processing /home/tedubuamo/project/venv/lib/python3.12/site-packages/airflow/example_dags/example_kubernetes_executor.py took 0.018 seconds
