[2024-12-03T20:46:49.939+0700] {processor.py:186} INFO - Started process (PID=1205) to work on /home/tedubuamo/project/venv/lib/python3.12/site-packages/airflow/example_dags/example_nested_branch_dag.py
[2024-12-03T20:46:49.939+0700] {processor.py:914} INFO - Processing file /home/tedubuamo/project/venv/lib/python3.12/site-packages/airflow/example_dags/example_nested_branch_dag.py for tasks to queue
[2024-12-03T20:46:49.941+0700] {logging_mixin.py:190} INFO - [2024-12-03T20:46:49.940+0700] {dagbag.py:588} INFO - Filling up the DagBag from /home/tedubuamo/project/venv/lib/python3.12/site-packages/airflow/example_dags/example_nested_branch_dag.py
[2024-12-03T20:46:49.953+0700] {processor.py:925} INFO - DAG(s) 'example_nested_branch_dag' retrieved from /home/tedubuamo/project/venv/lib/python3.12/site-packages/airflow/example_dags/example_nested_branch_dag.py
[2024-12-03T20:46:49.961+0700] {logging_mixin.py:190} INFO - [2024-12-03T20:46:49.961+0700] {dag.py:3239} INFO - Sync 1 DAGs
[2024-12-03T20:46:49.976+0700] {logging_mixin.py:190} INFO - [2024-12-03T20:46:49.976+0700] {dag.py:4180} INFO - Setting next_dagrun for example_nested_branch_dag to 2024-12-02 00:00:00+00:00, run_after=2024-12-03 00:00:00+00:00
[2024-12-03T20:46:49.996+0700] {processor.py:208} INFO - Processing /home/tedubuamo/project/venv/lib/python3.12/site-packages/airflow/example_dags/example_nested_branch_dag.py took 0.061 seconds
[2024-12-03T20:57:24.920+0700] {processor.py:186} INFO - Started process (PID=1620) to work on /home/tedubuamo/project/venv/lib/python3.12/site-packages/airflow/example_dags/example_nested_branch_dag.py
[2024-12-03T20:57:24.921+0700] {processor.py:914} INFO - Processing file /home/tedubuamo/project/venv/lib/python3.12/site-packages/airflow/example_dags/example_nested_branch_dag.py for tasks to queue
[2024-12-03T20:57:24.923+0700] {logging_mixin.py:190} INFO - [2024-12-03T20:57:24.923+0700] {dagbag.py:588} INFO - Filling up the DagBag from /home/tedubuamo/project/venv/lib/python3.12/site-packages/airflow/example_dags/example_nested_branch_dag.py
[2024-12-03T20:57:24.935+0700] {processor.py:925} INFO - DAG(s) 'example_nested_branch_dag' retrieved from /home/tedubuamo/project/venv/lib/python3.12/site-packages/airflow/example_dags/example_nested_branch_dag.py
[2024-12-03T20:57:25.014+0700] {logging_mixin.py:190} INFO - [2024-12-03T20:57:25.014+0700] {dag.py:3239} INFO - Sync 1 DAGs
[2024-12-03T20:57:25.027+0700] {logging_mixin.py:190} INFO - [2024-12-03T20:57:25.027+0700] {dag.py:4180} INFO - Setting next_dagrun for example_nested_branch_dag to 2024-12-02 00:00:00+00:00, run_after=2024-12-03 00:00:00+00:00
[2024-12-03T20:57:25.048+0700] {processor.py:208} INFO - Processing /home/tedubuamo/project/venv/lib/python3.12/site-packages/airflow/example_dags/example_nested_branch_dag.py took 0.134 seconds
[2024-12-03T20:58:23.378+0700] {processor.py:186} INFO - Started process (PID=1677) to work on /home/tedubuamo/project/venv/lib/python3.12/site-packages/airflow/example_dags/example_nested_branch_dag.py
[2024-12-03T20:58:23.381+0700] {processor.py:914} INFO - Processing file /home/tedubuamo/project/venv/lib/python3.12/site-packages/airflow/example_dags/example_nested_branch_dag.py for tasks to queue
[2024-12-03T20:58:23.383+0700] {logging_mixin.py:190} INFO - [2024-12-03T20:58:23.383+0700] {dagbag.py:588} INFO - Filling up the DagBag from /home/tedubuamo/project/venv/lib/python3.12/site-packages/airflow/example_dags/example_nested_branch_dag.py
[2024-12-03T20:58:23.392+0700] {processor.py:925} INFO - DAG(s) 'example_nested_branch_dag' retrieved from /home/tedubuamo/project/venv/lib/python3.12/site-packages/airflow/example_dags/example_nested_branch_dag.py
[2024-12-03T20:58:23.403+0700] {logging_mixin.py:190} INFO - [2024-12-03T20:58:23.403+0700] {dag.py:3239} INFO - Sync 1 DAGs
[2024-12-03T20:58:23.417+0700] {logging_mixin.py:190} INFO - [2024-12-03T20:58:23.417+0700] {dag.py:4180} INFO - Setting next_dagrun for example_nested_branch_dag to 2024-12-02 00:00:00+00:00, run_after=2024-12-03 00:00:00+00:00
[2024-12-03T20:58:23.433+0700] {processor.py:208} INFO - Processing /home/tedubuamo/project/venv/lib/python3.12/site-packages/airflow/example_dags/example_nested_branch_dag.py took 0.059 seconds
[2024-12-03T20:59:17.452+0700] {processor.py:186} INFO - Started process (PID=1732) to work on /home/tedubuamo/project/venv/lib/python3.12/site-packages/airflow/example_dags/example_nested_branch_dag.py
[2024-12-03T20:59:17.453+0700] {processor.py:914} INFO - Processing file /home/tedubuamo/project/venv/lib/python3.12/site-packages/airflow/example_dags/example_nested_branch_dag.py for tasks to queue
[2024-12-03T20:59:17.456+0700] {logging_mixin.py:190} INFO - [2024-12-03T20:59:17.455+0700] {dagbag.py:588} INFO - Filling up the DagBag from /home/tedubuamo/project/venv/lib/python3.12/site-packages/airflow/example_dags/example_nested_branch_dag.py
[2024-12-03T20:59:17.467+0700] {processor.py:925} INFO - DAG(s) 'example_nested_branch_dag' retrieved from /home/tedubuamo/project/venv/lib/python3.12/site-packages/airflow/example_dags/example_nested_branch_dag.py
[2024-12-03T20:59:17.480+0700] {logging_mixin.py:190} INFO - [2024-12-03T20:59:17.480+0700] {dag.py:3239} INFO - Sync 1 DAGs
[2024-12-03T20:59:17.495+0700] {logging_mixin.py:190} INFO - [2024-12-03T20:59:17.495+0700] {dag.py:4180} INFO - Setting next_dagrun for example_nested_branch_dag to 2024-12-02 00:00:00+00:00, run_after=2024-12-03 00:00:00+00:00
[2024-12-03T20:59:17.511+0700] {processor.py:208} INFO - Processing /home/tedubuamo/project/venv/lib/python3.12/site-packages/airflow/example_dags/example_nested_branch_dag.py took 0.063 seconds
[2024-12-03T21:00:06.215+0700] {processor.py:186} INFO - Started process (PID=1782) to work on /home/tedubuamo/project/venv/lib/python3.12/site-packages/airflow/example_dags/example_nested_branch_dag.py
[2024-12-03T21:00:06.216+0700] {processor.py:914} INFO - Processing file /home/tedubuamo/project/venv/lib/python3.12/site-packages/airflow/example_dags/example_nested_branch_dag.py for tasks to queue
[2024-12-03T21:00:06.218+0700] {logging_mixin.py:190} INFO - [2024-12-03T21:00:06.218+0700] {dagbag.py:588} INFO - Filling up the DagBag from /home/tedubuamo/project/venv/lib/python3.12/site-packages/airflow/example_dags/example_nested_branch_dag.py
[2024-12-03T21:00:06.226+0700] {processor.py:925} INFO - DAG(s) 'example_nested_branch_dag' retrieved from /home/tedubuamo/project/venv/lib/python3.12/site-packages/airflow/example_dags/example_nested_branch_dag.py
[2024-12-03T21:00:06.237+0700] {logging_mixin.py:190} INFO - [2024-12-03T21:00:06.237+0700] {dag.py:3239} INFO - Sync 1 DAGs
[2024-12-03T21:00:06.252+0700] {logging_mixin.py:190} INFO - [2024-12-03T21:00:06.252+0700] {dag.py:4180} INFO - Setting next_dagrun for example_nested_branch_dag to 2024-12-02 00:00:00+00:00, run_after=2024-12-03 00:00:00+00:00
[2024-12-03T21:00:06.274+0700] {processor.py:208} INFO - Processing /home/tedubuamo/project/venv/lib/python3.12/site-packages/airflow/example_dags/example_nested_branch_dag.py took 0.064 seconds
[2024-12-03T21:00:57.718+0700] {processor.py:186} INFO - Started process (PID=1836) to work on /home/tedubuamo/project/venv/lib/python3.12/site-packages/airflow/example_dags/example_nested_branch_dag.py
[2024-12-03T21:00:57.720+0700] {processor.py:914} INFO - Processing file /home/tedubuamo/project/venv/lib/python3.12/site-packages/airflow/example_dags/example_nested_branch_dag.py for tasks to queue
[2024-12-03T21:00:57.722+0700] {logging_mixin.py:190} INFO - [2024-12-03T21:00:57.722+0700] {dagbag.py:588} INFO - Filling up the DagBag from /home/tedubuamo/project/venv/lib/python3.12/site-packages/airflow/example_dags/example_nested_branch_dag.py
[2024-12-03T21:00:57.733+0700] {processor.py:925} INFO - DAG(s) 'example_nested_branch_dag' retrieved from /home/tedubuamo/project/venv/lib/python3.12/site-packages/airflow/example_dags/example_nested_branch_dag.py
[2024-12-03T21:00:57.747+0700] {logging_mixin.py:190} INFO - [2024-12-03T21:00:57.747+0700] {dag.py:3239} INFO - Sync 1 DAGs
[2024-12-03T21:00:57.771+0700] {logging_mixin.py:190} INFO - [2024-12-03T21:00:57.771+0700] {dag.py:4180} INFO - Setting next_dagrun for example_nested_branch_dag to 2024-12-02 00:00:00+00:00, run_after=2024-12-03 00:00:00+00:00
[2024-12-03T21:00:57.794+0700] {processor.py:208} INFO - Processing /home/tedubuamo/project/venv/lib/python3.12/site-packages/airflow/example_dags/example_nested_branch_dag.py took 0.080 seconds
[2024-12-03T21:04:54.546+0700] {processor.py:186} INFO - Started process (PID=1996) to work on /home/tedubuamo/project/venv/lib/python3.12/site-packages/airflow/example_dags/example_nested_branch_dag.py
[2024-12-03T21:04:54.550+0700] {processor.py:914} INFO - Processing file /home/tedubuamo/project/venv/lib/python3.12/site-packages/airflow/example_dags/example_nested_branch_dag.py for tasks to queue
[2024-12-03T21:04:54.551+0700] {logging_mixin.py:190} INFO - [2024-12-03T21:04:54.551+0700] {dagbag.py:588} INFO - Filling up the DagBag from /home/tedubuamo/project/venv/lib/python3.12/site-packages/airflow/example_dags/example_nested_branch_dag.py
[2024-12-03T21:04:54.561+0700] {processor.py:925} INFO - DAG(s) 'example_nested_branch_dag' retrieved from /home/tedubuamo/project/venv/lib/python3.12/site-packages/airflow/example_dags/example_nested_branch_dag.py
[2024-12-03T21:04:54.576+0700] {logging_mixin.py:190} INFO - [2024-12-03T21:04:54.576+0700] {dag.py:3239} INFO - Sync 1 DAGs
[2024-12-03T21:04:54.589+0700] {logging_mixin.py:190} INFO - [2024-12-03T21:04:54.588+0700] {dag.py:4180} INFO - Setting next_dagrun for example_nested_branch_dag to 2024-12-02 00:00:00+00:00, run_after=2024-12-03 00:00:00+00:00
[2024-12-03T21:04:54.604+0700] {processor.py:208} INFO - Processing /home/tedubuamo/project/venv/lib/python3.12/site-packages/airflow/example_dags/example_nested_branch_dag.py took 0.062 seconds
[2024-12-03T21:05:48.877+0700] {processor.py:186} INFO - Started process (PID=2127) to work on /home/tedubuamo/project/venv/lib/python3.12/site-packages/airflow/example_dags/example_nested_branch_dag.py
[2024-12-03T21:05:48.878+0700] {processor.py:914} INFO - Processing file /home/tedubuamo/project/venv/lib/python3.12/site-packages/airflow/example_dags/example_nested_branch_dag.py for tasks to queue
[2024-12-03T21:05:48.881+0700] {logging_mixin.py:190} INFO - [2024-12-03T21:05:48.880+0700] {dagbag.py:588} INFO - Filling up the DagBag from /home/tedubuamo/project/venv/lib/python3.12/site-packages/airflow/example_dags/example_nested_branch_dag.py
[2024-12-03T21:05:48.897+0700] {processor.py:925} INFO - DAG(s) 'example_nested_branch_dag' retrieved from /home/tedubuamo/project/venv/lib/python3.12/site-packages/airflow/example_dags/example_nested_branch_dag.py
[2024-12-03T21:05:48.918+0700] {logging_mixin.py:190} INFO - [2024-12-03T21:05:48.918+0700] {dag.py:3239} INFO - Sync 1 DAGs
[2024-12-03T21:05:48.941+0700] {logging_mixin.py:190} INFO - [2024-12-03T21:05:48.941+0700] {dag.py:4180} INFO - Setting next_dagrun for example_nested_branch_dag to 2024-12-02 00:00:00+00:00, run_after=2024-12-03 00:00:00+00:00
[2024-12-03T21:05:48.964+0700] {processor.py:208} INFO - Processing /home/tedubuamo/project/venv/lib/python3.12/site-packages/airflow/example_dags/example_nested_branch_dag.py took 0.092 seconds
[2024-12-03T21:05:49.421+0700] {processor.py:186} INFO - Started process (PID=2129) to work on /home/tedubuamo/project/venv/lib/python3.12/site-packages/airflow/example_dags/example_nested_branch_dag.py
[2024-12-03T21:05:49.422+0700] {processor.py:914} INFO - Processing file /home/tedubuamo/project/venv/lib/python3.12/site-packages/airflow/example_dags/example_nested_branch_dag.py for tasks to queue
[2024-12-03T21:05:49.423+0700] {logging_mixin.py:190} INFO - [2024-12-03T21:05:49.423+0700] {dagbag.py:588} INFO - Filling up the DagBag from /home/tedubuamo/project/venv/lib/python3.12/site-packages/airflow/example_dags/example_nested_branch_dag.py
[2024-12-03T21:05:49.434+0700] {processor.py:925} INFO - DAG(s) 'example_nested_branch_dag' retrieved from /home/tedubuamo/project/venv/lib/python3.12/site-packages/airflow/example_dags/example_nested_branch_dag.py
[2024-12-03T21:05:49.455+0700] {logging_mixin.py:190} INFO - [2024-12-03T21:05:49.455+0700] {dag.py:3239} INFO - Sync 1 DAGs
[2024-12-03T21:05:49.470+0700] {logging_mixin.py:190} INFO - [2024-12-03T21:05:49.470+0700] {dag.py:4180} INFO - Setting next_dagrun for example_nested_branch_dag to 2024-12-02 00:00:00+00:00, run_after=2024-12-03 00:00:00+00:00
[2024-12-03T21:05:49.489+0700] {processor.py:208} INFO - Processing /home/tedubuamo/project/venv/lib/python3.12/site-packages/airflow/example_dags/example_nested_branch_dag.py took 0.072 seconds
[2024-12-03T21:06:40.943+0700] {processor.py:186} INFO - Started process (PID=2233) to work on /home/tedubuamo/project/venv/lib/python3.12/site-packages/airflow/example_dags/example_nested_branch_dag.py
[2024-12-03T21:06:40.947+0700] {processor.py:914} INFO - Processing file /home/tedubuamo/project/venv/lib/python3.12/site-packages/airflow/example_dags/example_nested_branch_dag.py for tasks to queue
[2024-12-03T21:06:40.948+0700] {logging_mixin.py:190} INFO - [2024-12-03T21:06:40.948+0700] {dagbag.py:588} INFO - Filling up the DagBag from /home/tedubuamo/project/venv/lib/python3.12/site-packages/airflow/example_dags/example_nested_branch_dag.py
[2024-12-03T21:06:40.957+0700] {processor.py:925} INFO - DAG(s) 'example_nested_branch_dag' retrieved from /home/tedubuamo/project/venv/lib/python3.12/site-packages/airflow/example_dags/example_nested_branch_dag.py
[2024-12-03T21:06:40.968+0700] {logging_mixin.py:190} INFO - [2024-12-03T21:06:40.968+0700] {dag.py:3239} INFO - Sync 1 DAGs
[2024-12-03T21:06:40.982+0700] {logging_mixin.py:190} INFO - [2024-12-03T21:06:40.982+0700] {dag.py:4180} INFO - Setting next_dagrun for example_nested_branch_dag to 2024-12-02 00:00:00+00:00, run_after=2024-12-03 00:00:00+00:00
[2024-12-03T21:06:40.998+0700] {processor.py:208} INFO - Processing /home/tedubuamo/project/venv/lib/python3.12/site-packages/airflow/example_dags/example_nested_branch_dag.py took 0.059 seconds
[2024-12-03T21:06:44.694+0700] {processor.py:186} INFO - Started process (PID=2242) to work on /home/tedubuamo/project/venv/lib/python3.12/site-packages/airflow/example_dags/example_nested_branch_dag.py
[2024-12-03T21:06:44.697+0700] {processor.py:914} INFO - Processing file /home/tedubuamo/project/venv/lib/python3.12/site-packages/airflow/example_dags/example_nested_branch_dag.py for tasks to queue
[2024-12-03T21:06:44.700+0700] {logging_mixin.py:190} INFO - [2024-12-03T21:06:44.699+0700] {dagbag.py:588} INFO - Filling up the DagBag from /home/tedubuamo/project/venv/lib/python3.12/site-packages/airflow/example_dags/example_nested_branch_dag.py
[2024-12-03T21:06:44.708+0700] {processor.py:925} INFO - DAG(s) 'example_nested_branch_dag' retrieved from /home/tedubuamo/project/venv/lib/python3.12/site-packages/airflow/example_dags/example_nested_branch_dag.py
[2024-12-03T21:06:44.722+0700] {logging_mixin.py:190} INFO - [2024-12-03T21:06:44.722+0700] {dag.py:3239} INFO - Sync 1 DAGs
[2024-12-03T21:06:44.737+0700] {logging_mixin.py:190} INFO - [2024-12-03T21:06:44.737+0700] {dag.py:4180} INFO - Setting next_dagrun for example_nested_branch_dag to 2024-12-02 00:00:00+00:00, run_after=2024-12-03 00:00:00+00:00
[2024-12-03T21:06:44.756+0700] {processor.py:208} INFO - Processing /home/tedubuamo/project/venv/lib/python3.12/site-packages/airflow/example_dags/example_nested_branch_dag.py took 0.066 seconds
[2024-12-03T21:07:33.275+0700] {processor.py:186} INFO - Started process (PID=2437) to work on /home/tedubuamo/project/venv/lib/python3.12/site-packages/airflow/example_dags/example_nested_branch_dag.py
[2024-12-03T21:07:33.277+0700] {processor.py:914} INFO - Processing file /home/tedubuamo/project/venv/lib/python3.12/site-packages/airflow/example_dags/example_nested_branch_dag.py for tasks to queue
[2024-12-03T21:07:33.281+0700] {logging_mixin.py:190} INFO - [2024-12-03T21:07:33.280+0700] {dagbag.py:588} INFO - Filling up the DagBag from /home/tedubuamo/project/venv/lib/python3.12/site-packages/airflow/example_dags/example_nested_branch_dag.py
[2024-12-03T21:07:33.294+0700] {processor.py:925} INFO - DAG(s) 'example_nested_branch_dag' retrieved from /home/tedubuamo/project/venv/lib/python3.12/site-packages/airflow/example_dags/example_nested_branch_dag.py
[2024-12-03T21:07:33.317+0700] {logging_mixin.py:190} INFO - [2024-12-03T21:07:33.317+0700] {dag.py:3239} INFO - Sync 1 DAGs
[2024-12-03T21:07:33.341+0700] {logging_mixin.py:190} INFO - [2024-12-03T21:07:33.340+0700] {dag.py:4180} INFO - Setting next_dagrun for example_nested_branch_dag to 2024-12-02 00:00:00+00:00, run_after=2024-12-03 00:00:00+00:00
[2024-12-03T21:07:33.368+0700] {processor.py:208} INFO - Processing /home/tedubuamo/project/venv/lib/python3.12/site-packages/airflow/example_dags/example_nested_branch_dag.py took 0.098 seconds
[2024-12-03T21:07:35.591+0700] {processor.py:186} INFO - Started process (PID=2442) to work on /home/tedubuamo/project/venv/lib/python3.12/site-packages/airflow/example_dags/example_nested_branch_dag.py
[2024-12-03T21:07:35.591+0700] {processor.py:914} INFO - Processing file /home/tedubuamo/project/venv/lib/python3.12/site-packages/airflow/example_dags/example_nested_branch_dag.py for tasks to queue
[2024-12-03T21:07:35.593+0700] {logging_mixin.py:190} INFO - [2024-12-03T21:07:35.593+0700] {dagbag.py:588} INFO - Filling up the DagBag from /home/tedubuamo/project/venv/lib/python3.12/site-packages/airflow/example_dags/example_nested_branch_dag.py
[2024-12-03T21:07:35.604+0700] {processor.py:925} INFO - DAG(s) 'example_nested_branch_dag' retrieved from /home/tedubuamo/project/venv/lib/python3.12/site-packages/airflow/example_dags/example_nested_branch_dag.py
[2024-12-03T21:07:35.619+0700] {logging_mixin.py:190} INFO - [2024-12-03T21:07:35.619+0700] {dag.py:3239} INFO - Sync 1 DAGs
[2024-12-03T21:07:35.636+0700] {logging_mixin.py:190} INFO - [2024-12-03T21:07:35.636+0700] {dag.py:4180} INFO - Setting next_dagrun for example_nested_branch_dag to 2024-12-02 00:00:00+00:00, run_after=2024-12-03 00:00:00+00:00
[2024-12-03T21:07:35.654+0700] {processor.py:208} INFO - Processing /home/tedubuamo/project/venv/lib/python3.12/site-packages/airflow/example_dags/example_nested_branch_dag.py took 0.068 seconds
[2024-12-03T21:08:23.906+0700] {processor.py:186} INFO - Started process (PID=2542) to work on /home/tedubuamo/project/venv/lib/python3.12/site-packages/airflow/example_dags/example_nested_branch_dag.py
[2024-12-03T21:08:23.908+0700] {processor.py:914} INFO - Processing file /home/tedubuamo/project/venv/lib/python3.12/site-packages/airflow/example_dags/example_nested_branch_dag.py for tasks to queue
[2024-12-03T21:08:23.910+0700] {logging_mixin.py:190} INFO - [2024-12-03T21:08:23.910+0700] {dagbag.py:588} INFO - Filling up the DagBag from /home/tedubuamo/project/venv/lib/python3.12/site-packages/airflow/example_dags/example_nested_branch_dag.py
[2024-12-03T21:08:23.920+0700] {processor.py:925} INFO - DAG(s) 'example_nested_branch_dag' retrieved from /home/tedubuamo/project/venv/lib/python3.12/site-packages/airflow/example_dags/example_nested_branch_dag.py
[2024-12-03T21:08:23.933+0700] {logging_mixin.py:190} INFO - [2024-12-03T21:08:23.933+0700] {dag.py:3239} INFO - Sync 1 DAGs
[2024-12-03T21:08:23.950+0700] {logging_mixin.py:190} INFO - [2024-12-03T21:08:23.950+0700] {dag.py:4180} INFO - Setting next_dagrun for example_nested_branch_dag to 2024-12-02 00:00:00+00:00, run_after=2024-12-03 00:00:00+00:00
[2024-12-03T21:08:23.972+0700] {processor.py:208} INFO - Processing /home/tedubuamo/project/venv/lib/python3.12/site-packages/airflow/example_dags/example_nested_branch_dag.py took 0.070 seconds
[2024-12-03T21:08:25.117+0700] {processor.py:186} INFO - Started process (PID=2545) to work on /home/tedubuamo/project/venv/lib/python3.12/site-packages/airflow/example_dags/example_nested_branch_dag.py
[2024-12-03T21:08:25.117+0700] {processor.py:914} INFO - Processing file /home/tedubuamo/project/venv/lib/python3.12/site-packages/airflow/example_dags/example_nested_branch_dag.py for tasks to queue
[2024-12-03T21:08:25.120+0700] {logging_mixin.py:190} INFO - [2024-12-03T21:08:25.120+0700] {dagbag.py:588} INFO - Filling up the DagBag from /home/tedubuamo/project/venv/lib/python3.12/site-packages/airflow/example_dags/example_nested_branch_dag.py
[2024-12-03T21:08:25.133+0700] {processor.py:925} INFO - DAG(s) 'example_nested_branch_dag' retrieved from /home/tedubuamo/project/venv/lib/python3.12/site-packages/airflow/example_dags/example_nested_branch_dag.py
[2024-12-03T21:08:25.148+0700] {logging_mixin.py:190} INFO - [2024-12-03T21:08:25.147+0700] {dag.py:3239} INFO - Sync 1 DAGs
[2024-12-03T21:08:25.163+0700] {logging_mixin.py:190} INFO - [2024-12-03T21:08:25.163+0700] {dag.py:4180} INFO - Setting next_dagrun for example_nested_branch_dag to 2024-12-02 00:00:00+00:00, run_after=2024-12-03 00:00:00+00:00
[2024-12-03T21:08:25.191+0700] {processor.py:208} INFO - Processing /home/tedubuamo/project/venv/lib/python3.12/site-packages/airflow/example_dags/example_nested_branch_dag.py took 0.081 seconds
[2024-12-03T21:09:15.728+0700] {processor.py:186} INFO - Started process (PID=2648) to work on /home/tedubuamo/project/venv/lib/python3.12/site-packages/airflow/example_dags/example_nested_branch_dag.py
[2024-12-03T21:09:15.731+0700] {processor.py:914} INFO - Processing file /home/tedubuamo/project/venv/lib/python3.12/site-packages/airflow/example_dags/example_nested_branch_dag.py for tasks to queue
[2024-12-03T21:09:15.732+0700] {logging_mixin.py:190} INFO - [2024-12-03T21:09:15.732+0700] {dagbag.py:588} INFO - Filling up the DagBag from /home/tedubuamo/project/venv/lib/python3.12/site-packages/airflow/example_dags/example_nested_branch_dag.py
[2024-12-03T21:09:15.743+0700] {processor.py:925} INFO - DAG(s) 'example_nested_branch_dag' retrieved from /home/tedubuamo/project/venv/lib/python3.12/site-packages/airflow/example_dags/example_nested_branch_dag.py
[2024-12-03T21:09:15.755+0700] {logging_mixin.py:190} INFO - [2024-12-03T21:09:15.755+0700] {dag.py:3239} INFO - Sync 1 DAGs
[2024-12-03T21:09:15.769+0700] {logging_mixin.py:190} INFO - [2024-12-03T21:09:15.769+0700] {dag.py:4180} INFO - Setting next_dagrun for example_nested_branch_dag to 2024-12-02 00:00:00+00:00, run_after=2024-12-03 00:00:00+00:00
[2024-12-03T21:09:15.785+0700] {processor.py:208} INFO - Processing /home/tedubuamo/project/venv/lib/python3.12/site-packages/airflow/example_dags/example_nested_branch_dag.py took 0.062 seconds
[2024-12-03T21:09:19.037+0700] {processor.py:186} INFO - Started process (PID=2654) to work on /home/tedubuamo/project/venv/lib/python3.12/site-packages/airflow/example_dags/example_nested_branch_dag.py
[2024-12-03T21:09:19.041+0700] {processor.py:914} INFO - Processing file /home/tedubuamo/project/venv/lib/python3.12/site-packages/airflow/example_dags/example_nested_branch_dag.py for tasks to queue
[2024-12-03T21:09:19.043+0700] {logging_mixin.py:190} INFO - [2024-12-03T21:09:19.042+0700] {dagbag.py:588} INFO - Filling up the DagBag from /home/tedubuamo/project/venv/lib/python3.12/site-packages/airflow/example_dags/example_nested_branch_dag.py
[2024-12-03T21:09:19.054+0700] {processor.py:925} INFO - DAG(s) 'example_nested_branch_dag' retrieved from /home/tedubuamo/project/venv/lib/python3.12/site-packages/airflow/example_dags/example_nested_branch_dag.py
[2024-12-03T21:09:19.067+0700] {logging_mixin.py:190} INFO - [2024-12-03T21:09:19.067+0700] {dag.py:3239} INFO - Sync 1 DAGs
[2024-12-03T21:09:19.081+0700] {logging_mixin.py:190} INFO - [2024-12-03T21:09:19.081+0700] {dag.py:4180} INFO - Setting next_dagrun for example_nested_branch_dag to 2024-12-02 00:00:00+00:00, run_after=2024-12-03 00:00:00+00:00
[2024-12-03T21:09:19.101+0700] {processor.py:208} INFO - Processing /home/tedubuamo/project/venv/lib/python3.12/site-packages/airflow/example_dags/example_nested_branch_dag.py took 0.068 seconds
[2024-12-03T21:10:07.380+0700] {processor.py:186} INFO - Started process (PID=2755) to work on /home/tedubuamo/project/venv/lib/python3.12/site-packages/airflow/example_dags/example_nested_branch_dag.py
[2024-12-03T21:10:07.384+0700] {processor.py:914} INFO - Processing file /home/tedubuamo/project/venv/lib/python3.12/site-packages/airflow/example_dags/example_nested_branch_dag.py for tasks to queue
[2024-12-03T21:10:07.386+0700] {logging_mixin.py:190} INFO - [2024-12-03T21:10:07.385+0700] {dagbag.py:588} INFO - Filling up the DagBag from /home/tedubuamo/project/venv/lib/python3.12/site-packages/airflow/example_dags/example_nested_branch_dag.py
[2024-12-03T21:10:07.394+0700] {processor.py:925} INFO - DAG(s) 'example_nested_branch_dag' retrieved from /home/tedubuamo/project/venv/lib/python3.12/site-packages/airflow/example_dags/example_nested_branch_dag.py
[2024-12-03T21:10:07.406+0700] {logging_mixin.py:190} INFO - [2024-12-03T21:10:07.406+0700] {dag.py:3239} INFO - Sync 1 DAGs
[2024-12-03T21:10:07.421+0700] {logging_mixin.py:190} INFO - [2024-12-03T21:10:07.420+0700] {dag.py:4180} INFO - Setting next_dagrun for example_nested_branch_dag to 2024-12-02 00:00:00+00:00, run_after=2024-12-03 00:00:00+00:00
[2024-12-03T21:10:07.438+0700] {processor.py:208} INFO - Processing /home/tedubuamo/project/venv/lib/python3.12/site-packages/airflow/example_dags/example_nested_branch_dag.py took 0.065 seconds
[2024-12-03T21:10:07.563+0700] {processor.py:186} INFO - Started process (PID=2756) to work on /home/tedubuamo/project/venv/lib/python3.12/site-packages/airflow/example_dags/example_nested_branch_dag.py
[2024-12-03T21:10:07.564+0700] {processor.py:914} INFO - Processing file /home/tedubuamo/project/venv/lib/python3.12/site-packages/airflow/example_dags/example_nested_branch_dag.py for tasks to queue
[2024-12-03T21:10:07.565+0700] {logging_mixin.py:190} INFO - [2024-12-03T21:10:07.565+0700] {dagbag.py:588} INFO - Filling up the DagBag from /home/tedubuamo/project/venv/lib/python3.12/site-packages/airflow/example_dags/example_nested_branch_dag.py
[2024-12-03T21:10:07.574+0700] {processor.py:925} INFO - DAG(s) 'example_nested_branch_dag' retrieved from /home/tedubuamo/project/venv/lib/python3.12/site-packages/airflow/example_dags/example_nested_branch_dag.py
[2024-12-03T21:10:07.585+0700] {logging_mixin.py:190} INFO - [2024-12-03T21:10:07.585+0700] {dag.py:3239} INFO - Sync 1 DAGs
[2024-12-03T21:10:07.602+0700] {logging_mixin.py:190} INFO - [2024-12-03T21:10:07.602+0700] {dag.py:4180} INFO - Setting next_dagrun for example_nested_branch_dag to 2024-12-02 00:00:00+00:00, run_after=2024-12-03 00:00:00+00:00
[2024-12-03T21:10:07.620+0700] {processor.py:208} INFO - Processing /home/tedubuamo/project/venv/lib/python3.12/site-packages/airflow/example_dags/example_nested_branch_dag.py took 0.061 seconds
[2024-12-03T21:10:58.212+0700] {processor.py:186} INFO - Started process (PID=2859) to work on /home/tedubuamo/project/venv/lib/python3.12/site-packages/airflow/example_dags/example_nested_branch_dag.py
[2024-12-03T21:10:58.213+0700] {processor.py:914} INFO - Processing file /home/tedubuamo/project/venv/lib/python3.12/site-packages/airflow/example_dags/example_nested_branch_dag.py for tasks to queue
[2024-12-03T21:10:58.214+0700] {logging_mixin.py:190} INFO - [2024-12-03T21:10:58.214+0700] {dagbag.py:588} INFO - Filling up the DagBag from /home/tedubuamo/project/venv/lib/python3.12/site-packages/airflow/example_dags/example_nested_branch_dag.py
[2024-12-03T21:10:58.225+0700] {processor.py:925} INFO - DAG(s) 'example_nested_branch_dag' retrieved from /home/tedubuamo/project/venv/lib/python3.12/site-packages/airflow/example_dags/example_nested_branch_dag.py
[2024-12-03T21:10:58.240+0700] {logging_mixin.py:190} INFO - [2024-12-03T21:10:58.239+0700] {dag.py:3239} INFO - Sync 1 DAGs
[2024-12-03T21:10:58.257+0700] {logging_mixin.py:190} INFO - [2024-12-03T21:10:58.257+0700] {dag.py:4180} INFO - Setting next_dagrun for example_nested_branch_dag to 2024-12-02 00:00:00+00:00, run_after=2024-12-03 00:00:00+00:00
[2024-12-03T21:10:58.279+0700] {processor.py:208} INFO - Processing /home/tedubuamo/project/venv/lib/python3.12/site-packages/airflow/example_dags/example_nested_branch_dag.py took 0.073 seconds
[2024-12-03T21:10:59.753+0700] {processor.py:186} INFO - Started process (PID=2862) to work on /home/tedubuamo/project/venv/lib/python3.12/site-packages/airflow/example_dags/example_nested_branch_dag.py
[2024-12-03T21:10:59.754+0700] {processor.py:914} INFO - Processing file /home/tedubuamo/project/venv/lib/python3.12/site-packages/airflow/example_dags/example_nested_branch_dag.py for tasks to queue
[2024-12-03T21:10:59.756+0700] {logging_mixin.py:190} INFO - [2024-12-03T21:10:59.756+0700] {dagbag.py:588} INFO - Filling up the DagBag from /home/tedubuamo/project/venv/lib/python3.12/site-packages/airflow/example_dags/example_nested_branch_dag.py
[2024-12-03T21:10:59.776+0700] {processor.py:925} INFO - DAG(s) 'example_nested_branch_dag' retrieved from /home/tedubuamo/project/venv/lib/python3.12/site-packages/airflow/example_dags/example_nested_branch_dag.py
[2024-12-03T21:10:59.799+0700] {logging_mixin.py:190} INFO - [2024-12-03T21:10:59.799+0700] {dag.py:3239} INFO - Sync 1 DAGs
[2024-12-03T21:10:59.835+0700] {logging_mixin.py:190} INFO - [2024-12-03T21:10:59.835+0700] {dag.py:4180} INFO - Setting next_dagrun for example_nested_branch_dag to 2024-12-02 00:00:00+00:00, run_after=2024-12-03 00:00:00+00:00
[2024-12-03T21:10:59.903+0700] {processor.py:208} INFO - Processing /home/tedubuamo/project/venv/lib/python3.12/site-packages/airflow/example_dags/example_nested_branch_dag.py took 0.157 seconds
[2024-12-03T21:11:52.387+0700] {processor.py:186} INFO - Started process (PID=2974) to work on /home/tedubuamo/project/venv/lib/python3.12/site-packages/airflow/example_dags/example_nested_branch_dag.py
[2024-12-03T21:11:52.389+0700] {processor.py:914} INFO - Processing file /home/tedubuamo/project/venv/lib/python3.12/site-packages/airflow/example_dags/example_nested_branch_dag.py for tasks to queue
[2024-12-03T21:11:52.390+0700] {logging_mixin.py:190} INFO - [2024-12-03T21:11:52.390+0700] {dagbag.py:588} INFO - Filling up the DagBag from /home/tedubuamo/project/venv/lib/python3.12/site-packages/airflow/example_dags/example_nested_branch_dag.py
[2024-12-03T21:11:52.398+0700] {processor.py:925} INFO - DAG(s) 'example_nested_branch_dag' retrieved from /home/tedubuamo/project/venv/lib/python3.12/site-packages/airflow/example_dags/example_nested_branch_dag.py
[2024-12-03T21:11:52.410+0700] {logging_mixin.py:190} INFO - [2024-12-03T21:11:52.410+0700] {dag.py:3239} INFO - Sync 1 DAGs
[2024-12-03T21:11:52.424+0700] {logging_mixin.py:190} INFO - [2024-12-03T21:11:52.424+0700] {dag.py:4180} INFO - Setting next_dagrun for example_nested_branch_dag to 2024-12-02 00:00:00+00:00, run_after=2024-12-03 00:00:00+00:00
[2024-12-03T21:11:52.440+0700] {processor.py:208} INFO - Processing /home/tedubuamo/project/venv/lib/python3.12/site-packages/airflow/example_dags/example_nested_branch_dag.py took 0.057 seconds
[2024-12-03T21:11:53.291+0700] {processor.py:186} INFO - Started process (PID=2975) to work on /home/tedubuamo/project/venv/lib/python3.12/site-packages/airflow/example_dags/example_nested_branch_dag.py
[2024-12-03T21:11:53.291+0700] {processor.py:914} INFO - Processing file /home/tedubuamo/project/venv/lib/python3.12/site-packages/airflow/example_dags/example_nested_branch_dag.py for tasks to queue
[2024-12-03T21:11:53.292+0700] {logging_mixin.py:190} INFO - [2024-12-03T21:11:53.292+0700] {dagbag.py:588} INFO - Filling up the DagBag from /home/tedubuamo/project/venv/lib/python3.12/site-packages/airflow/example_dags/example_nested_branch_dag.py
[2024-12-03T21:11:53.301+0700] {processor.py:925} INFO - DAG(s) 'example_nested_branch_dag' retrieved from /home/tedubuamo/project/venv/lib/python3.12/site-packages/airflow/example_dags/example_nested_branch_dag.py
[2024-12-03T21:11:53.312+0700] {logging_mixin.py:190} INFO - [2024-12-03T21:11:53.312+0700] {dag.py:3239} INFO - Sync 1 DAGs
[2024-12-03T21:11:53.326+0700] {logging_mixin.py:190} INFO - [2024-12-03T21:11:53.326+0700] {dag.py:4180} INFO - Setting next_dagrun for example_nested_branch_dag to 2024-12-02 00:00:00+00:00, run_after=2024-12-03 00:00:00+00:00
[2024-12-03T21:11:53.344+0700] {processor.py:208} INFO - Processing /home/tedubuamo/project/venv/lib/python3.12/site-packages/airflow/example_dags/example_nested_branch_dag.py took 0.059 seconds
[2024-12-03T21:12:42.617+0700] {processor.py:186} INFO - Started process (PID=3098) to work on /home/tedubuamo/project/venv/lib/python3.12/site-packages/airflow/example_dags/example_nested_branch_dag.py
[2024-12-03T21:12:42.619+0700] {processor.py:914} INFO - Processing file /home/tedubuamo/project/venv/lib/python3.12/site-packages/airflow/example_dags/example_nested_branch_dag.py for tasks to queue
[2024-12-03T21:12:42.621+0700] {logging_mixin.py:190} INFO - [2024-12-03T21:12:42.621+0700] {dagbag.py:588} INFO - Filling up the DagBag from /home/tedubuamo/project/venv/lib/python3.12/site-packages/airflow/example_dags/example_nested_branch_dag.py
[2024-12-03T21:12:42.629+0700] {processor.py:925} INFO - DAG(s) 'example_nested_branch_dag' retrieved from /home/tedubuamo/project/venv/lib/python3.12/site-packages/airflow/example_dags/example_nested_branch_dag.py
[2024-12-03T21:12:42.640+0700] {logging_mixin.py:190} INFO - [2024-12-03T21:12:42.640+0700] {dag.py:3239} INFO - Sync 1 DAGs
[2024-12-03T21:12:42.654+0700] {logging_mixin.py:190} INFO - [2024-12-03T21:12:42.654+0700] {dag.py:4180} INFO - Setting next_dagrun for example_nested_branch_dag to 2024-12-02 00:00:00+00:00, run_after=2024-12-03 00:00:00+00:00
[2024-12-03T21:12:42.670+0700] {processor.py:208} INFO - Processing /home/tedubuamo/project/venv/lib/python3.12/site-packages/airflow/example_dags/example_nested_branch_dag.py took 0.057 seconds
[2024-12-03T21:12:48.919+0700] {processor.py:186} INFO - Started process (PID=3121) to work on /home/tedubuamo/project/venv/lib/python3.12/site-packages/airflow/example_dags/example_nested_branch_dag.py
[2024-12-03T21:12:48.919+0700] {processor.py:914} INFO - Processing file /home/tedubuamo/project/venv/lib/python3.12/site-packages/airflow/example_dags/example_nested_branch_dag.py for tasks to queue
[2024-12-03T21:12:48.921+0700] {logging_mixin.py:190} INFO - [2024-12-03T21:12:48.920+0700] {dagbag.py:588} INFO - Filling up the DagBag from /home/tedubuamo/project/venv/lib/python3.12/site-packages/airflow/example_dags/example_nested_branch_dag.py
[2024-12-03T21:12:48.929+0700] {processor.py:925} INFO - DAG(s) 'example_nested_branch_dag' retrieved from /home/tedubuamo/project/venv/lib/python3.12/site-packages/airflow/example_dags/example_nested_branch_dag.py
[2024-12-03T21:12:48.940+0700] {logging_mixin.py:190} INFO - [2024-12-03T21:12:48.940+0700] {dag.py:3239} INFO - Sync 1 DAGs
[2024-12-03T21:12:48.954+0700] {logging_mixin.py:190} INFO - [2024-12-03T21:12:48.954+0700] {dag.py:4180} INFO - Setting next_dagrun for example_nested_branch_dag to 2024-12-02 00:00:00+00:00, run_after=2024-12-03 00:00:00+00:00
[2024-12-03T21:12:48.971+0700] {processor.py:208} INFO - Processing /home/tedubuamo/project/venv/lib/python3.12/site-packages/airflow/example_dags/example_nested_branch_dag.py took 0.056 seconds
[2024-12-03T21:13:32.348+0700] {processor.py:186} INFO - Started process (PID=3208) to work on /home/tedubuamo/project/venv/lib/python3.12/site-packages/airflow/example_dags/example_nested_branch_dag.py
[2024-12-03T21:13:32.349+0700] {processor.py:914} INFO - Processing file /home/tedubuamo/project/venv/lib/python3.12/site-packages/airflow/example_dags/example_nested_branch_dag.py for tasks to queue
[2024-12-03T21:13:32.350+0700] {logging_mixin.py:190} INFO - [2024-12-03T21:13:32.350+0700] {dagbag.py:588} INFO - Filling up the DagBag from /home/tedubuamo/project/venv/lib/python3.12/site-packages/airflow/example_dags/example_nested_branch_dag.py
[2024-12-03T21:13:32.360+0700] {processor.py:925} INFO - DAG(s) 'example_nested_branch_dag' retrieved from /home/tedubuamo/project/venv/lib/python3.12/site-packages/airflow/example_dags/example_nested_branch_dag.py
[2024-12-03T21:13:32.376+0700] {logging_mixin.py:190} INFO - [2024-12-03T21:13:32.376+0700] {dag.py:3239} INFO - Sync 1 DAGs
[2024-12-03T21:13:32.399+0700] {logging_mixin.py:190} INFO - [2024-12-03T21:13:32.399+0700] {dag.py:4180} INFO - Setting next_dagrun for example_nested_branch_dag to 2024-12-02 00:00:00+00:00, run_after=2024-12-03 00:00:00+00:00
[2024-12-03T21:13:32.424+0700] {processor.py:208} INFO - Processing /home/tedubuamo/project/venv/lib/python3.12/site-packages/airflow/example_dags/example_nested_branch_dag.py took 0.080 seconds
[2024-12-03T21:13:40.508+0700] {processor.py:186} INFO - Started process (PID=3225) to work on /home/tedubuamo/project/venv/lib/python3.12/site-packages/airflow/example_dags/example_nested_branch_dag.py
[2024-12-03T21:13:40.509+0700] {processor.py:914} INFO - Processing file /home/tedubuamo/project/venv/lib/python3.12/site-packages/airflow/example_dags/example_nested_branch_dag.py for tasks to queue
[2024-12-03T21:13:40.510+0700] {logging_mixin.py:190} INFO - [2024-12-03T21:13:40.510+0700] {dagbag.py:588} INFO - Filling up the DagBag from /home/tedubuamo/project/venv/lib/python3.12/site-packages/airflow/example_dags/example_nested_branch_dag.py
[2024-12-03T21:13:40.520+0700] {processor.py:925} INFO - DAG(s) 'example_nested_branch_dag' retrieved from /home/tedubuamo/project/venv/lib/python3.12/site-packages/airflow/example_dags/example_nested_branch_dag.py
[2024-12-03T21:13:40.533+0700] {logging_mixin.py:190} INFO - [2024-12-03T21:13:40.533+0700] {dag.py:3239} INFO - Sync 1 DAGs
[2024-12-03T21:13:40.549+0700] {logging_mixin.py:190} INFO - [2024-12-03T21:13:40.549+0700] {dag.py:4180} INFO - Setting next_dagrun for example_nested_branch_dag to 2024-12-02 00:00:00+00:00, run_after=2024-12-03 00:00:00+00:00
[2024-12-03T21:13:40.570+0700] {processor.py:208} INFO - Processing /home/tedubuamo/project/venv/lib/python3.12/site-packages/airflow/example_dags/example_nested_branch_dag.py took 0.066 seconds
[2024-12-03T21:14:23.407+0700] {processor.py:186} INFO - Started process (PID=3315) to work on /home/tedubuamo/project/venv/lib/python3.12/site-packages/airflow/example_dags/example_nested_branch_dag.py
[2024-12-03T21:14:23.409+0700] {processor.py:914} INFO - Processing file /home/tedubuamo/project/venv/lib/python3.12/site-packages/airflow/example_dags/example_nested_branch_dag.py for tasks to queue
[2024-12-03T21:14:23.410+0700] {logging_mixin.py:190} INFO - [2024-12-03T21:14:23.410+0700] {dagbag.py:588} INFO - Filling up the DagBag from /home/tedubuamo/project/venv/lib/python3.12/site-packages/airflow/example_dags/example_nested_branch_dag.py
[2024-12-03T21:14:23.419+0700] {processor.py:925} INFO - DAG(s) 'example_nested_branch_dag' retrieved from /home/tedubuamo/project/venv/lib/python3.12/site-packages/airflow/example_dags/example_nested_branch_dag.py
[2024-12-03T21:14:23.430+0700] {logging_mixin.py:190} INFO - [2024-12-03T21:14:23.429+0700] {dag.py:3239} INFO - Sync 1 DAGs
[2024-12-03T21:14:23.444+0700] {logging_mixin.py:190} INFO - [2024-12-03T21:14:23.444+0700] {dag.py:4180} INFO - Setting next_dagrun for example_nested_branch_dag to 2024-12-02 00:00:00+00:00, run_after=2024-12-03 00:00:00+00:00
[2024-12-03T21:14:23.463+0700] {processor.py:208} INFO - Processing /home/tedubuamo/project/venv/lib/python3.12/site-packages/airflow/example_dags/example_nested_branch_dag.py took 0.060 seconds
[2024-12-03T21:14:31.065+0700] {processor.py:186} INFO - Started process (PID=3330) to work on /home/tedubuamo/project/venv/lib/python3.12/site-packages/airflow/example_dags/example_nested_branch_dag.py
[2024-12-03T21:14:31.065+0700] {processor.py:914} INFO - Processing file /home/tedubuamo/project/venv/lib/python3.12/site-packages/airflow/example_dags/example_nested_branch_dag.py for tasks to queue
[2024-12-03T21:14:31.067+0700] {logging_mixin.py:190} INFO - [2024-12-03T21:14:31.066+0700] {dagbag.py:588} INFO - Filling up the DagBag from /home/tedubuamo/project/venv/lib/python3.12/site-packages/airflow/example_dags/example_nested_branch_dag.py
[2024-12-03T21:14:31.075+0700] {processor.py:925} INFO - DAG(s) 'example_nested_branch_dag' retrieved from /home/tedubuamo/project/venv/lib/python3.12/site-packages/airflow/example_dags/example_nested_branch_dag.py
[2024-12-03T21:14:31.087+0700] {logging_mixin.py:190} INFO - [2024-12-03T21:14:31.087+0700] {dag.py:3239} INFO - Sync 1 DAGs
[2024-12-03T21:14:31.100+0700] {logging_mixin.py:190} INFO - [2024-12-03T21:14:31.100+0700] {dag.py:4180} INFO - Setting next_dagrun for example_nested_branch_dag to 2024-12-02 00:00:00+00:00, run_after=2024-12-03 00:00:00+00:00
[2024-12-03T21:14:31.117+0700] {processor.py:208} INFO - Processing /home/tedubuamo/project/venv/lib/python3.12/site-packages/airflow/example_dags/example_nested_branch_dag.py took 0.056 seconds
[2024-12-03T21:15:16.082+0700] {processor.py:186} INFO - Started process (PID=3425) to work on /home/tedubuamo/project/venv/lib/python3.12/site-packages/airflow/example_dags/example_nested_branch_dag.py
[2024-12-03T21:15:16.085+0700] {processor.py:914} INFO - Processing file /home/tedubuamo/project/venv/lib/python3.12/site-packages/airflow/example_dags/example_nested_branch_dag.py for tasks to queue
[2024-12-03T21:15:16.087+0700] {logging_mixin.py:190} INFO - [2024-12-03T21:15:16.086+0700] {dagbag.py:588} INFO - Filling up the DagBag from /home/tedubuamo/project/venv/lib/python3.12/site-packages/airflow/example_dags/example_nested_branch_dag.py
[2024-12-03T21:15:16.095+0700] {processor.py:925} INFO - DAG(s) 'example_nested_branch_dag' retrieved from /home/tedubuamo/project/venv/lib/python3.12/site-packages/airflow/example_dags/example_nested_branch_dag.py
[2024-12-03T21:15:16.106+0700] {logging_mixin.py:190} INFO - [2024-12-03T21:15:16.106+0700] {dag.py:3239} INFO - Sync 1 DAGs
[2024-12-03T21:15:16.120+0700] {logging_mixin.py:190} INFO - [2024-12-03T21:15:16.120+0700] {dag.py:4180} INFO - Setting next_dagrun for example_nested_branch_dag to 2024-12-02 00:00:00+00:00, run_after=2024-12-03 00:00:00+00:00
[2024-12-03T21:15:16.136+0700] {processor.py:208} INFO - Processing /home/tedubuamo/project/venv/lib/python3.12/site-packages/airflow/example_dags/example_nested_branch_dag.py took 0.058 seconds
[2024-12-03T21:15:21.793+0700] {processor.py:186} INFO - Started process (PID=3436) to work on /home/tedubuamo/project/venv/lib/python3.12/site-packages/airflow/example_dags/example_nested_branch_dag.py
[2024-12-03T21:15:21.795+0700] {processor.py:914} INFO - Processing file /home/tedubuamo/project/venv/lib/python3.12/site-packages/airflow/example_dags/example_nested_branch_dag.py for tasks to queue
[2024-12-03T21:15:21.797+0700] {logging_mixin.py:190} INFO - [2024-12-03T21:15:21.797+0700] {dagbag.py:588} INFO - Filling up the DagBag from /home/tedubuamo/project/venv/lib/python3.12/site-packages/airflow/example_dags/example_nested_branch_dag.py
[2024-12-03T21:15:21.816+0700] {processor.py:925} INFO - DAG(s) 'example_nested_branch_dag' retrieved from /home/tedubuamo/project/venv/lib/python3.12/site-packages/airflow/example_dags/example_nested_branch_dag.py
[2024-12-03T21:15:21.838+0700] {logging_mixin.py:190} INFO - [2024-12-03T21:15:21.837+0700] {dag.py:3239} INFO - Sync 1 DAGs
[2024-12-03T21:15:21.867+0700] {logging_mixin.py:190} INFO - [2024-12-03T21:15:21.866+0700] {dag.py:4180} INFO - Setting next_dagrun for example_nested_branch_dag to 2024-12-02 00:00:00+00:00, run_after=2024-12-03 00:00:00+00:00
[2024-12-03T21:15:21.893+0700] {processor.py:208} INFO - Processing /home/tedubuamo/project/venv/lib/python3.12/site-packages/airflow/example_dags/example_nested_branch_dag.py took 0.106 seconds
[2024-12-03T21:16:06.870+0700] {processor.py:186} INFO - Started process (PID=3538) to work on /home/tedubuamo/project/venv/lib/python3.12/site-packages/airflow/example_dags/example_nested_branch_dag.py
[2024-12-03T21:16:06.874+0700] {processor.py:914} INFO - Processing file /home/tedubuamo/project/venv/lib/python3.12/site-packages/airflow/example_dags/example_nested_branch_dag.py for tasks to queue
[2024-12-03T21:16:06.877+0700] {logging_mixin.py:190} INFO - [2024-12-03T21:16:06.876+0700] {dagbag.py:588} INFO - Filling up the DagBag from /home/tedubuamo/project/venv/lib/python3.12/site-packages/airflow/example_dags/example_nested_branch_dag.py
[2024-12-03T21:16:06.888+0700] {processor.py:925} INFO - DAG(s) 'example_nested_branch_dag' retrieved from /home/tedubuamo/project/venv/lib/python3.12/site-packages/airflow/example_dags/example_nested_branch_dag.py
[2024-12-03T21:16:06.909+0700] {logging_mixin.py:190} INFO - [2024-12-03T21:16:06.908+0700] {dag.py:3239} INFO - Sync 1 DAGs
[2024-12-03T21:16:06.938+0700] {logging_mixin.py:190} INFO - [2024-12-03T21:16:06.938+0700] {dag.py:4180} INFO - Setting next_dagrun for example_nested_branch_dag to 2024-12-02 00:00:00+00:00, run_after=2024-12-03 00:00:00+00:00
[2024-12-03T21:16:06.975+0700] {processor.py:208} INFO - Processing /home/tedubuamo/project/venv/lib/python3.12/site-packages/airflow/example_dags/example_nested_branch_dag.py took 0.110 seconds
[2024-12-03T21:16:12.220+0700] {processor.py:186} INFO - Started process (PID=3549) to work on /home/tedubuamo/project/venv/lib/python3.12/site-packages/airflow/example_dags/example_nested_branch_dag.py
[2024-12-03T21:16:12.221+0700] {processor.py:914} INFO - Processing file /home/tedubuamo/project/venv/lib/python3.12/site-packages/airflow/example_dags/example_nested_branch_dag.py for tasks to queue
[2024-12-03T21:16:12.224+0700] {logging_mixin.py:190} INFO - [2024-12-03T21:16:12.223+0700] {dagbag.py:588} INFO - Filling up the DagBag from /home/tedubuamo/project/venv/lib/python3.12/site-packages/airflow/example_dags/example_nested_branch_dag.py
[2024-12-03T21:16:12.234+0700] {processor.py:925} INFO - DAG(s) 'example_nested_branch_dag' retrieved from /home/tedubuamo/project/venv/lib/python3.12/site-packages/airflow/example_dags/example_nested_branch_dag.py
[2024-12-03T21:16:12.251+0700] {logging_mixin.py:190} INFO - [2024-12-03T21:16:12.250+0700] {dag.py:3239} INFO - Sync 1 DAGs
[2024-12-03T21:16:12.271+0700] {logging_mixin.py:190} INFO - [2024-12-03T21:16:12.271+0700] {dag.py:4180} INFO - Setting next_dagrun for example_nested_branch_dag to 2024-12-02 00:00:00+00:00, run_after=2024-12-03 00:00:00+00:00
[2024-12-03T21:16:12.297+0700] {processor.py:208} INFO - Processing /home/tedubuamo/project/venv/lib/python3.12/site-packages/airflow/example_dags/example_nested_branch_dag.py took 0.082 seconds
[2024-12-03T21:17:00.887+0700] {processor.py:186} INFO - Started process (PID=3676) to work on /home/tedubuamo/project/venv/lib/python3.12/site-packages/airflow/example_dags/example_nested_branch_dag.py
[2024-12-03T21:17:00.890+0700] {processor.py:914} INFO - Processing file /home/tedubuamo/project/venv/lib/python3.12/site-packages/airflow/example_dags/example_nested_branch_dag.py for tasks to queue
[2024-12-03T21:17:00.891+0700] {logging_mixin.py:190} INFO - [2024-12-03T21:17:00.891+0700] {dagbag.py:588} INFO - Filling up the DagBag from /home/tedubuamo/project/venv/lib/python3.12/site-packages/airflow/example_dags/example_nested_branch_dag.py
[2024-12-03T21:17:00.901+0700] {processor.py:925} INFO - DAG(s) 'example_nested_branch_dag' retrieved from /home/tedubuamo/project/venv/lib/python3.12/site-packages/airflow/example_dags/example_nested_branch_dag.py
[2024-12-03T21:17:00.913+0700] {logging_mixin.py:190} INFO - [2024-12-03T21:17:00.913+0700] {dag.py:3239} INFO - Sync 1 DAGs
[2024-12-03T21:17:00.928+0700] {logging_mixin.py:190} INFO - [2024-12-03T21:17:00.928+0700] {dag.py:4180} INFO - Setting next_dagrun for example_nested_branch_dag to 2024-12-02 00:00:00+00:00, run_after=2024-12-03 00:00:00+00:00
[2024-12-03T21:17:00.946+0700] {processor.py:208} INFO - Processing /home/tedubuamo/project/venv/lib/python3.12/site-packages/airflow/example_dags/example_nested_branch_dag.py took 0.063 seconds
[2024-12-03T21:17:02.619+0700] {processor.py:186} INFO - Started process (PID=3680) to work on /home/tedubuamo/project/venv/lib/python3.12/site-packages/airflow/example_dags/example_nested_branch_dag.py
[2024-12-03T21:17:02.620+0700] {processor.py:914} INFO - Processing file /home/tedubuamo/project/venv/lib/python3.12/site-packages/airflow/example_dags/example_nested_branch_dag.py for tasks to queue
[2024-12-03T21:17:02.622+0700] {logging_mixin.py:190} INFO - [2024-12-03T21:17:02.622+0700] {dagbag.py:588} INFO - Filling up the DagBag from /home/tedubuamo/project/venv/lib/python3.12/site-packages/airflow/example_dags/example_nested_branch_dag.py
[2024-12-03T21:17:02.633+0700] {processor.py:925} INFO - DAG(s) 'example_nested_branch_dag' retrieved from /home/tedubuamo/project/venv/lib/python3.12/site-packages/airflow/example_dags/example_nested_branch_dag.py
[2024-12-03T21:17:02.648+0700] {logging_mixin.py:190} INFO - [2024-12-03T21:17:02.647+0700] {dag.py:3239} INFO - Sync 1 DAGs
[2024-12-03T21:17:02.664+0700] {logging_mixin.py:190} INFO - [2024-12-03T21:17:02.664+0700] {dag.py:4180} INFO - Setting next_dagrun for example_nested_branch_dag to 2024-12-02 00:00:00+00:00, run_after=2024-12-03 00:00:00+00:00
[2024-12-03T21:17:02.684+0700] {processor.py:208} INFO - Processing /home/tedubuamo/project/venv/lib/python3.12/site-packages/airflow/example_dags/example_nested_branch_dag.py took 0.070 seconds
[2024-12-03T21:17:53.023+0700] {processor.py:186} INFO - Started process (PID=3799) to work on /home/tedubuamo/project/venv/lib/python3.12/site-packages/airflow/example_dags/example_nested_branch_dag.py
[2024-12-03T21:17:53.024+0700] {processor.py:914} INFO - Processing file /home/tedubuamo/project/venv/lib/python3.12/site-packages/airflow/example_dags/example_nested_branch_dag.py for tasks to queue
[2024-12-03T21:17:53.026+0700] {logging_mixin.py:190} INFO - [2024-12-03T21:17:53.025+0700] {dagbag.py:588} INFO - Filling up the DagBag from /home/tedubuamo/project/venv/lib/python3.12/site-packages/airflow/example_dags/example_nested_branch_dag.py
[2024-12-03T21:17:53.035+0700] {processor.py:925} INFO - DAG(s) 'example_nested_branch_dag' retrieved from /home/tedubuamo/project/venv/lib/python3.12/site-packages/airflow/example_dags/example_nested_branch_dag.py
[2024-12-03T21:17:53.049+0700] {logging_mixin.py:190} INFO - [2024-12-03T21:17:53.049+0700] {dag.py:3239} INFO - Sync 1 DAGs
[2024-12-03T21:17:53.066+0700] {logging_mixin.py:190} INFO - [2024-12-03T21:17:53.065+0700] {dag.py:4180} INFO - Setting next_dagrun for example_nested_branch_dag to 2024-12-02 00:00:00+00:00, run_after=2024-12-03 00:00:00+00:00
[2024-12-03T21:17:53.093+0700] {processor.py:208} INFO - Processing /home/tedubuamo/project/venv/lib/python3.12/site-packages/airflow/example_dags/example_nested_branch_dag.py took 0.074 seconds
[2024-12-03T21:17:54.225+0700] {processor.py:186} INFO - Started process (PID=3802) to work on /home/tedubuamo/project/venv/lib/python3.12/site-packages/airflow/example_dags/example_nested_branch_dag.py
[2024-12-03T21:17:54.225+0700] {processor.py:914} INFO - Processing file /home/tedubuamo/project/venv/lib/python3.12/site-packages/airflow/example_dags/example_nested_branch_dag.py for tasks to queue
[2024-12-03T21:17:54.227+0700] {logging_mixin.py:190} INFO - [2024-12-03T21:17:54.227+0700] {dagbag.py:588} INFO - Filling up the DagBag from /home/tedubuamo/project/venv/lib/python3.12/site-packages/airflow/example_dags/example_nested_branch_dag.py
[2024-12-03T21:17:54.236+0700] {processor.py:925} INFO - DAG(s) 'example_nested_branch_dag' retrieved from /home/tedubuamo/project/venv/lib/python3.12/site-packages/airflow/example_dags/example_nested_branch_dag.py
[2024-12-03T21:17:54.249+0700] {logging_mixin.py:190} INFO - [2024-12-03T21:17:54.248+0700] {dag.py:3239} INFO - Sync 1 DAGs
[2024-12-03T21:17:54.263+0700] {logging_mixin.py:190} INFO - [2024-12-03T21:17:54.263+0700] {dag.py:4180} INFO - Setting next_dagrun for example_nested_branch_dag to 2024-12-02 00:00:00+00:00, run_after=2024-12-03 00:00:00+00:00
[2024-12-03T21:17:54.280+0700] {processor.py:208} INFO - Processing /home/tedubuamo/project/venv/lib/python3.12/site-packages/airflow/example_dags/example_nested_branch_dag.py took 0.059 seconds
[2024-12-03T21:18:51.547+0700] {processor.py:186} INFO - Started process (PID=3929) to work on /home/tedubuamo/project/venv/lib/python3.12/site-packages/airflow/example_dags/example_nested_branch_dag.py
[2024-12-03T21:18:51.567+0700] {processor.py:914} INFO - Processing file /home/tedubuamo/project/venv/lib/python3.12/site-packages/airflow/example_dags/example_nested_branch_dag.py for tasks to queue
[2024-12-03T21:18:51.569+0700] {logging_mixin.py:190} INFO - [2024-12-03T21:18:51.569+0700] {dagbag.py:588} INFO - Filling up the DagBag from /home/tedubuamo/project/venv/lib/python3.12/site-packages/airflow/example_dags/example_nested_branch_dag.py
[2024-12-03T21:18:51.581+0700] {processor.py:925} INFO - DAG(s) 'example_nested_branch_dag' retrieved from /home/tedubuamo/project/venv/lib/python3.12/site-packages/airflow/example_dags/example_nested_branch_dag.py
[2024-12-03T21:18:51.661+0700] {logging_mixin.py:190} INFO - [2024-12-03T21:18:51.660+0700] {dag.py:3239} INFO - Sync 1 DAGs
[2024-12-03T21:18:51.675+0700] {logging_mixin.py:190} INFO - [2024-12-03T21:18:51.675+0700] {dag.py:4180} INFO - Setting next_dagrun for example_nested_branch_dag to 2024-12-02 00:00:00+00:00, run_after=2024-12-03 00:00:00+00:00
[2024-12-03T21:18:51.718+0700] {processor.py:208} INFO - Processing /home/tedubuamo/project/venv/lib/python3.12/site-packages/airflow/example_dags/example_nested_branch_dag.py took 0.175 seconds
[2024-12-03T21:19:50.461+0700] {processor.py:186} INFO - Started process (PID=3991) to work on /home/tedubuamo/project/venv/lib/python3.12/site-packages/airflow/example_dags/example_nested_branch_dag.py
[2024-12-03T21:19:50.464+0700] {processor.py:914} INFO - Processing file /home/tedubuamo/project/venv/lib/python3.12/site-packages/airflow/example_dags/example_nested_branch_dag.py for tasks to queue
[2024-12-03T21:19:50.466+0700] {logging_mixin.py:190} INFO - [2024-12-03T21:19:50.466+0700] {dagbag.py:588} INFO - Filling up the DagBag from /home/tedubuamo/project/venv/lib/python3.12/site-packages/airflow/example_dags/example_nested_branch_dag.py
[2024-12-03T21:19:50.475+0700] {processor.py:925} INFO - DAG(s) 'example_nested_branch_dag' retrieved from /home/tedubuamo/project/venv/lib/python3.12/site-packages/airflow/example_dags/example_nested_branch_dag.py
[2024-12-03T21:19:50.488+0700] {logging_mixin.py:190} INFO - [2024-12-03T21:19:50.487+0700] {dag.py:3239} INFO - Sync 1 DAGs
[2024-12-03T21:19:50.502+0700] {logging_mixin.py:190} INFO - [2024-12-03T21:19:50.501+0700] {dag.py:4180} INFO - Setting next_dagrun for example_nested_branch_dag to 2024-12-02 00:00:00+00:00, run_after=2024-12-03 00:00:00+00:00
[2024-12-03T21:19:50.521+0700] {processor.py:208} INFO - Processing /home/tedubuamo/project/venv/lib/python3.12/site-packages/airflow/example_dags/example_nested_branch_dag.py took 0.064 seconds
[2024-12-03T21:20:53.014+0700] {processor.py:186} INFO - Started process (PID=4094) to work on /home/tedubuamo/project/venv/lib/python3.12/site-packages/airflow/example_dags/example_nested_branch_dag.py
[2024-12-03T21:20:53.018+0700] {processor.py:914} INFO - Processing file /home/tedubuamo/project/venv/lib/python3.12/site-packages/airflow/example_dags/example_nested_branch_dag.py for tasks to queue
[2024-12-03T21:20:53.020+0700] {logging_mixin.py:190} INFO - [2024-12-03T21:20:53.020+0700] {dagbag.py:588} INFO - Filling up the DagBag from /home/tedubuamo/project/venv/lib/python3.12/site-packages/airflow/example_dags/example_nested_branch_dag.py
[2024-12-03T21:20:53.030+0700] {processor.py:925} INFO - DAG(s) 'example_nested_branch_dag' retrieved from /home/tedubuamo/project/venv/lib/python3.12/site-packages/airflow/example_dags/example_nested_branch_dag.py
[2024-12-03T21:20:53.043+0700] {logging_mixin.py:190} INFO - [2024-12-03T21:20:53.042+0700] {dag.py:3239} INFO - Sync 1 DAGs
[2024-12-03T21:20:53.058+0700] {logging_mixin.py:190} INFO - [2024-12-03T21:20:53.058+0700] {dag.py:4180} INFO - Setting next_dagrun for example_nested_branch_dag to 2024-12-02 00:00:00+00:00, run_after=2024-12-03 00:00:00+00:00
[2024-12-03T21:20:53.076+0700] {processor.py:208} INFO - Processing /home/tedubuamo/project/venv/lib/python3.12/site-packages/airflow/example_dags/example_nested_branch_dag.py took 0.066 seconds
[2024-12-03T21:21:48.801+0700] {processor.py:186} INFO - Started process (PID=4157) to work on /home/tedubuamo/project/venv/lib/python3.12/site-packages/airflow/example_dags/example_nested_branch_dag.py
[2024-12-03T21:21:48.814+0700] {processor.py:914} INFO - Processing file /home/tedubuamo/project/venv/lib/python3.12/site-packages/airflow/example_dags/example_nested_branch_dag.py for tasks to queue
[2024-12-03T21:21:48.817+0700] {logging_mixin.py:190} INFO - [2024-12-03T21:21:48.817+0700] {dagbag.py:588} INFO - Filling up the DagBag from /home/tedubuamo/project/venv/lib/python3.12/site-packages/airflow/example_dags/example_nested_branch_dag.py
[2024-12-03T21:21:48.837+0700] {processor.py:925} INFO - DAG(s) 'example_nested_branch_dag' retrieved from /home/tedubuamo/project/venv/lib/python3.12/site-packages/airflow/example_dags/example_nested_branch_dag.py
[2024-12-03T21:21:48.863+0700] {logging_mixin.py:190} INFO - [2024-12-03T21:21:48.863+0700] {dag.py:3239} INFO - Sync 1 DAGs
[2024-12-03T21:21:48.895+0700] {logging_mixin.py:190} INFO - [2024-12-03T21:21:48.895+0700] {dag.py:4180} INFO - Setting next_dagrun for example_nested_branch_dag to 2024-12-02 00:00:00+00:00, run_after=2024-12-03 00:00:00+00:00
[2024-12-03T21:21:48.929+0700] {processor.py:208} INFO - Processing /home/tedubuamo/project/venv/lib/python3.12/site-packages/airflow/example_dags/example_nested_branch_dag.py took 0.135 seconds
[2024-12-03T21:22:43.495+0700] {processor.py:186} INFO - Started process (PID=4250) to work on /home/tedubuamo/project/venv/lib/python3.12/site-packages/airflow/example_dags/example_nested_branch_dag.py
[2024-12-03T21:22:43.496+0700] {processor.py:914} INFO - Processing file /home/tedubuamo/project/venv/lib/python3.12/site-packages/airflow/example_dags/example_nested_branch_dag.py for tasks to queue
[2024-12-03T21:22:43.498+0700] {logging_mixin.py:190} INFO - [2024-12-03T21:22:43.497+0700] {dagbag.py:588} INFO - Filling up the DagBag from /home/tedubuamo/project/venv/lib/python3.12/site-packages/airflow/example_dags/example_nested_branch_dag.py
[2024-12-03T21:22:43.507+0700] {processor.py:925} INFO - DAG(s) 'example_nested_branch_dag' retrieved from /home/tedubuamo/project/venv/lib/python3.12/site-packages/airflow/example_dags/example_nested_branch_dag.py
[2024-12-03T21:22:43.520+0700] {logging_mixin.py:190} INFO - [2024-12-03T21:22:43.520+0700] {dag.py:3239} INFO - Sync 1 DAGs
[2024-12-03T21:22:43.538+0700] {logging_mixin.py:190} INFO - [2024-12-03T21:22:43.537+0700] {dag.py:4180} INFO - Setting next_dagrun for example_nested_branch_dag to 2024-12-02 00:00:00+00:00, run_after=2024-12-03 00:00:00+00:00
[2024-12-03T21:22:43.558+0700] {processor.py:208} INFO - Processing /home/tedubuamo/project/venv/lib/python3.12/site-packages/airflow/example_dags/example_nested_branch_dag.py took 0.067 seconds
[2024-12-03T21:23:34.674+0700] {processor.py:186} INFO - Started process (PID=4302) to work on /home/tedubuamo/project/venv/lib/python3.12/site-packages/airflow/example_dags/example_nested_branch_dag.py
[2024-12-03T21:23:34.676+0700] {processor.py:914} INFO - Processing file /home/tedubuamo/project/venv/lib/python3.12/site-packages/airflow/example_dags/example_nested_branch_dag.py for tasks to queue
[2024-12-03T21:23:34.678+0700] {logging_mixin.py:190} INFO - [2024-12-03T21:23:34.678+0700] {dagbag.py:588} INFO - Filling up the DagBag from /home/tedubuamo/project/venv/lib/python3.12/site-packages/airflow/example_dags/example_nested_branch_dag.py
[2024-12-03T21:23:34.687+0700] {processor.py:925} INFO - DAG(s) 'example_nested_branch_dag' retrieved from /home/tedubuamo/project/venv/lib/python3.12/site-packages/airflow/example_dags/example_nested_branch_dag.py
[2024-12-03T21:23:34.702+0700] {logging_mixin.py:190} INFO - [2024-12-03T21:23:34.702+0700] {dag.py:3239} INFO - Sync 1 DAGs
[2024-12-03T21:23:34.719+0700] {logging_mixin.py:190} INFO - [2024-12-03T21:23:34.719+0700] {dag.py:4180} INFO - Setting next_dagrun for example_nested_branch_dag to 2024-12-02 00:00:00+00:00, run_after=2024-12-03 00:00:00+00:00
[2024-12-03T21:23:34.740+0700] {processor.py:208} INFO - Processing /home/tedubuamo/project/venv/lib/python3.12/site-packages/airflow/example_dags/example_nested_branch_dag.py took 0.070 seconds
[2024-12-03T21:24:30.350+0700] {processor.py:186} INFO - Started process (PID=4381) to work on /home/tedubuamo/project/venv/lib/python3.12/site-packages/airflow/example_dags/example_nested_branch_dag.py
[2024-12-03T21:24:30.352+0700] {processor.py:914} INFO - Processing file /home/tedubuamo/project/venv/lib/python3.12/site-packages/airflow/example_dags/example_nested_branch_dag.py for tasks to queue
[2024-12-03T21:24:30.353+0700] {logging_mixin.py:190} INFO - [2024-12-03T21:24:30.353+0700] {dagbag.py:588} INFO - Filling up the DagBag from /home/tedubuamo/project/venv/lib/python3.12/site-packages/airflow/example_dags/example_nested_branch_dag.py
[2024-12-03T21:24:30.362+0700] {processor.py:925} INFO - DAG(s) 'example_nested_branch_dag' retrieved from /home/tedubuamo/project/venv/lib/python3.12/site-packages/airflow/example_dags/example_nested_branch_dag.py
[2024-12-03T21:24:30.374+0700] {logging_mixin.py:190} INFO - [2024-12-03T21:24:30.374+0700] {dag.py:3239} INFO - Sync 1 DAGs
[2024-12-03T21:24:30.389+0700] {logging_mixin.py:190} INFO - [2024-12-03T21:24:30.389+0700] {dag.py:4180} INFO - Setting next_dagrun for example_nested_branch_dag to 2024-12-02 00:00:00+00:00, run_after=2024-12-03 00:00:00+00:00
[2024-12-03T21:24:30.407+0700] {processor.py:208} INFO - Processing /home/tedubuamo/project/venv/lib/python3.12/site-packages/airflow/example_dags/example_nested_branch_dag.py took 0.060 seconds
[2024-12-03T21:25:21.029+0700] {processor.py:186} INFO - Started process (PID=4440) to work on /home/tedubuamo/project/venv/lib/python3.12/site-packages/airflow/example_dags/example_nested_branch_dag.py
[2024-12-03T21:25:21.033+0700] {processor.py:914} INFO - Processing file /home/tedubuamo/project/venv/lib/python3.12/site-packages/airflow/example_dags/example_nested_branch_dag.py for tasks to queue
[2024-12-03T21:25:21.034+0700] {logging_mixin.py:190} INFO - [2024-12-03T21:25:21.034+0700] {dagbag.py:588} INFO - Filling up the DagBag from /home/tedubuamo/project/venv/lib/python3.12/site-packages/airflow/example_dags/example_nested_branch_dag.py
[2024-12-03T21:25:21.044+0700] {processor.py:925} INFO - DAG(s) 'example_nested_branch_dag' retrieved from /home/tedubuamo/project/venv/lib/python3.12/site-packages/airflow/example_dags/example_nested_branch_dag.py
[2024-12-03T21:25:21.056+0700] {logging_mixin.py:190} INFO - [2024-12-03T21:25:21.056+0700] {dag.py:3239} INFO - Sync 1 DAGs
[2024-12-03T21:25:21.073+0700] {logging_mixin.py:190} INFO - [2024-12-03T21:25:21.073+0700] {dag.py:4180} INFO - Setting next_dagrun for example_nested_branch_dag to 2024-12-02 00:00:00+00:00, run_after=2024-12-03 00:00:00+00:00
[2024-12-03T21:25:21.091+0700] {processor.py:208} INFO - Processing /home/tedubuamo/project/venv/lib/python3.12/site-packages/airflow/example_dags/example_nested_branch_dag.py took 0.067 seconds
[2024-12-03T21:26:00.009+0700] {processor.py:186} INFO - Started process (PID=4499) to work on /home/tedubuamo/project/venv/lib/python3.12/site-packages/airflow/example_dags/example_nested_branch_dag.py
[2024-12-03T21:26:00.013+0700] {processor.py:914} INFO - Processing file /home/tedubuamo/project/venv/lib/python3.12/site-packages/airflow/example_dags/example_nested_branch_dag.py for tasks to queue
[2024-12-03T21:26:00.016+0700] {logging_mixin.py:190} INFO - [2024-12-03T21:26:00.015+0700] {dagbag.py:588} INFO - Filling up the DagBag from /home/tedubuamo/project/venv/lib/python3.12/site-packages/airflow/example_dags/example_nested_branch_dag.py
[2024-12-03T21:26:00.026+0700] {processor.py:925} INFO - DAG(s) 'example_nested_branch_dag' retrieved from /home/tedubuamo/project/venv/lib/python3.12/site-packages/airflow/example_dags/example_nested_branch_dag.py
[2024-12-03T21:26:00.038+0700] {logging_mixin.py:190} INFO - [2024-12-03T21:26:00.038+0700] {dag.py:3239} INFO - Sync 1 DAGs
[2024-12-03T21:26:00.054+0700] {logging_mixin.py:190} INFO - [2024-12-03T21:26:00.054+0700] {dag.py:4180} INFO - Setting next_dagrun for example_nested_branch_dag to 2024-12-02 00:00:00+00:00, run_after=2024-12-03 00:00:00+00:00
[2024-12-03T21:26:00.073+0700] {processor.py:208} INFO - Processing /home/tedubuamo/project/venv/lib/python3.12/site-packages/airflow/example_dags/example_nested_branch_dag.py took 0.068 seconds
[2024-12-03T21:26:54.313+0700] {processor.py:186} INFO - Started process (PID=4557) to work on /home/tedubuamo/project/venv/lib/python3.12/site-packages/airflow/example_dags/example_nested_branch_dag.py
[2024-12-03T21:26:54.317+0700] {processor.py:914} INFO - Processing file /home/tedubuamo/project/venv/lib/python3.12/site-packages/airflow/example_dags/example_nested_branch_dag.py for tasks to queue
[2024-12-03T21:26:54.319+0700] {logging_mixin.py:190} INFO - [2024-12-03T21:26:54.319+0700] {dagbag.py:588} INFO - Filling up the DagBag from /home/tedubuamo/project/venv/lib/python3.12/site-packages/airflow/example_dags/example_nested_branch_dag.py
[2024-12-03T21:26:54.330+0700] {processor.py:925} INFO - DAG(s) 'example_nested_branch_dag' retrieved from /home/tedubuamo/project/venv/lib/python3.12/site-packages/airflow/example_dags/example_nested_branch_dag.py
[2024-12-03T21:26:54.342+0700] {logging_mixin.py:190} INFO - [2024-12-03T21:26:54.342+0700] {dag.py:3239} INFO - Sync 1 DAGs
[2024-12-03T21:26:54.359+0700] {logging_mixin.py:190} INFO - [2024-12-03T21:26:54.359+0700] {dag.py:4180} INFO - Setting next_dagrun for example_nested_branch_dag to 2024-12-02 00:00:00+00:00, run_after=2024-12-03 00:00:00+00:00
[2024-12-03T21:26:54.380+0700] {processor.py:208} INFO - Processing /home/tedubuamo/project/venv/lib/python3.12/site-packages/airflow/example_dags/example_nested_branch_dag.py took 0.072 seconds
[2024-12-03T21:27:47.008+0700] {processor.py:186} INFO - Started process (PID=4628) to work on /home/tedubuamo/project/venv/lib/python3.12/site-packages/airflow/example_dags/example_nested_branch_dag.py
[2024-12-03T21:27:47.009+0700] {processor.py:914} INFO - Processing file /home/tedubuamo/project/venv/lib/python3.12/site-packages/airflow/example_dags/example_nested_branch_dag.py for tasks to queue
[2024-12-03T21:27:47.011+0700] {logging_mixin.py:190} INFO - [2024-12-03T21:27:47.011+0700] {dagbag.py:588} INFO - Filling up the DagBag from /home/tedubuamo/project/venv/lib/python3.12/site-packages/airflow/example_dags/example_nested_branch_dag.py
[2024-12-03T21:27:47.022+0700] {processor.py:925} INFO - DAG(s) 'example_nested_branch_dag' retrieved from /home/tedubuamo/project/venv/lib/python3.12/site-packages/airflow/example_dags/example_nested_branch_dag.py
[2024-12-03T21:27:47.038+0700] {logging_mixin.py:190} INFO - [2024-12-03T21:27:47.038+0700] {dag.py:3239} INFO - Sync 1 DAGs
[2024-12-03T21:27:47.055+0700] {logging_mixin.py:190} INFO - [2024-12-03T21:27:47.055+0700] {dag.py:4180} INFO - Setting next_dagrun for example_nested_branch_dag to 2024-12-02 00:00:00+00:00, run_after=2024-12-03 00:00:00+00:00
[2024-12-03T21:27:47.076+0700] {processor.py:208} INFO - Processing /home/tedubuamo/project/venv/lib/python3.12/site-packages/airflow/example_dags/example_nested_branch_dag.py took 0.074 seconds
[2024-12-03T21:28:42.606+0700] {processor.py:186} INFO - Started process (PID=4697) to work on /home/tedubuamo/project/venv/lib/python3.12/site-packages/airflow/example_dags/example_nested_branch_dag.py
[2024-12-03T21:28:42.607+0700] {processor.py:914} INFO - Processing file /home/tedubuamo/project/venv/lib/python3.12/site-packages/airflow/example_dags/example_nested_branch_dag.py for tasks to queue
[2024-12-03T21:28:42.609+0700] {logging_mixin.py:190} INFO - [2024-12-03T21:28:42.608+0700] {dagbag.py:588} INFO - Filling up the DagBag from /home/tedubuamo/project/venv/lib/python3.12/site-packages/airflow/example_dags/example_nested_branch_dag.py
[2024-12-03T21:28:42.618+0700] {processor.py:925} INFO - DAG(s) 'example_nested_branch_dag' retrieved from /home/tedubuamo/project/venv/lib/python3.12/site-packages/airflow/example_dags/example_nested_branch_dag.py
[2024-12-03T21:28:42.630+0700] {logging_mixin.py:190} INFO - [2024-12-03T21:28:42.629+0700] {dag.py:3239} INFO - Sync 1 DAGs
[2024-12-03T21:28:42.647+0700] {logging_mixin.py:190} INFO - [2024-12-03T21:28:42.646+0700] {dag.py:4180} INFO - Setting next_dagrun for example_nested_branch_dag to 2024-12-02 00:00:00+00:00, run_after=2024-12-03 00:00:00+00:00
[2024-12-03T21:28:42.665+0700] {processor.py:208} INFO - Processing /home/tedubuamo/project/venv/lib/python3.12/site-packages/airflow/example_dags/example_nested_branch_dag.py took 0.064 seconds
[2024-12-03T21:29:35.374+0700] {processor.py:186} INFO - Started process (PID=4825) to work on /home/tedubuamo/project/venv/lib/python3.12/site-packages/airflow/example_dags/example_nested_branch_dag.py
[2024-12-03T21:29:35.376+0700] {processor.py:914} INFO - Processing file /home/tedubuamo/project/venv/lib/python3.12/site-packages/airflow/example_dags/example_nested_branch_dag.py for tasks to queue
[2024-12-03T21:29:35.377+0700] {logging_mixin.py:190} INFO - [2024-12-03T21:29:35.377+0700] {dagbag.py:588} INFO - Filling up the DagBag from /home/tedubuamo/project/venv/lib/python3.12/site-packages/airflow/example_dags/example_nested_branch_dag.py
[2024-12-03T21:29:35.391+0700] {processor.py:925} INFO - DAG(s) 'example_nested_branch_dag' retrieved from /home/tedubuamo/project/venv/lib/python3.12/site-packages/airflow/example_dags/example_nested_branch_dag.py
[2024-12-03T21:29:35.411+0700] {logging_mixin.py:190} INFO - [2024-12-03T21:29:35.411+0700] {dag.py:3239} INFO - Sync 1 DAGs
[2024-12-03T21:29:35.438+0700] {logging_mixin.py:190} INFO - [2024-12-03T21:29:35.438+0700] {dag.py:4180} INFO - Setting next_dagrun for example_nested_branch_dag to 2024-12-02 00:00:00+00:00, run_after=2024-12-03 00:00:00+00:00
[2024-12-03T21:29:35.472+0700] {processor.py:208} INFO - Processing /home/tedubuamo/project/venv/lib/python3.12/site-packages/airflow/example_dags/example_nested_branch_dag.py took 0.105 seconds
[2024-12-03T21:30:30.201+0700] {processor.py:186} INFO - Started process (PID=4884) to work on /home/tedubuamo/project/venv/lib/python3.12/site-packages/airflow/example_dags/example_nested_branch_dag.py
[2024-12-03T21:30:30.205+0700] {processor.py:914} INFO - Processing file /home/tedubuamo/project/venv/lib/python3.12/site-packages/airflow/example_dags/example_nested_branch_dag.py for tasks to queue
[2024-12-03T21:30:30.206+0700] {logging_mixin.py:190} INFO - [2024-12-03T21:30:30.206+0700] {dagbag.py:588} INFO - Filling up the DagBag from /home/tedubuamo/project/venv/lib/python3.12/site-packages/airflow/example_dags/example_nested_branch_dag.py
[2024-12-03T21:30:30.215+0700] {processor.py:925} INFO - DAG(s) 'example_nested_branch_dag' retrieved from /home/tedubuamo/project/venv/lib/python3.12/site-packages/airflow/example_dags/example_nested_branch_dag.py
[2024-12-03T21:30:30.227+0700] {logging_mixin.py:190} INFO - [2024-12-03T21:30:30.227+0700] {dag.py:3239} INFO - Sync 1 DAGs
[2024-12-03T21:30:30.241+0700] {logging_mixin.py:190} INFO - [2024-12-03T21:30:30.240+0700] {dag.py:4180} INFO - Setting next_dagrun for example_nested_branch_dag to 2024-12-02 00:00:00+00:00, run_after=2024-12-03 00:00:00+00:00
[2024-12-03T21:30:30.259+0700] {processor.py:208} INFO - Processing /home/tedubuamo/project/venv/lib/python3.12/site-packages/airflow/example_dags/example_nested_branch_dag.py took 0.062 seconds
[2024-12-03T21:31:24.242+0700] {processor.py:186} INFO - Started process (PID=4958) to work on /home/tedubuamo/project/venv/lib/python3.12/site-packages/airflow/example_dags/example_nested_branch_dag.py
[2024-12-03T21:31:24.245+0700] {processor.py:914} INFO - Processing file /home/tedubuamo/project/venv/lib/python3.12/site-packages/airflow/example_dags/example_nested_branch_dag.py for tasks to queue
[2024-12-03T21:31:24.247+0700] {logging_mixin.py:190} INFO - [2024-12-03T21:31:24.247+0700] {dagbag.py:588} INFO - Filling up the DagBag from /home/tedubuamo/project/venv/lib/python3.12/site-packages/airflow/example_dags/example_nested_branch_dag.py
[2024-12-03T21:31:24.256+0700] {processor.py:925} INFO - DAG(s) 'example_nested_branch_dag' retrieved from /home/tedubuamo/project/venv/lib/python3.12/site-packages/airflow/example_dags/example_nested_branch_dag.py
[2024-12-03T21:31:24.267+0700] {logging_mixin.py:190} INFO - [2024-12-03T21:31:24.266+0700] {dag.py:3239} INFO - Sync 1 DAGs
[2024-12-03T21:31:24.281+0700] {logging_mixin.py:190} INFO - [2024-12-03T21:31:24.281+0700] {dag.py:4180} INFO - Setting next_dagrun for example_nested_branch_dag to 2024-12-02 00:00:00+00:00, run_after=2024-12-03 00:00:00+00:00
[2024-12-03T21:31:24.298+0700] {processor.py:208} INFO - Processing /home/tedubuamo/project/venv/lib/python3.12/site-packages/airflow/example_dags/example_nested_branch_dag.py took 0.059 seconds
