[2024-12-03T20:57:57.949+0700] {processor.py:186} INFO - Started process (PID=1651) to work on /home/tedubuamo/project/venv/lib/python3.12/site-packages/airflow/example_dags/example_short_circuit_decorator.py
[2024-12-03T20:57:57.949+0700] {processor.py:914} INFO - Processing file /home/tedubuamo/project/venv/lib/python3.12/site-packages/airflow/example_dags/example_short_circuit_decorator.py for tasks to queue
[2024-12-03T20:57:57.951+0700] {logging_mixin.py:190} INFO - [2024-12-03T20:57:57.950+0700] {dagbag.py:588} INFO - Filling up the DagBag from /home/tedubuamo/project/venv/lib/python3.12/site-packages/airflow/example_dags/example_short_circuit_decorator.py
[2024-12-03T20:57:57.959+0700] {processor.py:925} INFO - DAG(s) 'example_short_circuit_decorator' retrieved from /home/tedubuamo/project/venv/lib/python3.12/site-packages/airflow/example_dags/example_short_circuit_decorator.py
[2024-12-03T20:57:58.027+0700] {logging_mixin.py:190} INFO - [2024-12-03T20:57:58.026+0700] {dag.py:3239} INFO - Sync 1 DAGs
[2024-12-03T20:57:58.035+0700] {logging_mixin.py:190} INFO - [2024-12-03T20:57:58.035+0700] {dag.py:4180} INFO - Setting next_dagrun for example_short_circuit_decorator to None, run_after=None
[2024-12-03T20:57:58.052+0700] {processor.py:208} INFO - Processing /home/tedubuamo/project/venv/lib/python3.12/site-packages/airflow/example_dags/example_short_circuit_decorator.py took 0.107 seconds
[2024-12-03T20:58:54.353+0700] {processor.py:186} INFO - Started process (PID=1708) to work on /home/tedubuamo/project/venv/lib/python3.12/site-packages/airflow/example_dags/example_short_circuit_decorator.py
[2024-12-03T20:58:54.356+0700] {processor.py:914} INFO - Processing file /home/tedubuamo/project/venv/lib/python3.12/site-packages/airflow/example_dags/example_short_circuit_decorator.py for tasks to queue
[2024-12-03T20:58:54.358+0700] {logging_mixin.py:190} INFO - [2024-12-03T20:58:54.358+0700] {dagbag.py:588} INFO - Filling up the DagBag from /home/tedubuamo/project/venv/lib/python3.12/site-packages/airflow/example_dags/example_short_circuit_decorator.py
[2024-12-03T20:58:54.365+0700] {processor.py:925} INFO - DAG(s) 'example_short_circuit_decorator' retrieved from /home/tedubuamo/project/venv/lib/python3.12/site-packages/airflow/example_dags/example_short_circuit_decorator.py
[2024-12-03T20:58:54.377+0700] {logging_mixin.py:190} INFO - [2024-12-03T20:58:54.377+0700] {dag.py:3239} INFO - Sync 1 DAGs
[2024-12-03T20:58:54.386+0700] {logging_mixin.py:190} INFO - [2024-12-03T20:58:54.386+0700] {dag.py:4180} INFO - Setting next_dagrun for example_short_circuit_decorator to None, run_after=None
[2024-12-03T20:58:54.402+0700] {processor.py:208} INFO - Processing /home/tedubuamo/project/venv/lib/python3.12/site-packages/airflow/example_dags/example_short_circuit_decorator.py took 0.053 seconds
[2024-12-03T20:59:48.808+0700] {processor.py:186} INFO - Started process (PID=1765) to work on /home/tedubuamo/project/venv/lib/python3.12/site-packages/airflow/example_dags/example_short_circuit_decorator.py
[2024-12-03T20:59:48.809+0700] {processor.py:914} INFO - Processing file /home/tedubuamo/project/venv/lib/python3.12/site-packages/airflow/example_dags/example_short_circuit_decorator.py for tasks to queue
[2024-12-03T20:59:48.811+0700] {logging_mixin.py:190} INFO - [2024-12-03T20:59:48.810+0700] {dagbag.py:588} INFO - Filling up the DagBag from /home/tedubuamo/project/venv/lib/python3.12/site-packages/airflow/example_dags/example_short_circuit_decorator.py
[2024-12-03T20:59:48.817+0700] {processor.py:925} INFO - DAG(s) 'example_short_circuit_decorator' retrieved from /home/tedubuamo/project/venv/lib/python3.12/site-packages/airflow/example_dags/example_short_circuit_decorator.py
[2024-12-03T20:59:48.830+0700] {logging_mixin.py:190} INFO - [2024-12-03T20:59:48.830+0700] {dag.py:3239} INFO - Sync 1 DAGs
[2024-12-03T20:59:48.839+0700] {logging_mixin.py:190} INFO - [2024-12-03T20:59:48.839+0700] {dag.py:4180} INFO - Setting next_dagrun for example_short_circuit_decorator to None, run_after=None
[2024-12-03T20:59:48.856+0700] {processor.py:208} INFO - Processing /home/tedubuamo/project/venv/lib/python3.12/site-packages/airflow/example_dags/example_short_circuit_decorator.py took 0.053 seconds
[2024-12-03T21:00:42.553+0700] {processor.py:186} INFO - Started process (PID=1820) to work on /home/tedubuamo/project/venv/lib/python3.12/site-packages/airflow/example_dags/example_short_circuit_decorator.py
[2024-12-03T21:00:42.554+0700] {processor.py:914} INFO - Processing file /home/tedubuamo/project/venv/lib/python3.12/site-packages/airflow/example_dags/example_short_circuit_decorator.py for tasks to queue
[2024-12-03T21:00:42.556+0700] {logging_mixin.py:190} INFO - [2024-12-03T21:00:42.556+0700] {dagbag.py:588} INFO - Filling up the DagBag from /home/tedubuamo/project/venv/lib/python3.12/site-packages/airflow/example_dags/example_short_circuit_decorator.py
[2024-12-03T21:00:42.564+0700] {processor.py:925} INFO - DAG(s) 'example_short_circuit_decorator' retrieved from /home/tedubuamo/project/venv/lib/python3.12/site-packages/airflow/example_dags/example_short_circuit_decorator.py
[2024-12-03T21:00:42.578+0700] {logging_mixin.py:190} INFO - [2024-12-03T21:00:42.577+0700] {dag.py:3239} INFO - Sync 1 DAGs
[2024-12-03T21:00:42.590+0700] {logging_mixin.py:190} INFO - [2024-12-03T21:00:42.590+0700] {dag.py:4180} INFO - Setting next_dagrun for example_short_circuit_decorator to None, run_after=None
[2024-12-03T21:00:42.611+0700] {processor.py:208} INFO - Processing /home/tedubuamo/project/venv/lib/python3.12/site-packages/airflow/example_dags/example_short_circuit_decorator.py took 0.062 seconds
[2024-12-03T21:05:23.744+0700] {processor.py:186} INFO - Started process (PID=2033) to work on /home/tedubuamo/project/venv/lib/python3.12/site-packages/airflow/example_dags/example_short_circuit_decorator.py
[2024-12-03T21:05:23.745+0700] {processor.py:914} INFO - Processing file /home/tedubuamo/project/venv/lib/python3.12/site-packages/airflow/example_dags/example_short_circuit_decorator.py for tasks to queue
[2024-12-03T21:05:23.746+0700] {logging_mixin.py:190} INFO - [2024-12-03T21:05:23.746+0700] {dagbag.py:588} INFO - Filling up the DagBag from /home/tedubuamo/project/venv/lib/python3.12/site-packages/airflow/example_dags/example_short_circuit_decorator.py
[2024-12-03T21:05:23.754+0700] {processor.py:925} INFO - DAG(s) 'example_short_circuit_decorator' retrieved from /home/tedubuamo/project/venv/lib/python3.12/site-packages/airflow/example_dags/example_short_circuit_decorator.py
[2024-12-03T21:05:23.768+0700] {logging_mixin.py:190} INFO - [2024-12-03T21:05:23.767+0700] {dag.py:3239} INFO - Sync 1 DAGs
[2024-12-03T21:05:23.777+0700] {logging_mixin.py:190} INFO - [2024-12-03T21:05:23.777+0700] {dag.py:4180} INFO - Setting next_dagrun for example_short_circuit_decorator to None, run_after=None
[2024-12-03T21:05:23.794+0700] {processor.py:208} INFO - Processing /home/tedubuamo/project/venv/lib/python3.12/site-packages/airflow/example_dags/example_short_circuit_decorator.py took 0.054 seconds
[2024-12-03T21:06:19.150+0700] {processor.py:186} INFO - Started process (PID=2190) to work on /home/tedubuamo/project/venv/lib/python3.12/site-packages/airflow/example_dags/example_short_circuit_decorator.py
[2024-12-03T21:06:19.151+0700] {processor.py:914} INFO - Processing file /home/tedubuamo/project/venv/lib/python3.12/site-packages/airflow/example_dags/example_short_circuit_decorator.py for tasks to queue
[2024-12-03T21:06:19.152+0700] {logging_mixin.py:190} INFO - [2024-12-03T21:06:19.152+0700] {dagbag.py:588} INFO - Filling up the DagBag from /home/tedubuamo/project/venv/lib/python3.12/site-packages/airflow/example_dags/example_short_circuit_decorator.py
[2024-12-03T21:06:19.159+0700] {processor.py:925} INFO - DAG(s) 'example_short_circuit_decorator' retrieved from /home/tedubuamo/project/venv/lib/python3.12/site-packages/airflow/example_dags/example_short_circuit_decorator.py
[2024-12-03T21:06:19.174+0700] {logging_mixin.py:190} INFO - [2024-12-03T21:06:19.173+0700] {dag.py:3239} INFO - Sync 1 DAGs
[2024-12-03T21:06:19.185+0700] {logging_mixin.py:190} INFO - [2024-12-03T21:06:19.185+0700] {dag.py:4180} INFO - Setting next_dagrun for example_short_circuit_decorator to None, run_after=None
[2024-12-03T21:06:19.216+0700] {processor.py:208} INFO - Processing /home/tedubuamo/project/venv/lib/python3.12/site-packages/airflow/example_dags/example_short_circuit_decorator.py took 0.071 seconds
[2024-12-03T21:06:20.131+0700] {processor.py:186} INFO - Started process (PID=2192) to work on /home/tedubuamo/project/venv/lib/python3.12/site-packages/airflow/example_dags/example_short_circuit_decorator.py
[2024-12-03T21:06:20.133+0700] {processor.py:914} INFO - Processing file /home/tedubuamo/project/venv/lib/python3.12/site-packages/airflow/example_dags/example_short_circuit_decorator.py for tasks to queue
[2024-12-03T21:06:20.138+0700] {logging_mixin.py:190} INFO - [2024-12-03T21:06:20.136+0700] {dagbag.py:588} INFO - Filling up the DagBag from /home/tedubuamo/project/venv/lib/python3.12/site-packages/airflow/example_dags/example_short_circuit_decorator.py
[2024-12-03T21:06:20.152+0700] {processor.py:925} INFO - DAG(s) 'example_short_circuit_decorator' retrieved from /home/tedubuamo/project/venv/lib/python3.12/site-packages/airflow/example_dags/example_short_circuit_decorator.py
[2024-12-03T21:06:20.177+0700] {logging_mixin.py:190} INFO - [2024-12-03T21:06:20.176+0700] {dag.py:3239} INFO - Sync 1 DAGs
[2024-12-03T21:06:20.199+0700] {logging_mixin.py:190} INFO - [2024-12-03T21:06:20.197+0700] {dag.py:4180} INFO - Setting next_dagrun for example_short_circuit_decorator to None, run_after=None
[2024-12-03T21:06:20.236+0700] {processor.py:208} INFO - Processing /home/tedubuamo/project/venv/lib/python3.12/site-packages/airflow/example_dags/example_short_circuit_decorator.py took 0.112 seconds
[2024-12-03T21:07:15.431+0700] {processor.py:186} INFO - Started process (PID=2391) to work on /home/tedubuamo/project/venv/lib/python3.12/site-packages/airflow/example_dags/example_short_circuit_decorator.py
[2024-12-03T21:07:15.432+0700] {processor.py:914} INFO - Processing file /home/tedubuamo/project/venv/lib/python3.12/site-packages/airflow/example_dags/example_short_circuit_decorator.py for tasks to queue
[2024-12-03T21:07:15.436+0700] {logging_mixin.py:190} INFO - [2024-12-03T21:07:15.435+0700] {dagbag.py:588} INFO - Filling up the DagBag from /home/tedubuamo/project/venv/lib/python3.12/site-packages/airflow/example_dags/example_short_circuit_decorator.py
[2024-12-03T21:07:15.445+0700] {processor.py:925} INFO - DAG(s) 'example_short_circuit_decorator' retrieved from /home/tedubuamo/project/venv/lib/python3.12/site-packages/airflow/example_dags/example_short_circuit_decorator.py
[2024-12-03T21:07:15.460+0700] {logging_mixin.py:190} INFO - [2024-12-03T21:07:15.460+0700] {dag.py:3239} INFO - Sync 1 DAGs
[2024-12-03T21:07:15.471+0700] {logging_mixin.py:190} INFO - [2024-12-03T21:07:15.471+0700] {dag.py:4180} INFO - Setting next_dagrun for example_short_circuit_decorator to None, run_after=None
[2024-12-03T21:07:15.493+0700] {processor.py:208} INFO - Processing /home/tedubuamo/project/venv/lib/python3.12/site-packages/airflow/example_dags/example_short_circuit_decorator.py took 0.066 seconds
[2024-12-03T21:07:16.006+0700] {processor.py:186} INFO - Started process (PID=2393) to work on /home/tedubuamo/project/venv/lib/python3.12/site-packages/airflow/example_dags/example_short_circuit_decorator.py
[2024-12-03T21:07:16.007+0700] {processor.py:914} INFO - Processing file /home/tedubuamo/project/venv/lib/python3.12/site-packages/airflow/example_dags/example_short_circuit_decorator.py for tasks to queue
[2024-12-03T21:07:16.008+0700] {logging_mixin.py:190} INFO - [2024-12-03T21:07:16.008+0700] {dagbag.py:588} INFO - Filling up the DagBag from /home/tedubuamo/project/venv/lib/python3.12/site-packages/airflow/example_dags/example_short_circuit_decorator.py
[2024-12-03T21:07:16.015+0700] {processor.py:925} INFO - DAG(s) 'example_short_circuit_decorator' retrieved from /home/tedubuamo/project/venv/lib/python3.12/site-packages/airflow/example_dags/example_short_circuit_decorator.py
[2024-12-03T21:07:16.028+0700] {logging_mixin.py:190} INFO - [2024-12-03T21:07:16.027+0700] {dag.py:3239} INFO - Sync 1 DAGs
[2024-12-03T21:07:16.037+0700] {logging_mixin.py:190} INFO - [2024-12-03T21:07:16.036+0700] {dag.py:4180} INFO - Setting next_dagrun for example_short_circuit_decorator to None, run_after=None
[2024-12-03T21:07:16.053+0700] {processor.py:208} INFO - Processing /home/tedubuamo/project/venv/lib/python3.12/site-packages/airflow/example_dags/example_short_circuit_decorator.py took 0.051 seconds
[2024-12-03T21:08:07.442+0700] {processor.py:186} INFO - Started process (PID=2509) to work on /home/tedubuamo/project/venv/lib/python3.12/site-packages/airflow/example_dags/example_short_circuit_decorator.py
[2024-12-03T21:08:07.444+0700] {processor.py:914} INFO - Processing file /home/tedubuamo/project/venv/lib/python3.12/site-packages/airflow/example_dags/example_short_circuit_decorator.py for tasks to queue
[2024-12-03T21:08:07.446+0700] {logging_mixin.py:190} INFO - [2024-12-03T21:08:07.446+0700] {dagbag.py:588} INFO - Filling up the DagBag from /home/tedubuamo/project/venv/lib/python3.12/site-packages/airflow/example_dags/example_short_circuit_decorator.py
[2024-12-03T21:08:07.457+0700] {processor.py:925} INFO - DAG(s) 'example_short_circuit_decorator' retrieved from /home/tedubuamo/project/venv/lib/python3.12/site-packages/airflow/example_dags/example_short_circuit_decorator.py
[2024-12-03T21:08:07.473+0700] {logging_mixin.py:190} INFO - [2024-12-03T21:08:07.473+0700] {dag.py:3239} INFO - Sync 1 DAGs
[2024-12-03T21:08:07.485+0700] {logging_mixin.py:190} INFO - [2024-12-03T21:08:07.485+0700] {dag.py:4180} INFO - Setting next_dagrun for example_short_circuit_decorator to None, run_after=None
[2024-12-03T21:08:07.515+0700] {processor.py:208} INFO - Processing /home/tedubuamo/project/venv/lib/python3.12/site-packages/airflow/example_dags/example_short_circuit_decorator.py took 0.078 seconds
[2024-12-03T21:08:09.561+0700] {processor.py:186} INFO - Started process (PID=2513) to work on /home/tedubuamo/project/venv/lib/python3.12/site-packages/airflow/example_dags/example_short_circuit_decorator.py
[2024-12-03T21:08:09.562+0700] {processor.py:914} INFO - Processing file /home/tedubuamo/project/venv/lib/python3.12/site-packages/airflow/example_dags/example_short_circuit_decorator.py for tasks to queue
[2024-12-03T21:08:09.564+0700] {logging_mixin.py:190} INFO - [2024-12-03T21:08:09.564+0700] {dagbag.py:588} INFO - Filling up the DagBag from /home/tedubuamo/project/venv/lib/python3.12/site-packages/airflow/example_dags/example_short_circuit_decorator.py
[2024-12-03T21:08:09.576+0700] {processor.py:925} INFO - DAG(s) 'example_short_circuit_decorator' retrieved from /home/tedubuamo/project/venv/lib/python3.12/site-packages/airflow/example_dags/example_short_circuit_decorator.py
[2024-12-03T21:08:09.597+0700] {logging_mixin.py:190} INFO - [2024-12-03T21:08:09.597+0700] {dag.py:3239} INFO - Sync 1 DAGs
[2024-12-03T21:08:09.609+0700] {logging_mixin.py:190} INFO - [2024-12-03T21:08:09.608+0700] {dag.py:4180} INFO - Setting next_dagrun for example_short_circuit_decorator to None, run_after=None
[2024-12-03T21:08:09.629+0700] {processor.py:208} INFO - Processing /home/tedubuamo/project/venv/lib/python3.12/site-packages/airflow/example_dags/example_short_circuit_decorator.py took 0.075 seconds
[2024-12-03T21:09:01.207+0700] {processor.py:186} INFO - Started process (PID=2616) to work on /home/tedubuamo/project/venv/lib/python3.12/site-packages/airflow/example_dags/example_short_circuit_decorator.py
[2024-12-03T21:09:01.209+0700] {processor.py:914} INFO - Processing file /home/tedubuamo/project/venv/lib/python3.12/site-packages/airflow/example_dags/example_short_circuit_decorator.py for tasks to queue
[2024-12-03T21:09:01.210+0700] {logging_mixin.py:190} INFO - [2024-12-03T21:09:01.210+0700] {dagbag.py:588} INFO - Filling up the DagBag from /home/tedubuamo/project/venv/lib/python3.12/site-packages/airflow/example_dags/example_short_circuit_decorator.py
[2024-12-03T21:09:01.218+0700] {processor.py:925} INFO - DAG(s) 'example_short_circuit_decorator' retrieved from /home/tedubuamo/project/venv/lib/python3.12/site-packages/airflow/example_dags/example_short_circuit_decorator.py
[2024-12-03T21:09:01.230+0700] {logging_mixin.py:190} INFO - [2024-12-03T21:09:01.230+0700] {dag.py:3239} INFO - Sync 1 DAGs
[2024-12-03T21:09:01.239+0700] {logging_mixin.py:190} INFO - [2024-12-03T21:09:01.239+0700] {dag.py:4180} INFO - Setting next_dagrun for example_short_circuit_decorator to None, run_after=None
[2024-12-03T21:09:01.257+0700] {processor.py:208} INFO - Processing /home/tedubuamo/project/venv/lib/python3.12/site-packages/airflow/example_dags/example_short_circuit_decorator.py took 0.054 seconds
[2024-12-03T21:09:01.318+0700] {processor.py:186} INFO - Started process (PID=2617) to work on /home/tedubuamo/project/venv/lib/python3.12/site-packages/airflow/example_dags/example_short_circuit_decorator.py
[2024-12-03T21:09:01.319+0700] {processor.py:914} INFO - Processing file /home/tedubuamo/project/venv/lib/python3.12/site-packages/airflow/example_dags/example_short_circuit_decorator.py for tasks to queue
[2024-12-03T21:09:01.320+0700] {logging_mixin.py:190} INFO - [2024-12-03T21:09:01.320+0700] {dagbag.py:588} INFO - Filling up the DagBag from /home/tedubuamo/project/venv/lib/python3.12/site-packages/airflow/example_dags/example_short_circuit_decorator.py
[2024-12-03T21:09:01.328+0700] {processor.py:925} INFO - DAG(s) 'example_short_circuit_decorator' retrieved from /home/tedubuamo/project/venv/lib/python3.12/site-packages/airflow/example_dags/example_short_circuit_decorator.py
[2024-12-03T21:09:01.341+0700] {logging_mixin.py:190} INFO - [2024-12-03T21:09:01.340+0700] {dag.py:3239} INFO - Sync 1 DAGs
[2024-12-03T21:09:01.350+0700] {logging_mixin.py:190} INFO - [2024-12-03T21:09:01.350+0700] {dag.py:4180} INFO - Setting next_dagrun for example_short_circuit_decorator to None, run_after=None
[2024-12-03T21:09:01.367+0700] {processor.py:208} INFO - Processing /home/tedubuamo/project/venv/lib/python3.12/site-packages/airflow/example_dags/example_short_circuit_decorator.py took 0.053 seconds
[2024-12-03T21:09:49.975+0700] {processor.py:186} INFO - Started process (PID=2720) to work on /home/tedubuamo/project/venv/lib/python3.12/site-packages/airflow/example_dags/example_short_circuit_decorator.py
[2024-12-03T21:09:49.976+0700] {processor.py:914} INFO - Processing file /home/tedubuamo/project/venv/lib/python3.12/site-packages/airflow/example_dags/example_short_circuit_decorator.py for tasks to queue
[2024-12-03T21:09:49.978+0700] {logging_mixin.py:190} INFO - [2024-12-03T21:09:49.978+0700] {dagbag.py:588} INFO - Filling up the DagBag from /home/tedubuamo/project/venv/lib/python3.12/site-packages/airflow/example_dags/example_short_circuit_decorator.py
[2024-12-03T21:09:49.987+0700] {processor.py:925} INFO - DAG(s) 'example_short_circuit_decorator' retrieved from /home/tedubuamo/project/venv/lib/python3.12/site-packages/airflow/example_dags/example_short_circuit_decorator.py
[2024-12-03T21:09:50.003+0700] {logging_mixin.py:190} INFO - [2024-12-03T21:09:50.002+0700] {dag.py:3239} INFO - Sync 1 DAGs
[2024-12-03T21:09:50.014+0700] {logging_mixin.py:190} INFO - [2024-12-03T21:09:50.014+0700] {dag.py:4180} INFO - Setting next_dagrun for example_short_circuit_decorator to None, run_after=None
[2024-12-03T21:09:50.030+0700] {processor.py:208} INFO - Processing /home/tedubuamo/project/venv/lib/python3.12/site-packages/airflow/example_dags/example_short_circuit_decorator.py took 0.061 seconds
[2024-12-03T21:09:52.939+0700] {processor.py:186} INFO - Started process (PID=2726) to work on /home/tedubuamo/project/venv/lib/python3.12/site-packages/airflow/example_dags/example_short_circuit_decorator.py
[2024-12-03T21:09:52.940+0700] {processor.py:914} INFO - Processing file /home/tedubuamo/project/venv/lib/python3.12/site-packages/airflow/example_dags/example_short_circuit_decorator.py for tasks to queue
[2024-12-03T21:09:52.942+0700] {logging_mixin.py:190} INFO - [2024-12-03T21:09:52.942+0700] {dagbag.py:588} INFO - Filling up the DagBag from /home/tedubuamo/project/venv/lib/python3.12/site-packages/airflow/example_dags/example_short_circuit_decorator.py
[2024-12-03T21:09:52.950+0700] {processor.py:925} INFO - DAG(s) 'example_short_circuit_decorator' retrieved from /home/tedubuamo/project/venv/lib/python3.12/site-packages/airflow/example_dags/example_short_circuit_decorator.py
[2024-12-03T21:09:52.964+0700] {logging_mixin.py:190} INFO - [2024-12-03T21:09:52.964+0700] {dag.py:3239} INFO - Sync 1 DAGs
[2024-12-03T21:09:52.974+0700] {logging_mixin.py:190} INFO - [2024-12-03T21:09:52.973+0700] {dag.py:4180} INFO - Setting next_dagrun for example_short_circuit_decorator to None, run_after=None
[2024-12-03T21:09:53.001+0700] {processor.py:208} INFO - Processing /home/tedubuamo/project/venv/lib/python3.12/site-packages/airflow/example_dags/example_short_circuit_decorator.py took 0.066 seconds
[2024-12-03T21:10:44.266+0700] {processor.py:186} INFO - Started process (PID=2830) to work on /home/tedubuamo/project/venv/lib/python3.12/site-packages/airflow/example_dags/example_short_circuit_decorator.py
[2024-12-03T21:10:44.268+0700] {processor.py:914} INFO - Processing file /home/tedubuamo/project/venv/lib/python3.12/site-packages/airflow/example_dags/example_short_circuit_decorator.py for tasks to queue
[2024-12-03T21:10:44.270+0700] {logging_mixin.py:190} INFO - [2024-12-03T21:10:44.270+0700] {dagbag.py:588} INFO - Filling up the DagBag from /home/tedubuamo/project/venv/lib/python3.12/site-packages/airflow/example_dags/example_short_circuit_decorator.py
[2024-12-03T21:10:44.278+0700] {processor.py:925} INFO - DAG(s) 'example_short_circuit_decorator' retrieved from /home/tedubuamo/project/venv/lib/python3.12/site-packages/airflow/example_dags/example_short_circuit_decorator.py
[2024-12-03T21:10:44.290+0700] {logging_mixin.py:190} INFO - [2024-12-03T21:10:44.290+0700] {dag.py:3239} INFO - Sync 1 DAGs
[2024-12-03T21:10:44.299+0700] {logging_mixin.py:190} INFO - [2024-12-03T21:10:44.299+0700] {dag.py:4180} INFO - Setting next_dagrun for example_short_circuit_decorator to None, run_after=None
[2024-12-03T21:10:44.319+0700] {processor.py:208} INFO - Processing /home/tedubuamo/project/venv/lib/python3.12/site-packages/airflow/example_dags/example_short_circuit_decorator.py took 0.056 seconds
[2024-12-03T21:10:44.998+0700] {processor.py:186} INFO - Started process (PID=2831) to work on /home/tedubuamo/project/venv/lib/python3.12/site-packages/airflow/example_dags/example_short_circuit_decorator.py
[2024-12-03T21:10:44.999+0700] {processor.py:914} INFO - Processing file /home/tedubuamo/project/venv/lib/python3.12/site-packages/airflow/example_dags/example_short_circuit_decorator.py for tasks to queue
[2024-12-03T21:10:45.001+0700] {logging_mixin.py:190} INFO - [2024-12-03T21:10:45.000+0700] {dagbag.py:588} INFO - Filling up the DagBag from /home/tedubuamo/project/venv/lib/python3.12/site-packages/airflow/example_dags/example_short_circuit_decorator.py
[2024-12-03T21:10:45.008+0700] {processor.py:925} INFO - DAG(s) 'example_short_circuit_decorator' retrieved from /home/tedubuamo/project/venv/lib/python3.12/site-packages/airflow/example_dags/example_short_circuit_decorator.py
[2024-12-03T21:10:45.021+0700] {logging_mixin.py:190} INFO - [2024-12-03T21:10:45.021+0700] {dag.py:3239} INFO - Sync 1 DAGs
[2024-12-03T21:10:45.030+0700] {logging_mixin.py:190} INFO - [2024-12-03T21:10:45.029+0700] {dag.py:4180} INFO - Setting next_dagrun for example_short_circuit_decorator to None, run_after=None
[2024-12-03T21:10:45.047+0700] {processor.py:208} INFO - Processing /home/tedubuamo/project/venv/lib/python3.12/site-packages/airflow/example_dags/example_short_circuit_decorator.py took 0.053 seconds
[2024-12-03T21:11:37.009+0700] {processor.py:186} INFO - Started process (PID=2937) to work on /home/tedubuamo/project/venv/lib/python3.12/site-packages/airflow/example_dags/example_short_circuit_decorator.py
[2024-12-03T21:11:37.010+0700] {processor.py:914} INFO - Processing file /home/tedubuamo/project/venv/lib/python3.12/site-packages/airflow/example_dags/example_short_circuit_decorator.py for tasks to queue
[2024-12-03T21:11:37.012+0700] {logging_mixin.py:190} INFO - [2024-12-03T21:11:37.011+0700] {dagbag.py:588} INFO - Filling up the DagBag from /home/tedubuamo/project/venv/lib/python3.12/site-packages/airflow/example_dags/example_short_circuit_decorator.py
[2024-12-03T21:11:37.021+0700] {processor.py:925} INFO - DAG(s) 'example_short_circuit_decorator' retrieved from /home/tedubuamo/project/venv/lib/python3.12/site-packages/airflow/example_dags/example_short_circuit_decorator.py
[2024-12-03T21:11:37.034+0700] {logging_mixin.py:190} INFO - [2024-12-03T21:11:37.034+0700] {dag.py:3239} INFO - Sync 1 DAGs
[2024-12-03T21:11:37.048+0700] {logging_mixin.py:190} INFO - [2024-12-03T21:11:37.048+0700] {dag.py:4180} INFO - Setting next_dagrun for example_short_circuit_decorator to None, run_after=None
[2024-12-03T21:11:37.070+0700] {processor.py:208} INFO - Processing /home/tedubuamo/project/venv/lib/python3.12/site-packages/airflow/example_dags/example_short_circuit_decorator.py took 0.065 seconds
[2024-12-03T21:11:38.679+0700] {processor.py:186} INFO - Started process (PID=2940) to work on /home/tedubuamo/project/venv/lib/python3.12/site-packages/airflow/example_dags/example_short_circuit_decorator.py
[2024-12-03T21:11:38.679+0700] {processor.py:914} INFO - Processing file /home/tedubuamo/project/venv/lib/python3.12/site-packages/airflow/example_dags/example_short_circuit_decorator.py for tasks to queue
[2024-12-03T21:11:38.681+0700] {logging_mixin.py:190} INFO - [2024-12-03T21:11:38.680+0700] {dagbag.py:588} INFO - Filling up the DagBag from /home/tedubuamo/project/venv/lib/python3.12/site-packages/airflow/example_dags/example_short_circuit_decorator.py
[2024-12-03T21:11:38.689+0700] {processor.py:925} INFO - DAG(s) 'example_short_circuit_decorator' retrieved from /home/tedubuamo/project/venv/lib/python3.12/site-packages/airflow/example_dags/example_short_circuit_decorator.py
[2024-12-03T21:11:38.704+0700] {logging_mixin.py:190} INFO - [2024-12-03T21:11:38.704+0700] {dag.py:3239} INFO - Sync 1 DAGs
[2024-12-03T21:11:38.714+0700] {logging_mixin.py:190} INFO - [2024-12-03T21:11:38.714+0700] {dag.py:4180} INFO - Setting next_dagrun for example_short_circuit_decorator to None, run_after=None
[2024-12-03T21:11:38.734+0700] {processor.py:208} INFO - Processing /home/tedubuamo/project/venv/lib/python3.12/site-packages/airflow/example_dags/example_short_circuit_decorator.py took 0.060 seconds
[2024-12-03T21:12:28.409+0700] {processor.py:186} INFO - Started process (PID=3069) to work on /home/tedubuamo/project/venv/lib/python3.12/site-packages/airflow/example_dags/example_short_circuit_decorator.py
[2024-12-03T21:12:28.410+0700] {processor.py:914} INFO - Processing file /home/tedubuamo/project/venv/lib/python3.12/site-packages/airflow/example_dags/example_short_circuit_decorator.py for tasks to queue
[2024-12-03T21:12:28.412+0700] {logging_mixin.py:190} INFO - [2024-12-03T21:12:28.412+0700] {dagbag.py:588} INFO - Filling up the DagBag from /home/tedubuamo/project/venv/lib/python3.12/site-packages/airflow/example_dags/example_short_circuit_decorator.py
[2024-12-03T21:12:28.420+0700] {processor.py:925} INFO - DAG(s) 'example_short_circuit_decorator' retrieved from /home/tedubuamo/project/venv/lib/python3.12/site-packages/airflow/example_dags/example_short_circuit_decorator.py
[2024-12-03T21:12:28.432+0700] {logging_mixin.py:190} INFO - [2024-12-03T21:12:28.432+0700] {dag.py:3239} INFO - Sync 1 DAGs
[2024-12-03T21:12:28.441+0700] {logging_mixin.py:190} INFO - [2024-12-03T21:12:28.441+0700] {dag.py:4180} INFO - Setting next_dagrun for example_short_circuit_decorator to None, run_after=None
[2024-12-03T21:12:28.459+0700] {processor.py:208} INFO - Processing /home/tedubuamo/project/venv/lib/python3.12/site-packages/airflow/example_dags/example_short_circuit_decorator.py took 0.055 seconds
[2024-12-03T21:12:32.511+0700] {processor.py:186} INFO - Started process (PID=3079) to work on /home/tedubuamo/project/venv/lib/python3.12/site-packages/airflow/example_dags/example_short_circuit_decorator.py
[2024-12-03T21:12:32.512+0700] {processor.py:914} INFO - Processing file /home/tedubuamo/project/venv/lib/python3.12/site-packages/airflow/example_dags/example_short_circuit_decorator.py for tasks to queue
[2024-12-03T21:12:32.513+0700] {logging_mixin.py:190} INFO - [2024-12-03T21:12:32.513+0700] {dagbag.py:588} INFO - Filling up the DagBag from /home/tedubuamo/project/venv/lib/python3.12/site-packages/airflow/example_dags/example_short_circuit_decorator.py
[2024-12-03T21:12:32.520+0700] {processor.py:925} INFO - DAG(s) 'example_short_circuit_decorator' retrieved from /home/tedubuamo/project/venv/lib/python3.12/site-packages/airflow/example_dags/example_short_circuit_decorator.py
[2024-12-03T21:12:32.533+0700] {logging_mixin.py:190} INFO - [2024-12-03T21:12:32.533+0700] {dag.py:3239} INFO - Sync 1 DAGs
[2024-12-03T21:12:32.541+0700] {logging_mixin.py:190} INFO - [2024-12-03T21:12:32.541+0700] {dag.py:4180} INFO - Setting next_dagrun for example_short_circuit_decorator to None, run_after=None
[2024-12-03T21:12:32.559+0700] {processor.py:208} INFO - Processing /home/tedubuamo/project/venv/lib/python3.12/site-packages/airflow/example_dags/example_short_circuit_decorator.py took 0.052 seconds
[2024-12-03T21:13:18.344+0700] {processor.py:186} INFO - Started process (PID=3180) to work on /home/tedubuamo/project/venv/lib/python3.12/site-packages/airflow/example_dags/example_short_circuit_decorator.py
[2024-12-03T21:13:18.345+0700] {processor.py:914} INFO - Processing file /home/tedubuamo/project/venv/lib/python3.12/site-packages/airflow/example_dags/example_short_circuit_decorator.py for tasks to queue
[2024-12-03T21:13:18.347+0700] {logging_mixin.py:190} INFO - [2024-12-03T21:13:18.347+0700] {dagbag.py:588} INFO - Filling up the DagBag from /home/tedubuamo/project/venv/lib/python3.12/site-packages/airflow/example_dags/example_short_circuit_decorator.py
[2024-12-03T21:13:18.356+0700] {processor.py:925} INFO - DAG(s) 'example_short_circuit_decorator' retrieved from /home/tedubuamo/project/venv/lib/python3.12/site-packages/airflow/example_dags/example_short_circuit_decorator.py
[2024-12-03T21:13:18.369+0700] {logging_mixin.py:190} INFO - [2024-12-03T21:13:18.369+0700] {dag.py:3239} INFO - Sync 1 DAGs
[2024-12-03T21:13:18.378+0700] {logging_mixin.py:190} INFO - [2024-12-03T21:13:18.378+0700] {dag.py:4180} INFO - Setting next_dagrun for example_short_circuit_decorator to None, run_after=None
[2024-12-03T21:13:18.396+0700] {processor.py:208} INFO - Processing /home/tedubuamo/project/venv/lib/python3.12/site-packages/airflow/example_dags/example_short_circuit_decorator.py took 0.056 seconds
[2024-12-03T21:13:26.784+0700] {processor.py:186} INFO - Started process (PID=3197) to work on /home/tedubuamo/project/venv/lib/python3.12/site-packages/airflow/example_dags/example_short_circuit_decorator.py
[2024-12-03T21:13:26.784+0700] {processor.py:914} INFO - Processing file /home/tedubuamo/project/venv/lib/python3.12/site-packages/airflow/example_dags/example_short_circuit_decorator.py for tasks to queue
[2024-12-03T21:13:26.786+0700] {logging_mixin.py:190} INFO - [2024-12-03T21:13:26.786+0700] {dagbag.py:588} INFO - Filling up the DagBag from /home/tedubuamo/project/venv/lib/python3.12/site-packages/airflow/example_dags/example_short_circuit_decorator.py
[2024-12-03T21:13:26.793+0700] {processor.py:925} INFO - DAG(s) 'example_short_circuit_decorator' retrieved from /home/tedubuamo/project/venv/lib/python3.12/site-packages/airflow/example_dags/example_short_circuit_decorator.py
[2024-12-03T21:13:26.810+0700] {logging_mixin.py:190} INFO - [2024-12-03T21:13:26.810+0700] {dag.py:3239} INFO - Sync 1 DAGs
[2024-12-03T21:13:26.818+0700] {logging_mixin.py:190} INFO - [2024-12-03T21:13:26.818+0700] {dag.py:4180} INFO - Setting next_dagrun for example_short_circuit_decorator to None, run_after=None
[2024-12-03T21:13:26.834+0700] {processor.py:208} INFO - Processing /home/tedubuamo/project/venv/lib/python3.12/site-packages/airflow/example_dags/example_short_circuit_decorator.py took 0.054 seconds
[2024-12-03T21:14:09.856+0700] {processor.py:186} INFO - Started process (PID=3288) to work on /home/tedubuamo/project/venv/lib/python3.12/site-packages/airflow/example_dags/example_short_circuit_decorator.py
[2024-12-03T21:14:09.857+0700] {processor.py:914} INFO - Processing file /home/tedubuamo/project/venv/lib/python3.12/site-packages/airflow/example_dags/example_short_circuit_decorator.py for tasks to queue
[2024-12-03T21:14:09.859+0700] {logging_mixin.py:190} INFO - [2024-12-03T21:14:09.859+0700] {dagbag.py:588} INFO - Filling up the DagBag from /home/tedubuamo/project/venv/lib/python3.12/site-packages/airflow/example_dags/example_short_circuit_decorator.py
[2024-12-03T21:14:09.867+0700] {processor.py:925} INFO - DAG(s) 'example_short_circuit_decorator' retrieved from /home/tedubuamo/project/venv/lib/python3.12/site-packages/airflow/example_dags/example_short_circuit_decorator.py
[2024-12-03T21:14:09.890+0700] {logging_mixin.py:190} INFO - [2024-12-03T21:14:09.890+0700] {dag.py:3239} INFO - Sync 1 DAGs
[2024-12-03T21:14:09.903+0700] {logging_mixin.py:190} INFO - [2024-12-03T21:14:09.902+0700] {dag.py:4180} INFO - Setting next_dagrun for example_short_circuit_decorator to None, run_after=None
[2024-12-03T21:14:09.932+0700] {processor.py:208} INFO - Processing /home/tedubuamo/project/venv/lib/python3.12/site-packages/airflow/example_dags/example_short_circuit_decorator.py took 0.080 seconds
[2024-12-03T21:14:18.749+0700] {processor.py:186} INFO - Started process (PID=3305) to work on /home/tedubuamo/project/venv/lib/python3.12/site-packages/airflow/example_dags/example_short_circuit_decorator.py
[2024-12-03T21:14:18.750+0700] {processor.py:914} INFO - Processing file /home/tedubuamo/project/venv/lib/python3.12/site-packages/airflow/example_dags/example_short_circuit_decorator.py for tasks to queue
[2024-12-03T21:14:18.751+0700] {logging_mixin.py:190} INFO - [2024-12-03T21:14:18.751+0700] {dagbag.py:588} INFO - Filling up the DagBag from /home/tedubuamo/project/venv/lib/python3.12/site-packages/airflow/example_dags/example_short_circuit_decorator.py
[2024-12-03T21:14:18.759+0700] {processor.py:925} INFO - DAG(s) 'example_short_circuit_decorator' retrieved from /home/tedubuamo/project/venv/lib/python3.12/site-packages/airflow/example_dags/example_short_circuit_decorator.py
[2024-12-03T21:14:18.770+0700] {logging_mixin.py:190} INFO - [2024-12-03T21:14:18.770+0700] {dag.py:3239} INFO - Sync 1 DAGs
[2024-12-03T21:14:18.779+0700] {logging_mixin.py:190} INFO - [2024-12-03T21:14:18.779+0700] {dag.py:4180} INFO - Setting next_dagrun for example_short_circuit_decorator to None, run_after=None
[2024-12-03T21:14:18.795+0700] {processor.py:208} INFO - Processing /home/tedubuamo/project/venv/lib/python3.12/site-packages/airflow/example_dags/example_short_circuit_decorator.py took 0.051 seconds
[2024-12-03T21:15:01.680+0700] {processor.py:186} INFO - Started process (PID=3396) to work on /home/tedubuamo/project/venv/lib/python3.12/site-packages/airflow/example_dags/example_short_circuit_decorator.py
[2024-12-03T21:15:01.682+0700] {processor.py:914} INFO - Processing file /home/tedubuamo/project/venv/lib/python3.12/site-packages/airflow/example_dags/example_short_circuit_decorator.py for tasks to queue
[2024-12-03T21:15:01.683+0700] {logging_mixin.py:190} INFO - [2024-12-03T21:15:01.683+0700] {dagbag.py:588} INFO - Filling up the DagBag from /home/tedubuamo/project/venv/lib/python3.12/site-packages/airflow/example_dags/example_short_circuit_decorator.py
[2024-12-03T21:15:01.690+0700] {processor.py:925} INFO - DAG(s) 'example_short_circuit_decorator' retrieved from /home/tedubuamo/project/venv/lib/python3.12/site-packages/airflow/example_dags/example_short_circuit_decorator.py
[2024-12-03T21:15:01.703+0700] {logging_mixin.py:190} INFO - [2024-12-03T21:15:01.702+0700] {dag.py:3239} INFO - Sync 1 DAGs
[2024-12-03T21:15:01.711+0700] {logging_mixin.py:190} INFO - [2024-12-03T21:15:01.711+0700] {dag.py:4180} INFO - Setting next_dagrun for example_short_circuit_decorator to None, run_after=None
[2024-12-03T21:15:01.728+0700] {processor.py:208} INFO - Processing /home/tedubuamo/project/venv/lib/python3.12/site-packages/airflow/example_dags/example_short_circuit_decorator.py took 0.052 seconds
[2024-12-03T21:15:08.215+0700] {processor.py:186} INFO - Started process (PID=3410) to work on /home/tedubuamo/project/venv/lib/python3.12/site-packages/airflow/example_dags/example_short_circuit_decorator.py
[2024-12-03T21:15:08.216+0700] {processor.py:914} INFO - Processing file /home/tedubuamo/project/venv/lib/python3.12/site-packages/airflow/example_dags/example_short_circuit_decorator.py for tasks to queue
[2024-12-03T21:15:08.218+0700] {logging_mixin.py:190} INFO - [2024-12-03T21:15:08.218+0700] {dagbag.py:588} INFO - Filling up the DagBag from /home/tedubuamo/project/venv/lib/python3.12/site-packages/airflow/example_dags/example_short_circuit_decorator.py
[2024-12-03T21:15:08.225+0700] {processor.py:925} INFO - DAG(s) 'example_short_circuit_decorator' retrieved from /home/tedubuamo/project/venv/lib/python3.12/site-packages/airflow/example_dags/example_short_circuit_decorator.py
[2024-12-03T21:15:08.237+0700] {logging_mixin.py:190} INFO - [2024-12-03T21:15:08.237+0700] {dag.py:3239} INFO - Sync 1 DAGs
[2024-12-03T21:15:08.246+0700] {logging_mixin.py:190} INFO - [2024-12-03T21:15:08.246+0700] {dag.py:4180} INFO - Setting next_dagrun for example_short_circuit_decorator to None, run_after=None
[2024-12-03T21:15:08.263+0700] {processor.py:208} INFO - Processing /home/tedubuamo/project/venv/lib/python3.12/site-packages/airflow/example_dags/example_short_circuit_decorator.py took 0.051 seconds
[2024-12-03T21:15:51.297+0700] {processor.py:186} INFO - Started process (PID=3498) to work on /home/tedubuamo/project/venv/lib/python3.12/site-packages/airflow/example_dags/example_short_circuit_decorator.py
[2024-12-03T21:15:51.298+0700] {processor.py:914} INFO - Processing file /home/tedubuamo/project/venv/lib/python3.12/site-packages/airflow/example_dags/example_short_circuit_decorator.py for tasks to queue
[2024-12-03T21:15:51.299+0700] {logging_mixin.py:190} INFO - [2024-12-03T21:15:51.299+0700] {dagbag.py:588} INFO - Filling up the DagBag from /home/tedubuamo/project/venv/lib/python3.12/site-packages/airflow/example_dags/example_short_circuit_decorator.py
[2024-12-03T21:15:51.307+0700] {processor.py:925} INFO - DAG(s) 'example_short_circuit_decorator' retrieved from /home/tedubuamo/project/venv/lib/python3.12/site-packages/airflow/example_dags/example_short_circuit_decorator.py
[2024-12-03T21:15:51.320+0700] {logging_mixin.py:190} INFO - [2024-12-03T21:15:51.320+0700] {dag.py:3239} INFO - Sync 1 DAGs
[2024-12-03T21:15:51.330+0700] {logging_mixin.py:190} INFO - [2024-12-03T21:15:51.329+0700] {dag.py:4180} INFO - Setting next_dagrun for example_short_circuit_decorator to None, run_after=None
[2024-12-03T21:15:51.352+0700] {processor.py:208} INFO - Processing /home/tedubuamo/project/venv/lib/python3.12/site-packages/airflow/example_dags/example_short_circuit_decorator.py took 0.059 seconds
[2024-12-03T21:15:57.082+0700] {processor.py:186} INFO - Started process (PID=3518) to work on /home/tedubuamo/project/venv/lib/python3.12/site-packages/airflow/example_dags/example_short_circuit_decorator.py
[2024-12-03T21:15:57.082+0700] {processor.py:914} INFO - Processing file /home/tedubuamo/project/venv/lib/python3.12/site-packages/airflow/example_dags/example_short_circuit_decorator.py for tasks to queue
[2024-12-03T21:15:57.084+0700] {logging_mixin.py:190} INFO - [2024-12-03T21:15:57.084+0700] {dagbag.py:588} INFO - Filling up the DagBag from /home/tedubuamo/project/venv/lib/python3.12/site-packages/airflow/example_dags/example_short_circuit_decorator.py
[2024-12-03T21:15:57.092+0700] {processor.py:925} INFO - DAG(s) 'example_short_circuit_decorator' retrieved from /home/tedubuamo/project/venv/lib/python3.12/site-packages/airflow/example_dags/example_short_circuit_decorator.py
[2024-12-03T21:15:57.104+0700] {logging_mixin.py:190} INFO - [2024-12-03T21:15:57.104+0700] {dag.py:3239} INFO - Sync 1 DAGs
[2024-12-03T21:15:57.112+0700] {logging_mixin.py:190} INFO - [2024-12-03T21:15:57.112+0700] {dag.py:4180} INFO - Setting next_dagrun for example_short_circuit_decorator to None, run_after=None
[2024-12-03T21:15:57.128+0700] {processor.py:208} INFO - Processing /home/tedubuamo/project/venv/lib/python3.12/site-packages/airflow/example_dags/example_short_circuit_decorator.py took 0.050 seconds
[2024-12-03T21:16:44.146+0700] {processor.py:186} INFO - Started process (PID=3628) to work on /home/tedubuamo/project/venv/lib/python3.12/site-packages/airflow/example_dags/example_short_circuit_decorator.py
[2024-12-03T21:16:44.147+0700] {processor.py:914} INFO - Processing file /home/tedubuamo/project/venv/lib/python3.12/site-packages/airflow/example_dags/example_short_circuit_decorator.py for tasks to queue
[2024-12-03T21:16:44.148+0700] {logging_mixin.py:190} INFO - [2024-12-03T21:16:44.148+0700] {dagbag.py:588} INFO - Filling up the DagBag from /home/tedubuamo/project/venv/lib/python3.12/site-packages/airflow/example_dags/example_short_circuit_decorator.py
[2024-12-03T21:16:44.156+0700] {processor.py:925} INFO - DAG(s) 'example_short_circuit_decorator' retrieved from /home/tedubuamo/project/venv/lib/python3.12/site-packages/airflow/example_dags/example_short_circuit_decorator.py
[2024-12-03T21:16:44.169+0700] {logging_mixin.py:190} INFO - [2024-12-03T21:16:44.168+0700] {dag.py:3239} INFO - Sync 1 DAGs
[2024-12-03T21:16:44.177+0700] {logging_mixin.py:190} INFO - [2024-12-03T21:16:44.177+0700] {dag.py:4180} INFO - Setting next_dagrun for example_short_circuit_decorator to None, run_after=None
[2024-12-03T21:16:44.194+0700] {processor.py:208} INFO - Processing /home/tedubuamo/project/venv/lib/python3.12/site-packages/airflow/example_dags/example_short_circuit_decorator.py took 0.052 seconds
[2024-12-03T21:16:49.212+0700] {processor.py:186} INFO - Started process (PID=3649) to work on /home/tedubuamo/project/venv/lib/python3.12/site-packages/airflow/example_dags/example_short_circuit_decorator.py
[2024-12-03T21:16:49.213+0700] {processor.py:914} INFO - Processing file /home/tedubuamo/project/venv/lib/python3.12/site-packages/airflow/example_dags/example_short_circuit_decorator.py for tasks to queue
[2024-12-03T21:16:49.215+0700] {logging_mixin.py:190} INFO - [2024-12-03T21:16:49.215+0700] {dagbag.py:588} INFO - Filling up the DagBag from /home/tedubuamo/project/venv/lib/python3.12/site-packages/airflow/example_dags/example_short_circuit_decorator.py
[2024-12-03T21:16:49.224+0700] {processor.py:925} INFO - DAG(s) 'example_short_circuit_decorator' retrieved from /home/tedubuamo/project/venv/lib/python3.12/site-packages/airflow/example_dags/example_short_circuit_decorator.py
[2024-12-03T21:16:49.238+0700] {logging_mixin.py:190} INFO - [2024-12-03T21:16:49.238+0700] {dag.py:3239} INFO - Sync 1 DAGs
[2024-12-03T21:16:49.247+0700] {logging_mixin.py:190} INFO - [2024-12-03T21:16:49.247+0700] {dag.py:4180} INFO - Setting next_dagrun for example_short_circuit_decorator to None, run_after=None
[2024-12-03T21:16:49.272+0700] {processor.py:208} INFO - Processing /home/tedubuamo/project/venv/lib/python3.12/site-packages/airflow/example_dags/example_short_circuit_decorator.py took 0.065 seconds
[2024-12-03T21:17:39.159+0700] {processor.py:186} INFO - Started process (PID=3764) to work on /home/tedubuamo/project/venv/lib/python3.12/site-packages/airflow/example_dags/example_short_circuit_decorator.py
[2024-12-03T21:17:39.161+0700] {processor.py:914} INFO - Processing file /home/tedubuamo/project/venv/lib/python3.12/site-packages/airflow/example_dags/example_short_circuit_decorator.py for tasks to queue
[2024-12-03T21:17:39.163+0700] {logging_mixin.py:190} INFO - [2024-12-03T21:17:39.163+0700] {dagbag.py:588} INFO - Filling up the DagBag from /home/tedubuamo/project/venv/lib/python3.12/site-packages/airflow/example_dags/example_short_circuit_decorator.py
[2024-12-03T21:17:39.170+0700] {processor.py:925} INFO - DAG(s) 'example_short_circuit_decorator' retrieved from /home/tedubuamo/project/venv/lib/python3.12/site-packages/airflow/example_dags/example_short_circuit_decorator.py
[2024-12-03T21:17:39.182+0700] {logging_mixin.py:190} INFO - [2024-12-03T21:17:39.182+0700] {dag.py:3239} INFO - Sync 1 DAGs
[2024-12-03T21:17:39.191+0700] {logging_mixin.py:190} INFO - [2024-12-03T21:17:39.191+0700] {dag.py:4180} INFO - Setting next_dagrun for example_short_circuit_decorator to None, run_after=None
[2024-12-03T21:17:39.208+0700] {processor.py:208} INFO - Processing /home/tedubuamo/project/venv/lib/python3.12/site-packages/airflow/example_dags/example_short_circuit_decorator.py took 0.053 seconds
[2024-12-03T21:17:39.214+0700] {processor.py:186} INFO - Started process (PID=3765) to work on /home/tedubuamo/project/venv/lib/python3.12/site-packages/airflow/example_dags/example_short_circuit_decorator.py
[2024-12-03T21:17:39.215+0700] {processor.py:914} INFO - Processing file /home/tedubuamo/project/venv/lib/python3.12/site-packages/airflow/example_dags/example_short_circuit_decorator.py for tasks to queue
[2024-12-03T21:17:39.216+0700] {logging_mixin.py:190} INFO - [2024-12-03T21:17:39.216+0700] {dagbag.py:588} INFO - Filling up the DagBag from /home/tedubuamo/project/venv/lib/python3.12/site-packages/airflow/example_dags/example_short_circuit_decorator.py
[2024-12-03T21:17:39.223+0700] {processor.py:925} INFO - DAG(s) 'example_short_circuit_decorator' retrieved from /home/tedubuamo/project/venv/lib/python3.12/site-packages/airflow/example_dags/example_short_circuit_decorator.py
[2024-12-03T21:17:39.236+0700] {logging_mixin.py:190} INFO - [2024-12-03T21:17:39.235+0700] {dag.py:3239} INFO - Sync 1 DAGs
[2024-12-03T21:17:39.244+0700] {logging_mixin.py:190} INFO - [2024-12-03T21:17:39.244+0700] {dag.py:4180} INFO - Setting next_dagrun for example_short_circuit_decorator to None, run_after=None
[2024-12-03T21:17:39.262+0700] {processor.py:208} INFO - Processing /home/tedubuamo/project/venv/lib/python3.12/site-packages/airflow/example_dags/example_short_circuit_decorator.py took 0.052 seconds
[2024-12-03T21:19:23.798+0700] {processor.py:186} INFO - Started process (PID=3964) to work on /home/tedubuamo/project/venv/lib/python3.12/site-packages/airflow/example_dags/example_short_circuit_decorator.py
[2024-12-03T21:19:23.800+0700] {processor.py:914} INFO - Processing file /home/tedubuamo/project/venv/lib/python3.12/site-packages/airflow/example_dags/example_short_circuit_decorator.py for tasks to queue
[2024-12-03T21:19:23.802+0700] {logging_mixin.py:190} INFO - [2024-12-03T21:19:23.802+0700] {dagbag.py:588} INFO - Filling up the DagBag from /home/tedubuamo/project/venv/lib/python3.12/site-packages/airflow/example_dags/example_short_circuit_decorator.py
[2024-12-03T21:19:23.809+0700] {processor.py:925} INFO - DAG(s) 'example_short_circuit_decorator' retrieved from /home/tedubuamo/project/venv/lib/python3.12/site-packages/airflow/example_dags/example_short_circuit_decorator.py
[2024-12-03T21:19:23.877+0700] {logging_mixin.py:190} INFO - [2024-12-03T21:19:23.877+0700] {dag.py:3239} INFO - Sync 1 DAGs
[2024-12-03T21:19:23.887+0700] {logging_mixin.py:190} INFO - [2024-12-03T21:19:23.887+0700] {dag.py:4180} INFO - Setting next_dagrun for example_short_circuit_decorator to None, run_after=None
[2024-12-03T21:19:23.905+0700] {processor.py:208} INFO - Processing /home/tedubuamo/project/venv/lib/python3.12/site-packages/airflow/example_dags/example_short_circuit_decorator.py took 0.111 seconds
[2024-12-03T21:20:21.118+0700] {processor.py:186} INFO - Started process (PID=4022) to work on /home/tedubuamo/project/venv/lib/python3.12/site-packages/airflow/example_dags/example_short_circuit_decorator.py
[2024-12-03T21:20:21.119+0700] {processor.py:914} INFO - Processing file /home/tedubuamo/project/venv/lib/python3.12/site-packages/airflow/example_dags/example_short_circuit_decorator.py for tasks to queue
[2024-12-03T21:20:21.121+0700] {logging_mixin.py:190} INFO - [2024-12-03T21:20:21.121+0700] {dagbag.py:588} INFO - Filling up the DagBag from /home/tedubuamo/project/venv/lib/python3.12/site-packages/airflow/example_dags/example_short_circuit_decorator.py
[2024-12-03T21:20:21.131+0700] {processor.py:925} INFO - DAG(s) 'example_short_circuit_decorator' retrieved from /home/tedubuamo/project/venv/lib/python3.12/site-packages/airflow/example_dags/example_short_circuit_decorator.py
[2024-12-03T21:20:21.145+0700] {logging_mixin.py:190} INFO - [2024-12-03T21:20:21.145+0700] {dag.py:3239} INFO - Sync 1 DAGs
[2024-12-03T21:20:21.154+0700] {logging_mixin.py:190} INFO - [2024-12-03T21:20:21.154+0700] {dag.py:4180} INFO - Setting next_dagrun for example_short_circuit_decorator to None, run_after=None
[2024-12-03T21:20:21.173+0700] {processor.py:208} INFO - Processing /home/tedubuamo/project/venv/lib/python3.12/site-packages/airflow/example_dags/example_short_circuit_decorator.py took 0.061 seconds
[2024-12-03T21:21:30.834+0700] {processor.py:186} INFO - Started process (PID=4139) to work on /home/tedubuamo/project/venv/lib/python3.12/site-packages/airflow/example_dags/example_short_circuit_decorator.py
[2024-12-03T21:21:30.836+0700] {processor.py:914} INFO - Processing file /home/tedubuamo/project/venv/lib/python3.12/site-packages/airflow/example_dags/example_short_circuit_decorator.py for tasks to queue
[2024-12-03T21:21:30.838+0700] {logging_mixin.py:190} INFO - [2024-12-03T21:21:30.838+0700] {dagbag.py:588} INFO - Filling up the DagBag from /home/tedubuamo/project/venv/lib/python3.12/site-packages/airflow/example_dags/example_short_circuit_decorator.py
[2024-12-03T21:21:30.846+0700] {processor.py:925} INFO - DAG(s) 'example_short_circuit_decorator' retrieved from /home/tedubuamo/project/venv/lib/python3.12/site-packages/airflow/example_dags/example_short_circuit_decorator.py
[2024-12-03T21:21:30.859+0700] {logging_mixin.py:190} INFO - [2024-12-03T21:21:30.859+0700] {dag.py:3239} INFO - Sync 1 DAGs
[2024-12-03T21:21:30.868+0700] {logging_mixin.py:190} INFO - [2024-12-03T21:21:30.867+0700] {dag.py:4180} INFO - Setting next_dagrun for example_short_circuit_decorator to None, run_after=None
[2024-12-03T21:21:30.885+0700] {processor.py:208} INFO - Processing /home/tedubuamo/project/venv/lib/python3.12/site-packages/airflow/example_dags/example_short_circuit_decorator.py took 0.055 seconds
[2024-12-03T21:22:25.771+0700] {processor.py:186} INFO - Started process (PID=4230) to work on /home/tedubuamo/project/venv/lib/python3.12/site-packages/airflow/example_dags/example_short_circuit_decorator.py
[2024-12-03T21:22:25.772+0700] {processor.py:914} INFO - Processing file /home/tedubuamo/project/venv/lib/python3.12/site-packages/airflow/example_dags/example_short_circuit_decorator.py for tasks to queue
[2024-12-03T21:22:25.774+0700] {logging_mixin.py:190} INFO - [2024-12-03T21:22:25.774+0700] {dagbag.py:588} INFO - Filling up the DagBag from /home/tedubuamo/project/venv/lib/python3.12/site-packages/airflow/example_dags/example_short_circuit_decorator.py
[2024-12-03T21:22:25.781+0700] {processor.py:925} INFO - DAG(s) 'example_short_circuit_decorator' retrieved from /home/tedubuamo/project/venv/lib/python3.12/site-packages/airflow/example_dags/example_short_circuit_decorator.py
[2024-12-03T21:22:25.794+0700] {logging_mixin.py:190} INFO - [2024-12-03T21:22:25.794+0700] {dag.py:3239} INFO - Sync 1 DAGs
[2024-12-03T21:22:25.804+0700] {logging_mixin.py:190} INFO - [2024-12-03T21:22:25.803+0700] {dag.py:4180} INFO - Setting next_dagrun for example_short_circuit_decorator to None, run_after=None
[2024-12-03T21:22:25.822+0700] {processor.py:208} INFO - Processing /home/tedubuamo/project/venv/lib/python3.12/site-packages/airflow/example_dags/example_short_circuit_decorator.py took 0.056 seconds
[2024-12-03T21:23:20.672+0700] {processor.py:186} INFO - Started process (PID=4288) to work on /home/tedubuamo/project/venv/lib/python3.12/site-packages/airflow/example_dags/example_short_circuit_decorator.py
[2024-12-03T21:23:20.673+0700] {processor.py:914} INFO - Processing file /home/tedubuamo/project/venv/lib/python3.12/site-packages/airflow/example_dags/example_short_circuit_decorator.py for tasks to queue
[2024-12-03T21:23:20.675+0700] {logging_mixin.py:190} INFO - [2024-12-03T21:23:20.674+0700] {dagbag.py:588} INFO - Filling up the DagBag from /home/tedubuamo/project/venv/lib/python3.12/site-packages/airflow/example_dags/example_short_circuit_decorator.py
[2024-12-03T21:23:20.682+0700] {processor.py:925} INFO - DAG(s) 'example_short_circuit_decorator' retrieved from /home/tedubuamo/project/venv/lib/python3.12/site-packages/airflow/example_dags/example_short_circuit_decorator.py
[2024-12-03T21:23:20.695+0700] {logging_mixin.py:190} INFO - [2024-12-03T21:23:20.695+0700] {dag.py:3239} INFO - Sync 1 DAGs
[2024-12-03T21:23:20.705+0700] {logging_mixin.py:190} INFO - [2024-12-03T21:23:20.705+0700] {dag.py:4180} INFO - Setting next_dagrun for example_short_circuit_decorator to None, run_after=None
[2024-12-03T21:23:20.722+0700] {processor.py:208} INFO - Processing /home/tedubuamo/project/venv/lib/python3.12/site-packages/airflow/example_dags/example_short_circuit_decorator.py took 0.054 seconds
[2024-12-03T21:24:17.940+0700] {processor.py:186} INFO - Started process (PID=4366) to work on /home/tedubuamo/project/venv/lib/python3.12/site-packages/airflow/example_dags/example_short_circuit_decorator.py
[2024-12-03T21:24:17.943+0700] {processor.py:914} INFO - Processing file /home/tedubuamo/project/venv/lib/python3.12/site-packages/airflow/example_dags/example_short_circuit_decorator.py for tasks to queue
[2024-12-03T21:24:17.946+0700] {logging_mixin.py:190} INFO - [2024-12-03T21:24:17.945+0700] {dagbag.py:588} INFO - Filling up the DagBag from /home/tedubuamo/project/venv/lib/python3.12/site-packages/airflow/example_dags/example_short_circuit_decorator.py
[2024-12-03T21:24:17.958+0700] {processor.py:925} INFO - DAG(s) 'example_short_circuit_decorator' retrieved from /home/tedubuamo/project/venv/lib/python3.12/site-packages/airflow/example_dags/example_short_circuit_decorator.py
[2024-12-03T21:24:17.975+0700] {logging_mixin.py:190} INFO - [2024-12-03T21:24:17.974+0700] {dag.py:3239} INFO - Sync 1 DAGs
[2024-12-03T21:24:17.987+0700] {logging_mixin.py:190} INFO - [2024-12-03T21:24:17.986+0700] {dag.py:4180} INFO - Setting next_dagrun for example_short_circuit_decorator to None, run_after=None
[2024-12-03T21:24:18.010+0700] {processor.py:208} INFO - Processing /home/tedubuamo/project/venv/lib/python3.12/site-packages/airflow/example_dags/example_short_circuit_decorator.py took 0.077 seconds
[2024-12-03T21:25:09.295+0700] {processor.py:186} INFO - Started process (PID=4428) to work on /home/tedubuamo/project/venv/lib/python3.12/site-packages/airflow/example_dags/example_short_circuit_decorator.py
[2024-12-03T21:25:09.403+0700] {processor.py:914} INFO - Processing file /home/tedubuamo/project/venv/lib/python3.12/site-packages/airflow/example_dags/example_short_circuit_decorator.py for tasks to queue
[2024-12-03T21:25:09.404+0700] {logging_mixin.py:190} INFO - [2024-12-03T21:25:09.404+0700] {dagbag.py:588} INFO - Filling up the DagBag from /home/tedubuamo/project/venv/lib/python3.12/site-packages/airflow/example_dags/example_short_circuit_decorator.py
[2024-12-03T21:25:09.412+0700] {processor.py:925} INFO - DAG(s) 'example_short_circuit_decorator' retrieved from /home/tedubuamo/project/venv/lib/python3.12/site-packages/airflow/example_dags/example_short_circuit_decorator.py
[2024-12-03T21:25:09.425+0700] {logging_mixin.py:190} INFO - [2024-12-03T21:25:09.425+0700] {dag.py:3239} INFO - Sync 1 DAGs
[2024-12-03T21:25:09.434+0700] {logging_mixin.py:190} INFO - [2024-12-03T21:25:09.434+0700] {dag.py:4180} INFO - Setting next_dagrun for example_short_circuit_decorator to None, run_after=None
[2024-12-03T21:25:09.511+0700] {processor.py:208} INFO - Processing /home/tedubuamo/project/venv/lib/python3.12/site-packages/airflow/example_dags/example_short_circuit_decorator.py took 0.222 seconds
[2024-12-03T21:26:11.527+0700] {processor.py:186} INFO - Started process (PID=4511) to work on /home/tedubuamo/project/venv/lib/python3.12/site-packages/airflow/example_dags/example_short_circuit_decorator.py
[2024-12-03T21:26:11.528+0700] {processor.py:914} INFO - Processing file /home/tedubuamo/project/venv/lib/python3.12/site-packages/airflow/example_dags/example_short_circuit_decorator.py for tasks to queue
[2024-12-03T21:26:11.530+0700] {logging_mixin.py:190} INFO - [2024-12-03T21:26:11.530+0700] {dagbag.py:588} INFO - Filling up the DagBag from /home/tedubuamo/project/venv/lib/python3.12/site-packages/airflow/example_dags/example_short_circuit_decorator.py
[2024-12-03T21:26:11.540+0700] {processor.py:925} INFO - DAG(s) 'example_short_circuit_decorator' retrieved from /home/tedubuamo/project/venv/lib/python3.12/site-packages/airflow/example_dags/example_short_circuit_decorator.py
[2024-12-03T21:26:11.553+0700] {logging_mixin.py:190} INFO - [2024-12-03T21:26:11.553+0700] {dag.py:3239} INFO - Sync 1 DAGs
[2024-12-03T21:26:11.563+0700] {logging_mixin.py:190} INFO - [2024-12-03T21:26:11.562+0700] {dag.py:4180} INFO - Setting next_dagrun for example_short_circuit_decorator to None, run_after=None
[2024-12-03T21:26:11.580+0700] {processor.py:208} INFO - Processing /home/tedubuamo/project/venv/lib/python3.12/site-packages/airflow/example_dags/example_short_circuit_decorator.py took 0.058 seconds
[2024-12-03T21:27:06.415+0700] {processor.py:186} INFO - Started process (PID=4569) to work on /home/tedubuamo/project/venv/lib/python3.12/site-packages/airflow/example_dags/example_short_circuit_decorator.py
[2024-12-03T21:27:06.419+0700] {processor.py:914} INFO - Processing file /home/tedubuamo/project/venv/lib/python3.12/site-packages/airflow/example_dags/example_short_circuit_decorator.py for tasks to queue
[2024-12-03T21:27:06.421+0700] {logging_mixin.py:190} INFO - [2024-12-03T21:27:06.421+0700] {dagbag.py:588} INFO - Filling up the DagBag from /home/tedubuamo/project/venv/lib/python3.12/site-packages/airflow/example_dags/example_short_circuit_decorator.py
[2024-12-03T21:27:06.430+0700] {processor.py:925} INFO - DAG(s) 'example_short_circuit_decorator' retrieved from /home/tedubuamo/project/venv/lib/python3.12/site-packages/airflow/example_dags/example_short_circuit_decorator.py
[2024-12-03T21:27:06.445+0700] {logging_mixin.py:190} INFO - [2024-12-03T21:27:06.444+0700] {dag.py:3239} INFO - Sync 1 DAGs
[2024-12-03T21:27:06.453+0700] {logging_mixin.py:190} INFO - [2024-12-03T21:27:06.453+0700] {dag.py:4180} INFO - Setting next_dagrun for example_short_circuit_decorator to None, run_after=None
[2024-12-03T21:27:06.472+0700] {processor.py:208} INFO - Processing /home/tedubuamo/project/venv/lib/python3.12/site-packages/airflow/example_dags/example_short_circuit_decorator.py took 0.061 seconds
[2024-12-03T21:27:59.771+0700] {processor.py:186} INFO - Started process (PID=4640) to work on /home/tedubuamo/project/venv/lib/python3.12/site-packages/airflow/example_dags/example_short_circuit_decorator.py
[2024-12-03T21:27:59.772+0700] {processor.py:914} INFO - Processing file /home/tedubuamo/project/venv/lib/python3.12/site-packages/airflow/example_dags/example_short_circuit_decorator.py for tasks to queue
[2024-12-03T21:27:59.775+0700] {logging_mixin.py:190} INFO - [2024-12-03T21:27:59.775+0700] {dagbag.py:588} INFO - Filling up the DagBag from /home/tedubuamo/project/venv/lib/python3.12/site-packages/airflow/example_dags/example_short_circuit_decorator.py
[2024-12-03T21:27:59.783+0700] {processor.py:925} INFO - DAG(s) 'example_short_circuit_decorator' retrieved from /home/tedubuamo/project/venv/lib/python3.12/site-packages/airflow/example_dags/example_short_circuit_decorator.py
[2024-12-03T21:27:59.796+0700] {logging_mixin.py:190} INFO - [2024-12-03T21:27:59.796+0700] {dag.py:3239} INFO - Sync 1 DAGs
[2024-12-03T21:27:59.806+0700] {logging_mixin.py:190} INFO - [2024-12-03T21:27:59.806+0700] {dag.py:4180} INFO - Setting next_dagrun for example_short_circuit_decorator to None, run_after=None
[2024-12-03T21:27:59.823+0700] {processor.py:208} INFO - Processing /home/tedubuamo/project/venv/lib/python3.12/site-packages/airflow/example_dags/example_short_circuit_decorator.py took 0.056 seconds
[2024-12-03T21:28:53.671+0700] {processor.py:186} INFO - Started process (PID=4781) to work on /home/tedubuamo/project/venv/lib/python3.12/site-packages/airflow/example_dags/example_short_circuit_decorator.py
[2024-12-03T21:28:53.672+0700] {processor.py:914} INFO - Processing file /home/tedubuamo/project/venv/lib/python3.12/site-packages/airflow/example_dags/example_short_circuit_decorator.py for tasks to queue
[2024-12-03T21:28:53.674+0700] {logging_mixin.py:190} INFO - [2024-12-03T21:28:53.674+0700] {dagbag.py:588} INFO - Filling up the DagBag from /home/tedubuamo/project/venv/lib/python3.12/site-packages/airflow/example_dags/example_short_circuit_decorator.py
[2024-12-03T21:28:53.683+0700] {processor.py:925} INFO - DAG(s) 'example_short_circuit_decorator' retrieved from /home/tedubuamo/project/venv/lib/python3.12/site-packages/airflow/example_dags/example_short_circuit_decorator.py
[2024-12-03T21:28:53.700+0700] {logging_mixin.py:190} INFO - [2024-12-03T21:28:53.699+0700] {dag.py:3239} INFO - Sync 1 DAGs
[2024-12-03T21:28:53.710+0700] {logging_mixin.py:190} INFO - [2024-12-03T21:28:53.710+0700] {dag.py:4180} INFO - Setting next_dagrun for example_short_circuit_decorator to None, run_after=None
[2024-12-03T21:28:53.730+0700] {processor.py:208} INFO - Processing /home/tedubuamo/project/venv/lib/python3.12/site-packages/airflow/example_dags/example_short_circuit_decorator.py took 0.063 seconds
[2024-12-03T21:29:47.921+0700] {processor.py:186} INFO - Started process (PID=4837) to work on /home/tedubuamo/project/venv/lib/python3.12/site-packages/airflow/example_dags/example_short_circuit_decorator.py
[2024-12-03T21:29:47.925+0700] {processor.py:914} INFO - Processing file /home/tedubuamo/project/venv/lib/python3.12/site-packages/airflow/example_dags/example_short_circuit_decorator.py for tasks to queue
[2024-12-03T21:29:47.927+0700] {logging_mixin.py:190} INFO - [2024-12-03T21:29:47.927+0700] {dagbag.py:588} INFO - Filling up the DagBag from /home/tedubuamo/project/venv/lib/python3.12/site-packages/airflow/example_dags/example_short_circuit_decorator.py
[2024-12-03T21:29:47.938+0700] {processor.py:925} INFO - DAG(s) 'example_short_circuit_decorator' retrieved from /home/tedubuamo/project/venv/lib/python3.12/site-packages/airflow/example_dags/example_short_circuit_decorator.py
[2024-12-03T21:29:47.955+0700] {logging_mixin.py:190} INFO - [2024-12-03T21:29:47.954+0700] {dag.py:3239} INFO - Sync 1 DAGs
[2024-12-03T21:29:47.966+0700] {logging_mixin.py:190} INFO - [2024-12-03T21:29:47.966+0700] {dag.py:4180} INFO - Setting next_dagrun for example_short_circuit_decorator to None, run_after=None
[2024-12-03T21:29:47.991+0700] {processor.py:208} INFO - Processing /home/tedubuamo/project/venv/lib/python3.12/site-packages/airflow/example_dags/example_short_circuit_decorator.py took 0.076 seconds
[2024-12-03T21:30:42.251+0700] {processor.py:186} INFO - Started process (PID=4896) to work on /home/tedubuamo/project/venv/lib/python3.12/site-packages/airflow/example_dags/example_short_circuit_decorator.py
[2024-12-03T21:30:42.253+0700] {processor.py:914} INFO - Processing file /home/tedubuamo/project/venv/lib/python3.12/site-packages/airflow/example_dags/example_short_circuit_decorator.py for tasks to queue
[2024-12-03T21:30:42.255+0700] {logging_mixin.py:190} INFO - [2024-12-03T21:30:42.255+0700] {dagbag.py:588} INFO - Filling up the DagBag from /home/tedubuamo/project/venv/lib/python3.12/site-packages/airflow/example_dags/example_short_circuit_decorator.py
[2024-12-03T21:30:42.262+0700] {processor.py:925} INFO - DAG(s) 'example_short_circuit_decorator' retrieved from /home/tedubuamo/project/venv/lib/python3.12/site-packages/airflow/example_dags/example_short_circuit_decorator.py
[2024-12-03T21:30:42.274+0700] {logging_mixin.py:190} INFO - [2024-12-03T21:30:42.274+0700] {dag.py:3239} INFO - Sync 1 DAGs
[2024-12-03T21:30:42.282+0700] {logging_mixin.py:190} INFO - [2024-12-03T21:30:42.282+0700] {dag.py:4180} INFO - Setting next_dagrun for example_short_circuit_decorator to None, run_after=None
[2024-12-03T21:30:42.300+0700] {processor.py:208} INFO - Processing /home/tedubuamo/project/venv/lib/python3.12/site-packages/airflow/example_dags/example_short_circuit_decorator.py took 0.052 seconds
[2024-12-03T21:31:35.892+0700] {processor.py:186} INFO - Started process (PID=4972) to work on /home/tedubuamo/project/venv/lib/python3.12/site-packages/airflow/example_dags/example_short_circuit_decorator.py
[2024-12-03T21:31:35.894+0700] {processor.py:914} INFO - Processing file /home/tedubuamo/project/venv/lib/python3.12/site-packages/airflow/example_dags/example_short_circuit_decorator.py for tasks to queue
[2024-12-03T21:31:35.896+0700] {logging_mixin.py:190} INFO - [2024-12-03T21:31:35.896+0700] {dagbag.py:588} INFO - Filling up the DagBag from /home/tedubuamo/project/venv/lib/python3.12/site-packages/airflow/example_dags/example_short_circuit_decorator.py
[2024-12-03T21:31:35.903+0700] {processor.py:925} INFO - DAG(s) 'example_short_circuit_decorator' retrieved from /home/tedubuamo/project/venv/lib/python3.12/site-packages/airflow/example_dags/example_short_circuit_decorator.py
[2024-12-03T21:31:35.916+0700] {logging_mixin.py:190} INFO - [2024-12-03T21:31:35.916+0700] {dag.py:3239} INFO - Sync 1 DAGs
[2024-12-03T21:31:35.925+0700] {logging_mixin.py:190} INFO - [2024-12-03T21:31:35.925+0700] {dag.py:4180} INFO - Setting next_dagrun for example_short_circuit_decorator to None, run_after=None
[2024-12-03T21:31:35.946+0700] {processor.py:208} INFO - Processing /home/tedubuamo/project/venv/lib/python3.12/site-packages/airflow/example_dags/example_short_circuit_decorator.py took 0.057 seconds
