[2024-12-03T20:58:04.329+0700] {processor.py:186} INFO - Started process (PID=1657) to work on /home/tedubuamo/project/venv/lib/python3.12/site-packages/airflow/example_dags/example_short_circuit_operator.py
[2024-12-03T20:58:04.329+0700] {processor.py:914} INFO - Processing file /home/tedubuamo/project/venv/lib/python3.12/site-packages/airflow/example_dags/example_short_circuit_operator.py for tasks to queue
[2024-12-03T20:58:04.330+0700] {logging_mixin.py:190} INFO - [2024-12-03T20:58:04.330+0700] {dagbag.py:588} INFO - Filling up the DagBag from /home/tedubuamo/project/venv/lib/python3.12/site-packages/airflow/example_dags/example_short_circuit_operator.py
[2024-12-03T20:58:04.337+0700] {processor.py:925} INFO - DAG(s) 'example_short_circuit_operator' retrieved from /home/tedubuamo/project/venv/lib/python3.12/site-packages/airflow/example_dags/example_short_circuit_operator.py
[2024-12-03T20:58:04.405+0700] {logging_mixin.py:190} INFO - [2024-12-03T20:58:04.405+0700] {dag.py:3239} INFO - Sync 1 DAGs
[2024-12-03T20:58:04.413+0700] {logging_mixin.py:190} INFO - [2024-12-03T20:58:04.413+0700] {dag.py:4180} INFO - Setting next_dagrun for example_short_circuit_operator to None, run_after=None
[2024-12-03T20:58:04.432+0700] {processor.py:208} INFO - Processing /home/tedubuamo/project/venv/lib/python3.12/site-packages/airflow/example_dags/example_short_circuit_operator.py took 0.107 seconds
[2024-12-03T20:58:59.972+0700] {processor.py:186} INFO - Started process (PID=1714) to work on /home/tedubuamo/project/venv/lib/python3.12/site-packages/airflow/example_dags/example_short_circuit_operator.py
[2024-12-03T20:58:59.975+0700] {processor.py:914} INFO - Processing file /home/tedubuamo/project/venv/lib/python3.12/site-packages/airflow/example_dags/example_short_circuit_operator.py for tasks to queue
[2024-12-03T20:58:59.977+0700] {logging_mixin.py:190} INFO - [2024-12-03T20:58:59.976+0700] {dagbag.py:588} INFO - Filling up the DagBag from /home/tedubuamo/project/venv/lib/python3.12/site-packages/airflow/example_dags/example_short_circuit_operator.py
[2024-12-03T20:58:59.983+0700] {processor.py:925} INFO - DAG(s) 'example_short_circuit_operator' retrieved from /home/tedubuamo/project/venv/lib/python3.12/site-packages/airflow/example_dags/example_short_circuit_operator.py
[2024-12-03T20:58:59.994+0700] {logging_mixin.py:190} INFO - [2024-12-03T20:58:59.994+0700] {dag.py:3239} INFO - Sync 1 DAGs
[2024-12-03T20:59:00.002+0700] {logging_mixin.py:190} INFO - [2024-12-03T20:59:00.002+0700] {dag.py:4180} INFO - Setting next_dagrun for example_short_circuit_operator to None, run_after=None
[2024-12-03T20:59:00.023+0700] {processor.py:208} INFO - Processing /home/tedubuamo/project/venv/lib/python3.12/site-packages/airflow/example_dags/example_short_circuit_operator.py took 0.055 seconds
[2024-12-03T20:59:54.897+0700] {processor.py:186} INFO - Started process (PID=1771) to work on /home/tedubuamo/project/venv/lib/python3.12/site-packages/airflow/example_dags/example_short_circuit_operator.py
[2024-12-03T20:59:54.899+0700] {processor.py:914} INFO - Processing file /home/tedubuamo/project/venv/lib/python3.12/site-packages/airflow/example_dags/example_short_circuit_operator.py for tasks to queue
[2024-12-03T20:59:54.901+0700] {logging_mixin.py:190} INFO - [2024-12-03T20:59:54.901+0700] {dagbag.py:588} INFO - Filling up the DagBag from /home/tedubuamo/project/venv/lib/python3.12/site-packages/airflow/example_dags/example_short_circuit_operator.py
[2024-12-03T20:59:54.912+0700] {processor.py:925} INFO - DAG(s) 'example_short_circuit_operator' retrieved from /home/tedubuamo/project/venv/lib/python3.12/site-packages/airflow/example_dags/example_short_circuit_operator.py
[2024-12-03T20:59:54.930+0700] {logging_mixin.py:190} INFO - [2024-12-03T20:59:54.929+0700] {dag.py:3239} INFO - Sync 1 DAGs
[2024-12-03T20:59:54.942+0700] {logging_mixin.py:190} INFO - [2024-12-03T20:59:54.942+0700] {dag.py:4180} INFO - Setting next_dagrun for example_short_circuit_operator to None, run_after=None
[2024-12-03T20:59:54.972+0700] {processor.py:208} INFO - Processing /home/tedubuamo/project/venv/lib/python3.12/site-packages/airflow/example_dags/example_short_circuit_operator.py took 0.081 seconds
[2024-12-03T21:00:48.573+0700] {processor.py:186} INFO - Started process (PID=1826) to work on /home/tedubuamo/project/venv/lib/python3.12/site-packages/airflow/example_dags/example_short_circuit_operator.py
[2024-12-03T21:00:48.574+0700] {processor.py:914} INFO - Processing file /home/tedubuamo/project/venv/lib/python3.12/site-packages/airflow/example_dags/example_short_circuit_operator.py for tasks to queue
[2024-12-03T21:00:48.576+0700] {logging_mixin.py:190} INFO - [2024-12-03T21:00:48.576+0700] {dagbag.py:588} INFO - Filling up the DagBag from /home/tedubuamo/project/venv/lib/python3.12/site-packages/airflow/example_dags/example_short_circuit_operator.py
[2024-12-03T21:00:48.582+0700] {processor.py:925} INFO - DAG(s) 'example_short_circuit_operator' retrieved from /home/tedubuamo/project/venv/lib/python3.12/site-packages/airflow/example_dags/example_short_circuit_operator.py
[2024-12-03T21:00:48.595+0700] {logging_mixin.py:190} INFO - [2024-12-03T21:00:48.594+0700] {dag.py:3239} INFO - Sync 1 DAGs
[2024-12-03T21:00:48.603+0700] {logging_mixin.py:190} INFO - [2024-12-03T21:00:48.602+0700] {dag.py:4180} INFO - Setting next_dagrun for example_short_circuit_operator to None, run_after=None
[2024-12-03T21:00:48.619+0700] {processor.py:208} INFO - Processing /home/tedubuamo/project/venv/lib/python3.12/site-packages/airflow/example_dags/example_short_circuit_operator.py took 0.049 seconds
[2024-12-03T21:05:29.386+0700] {processor.py:186} INFO - Started process (PID=2042) to work on /home/tedubuamo/project/venv/lib/python3.12/site-packages/airflow/example_dags/example_short_circuit_operator.py
[2024-12-03T21:05:29.390+0700] {processor.py:914} INFO - Processing file /home/tedubuamo/project/venv/lib/python3.12/site-packages/airflow/example_dags/example_short_circuit_operator.py for tasks to queue
[2024-12-03T21:05:29.392+0700] {logging_mixin.py:190} INFO - [2024-12-03T21:05:29.392+0700] {dagbag.py:588} INFO - Filling up the DagBag from /home/tedubuamo/project/venv/lib/python3.12/site-packages/airflow/example_dags/example_short_circuit_operator.py
[2024-12-03T21:05:29.398+0700] {processor.py:925} INFO - DAG(s) 'example_short_circuit_operator' retrieved from /home/tedubuamo/project/venv/lib/python3.12/site-packages/airflow/example_dags/example_short_circuit_operator.py
[2024-12-03T21:05:29.411+0700] {logging_mixin.py:190} INFO - [2024-12-03T21:05:29.411+0700] {dag.py:3239} INFO - Sync 1 DAGs
[2024-12-03T21:05:29.420+0700] {logging_mixin.py:190} INFO - [2024-12-03T21:05:29.420+0700] {dag.py:4180} INFO - Setting next_dagrun for example_short_circuit_operator to None, run_after=None
[2024-12-03T21:05:29.436+0700] {processor.py:208} INFO - Processing /home/tedubuamo/project/venv/lib/python3.12/site-packages/airflow/example_dags/example_short_circuit_operator.py took 0.054 seconds
[2024-12-03T21:06:25.521+0700] {processor.py:186} INFO - Started process (PID=2202) to work on /home/tedubuamo/project/venv/lib/python3.12/site-packages/airflow/example_dags/example_short_circuit_operator.py
[2024-12-03T21:06:25.522+0700] {processor.py:914} INFO - Processing file /home/tedubuamo/project/venv/lib/python3.12/site-packages/airflow/example_dags/example_short_circuit_operator.py for tasks to queue
[2024-12-03T21:06:25.525+0700] {logging_mixin.py:190} INFO - [2024-12-03T21:06:25.524+0700] {dagbag.py:588} INFO - Filling up the DagBag from /home/tedubuamo/project/venv/lib/python3.12/site-packages/airflow/example_dags/example_short_circuit_operator.py
[2024-12-03T21:06:25.533+0700] {processor.py:925} INFO - DAG(s) 'example_short_circuit_operator' retrieved from /home/tedubuamo/project/venv/lib/python3.12/site-packages/airflow/example_dags/example_short_circuit_operator.py
[2024-12-03T21:06:25.548+0700] {logging_mixin.py:190} INFO - [2024-12-03T21:06:25.548+0700] {dag.py:3239} INFO - Sync 1 DAGs
[2024-12-03T21:06:25.558+0700] {logging_mixin.py:190} INFO - [2024-12-03T21:06:25.558+0700] {dag.py:4180} INFO - Setting next_dagrun for example_short_circuit_operator to None, run_after=None
[2024-12-03T21:06:25.581+0700] {processor.py:208} INFO - Processing /home/tedubuamo/project/venv/lib/python3.12/site-packages/airflow/example_dags/example_short_circuit_operator.py took 0.065 seconds
[2024-12-03T21:06:26.399+0700] {processor.py:186} INFO - Started process (PID=2204) to work on /home/tedubuamo/project/venv/lib/python3.12/site-packages/airflow/example_dags/example_short_circuit_operator.py
[2024-12-03T21:06:26.399+0700] {processor.py:914} INFO - Processing file /home/tedubuamo/project/venv/lib/python3.12/site-packages/airflow/example_dags/example_short_circuit_operator.py for tasks to queue
[2024-12-03T21:06:26.401+0700] {logging_mixin.py:190} INFO - [2024-12-03T21:06:26.401+0700] {dagbag.py:588} INFO - Filling up the DagBag from /home/tedubuamo/project/venv/lib/python3.12/site-packages/airflow/example_dags/example_short_circuit_operator.py
[2024-12-03T21:06:26.409+0700] {processor.py:925} INFO - DAG(s) 'example_short_circuit_operator' retrieved from /home/tedubuamo/project/venv/lib/python3.12/site-packages/airflow/example_dags/example_short_circuit_operator.py
[2024-12-03T21:06:26.425+0700] {logging_mixin.py:190} INFO - [2024-12-03T21:06:26.425+0700] {dag.py:3239} INFO - Sync 1 DAGs
[2024-12-03T21:06:26.436+0700] {logging_mixin.py:190} INFO - [2024-12-03T21:06:26.436+0700] {dag.py:4180} INFO - Setting next_dagrun for example_short_circuit_operator to None, run_after=None
[2024-12-03T21:06:26.457+0700] {processor.py:208} INFO - Processing /home/tedubuamo/project/venv/lib/python3.12/site-packages/airflow/example_dags/example_short_circuit_operator.py took 0.063 seconds
[2024-12-03T21:07:20.732+0700] {processor.py:186} INFO - Started process (PID=2411) to work on /home/tedubuamo/project/venv/lib/python3.12/site-packages/airflow/example_dags/example_short_circuit_operator.py
[2024-12-03T21:07:20.736+0700] {processor.py:914} INFO - Processing file /home/tedubuamo/project/venv/lib/python3.12/site-packages/airflow/example_dags/example_short_circuit_operator.py for tasks to queue
[2024-12-03T21:07:20.737+0700] {logging_mixin.py:190} INFO - [2024-12-03T21:07:20.737+0700] {dagbag.py:588} INFO - Filling up the DagBag from /home/tedubuamo/project/venv/lib/python3.12/site-packages/airflow/example_dags/example_short_circuit_operator.py
[2024-12-03T21:07:20.745+0700] {processor.py:925} INFO - DAG(s) 'example_short_circuit_operator' retrieved from /home/tedubuamo/project/venv/lib/python3.12/site-packages/airflow/example_dags/example_short_circuit_operator.py
[2024-12-03T21:07:20.760+0700] {logging_mixin.py:190} INFO - [2024-12-03T21:07:20.760+0700] {dag.py:3239} INFO - Sync 1 DAGs
[2024-12-03T21:07:20.770+0700] {logging_mixin.py:190} INFO - [2024-12-03T21:07:20.770+0700] {dag.py:4180} INFO - Setting next_dagrun for example_short_circuit_operator to None, run_after=None
[2024-12-03T21:07:20.795+0700] {processor.py:208} INFO - Processing /home/tedubuamo/project/venv/lib/python3.12/site-packages/airflow/example_dags/example_short_circuit_operator.py took 0.069 seconds
[2024-12-03T21:07:21.607+0700] {processor.py:186} INFO - Started process (PID=2412) to work on /home/tedubuamo/project/venv/lib/python3.12/site-packages/airflow/example_dags/example_short_circuit_operator.py
[2024-12-03T21:07:21.607+0700] {processor.py:914} INFO - Processing file /home/tedubuamo/project/venv/lib/python3.12/site-packages/airflow/example_dags/example_short_circuit_operator.py for tasks to queue
[2024-12-03T21:07:21.609+0700] {logging_mixin.py:190} INFO - [2024-12-03T21:07:21.609+0700] {dagbag.py:588} INFO - Filling up the DagBag from /home/tedubuamo/project/venv/lib/python3.12/site-packages/airflow/example_dags/example_short_circuit_operator.py
[2024-12-03T21:07:21.615+0700] {processor.py:925} INFO - DAG(s) 'example_short_circuit_operator' retrieved from /home/tedubuamo/project/venv/lib/python3.12/site-packages/airflow/example_dags/example_short_circuit_operator.py
[2024-12-03T21:07:21.629+0700] {logging_mixin.py:190} INFO - [2024-12-03T21:07:21.628+0700] {dag.py:3239} INFO - Sync 1 DAGs
[2024-12-03T21:07:21.637+0700] {logging_mixin.py:190} INFO - [2024-12-03T21:07:21.636+0700] {dag.py:4180} INFO - Setting next_dagrun for example_short_circuit_operator to None, run_after=None
[2024-12-03T21:07:21.653+0700] {processor.py:208} INFO - Processing /home/tedubuamo/project/venv/lib/python3.12/site-packages/airflow/example_dags/example_short_circuit_operator.py took 0.050 seconds
[2024-12-03T21:08:13.724+0700] {processor.py:186} INFO - Started process (PID=2521) to work on /home/tedubuamo/project/venv/lib/python3.12/site-packages/airflow/example_dags/example_short_circuit_operator.py
[2024-12-03T21:08:13.739+0700] {processor.py:914} INFO - Processing file /home/tedubuamo/project/venv/lib/python3.12/site-packages/airflow/example_dags/example_short_circuit_operator.py for tasks to queue
[2024-12-03T21:08:13.741+0700] {logging_mixin.py:190} INFO - [2024-12-03T21:08:13.740+0700] {dagbag.py:588} INFO - Filling up the DagBag from /home/tedubuamo/project/venv/lib/python3.12/site-packages/airflow/example_dags/example_short_circuit_operator.py
[2024-12-03T21:08:13.748+0700] {processor.py:925} INFO - DAG(s) 'example_short_circuit_operator' retrieved from /home/tedubuamo/project/venv/lib/python3.12/site-packages/airflow/example_dags/example_short_circuit_operator.py
[2024-12-03T21:08:13.763+0700] {logging_mixin.py:190} INFO - [2024-12-03T21:08:13.763+0700] {dag.py:3239} INFO - Sync 1 DAGs
[2024-12-03T21:08:13.773+0700] {logging_mixin.py:190} INFO - [2024-12-03T21:08:13.772+0700] {dag.py:4180} INFO - Setting next_dagrun for example_short_circuit_operator to None, run_after=None
[2024-12-03T21:08:13.792+0700] {processor.py:208} INFO - Processing /home/tedubuamo/project/venv/lib/python3.12/site-packages/airflow/example_dags/example_short_circuit_operator.py took 0.072 seconds
[2024-12-03T21:08:15.007+0700] {processor.py:186} INFO - Started process (PID=2524) to work on /home/tedubuamo/project/venv/lib/python3.12/site-packages/airflow/example_dags/example_short_circuit_operator.py
[2024-12-03T21:08:15.009+0700] {processor.py:914} INFO - Processing file /home/tedubuamo/project/venv/lib/python3.12/site-packages/airflow/example_dags/example_short_circuit_operator.py for tasks to queue
[2024-12-03T21:08:15.012+0700] {logging_mixin.py:190} INFO - [2024-12-03T21:08:15.012+0700] {dagbag.py:588} INFO - Filling up the DagBag from /home/tedubuamo/project/venv/lib/python3.12/site-packages/airflow/example_dags/example_short_circuit_operator.py
[2024-12-03T21:08:15.025+0700] {processor.py:925} INFO - DAG(s) 'example_short_circuit_operator' retrieved from /home/tedubuamo/project/venv/lib/python3.12/site-packages/airflow/example_dags/example_short_circuit_operator.py
[2024-12-03T21:08:15.044+0700] {logging_mixin.py:190} INFO - [2024-12-03T21:08:15.044+0700] {dag.py:3239} INFO - Sync 1 DAGs
[2024-12-03T21:08:15.057+0700] {logging_mixin.py:190} INFO - [2024-12-03T21:08:15.057+0700] {dag.py:4180} INFO - Setting next_dagrun for example_short_circuit_operator to None, run_after=None
[2024-12-03T21:08:15.080+0700] {processor.py:208} INFO - Processing /home/tedubuamo/project/venv/lib/python3.12/site-packages/airflow/example_dags/example_short_circuit_operator.py took 0.080 seconds
[2024-12-03T21:09:06.463+0700] {processor.py:186} INFO - Started process (PID=2628) to work on /home/tedubuamo/project/venv/lib/python3.12/site-packages/airflow/example_dags/example_short_circuit_operator.py
[2024-12-03T21:09:06.464+0700] {processor.py:914} INFO - Processing file /home/tedubuamo/project/venv/lib/python3.12/site-packages/airflow/example_dags/example_short_circuit_operator.py for tasks to queue
[2024-12-03T21:09:06.466+0700] {logging_mixin.py:190} INFO - [2024-12-03T21:09:06.465+0700] {dagbag.py:588} INFO - Filling up the DagBag from /home/tedubuamo/project/venv/lib/python3.12/site-packages/airflow/example_dags/example_short_circuit_operator.py
[2024-12-03T21:09:06.472+0700] {processor.py:925} INFO - DAG(s) 'example_short_circuit_operator' retrieved from /home/tedubuamo/project/venv/lib/python3.12/site-packages/airflow/example_dags/example_short_circuit_operator.py
[2024-12-03T21:09:06.484+0700] {logging_mixin.py:190} INFO - [2024-12-03T21:09:06.484+0700] {dag.py:3239} INFO - Sync 1 DAGs
[2024-12-03T21:09:06.493+0700] {logging_mixin.py:190} INFO - [2024-12-03T21:09:06.493+0700] {dag.py:4180} INFO - Setting next_dagrun for example_short_circuit_operator to None, run_after=None
[2024-12-03T21:09:06.510+0700] {processor.py:208} INFO - Processing /home/tedubuamo/project/venv/lib/python3.12/site-packages/airflow/example_dags/example_short_circuit_operator.py took 0.051 seconds
[2024-12-03T21:09:30.347+0700] {processor.py:186} INFO - Started process (PID=2678) to work on /home/tedubuamo/project/venv/lib/python3.12/site-packages/airflow/example_dags/example_short_circuit_operator.py
[2024-12-03T21:09:30.349+0700] {processor.py:914} INFO - Processing file /home/tedubuamo/project/venv/lib/python3.12/site-packages/airflow/example_dags/example_short_circuit_operator.py for tasks to queue
[2024-12-03T21:09:30.350+0700] {logging_mixin.py:190} INFO - [2024-12-03T21:09:30.350+0700] {dagbag.py:588} INFO - Filling up the DagBag from /home/tedubuamo/project/venv/lib/python3.12/site-packages/airflow/example_dags/example_short_circuit_operator.py
[2024-12-03T21:09:30.356+0700] {processor.py:925} INFO - DAG(s) 'example_short_circuit_operator' retrieved from /home/tedubuamo/project/venv/lib/python3.12/site-packages/airflow/example_dags/example_short_circuit_operator.py
[2024-12-03T21:09:30.369+0700] {logging_mixin.py:190} INFO - [2024-12-03T21:09:30.368+0700] {dag.py:3239} INFO - Sync 1 DAGs
[2024-12-03T21:09:30.377+0700] {logging_mixin.py:190} INFO - [2024-12-03T21:09:30.377+0700] {dag.py:4180} INFO - Setting next_dagrun for example_short_circuit_operator to None, run_after=None
[2024-12-03T21:09:30.393+0700] {processor.py:208} INFO - Processing /home/tedubuamo/project/venv/lib/python3.12/site-packages/airflow/example_dags/example_short_circuit_operator.py took 0.050 seconds
[2024-12-03T21:09:56.210+0700] {processor.py:186} INFO - Started process (PID=2732) to work on /home/tedubuamo/project/venv/lib/python3.12/site-packages/airflow/example_dags/example_short_circuit_operator.py
[2024-12-03T21:09:56.214+0700] {processor.py:914} INFO - Processing file /home/tedubuamo/project/venv/lib/python3.12/site-packages/airflow/example_dags/example_short_circuit_operator.py for tasks to queue
[2024-12-03T21:09:56.215+0700] {logging_mixin.py:190} INFO - [2024-12-03T21:09:56.215+0700] {dagbag.py:588} INFO - Filling up the DagBag from /home/tedubuamo/project/venv/lib/python3.12/site-packages/airflow/example_dags/example_short_circuit_operator.py
[2024-12-03T21:09:56.222+0700] {processor.py:925} INFO - DAG(s) 'example_short_circuit_operator' retrieved from /home/tedubuamo/project/venv/lib/python3.12/site-packages/airflow/example_dags/example_short_circuit_operator.py
[2024-12-03T21:09:56.234+0700] {logging_mixin.py:190} INFO - [2024-12-03T21:09:56.234+0700] {dag.py:3239} INFO - Sync 1 DAGs
[2024-12-03T21:09:56.244+0700] {logging_mixin.py:190} INFO - [2024-12-03T21:09:56.243+0700] {dag.py:4180} INFO - Setting next_dagrun for example_short_circuit_operator to None, run_after=None
[2024-12-03T21:09:56.263+0700] {processor.py:208} INFO - Processing /home/tedubuamo/project/venv/lib/python3.12/site-packages/airflow/example_dags/example_short_circuit_operator.py took 0.057 seconds
[2024-12-03T21:10:21.533+0700] {processor.py:186} INFO - Started process (PID=2785) to work on /home/tedubuamo/project/venv/lib/python3.12/site-packages/airflow/example_dags/example_short_circuit_operator.py
[2024-12-03T21:10:21.534+0700] {processor.py:914} INFO - Processing file /home/tedubuamo/project/venv/lib/python3.12/site-packages/airflow/example_dags/example_short_circuit_operator.py for tasks to queue
[2024-12-03T21:10:21.536+0700] {logging_mixin.py:190} INFO - [2024-12-03T21:10:21.535+0700] {dagbag.py:588} INFO - Filling up the DagBag from /home/tedubuamo/project/venv/lib/python3.12/site-packages/airflow/example_dags/example_short_circuit_operator.py
[2024-12-03T21:10:21.543+0700] {processor.py:925} INFO - DAG(s) 'example_short_circuit_operator' retrieved from /home/tedubuamo/project/venv/lib/python3.12/site-packages/airflow/example_dags/example_short_circuit_operator.py
[2024-12-03T21:10:21.559+0700] {logging_mixin.py:190} INFO - [2024-12-03T21:10:21.559+0700] {dag.py:3239} INFO - Sync 1 DAGs
[2024-12-03T21:10:21.570+0700] {logging_mixin.py:190} INFO - [2024-12-03T21:10:21.570+0700] {dag.py:4180} INFO - Setting next_dagrun for example_short_circuit_operator to None, run_after=None
[2024-12-03T21:10:21.590+0700] {processor.py:208} INFO - Processing /home/tedubuamo/project/venv/lib/python3.12/site-packages/airflow/example_dags/example_short_circuit_operator.py took 0.061 seconds
[2024-12-03T21:11:11.295+0700] {processor.py:186} INFO - Started process (PID=2885) to work on /home/tedubuamo/project/venv/lib/python3.12/site-packages/airflow/example_dags/example_short_circuit_operator.py
[2024-12-03T21:11:11.297+0700] {processor.py:914} INFO - Processing file /home/tedubuamo/project/venv/lib/python3.12/site-packages/airflow/example_dags/example_short_circuit_operator.py for tasks to queue
[2024-12-03T21:11:11.298+0700] {logging_mixin.py:190} INFO - [2024-12-03T21:11:11.298+0700] {dagbag.py:588} INFO - Filling up the DagBag from /home/tedubuamo/project/venv/lib/python3.12/site-packages/airflow/example_dags/example_short_circuit_operator.py
[2024-12-03T21:11:11.305+0700] {processor.py:925} INFO - DAG(s) 'example_short_circuit_operator' retrieved from /home/tedubuamo/project/venv/lib/python3.12/site-packages/airflow/example_dags/example_short_circuit_operator.py
[2024-12-03T21:11:11.326+0700] {logging_mixin.py:190} INFO - [2024-12-03T21:11:11.326+0700] {dag.py:3239} INFO - Sync 1 DAGs
[2024-12-03T21:11:11.336+0700] {logging_mixin.py:190} INFO - [2024-12-03T21:11:11.336+0700] {dag.py:4180} INFO - Setting next_dagrun for example_short_circuit_operator to None, run_after=None
[2024-12-03T21:11:11.354+0700] {processor.py:208} INFO - Processing /home/tedubuamo/project/venv/lib/python3.12/site-packages/airflow/example_dags/example_short_circuit_operator.py took 0.065 seconds
[2024-12-03T21:11:15.318+0700] {processor.py:186} INFO - Started process (PID=2893) to work on /home/tedubuamo/project/venv/lib/python3.12/site-packages/airflow/example_dags/example_short_circuit_operator.py
[2024-12-03T21:11:15.319+0700] {processor.py:914} INFO - Processing file /home/tedubuamo/project/venv/lib/python3.12/site-packages/airflow/example_dags/example_short_circuit_operator.py for tasks to queue
[2024-12-03T21:11:15.321+0700] {logging_mixin.py:190} INFO - [2024-12-03T21:11:15.320+0700] {dagbag.py:588} INFO - Filling up the DagBag from /home/tedubuamo/project/venv/lib/python3.12/site-packages/airflow/example_dags/example_short_circuit_operator.py
[2024-12-03T21:11:15.332+0700] {processor.py:925} INFO - DAG(s) 'example_short_circuit_operator' retrieved from /home/tedubuamo/project/venv/lib/python3.12/site-packages/airflow/example_dags/example_short_circuit_operator.py
[2024-12-03T21:11:15.348+0700] {logging_mixin.py:190} INFO - [2024-12-03T21:11:15.348+0700] {dag.py:3239} INFO - Sync 1 DAGs
[2024-12-03T21:11:15.360+0700] {logging_mixin.py:190} INFO - [2024-12-03T21:11:15.360+0700] {dag.py:4180} INFO - Setting next_dagrun for example_short_circuit_operator to None, run_after=None
[2024-12-03T21:11:15.380+0700] {processor.py:208} INFO - Processing /home/tedubuamo/project/venv/lib/python3.12/site-packages/airflow/example_dags/example_short_circuit_operator.py took 0.067 seconds
[2024-12-03T21:12:06.717+0700] {processor.py:186} INFO - Started process (PID=3014) to work on /home/tedubuamo/project/venv/lib/python3.12/site-packages/airflow/example_dags/example_short_circuit_operator.py
[2024-12-03T21:12:06.718+0700] {processor.py:914} INFO - Processing file /home/tedubuamo/project/venv/lib/python3.12/site-packages/airflow/example_dags/example_short_circuit_operator.py for tasks to queue
[2024-12-03T21:12:06.719+0700] {logging_mixin.py:190} INFO - [2024-12-03T21:12:06.719+0700] {dagbag.py:588} INFO - Filling up the DagBag from /home/tedubuamo/project/venv/lib/python3.12/site-packages/airflow/example_dags/example_short_circuit_operator.py
[2024-12-03T21:12:06.726+0700] {processor.py:925} INFO - DAG(s) 'example_short_circuit_operator' retrieved from /home/tedubuamo/project/venv/lib/python3.12/site-packages/airflow/example_dags/example_short_circuit_operator.py
[2024-12-03T21:12:06.738+0700] {logging_mixin.py:190} INFO - [2024-12-03T21:12:06.738+0700] {dag.py:3239} INFO - Sync 1 DAGs
[2024-12-03T21:12:06.750+0700] {logging_mixin.py:190} INFO - [2024-12-03T21:12:06.750+0700] {dag.py:4180} INFO - Setting next_dagrun for example_short_circuit_operator to None, run_after=None
[2024-12-03T21:12:06.766+0700] {processor.py:208} INFO - Processing /home/tedubuamo/project/venv/lib/python3.12/site-packages/airflow/example_dags/example_short_circuit_operator.py took 0.054 seconds
[2024-12-03T21:12:07.815+0700] {processor.py:186} INFO - Started process (PID=3019) to work on /home/tedubuamo/project/venv/lib/python3.12/site-packages/airflow/example_dags/example_short_circuit_operator.py
[2024-12-03T21:12:07.815+0700] {processor.py:914} INFO - Processing file /home/tedubuamo/project/venv/lib/python3.12/site-packages/airflow/example_dags/example_short_circuit_operator.py for tasks to queue
[2024-12-03T21:12:07.817+0700] {logging_mixin.py:190} INFO - [2024-12-03T21:12:07.816+0700] {dagbag.py:588} INFO - Filling up the DagBag from /home/tedubuamo/project/venv/lib/python3.12/site-packages/airflow/example_dags/example_short_circuit_operator.py
[2024-12-03T21:12:07.823+0700] {processor.py:925} INFO - DAG(s) 'example_short_circuit_operator' retrieved from /home/tedubuamo/project/venv/lib/python3.12/site-packages/airflow/example_dags/example_short_circuit_operator.py
[2024-12-03T21:12:07.835+0700] {logging_mixin.py:190} INFO - [2024-12-03T21:12:07.835+0700] {dag.py:3239} INFO - Sync 1 DAGs
[2024-12-03T21:12:07.844+0700] {logging_mixin.py:190} INFO - [2024-12-03T21:12:07.843+0700] {dag.py:4180} INFO - Setting next_dagrun for example_short_circuit_operator to None, run_after=None
[2024-12-03T21:12:07.861+0700] {processor.py:208} INFO - Processing /home/tedubuamo/project/venv/lib/python3.12/site-packages/airflow/example_dags/example_short_circuit_operator.py took 0.050 seconds
[2024-12-03T21:13:01.553+0700] {processor.py:186} INFO - Started process (PID=3146) to work on /home/tedubuamo/project/venv/lib/python3.12/site-packages/airflow/example_dags/example_short_circuit_operator.py
[2024-12-03T21:13:01.554+0700] {processor.py:914} INFO - Processing file /home/tedubuamo/project/venv/lib/python3.12/site-packages/airflow/example_dags/example_short_circuit_operator.py for tasks to queue
[2024-12-03T21:13:01.556+0700] {logging_mixin.py:190} INFO - [2024-12-03T21:13:01.556+0700] {dagbag.py:588} INFO - Filling up the DagBag from /home/tedubuamo/project/venv/lib/python3.12/site-packages/airflow/example_dags/example_short_circuit_operator.py
[2024-12-03T21:13:01.564+0700] {processor.py:925} INFO - DAG(s) 'example_short_circuit_operator' retrieved from /home/tedubuamo/project/venv/lib/python3.12/site-packages/airflow/example_dags/example_short_circuit_operator.py
[2024-12-03T21:13:01.578+0700] {logging_mixin.py:190} INFO - [2024-12-03T21:13:01.578+0700] {dag.py:3239} INFO - Sync 1 DAGs
[2024-12-03T21:13:01.588+0700] {logging_mixin.py:190} INFO - [2024-12-03T21:13:01.587+0700] {dag.py:4180} INFO - Setting next_dagrun for example_short_circuit_operator to None, run_after=None
[2024-12-03T21:13:01.607+0700] {processor.py:208} INFO - Processing /home/tedubuamo/project/venv/lib/python3.12/site-packages/airflow/example_dags/example_short_circuit_operator.py took 0.058 seconds
[2024-12-03T21:13:22.673+0700] {processor.py:186} INFO - Started process (PID=3188) to work on /home/tedubuamo/project/venv/lib/python3.12/site-packages/airflow/example_dags/example_short_circuit_operator.py
[2024-12-03T21:13:22.674+0700] {processor.py:914} INFO - Processing file /home/tedubuamo/project/venv/lib/python3.12/site-packages/airflow/example_dags/example_short_circuit_operator.py for tasks to queue
[2024-12-03T21:13:22.676+0700] {logging_mixin.py:190} INFO - [2024-12-03T21:13:22.676+0700] {dagbag.py:588} INFO - Filling up the DagBag from /home/tedubuamo/project/venv/lib/python3.12/site-packages/airflow/example_dags/example_short_circuit_operator.py
[2024-12-03T21:13:22.682+0700] {processor.py:925} INFO - DAG(s) 'example_short_circuit_operator' retrieved from /home/tedubuamo/project/venv/lib/python3.12/site-packages/airflow/example_dags/example_short_circuit_operator.py
[2024-12-03T21:13:22.695+0700] {logging_mixin.py:190} INFO - [2024-12-03T21:13:22.694+0700] {dag.py:3239} INFO - Sync 1 DAGs
[2024-12-03T21:13:22.704+0700] {logging_mixin.py:190} INFO - [2024-12-03T21:13:22.703+0700] {dag.py:4180} INFO - Setting next_dagrun for example_short_circuit_operator to None, run_after=None
[2024-12-03T21:13:22.720+0700] {processor.py:208} INFO - Processing /home/tedubuamo/project/venv/lib/python3.12/site-packages/airflow/example_dags/example_short_circuit_operator.py took 0.051 seconds
[2024-12-03T21:13:51.976+0700] {processor.py:186} INFO - Started process (PID=3252) to work on /home/tedubuamo/project/venv/lib/python3.12/site-packages/airflow/example_dags/example_short_circuit_operator.py
[2024-12-03T21:13:51.992+0700] {processor.py:914} INFO - Processing file /home/tedubuamo/project/venv/lib/python3.12/site-packages/airflow/example_dags/example_short_circuit_operator.py for tasks to queue
[2024-12-03T21:13:51.994+0700] {logging_mixin.py:190} INFO - [2024-12-03T21:13:51.994+0700] {dagbag.py:588} INFO - Filling up the DagBag from /home/tedubuamo/project/venv/lib/python3.12/site-packages/airflow/example_dags/example_short_circuit_operator.py
[2024-12-03T21:13:52.001+0700] {processor.py:925} INFO - DAG(s) 'example_short_circuit_operator' retrieved from /home/tedubuamo/project/venv/lib/python3.12/site-packages/airflow/example_dags/example_short_circuit_operator.py
[2024-12-03T21:13:52.015+0700] {logging_mixin.py:190} INFO - [2024-12-03T21:13:52.015+0700] {dag.py:3239} INFO - Sync 1 DAGs
[2024-12-03T21:13:52.025+0700] {logging_mixin.py:190} INFO - [2024-12-03T21:13:52.025+0700] {dag.py:4180} INFO - Setting next_dagrun for example_short_circuit_operator to None, run_after=None
[2024-12-03T21:13:52.045+0700] {processor.py:208} INFO - Processing /home/tedubuamo/project/venv/lib/python3.12/site-packages/airflow/example_dags/example_short_circuit_operator.py took 0.073 seconds
[2024-12-03T21:14:38.838+0700] {processor.py:186} INFO - Started process (PID=3347) to work on /home/tedubuamo/project/venv/lib/python3.12/site-packages/airflow/example_dags/example_short_circuit_operator.py
[2024-12-03T21:14:38.839+0700] {processor.py:914} INFO - Processing file /home/tedubuamo/project/venv/lib/python3.12/site-packages/airflow/example_dags/example_short_circuit_operator.py for tasks to queue
[2024-12-03T21:14:38.841+0700] {logging_mixin.py:190} INFO - [2024-12-03T21:14:38.841+0700] {dagbag.py:588} INFO - Filling up the DagBag from /home/tedubuamo/project/venv/lib/python3.12/site-packages/airflow/example_dags/example_short_circuit_operator.py
[2024-12-03T21:14:38.848+0700] {processor.py:925} INFO - DAG(s) 'example_short_circuit_operator' retrieved from /home/tedubuamo/project/venv/lib/python3.12/site-packages/airflow/example_dags/example_short_circuit_operator.py
[2024-12-03T21:14:38.860+0700] {logging_mixin.py:190} INFO - [2024-12-03T21:14:38.860+0700] {dag.py:3239} INFO - Sync 1 DAGs
[2024-12-03T21:14:38.868+0700] {logging_mixin.py:190} INFO - [2024-12-03T21:14:38.868+0700] {dag.py:4180} INFO - Setting next_dagrun for example_short_circuit_operator to None, run_after=None
[2024-12-03T21:14:38.886+0700] {processor.py:208} INFO - Processing /home/tedubuamo/project/venv/lib/python3.12/site-packages/airflow/example_dags/example_short_circuit_operator.py took 0.052 seconds
[2024-12-03T21:14:46.493+0700] {processor.py:186} INFO - Started process (PID=3363) to work on /home/tedubuamo/project/venv/lib/python3.12/site-packages/airflow/example_dags/example_short_circuit_operator.py
[2024-12-03T21:14:46.495+0700] {processor.py:914} INFO - Processing file /home/tedubuamo/project/venv/lib/python3.12/site-packages/airflow/example_dags/example_short_circuit_operator.py for tasks to queue
[2024-12-03T21:14:46.496+0700] {logging_mixin.py:190} INFO - [2024-12-03T21:14:46.496+0700] {dagbag.py:588} INFO - Filling up the DagBag from /home/tedubuamo/project/venv/lib/python3.12/site-packages/airflow/example_dags/example_short_circuit_operator.py
[2024-12-03T21:14:46.502+0700] {processor.py:925} INFO - DAG(s) 'example_short_circuit_operator' retrieved from /home/tedubuamo/project/venv/lib/python3.12/site-packages/airflow/example_dags/example_short_circuit_operator.py
[2024-12-03T21:14:46.515+0700] {logging_mixin.py:190} INFO - [2024-12-03T21:14:46.515+0700] {dag.py:3239} INFO - Sync 1 DAGs
[2024-12-03T21:14:46.524+0700] {logging_mixin.py:190} INFO - [2024-12-03T21:14:46.523+0700] {dag.py:4180} INFO - Setting next_dagrun for example_short_circuit_operator to None, run_after=None
[2024-12-03T21:14:46.541+0700] {processor.py:208} INFO - Processing /home/tedubuamo/project/venv/lib/python3.12/site-packages/airflow/example_dags/example_short_circuit_operator.py took 0.051 seconds
[2024-12-03T21:15:32.249+0700] {processor.py:186} INFO - Started process (PID=3457) to work on /home/tedubuamo/project/venv/lib/python3.12/site-packages/airflow/example_dags/example_short_circuit_operator.py
[2024-12-03T21:15:32.253+0700] {processor.py:914} INFO - Processing file /home/tedubuamo/project/venv/lib/python3.12/site-packages/airflow/example_dags/example_short_circuit_operator.py for tasks to queue
[2024-12-03T21:15:32.254+0700] {logging_mixin.py:190} INFO - [2024-12-03T21:15:32.254+0700] {dagbag.py:588} INFO - Filling up the DagBag from /home/tedubuamo/project/venv/lib/python3.12/site-packages/airflow/example_dags/example_short_circuit_operator.py
[2024-12-03T21:15:32.262+0700] {processor.py:925} INFO - DAG(s) 'example_short_circuit_operator' retrieved from /home/tedubuamo/project/venv/lib/python3.12/site-packages/airflow/example_dags/example_short_circuit_operator.py
[2024-12-03T21:15:32.278+0700] {logging_mixin.py:190} INFO - [2024-12-03T21:15:32.278+0700] {dag.py:3239} INFO - Sync 1 DAGs
[2024-12-03T21:15:32.289+0700] {logging_mixin.py:190} INFO - [2024-12-03T21:15:32.288+0700] {dag.py:4180} INFO - Setting next_dagrun for example_short_circuit_operator to None, run_after=None
[2024-12-03T21:15:32.316+0700] {processor.py:208} INFO - Processing /home/tedubuamo/project/venv/lib/python3.12/site-packages/airflow/example_dags/example_short_circuit_operator.py took 0.071 seconds
[2024-12-03T21:15:59.869+0700] {processor.py:186} INFO - Started process (PID=3523) to work on /home/tedubuamo/project/venv/lib/python3.12/site-packages/airflow/example_dags/example_short_circuit_operator.py
[2024-12-03T21:15:59.870+0700] {processor.py:914} INFO - Processing file /home/tedubuamo/project/venv/lib/python3.12/site-packages/airflow/example_dags/example_short_circuit_operator.py for tasks to queue
[2024-12-03T21:15:59.871+0700] {logging_mixin.py:190} INFO - [2024-12-03T21:15:59.871+0700] {dagbag.py:588} INFO - Filling up the DagBag from /home/tedubuamo/project/venv/lib/python3.12/site-packages/airflow/example_dags/example_short_circuit_operator.py
[2024-12-03T21:15:59.878+0700] {processor.py:925} INFO - DAG(s) 'example_short_circuit_operator' retrieved from /home/tedubuamo/project/venv/lib/python3.12/site-packages/airflow/example_dags/example_short_circuit_operator.py
[2024-12-03T21:15:59.892+0700] {logging_mixin.py:190} INFO - [2024-12-03T21:15:59.892+0700] {dag.py:3239} INFO - Sync 1 DAGs
[2024-12-03T21:15:59.900+0700] {logging_mixin.py:190} INFO - [2024-12-03T21:15:59.900+0700] {dag.py:4180} INFO - Setting next_dagrun for example_short_circuit_operator to None, run_after=None
[2024-12-03T21:15:59.918+0700] {processor.py:208} INFO - Processing /home/tedubuamo/project/venv/lib/python3.12/site-packages/airflow/example_dags/example_short_circuit_operator.py took 0.054 seconds
[2024-12-03T21:16:48.156+0700] {processor.py:186} INFO - Started process (PID=3643) to work on /home/tedubuamo/project/venv/lib/python3.12/site-packages/airflow/example_dags/example_short_circuit_operator.py
[2024-12-03T21:16:48.158+0700] {processor.py:914} INFO - Processing file /home/tedubuamo/project/venv/lib/python3.12/site-packages/airflow/example_dags/example_short_circuit_operator.py for tasks to queue
[2024-12-03T21:16:48.163+0700] {logging_mixin.py:190} INFO - [2024-12-03T21:16:48.162+0700] {dagbag.py:588} INFO - Filling up the DagBag from /home/tedubuamo/project/venv/lib/python3.12/site-packages/airflow/example_dags/example_short_circuit_operator.py
[2024-12-03T21:16:48.175+0700] {processor.py:925} INFO - DAG(s) 'example_short_circuit_operator' retrieved from /home/tedubuamo/project/venv/lib/python3.12/site-packages/airflow/example_dags/example_short_circuit_operator.py
[2024-12-03T21:16:48.200+0700] {logging_mixin.py:190} INFO - [2024-12-03T21:16:48.200+0700] {dag.py:3239} INFO - Sync 1 DAGs
[2024-12-03T21:16:48.217+0700] {logging_mixin.py:190} INFO - [2024-12-03T21:16:48.217+0700] {dag.py:4180} INFO - Setting next_dagrun for example_short_circuit_operator to None, run_after=None
[2024-12-03T21:16:48.242+0700] {processor.py:208} INFO - Processing /home/tedubuamo/project/venv/lib/python3.12/site-packages/airflow/example_dags/example_short_circuit_operator.py took 0.095 seconds
[2024-12-03T21:16:52.323+0700] {processor.py:186} INFO - Started process (PID=3656) to work on /home/tedubuamo/project/venv/lib/python3.12/site-packages/airflow/example_dags/example_short_circuit_operator.py
[2024-12-03T21:16:52.324+0700] {processor.py:914} INFO - Processing file /home/tedubuamo/project/venv/lib/python3.12/site-packages/airflow/example_dags/example_short_circuit_operator.py for tasks to queue
[2024-12-03T21:16:52.325+0700] {logging_mixin.py:190} INFO - [2024-12-03T21:16:52.325+0700] {dagbag.py:588} INFO - Filling up the DagBag from /home/tedubuamo/project/venv/lib/python3.12/site-packages/airflow/example_dags/example_short_circuit_operator.py
[2024-12-03T21:16:52.332+0700] {processor.py:925} INFO - DAG(s) 'example_short_circuit_operator' retrieved from /home/tedubuamo/project/venv/lib/python3.12/site-packages/airflow/example_dags/example_short_circuit_operator.py
[2024-12-03T21:16:52.347+0700] {logging_mixin.py:190} INFO - [2024-12-03T21:16:52.346+0700] {dag.py:3239} INFO - Sync 1 DAGs
[2024-12-03T21:16:52.356+0700] {logging_mixin.py:190} INFO - [2024-12-03T21:16:52.355+0700] {dag.py:4180} INFO - Setting next_dagrun for example_short_circuit_operator to None, run_after=None
[2024-12-03T21:16:52.372+0700] {processor.py:208} INFO - Processing /home/tedubuamo/project/venv/lib/python3.12/site-packages/airflow/example_dags/example_short_circuit_operator.py took 0.052 seconds
[2024-12-03T21:17:42.947+0700] {processor.py:186} INFO - Started process (PID=3773) to work on /home/tedubuamo/project/venv/lib/python3.12/site-packages/airflow/example_dags/example_short_circuit_operator.py
[2024-12-03T21:17:42.948+0700] {processor.py:914} INFO - Processing file /home/tedubuamo/project/venv/lib/python3.12/site-packages/airflow/example_dags/example_short_circuit_operator.py for tasks to queue
[2024-12-03T21:17:42.949+0700] {logging_mixin.py:190} INFO - [2024-12-03T21:17:42.949+0700] {dagbag.py:588} INFO - Filling up the DagBag from /home/tedubuamo/project/venv/lib/python3.12/site-packages/airflow/example_dags/example_short_circuit_operator.py
[2024-12-03T21:17:42.956+0700] {processor.py:925} INFO - DAG(s) 'example_short_circuit_operator' retrieved from /home/tedubuamo/project/venv/lib/python3.12/site-packages/airflow/example_dags/example_short_circuit_operator.py
[2024-12-03T21:17:42.968+0700] {logging_mixin.py:190} INFO - [2024-12-03T21:17:42.968+0700] {dag.py:3239} INFO - Sync 1 DAGs
[2024-12-03T21:17:42.978+0700] {logging_mixin.py:190} INFO - [2024-12-03T21:17:42.978+0700] {dag.py:4180} INFO - Setting next_dagrun for example_short_circuit_operator to None, run_after=None
[2024-12-03T21:17:42.994+0700] {processor.py:208} INFO - Processing /home/tedubuamo/project/venv/lib/python3.12/site-packages/airflow/example_dags/example_short_circuit_operator.py took 0.051 seconds
[2024-12-03T21:18:08.678+0700] {processor.py:186} INFO - Started process (PID=3830) to work on /home/tedubuamo/project/venv/lib/python3.12/site-packages/airflow/example_dags/example_short_circuit_operator.py
[2024-12-03T21:18:08.681+0700] {processor.py:914} INFO - Processing file /home/tedubuamo/project/venv/lib/python3.12/site-packages/airflow/example_dags/example_short_circuit_operator.py for tasks to queue
[2024-12-03T21:18:08.683+0700] {logging_mixin.py:190} INFO - [2024-12-03T21:18:08.683+0700] {dagbag.py:588} INFO - Filling up the DagBag from /home/tedubuamo/project/venv/lib/python3.12/site-packages/airflow/example_dags/example_short_circuit_operator.py
[2024-12-03T21:18:08.696+0700] {processor.py:925} INFO - DAG(s) 'example_short_circuit_operator' retrieved from /home/tedubuamo/project/venv/lib/python3.12/site-packages/airflow/example_dags/example_short_circuit_operator.py
[2024-12-03T21:18:08.719+0700] {logging_mixin.py:190} INFO - [2024-12-03T21:18:08.719+0700] {dag.py:3239} INFO - Sync 1 DAGs
[2024-12-03T21:18:08.733+0700] {logging_mixin.py:190} INFO - [2024-12-03T21:18:08.733+0700] {dag.py:4180} INFO - Setting next_dagrun for example_short_circuit_operator to None, run_after=None
[2024-12-03T21:18:08.761+0700] {processor.py:208} INFO - Processing /home/tedubuamo/project/venv/lib/python3.12/site-packages/airflow/example_dags/example_short_circuit_operator.py took 0.088 seconds
[2024-12-03T21:19:29.695+0700] {processor.py:186} INFO - Started process (PID=3970) to work on /home/tedubuamo/project/venv/lib/python3.12/site-packages/airflow/example_dags/example_short_circuit_operator.py
[2024-12-03T21:19:29.700+0700] {processor.py:914} INFO - Processing file /home/tedubuamo/project/venv/lib/python3.12/site-packages/airflow/example_dags/example_short_circuit_operator.py for tasks to queue
[2024-12-03T21:19:29.701+0700] {logging_mixin.py:190} INFO - [2024-12-03T21:19:29.701+0700] {dagbag.py:588} INFO - Filling up the DagBag from /home/tedubuamo/project/venv/lib/python3.12/site-packages/airflow/example_dags/example_short_circuit_operator.py
[2024-12-03T21:19:29.707+0700] {processor.py:925} INFO - DAG(s) 'example_short_circuit_operator' retrieved from /home/tedubuamo/project/venv/lib/python3.12/site-packages/airflow/example_dags/example_short_circuit_operator.py
[2024-12-03T21:19:29.776+0700] {logging_mixin.py:190} INFO - [2024-12-03T21:19:29.776+0700] {dag.py:3239} INFO - Sync 1 DAGs
[2024-12-03T21:19:29.783+0700] {logging_mixin.py:190} INFO - [2024-12-03T21:19:29.783+0700] {dag.py:4180} INFO - Setting next_dagrun for example_short_circuit_operator to None, run_after=None
[2024-12-03T21:19:29.801+0700] {processor.py:208} INFO - Processing /home/tedubuamo/project/venv/lib/python3.12/site-packages/airflow/example_dags/example_short_circuit_operator.py took 0.109 seconds
[2024-12-03T21:20:36.578+0700] {processor.py:186} INFO - Started process (PID=4076) to work on /home/tedubuamo/project/venv/lib/python3.12/site-packages/airflow/example_dags/example_short_circuit_operator.py
[2024-12-03T21:20:36.581+0700] {processor.py:914} INFO - Processing file /home/tedubuamo/project/venv/lib/python3.12/site-packages/airflow/example_dags/example_short_circuit_operator.py for tasks to queue
[2024-12-03T21:20:36.584+0700] {logging_mixin.py:190} INFO - [2024-12-03T21:20:36.583+0700] {dagbag.py:588} INFO - Filling up the DagBag from /home/tedubuamo/project/venv/lib/python3.12/site-packages/airflow/example_dags/example_short_circuit_operator.py
[2024-12-03T21:20:36.590+0700] {processor.py:925} INFO - DAG(s) 'example_short_circuit_operator' retrieved from /home/tedubuamo/project/venv/lib/python3.12/site-packages/airflow/example_dags/example_short_circuit_operator.py
[2024-12-03T21:20:36.605+0700] {logging_mixin.py:190} INFO - [2024-12-03T21:20:36.605+0700] {dag.py:3239} INFO - Sync 1 DAGs
[2024-12-03T21:20:36.615+0700] {logging_mixin.py:190} INFO - [2024-12-03T21:20:36.614+0700] {dag.py:4180} INFO - Setting next_dagrun for example_short_circuit_operator to None, run_after=None
[2024-12-03T21:20:36.634+0700] {processor.py:208} INFO - Processing /home/tedubuamo/project/venv/lib/python3.12/site-packages/airflow/example_dags/example_short_circuit_operator.py took 0.061 seconds
[2024-12-03T21:21:37.075+0700] {processor.py:186} INFO - Started process (PID=4145) to work on /home/tedubuamo/project/venv/lib/python3.12/site-packages/airflow/example_dags/example_short_circuit_operator.py
[2024-12-03T21:21:37.079+0700] {processor.py:914} INFO - Processing file /home/tedubuamo/project/venv/lib/python3.12/site-packages/airflow/example_dags/example_short_circuit_operator.py for tasks to queue
[2024-12-03T21:21:37.081+0700] {logging_mixin.py:190} INFO - [2024-12-03T21:21:37.080+0700] {dagbag.py:588} INFO - Filling up the DagBag from /home/tedubuamo/project/venv/lib/python3.12/site-packages/airflow/example_dags/example_short_circuit_operator.py
[2024-12-03T21:21:37.089+0700] {processor.py:925} INFO - DAG(s) 'example_short_circuit_operator' retrieved from /home/tedubuamo/project/venv/lib/python3.12/site-packages/airflow/example_dags/example_short_circuit_operator.py
[2024-12-03T21:21:37.107+0700] {logging_mixin.py:190} INFO - [2024-12-03T21:21:37.106+0700] {dag.py:3239} INFO - Sync 1 DAGs
[2024-12-03T21:21:37.120+0700] {logging_mixin.py:190} INFO - [2024-12-03T21:21:37.120+0700] {dag.py:4180} INFO - Setting next_dagrun for example_short_circuit_operator to None, run_after=None
[2024-12-03T21:21:37.140+0700] {processor.py:208} INFO - Processing /home/tedubuamo/project/venv/lib/python3.12/site-packages/airflow/example_dags/example_short_circuit_operator.py took 0.070 seconds
[2024-12-03T21:22:31.130+0700] {processor.py:186} INFO - Started process (PID=4236) to work on /home/tedubuamo/project/venv/lib/python3.12/site-packages/airflow/example_dags/example_short_circuit_operator.py
[2024-12-03T21:22:31.134+0700] {processor.py:914} INFO - Processing file /home/tedubuamo/project/venv/lib/python3.12/site-packages/airflow/example_dags/example_short_circuit_operator.py for tasks to queue
[2024-12-03T21:22:31.136+0700] {logging_mixin.py:190} INFO - [2024-12-03T21:22:31.136+0700] {dagbag.py:588} INFO - Filling up the DagBag from /home/tedubuamo/project/venv/lib/python3.12/site-packages/airflow/example_dags/example_short_circuit_operator.py
[2024-12-03T21:22:31.144+0700] {processor.py:925} INFO - DAG(s) 'example_short_circuit_operator' retrieved from /home/tedubuamo/project/venv/lib/python3.12/site-packages/airflow/example_dags/example_short_circuit_operator.py
[2024-12-03T21:22:31.159+0700] {logging_mixin.py:190} INFO - [2024-12-03T21:22:31.159+0700] {dag.py:3239} INFO - Sync 1 DAGs
[2024-12-03T21:22:31.171+0700] {logging_mixin.py:190} INFO - [2024-12-03T21:22:31.171+0700] {dag.py:4180} INFO - Setting next_dagrun for example_short_circuit_operator to None, run_after=None
[2024-12-03T21:22:31.192+0700] {processor.py:208} INFO - Processing /home/tedubuamo/project/venv/lib/python3.12/site-packages/airflow/example_dags/example_short_circuit_operator.py took 0.067 seconds
[2024-12-03T21:23:27.690+0700] {processor.py:186} INFO - Started process (PID=4294) to work on /home/tedubuamo/project/venv/lib/python3.12/site-packages/airflow/example_dags/example_short_circuit_operator.py
[2024-12-03T21:23:27.694+0700] {processor.py:914} INFO - Processing file /home/tedubuamo/project/venv/lib/python3.12/site-packages/airflow/example_dags/example_short_circuit_operator.py for tasks to queue
[2024-12-03T21:23:27.695+0700] {logging_mixin.py:190} INFO - [2024-12-03T21:23:27.695+0700] {dagbag.py:588} INFO - Filling up the DagBag from /home/tedubuamo/project/venv/lib/python3.12/site-packages/airflow/example_dags/example_short_circuit_operator.py
[2024-12-03T21:23:27.703+0700] {processor.py:925} INFO - DAG(s) 'example_short_circuit_operator' retrieved from /home/tedubuamo/project/venv/lib/python3.12/site-packages/airflow/example_dags/example_short_circuit_operator.py
[2024-12-03T21:23:27.718+0700] {logging_mixin.py:190} INFO - [2024-12-03T21:23:27.718+0700] {dag.py:3239} INFO - Sync 1 DAGs
[2024-12-03T21:23:27.729+0700] {logging_mixin.py:190} INFO - [2024-12-03T21:23:27.729+0700] {dag.py:4180} INFO - Setting next_dagrun for example_short_circuit_operator to None, run_after=None
[2024-12-03T21:23:27.751+0700] {processor.py:208} INFO - Processing /home/tedubuamo/project/venv/lib/python3.12/site-packages/airflow/example_dags/example_short_circuit_operator.py took 0.065 seconds
[2024-12-03T21:24:22.481+0700] {processor.py:186} INFO - Started process (PID=4372) to work on /home/tedubuamo/project/venv/lib/python3.12/site-packages/airflow/example_dags/example_short_circuit_operator.py
[2024-12-03T21:24:22.482+0700] {processor.py:914} INFO - Processing file /home/tedubuamo/project/venv/lib/python3.12/site-packages/airflow/example_dags/example_short_circuit_operator.py for tasks to queue
[2024-12-03T21:24:22.484+0700] {logging_mixin.py:190} INFO - [2024-12-03T21:24:22.484+0700] {dagbag.py:588} INFO - Filling up the DagBag from /home/tedubuamo/project/venv/lib/python3.12/site-packages/airflow/example_dags/example_short_circuit_operator.py
[2024-12-03T21:24:22.491+0700] {processor.py:925} INFO - DAG(s) 'example_short_circuit_operator' retrieved from /home/tedubuamo/project/venv/lib/python3.12/site-packages/airflow/example_dags/example_short_circuit_operator.py
[2024-12-03T21:24:22.504+0700] {logging_mixin.py:190} INFO - [2024-12-03T21:24:22.504+0700] {dag.py:3239} INFO - Sync 1 DAGs
[2024-12-03T21:24:22.514+0700] {logging_mixin.py:190} INFO - [2024-12-03T21:24:22.513+0700] {dag.py:4180} INFO - Setting next_dagrun for example_short_circuit_operator to None, run_after=None
[2024-12-03T21:24:22.532+0700] {processor.py:208} INFO - Processing /home/tedubuamo/project/venv/lib/python3.12/site-packages/airflow/example_dags/example_short_circuit_operator.py took 0.055 seconds
[2024-12-03T21:25:15.543+0700] {processor.py:186} INFO - Started process (PID=4434) to work on /home/tedubuamo/project/venv/lib/python3.12/site-packages/airflow/example_dags/example_short_circuit_operator.py
[2024-12-03T21:25:15.544+0700] {processor.py:914} INFO - Processing file /home/tedubuamo/project/venv/lib/python3.12/site-packages/airflow/example_dags/example_short_circuit_operator.py for tasks to queue
[2024-12-03T21:25:15.546+0700] {logging_mixin.py:190} INFO - [2024-12-03T21:25:15.546+0700] {dagbag.py:588} INFO - Filling up the DagBag from /home/tedubuamo/project/venv/lib/python3.12/site-packages/airflow/example_dags/example_short_circuit_operator.py
[2024-12-03T21:25:15.553+0700] {processor.py:925} INFO - DAG(s) 'example_short_circuit_operator' retrieved from /home/tedubuamo/project/venv/lib/python3.12/site-packages/airflow/example_dags/example_short_circuit_operator.py
[2024-12-03T21:25:15.567+0700] {logging_mixin.py:190} INFO - [2024-12-03T21:25:15.566+0700] {dag.py:3239} INFO - Sync 1 DAGs
[2024-12-03T21:25:15.579+0700] {logging_mixin.py:190} INFO - [2024-12-03T21:25:15.579+0700] {dag.py:4180} INFO - Setting next_dagrun for example_short_circuit_operator to None, run_after=None
[2024-12-03T21:25:15.597+0700] {processor.py:208} INFO - Processing /home/tedubuamo/project/venv/lib/python3.12/site-packages/airflow/example_dags/example_short_circuit_operator.py took 0.057 seconds
[2024-12-03T21:26:16.578+0700] {processor.py:186} INFO - Started process (PID=4517) to work on /home/tedubuamo/project/venv/lib/python3.12/site-packages/airflow/example_dags/example_short_circuit_operator.py
[2024-12-03T21:26:16.581+0700] {processor.py:914} INFO - Processing file /home/tedubuamo/project/venv/lib/python3.12/site-packages/airflow/example_dags/example_short_circuit_operator.py for tasks to queue
[2024-12-03T21:26:16.583+0700] {logging_mixin.py:190} INFO - [2024-12-03T21:26:16.583+0700] {dagbag.py:588} INFO - Filling up the DagBag from /home/tedubuamo/project/venv/lib/python3.12/site-packages/airflow/example_dags/example_short_circuit_operator.py
[2024-12-03T21:26:16.590+0700] {processor.py:925} INFO - DAG(s) 'example_short_circuit_operator' retrieved from /home/tedubuamo/project/venv/lib/python3.12/site-packages/airflow/example_dags/example_short_circuit_operator.py
[2024-12-03T21:26:16.603+0700] {logging_mixin.py:190} INFO - [2024-12-03T21:26:16.602+0700] {dag.py:3239} INFO - Sync 1 DAGs
[2024-12-03T21:26:16.612+0700] {logging_mixin.py:190} INFO - [2024-12-03T21:26:16.612+0700] {dag.py:4180} INFO - Setting next_dagrun for example_short_circuit_operator to None, run_after=None
[2024-12-03T21:26:16.630+0700] {processor.py:208} INFO - Processing /home/tedubuamo/project/venv/lib/python3.12/site-packages/airflow/example_dags/example_short_circuit_operator.py took 0.057 seconds
[2024-12-03T21:27:12.530+0700] {processor.py:186} INFO - Started process (PID=4575) to work on /home/tedubuamo/project/venv/lib/python3.12/site-packages/airflow/example_dags/example_short_circuit_operator.py
[2024-12-03T21:27:12.532+0700] {processor.py:914} INFO - Processing file /home/tedubuamo/project/venv/lib/python3.12/site-packages/airflow/example_dags/example_short_circuit_operator.py for tasks to queue
[2024-12-03T21:27:12.534+0700] {logging_mixin.py:190} INFO - [2024-12-03T21:27:12.534+0700] {dagbag.py:588} INFO - Filling up the DagBag from /home/tedubuamo/project/venv/lib/python3.12/site-packages/airflow/example_dags/example_short_circuit_operator.py
[2024-12-03T21:27:12.546+0700] {processor.py:925} INFO - DAG(s) 'example_short_circuit_operator' retrieved from /home/tedubuamo/project/venv/lib/python3.12/site-packages/airflow/example_dags/example_short_circuit_operator.py
[2024-12-03T21:27:12.568+0700] {logging_mixin.py:190} INFO - [2024-12-03T21:27:12.568+0700] {dag.py:3239} INFO - Sync 1 DAGs
[2024-12-03T21:27:12.581+0700] {logging_mixin.py:190} INFO - [2024-12-03T21:27:12.581+0700] {dag.py:4180} INFO - Setting next_dagrun for example_short_circuit_operator to None, run_after=None
[2024-12-03T21:27:12.601+0700] {processor.py:208} INFO - Processing /home/tedubuamo/project/venv/lib/python3.12/site-packages/airflow/example_dags/example_short_circuit_operator.py took 0.076 seconds
[2024-12-03T21:28:05.513+0700] {processor.py:186} INFO - Started process (PID=4646) to work on /home/tedubuamo/project/venv/lib/python3.12/site-packages/airflow/example_dags/example_short_circuit_operator.py
[2024-12-03T21:28:05.517+0700] {processor.py:914} INFO - Processing file /home/tedubuamo/project/venv/lib/python3.12/site-packages/airflow/example_dags/example_short_circuit_operator.py for tasks to queue
[2024-12-03T21:28:05.518+0700] {logging_mixin.py:190} INFO - [2024-12-03T21:28:05.518+0700] {dagbag.py:588} INFO - Filling up the DagBag from /home/tedubuamo/project/venv/lib/python3.12/site-packages/airflow/example_dags/example_short_circuit_operator.py
[2024-12-03T21:28:05.525+0700] {processor.py:925} INFO - DAG(s) 'example_short_circuit_operator' retrieved from /home/tedubuamo/project/venv/lib/python3.12/site-packages/airflow/example_dags/example_short_circuit_operator.py
[2024-12-03T21:28:05.538+0700] {logging_mixin.py:190} INFO - [2024-12-03T21:28:05.538+0700] {dag.py:3239} INFO - Sync 1 DAGs
[2024-12-03T21:28:05.547+0700] {logging_mixin.py:190} INFO - [2024-12-03T21:28:05.547+0700] {dag.py:4180} INFO - Setting next_dagrun for example_short_circuit_operator to None, run_after=None
[2024-12-03T21:28:05.565+0700] {processor.py:208} INFO - Processing /home/tedubuamo/project/venv/lib/python3.12/site-packages/airflow/example_dags/example_short_circuit_operator.py took 0.056 seconds
[2024-12-03T21:29:00.312+0700] {processor.py:186} INFO - Started process (PID=4787) to work on /home/tedubuamo/project/venv/lib/python3.12/site-packages/airflow/example_dags/example_short_circuit_operator.py
[2024-12-03T21:29:00.316+0700] {processor.py:914} INFO - Processing file /home/tedubuamo/project/venv/lib/python3.12/site-packages/airflow/example_dags/example_short_circuit_operator.py for tasks to queue
[2024-12-03T21:29:00.317+0700] {logging_mixin.py:190} INFO - [2024-12-03T21:29:00.317+0700] {dagbag.py:588} INFO - Filling up the DagBag from /home/tedubuamo/project/venv/lib/python3.12/site-packages/airflow/example_dags/example_short_circuit_operator.py
[2024-12-03T21:29:00.324+0700] {processor.py:925} INFO - DAG(s) 'example_short_circuit_operator' retrieved from /home/tedubuamo/project/venv/lib/python3.12/site-packages/airflow/example_dags/example_short_circuit_operator.py
[2024-12-03T21:29:00.338+0700] {logging_mixin.py:190} INFO - [2024-12-03T21:29:00.337+0700] {dag.py:3239} INFO - Sync 1 DAGs
[2024-12-03T21:29:00.348+0700] {logging_mixin.py:190} INFO - [2024-12-03T21:29:00.348+0700] {dag.py:4180} INFO - Setting next_dagrun for example_short_circuit_operator to None, run_after=None
[2024-12-03T21:29:00.367+0700] {processor.py:208} INFO - Processing /home/tedubuamo/project/venv/lib/python3.12/site-packages/airflow/example_dags/example_short_circuit_operator.py took 0.059 seconds
[2024-12-03T21:29:53.349+0700] {processor.py:186} INFO - Started process (PID=4843) to work on /home/tedubuamo/project/venv/lib/python3.12/site-packages/airflow/example_dags/example_short_circuit_operator.py
[2024-12-03T21:29:53.353+0700] {processor.py:914} INFO - Processing file /home/tedubuamo/project/venv/lib/python3.12/site-packages/airflow/example_dags/example_short_circuit_operator.py for tasks to queue
[2024-12-03T21:29:53.355+0700] {logging_mixin.py:190} INFO - [2024-12-03T21:29:53.355+0700] {dagbag.py:588} INFO - Filling up the DagBag from /home/tedubuamo/project/venv/lib/python3.12/site-packages/airflow/example_dags/example_short_circuit_operator.py
[2024-12-03T21:29:53.362+0700] {processor.py:925} INFO - DAG(s) 'example_short_circuit_operator' retrieved from /home/tedubuamo/project/venv/lib/python3.12/site-packages/airflow/example_dags/example_short_circuit_operator.py
[2024-12-03T21:29:53.377+0700] {logging_mixin.py:190} INFO - [2024-12-03T21:29:53.377+0700] {dag.py:3239} INFO - Sync 1 DAGs
[2024-12-03T21:29:53.387+0700] {logging_mixin.py:190} INFO - [2024-12-03T21:29:53.386+0700] {dag.py:4180} INFO - Setting next_dagrun for example_short_circuit_operator to None, run_after=None
[2024-12-03T21:29:53.408+0700] {processor.py:208} INFO - Processing /home/tedubuamo/project/venv/lib/python3.12/site-packages/airflow/example_dags/example_short_circuit_operator.py took 0.062 seconds
[2024-12-03T21:30:47.387+0700] {processor.py:186} INFO - Started process (PID=4902) to work on /home/tedubuamo/project/venv/lib/python3.12/site-packages/airflow/example_dags/example_short_circuit_operator.py
[2024-12-03T21:30:47.390+0700] {processor.py:914} INFO - Processing file /home/tedubuamo/project/venv/lib/python3.12/site-packages/airflow/example_dags/example_short_circuit_operator.py for tasks to queue
[2024-12-03T21:30:47.392+0700] {logging_mixin.py:190} INFO - [2024-12-03T21:30:47.392+0700] {dagbag.py:588} INFO - Filling up the DagBag from /home/tedubuamo/project/venv/lib/python3.12/site-packages/airflow/example_dags/example_short_circuit_operator.py
[2024-12-03T21:30:47.399+0700] {processor.py:925} INFO - DAG(s) 'example_short_circuit_operator' retrieved from /home/tedubuamo/project/venv/lib/python3.12/site-packages/airflow/example_dags/example_short_circuit_operator.py
[2024-12-03T21:30:47.411+0700] {logging_mixin.py:190} INFO - [2024-12-03T21:30:47.411+0700] {dag.py:3239} INFO - Sync 1 DAGs
[2024-12-03T21:30:47.419+0700] {logging_mixin.py:190} INFO - [2024-12-03T21:30:47.419+0700] {dag.py:4180} INFO - Setting next_dagrun for example_short_circuit_operator to None, run_after=None
[2024-12-03T21:30:47.437+0700] {processor.py:208} INFO - Processing /home/tedubuamo/project/venv/lib/python3.12/site-packages/airflow/example_dags/example_short_circuit_operator.py took 0.054 seconds
