[2024-12-03T20:47:01.364+0700] {processor.py:186} INFO - Started process (PID=1218) to work on /home/tedubuamo/project/venv/lib/python3.12/site-packages/airflow/example_dags/example_params_trigger_ui.py
[2024-12-03T20:47:01.365+0700] {processor.py:914} INFO - Processing file /home/tedubuamo/project/venv/lib/python3.12/site-packages/airflow/example_dags/example_params_trigger_ui.py for tasks to queue
[2024-12-03T20:47:01.366+0700] {logging_mixin.py:190} INFO - [2024-12-03T20:47:01.366+0700] {dagbag.py:588} INFO - Filling up the DagBag from /home/tedubuamo/project/venv/lib/python3.12/site-packages/airflow/example_dags/example_params_trigger_ui.py
[2024-12-03T20:47:01.374+0700] {processor.py:925} INFO - DAG(s) 'example_params_trigger_ui' retrieved from /home/tedubuamo/project/venv/lib/python3.12/site-packages/airflow/example_dags/example_params_trigger_ui.py
[2024-12-03T20:47:01.380+0700] {logging_mixin.py:190} INFO - [2024-12-03T20:47:01.380+0700] {dag.py:3239} INFO - Sync 1 DAGs
[2024-12-03T20:47:01.390+0700] {logging_mixin.py:190} INFO - [2024-12-03T20:47:01.389+0700] {dag.py:4180} INFO - Setting next_dagrun for example_params_trigger_ui to None, run_after=None
[2024-12-03T20:47:01.407+0700] {processor.py:208} INFO - Processing /home/tedubuamo/project/venv/lib/python3.12/site-packages/airflow/example_dags/example_params_trigger_ui.py took 0.046 seconds
[2024-12-03T20:57:38.171+0700] {processor.py:186} INFO - Started process (PID=1633) to work on /home/tedubuamo/project/venv/lib/python3.12/site-packages/airflow/example_dags/example_params_trigger_ui.py
[2024-12-03T20:57:38.175+0700] {processor.py:914} INFO - Processing file /home/tedubuamo/project/venv/lib/python3.12/site-packages/airflow/example_dags/example_params_trigger_ui.py for tasks to queue
[2024-12-03T20:57:38.177+0700] {logging_mixin.py:190} INFO - [2024-12-03T20:57:38.176+0700] {dagbag.py:588} INFO - Filling up the DagBag from /home/tedubuamo/project/venv/lib/python3.12/site-packages/airflow/example_dags/example_params_trigger_ui.py
[2024-12-03T20:57:38.185+0700] {processor.py:925} INFO - DAG(s) 'example_params_trigger_ui' retrieved from /home/tedubuamo/project/venv/lib/python3.12/site-packages/airflow/example_dags/example_params_trigger_ui.py
[2024-12-03T20:57:38.269+0700] {logging_mixin.py:190} INFO - [2024-12-03T20:57:38.269+0700] {dag.py:3239} INFO - Sync 1 DAGs
[2024-12-03T20:57:38.277+0700] {logging_mixin.py:190} INFO - [2024-12-03T20:57:38.277+0700] {dag.py:4180} INFO - Setting next_dagrun for example_params_trigger_ui to None, run_after=None
[2024-12-03T20:57:38.297+0700] {processor.py:208} INFO - Processing /home/tedubuamo/project/venv/lib/python3.12/site-packages/airflow/example_dags/example_params_trigger_ui.py took 0.129 seconds
[2024-12-03T20:58:36.541+0700] {processor.py:186} INFO - Started process (PID=1690) to work on /home/tedubuamo/project/venv/lib/python3.12/site-packages/airflow/example_dags/example_params_trigger_ui.py
[2024-12-03T20:58:36.544+0700] {processor.py:914} INFO - Processing file /home/tedubuamo/project/venv/lib/python3.12/site-packages/airflow/example_dags/example_params_trigger_ui.py for tasks to queue
[2024-12-03T20:58:36.546+0700] {logging_mixin.py:190} INFO - [2024-12-03T20:58:36.546+0700] {dagbag.py:588} INFO - Filling up the DagBag from /home/tedubuamo/project/venv/lib/python3.12/site-packages/airflow/example_dags/example_params_trigger_ui.py
[2024-12-03T20:58:36.554+0700] {processor.py:925} INFO - DAG(s) 'example_params_trigger_ui' retrieved from /home/tedubuamo/project/venv/lib/python3.12/site-packages/airflow/example_dags/example_params_trigger_ui.py
[2024-12-03T20:58:36.579+0700] {logging_mixin.py:190} INFO - [2024-12-03T20:58:36.579+0700] {dag.py:3239} INFO - Sync 1 DAGs
[2024-12-03T20:58:36.587+0700] {logging_mixin.py:190} INFO - [2024-12-03T20:58:36.587+0700] {dag.py:4180} INFO - Setting next_dagrun for example_params_trigger_ui to None, run_after=None
[2024-12-03T20:58:36.605+0700] {processor.py:208} INFO - Processing /home/tedubuamo/project/venv/lib/python3.12/site-packages/airflow/example_dags/example_params_trigger_ui.py took 0.068 seconds
[2024-12-03T20:59:29.114+0700] {processor.py:186} INFO - Started process (PID=1745) to work on /home/tedubuamo/project/venv/lib/python3.12/site-packages/airflow/example_dags/example_params_trigger_ui.py
[2024-12-03T20:59:29.118+0700] {processor.py:914} INFO - Processing file /home/tedubuamo/project/venv/lib/python3.12/site-packages/airflow/example_dags/example_params_trigger_ui.py for tasks to queue
[2024-12-03T20:59:29.119+0700] {logging_mixin.py:190} INFO - [2024-12-03T20:59:29.119+0700] {dagbag.py:588} INFO - Filling up the DagBag from /home/tedubuamo/project/venv/lib/python3.12/site-packages/airflow/example_dags/example_params_trigger_ui.py
[2024-12-03T20:59:29.127+0700] {processor.py:925} INFO - DAG(s) 'example_params_trigger_ui' retrieved from /home/tedubuamo/project/venv/lib/python3.12/site-packages/airflow/example_dags/example_params_trigger_ui.py
[2024-12-03T20:59:29.151+0700] {logging_mixin.py:190} INFO - [2024-12-03T20:59:29.150+0700] {dag.py:3239} INFO - Sync 1 DAGs
[2024-12-03T20:59:29.159+0700] {logging_mixin.py:190} INFO - [2024-12-03T20:59:29.159+0700] {dag.py:4180} INFO - Setting next_dagrun for example_params_trigger_ui to None, run_after=None
[2024-12-03T20:59:29.176+0700] {processor.py:208} INFO - Processing /home/tedubuamo/project/venv/lib/python3.12/site-packages/airflow/example_dags/example_params_trigger_ui.py took 0.066 seconds
[2024-12-03T21:00:19.082+0700] {processor.py:186} INFO - Started process (PID=1795) to work on /home/tedubuamo/project/venv/lib/python3.12/site-packages/airflow/example_dags/example_params_trigger_ui.py
[2024-12-03T21:00:19.084+0700] {processor.py:914} INFO - Processing file /home/tedubuamo/project/venv/lib/python3.12/site-packages/airflow/example_dags/example_params_trigger_ui.py for tasks to queue
[2024-12-03T21:00:19.086+0700] {logging_mixin.py:190} INFO - [2024-12-03T21:00:19.086+0700] {dagbag.py:588} INFO - Filling up the DagBag from /home/tedubuamo/project/venv/lib/python3.12/site-packages/airflow/example_dags/example_params_trigger_ui.py
[2024-12-03T21:00:19.094+0700] {processor.py:925} INFO - DAG(s) 'example_params_trigger_ui' retrieved from /home/tedubuamo/project/venv/lib/python3.12/site-packages/airflow/example_dags/example_params_trigger_ui.py
[2024-12-03T21:00:19.117+0700] {logging_mixin.py:190} INFO - [2024-12-03T21:00:19.117+0700] {dag.py:3239} INFO - Sync 1 DAGs
[2024-12-03T21:00:19.126+0700] {logging_mixin.py:190} INFO - [2024-12-03T21:00:19.126+0700] {dag.py:4180} INFO - Setting next_dagrun for example_params_trigger_ui to None, run_after=None
[2024-12-03T21:00:19.143+0700] {processor.py:208} INFO - Processing /home/tedubuamo/project/venv/lib/python3.12/site-packages/airflow/example_dags/example_params_trigger_ui.py took 0.064 seconds
[2024-12-03T21:01:10.690+0700] {processor.py:186} INFO - Started process (PID=1849) to work on /home/tedubuamo/project/venv/lib/python3.12/site-packages/airflow/example_dags/example_params_trigger_ui.py
[2024-12-03T21:01:10.693+0700] {processor.py:914} INFO - Processing file /home/tedubuamo/project/venv/lib/python3.12/site-packages/airflow/example_dags/example_params_trigger_ui.py for tasks to queue
[2024-12-03T21:01:10.695+0700] {logging_mixin.py:190} INFO - [2024-12-03T21:01:10.695+0700] {dagbag.py:588} INFO - Filling up the DagBag from /home/tedubuamo/project/venv/lib/python3.12/site-packages/airflow/example_dags/example_params_trigger_ui.py
[2024-12-03T21:01:10.702+0700] {processor.py:925} INFO - DAG(s) 'example_params_trigger_ui' retrieved from /home/tedubuamo/project/venv/lib/python3.12/site-packages/airflow/example_dags/example_params_trigger_ui.py
[2024-12-03T21:01:10.728+0700] {logging_mixin.py:190} INFO - [2024-12-03T21:01:10.728+0700] {dag.py:3239} INFO - Sync 1 DAGs
[2024-12-03T21:01:10.740+0700] {logging_mixin.py:190} INFO - [2024-12-03T21:01:10.739+0700] {dag.py:4180} INFO - Setting next_dagrun for example_params_trigger_ui to None, run_after=None
[2024-12-03T21:01:10.757+0700] {processor.py:208} INFO - Processing /home/tedubuamo/project/venv/lib/python3.12/site-packages/airflow/example_dags/example_params_trigger_ui.py took 0.071 seconds
[2024-12-03T21:05:07.080+0700] {processor.py:186} INFO - Started process (PID=2012) to work on /home/tedubuamo/project/venv/lib/python3.12/site-packages/airflow/example_dags/example_params_trigger_ui.py
[2024-12-03T21:05:07.084+0700] {processor.py:914} INFO - Processing file /home/tedubuamo/project/venv/lib/python3.12/site-packages/airflow/example_dags/example_params_trigger_ui.py for tasks to queue
[2024-12-03T21:05:07.085+0700] {logging_mixin.py:190} INFO - [2024-12-03T21:05:07.085+0700] {dagbag.py:588} INFO - Filling up the DagBag from /home/tedubuamo/project/venv/lib/python3.12/site-packages/airflow/example_dags/example_params_trigger_ui.py
[2024-12-03T21:05:07.094+0700] {processor.py:925} INFO - DAG(s) 'example_params_trigger_ui' retrieved from /home/tedubuamo/project/venv/lib/python3.12/site-packages/airflow/example_dags/example_params_trigger_ui.py
[2024-12-03T21:05:07.138+0700] {logging_mixin.py:190} INFO - [2024-12-03T21:05:07.137+0700] {dag.py:3239} INFO - Sync 1 DAGs
[2024-12-03T21:05:07.149+0700] {logging_mixin.py:190} INFO - [2024-12-03T21:05:07.149+0700] {dag.py:4180} INFO - Setting next_dagrun for example_params_trigger_ui to None, run_after=None
[2024-12-03T21:05:07.170+0700] {processor.py:208} INFO - Processing /home/tedubuamo/project/venv/lib/python3.12/site-packages/airflow/example_dags/example_params_trigger_ui.py took 0.094 seconds
[2024-12-03T21:06:01.394+0700] {processor.py:186} INFO - Started process (PID=2152) to work on /home/tedubuamo/project/venv/lib/python3.12/site-packages/airflow/example_dags/example_params_trigger_ui.py
[2024-12-03T21:06:01.398+0700] {processor.py:914} INFO - Processing file /home/tedubuamo/project/venv/lib/python3.12/site-packages/airflow/example_dags/example_params_trigger_ui.py for tasks to queue
[2024-12-03T21:06:01.400+0700] {logging_mixin.py:190} INFO - [2024-12-03T21:06:01.400+0700] {dagbag.py:588} INFO - Filling up the DagBag from /home/tedubuamo/project/venv/lib/python3.12/site-packages/airflow/example_dags/example_params_trigger_ui.py
[2024-12-03T21:06:01.408+0700] {processor.py:925} INFO - DAG(s) 'example_params_trigger_ui' retrieved from /home/tedubuamo/project/venv/lib/python3.12/site-packages/airflow/example_dags/example_params_trigger_ui.py
[2024-12-03T21:06:01.433+0700] {logging_mixin.py:190} INFO - [2024-12-03T21:06:01.433+0700] {dag.py:3239} INFO - Sync 1 DAGs
[2024-12-03T21:06:01.441+0700] {logging_mixin.py:190} INFO - [2024-12-03T21:06:01.441+0700] {dag.py:4180} INFO - Setting next_dagrun for example_params_trigger_ui to None, run_after=None
[2024-12-03T21:06:01.458+0700] {processor.py:208} INFO - Processing /home/tedubuamo/project/venv/lib/python3.12/site-packages/airflow/example_dags/example_params_trigger_ui.py took 0.067 seconds
[2024-12-03T21:06:02.848+0700] {processor.py:186} INFO - Started process (PID=2155) to work on /home/tedubuamo/project/venv/lib/python3.12/site-packages/airflow/example_dags/example_params_trigger_ui.py
[2024-12-03T21:06:02.849+0700] {processor.py:914} INFO - Processing file /home/tedubuamo/project/venv/lib/python3.12/site-packages/airflow/example_dags/example_params_trigger_ui.py for tasks to queue
[2024-12-03T21:06:02.850+0700] {logging_mixin.py:190} INFO - [2024-12-03T21:06:02.850+0700] {dagbag.py:588} INFO - Filling up the DagBag from /home/tedubuamo/project/venv/lib/python3.12/site-packages/airflow/example_dags/example_params_trigger_ui.py
[2024-12-03T21:06:02.858+0700] {processor.py:925} INFO - DAG(s) 'example_params_trigger_ui' retrieved from /home/tedubuamo/project/venv/lib/python3.12/site-packages/airflow/example_dags/example_params_trigger_ui.py
[2024-12-03T21:06:02.888+0700] {logging_mixin.py:190} INFO - [2024-12-03T21:06:02.888+0700] {dag.py:3239} INFO - Sync 1 DAGs
[2024-12-03T21:06:02.897+0700] {logging_mixin.py:190} INFO - [2024-12-03T21:06:02.897+0700] {dag.py:4180} INFO - Setting next_dagrun for example_params_trigger_ui to None, run_after=None
[2024-12-03T21:06:02.914+0700] {processor.py:208} INFO - Processing /home/tedubuamo/project/venv/lib/python3.12/site-packages/airflow/example_dags/example_params_trigger_ui.py took 0.070 seconds
[2024-12-03T21:06:52.978+0700] {processor.py:186} INFO - Started process (PID=2320) to work on /home/tedubuamo/project/venv/lib/python3.12/site-packages/airflow/example_dags/example_params_trigger_ui.py
[2024-12-03T21:06:52.979+0700] {processor.py:914} INFO - Processing file /home/tedubuamo/project/venv/lib/python3.12/site-packages/airflow/example_dags/example_params_trigger_ui.py for tasks to queue
[2024-12-03T21:06:52.980+0700] {logging_mixin.py:190} INFO - [2024-12-03T21:06:52.980+0700] {dagbag.py:588} INFO - Filling up the DagBag from /home/tedubuamo/project/venv/lib/python3.12/site-packages/airflow/example_dags/example_params_trigger_ui.py
[2024-12-03T21:06:52.988+0700] {processor.py:925} INFO - DAG(s) 'example_params_trigger_ui' retrieved from /home/tedubuamo/project/venv/lib/python3.12/site-packages/airflow/example_dags/example_params_trigger_ui.py
[2024-12-03T21:06:53.012+0700] {logging_mixin.py:190} INFO - [2024-12-03T21:06:53.011+0700] {dag.py:3239} INFO - Sync 1 DAGs
[2024-12-03T21:06:53.020+0700] {logging_mixin.py:190} INFO - [2024-12-03T21:06:53.020+0700] {dag.py:4180} INFO - Setting next_dagrun for example_params_trigger_ui to None, run_after=None
[2024-12-03T21:06:53.037+0700] {processor.py:208} INFO - Processing /home/tedubuamo/project/venv/lib/python3.12/site-packages/airflow/example_dags/example_params_trigger_ui.py took 0.063 seconds
[2024-12-03T21:06:58.415+0700] {processor.py:186} INFO - Started process (PID=2339) to work on /home/tedubuamo/project/venv/lib/python3.12/site-packages/airflow/example_dags/example_params_trigger_ui.py
[2024-12-03T21:06:58.416+0700] {processor.py:914} INFO - Processing file /home/tedubuamo/project/venv/lib/python3.12/site-packages/airflow/example_dags/example_params_trigger_ui.py for tasks to queue
[2024-12-03T21:06:58.418+0700] {logging_mixin.py:190} INFO - [2024-12-03T21:06:58.417+0700] {dagbag.py:588} INFO - Filling up the DagBag from /home/tedubuamo/project/venv/lib/python3.12/site-packages/airflow/example_dags/example_params_trigger_ui.py
[2024-12-03T21:06:58.426+0700] {processor.py:925} INFO - DAG(s) 'example_params_trigger_ui' retrieved from /home/tedubuamo/project/venv/lib/python3.12/site-packages/airflow/example_dags/example_params_trigger_ui.py
[2024-12-03T21:06:58.450+0700] {logging_mixin.py:190} INFO - [2024-12-03T21:06:58.450+0700] {dag.py:3239} INFO - Sync 1 DAGs
[2024-12-03T21:06:58.467+0700] {logging_mixin.py:190} INFO - [2024-12-03T21:06:58.467+0700] {dag.py:4180} INFO - Setting next_dagrun for example_params_trigger_ui to None, run_after=None
[2024-12-03T21:06:58.482+0700] {processor.py:208} INFO - Processing /home/tedubuamo/project/venv/lib/python3.12/site-packages/airflow/example_dags/example_params_trigger_ui.py took 0.071 seconds
[2024-12-03T21:07:45.949+0700] {processor.py:186} INFO - Started process (PID=2465) to work on /home/tedubuamo/project/venv/lib/python3.12/site-packages/airflow/example_dags/example_params_trigger_ui.py
[2024-12-03T21:07:45.950+0700] {processor.py:914} INFO - Processing file /home/tedubuamo/project/venv/lib/python3.12/site-packages/airflow/example_dags/example_params_trigger_ui.py for tasks to queue
[2024-12-03T21:07:45.952+0700] {logging_mixin.py:190} INFO - [2024-12-03T21:07:45.952+0700] {dagbag.py:588} INFO - Filling up the DagBag from /home/tedubuamo/project/venv/lib/python3.12/site-packages/airflow/example_dags/example_params_trigger_ui.py
[2024-12-03T21:07:45.961+0700] {processor.py:925} INFO - DAG(s) 'example_params_trigger_ui' retrieved from /home/tedubuamo/project/venv/lib/python3.12/site-packages/airflow/example_dags/example_params_trigger_ui.py
[2024-12-03T21:07:45.987+0700] {logging_mixin.py:190} INFO - [2024-12-03T21:07:45.987+0700] {dag.py:3239} INFO - Sync 1 DAGs
[2024-12-03T21:07:45.996+0700] {logging_mixin.py:190} INFO - [2024-12-03T21:07:45.996+0700] {dag.py:4180} INFO - Setting next_dagrun for example_params_trigger_ui to None, run_after=None
[2024-12-03T21:07:46.014+0700] {processor.py:208} INFO - Processing /home/tedubuamo/project/venv/lib/python3.12/site-packages/airflow/example_dags/example_params_trigger_ui.py took 0.069 seconds
[2024-12-03T21:07:46.458+0700] {processor.py:186} INFO - Started process (PID=2466) to work on /home/tedubuamo/project/venv/lib/python3.12/site-packages/airflow/example_dags/example_params_trigger_ui.py
[2024-12-03T21:07:46.459+0700] {processor.py:914} INFO - Processing file /home/tedubuamo/project/venv/lib/python3.12/site-packages/airflow/example_dags/example_params_trigger_ui.py for tasks to queue
[2024-12-03T21:07:46.460+0700] {logging_mixin.py:190} INFO - [2024-12-03T21:07:46.460+0700] {dagbag.py:588} INFO - Filling up the DagBag from /home/tedubuamo/project/venv/lib/python3.12/site-packages/airflow/example_dags/example_params_trigger_ui.py
[2024-12-03T21:07:46.470+0700] {processor.py:925} INFO - DAG(s) 'example_params_trigger_ui' retrieved from /home/tedubuamo/project/venv/lib/python3.12/site-packages/airflow/example_dags/example_params_trigger_ui.py
[2024-12-03T21:07:46.495+0700] {logging_mixin.py:190} INFO - [2024-12-03T21:07:46.495+0700] {dag.py:3239} INFO - Sync 1 DAGs
[2024-12-03T21:07:46.505+0700] {logging_mixin.py:190} INFO - [2024-12-03T21:07:46.505+0700] {dag.py:4180} INFO - Setting next_dagrun for example_params_trigger_ui to None, run_after=None
[2024-12-03T21:07:46.524+0700] {processor.py:208} INFO - Processing /home/tedubuamo/project/venv/lib/python3.12/site-packages/airflow/example_dags/example_params_trigger_ui.py took 0.070 seconds
[2024-12-03T21:08:37.465+0700] {processor.py:186} INFO - Started process (PID=2568) to work on /home/tedubuamo/project/venv/lib/python3.12/site-packages/airflow/example_dags/example_params_trigger_ui.py
[2024-12-03T21:08:37.480+0700] {processor.py:914} INFO - Processing file /home/tedubuamo/project/venv/lib/python3.12/site-packages/airflow/example_dags/example_params_trigger_ui.py for tasks to queue
[2024-12-03T21:08:37.482+0700] {logging_mixin.py:190} INFO - [2024-12-03T21:08:37.481+0700] {dagbag.py:588} INFO - Filling up the DagBag from /home/tedubuamo/project/venv/lib/python3.12/site-packages/airflow/example_dags/example_params_trigger_ui.py
[2024-12-03T21:08:37.493+0700] {processor.py:925} INFO - DAG(s) 'example_params_trigger_ui' retrieved from /home/tedubuamo/project/venv/lib/python3.12/site-packages/airflow/example_dags/example_params_trigger_ui.py
[2024-12-03T21:08:37.524+0700] {logging_mixin.py:190} INFO - [2024-12-03T21:08:37.524+0700] {dag.py:3239} INFO - Sync 1 DAGs
[2024-12-03T21:08:37.538+0700] {logging_mixin.py:190} INFO - [2024-12-03T21:08:37.538+0700] {dag.py:4180} INFO - Setting next_dagrun for example_params_trigger_ui to None, run_after=None
[2024-12-03T21:08:37.587+0700] {processor.py:208} INFO - Processing /home/tedubuamo/project/venv/lib/python3.12/site-packages/airflow/example_dags/example_params_trigger_ui.py took 0.130 seconds
[2024-12-03T21:08:38.860+0700] {processor.py:186} INFO - Started process (PID=2571) to work on /home/tedubuamo/project/venv/lib/python3.12/site-packages/airflow/example_dags/example_params_trigger_ui.py
[2024-12-03T21:08:38.861+0700] {processor.py:914} INFO - Processing file /home/tedubuamo/project/venv/lib/python3.12/site-packages/airflow/example_dags/example_params_trigger_ui.py for tasks to queue
[2024-12-03T21:08:38.862+0700] {logging_mixin.py:190} INFO - [2024-12-03T21:08:38.862+0700] {dagbag.py:588} INFO - Filling up the DagBag from /home/tedubuamo/project/venv/lib/python3.12/site-packages/airflow/example_dags/example_params_trigger_ui.py
[2024-12-03T21:08:38.870+0700] {processor.py:925} INFO - DAG(s) 'example_params_trigger_ui' retrieved from /home/tedubuamo/project/venv/lib/python3.12/site-packages/airflow/example_dags/example_params_trigger_ui.py
[2024-12-03T21:08:38.894+0700] {logging_mixin.py:190} INFO - [2024-12-03T21:08:38.893+0700] {dag.py:3239} INFO - Sync 1 DAGs
[2024-12-03T21:08:38.902+0700] {logging_mixin.py:190} INFO - [2024-12-03T21:08:38.902+0700] {dag.py:4180} INFO - Setting next_dagrun for example_params_trigger_ui to None, run_after=None
[2024-12-03T21:08:38.919+0700] {processor.py:208} INFO - Processing /home/tedubuamo/project/venv/lib/python3.12/site-packages/airflow/example_dags/example_params_trigger_ui.py took 0.063 seconds
[2024-12-03T21:09:29.279+0700] {processor.py:186} INFO - Started process (PID=2675) to work on /home/tedubuamo/project/venv/lib/python3.12/site-packages/airflow/example_dags/example_params_trigger_ui.py
[2024-12-03T21:09:29.281+0700] {processor.py:914} INFO - Processing file /home/tedubuamo/project/venv/lib/python3.12/site-packages/airflow/example_dags/example_params_trigger_ui.py for tasks to queue
[2024-12-03T21:09:29.282+0700] {logging_mixin.py:190} INFO - [2024-12-03T21:09:29.282+0700] {dagbag.py:588} INFO - Filling up the DagBag from /home/tedubuamo/project/venv/lib/python3.12/site-packages/airflow/example_dags/example_params_trigger_ui.py
[2024-12-03T21:09:29.290+0700] {processor.py:925} INFO - DAG(s) 'example_params_trigger_ui' retrieved from /home/tedubuamo/project/venv/lib/python3.12/site-packages/airflow/example_dags/example_params_trigger_ui.py
[2024-12-03T21:09:29.316+0700] {logging_mixin.py:190} INFO - [2024-12-03T21:09:29.315+0700] {dag.py:3239} INFO - Sync 1 DAGs
[2024-12-03T21:09:29.328+0700] {logging_mixin.py:190} INFO - [2024-12-03T21:09:29.327+0700] {dag.py:4180} INFO - Setting next_dagrun for example_params_trigger_ui to None, run_after=None
[2024-12-03T21:09:29.350+0700] {processor.py:208} INFO - Processing /home/tedubuamo/project/venv/lib/python3.12/site-packages/airflow/example_dags/example_params_trigger_ui.py took 0.074 seconds
[2024-12-03T21:09:31.596+0700] {processor.py:186} INFO - Started process (PID=2681) to work on /home/tedubuamo/project/venv/lib/python3.12/site-packages/airflow/example_dags/example_params_trigger_ui.py
[2024-12-03T21:09:31.597+0700] {processor.py:914} INFO - Processing file /home/tedubuamo/project/venv/lib/python3.12/site-packages/airflow/example_dags/example_params_trigger_ui.py for tasks to queue
[2024-12-03T21:09:31.598+0700] {logging_mixin.py:190} INFO - [2024-12-03T21:09:31.598+0700] {dagbag.py:588} INFO - Filling up the DagBag from /home/tedubuamo/project/venv/lib/python3.12/site-packages/airflow/example_dags/example_params_trigger_ui.py
[2024-12-03T21:09:31.606+0700] {processor.py:925} INFO - DAG(s) 'example_params_trigger_ui' retrieved from /home/tedubuamo/project/venv/lib/python3.12/site-packages/airflow/example_dags/example_params_trigger_ui.py
[2024-12-03T21:09:31.633+0700] {logging_mixin.py:190} INFO - [2024-12-03T21:09:31.632+0700] {dag.py:3239} INFO - Sync 1 DAGs
[2024-12-03T21:09:31.641+0700] {logging_mixin.py:190} INFO - [2024-12-03T21:09:31.641+0700] {dag.py:4180} INFO - Setting next_dagrun for example_params_trigger_ui to None, run_after=None
[2024-12-03T21:09:31.658+0700] {processor.py:208} INFO - Processing /home/tedubuamo/project/venv/lib/python3.12/site-packages/airflow/example_dags/example_params_trigger_ui.py took 0.067 seconds
[2024-12-03T21:10:19.963+0700] {processor.py:186} INFO - Started process (PID=2781) to work on /home/tedubuamo/project/venv/lib/python3.12/site-packages/airflow/example_dags/example_params_trigger_ui.py
[2024-12-03T21:10:19.964+0700] {processor.py:914} INFO - Processing file /home/tedubuamo/project/venv/lib/python3.12/site-packages/airflow/example_dags/example_params_trigger_ui.py for tasks to queue
[2024-12-03T21:10:19.965+0700] {logging_mixin.py:190} INFO - [2024-12-03T21:10:19.965+0700] {dagbag.py:588} INFO - Filling up the DagBag from /home/tedubuamo/project/venv/lib/python3.12/site-packages/airflow/example_dags/example_params_trigger_ui.py
[2024-12-03T21:10:19.973+0700] {processor.py:925} INFO - DAG(s) 'example_params_trigger_ui' retrieved from /home/tedubuamo/project/venv/lib/python3.12/site-packages/airflow/example_dags/example_params_trigger_ui.py
[2024-12-03T21:10:19.999+0700] {logging_mixin.py:190} INFO - [2024-12-03T21:10:19.999+0700] {dag.py:3239} INFO - Sync 1 DAGs
[2024-12-03T21:10:20.008+0700] {logging_mixin.py:190} INFO - [2024-12-03T21:10:20.007+0700] {dag.py:4180} INFO - Setting next_dagrun for example_params_trigger_ui to None, run_after=None
[2024-12-03T21:10:20.024+0700] {processor.py:208} INFO - Processing /home/tedubuamo/project/venv/lib/python3.12/site-packages/airflow/example_dags/example_params_trigger_ui.py took 0.066 seconds
[2024-12-03T21:10:25.925+0700] {processor.py:186} INFO - Started process (PID=2793) to work on /home/tedubuamo/project/venv/lib/python3.12/site-packages/airflow/example_dags/example_params_trigger_ui.py
[2024-12-03T21:10:25.926+0700] {processor.py:914} INFO - Processing file /home/tedubuamo/project/venv/lib/python3.12/site-packages/airflow/example_dags/example_params_trigger_ui.py for tasks to queue
[2024-12-03T21:10:25.927+0700] {logging_mixin.py:190} INFO - [2024-12-03T21:10:25.927+0700] {dagbag.py:588} INFO - Filling up the DagBag from /home/tedubuamo/project/venv/lib/python3.12/site-packages/airflow/example_dags/example_params_trigger_ui.py
[2024-12-03T21:10:25.937+0700] {processor.py:925} INFO - DAG(s) 'example_params_trigger_ui' retrieved from /home/tedubuamo/project/venv/lib/python3.12/site-packages/airflow/example_dags/example_params_trigger_ui.py
[2024-12-03T21:10:25.962+0700] {logging_mixin.py:190} INFO - [2024-12-03T21:10:25.962+0700] {dag.py:3239} INFO - Sync 1 DAGs
[2024-12-03T21:10:25.971+0700] {logging_mixin.py:190} INFO - [2024-12-03T21:10:25.971+0700] {dag.py:4180} INFO - Setting next_dagrun for example_params_trigger_ui to None, run_after=None
[2024-12-03T21:10:25.989+0700] {processor.py:208} INFO - Processing /home/tedubuamo/project/venv/lib/python3.12/site-packages/airflow/example_dags/example_params_trigger_ui.py took 0.068 seconds
[2024-12-03T21:11:12.945+0700] {processor.py:186} INFO - Started process (PID=2888) to work on /home/tedubuamo/project/venv/lib/python3.12/site-packages/airflow/example_dags/example_params_trigger_ui.py
[2024-12-03T21:11:12.949+0700] {processor.py:914} INFO - Processing file /home/tedubuamo/project/venv/lib/python3.12/site-packages/airflow/example_dags/example_params_trigger_ui.py for tasks to queue
[2024-12-03T21:11:12.951+0700] {logging_mixin.py:190} INFO - [2024-12-03T21:11:12.951+0700] {dagbag.py:588} INFO - Filling up the DagBag from /home/tedubuamo/project/venv/lib/python3.12/site-packages/airflow/example_dags/example_params_trigger_ui.py
[2024-12-03T21:11:12.962+0700] {processor.py:925} INFO - DAG(s) 'example_params_trigger_ui' retrieved from /home/tedubuamo/project/venv/lib/python3.12/site-packages/airflow/example_dags/example_params_trigger_ui.py
[2024-12-03T21:11:12.995+0700] {logging_mixin.py:190} INFO - [2024-12-03T21:11:12.995+0700] {dag.py:3239} INFO - Sync 1 DAGs
[2024-12-03T21:11:13.006+0700] {logging_mixin.py:190} INFO - [2024-12-03T21:11:13.006+0700] {dag.py:4180} INFO - Setting next_dagrun for example_params_trigger_ui to None, run_after=None
[2024-12-03T21:11:13.028+0700] {processor.py:208} INFO - Processing /home/tedubuamo/project/venv/lib/python3.12/site-packages/airflow/example_dags/example_params_trigger_ui.py took 0.088 seconds
[2024-12-03T21:11:19.957+0700] {processor.py:186} INFO - Started process (PID=2902) to work on /home/tedubuamo/project/venv/lib/python3.12/site-packages/airflow/example_dags/example_params_trigger_ui.py
[2024-12-03T21:11:19.958+0700] {processor.py:914} INFO - Processing file /home/tedubuamo/project/venv/lib/python3.12/site-packages/airflow/example_dags/example_params_trigger_ui.py for tasks to queue
[2024-12-03T21:11:19.960+0700] {logging_mixin.py:190} INFO - [2024-12-03T21:11:19.959+0700] {dagbag.py:588} INFO - Filling up the DagBag from /home/tedubuamo/project/venv/lib/python3.12/site-packages/airflow/example_dags/example_params_trigger_ui.py
[2024-12-03T21:11:19.968+0700] {processor.py:925} INFO - DAG(s) 'example_params_trigger_ui' retrieved from /home/tedubuamo/project/venv/lib/python3.12/site-packages/airflow/example_dags/example_params_trigger_ui.py
[2024-12-03T21:11:19.995+0700] {logging_mixin.py:190} INFO - [2024-12-03T21:11:19.995+0700] {dag.py:3239} INFO - Sync 1 DAGs
[2024-12-03T21:11:20.006+0700] {logging_mixin.py:190} INFO - [2024-12-03T21:11:20.006+0700] {dag.py:4180} INFO - Setting next_dagrun for example_params_trigger_ui to None, run_after=None
[2024-12-03T21:11:20.023+0700] {processor.py:208} INFO - Processing /home/tedubuamo/project/venv/lib/python3.12/site-packages/airflow/example_dags/example_params_trigger_ui.py took 0.071 seconds
[2024-12-03T21:12:05.540+0700] {processor.py:186} INFO - Started process (PID=3009) to work on /home/tedubuamo/project/venv/lib/python3.12/site-packages/airflow/example_dags/example_params_trigger_ui.py
[2024-12-03T21:12:05.543+0700] {processor.py:914} INFO - Processing file /home/tedubuamo/project/venv/lib/python3.12/site-packages/airflow/example_dags/example_params_trigger_ui.py for tasks to queue
[2024-12-03T21:12:05.545+0700] {logging_mixin.py:190} INFO - [2024-12-03T21:12:05.545+0700] {dagbag.py:588} INFO - Filling up the DagBag from /home/tedubuamo/project/venv/lib/python3.12/site-packages/airflow/example_dags/example_params_trigger_ui.py
[2024-12-03T21:12:05.557+0700] {processor.py:925} INFO - DAG(s) 'example_params_trigger_ui' retrieved from /home/tedubuamo/project/venv/lib/python3.12/site-packages/airflow/example_dags/example_params_trigger_ui.py
[2024-12-03T21:12:05.597+0700] {logging_mixin.py:190} INFO - [2024-12-03T21:12:05.597+0700] {dag.py:3239} INFO - Sync 1 DAGs
[2024-12-03T21:12:05.608+0700] {logging_mixin.py:190} INFO - [2024-12-03T21:12:05.608+0700] {dag.py:4180} INFO - Setting next_dagrun for example_params_trigger_ui to None, run_after=None
[2024-12-03T21:12:05.626+0700] {processor.py:208} INFO - Processing /home/tedubuamo/project/venv/lib/python3.12/site-packages/airflow/example_dags/example_params_trigger_ui.py took 0.090 seconds
[2024-12-03T21:12:14.578+0700] {processor.py:186} INFO - Started process (PID=3032) to work on /home/tedubuamo/project/venv/lib/python3.12/site-packages/airflow/example_dags/example_params_trigger_ui.py
[2024-12-03T21:12:14.582+0700] {processor.py:914} INFO - Processing file /home/tedubuamo/project/venv/lib/python3.12/site-packages/airflow/example_dags/example_params_trigger_ui.py for tasks to queue
[2024-12-03T21:12:14.584+0700] {logging_mixin.py:190} INFO - [2024-12-03T21:12:14.584+0700] {dagbag.py:588} INFO - Filling up the DagBag from /home/tedubuamo/project/venv/lib/python3.12/site-packages/airflow/example_dags/example_params_trigger_ui.py
[2024-12-03T21:12:14.593+0700] {processor.py:925} INFO - DAG(s) 'example_params_trigger_ui' retrieved from /home/tedubuamo/project/venv/lib/python3.12/site-packages/airflow/example_dags/example_params_trigger_ui.py
[2024-12-03T21:12:14.620+0700] {logging_mixin.py:190} INFO - [2024-12-03T21:12:14.620+0700] {dag.py:3239} INFO - Sync 1 DAGs
[2024-12-03T21:12:14.629+0700] {logging_mixin.py:190} INFO - [2024-12-03T21:12:14.629+0700] {dag.py:4180} INFO - Setting next_dagrun for example_params_trigger_ui to None, run_after=None
[2024-12-03T21:12:14.647+0700] {processor.py:208} INFO - Processing /home/tedubuamo/project/venv/lib/python3.12/site-packages/airflow/example_dags/example_params_trigger_ui.py took 0.072 seconds
[2024-12-03T21:12:54.055+0700] {processor.py:186} INFO - Started process (PID=3131) to work on /home/tedubuamo/project/venv/lib/python3.12/site-packages/airflow/example_dags/example_params_trigger_ui.py
[2024-12-03T21:12:54.056+0700] {processor.py:914} INFO - Processing file /home/tedubuamo/project/venv/lib/python3.12/site-packages/airflow/example_dags/example_params_trigger_ui.py for tasks to queue
[2024-12-03T21:12:54.060+0700] {logging_mixin.py:190} INFO - [2024-12-03T21:12:54.059+0700] {dagbag.py:588} INFO - Filling up the DagBag from /home/tedubuamo/project/venv/lib/python3.12/site-packages/airflow/example_dags/example_params_trigger_ui.py
[2024-12-03T21:12:54.075+0700] {processor.py:925} INFO - DAG(s) 'example_params_trigger_ui' retrieved from /home/tedubuamo/project/venv/lib/python3.12/site-packages/airflow/example_dags/example_params_trigger_ui.py
[2024-12-03T21:12:54.111+0700] {logging_mixin.py:190} INFO - [2024-12-03T21:12:54.111+0700] {dag.py:3239} INFO - Sync 1 DAGs
[2024-12-03T21:12:54.120+0700] {logging_mixin.py:190} INFO - [2024-12-03T21:12:54.120+0700] {dag.py:4180} INFO - Setting next_dagrun for example_params_trigger_ui to None, run_after=None
[2024-12-03T21:12:54.141+0700] {processor.py:208} INFO - Processing /home/tedubuamo/project/venv/lib/python3.12/site-packages/airflow/example_dags/example_params_trigger_ui.py took 0.093 seconds
[2024-12-03T21:13:08.427+0700] {processor.py:186} INFO - Started process (PID=3161) to work on /home/tedubuamo/project/venv/lib/python3.12/site-packages/airflow/example_dags/example_params_trigger_ui.py
[2024-12-03T21:13:08.428+0700] {processor.py:914} INFO - Processing file /home/tedubuamo/project/venv/lib/python3.12/site-packages/airflow/example_dags/example_params_trigger_ui.py for tasks to queue
[2024-12-03T21:13:08.429+0700] {logging_mixin.py:190} INFO - [2024-12-03T21:13:08.429+0700] {dagbag.py:588} INFO - Filling up the DagBag from /home/tedubuamo/project/venv/lib/python3.12/site-packages/airflow/example_dags/example_params_trigger_ui.py
[2024-12-03T21:13:08.438+0700] {processor.py:925} INFO - DAG(s) 'example_params_trigger_ui' retrieved from /home/tedubuamo/project/venv/lib/python3.12/site-packages/airflow/example_dags/example_params_trigger_ui.py
[2024-12-03T21:13:08.463+0700] {logging_mixin.py:190} INFO - [2024-12-03T21:13:08.463+0700] {dag.py:3239} INFO - Sync 1 DAGs
[2024-12-03T21:13:08.471+0700] {logging_mixin.py:190} INFO - [2024-12-03T21:13:08.471+0700] {dag.py:4180} INFO - Setting next_dagrun for example_params_trigger_ui to None, run_after=None
[2024-12-03T21:13:08.487+0700] {processor.py:208} INFO - Processing /home/tedubuamo/project/venv/lib/python3.12/site-packages/airflow/example_dags/example_params_trigger_ui.py took 0.064 seconds
[2024-12-03T21:13:44.276+0700] {processor.py:186} INFO - Started process (PID=3234) to work on /home/tedubuamo/project/venv/lib/python3.12/site-packages/airflow/example_dags/example_params_trigger_ui.py
[2024-12-03T21:13:44.279+0700] {processor.py:914} INFO - Processing file /home/tedubuamo/project/venv/lib/python3.12/site-packages/airflow/example_dags/example_params_trigger_ui.py for tasks to queue
[2024-12-03T21:13:44.281+0700] {logging_mixin.py:190} INFO - [2024-12-03T21:13:44.281+0700] {dagbag.py:588} INFO - Filling up the DagBag from /home/tedubuamo/project/venv/lib/python3.12/site-packages/airflow/example_dags/example_params_trigger_ui.py
[2024-12-03T21:13:44.290+0700] {processor.py:925} INFO - DAG(s) 'example_params_trigger_ui' retrieved from /home/tedubuamo/project/venv/lib/python3.12/site-packages/airflow/example_dags/example_params_trigger_ui.py
[2024-12-03T21:13:44.316+0700] {logging_mixin.py:190} INFO - [2024-12-03T21:13:44.316+0700] {dag.py:3239} INFO - Sync 1 DAGs
[2024-12-03T21:13:44.325+0700] {logging_mixin.py:190} INFO - [2024-12-03T21:13:44.325+0700] {dag.py:4180} INFO - Setting next_dagrun for example_params_trigger_ui to None, run_after=None
[2024-12-03T21:13:44.346+0700] {processor.py:208} INFO - Processing /home/tedubuamo/project/venv/lib/python3.12/site-packages/airflow/example_dags/example_params_trigger_ui.py took 0.074 seconds
[2024-12-03T21:13:59.985+0700] {processor.py:186} INFO - Started process (PID=3269) to work on /home/tedubuamo/project/venv/lib/python3.12/site-packages/airflow/example_dags/example_params_trigger_ui.py
[2024-12-03T21:13:59.986+0700] {processor.py:914} INFO - Processing file /home/tedubuamo/project/venv/lib/python3.12/site-packages/airflow/example_dags/example_params_trigger_ui.py for tasks to queue
[2024-12-03T21:13:59.987+0700] {logging_mixin.py:190} INFO - [2024-12-03T21:13:59.987+0700] {dagbag.py:588} INFO - Filling up the DagBag from /home/tedubuamo/project/venv/lib/python3.12/site-packages/airflow/example_dags/example_params_trigger_ui.py
[2024-12-03T21:13:59.997+0700] {processor.py:925} INFO - DAG(s) 'example_params_trigger_ui' retrieved from /home/tedubuamo/project/venv/lib/python3.12/site-packages/airflow/example_dags/example_params_trigger_ui.py
[2024-12-03T21:14:00.032+0700] {logging_mixin.py:190} INFO - [2024-12-03T21:14:00.032+0700] {dag.py:3239} INFO - Sync 1 DAGs
[2024-12-03T21:14:00.044+0700] {logging_mixin.py:190} INFO - [2024-12-03T21:14:00.043+0700] {dag.py:4180} INFO - Setting next_dagrun for example_params_trigger_ui to None, run_after=None
[2024-12-03T21:14:00.062+0700] {processor.py:208} INFO - Processing /home/tedubuamo/project/venv/lib/python3.12/site-packages/airflow/example_dags/example_params_trigger_ui.py took 0.082 seconds
[2024-12-03T21:14:35.978+0700] {processor.py:186} INFO - Started process (PID=3340) to work on /home/tedubuamo/project/venv/lib/python3.12/site-packages/airflow/example_dags/example_params_trigger_ui.py
[2024-12-03T21:14:35.979+0700] {processor.py:914} INFO - Processing file /home/tedubuamo/project/venv/lib/python3.12/site-packages/airflow/example_dags/example_params_trigger_ui.py for tasks to queue
[2024-12-03T21:14:35.981+0700] {logging_mixin.py:190} INFO - [2024-12-03T21:14:35.981+0700] {dagbag.py:588} INFO - Filling up the DagBag from /home/tedubuamo/project/venv/lib/python3.12/site-packages/airflow/example_dags/example_params_trigger_ui.py
[2024-12-03T21:14:35.988+0700] {processor.py:925} INFO - DAG(s) 'example_params_trigger_ui' retrieved from /home/tedubuamo/project/venv/lib/python3.12/site-packages/airflow/example_dags/example_params_trigger_ui.py
[2024-12-03T21:14:36.013+0700] {logging_mixin.py:190} INFO - [2024-12-03T21:14:36.013+0700] {dag.py:3239} INFO - Sync 1 DAGs
[2024-12-03T21:14:36.021+0700] {logging_mixin.py:190} INFO - [2024-12-03T21:14:36.021+0700] {dag.py:4180} INFO - Setting next_dagrun for example_params_trigger_ui to None, run_after=None
[2024-12-03T21:14:36.037+0700] {processor.py:208} INFO - Processing /home/tedubuamo/project/venv/lib/python3.12/site-packages/airflow/example_dags/example_params_trigger_ui.py took 0.064 seconds
[2024-12-03T21:14:50.758+0700] {processor.py:186} INFO - Started process (PID=3374) to work on /home/tedubuamo/project/venv/lib/python3.12/site-packages/airflow/example_dags/example_params_trigger_ui.py
[2024-12-03T21:14:50.762+0700] {processor.py:914} INFO - Processing file /home/tedubuamo/project/venv/lib/python3.12/site-packages/airflow/example_dags/example_params_trigger_ui.py for tasks to queue
[2024-12-03T21:14:50.763+0700] {logging_mixin.py:190} INFO - [2024-12-03T21:14:50.763+0700] {dagbag.py:588} INFO - Filling up the DagBag from /home/tedubuamo/project/venv/lib/python3.12/site-packages/airflow/example_dags/example_params_trigger_ui.py
[2024-12-03T21:14:50.771+0700] {processor.py:925} INFO - DAG(s) 'example_params_trigger_ui' retrieved from /home/tedubuamo/project/venv/lib/python3.12/site-packages/airflow/example_dags/example_params_trigger_ui.py
[2024-12-03T21:14:50.795+0700] {logging_mixin.py:190} INFO - [2024-12-03T21:14:50.795+0700] {dag.py:3239} INFO - Sync 1 DAGs
[2024-12-03T21:14:50.803+0700] {logging_mixin.py:190} INFO - [2024-12-03T21:14:50.803+0700] {dag.py:4180} INFO - Setting next_dagrun for example_params_trigger_ui to None, run_after=None
[2024-12-03T21:14:50.822+0700] {processor.py:208} INFO - Processing /home/tedubuamo/project/venv/lib/python3.12/site-packages/airflow/example_dags/example_params_trigger_ui.py took 0.068 seconds
[2024-12-03T21:15:30.252+0700] {processor.py:186} INFO - Started process (PID=3453) to work on /home/tedubuamo/project/venv/lib/python3.12/site-packages/airflow/example_dags/example_params_trigger_ui.py
[2024-12-03T21:15:30.254+0700] {processor.py:914} INFO - Processing file /home/tedubuamo/project/venv/lib/python3.12/site-packages/airflow/example_dags/example_params_trigger_ui.py for tasks to queue
[2024-12-03T21:15:30.255+0700] {logging_mixin.py:190} INFO - [2024-12-03T21:15:30.255+0700] {dagbag.py:588} INFO - Filling up the DagBag from /home/tedubuamo/project/venv/lib/python3.12/site-packages/airflow/example_dags/example_params_trigger_ui.py
[2024-12-03T21:15:30.264+0700] {processor.py:925} INFO - DAG(s) 'example_params_trigger_ui' retrieved from /home/tedubuamo/project/venv/lib/python3.12/site-packages/airflow/example_dags/example_params_trigger_ui.py
[2024-12-03T21:15:30.290+0700] {logging_mixin.py:190} INFO - [2024-12-03T21:15:30.290+0700] {dag.py:3239} INFO - Sync 1 DAGs
[2024-12-03T21:15:30.299+0700] {logging_mixin.py:190} INFO - [2024-12-03T21:15:30.299+0700] {dag.py:4180} INFO - Setting next_dagrun for example_params_trigger_ui to None, run_after=None
[2024-12-03T21:15:30.321+0700] {processor.py:208} INFO - Processing /home/tedubuamo/project/venv/lib/python3.12/site-packages/airflow/example_dags/example_params_trigger_ui.py took 0.072 seconds
[2024-12-03T21:15:39.563+0700] {processor.py:186} INFO - Started process (PID=3473) to work on /home/tedubuamo/project/venv/lib/python3.12/site-packages/airflow/example_dags/example_params_trigger_ui.py
[2024-12-03T21:15:39.564+0700] {processor.py:914} INFO - Processing file /home/tedubuamo/project/venv/lib/python3.12/site-packages/airflow/example_dags/example_params_trigger_ui.py for tasks to queue
[2024-12-03T21:15:39.566+0700] {logging_mixin.py:190} INFO - [2024-12-03T21:15:39.566+0700] {dagbag.py:588} INFO - Filling up the DagBag from /home/tedubuamo/project/venv/lib/python3.12/site-packages/airflow/example_dags/example_params_trigger_ui.py
[2024-12-03T21:15:39.574+0700] {processor.py:925} INFO - DAG(s) 'example_params_trigger_ui' retrieved from /home/tedubuamo/project/venv/lib/python3.12/site-packages/airflow/example_dags/example_params_trigger_ui.py
[2024-12-03T21:15:39.599+0700] {logging_mixin.py:190} INFO - [2024-12-03T21:15:39.599+0700] {dag.py:3239} INFO - Sync 1 DAGs
[2024-12-03T21:15:39.608+0700] {logging_mixin.py:190} INFO - [2024-12-03T21:15:39.608+0700] {dag.py:4180} INFO - Setting next_dagrun for example_params_trigger_ui to None, run_after=None
[2024-12-03T21:15:39.625+0700] {processor.py:208} INFO - Processing /home/tedubuamo/project/venv/lib/python3.12/site-packages/airflow/example_dags/example_params_trigger_ui.py took 0.065 seconds
[2024-12-03T21:16:19.949+0700] {processor.py:186} INFO - Started process (PID=3564) to work on /home/tedubuamo/project/venv/lib/python3.12/site-packages/airflow/example_dags/example_params_trigger_ui.py
[2024-12-03T21:16:19.950+0700] {processor.py:914} INFO - Processing file /home/tedubuamo/project/venv/lib/python3.12/site-packages/airflow/example_dags/example_params_trigger_ui.py for tasks to queue
[2024-12-03T21:16:19.951+0700] {logging_mixin.py:190} INFO - [2024-12-03T21:16:19.951+0700] {dagbag.py:588} INFO - Filling up the DagBag from /home/tedubuamo/project/venv/lib/python3.12/site-packages/airflow/example_dags/example_params_trigger_ui.py
[2024-12-03T21:16:19.960+0700] {processor.py:925} INFO - DAG(s) 'example_params_trigger_ui' retrieved from /home/tedubuamo/project/venv/lib/python3.12/site-packages/airflow/example_dags/example_params_trigger_ui.py
[2024-12-03T21:16:19.988+0700] {logging_mixin.py:190} INFO - [2024-12-03T21:16:19.987+0700] {dag.py:3239} INFO - Sync 1 DAGs
[2024-12-03T21:16:19.997+0700] {logging_mixin.py:190} INFO - [2024-12-03T21:16:19.997+0700] {dag.py:4180} INFO - Setting next_dagrun for example_params_trigger_ui to None, run_after=None
[2024-12-03T21:16:20.014+0700] {processor.py:208} INFO - Processing /home/tedubuamo/project/venv/lib/python3.12/site-packages/airflow/example_dags/example_params_trigger_ui.py took 0.070 seconds
[2024-12-03T21:16:31.794+0700] {processor.py:186} INFO - Started process (PID=3588) to work on /home/tedubuamo/project/venv/lib/python3.12/site-packages/airflow/example_dags/example_params_trigger_ui.py
[2024-12-03T21:16:31.796+0700] {processor.py:914} INFO - Processing file /home/tedubuamo/project/venv/lib/python3.12/site-packages/airflow/example_dags/example_params_trigger_ui.py for tasks to queue
[2024-12-03T21:16:31.798+0700] {logging_mixin.py:190} INFO - [2024-12-03T21:16:31.798+0700] {dagbag.py:588} INFO - Filling up the DagBag from /home/tedubuamo/project/venv/lib/python3.12/site-packages/airflow/example_dags/example_params_trigger_ui.py
[2024-12-03T21:16:31.809+0700] {processor.py:925} INFO - DAG(s) 'example_params_trigger_ui' retrieved from /home/tedubuamo/project/venv/lib/python3.12/site-packages/airflow/example_dags/example_params_trigger_ui.py
[2024-12-03T21:16:31.846+0700] {logging_mixin.py:190} INFO - [2024-12-03T21:16:31.845+0700] {dag.py:3239} INFO - Sync 1 DAGs
[2024-12-03T21:16:31.861+0700] {logging_mixin.py:190} INFO - [2024-12-03T21:16:31.861+0700] {dag.py:4180} INFO - Setting next_dagrun for example_params_trigger_ui to None, run_after=None
[2024-12-03T21:16:31.890+0700] {processor.py:208} INFO - Processing /home/tedubuamo/project/venv/lib/python3.12/site-packages/airflow/example_dags/example_params_trigger_ui.py took 0.101 seconds
[2024-12-03T21:17:13.716+0700] {processor.py:186} INFO - Started process (PID=3701) to work on /home/tedubuamo/project/venv/lib/python3.12/site-packages/airflow/example_dags/example_params_trigger_ui.py
[2024-12-03T21:17:13.720+0700] {processor.py:914} INFO - Processing file /home/tedubuamo/project/venv/lib/python3.12/site-packages/airflow/example_dags/example_params_trigger_ui.py for tasks to queue
[2024-12-03T21:17:13.722+0700] {logging_mixin.py:190} INFO - [2024-12-03T21:17:13.721+0700] {dagbag.py:588} INFO - Filling up the DagBag from /home/tedubuamo/project/venv/lib/python3.12/site-packages/airflow/example_dags/example_params_trigger_ui.py
[2024-12-03T21:17:13.729+0700] {processor.py:925} INFO - DAG(s) 'example_params_trigger_ui' retrieved from /home/tedubuamo/project/venv/lib/python3.12/site-packages/airflow/example_dags/example_params_trigger_ui.py
[2024-12-03T21:17:13.753+0700] {logging_mixin.py:190} INFO - [2024-12-03T21:17:13.753+0700] {dag.py:3239} INFO - Sync 1 DAGs
[2024-12-03T21:17:13.762+0700] {logging_mixin.py:190} INFO - [2024-12-03T21:17:13.761+0700] {dag.py:4180} INFO - Setting next_dagrun for example_params_trigger_ui to None, run_after=None
[2024-12-03T21:17:13.779+0700] {processor.py:208} INFO - Processing /home/tedubuamo/project/venv/lib/python3.12/site-packages/airflow/example_dags/example_params_trigger_ui.py took 0.067 seconds
[2024-12-03T21:17:22.164+0700] {processor.py:186} INFO - Started process (PID=3719) to work on /home/tedubuamo/project/venv/lib/python3.12/site-packages/airflow/example_dags/example_params_trigger_ui.py
[2024-12-03T21:17:22.166+0700] {processor.py:914} INFO - Processing file /home/tedubuamo/project/venv/lib/python3.12/site-packages/airflow/example_dags/example_params_trigger_ui.py for tasks to queue
[2024-12-03T21:17:22.168+0700] {logging_mixin.py:190} INFO - [2024-12-03T21:17:22.167+0700] {dagbag.py:588} INFO - Filling up the DagBag from /home/tedubuamo/project/venv/lib/python3.12/site-packages/airflow/example_dags/example_params_trigger_ui.py
[2024-12-03T21:17:22.176+0700] {processor.py:925} INFO - DAG(s) 'example_params_trigger_ui' retrieved from /home/tedubuamo/project/venv/lib/python3.12/site-packages/airflow/example_dags/example_params_trigger_ui.py
[2024-12-03T21:17:22.201+0700] {logging_mixin.py:190} INFO - [2024-12-03T21:17:22.201+0700] {dag.py:3239} INFO - Sync 1 DAGs
[2024-12-03T21:17:22.210+0700] {logging_mixin.py:190} INFO - [2024-12-03T21:17:22.210+0700] {dag.py:4180} INFO - Setting next_dagrun for example_params_trigger_ui to None, run_after=None
[2024-12-03T21:17:22.228+0700] {processor.py:208} INFO - Processing /home/tedubuamo/project/venv/lib/python3.12/site-packages/airflow/example_dags/example_params_trigger_ui.py took 0.067 seconds
[2024-12-03T21:18:06.541+0700] {processor.py:186} INFO - Started process (PID=3826) to work on /home/tedubuamo/project/venv/lib/python3.12/site-packages/airflow/example_dags/example_params_trigger_ui.py
[2024-12-03T21:18:06.545+0700] {processor.py:914} INFO - Processing file /home/tedubuamo/project/venv/lib/python3.12/site-packages/airflow/example_dags/example_params_trigger_ui.py for tasks to queue
[2024-12-03T21:18:06.547+0700] {logging_mixin.py:190} INFO - [2024-12-03T21:18:06.546+0700] {dagbag.py:588} INFO - Filling up the DagBag from /home/tedubuamo/project/venv/lib/python3.12/site-packages/airflow/example_dags/example_params_trigger_ui.py
[2024-12-03T21:18:06.556+0700] {processor.py:925} INFO - DAG(s) 'example_params_trigger_ui' retrieved from /home/tedubuamo/project/venv/lib/python3.12/site-packages/airflow/example_dags/example_params_trigger_ui.py
[2024-12-03T21:18:06.589+0700] {logging_mixin.py:190} INFO - [2024-12-03T21:18:06.589+0700] {dag.py:3239} INFO - Sync 1 DAGs
[2024-12-03T21:18:06.602+0700] {logging_mixin.py:190} INFO - [2024-12-03T21:18:06.602+0700] {dag.py:4180} INFO - Setting next_dagrun for example_params_trigger_ui to None, run_after=None
[2024-12-03T21:18:06.624+0700] {processor.py:208} INFO - Processing /home/tedubuamo/project/venv/lib/python3.12/site-packages/airflow/example_dags/example_params_trigger_ui.py took 0.090 seconds
[2024-12-03T21:18:12.677+0700] {processor.py:186} INFO - Started process (PID=3839) to work on /home/tedubuamo/project/venv/lib/python3.12/site-packages/airflow/example_dags/example_params_trigger_ui.py
[2024-12-03T21:18:12.677+0700] {processor.py:914} INFO - Processing file /home/tedubuamo/project/venv/lib/python3.12/site-packages/airflow/example_dags/example_params_trigger_ui.py for tasks to queue
[2024-12-03T21:18:12.679+0700] {logging_mixin.py:190} INFO - [2024-12-03T21:18:12.679+0700] {dagbag.py:588} INFO - Filling up the DagBag from /home/tedubuamo/project/venv/lib/python3.12/site-packages/airflow/example_dags/example_params_trigger_ui.py
[2024-12-03T21:18:12.687+0700] {processor.py:925} INFO - DAG(s) 'example_params_trigger_ui' retrieved from /home/tedubuamo/project/venv/lib/python3.12/site-packages/airflow/example_dags/example_params_trigger_ui.py
[2024-12-03T21:18:12.711+0700] {logging_mixin.py:190} INFO - [2024-12-03T21:18:12.711+0700] {dag.py:3239} INFO - Sync 1 DAGs
[2024-12-03T21:18:12.720+0700] {logging_mixin.py:190} INFO - [2024-12-03T21:18:12.720+0700] {dag.py:4180} INFO - Setting next_dagrun for example_params_trigger_ui to None, run_after=None
[2024-12-03T21:18:12.736+0700] {processor.py:208} INFO - Processing /home/tedubuamo/project/venv/lib/python3.12/site-packages/airflow/example_dags/example_params_trigger_ui.py took 0.063 seconds
[2024-12-03T21:19:05.948+0700] {processor.py:186} INFO - Started process (PID=3942) to work on /home/tedubuamo/project/venv/lib/python3.12/site-packages/airflow/example_dags/example_params_trigger_ui.py
[2024-12-03T21:19:05.957+0700] {processor.py:914} INFO - Processing file /home/tedubuamo/project/venv/lib/python3.12/site-packages/airflow/example_dags/example_params_trigger_ui.py for tasks to queue
[2024-12-03T21:19:05.959+0700] {logging_mixin.py:190} INFO - [2024-12-03T21:19:05.959+0700] {dagbag.py:588} INFO - Filling up the DagBag from /home/tedubuamo/project/venv/lib/python3.12/site-packages/airflow/example_dags/example_params_trigger_ui.py
[2024-12-03T21:19:05.968+0700] {processor.py:925} INFO - DAG(s) 'example_params_trigger_ui' retrieved from /home/tedubuamo/project/venv/lib/python3.12/site-packages/airflow/example_dags/example_params_trigger_ui.py
[2024-12-03T21:19:06.052+0700] {logging_mixin.py:190} INFO - [2024-12-03T21:19:06.051+0700] {dag.py:3239} INFO - Sync 1 DAGs
[2024-12-03T21:19:06.059+0700] {logging_mixin.py:190} INFO - [2024-12-03T21:19:06.059+0700] {dag.py:4180} INFO - Setting next_dagrun for example_params_trigger_ui to None, run_after=None
[2024-12-03T21:19:06.078+0700] {processor.py:208} INFO - Processing /home/tedubuamo/project/venv/lib/python3.12/site-packages/airflow/example_dags/example_params_trigger_ui.py took 0.134 seconds
[2024-12-03T21:20:03.309+0700] {processor.py:186} INFO - Started process (PID=4004) to work on /home/tedubuamo/project/venv/lib/python3.12/site-packages/airflow/example_dags/example_params_trigger_ui.py
[2024-12-03T21:20:03.311+0700] {processor.py:914} INFO - Processing file /home/tedubuamo/project/venv/lib/python3.12/site-packages/airflow/example_dags/example_params_trigger_ui.py for tasks to queue
[2024-12-03T21:20:03.312+0700] {logging_mixin.py:190} INFO - [2024-12-03T21:20:03.312+0700] {dagbag.py:588} INFO - Filling up the DagBag from /home/tedubuamo/project/venv/lib/python3.12/site-packages/airflow/example_dags/example_params_trigger_ui.py
[2024-12-03T21:20:03.320+0700] {processor.py:925} INFO - DAG(s) 'example_params_trigger_ui' retrieved from /home/tedubuamo/project/venv/lib/python3.12/site-packages/airflow/example_dags/example_params_trigger_ui.py
[2024-12-03T21:20:03.344+0700] {logging_mixin.py:190} INFO - [2024-12-03T21:20:03.344+0700] {dag.py:3239} INFO - Sync 1 DAGs
[2024-12-03T21:20:03.352+0700] {logging_mixin.py:190} INFO - [2024-12-03T21:20:03.352+0700] {dag.py:4180} INFO - Setting next_dagrun for example_params_trigger_ui to None, run_after=None
[2024-12-03T21:20:03.369+0700] {processor.py:208} INFO - Processing /home/tedubuamo/project/venv/lib/python3.12/site-packages/airflow/example_dags/example_params_trigger_ui.py took 0.063 seconds
[2024-12-03T21:21:04.972+0700] {processor.py:186} INFO - Started process (PID=4107) to work on /home/tedubuamo/project/venv/lib/python3.12/site-packages/airflow/example_dags/example_params_trigger_ui.py
[2024-12-03T21:21:04.973+0700] {processor.py:914} INFO - Processing file /home/tedubuamo/project/venv/lib/python3.12/site-packages/airflow/example_dags/example_params_trigger_ui.py for tasks to queue
[2024-12-03T21:21:04.975+0700] {logging_mixin.py:190} INFO - [2024-12-03T21:21:04.974+0700] {dagbag.py:588} INFO - Filling up the DagBag from /home/tedubuamo/project/venv/lib/python3.12/site-packages/airflow/example_dags/example_params_trigger_ui.py
[2024-12-03T21:21:04.984+0700] {processor.py:925} INFO - DAG(s) 'example_params_trigger_ui' retrieved from /home/tedubuamo/project/venv/lib/python3.12/site-packages/airflow/example_dags/example_params_trigger_ui.py
[2024-12-03T21:21:05.010+0700] {logging_mixin.py:190} INFO - [2024-12-03T21:21:05.010+0700] {dag.py:3239} INFO - Sync 1 DAGs
[2024-12-03T21:21:05.019+0700] {logging_mixin.py:190} INFO - [2024-12-03T21:21:05.019+0700] {dag.py:4180} INFO - Setting next_dagrun for example_params_trigger_ui to None, run_after=None
[2024-12-03T21:21:05.037+0700] {processor.py:208} INFO - Processing /home/tedubuamo/project/venv/lib/python3.12/site-packages/airflow/example_dags/example_params_trigger_ui.py took 0.069 seconds
[2024-12-03T21:22:01.664+0700] {processor.py:186} INFO - Started process (PID=4182) to work on /home/tedubuamo/project/venv/lib/python3.12/site-packages/airflow/example_dags/example_params_trigger_ui.py
[2024-12-03T21:22:01.668+0700] {processor.py:914} INFO - Processing file /home/tedubuamo/project/venv/lib/python3.12/site-packages/airflow/example_dags/example_params_trigger_ui.py for tasks to queue
[2024-12-03T21:22:01.670+0700] {logging_mixin.py:190} INFO - [2024-12-03T21:22:01.670+0700] {dagbag.py:588} INFO - Filling up the DagBag from /home/tedubuamo/project/venv/lib/python3.12/site-packages/airflow/example_dags/example_params_trigger_ui.py
[2024-12-03T21:22:01.678+0700] {processor.py:925} INFO - DAG(s) 'example_params_trigger_ui' retrieved from /home/tedubuamo/project/venv/lib/python3.12/site-packages/airflow/example_dags/example_params_trigger_ui.py
[2024-12-03T21:22:01.702+0700] {logging_mixin.py:190} INFO - [2024-12-03T21:22:01.702+0700] {dag.py:3239} INFO - Sync 1 DAGs
[2024-12-03T21:22:01.711+0700] {logging_mixin.py:190} INFO - [2024-12-03T21:22:01.711+0700] {dag.py:4180} INFO - Setting next_dagrun for example_params_trigger_ui to None, run_after=None
[2024-12-03T21:22:01.728+0700] {processor.py:208} INFO - Processing /home/tedubuamo/project/venv/lib/python3.12/site-packages/airflow/example_dags/example_params_trigger_ui.py took 0.068 seconds
[2024-12-03T21:22:55.805+0700] {processor.py:186} INFO - Started process (PID=4263) to work on /home/tedubuamo/project/venv/lib/python3.12/site-packages/airflow/example_dags/example_params_trigger_ui.py
[2024-12-03T21:22:55.807+0700] {processor.py:914} INFO - Processing file /home/tedubuamo/project/venv/lib/python3.12/site-packages/airflow/example_dags/example_params_trigger_ui.py for tasks to queue
[2024-12-03T21:22:55.809+0700] {logging_mixin.py:190} INFO - [2024-12-03T21:22:55.809+0700] {dagbag.py:588} INFO - Filling up the DagBag from /home/tedubuamo/project/venv/lib/python3.12/site-packages/airflow/example_dags/example_params_trigger_ui.py
[2024-12-03T21:22:55.819+0700] {processor.py:925} INFO - DAG(s) 'example_params_trigger_ui' retrieved from /home/tedubuamo/project/venv/lib/python3.12/site-packages/airflow/example_dags/example_params_trigger_ui.py
[2024-12-03T21:22:55.846+0700] {logging_mixin.py:190} INFO - [2024-12-03T21:22:55.845+0700] {dag.py:3239} INFO - Sync 1 DAGs
[2024-12-03T21:22:55.856+0700] {logging_mixin.py:190} INFO - [2024-12-03T21:22:55.856+0700] {dag.py:4180} INFO - Setting next_dagrun for example_params_trigger_ui to None, run_after=None
[2024-12-03T21:22:55.877+0700] {processor.py:208} INFO - Processing /home/tedubuamo/project/venv/lib/python3.12/site-packages/airflow/example_dags/example_params_trigger_ui.py took 0.076 seconds
[2024-12-03T21:23:46.982+0700] {processor.py:186} INFO - Started process (PID=4315) to work on /home/tedubuamo/project/venv/lib/python3.12/site-packages/airflow/example_dags/example_params_trigger_ui.py
[2024-12-03T21:23:46.986+0700] {processor.py:914} INFO - Processing file /home/tedubuamo/project/venv/lib/python3.12/site-packages/airflow/example_dags/example_params_trigger_ui.py for tasks to queue
[2024-12-03T21:23:46.988+0700] {logging_mixin.py:190} INFO - [2024-12-03T21:23:46.988+0700] {dagbag.py:588} INFO - Filling up the DagBag from /home/tedubuamo/project/venv/lib/python3.12/site-packages/airflow/example_dags/example_params_trigger_ui.py
[2024-12-03T21:23:46.997+0700] {processor.py:925} INFO - DAG(s) 'example_params_trigger_ui' retrieved from /home/tedubuamo/project/venv/lib/python3.12/site-packages/airflow/example_dags/example_params_trigger_ui.py
[2024-12-03T21:23:47.023+0700] {logging_mixin.py:190} INFO - [2024-12-03T21:23:47.023+0700] {dag.py:3239} INFO - Sync 1 DAGs
[2024-12-03T21:23:47.033+0700] {logging_mixin.py:190} INFO - [2024-12-03T21:23:47.032+0700] {dag.py:4180} INFO - Setting next_dagrun for example_params_trigger_ui to None, run_after=None
[2024-12-03T21:23:47.051+0700] {processor.py:208} INFO - Processing /home/tedubuamo/project/venv/lib/python3.12/site-packages/airflow/example_dags/example_params_trigger_ui.py took 0.073 seconds
[2024-12-03T21:24:42.314+0700] {processor.py:186} INFO - Started process (PID=4394) to work on /home/tedubuamo/project/venv/lib/python3.12/site-packages/airflow/example_dags/example_params_trigger_ui.py
[2024-12-03T21:24:42.315+0700] {processor.py:914} INFO - Processing file /home/tedubuamo/project/venv/lib/python3.12/site-packages/airflow/example_dags/example_params_trigger_ui.py for tasks to queue
[2024-12-03T21:24:42.317+0700] {logging_mixin.py:190} INFO - [2024-12-03T21:24:42.317+0700] {dagbag.py:588} INFO - Filling up the DagBag from /home/tedubuamo/project/venv/lib/python3.12/site-packages/airflow/example_dags/example_params_trigger_ui.py
[2024-12-03T21:24:42.326+0700] {processor.py:925} INFO - DAG(s) 'example_params_trigger_ui' retrieved from /home/tedubuamo/project/venv/lib/python3.12/site-packages/airflow/example_dags/example_params_trigger_ui.py
[2024-12-03T21:24:42.352+0700] {logging_mixin.py:190} INFO - [2024-12-03T21:24:42.351+0700] {dag.py:3239} INFO - Sync 1 DAGs
[2024-12-03T21:24:42.360+0700] {logging_mixin.py:190} INFO - [2024-12-03T21:24:42.360+0700] {dag.py:4180} INFO - Setting next_dagrun for example_params_trigger_ui to None, run_after=None
[2024-12-03T21:24:42.378+0700] {processor.py:208} INFO - Processing /home/tedubuamo/project/venv/lib/python3.12/site-packages/airflow/example_dags/example_params_trigger_ui.py took 0.067 seconds
[2024-12-03T21:25:38.481+0700] {processor.py:186} INFO - Started process (PID=4477) to work on /home/tedubuamo/project/venv/lib/python3.12/site-packages/airflow/example_dags/example_params_trigger_ui.py
[2024-12-03T21:25:38.485+0700] {processor.py:914} INFO - Processing file /home/tedubuamo/project/venv/lib/python3.12/site-packages/airflow/example_dags/example_params_trigger_ui.py for tasks to queue
[2024-12-03T21:25:38.486+0700] {logging_mixin.py:190} INFO - [2024-12-03T21:25:38.486+0700] {dagbag.py:588} INFO - Filling up the DagBag from /home/tedubuamo/project/venv/lib/python3.12/site-packages/airflow/example_dags/example_params_trigger_ui.py
[2024-12-03T21:25:38.496+0700] {processor.py:925} INFO - DAG(s) 'example_params_trigger_ui' retrieved from /home/tedubuamo/project/venv/lib/python3.12/site-packages/airflow/example_dags/example_params_trigger_ui.py
[2024-12-03T21:25:38.523+0700] {logging_mixin.py:190} INFO - [2024-12-03T21:25:38.523+0700] {dag.py:3239} INFO - Sync 1 DAGs
[2024-12-03T21:25:38.532+0700] {logging_mixin.py:190} INFO - [2024-12-03T21:25:38.532+0700] {dag.py:4180} INFO - Setting next_dagrun for example_params_trigger_ui to None, run_after=None
[2024-12-03T21:25:38.552+0700] {processor.py:208} INFO - Processing /home/tedubuamo/project/venv/lib/python3.12/site-packages/airflow/example_dags/example_params_trigger_ui.py took 0.075 seconds
[2024-12-03T21:26:36.146+0700] {processor.py:186} INFO - Started process (PID=4538) to work on /home/tedubuamo/project/venv/lib/python3.12/site-packages/airflow/example_dags/example_params_trigger_ui.py
[2024-12-03T21:26:36.147+0700] {processor.py:914} INFO - Processing file /home/tedubuamo/project/venv/lib/python3.12/site-packages/airflow/example_dags/example_params_trigger_ui.py for tasks to queue
[2024-12-03T21:26:36.149+0700] {logging_mixin.py:190} INFO - [2024-12-03T21:26:36.149+0700] {dagbag.py:588} INFO - Filling up the DagBag from /home/tedubuamo/project/venv/lib/python3.12/site-packages/airflow/example_dags/example_params_trigger_ui.py
[2024-12-03T21:26:36.158+0700] {processor.py:925} INFO - DAG(s) 'example_params_trigger_ui' retrieved from /home/tedubuamo/project/venv/lib/python3.12/site-packages/airflow/example_dags/example_params_trigger_ui.py
[2024-12-03T21:26:36.187+0700] {logging_mixin.py:190} INFO - [2024-12-03T21:26:36.187+0700] {dag.py:3239} INFO - Sync 1 DAGs
[2024-12-03T21:26:36.198+0700] {logging_mixin.py:190} INFO - [2024-12-03T21:26:36.198+0700] {dag.py:4180} INFO - Setting next_dagrun for example_params_trigger_ui to None, run_after=None
[2024-12-03T21:26:36.216+0700] {processor.py:208} INFO - Processing /home/tedubuamo/project/venv/lib/python3.12/site-packages/airflow/example_dags/example_params_trigger_ui.py took 0.074 seconds
[2024-12-03T21:27:26.422+0700] {processor.py:186} INFO - Started process (PID=4607) to work on /home/tedubuamo/project/venv/lib/python3.12/site-packages/airflow/example_dags/example_params_trigger_ui.py
[2024-12-03T21:27:26.424+0700] {processor.py:914} INFO - Processing file /home/tedubuamo/project/venv/lib/python3.12/site-packages/airflow/example_dags/example_params_trigger_ui.py for tasks to queue
[2024-12-03T21:27:26.425+0700] {logging_mixin.py:190} INFO - [2024-12-03T21:27:26.425+0700] {dagbag.py:588} INFO - Filling up the DagBag from /home/tedubuamo/project/venv/lib/python3.12/site-packages/airflow/example_dags/example_params_trigger_ui.py
[2024-12-03T21:27:26.438+0700] {processor.py:925} INFO - DAG(s) 'example_params_trigger_ui' retrieved from /home/tedubuamo/project/venv/lib/python3.12/site-packages/airflow/example_dags/example_params_trigger_ui.py
[2024-12-03T21:27:26.469+0700] {logging_mixin.py:190} INFO - [2024-12-03T21:27:26.469+0700] {dag.py:3239} INFO - Sync 1 DAGs
[2024-12-03T21:27:26.480+0700] {logging_mixin.py:190} INFO - [2024-12-03T21:27:26.480+0700] {dag.py:4180} INFO - Setting next_dagrun for example_params_trigger_ui to None, run_after=None
[2024-12-03T21:27:26.499+0700] {processor.py:208} INFO - Processing /home/tedubuamo/project/venv/lib/python3.12/site-packages/airflow/example_dags/example_params_trigger_ui.py took 0.082 seconds
[2024-12-03T21:28:22.120+0700] {processor.py:186} INFO - Started process (PID=4669) to work on /home/tedubuamo/project/venv/lib/python3.12/site-packages/airflow/example_dags/example_params_trigger_ui.py
[2024-12-03T21:28:22.122+0700] {processor.py:914} INFO - Processing file /home/tedubuamo/project/venv/lib/python3.12/site-packages/airflow/example_dags/example_params_trigger_ui.py for tasks to queue
[2024-12-03T21:28:22.123+0700] {logging_mixin.py:190} INFO - [2024-12-03T21:28:22.123+0700] {dagbag.py:588} INFO - Filling up the DagBag from /home/tedubuamo/project/venv/lib/python3.12/site-packages/airflow/example_dags/example_params_trigger_ui.py
[2024-12-03T21:28:22.133+0700] {processor.py:925} INFO - DAG(s) 'example_params_trigger_ui' retrieved from /home/tedubuamo/project/venv/lib/python3.12/site-packages/airflow/example_dags/example_params_trigger_ui.py
[2024-12-03T21:28:22.159+0700] {logging_mixin.py:190} INFO - [2024-12-03T21:28:22.158+0700] {dag.py:3239} INFO - Sync 1 DAGs
[2024-12-03T21:28:22.168+0700] {logging_mixin.py:190} INFO - [2024-12-03T21:28:22.168+0700] {dag.py:4180} INFO - Setting next_dagrun for example_params_trigger_ui to None, run_after=None
[2024-12-03T21:28:22.185+0700] {processor.py:208} INFO - Processing /home/tedubuamo/project/venv/lib/python3.12/site-packages/airflow/example_dags/example_params_trigger_ui.py took 0.069 seconds
[2024-12-03T21:29:16.210+0700] {processor.py:186} INFO - Started process (PID=4805) to work on /home/tedubuamo/project/venv/lib/python3.12/site-packages/airflow/example_dags/example_params_trigger_ui.py
[2024-12-03T21:29:16.211+0700] {processor.py:914} INFO - Processing file /home/tedubuamo/project/venv/lib/python3.12/site-packages/airflow/example_dags/example_params_trigger_ui.py for tasks to queue
[2024-12-03T21:29:16.213+0700] {logging_mixin.py:190} INFO - [2024-12-03T21:29:16.213+0700] {dagbag.py:588} INFO - Filling up the DagBag from /home/tedubuamo/project/venv/lib/python3.12/site-packages/airflow/example_dags/example_params_trigger_ui.py
[2024-12-03T21:29:16.222+0700] {processor.py:925} INFO - DAG(s) 'example_params_trigger_ui' retrieved from /home/tedubuamo/project/venv/lib/python3.12/site-packages/airflow/example_dags/example_params_trigger_ui.py
[2024-12-03T21:29:16.250+0700] {logging_mixin.py:190} INFO - [2024-12-03T21:29:16.250+0700] {dag.py:3239} INFO - Sync 1 DAGs
[2024-12-03T21:29:16.260+0700] {logging_mixin.py:190} INFO - [2024-12-03T21:29:16.259+0700] {dag.py:4180} INFO - Setting next_dagrun for example_params_trigger_ui to None, run_after=None
[2024-12-03T21:29:16.279+0700] {processor.py:208} INFO - Processing /home/tedubuamo/project/venv/lib/python3.12/site-packages/airflow/example_dags/example_params_trigger_ui.py took 0.073 seconds
[2024-12-03T21:30:09.585+0700] {processor.py:186} INFO - Started process (PID=4864) to work on /home/tedubuamo/project/venv/lib/python3.12/site-packages/airflow/example_dags/example_params_trigger_ui.py
[2024-12-03T21:30:09.586+0700] {processor.py:914} INFO - Processing file /home/tedubuamo/project/venv/lib/python3.12/site-packages/airflow/example_dags/example_params_trigger_ui.py for tasks to queue
[2024-12-03T21:30:09.587+0700] {logging_mixin.py:190} INFO - [2024-12-03T21:30:09.587+0700] {dagbag.py:588} INFO - Filling up the DagBag from /home/tedubuamo/project/venv/lib/python3.12/site-packages/airflow/example_dags/example_params_trigger_ui.py
[2024-12-03T21:30:09.596+0700] {processor.py:925} INFO - DAG(s) 'example_params_trigger_ui' retrieved from /home/tedubuamo/project/venv/lib/python3.12/site-packages/airflow/example_dags/example_params_trigger_ui.py
[2024-12-03T21:30:09.620+0700] {logging_mixin.py:190} INFO - [2024-12-03T21:30:09.619+0700] {dag.py:3239} INFO - Sync 1 DAGs
[2024-12-03T21:30:09.629+0700] {logging_mixin.py:190} INFO - [2024-12-03T21:30:09.629+0700] {dag.py:4180} INFO - Setting next_dagrun for example_params_trigger_ui to None, run_after=None
[2024-12-03T21:30:09.646+0700] {processor.py:208} INFO - Processing /home/tedubuamo/project/venv/lib/python3.12/site-packages/airflow/example_dags/example_params_trigger_ui.py took 0.064 seconds
[2024-12-03T21:31:05.128+0700] {processor.py:186} INFO - Started process (PID=4929) to work on /home/tedubuamo/project/venv/lib/python3.12/site-packages/airflow/example_dags/example_params_trigger_ui.py
[2024-12-03T21:31:05.131+0700] {processor.py:914} INFO - Processing file /home/tedubuamo/project/venv/lib/python3.12/site-packages/airflow/example_dags/example_params_trigger_ui.py for tasks to queue
[2024-12-03T21:31:05.132+0700] {logging_mixin.py:190} INFO - [2024-12-03T21:31:05.132+0700] {dagbag.py:588} INFO - Filling up the DagBag from /home/tedubuamo/project/venv/lib/python3.12/site-packages/airflow/example_dags/example_params_trigger_ui.py
[2024-12-03T21:31:05.141+0700] {processor.py:925} INFO - DAG(s) 'example_params_trigger_ui' retrieved from /home/tedubuamo/project/venv/lib/python3.12/site-packages/airflow/example_dags/example_params_trigger_ui.py
[2024-12-03T21:31:05.170+0700] {logging_mixin.py:190} INFO - [2024-12-03T21:31:05.170+0700] {dag.py:3239} INFO - Sync 1 DAGs
[2024-12-03T21:31:05.183+0700] {logging_mixin.py:190} INFO - [2024-12-03T21:31:05.182+0700] {dag.py:4180} INFO - Setting next_dagrun for example_params_trigger_ui to None, run_after=None
[2024-12-03T21:31:05.201+0700] {processor.py:208} INFO - Processing /home/tedubuamo/project/venv/lib/python3.12/site-packages/airflow/example_dags/example_params_trigger_ui.py took 0.077 seconds
