[2024-12-03T20:46:57.662+0700] {processor.py:186} INFO - Started process (PID=1214) to work on /home/tedubuamo/project/venv/lib/python3.12/site-packages/airflow/example_dags/example_setup_teardown_taskflow.py
[2024-12-03T20:46:57.662+0700] {processor.py:914} INFO - Processing file /home/tedubuamo/project/venv/lib/python3.12/site-packages/airflow/example_dags/example_setup_teardown_taskflow.py for tasks to queue
[2024-12-03T20:46:57.664+0700] {logging_mixin.py:190} INFO - [2024-12-03T20:46:57.663+0700] {dagbag.py:588} INFO - Filling up the DagBag from /home/tedubuamo/project/venv/lib/python3.12/site-packages/airflow/example_dags/example_setup_teardown_taskflow.py
[2024-12-03T20:46:57.671+0700] {processor.py:925} INFO - DAG(s) 'example_setup_teardown_taskflow' retrieved from /home/tedubuamo/project/venv/lib/python3.12/site-packages/airflow/example_dags/example_setup_teardown_taskflow.py
[2024-12-03T20:46:57.678+0700] {logging_mixin.py:190} INFO - [2024-12-03T20:46:57.677+0700] {dag.py:3239} INFO - Sync 1 DAGs
[2024-12-03T20:46:57.687+0700] {logging_mixin.py:190} INFO - [2024-12-03T20:46:57.687+0700] {dag.py:4180} INFO - Setting next_dagrun for example_setup_teardown_taskflow to None, run_after=None
[2024-12-03T20:46:57.706+0700] {processor.py:208} INFO - Processing /home/tedubuamo/project/venv/lib/python3.12/site-packages/airflow/example_dags/example_setup_teardown_taskflow.py took 0.048 seconds
[2024-12-03T20:57:34.169+0700] {processor.py:186} INFO - Started process (PID=1629) to work on /home/tedubuamo/project/venv/lib/python3.12/site-packages/airflow/example_dags/example_setup_teardown_taskflow.py
[2024-12-03T20:57:34.173+0700] {processor.py:914} INFO - Processing file /home/tedubuamo/project/venv/lib/python3.12/site-packages/airflow/example_dags/example_setup_teardown_taskflow.py for tasks to queue
[2024-12-03T20:57:34.175+0700] {logging_mixin.py:190} INFO - [2024-12-03T20:57:34.174+0700] {dagbag.py:588} INFO - Filling up the DagBag from /home/tedubuamo/project/venv/lib/python3.12/site-packages/airflow/example_dags/example_setup_teardown_taskflow.py
[2024-12-03T20:57:34.185+0700] {processor.py:925} INFO - DAG(s) 'example_setup_teardown_taskflow' retrieved from /home/tedubuamo/project/venv/lib/python3.12/site-packages/airflow/example_dags/example_setup_teardown_taskflow.py
[2024-12-03T20:57:34.263+0700] {logging_mixin.py:190} INFO - [2024-12-03T20:57:34.262+0700] {dag.py:3239} INFO - Sync 1 DAGs
[2024-12-03T20:57:34.271+0700] {logging_mixin.py:190} INFO - [2024-12-03T20:57:34.270+0700] {dag.py:4180} INFO - Setting next_dagrun for example_setup_teardown_taskflow to None, run_after=None
[2024-12-03T20:57:34.290+0700] {processor.py:208} INFO - Processing /home/tedubuamo/project/venv/lib/python3.12/site-packages/airflow/example_dags/example_setup_teardown_taskflow.py took 0.124 seconds
[2024-12-03T20:58:32.526+0700] {processor.py:186} INFO - Started process (PID=1686) to work on /home/tedubuamo/project/venv/lib/python3.12/site-packages/airflow/example_dags/example_setup_teardown_taskflow.py
[2024-12-03T20:58:32.530+0700] {processor.py:914} INFO - Processing file /home/tedubuamo/project/venv/lib/python3.12/site-packages/airflow/example_dags/example_setup_teardown_taskflow.py for tasks to queue
[2024-12-03T20:58:32.532+0700] {logging_mixin.py:190} INFO - [2024-12-03T20:58:32.531+0700] {dagbag.py:588} INFO - Filling up the DagBag from /home/tedubuamo/project/venv/lib/python3.12/site-packages/airflow/example_dags/example_setup_teardown_taskflow.py
[2024-12-03T20:58:32.540+0700] {processor.py:925} INFO - DAG(s) 'example_setup_teardown_taskflow' retrieved from /home/tedubuamo/project/venv/lib/python3.12/site-packages/airflow/example_dags/example_setup_teardown_taskflow.py
[2024-12-03T20:58:32.552+0700] {logging_mixin.py:190} INFO - [2024-12-03T20:58:32.551+0700] {dag.py:3239} INFO - Sync 1 DAGs
[2024-12-03T20:58:32.560+0700] {logging_mixin.py:190} INFO - [2024-12-03T20:58:32.560+0700] {dag.py:4180} INFO - Setting next_dagrun for example_setup_teardown_taskflow to None, run_after=None
[2024-12-03T20:58:32.576+0700] {processor.py:208} INFO - Processing /home/tedubuamo/project/venv/lib/python3.12/site-packages/airflow/example_dags/example_setup_teardown_taskflow.py took 0.053 seconds
[2024-12-03T20:59:25.303+0700] {processor.py:186} INFO - Started process (PID=1741) to work on /home/tedubuamo/project/venv/lib/python3.12/site-packages/airflow/example_dags/example_setup_teardown_taskflow.py
[2024-12-03T20:59:25.305+0700] {processor.py:914} INFO - Processing file /home/tedubuamo/project/venv/lib/python3.12/site-packages/airflow/example_dags/example_setup_teardown_taskflow.py for tasks to queue
[2024-12-03T20:59:25.307+0700] {logging_mixin.py:190} INFO - [2024-12-03T20:59:25.306+0700] {dagbag.py:588} INFO - Filling up the DagBag from /home/tedubuamo/project/venv/lib/python3.12/site-packages/airflow/example_dags/example_setup_teardown_taskflow.py
[2024-12-03T20:59:25.314+0700] {processor.py:925} INFO - DAG(s) 'example_setup_teardown_taskflow' retrieved from /home/tedubuamo/project/venv/lib/python3.12/site-packages/airflow/example_dags/example_setup_teardown_taskflow.py
[2024-12-03T20:59:25.325+0700] {logging_mixin.py:190} INFO - [2024-12-03T20:59:25.325+0700] {dag.py:3239} INFO - Sync 1 DAGs
[2024-12-03T20:59:25.334+0700] {logging_mixin.py:190} INFO - [2024-12-03T20:59:25.334+0700] {dag.py:4180} INFO - Setting next_dagrun for example_setup_teardown_taskflow to None, run_after=None
[2024-12-03T20:59:25.352+0700] {processor.py:208} INFO - Processing /home/tedubuamo/project/venv/lib/python3.12/site-packages/airflow/example_dags/example_setup_teardown_taskflow.py took 0.053 seconds
[2024-12-03T21:00:15.457+0700] {processor.py:186} INFO - Started process (PID=1791) to work on /home/tedubuamo/project/venv/lib/python3.12/site-packages/airflow/example_dags/example_setup_teardown_taskflow.py
[2024-12-03T21:00:15.458+0700] {processor.py:914} INFO - Processing file /home/tedubuamo/project/venv/lib/python3.12/site-packages/airflow/example_dags/example_setup_teardown_taskflow.py for tasks to queue
[2024-12-03T21:00:15.461+0700] {logging_mixin.py:190} INFO - [2024-12-03T21:00:15.460+0700] {dagbag.py:588} INFO - Filling up the DagBag from /home/tedubuamo/project/venv/lib/python3.12/site-packages/airflow/example_dags/example_setup_teardown_taskflow.py
[2024-12-03T21:00:15.468+0700] {processor.py:925} INFO - DAG(s) 'example_setup_teardown_taskflow' retrieved from /home/tedubuamo/project/venv/lib/python3.12/site-packages/airflow/example_dags/example_setup_teardown_taskflow.py
[2024-12-03T21:00:15.481+0700] {logging_mixin.py:190} INFO - [2024-12-03T21:00:15.481+0700] {dag.py:3239} INFO - Sync 1 DAGs
[2024-12-03T21:00:15.491+0700] {logging_mixin.py:190} INFO - [2024-12-03T21:00:15.490+0700] {dag.py:4180} INFO - Setting next_dagrun for example_setup_teardown_taskflow to None, run_after=None
[2024-12-03T21:00:15.507+0700] {processor.py:208} INFO - Processing /home/tedubuamo/project/venv/lib/python3.12/site-packages/airflow/example_dags/example_setup_teardown_taskflow.py took 0.054 seconds
[2024-12-03T21:01:06.771+0700] {processor.py:186} INFO - Started process (PID=1845) to work on /home/tedubuamo/project/venv/lib/python3.12/site-packages/airflow/example_dags/example_setup_teardown_taskflow.py
[2024-12-03T21:01:06.774+0700] {processor.py:914} INFO - Processing file /home/tedubuamo/project/venv/lib/python3.12/site-packages/airflow/example_dags/example_setup_teardown_taskflow.py for tasks to queue
[2024-12-03T21:01:06.776+0700] {logging_mixin.py:190} INFO - [2024-12-03T21:01:06.776+0700] {dagbag.py:588} INFO - Filling up the DagBag from /home/tedubuamo/project/venv/lib/python3.12/site-packages/airflow/example_dags/example_setup_teardown_taskflow.py
[2024-12-03T21:01:06.785+0700] {processor.py:925} INFO - DAG(s) 'example_setup_teardown_taskflow' retrieved from /home/tedubuamo/project/venv/lib/python3.12/site-packages/airflow/example_dags/example_setup_teardown_taskflow.py
[2024-12-03T21:01:06.797+0700] {logging_mixin.py:190} INFO - [2024-12-03T21:01:06.797+0700] {dag.py:3239} INFO - Sync 1 DAGs
[2024-12-03T21:01:06.806+0700] {logging_mixin.py:190} INFO - [2024-12-03T21:01:06.806+0700] {dag.py:4180} INFO - Setting next_dagrun for example_setup_teardown_taskflow to None, run_after=None
[2024-12-03T21:01:06.822+0700] {processor.py:208} INFO - Processing /home/tedubuamo/project/venv/lib/python3.12/site-packages/airflow/example_dags/example_setup_teardown_taskflow.py took 0.056 seconds
[2024-12-03T21:05:03.409+0700] {processor.py:186} INFO - Started process (PID=2008) to work on /home/tedubuamo/project/venv/lib/python3.12/site-packages/airflow/example_dags/example_setup_teardown_taskflow.py
[2024-12-03T21:05:03.414+0700] {processor.py:914} INFO - Processing file /home/tedubuamo/project/venv/lib/python3.12/site-packages/airflow/example_dags/example_setup_teardown_taskflow.py for tasks to queue
[2024-12-03T21:05:03.415+0700] {logging_mixin.py:190} INFO - [2024-12-03T21:05:03.415+0700] {dagbag.py:588} INFO - Filling up the DagBag from /home/tedubuamo/project/venv/lib/python3.12/site-packages/airflow/example_dags/example_setup_teardown_taskflow.py
[2024-12-03T21:05:03.423+0700] {processor.py:925} INFO - DAG(s) 'example_setup_teardown_taskflow' retrieved from /home/tedubuamo/project/venv/lib/python3.12/site-packages/airflow/example_dags/example_setup_teardown_taskflow.py
[2024-12-03T21:05:03.438+0700] {logging_mixin.py:190} INFO - [2024-12-03T21:05:03.438+0700] {dag.py:3239} INFO - Sync 1 DAGs
[2024-12-03T21:05:03.446+0700] {logging_mixin.py:190} INFO - [2024-12-03T21:05:03.445+0700] {dag.py:4180} INFO - Setting next_dagrun for example_setup_teardown_taskflow to None, run_after=None
[2024-12-03T21:05:03.462+0700] {processor.py:208} INFO - Processing /home/tedubuamo/project/venv/lib/python3.12/site-packages/airflow/example_dags/example_setup_teardown_taskflow.py took 0.057 seconds
[2024-12-03T21:05:57.384+0700] {processor.py:186} INFO - Started process (PID=2144) to work on /home/tedubuamo/project/venv/lib/python3.12/site-packages/airflow/example_dags/example_setup_teardown_taskflow.py
[2024-12-03T21:05:57.386+0700] {processor.py:914} INFO - Processing file /home/tedubuamo/project/venv/lib/python3.12/site-packages/airflow/example_dags/example_setup_teardown_taskflow.py for tasks to queue
[2024-12-03T21:05:57.388+0700] {logging_mixin.py:190} INFO - [2024-12-03T21:05:57.388+0700] {dagbag.py:588} INFO - Filling up the DagBag from /home/tedubuamo/project/venv/lib/python3.12/site-packages/airflow/example_dags/example_setup_teardown_taskflow.py
[2024-12-03T21:05:57.396+0700] {processor.py:925} INFO - DAG(s) 'example_setup_teardown_taskflow' retrieved from /home/tedubuamo/project/venv/lib/python3.12/site-packages/airflow/example_dags/example_setup_teardown_taskflow.py
[2024-12-03T21:05:57.408+0700] {logging_mixin.py:190} INFO - [2024-12-03T21:05:57.408+0700] {dag.py:3239} INFO - Sync 1 DAGs
[2024-12-03T21:05:57.417+0700] {logging_mixin.py:190} INFO - [2024-12-03T21:05:57.417+0700] {dag.py:4180} INFO - Setting next_dagrun for example_setup_teardown_taskflow to None, run_after=None
[2024-12-03T21:05:57.434+0700] {processor.py:208} INFO - Processing /home/tedubuamo/project/venv/lib/python3.12/site-packages/airflow/example_dags/example_setup_teardown_taskflow.py took 0.054 seconds
[2024-12-03T21:05:58.284+0700] {processor.py:186} INFO - Started process (PID=2146) to work on /home/tedubuamo/project/venv/lib/python3.12/site-packages/airflow/example_dags/example_setup_teardown_taskflow.py
[2024-12-03T21:05:58.285+0700] {processor.py:914} INFO - Processing file /home/tedubuamo/project/venv/lib/python3.12/site-packages/airflow/example_dags/example_setup_teardown_taskflow.py for tasks to queue
[2024-12-03T21:05:58.287+0700] {logging_mixin.py:190} INFO - [2024-12-03T21:05:58.286+0700] {dagbag.py:588} INFO - Filling up the DagBag from /home/tedubuamo/project/venv/lib/python3.12/site-packages/airflow/example_dags/example_setup_teardown_taskflow.py
[2024-12-03T21:05:58.295+0700] {processor.py:925} INFO - DAG(s) 'example_setup_teardown_taskflow' retrieved from /home/tedubuamo/project/venv/lib/python3.12/site-packages/airflow/example_dags/example_setup_teardown_taskflow.py
[2024-12-03T21:05:58.313+0700] {logging_mixin.py:190} INFO - [2024-12-03T21:05:58.312+0700] {dag.py:3239} INFO - Sync 1 DAGs
[2024-12-03T21:05:58.321+0700] {logging_mixin.py:190} INFO - [2024-12-03T21:05:58.321+0700] {dag.py:4180} INFO - Setting next_dagrun for example_setup_teardown_taskflow to None, run_after=None
[2024-12-03T21:05:58.338+0700] {processor.py:208} INFO - Processing /home/tedubuamo/project/venv/lib/python3.12/site-packages/airflow/example_dags/example_setup_teardown_taskflow.py took 0.057 seconds
[2024-12-03T21:06:49.428+0700] {processor.py:186} INFO - Started process (PID=2252) to work on /home/tedubuamo/project/venv/lib/python3.12/site-packages/airflow/example_dags/example_setup_teardown_taskflow.py
[2024-12-03T21:06:49.430+0700] {processor.py:914} INFO - Processing file /home/tedubuamo/project/venv/lib/python3.12/site-packages/airflow/example_dags/example_setup_teardown_taskflow.py for tasks to queue
[2024-12-03T21:06:49.432+0700] {logging_mixin.py:190} INFO - [2024-12-03T21:06:49.432+0700] {dagbag.py:588} INFO - Filling up the DagBag from /home/tedubuamo/project/venv/lib/python3.12/site-packages/airflow/example_dags/example_setup_teardown_taskflow.py
[2024-12-03T21:06:49.442+0700] {processor.py:925} INFO - DAG(s) 'example_setup_teardown_taskflow' retrieved from /home/tedubuamo/project/venv/lib/python3.12/site-packages/airflow/example_dags/example_setup_teardown_taskflow.py
[2024-12-03T21:06:49.457+0700] {logging_mixin.py:190} INFO - [2024-12-03T21:06:49.457+0700] {dag.py:3239} INFO - Sync 1 DAGs
[2024-12-03T21:06:49.470+0700] {logging_mixin.py:190} INFO - [2024-12-03T21:06:49.470+0700] {dag.py:4180} INFO - Setting next_dagrun for example_setup_teardown_taskflow to None, run_after=None
[2024-12-03T21:06:49.487+0700] {processor.py:208} INFO - Processing /home/tedubuamo/project/venv/lib/python3.12/site-packages/airflow/example_dags/example_setup_teardown_taskflow.py took 0.064 seconds
[2024-12-03T21:06:54.022+0700] {processor.py:186} INFO - Started process (PID=2322) to work on /home/tedubuamo/project/venv/lib/python3.12/site-packages/airflow/example_dags/example_setup_teardown_taskflow.py
[2024-12-03T21:06:54.022+0700] {processor.py:914} INFO - Processing file /home/tedubuamo/project/venv/lib/python3.12/site-packages/airflow/example_dags/example_setup_teardown_taskflow.py for tasks to queue
[2024-12-03T21:06:54.024+0700] {logging_mixin.py:190} INFO - [2024-12-03T21:06:54.024+0700] {dagbag.py:588} INFO - Filling up the DagBag from /home/tedubuamo/project/venv/lib/python3.12/site-packages/airflow/example_dags/example_setup_teardown_taskflow.py
[2024-12-03T21:06:54.032+0700] {processor.py:925} INFO - DAG(s) 'example_setup_teardown_taskflow' retrieved from /home/tedubuamo/project/venv/lib/python3.12/site-packages/airflow/example_dags/example_setup_teardown_taskflow.py
[2024-12-03T21:06:54.043+0700] {logging_mixin.py:190} INFO - [2024-12-03T21:06:54.043+0700] {dag.py:3239} INFO - Sync 1 DAGs
[2024-12-03T21:06:54.051+0700] {logging_mixin.py:190} INFO - [2024-12-03T21:06:54.051+0700] {dag.py:4180} INFO - Setting next_dagrun for example_setup_teardown_taskflow to None, run_after=None
[2024-12-03T21:06:54.067+0700] {processor.py:208} INFO - Processing /home/tedubuamo/project/venv/lib/python3.12/site-packages/airflow/example_dags/example_setup_teardown_taskflow.py took 0.049 seconds
[2024-12-03T21:07:41.953+0700] {processor.py:186} INFO - Started process (PID=2455) to work on /home/tedubuamo/project/venv/lib/python3.12/site-packages/airflow/example_dags/example_setup_teardown_taskflow.py
[2024-12-03T21:07:41.954+0700] {processor.py:914} INFO - Processing file /home/tedubuamo/project/venv/lib/python3.12/site-packages/airflow/example_dags/example_setup_teardown_taskflow.py for tasks to queue
[2024-12-03T21:07:41.956+0700] {logging_mixin.py:190} INFO - [2024-12-03T21:07:41.955+0700] {dagbag.py:588} INFO - Filling up the DagBag from /home/tedubuamo/project/venv/lib/python3.12/site-packages/airflow/example_dags/example_setup_teardown_taskflow.py
[2024-12-03T21:07:41.965+0700] {processor.py:925} INFO - DAG(s) 'example_setup_teardown_taskflow' retrieved from /home/tedubuamo/project/venv/lib/python3.12/site-packages/airflow/example_dags/example_setup_teardown_taskflow.py
[2024-12-03T21:07:41.980+0700] {logging_mixin.py:190} INFO - [2024-12-03T21:07:41.980+0700] {dag.py:3239} INFO - Sync 1 DAGs
[2024-12-03T21:07:41.991+0700] {logging_mixin.py:190} INFO - [2024-12-03T21:07:41.991+0700] {dag.py:4180} INFO - Setting next_dagrun for example_setup_teardown_taskflow to None, run_after=None
[2024-12-03T21:07:42.016+0700] {processor.py:208} INFO - Processing /home/tedubuamo/project/venv/lib/python3.12/site-packages/airflow/example_dags/example_setup_teardown_taskflow.py took 0.067 seconds
[2024-12-03T21:07:43.425+0700] {processor.py:186} INFO - Started process (PID=2459) to work on /home/tedubuamo/project/venv/lib/python3.12/site-packages/airflow/example_dags/example_setup_teardown_taskflow.py
[2024-12-03T21:07:43.426+0700] {processor.py:914} INFO - Processing file /home/tedubuamo/project/venv/lib/python3.12/site-packages/airflow/example_dags/example_setup_teardown_taskflow.py for tasks to queue
[2024-12-03T21:07:43.428+0700] {logging_mixin.py:190} INFO - [2024-12-03T21:07:43.428+0700] {dagbag.py:588} INFO - Filling up the DagBag from /home/tedubuamo/project/venv/lib/python3.12/site-packages/airflow/example_dags/example_setup_teardown_taskflow.py
[2024-12-03T21:07:43.443+0700] {processor.py:925} INFO - DAG(s) 'example_setup_teardown_taskflow' retrieved from /home/tedubuamo/project/venv/lib/python3.12/site-packages/airflow/example_dags/example_setup_teardown_taskflow.py
[2024-12-03T21:07:43.459+0700] {logging_mixin.py:190} INFO - [2024-12-03T21:07:43.459+0700] {dag.py:3239} INFO - Sync 1 DAGs
[2024-12-03T21:07:43.471+0700] {logging_mixin.py:190} INFO - [2024-12-03T21:07:43.471+0700] {dag.py:4180} INFO - Setting next_dagrun for example_setup_teardown_taskflow to None, run_after=None
[2024-12-03T21:07:43.493+0700] {processor.py:208} INFO - Processing /home/tedubuamo/project/venv/lib/python3.12/site-packages/airflow/example_dags/example_setup_teardown_taskflow.py took 0.071 seconds
[2024-12-03T21:08:33.160+0700] {processor.py:186} INFO - Started process (PID=2560) to work on /home/tedubuamo/project/venv/lib/python3.12/site-packages/airflow/example_dags/example_setup_teardown_taskflow.py
[2024-12-03T21:08:33.161+0700] {processor.py:914} INFO - Processing file /home/tedubuamo/project/venv/lib/python3.12/site-packages/airflow/example_dags/example_setup_teardown_taskflow.py for tasks to queue
[2024-12-03T21:08:33.164+0700] {logging_mixin.py:190} INFO - [2024-12-03T21:08:33.163+0700] {dagbag.py:588} INFO - Filling up the DagBag from /home/tedubuamo/project/venv/lib/python3.12/site-packages/airflow/example_dags/example_setup_teardown_taskflow.py
[2024-12-03T21:08:33.175+0700] {processor.py:925} INFO - DAG(s) 'example_setup_teardown_taskflow' retrieved from /home/tedubuamo/project/venv/lib/python3.12/site-packages/airflow/example_dags/example_setup_teardown_taskflow.py
[2024-12-03T21:08:33.192+0700] {logging_mixin.py:190} INFO - [2024-12-03T21:08:33.192+0700] {dag.py:3239} INFO - Sync 1 DAGs
[2024-12-03T21:08:33.206+0700] {logging_mixin.py:190} INFO - [2024-12-03T21:08:33.206+0700] {dag.py:4180} INFO - Setting next_dagrun for example_setup_teardown_taskflow to None, run_after=None
[2024-12-03T21:08:33.250+0700] {processor.py:208} INFO - Processing /home/tedubuamo/project/venv/lib/python3.12/site-packages/airflow/example_dags/example_setup_teardown_taskflow.py took 0.096 seconds
[2024-12-03T21:08:34.960+0700] {processor.py:186} INFO - Started process (PID=2563) to work on /home/tedubuamo/project/venv/lib/python3.12/site-packages/airflow/example_dags/example_setup_teardown_taskflow.py
[2024-12-03T21:08:34.960+0700] {processor.py:914} INFO - Processing file /home/tedubuamo/project/venv/lib/python3.12/site-packages/airflow/example_dags/example_setup_teardown_taskflow.py for tasks to queue
[2024-12-03T21:08:34.962+0700] {logging_mixin.py:190} INFO - [2024-12-03T21:08:34.962+0700] {dagbag.py:588} INFO - Filling up the DagBag from /home/tedubuamo/project/venv/lib/python3.12/site-packages/airflow/example_dags/example_setup_teardown_taskflow.py
[2024-12-03T21:08:34.971+0700] {processor.py:925} INFO - DAG(s) 'example_setup_teardown_taskflow' retrieved from /home/tedubuamo/project/venv/lib/python3.12/site-packages/airflow/example_dags/example_setup_teardown_taskflow.py
[2024-12-03T21:08:34.983+0700] {logging_mixin.py:190} INFO - [2024-12-03T21:08:34.983+0700] {dag.py:3239} INFO - Sync 1 DAGs
[2024-12-03T21:08:34.992+0700] {logging_mixin.py:190} INFO - [2024-12-03T21:08:34.992+0700] {dag.py:4180} INFO - Setting next_dagrun for example_setup_teardown_taskflow to None, run_after=None
[2024-12-03T21:08:35.012+0700] {processor.py:208} INFO - Processing /home/tedubuamo/project/venv/lib/python3.12/site-packages/airflow/example_dags/example_setup_teardown_taskflow.py took 0.056 seconds
[2024-12-03T21:09:24.796+0700] {processor.py:186} INFO - Started process (PID=2667) to work on /home/tedubuamo/project/venv/lib/python3.12/site-packages/airflow/example_dags/example_setup_teardown_taskflow.py
[2024-12-03T21:09:24.798+0700] {processor.py:914} INFO - Processing file /home/tedubuamo/project/venv/lib/python3.12/site-packages/airflow/example_dags/example_setup_teardown_taskflow.py for tasks to queue
[2024-12-03T21:09:24.799+0700] {logging_mixin.py:190} INFO - [2024-12-03T21:09:24.799+0700] {dagbag.py:588} INFO - Filling up the DagBag from /home/tedubuamo/project/venv/lib/python3.12/site-packages/airflow/example_dags/example_setup_teardown_taskflow.py
[2024-12-03T21:09:24.807+0700] {processor.py:925} INFO - DAG(s) 'example_setup_teardown_taskflow' retrieved from /home/tedubuamo/project/venv/lib/python3.12/site-packages/airflow/example_dags/example_setup_teardown_taskflow.py
[2024-12-03T21:09:24.819+0700] {logging_mixin.py:190} INFO - [2024-12-03T21:09:24.818+0700] {dag.py:3239} INFO - Sync 1 DAGs
[2024-12-03T21:09:24.827+0700] {logging_mixin.py:190} INFO - [2024-12-03T21:09:24.826+0700] {dag.py:4180} INFO - Setting next_dagrun for example_setup_teardown_taskflow to None, run_after=None
[2024-12-03T21:09:24.846+0700] {processor.py:208} INFO - Processing /home/tedubuamo/project/venv/lib/python3.12/site-packages/airflow/example_dags/example_setup_teardown_taskflow.py took 0.054 seconds
[2024-12-03T21:09:27.047+0700] {processor.py:186} INFO - Started process (PID=2672) to work on /home/tedubuamo/project/venv/lib/python3.12/site-packages/airflow/example_dags/example_setup_teardown_taskflow.py
[2024-12-03T21:09:27.048+0700] {processor.py:914} INFO - Processing file /home/tedubuamo/project/venv/lib/python3.12/site-packages/airflow/example_dags/example_setup_teardown_taskflow.py for tasks to queue
[2024-12-03T21:09:27.049+0700] {logging_mixin.py:190} INFO - [2024-12-03T21:09:27.049+0700] {dagbag.py:588} INFO - Filling up the DagBag from /home/tedubuamo/project/venv/lib/python3.12/site-packages/airflow/example_dags/example_setup_teardown_taskflow.py
[2024-12-03T21:09:27.057+0700] {processor.py:925} INFO - DAG(s) 'example_setup_teardown_taskflow' retrieved from /home/tedubuamo/project/venv/lib/python3.12/site-packages/airflow/example_dags/example_setup_teardown_taskflow.py
[2024-12-03T21:09:27.070+0700] {logging_mixin.py:190} INFO - [2024-12-03T21:09:27.070+0700] {dag.py:3239} INFO - Sync 1 DAGs
[2024-12-03T21:09:27.079+0700] {logging_mixin.py:190} INFO - [2024-12-03T21:09:27.079+0700] {dag.py:4180} INFO - Setting next_dagrun for example_setup_teardown_taskflow to None, run_after=None
[2024-12-03T21:09:27.095+0700] {processor.py:208} INFO - Processing /home/tedubuamo/project/venv/lib/python3.12/site-packages/airflow/example_dags/example_setup_teardown_taskflow.py took 0.053 seconds
[2024-12-03T21:10:16.385+0700] {processor.py:186} INFO - Started process (PID=2773) to work on /home/tedubuamo/project/venv/lib/python3.12/site-packages/airflow/example_dags/example_setup_teardown_taskflow.py
[2024-12-03T21:10:16.387+0700] {processor.py:914} INFO - Processing file /home/tedubuamo/project/venv/lib/python3.12/site-packages/airflow/example_dags/example_setup_teardown_taskflow.py for tasks to queue
[2024-12-03T21:10:16.388+0700] {logging_mixin.py:190} INFO - [2024-12-03T21:10:16.388+0700] {dagbag.py:588} INFO - Filling up the DagBag from /home/tedubuamo/project/venv/lib/python3.12/site-packages/airflow/example_dags/example_setup_teardown_taskflow.py
[2024-12-03T21:10:16.396+0700] {processor.py:925} INFO - DAG(s) 'example_setup_teardown_taskflow' retrieved from /home/tedubuamo/project/venv/lib/python3.12/site-packages/airflow/example_dags/example_setup_teardown_taskflow.py
[2024-12-03T21:10:16.407+0700] {logging_mixin.py:190} INFO - [2024-12-03T21:10:16.407+0700] {dag.py:3239} INFO - Sync 1 DAGs
[2024-12-03T21:10:16.416+0700] {logging_mixin.py:190} INFO - [2024-12-03T21:10:16.416+0700] {dag.py:4180} INFO - Setting next_dagrun for example_setup_teardown_taskflow to None, run_after=None
[2024-12-03T21:10:16.435+0700] {processor.py:208} INFO - Processing /home/tedubuamo/project/venv/lib/python3.12/site-packages/airflow/example_dags/example_setup_teardown_taskflow.py took 0.054 seconds
[2024-12-03T21:10:16.773+0700] {processor.py:186} INFO - Started process (PID=2775) to work on /home/tedubuamo/project/venv/lib/python3.12/site-packages/airflow/example_dags/example_setup_teardown_taskflow.py
[2024-12-03T21:10:16.773+0700] {processor.py:914} INFO - Processing file /home/tedubuamo/project/venv/lib/python3.12/site-packages/airflow/example_dags/example_setup_teardown_taskflow.py for tasks to queue
[2024-12-03T21:10:16.774+0700] {logging_mixin.py:190} INFO - [2024-12-03T21:10:16.774+0700] {dagbag.py:588} INFO - Filling up the DagBag from /home/tedubuamo/project/venv/lib/python3.12/site-packages/airflow/example_dags/example_setup_teardown_taskflow.py
[2024-12-03T21:10:16.782+0700] {processor.py:925} INFO - DAG(s) 'example_setup_teardown_taskflow' retrieved from /home/tedubuamo/project/venv/lib/python3.12/site-packages/airflow/example_dags/example_setup_teardown_taskflow.py
[2024-12-03T21:10:16.795+0700] {logging_mixin.py:190} INFO - [2024-12-03T21:10:16.794+0700] {dag.py:3239} INFO - Sync 1 DAGs
[2024-12-03T21:10:16.805+0700] {logging_mixin.py:190} INFO - [2024-12-03T21:10:16.805+0700] {dag.py:4180} INFO - Setting next_dagrun for example_setup_teardown_taskflow to None, run_after=None
[2024-12-03T21:10:16.837+0700] {processor.py:208} INFO - Processing /home/tedubuamo/project/venv/lib/python3.12/site-packages/airflow/example_dags/example_setup_teardown_taskflow.py took 0.068 seconds
[2024-12-03T21:11:06.733+0700] {processor.py:186} INFO - Started process (PID=2876) to work on /home/tedubuamo/project/venv/lib/python3.12/site-packages/airflow/example_dags/example_setup_teardown_taskflow.py
[2024-12-03T21:11:06.735+0700] {processor.py:914} INFO - Processing file /home/tedubuamo/project/venv/lib/python3.12/site-packages/airflow/example_dags/example_setup_teardown_taskflow.py for tasks to queue
[2024-12-03T21:11:06.741+0700] {logging_mixin.py:190} INFO - [2024-12-03T21:11:06.740+0700] {dagbag.py:588} INFO - Filling up the DagBag from /home/tedubuamo/project/venv/lib/python3.12/site-packages/airflow/example_dags/example_setup_teardown_taskflow.py
[2024-12-03T21:11:06.753+0700] {processor.py:925} INFO - DAG(s) 'example_setup_teardown_taskflow' retrieved from /home/tedubuamo/project/venv/lib/python3.12/site-packages/airflow/example_dags/example_setup_teardown_taskflow.py
[2024-12-03T21:11:06.768+0700] {logging_mixin.py:190} INFO - [2024-12-03T21:11:06.768+0700] {dag.py:3239} INFO - Sync 1 DAGs
[2024-12-03T21:11:06.779+0700] {logging_mixin.py:190} INFO - [2024-12-03T21:11:06.779+0700] {dag.py:4180} INFO - Setting next_dagrun for example_setup_teardown_taskflow to None, run_after=None
[2024-12-03T21:11:06.798+0700] {processor.py:208} INFO - Processing /home/tedubuamo/project/venv/lib/python3.12/site-packages/airflow/example_dags/example_setup_teardown_taskflow.py took 0.071 seconds
[2024-12-03T21:11:08.942+0700] {processor.py:186} INFO - Started process (PID=2880) to work on /home/tedubuamo/project/venv/lib/python3.12/site-packages/airflow/example_dags/example_setup_teardown_taskflow.py
[2024-12-03T21:11:08.943+0700] {processor.py:914} INFO - Processing file /home/tedubuamo/project/venv/lib/python3.12/site-packages/airflow/example_dags/example_setup_teardown_taskflow.py for tasks to queue
[2024-12-03T21:11:08.945+0700] {logging_mixin.py:190} INFO - [2024-12-03T21:11:08.945+0700] {dagbag.py:588} INFO - Filling up the DagBag from /home/tedubuamo/project/venv/lib/python3.12/site-packages/airflow/example_dags/example_setup_teardown_taskflow.py
[2024-12-03T21:11:08.956+0700] {processor.py:925} INFO - DAG(s) 'example_setup_teardown_taskflow' retrieved from /home/tedubuamo/project/venv/lib/python3.12/site-packages/airflow/example_dags/example_setup_teardown_taskflow.py
[2024-12-03T21:11:08.970+0700] {logging_mixin.py:190} INFO - [2024-12-03T21:11:08.970+0700] {dag.py:3239} INFO - Sync 1 DAGs
[2024-12-03T21:11:08.981+0700] {logging_mixin.py:190} INFO - [2024-12-03T21:11:08.981+0700] {dag.py:4180} INFO - Setting next_dagrun for example_setup_teardown_taskflow to None, run_after=None
[2024-12-03T21:11:09.001+0700] {processor.py:208} INFO - Processing /home/tedubuamo/project/venv/lib/python3.12/site-packages/airflow/example_dags/example_setup_teardown_taskflow.py took 0.065 seconds
[2024-12-03T21:12:01.530+0700] {processor.py:186} INFO - Started process (PID=2994) to work on /home/tedubuamo/project/venv/lib/python3.12/site-packages/airflow/example_dags/example_setup_teardown_taskflow.py
[2024-12-03T21:12:01.531+0700] {processor.py:914} INFO - Processing file /home/tedubuamo/project/venv/lib/python3.12/site-packages/airflow/example_dags/example_setup_teardown_taskflow.py for tasks to queue
[2024-12-03T21:12:01.534+0700] {logging_mixin.py:190} INFO - [2024-12-03T21:12:01.534+0700] {dagbag.py:588} INFO - Filling up the DagBag from /home/tedubuamo/project/venv/lib/python3.12/site-packages/airflow/example_dags/example_setup_teardown_taskflow.py
[2024-12-03T21:12:01.545+0700] {processor.py:925} INFO - DAG(s) 'example_setup_teardown_taskflow' retrieved from /home/tedubuamo/project/venv/lib/python3.12/site-packages/airflow/example_dags/example_setup_teardown_taskflow.py
[2024-12-03T21:12:01.558+0700] {logging_mixin.py:190} INFO - [2024-12-03T21:12:01.558+0700] {dag.py:3239} INFO - Sync 1 DAGs
[2024-12-03T21:12:01.574+0700] {logging_mixin.py:190} INFO - [2024-12-03T21:12:01.573+0700] {dag.py:4180} INFO - Setting next_dagrun for example_setup_teardown_taskflow to None, run_after=None
[2024-12-03T21:12:01.600+0700] {processor.py:208} INFO - Processing /home/tedubuamo/project/venv/lib/python3.12/site-packages/airflow/example_dags/example_setup_teardown_taskflow.py took 0.075 seconds
[2024-12-03T21:12:02.858+0700] {processor.py:186} INFO - Started process (PID=2999) to work on /home/tedubuamo/project/venv/lib/python3.12/site-packages/airflow/example_dags/example_setup_teardown_taskflow.py
[2024-12-03T21:12:02.859+0700] {processor.py:914} INFO - Processing file /home/tedubuamo/project/venv/lib/python3.12/site-packages/airflow/example_dags/example_setup_teardown_taskflow.py for tasks to queue
[2024-12-03T21:12:02.860+0700] {logging_mixin.py:190} INFO - [2024-12-03T21:12:02.860+0700] {dagbag.py:588} INFO - Filling up the DagBag from /home/tedubuamo/project/venv/lib/python3.12/site-packages/airflow/example_dags/example_setup_teardown_taskflow.py
[2024-12-03T21:12:02.867+0700] {processor.py:925} INFO - DAG(s) 'example_setup_teardown_taskflow' retrieved from /home/tedubuamo/project/venv/lib/python3.12/site-packages/airflow/example_dags/example_setup_teardown_taskflow.py
[2024-12-03T21:12:02.880+0700] {logging_mixin.py:190} INFO - [2024-12-03T21:12:02.879+0700] {dag.py:3239} INFO - Sync 1 DAGs
[2024-12-03T21:12:02.889+0700] {logging_mixin.py:190} INFO - [2024-12-03T21:12:02.888+0700] {dag.py:4180} INFO - Setting next_dagrun for example_setup_teardown_taskflow to None, run_after=None
[2024-12-03T21:12:02.905+0700] {processor.py:208} INFO - Processing /home/tedubuamo/project/venv/lib/python3.12/site-packages/airflow/example_dags/example_setup_teardown_taskflow.py took 0.050 seconds
[2024-12-03T21:12:49.882+0700] {processor.py:186} INFO - Started process (PID=3123) to work on /home/tedubuamo/project/venv/lib/python3.12/site-packages/airflow/example_dags/example_setup_teardown_taskflow.py
[2024-12-03T21:12:49.885+0700] {processor.py:914} INFO - Processing file /home/tedubuamo/project/venv/lib/python3.12/site-packages/airflow/example_dags/example_setup_teardown_taskflow.py for tasks to queue
[2024-12-03T21:12:49.886+0700] {logging_mixin.py:190} INFO - [2024-12-03T21:12:49.886+0700] {dagbag.py:588} INFO - Filling up the DagBag from /home/tedubuamo/project/venv/lib/python3.12/site-packages/airflow/example_dags/example_setup_teardown_taskflow.py
[2024-12-03T21:12:49.894+0700] {processor.py:925} INFO - DAG(s) 'example_setup_teardown_taskflow' retrieved from /home/tedubuamo/project/venv/lib/python3.12/site-packages/airflow/example_dags/example_setup_teardown_taskflow.py
[2024-12-03T21:12:49.905+0700] {logging_mixin.py:190} INFO - [2024-12-03T21:12:49.905+0700] {dag.py:3239} INFO - Sync 1 DAGs
[2024-12-03T21:12:49.914+0700] {logging_mixin.py:190} INFO - [2024-12-03T21:12:49.914+0700] {dag.py:4180} INFO - Setting next_dagrun for example_setup_teardown_taskflow to None, run_after=None
[2024-12-03T21:12:49.930+0700] {processor.py:208} INFO - Processing /home/tedubuamo/project/venv/lib/python3.12/site-packages/airflow/example_dags/example_setup_teardown_taskflow.py took 0.052 seconds
[2024-12-03T21:12:57.534+0700] {processor.py:186} INFO - Started process (PID=3138) to work on /home/tedubuamo/project/venv/lib/python3.12/site-packages/airflow/example_dags/example_setup_teardown_taskflow.py
[2024-12-03T21:12:57.534+0700] {processor.py:914} INFO - Processing file /home/tedubuamo/project/venv/lib/python3.12/site-packages/airflow/example_dags/example_setup_teardown_taskflow.py for tasks to queue
[2024-12-03T21:12:57.536+0700] {logging_mixin.py:190} INFO - [2024-12-03T21:12:57.536+0700] {dagbag.py:588} INFO - Filling up the DagBag from /home/tedubuamo/project/venv/lib/python3.12/site-packages/airflow/example_dags/example_setup_teardown_taskflow.py
[2024-12-03T21:12:57.548+0700] {processor.py:925} INFO - DAG(s) 'example_setup_teardown_taskflow' retrieved from /home/tedubuamo/project/venv/lib/python3.12/site-packages/airflow/example_dags/example_setup_teardown_taskflow.py
[2024-12-03T21:12:57.570+0700] {logging_mixin.py:190} INFO - [2024-12-03T21:12:57.570+0700] {dag.py:3239} INFO - Sync 1 DAGs
[2024-12-03T21:12:57.582+0700] {logging_mixin.py:190} INFO - [2024-12-03T21:12:57.582+0700] {dag.py:4180} INFO - Setting next_dagrun for example_setup_teardown_taskflow to None, run_after=None
[2024-12-03T21:12:57.606+0700] {processor.py:208} INFO - Processing /home/tedubuamo/project/venv/lib/python3.12/site-packages/airflow/example_dags/example_setup_teardown_taskflow.py took 0.077 seconds
[2024-12-03T21:13:41.723+0700] {processor.py:186} INFO - Started process (PID=3228) to work on /home/tedubuamo/project/venv/lib/python3.12/site-packages/airflow/example_dags/example_setup_teardown_taskflow.py
[2024-12-03T21:13:41.724+0700] {processor.py:914} INFO - Processing file /home/tedubuamo/project/venv/lib/python3.12/site-packages/airflow/example_dags/example_setup_teardown_taskflow.py for tasks to queue
[2024-12-03T21:13:41.726+0700] {logging_mixin.py:190} INFO - [2024-12-03T21:13:41.725+0700] {dagbag.py:588} INFO - Filling up the DagBag from /home/tedubuamo/project/venv/lib/python3.12/site-packages/airflow/example_dags/example_setup_teardown_taskflow.py
[2024-12-03T21:13:41.735+0700] {processor.py:925} INFO - DAG(s) 'example_setup_teardown_taskflow' retrieved from /home/tedubuamo/project/venv/lib/python3.12/site-packages/airflow/example_dags/example_setup_teardown_taskflow.py
[2024-12-03T21:13:41.748+0700] {logging_mixin.py:190} INFO - [2024-12-03T21:13:41.748+0700] {dag.py:3239} INFO - Sync 1 DAGs
[2024-12-03T21:13:41.757+0700] {logging_mixin.py:190} INFO - [2024-12-03T21:13:41.757+0700] {dag.py:4180} INFO - Setting next_dagrun for example_setup_teardown_taskflow to None, run_after=None
[2024-12-03T21:13:41.775+0700] {processor.py:208} INFO - Processing /home/tedubuamo/project/venv/lib/python3.12/site-packages/airflow/example_dags/example_setup_teardown_taskflow.py took 0.056 seconds
[2024-12-03T21:13:49.328+0700] {processor.py:186} INFO - Started process (PID=3245) to work on /home/tedubuamo/project/venv/lib/python3.12/site-packages/airflow/example_dags/example_setup_teardown_taskflow.py
[2024-12-03T21:13:49.329+0700] {processor.py:914} INFO - Processing file /home/tedubuamo/project/venv/lib/python3.12/site-packages/airflow/example_dags/example_setup_teardown_taskflow.py for tasks to queue
[2024-12-03T21:13:49.330+0700] {logging_mixin.py:190} INFO - [2024-12-03T21:13:49.330+0700] {dagbag.py:588} INFO - Filling up the DagBag from /home/tedubuamo/project/venv/lib/python3.12/site-packages/airflow/example_dags/example_setup_teardown_taskflow.py
[2024-12-03T21:13:49.341+0700] {processor.py:925} INFO - DAG(s) 'example_setup_teardown_taskflow' retrieved from /home/tedubuamo/project/venv/lib/python3.12/site-packages/airflow/example_dags/example_setup_teardown_taskflow.py
[2024-12-03T21:13:49.353+0700] {logging_mixin.py:190} INFO - [2024-12-03T21:13:49.353+0700] {dag.py:3239} INFO - Sync 1 DAGs
[2024-12-03T21:13:49.362+0700] {logging_mixin.py:190} INFO - [2024-12-03T21:13:49.362+0700] {dag.py:4180} INFO - Setting next_dagrun for example_setup_teardown_taskflow to None, run_after=None
[2024-12-03T21:13:49.381+0700] {processor.py:208} INFO - Processing /home/tedubuamo/project/venv/lib/python3.12/site-packages/airflow/example_dags/example_setup_teardown_taskflow.py took 0.058 seconds
[2024-12-03T21:14:32.405+0700] {processor.py:186} INFO - Started process (PID=3333) to work on /home/tedubuamo/project/venv/lib/python3.12/site-packages/airflow/example_dags/example_setup_teardown_taskflow.py
[2024-12-03T21:14:32.406+0700] {processor.py:914} INFO - Processing file /home/tedubuamo/project/venv/lib/python3.12/site-packages/airflow/example_dags/example_setup_teardown_taskflow.py for tasks to queue
[2024-12-03T21:14:32.408+0700] {logging_mixin.py:190} INFO - [2024-12-03T21:14:32.407+0700] {dagbag.py:588} INFO - Filling up the DagBag from /home/tedubuamo/project/venv/lib/python3.12/site-packages/airflow/example_dags/example_setup_teardown_taskflow.py
[2024-12-03T21:14:32.415+0700] {processor.py:925} INFO - DAG(s) 'example_setup_teardown_taskflow' retrieved from /home/tedubuamo/project/venv/lib/python3.12/site-packages/airflow/example_dags/example_setup_teardown_taskflow.py
[2024-12-03T21:14:32.426+0700] {logging_mixin.py:190} INFO - [2024-12-03T21:14:32.426+0700] {dag.py:3239} INFO - Sync 1 DAGs
[2024-12-03T21:14:32.434+0700] {logging_mixin.py:190} INFO - [2024-12-03T21:14:32.434+0700] {dag.py:4180} INFO - Setting next_dagrun for example_setup_teardown_taskflow to None, run_after=None
[2024-12-03T21:14:32.451+0700] {processor.py:208} INFO - Processing /home/tedubuamo/project/venv/lib/python3.12/site-packages/airflow/example_dags/example_setup_teardown_taskflow.py took 0.050 seconds
[2024-12-03T21:14:39.920+0700] {processor.py:186} INFO - Started process (PID=3348) to work on /home/tedubuamo/project/venv/lib/python3.12/site-packages/airflow/example_dags/example_setup_teardown_taskflow.py
[2024-12-03T21:14:39.920+0700] {processor.py:914} INFO - Processing file /home/tedubuamo/project/venv/lib/python3.12/site-packages/airflow/example_dags/example_setup_teardown_taskflow.py for tasks to queue
[2024-12-03T21:14:39.922+0700] {logging_mixin.py:190} INFO - [2024-12-03T21:14:39.921+0700] {dagbag.py:588} INFO - Filling up the DagBag from /home/tedubuamo/project/venv/lib/python3.12/site-packages/airflow/example_dags/example_setup_teardown_taskflow.py
[2024-12-03T21:14:39.931+0700] {processor.py:925} INFO - DAG(s) 'example_setup_teardown_taskflow' retrieved from /home/tedubuamo/project/venv/lib/python3.12/site-packages/airflow/example_dags/example_setup_teardown_taskflow.py
[2024-12-03T21:14:39.943+0700] {logging_mixin.py:190} INFO - [2024-12-03T21:14:39.943+0700] {dag.py:3239} INFO - Sync 1 DAGs
[2024-12-03T21:14:39.952+0700] {logging_mixin.py:190} INFO - [2024-12-03T21:14:39.952+0700] {dag.py:4180} INFO - Setting next_dagrun for example_setup_teardown_taskflow to None, run_after=None
[2024-12-03T21:14:39.972+0700] {processor.py:208} INFO - Processing /home/tedubuamo/project/venv/lib/python3.12/site-packages/airflow/example_dags/example_setup_teardown_taskflow.py took 0.056 seconds
[2024-12-03T21:15:25.424+0700] {processor.py:186} INFO - Started process (PID=3443) to work on /home/tedubuamo/project/venv/lib/python3.12/site-packages/airflow/example_dags/example_setup_teardown_taskflow.py
[2024-12-03T21:15:25.426+0700] {processor.py:914} INFO - Processing file /home/tedubuamo/project/venv/lib/python3.12/site-packages/airflow/example_dags/example_setup_teardown_taskflow.py for tasks to queue
[2024-12-03T21:15:25.442+0700] {logging_mixin.py:190} INFO - [2024-12-03T21:15:25.430+0700] {dagbag.py:588} INFO - Filling up the DagBag from /home/tedubuamo/project/venv/lib/python3.12/site-packages/airflow/example_dags/example_setup_teardown_taskflow.py
[2024-12-03T21:15:25.599+0700] {processor.py:925} INFO - DAG(s) 'example_setup_teardown_taskflow' retrieved from /home/tedubuamo/project/venv/lib/python3.12/site-packages/airflow/example_dags/example_setup_teardown_taskflow.py
[2024-12-03T21:15:25.647+0700] {logging_mixin.py:190} INFO - [2024-12-03T21:15:25.646+0700] {dag.py:3239} INFO - Sync 1 DAGs
[2024-12-03T21:15:25.671+0700] {logging_mixin.py:190} INFO - [2024-12-03T21:15:25.671+0700] {dag.py:4180} INFO - Setting next_dagrun for example_setup_teardown_taskflow to None, run_after=None
[2024-12-03T21:15:25.706+0700] {processor.py:208} INFO - Processing /home/tedubuamo/project/venv/lib/python3.12/site-packages/airflow/example_dags/example_setup_teardown_taskflow.py took 0.334 seconds
[2024-12-03T21:15:30.029+0700] {processor.py:186} INFO - Started process (PID=3452) to work on /home/tedubuamo/project/venv/lib/python3.12/site-packages/airflow/example_dags/example_setup_teardown_taskflow.py
[2024-12-03T21:15:30.030+0700] {processor.py:914} INFO - Processing file /home/tedubuamo/project/venv/lib/python3.12/site-packages/airflow/example_dags/example_setup_teardown_taskflow.py for tasks to queue
[2024-12-03T21:15:30.032+0700] {logging_mixin.py:190} INFO - [2024-12-03T21:15:30.031+0700] {dagbag.py:588} INFO - Filling up the DagBag from /home/tedubuamo/project/venv/lib/python3.12/site-packages/airflow/example_dags/example_setup_teardown_taskflow.py
[2024-12-03T21:15:30.040+0700] {processor.py:925} INFO - DAG(s) 'example_setup_teardown_taskflow' retrieved from /home/tedubuamo/project/venv/lib/python3.12/site-packages/airflow/example_dags/example_setup_teardown_taskflow.py
[2024-12-03T21:15:30.054+0700] {logging_mixin.py:190} INFO - [2024-12-03T21:15:30.054+0700] {dag.py:3239} INFO - Sync 1 DAGs
[2024-12-03T21:15:30.063+0700] {logging_mixin.py:190} INFO - [2024-12-03T21:15:30.063+0700] {dag.py:4180} INFO - Setting next_dagrun for example_setup_teardown_taskflow to None, run_after=None
[2024-12-03T21:15:30.080+0700] {processor.py:208} INFO - Processing /home/tedubuamo/project/venv/lib/python3.12/site-packages/airflow/example_dags/example_setup_teardown_taskflow.py took 0.055 seconds
[2024-12-03T21:16:16.684+0700] {processor.py:186} INFO - Started process (PID=3557) to work on /home/tedubuamo/project/venv/lib/python3.12/site-packages/airflow/example_dags/example_setup_teardown_taskflow.py
[2024-12-03T21:16:16.685+0700] {processor.py:914} INFO - Processing file /home/tedubuamo/project/venv/lib/python3.12/site-packages/airflow/example_dags/example_setup_teardown_taskflow.py for tasks to queue
[2024-12-03T21:16:16.687+0700] {logging_mixin.py:190} INFO - [2024-12-03T21:16:16.687+0700] {dagbag.py:588} INFO - Filling up the DagBag from /home/tedubuamo/project/venv/lib/python3.12/site-packages/airflow/example_dags/example_setup_teardown_taskflow.py
[2024-12-03T21:16:16.695+0700] {processor.py:925} INFO - DAG(s) 'example_setup_teardown_taskflow' retrieved from /home/tedubuamo/project/venv/lib/python3.12/site-packages/airflow/example_dags/example_setup_teardown_taskflow.py
[2024-12-03T21:16:16.707+0700] {logging_mixin.py:190} INFO - [2024-12-03T21:16:16.707+0700] {dag.py:3239} INFO - Sync 1 DAGs
[2024-12-03T21:16:16.716+0700] {logging_mixin.py:190} INFO - [2024-12-03T21:16:16.716+0700] {dag.py:4180} INFO - Setting next_dagrun for example_setup_teardown_taskflow to None, run_after=None
[2024-12-03T21:16:16.734+0700] {processor.py:208} INFO - Processing /home/tedubuamo/project/venv/lib/python3.12/site-packages/airflow/example_dags/example_setup_teardown_taskflow.py took 0.055 seconds
[2024-12-03T21:16:21.502+0700] {processor.py:186} INFO - Started process (PID=3567) to work on /home/tedubuamo/project/venv/lib/python3.12/site-packages/airflow/example_dags/example_setup_teardown_taskflow.py
[2024-12-03T21:16:21.503+0700] {processor.py:914} INFO - Processing file /home/tedubuamo/project/venv/lib/python3.12/site-packages/airflow/example_dags/example_setup_teardown_taskflow.py for tasks to queue
[2024-12-03T21:16:21.504+0700] {logging_mixin.py:190} INFO - [2024-12-03T21:16:21.504+0700] {dagbag.py:588} INFO - Filling up the DagBag from /home/tedubuamo/project/venv/lib/python3.12/site-packages/airflow/example_dags/example_setup_teardown_taskflow.py
[2024-12-03T21:16:21.512+0700] {processor.py:925} INFO - DAG(s) 'example_setup_teardown_taskflow' retrieved from /home/tedubuamo/project/venv/lib/python3.12/site-packages/airflow/example_dags/example_setup_teardown_taskflow.py
[2024-12-03T21:16:21.524+0700] {logging_mixin.py:190} INFO - [2024-12-03T21:16:21.523+0700] {dag.py:3239} INFO - Sync 1 DAGs
[2024-12-03T21:16:21.535+0700] {logging_mixin.py:190} INFO - [2024-12-03T21:16:21.535+0700] {dag.py:4180} INFO - Setting next_dagrun for example_setup_teardown_taskflow to None, run_after=None
[2024-12-03T21:16:21.554+0700] {processor.py:208} INFO - Processing /home/tedubuamo/project/venv/lib/python3.12/site-packages/airflow/example_dags/example_setup_teardown_taskflow.py took 0.055 seconds
[2024-12-03T21:17:09.946+0700] {processor.py:186} INFO - Started process (PID=3694) to work on /home/tedubuamo/project/venv/lib/python3.12/site-packages/airflow/example_dags/example_setup_teardown_taskflow.py
[2024-12-03T21:17:09.948+0700] {processor.py:914} INFO - Processing file /home/tedubuamo/project/venv/lib/python3.12/site-packages/airflow/example_dags/example_setup_teardown_taskflow.py for tasks to queue
[2024-12-03T21:17:09.950+0700] {logging_mixin.py:190} INFO - [2024-12-03T21:17:09.950+0700] {dagbag.py:588} INFO - Filling up the DagBag from /home/tedubuamo/project/venv/lib/python3.12/site-packages/airflow/example_dags/example_setup_teardown_taskflow.py
[2024-12-03T21:17:09.962+0700] {processor.py:925} INFO - DAG(s) 'example_setup_teardown_taskflow' retrieved from /home/tedubuamo/project/venv/lib/python3.12/site-packages/airflow/example_dags/example_setup_teardown_taskflow.py
[2024-12-03T21:17:09.979+0700] {logging_mixin.py:190} INFO - [2024-12-03T21:17:09.978+0700] {dag.py:3239} INFO - Sync 1 DAGs
[2024-12-03T21:17:09.991+0700] {logging_mixin.py:190} INFO - [2024-12-03T21:17:09.991+0700] {dag.py:4180} INFO - Setting next_dagrun for example_setup_teardown_taskflow to None, run_after=None
[2024-12-03T21:17:10.019+0700] {processor.py:208} INFO - Processing /home/tedubuamo/project/venv/lib/python3.12/site-packages/airflow/example_dags/example_setup_teardown_taskflow.py took 0.079 seconds
[2024-12-03T21:17:11.772+0700] {processor.py:186} INFO - Started process (PID=3697) to work on /home/tedubuamo/project/venv/lib/python3.12/site-packages/airflow/example_dags/example_setup_teardown_taskflow.py
[2024-12-03T21:17:11.773+0700] {processor.py:914} INFO - Processing file /home/tedubuamo/project/venv/lib/python3.12/site-packages/airflow/example_dags/example_setup_teardown_taskflow.py for tasks to queue
[2024-12-03T21:17:11.775+0700] {logging_mixin.py:190} INFO - [2024-12-03T21:17:11.774+0700] {dagbag.py:588} INFO - Filling up the DagBag from /home/tedubuamo/project/venv/lib/python3.12/site-packages/airflow/example_dags/example_setup_teardown_taskflow.py
[2024-12-03T21:17:11.783+0700] {processor.py:925} INFO - DAG(s) 'example_setup_teardown_taskflow' retrieved from /home/tedubuamo/project/venv/lib/python3.12/site-packages/airflow/example_dags/example_setup_teardown_taskflow.py
[2024-12-03T21:17:11.794+0700] {logging_mixin.py:190} INFO - [2024-12-03T21:17:11.794+0700] {dag.py:3239} INFO - Sync 1 DAGs
[2024-12-03T21:17:11.802+0700] {logging_mixin.py:190} INFO - [2024-12-03T21:17:11.802+0700] {dag.py:4180} INFO - Setting next_dagrun for example_setup_teardown_taskflow to None, run_after=None
[2024-12-03T21:17:11.819+0700] {processor.py:208} INFO - Processing /home/tedubuamo/project/venv/lib/python3.12/site-packages/airflow/example_dags/example_setup_teardown_taskflow.py took 0.051 seconds
[2024-12-03T21:18:02.274+0700] {processor.py:186} INFO - Started process (PID=3817) to work on /home/tedubuamo/project/venv/lib/python3.12/site-packages/airflow/example_dags/example_setup_teardown_taskflow.py
[2024-12-03T21:18:02.278+0700] {processor.py:914} INFO - Processing file /home/tedubuamo/project/venv/lib/python3.12/site-packages/airflow/example_dags/example_setup_teardown_taskflow.py for tasks to queue
[2024-12-03T21:18:02.280+0700] {logging_mixin.py:190} INFO - [2024-12-03T21:18:02.279+0700] {dagbag.py:588} INFO - Filling up the DagBag from /home/tedubuamo/project/venv/lib/python3.12/site-packages/airflow/example_dags/example_setup_teardown_taskflow.py
[2024-12-03T21:18:02.291+0700] {processor.py:925} INFO - DAG(s) 'example_setup_teardown_taskflow' retrieved from /home/tedubuamo/project/venv/lib/python3.12/site-packages/airflow/example_dags/example_setup_teardown_taskflow.py
[2024-12-03T21:18:02.306+0700] {logging_mixin.py:190} INFO - [2024-12-03T21:18:02.306+0700] {dag.py:3239} INFO - Sync 1 DAGs
[2024-12-03T21:18:02.320+0700] {logging_mixin.py:190} INFO - [2024-12-03T21:18:02.319+0700] {dag.py:4180} INFO - Setting next_dagrun for example_setup_teardown_taskflow to None, run_after=None
[2024-12-03T21:18:02.342+0700] {processor.py:208} INFO - Processing /home/tedubuamo/project/venv/lib/python3.12/site-packages/airflow/example_dags/example_setup_teardown_taskflow.py took 0.075 seconds
[2024-12-03T21:18:03.226+0700] {processor.py:186} INFO - Started process (PID=3819) to work on /home/tedubuamo/project/venv/lib/python3.12/site-packages/airflow/example_dags/example_setup_teardown_taskflow.py
[2024-12-03T21:18:03.227+0700] {processor.py:914} INFO - Processing file /home/tedubuamo/project/venv/lib/python3.12/site-packages/airflow/example_dags/example_setup_teardown_taskflow.py for tasks to queue
[2024-12-03T21:18:03.229+0700] {logging_mixin.py:190} INFO - [2024-12-03T21:18:03.229+0700] {dagbag.py:588} INFO - Filling up the DagBag from /home/tedubuamo/project/venv/lib/python3.12/site-packages/airflow/example_dags/example_setup_teardown_taskflow.py
[2024-12-03T21:18:03.237+0700] {processor.py:925} INFO - DAG(s) 'example_setup_teardown_taskflow' retrieved from /home/tedubuamo/project/venv/lib/python3.12/site-packages/airflow/example_dags/example_setup_teardown_taskflow.py
[2024-12-03T21:18:03.250+0700] {logging_mixin.py:190} INFO - [2024-12-03T21:18:03.250+0700] {dag.py:3239} INFO - Sync 1 DAGs
[2024-12-03T21:18:03.259+0700] {logging_mixin.py:190} INFO - [2024-12-03T21:18:03.258+0700] {dag.py:4180} INFO - Setting next_dagrun for example_setup_teardown_taskflow to None, run_after=None
[2024-12-03T21:18:03.275+0700] {processor.py:208} INFO - Processing /home/tedubuamo/project/venv/lib/python3.12/site-packages/airflow/example_dags/example_setup_teardown_taskflow.py took 0.054 seconds
[2024-12-03T21:19:02.026+0700] {processor.py:186} INFO - Started process (PID=3938) to work on /home/tedubuamo/project/venv/lib/python3.12/site-packages/airflow/example_dags/example_setup_teardown_taskflow.py
[2024-12-03T21:19:02.037+0700] {processor.py:914} INFO - Processing file /home/tedubuamo/project/venv/lib/python3.12/site-packages/airflow/example_dags/example_setup_teardown_taskflow.py for tasks to queue
[2024-12-03T21:19:02.038+0700] {logging_mixin.py:190} INFO - [2024-12-03T21:19:02.038+0700] {dagbag.py:588} INFO - Filling up the DagBag from /home/tedubuamo/project/venv/lib/python3.12/site-packages/airflow/example_dags/example_setup_teardown_taskflow.py
[2024-12-03T21:19:02.047+0700] {processor.py:925} INFO - DAG(s) 'example_setup_teardown_taskflow' retrieved from /home/tedubuamo/project/venv/lib/python3.12/site-packages/airflow/example_dags/example_setup_teardown_taskflow.py
[2024-12-03T21:19:02.119+0700] {logging_mixin.py:190} INFO - [2024-12-03T21:19:02.119+0700] {dag.py:3239} INFO - Sync 1 DAGs
[2024-12-03T21:19:02.126+0700] {logging_mixin.py:190} INFO - [2024-12-03T21:19:02.126+0700] {dag.py:4180} INFO - Setting next_dagrun for example_setup_teardown_taskflow to None, run_after=None
[2024-12-03T21:19:02.158+0700] {processor.py:208} INFO - Processing /home/tedubuamo/project/venv/lib/python3.12/site-packages/airflow/example_dags/example_setup_teardown_taskflow.py took 0.136 seconds
[2024-12-03T21:19:59.982+0700] {processor.py:186} INFO - Started process (PID=4000) to work on /home/tedubuamo/project/venv/lib/python3.12/site-packages/airflow/example_dags/example_setup_teardown_taskflow.py
[2024-12-03T21:19:59.986+0700] {processor.py:914} INFO - Processing file /home/tedubuamo/project/venv/lib/python3.12/site-packages/airflow/example_dags/example_setup_teardown_taskflow.py for tasks to queue
[2024-12-03T21:19:59.988+0700] {logging_mixin.py:190} INFO - [2024-12-03T21:19:59.988+0700] {dagbag.py:588} INFO - Filling up the DagBag from /home/tedubuamo/project/venv/lib/python3.12/site-packages/airflow/example_dags/example_setup_teardown_taskflow.py
[2024-12-03T21:19:59.995+0700] {processor.py:925} INFO - DAG(s) 'example_setup_teardown_taskflow' retrieved from /home/tedubuamo/project/venv/lib/python3.12/site-packages/airflow/example_dags/example_setup_teardown_taskflow.py
[2024-12-03T21:20:00.006+0700] {logging_mixin.py:190} INFO - [2024-12-03T21:20:00.006+0700] {dag.py:3239} INFO - Sync 1 DAGs
[2024-12-03T21:20:00.018+0700] {logging_mixin.py:190} INFO - [2024-12-03T21:20:00.018+0700] {dag.py:4180} INFO - Setting next_dagrun for example_setup_teardown_taskflow to None, run_after=None
[2024-12-03T21:20:00.035+0700] {processor.py:208} INFO - Processing /home/tedubuamo/project/venv/lib/python3.12/site-packages/airflow/example_dags/example_setup_teardown_taskflow.py took 0.057 seconds
[2024-12-03T21:21:02.090+0700] {processor.py:186} INFO - Started process (PID=4103) to work on /home/tedubuamo/project/venv/lib/python3.12/site-packages/airflow/example_dags/example_setup_teardown_taskflow.py
[2024-12-03T21:21:02.093+0700] {processor.py:914} INFO - Processing file /home/tedubuamo/project/venv/lib/python3.12/site-packages/airflow/example_dags/example_setup_teardown_taskflow.py for tasks to queue
[2024-12-03T21:21:02.095+0700] {logging_mixin.py:190} INFO - [2024-12-03T21:21:02.095+0700] {dagbag.py:588} INFO - Filling up the DagBag from /home/tedubuamo/project/venv/lib/python3.12/site-packages/airflow/example_dags/example_setup_teardown_taskflow.py
[2024-12-03T21:21:02.103+0700] {processor.py:925} INFO - DAG(s) 'example_setup_teardown_taskflow' retrieved from /home/tedubuamo/project/venv/lib/python3.12/site-packages/airflow/example_dags/example_setup_teardown_taskflow.py
[2024-12-03T21:21:02.116+0700] {logging_mixin.py:190} INFO - [2024-12-03T21:21:02.116+0700] {dag.py:3239} INFO - Sync 1 DAGs
[2024-12-03T21:21:02.126+0700] {logging_mixin.py:190} INFO - [2024-12-03T21:21:02.126+0700] {dag.py:4180} INFO - Setting next_dagrun for example_setup_teardown_taskflow to None, run_after=None
[2024-12-03T21:21:02.144+0700] {processor.py:208} INFO - Processing /home/tedubuamo/project/venv/lib/python3.12/site-packages/airflow/example_dags/example_setup_teardown_taskflow.py took 0.059 seconds
[2024-12-03T21:21:57.656+0700] {processor.py:186} INFO - Started process (PID=4171) to work on /home/tedubuamo/project/venv/lib/python3.12/site-packages/airflow/example_dags/example_setup_teardown_taskflow.py
[2024-12-03T21:21:57.668+0700] {processor.py:914} INFO - Processing file /home/tedubuamo/project/venv/lib/python3.12/site-packages/airflow/example_dags/example_setup_teardown_taskflow.py for tasks to queue
[2024-12-03T21:21:57.670+0700] {logging_mixin.py:190} INFO - [2024-12-03T21:21:57.670+0700] {dagbag.py:588} INFO - Filling up the DagBag from /home/tedubuamo/project/venv/lib/python3.12/site-packages/airflow/example_dags/example_setup_teardown_taskflow.py
[2024-12-03T21:21:57.678+0700] {processor.py:925} INFO - DAG(s) 'example_setup_teardown_taskflow' retrieved from /home/tedubuamo/project/venv/lib/python3.12/site-packages/airflow/example_dags/example_setup_teardown_taskflow.py
[2024-12-03T21:21:57.689+0700] {logging_mixin.py:190} INFO - [2024-12-03T21:21:57.689+0700] {dag.py:3239} INFO - Sync 1 DAGs
[2024-12-03T21:21:57.700+0700] {logging_mixin.py:190} INFO - [2024-12-03T21:21:57.700+0700] {dag.py:4180} INFO - Setting next_dagrun for example_setup_teardown_taskflow to None, run_after=None
[2024-12-03T21:21:57.718+0700] {processor.py:208} INFO - Processing /home/tedubuamo/project/venv/lib/python3.12/site-packages/airflow/example_dags/example_setup_teardown_taskflow.py took 0.066 seconds
[2024-12-03T21:22:51.726+0700] {processor.py:186} INFO - Started process (PID=4259) to work on /home/tedubuamo/project/venv/lib/python3.12/site-packages/airflow/example_dags/example_setup_teardown_taskflow.py
[2024-12-03T21:22:51.730+0700] {processor.py:914} INFO - Processing file /home/tedubuamo/project/venv/lib/python3.12/site-packages/airflow/example_dags/example_setup_teardown_taskflow.py for tasks to queue
[2024-12-03T21:22:51.732+0700] {logging_mixin.py:190} INFO - [2024-12-03T21:22:51.731+0700] {dagbag.py:588} INFO - Filling up the DagBag from /home/tedubuamo/project/venv/lib/python3.12/site-packages/airflow/example_dags/example_setup_teardown_taskflow.py
[2024-12-03T21:22:51.740+0700] {processor.py:925} INFO - DAG(s) 'example_setup_teardown_taskflow' retrieved from /home/tedubuamo/project/venv/lib/python3.12/site-packages/airflow/example_dags/example_setup_teardown_taskflow.py
[2024-12-03T21:22:51.753+0700] {logging_mixin.py:190} INFO - [2024-12-03T21:22:51.752+0700] {dag.py:3239} INFO - Sync 1 DAGs
[2024-12-03T21:22:51.762+0700] {logging_mixin.py:190} INFO - [2024-12-03T21:22:51.762+0700] {dag.py:4180} INFO - Setting next_dagrun for example_setup_teardown_taskflow to None, run_after=None
[2024-12-03T21:22:51.780+0700] {processor.py:208} INFO - Processing /home/tedubuamo/project/venv/lib/python3.12/site-packages/airflow/example_dags/example_setup_teardown_taskflow.py took 0.057 seconds
[2024-12-03T21:23:42.508+0700] {processor.py:186} INFO - Started process (PID=4311) to work on /home/tedubuamo/project/venv/lib/python3.12/site-packages/airflow/example_dags/example_setup_teardown_taskflow.py
[2024-12-03T21:23:42.512+0700] {processor.py:914} INFO - Processing file /home/tedubuamo/project/venv/lib/python3.12/site-packages/airflow/example_dags/example_setup_teardown_taskflow.py for tasks to queue
[2024-12-03T21:23:42.514+0700] {logging_mixin.py:190} INFO - [2024-12-03T21:23:42.513+0700] {dagbag.py:588} INFO - Filling up the DagBag from /home/tedubuamo/project/venv/lib/python3.12/site-packages/airflow/example_dags/example_setup_teardown_taskflow.py
[2024-12-03T21:23:42.523+0700] {processor.py:925} INFO - DAG(s) 'example_setup_teardown_taskflow' retrieved from /home/tedubuamo/project/venv/lib/python3.12/site-packages/airflow/example_dags/example_setup_teardown_taskflow.py
[2024-12-03T21:23:42.536+0700] {logging_mixin.py:190} INFO - [2024-12-03T21:23:42.536+0700] {dag.py:3239} INFO - Sync 1 DAGs
[2024-12-03T21:23:42.546+0700] {logging_mixin.py:190} INFO - [2024-12-03T21:23:42.546+0700] {dag.py:4180} INFO - Setting next_dagrun for example_setup_teardown_taskflow to None, run_after=None
[2024-12-03T21:23:42.566+0700] {processor.py:208} INFO - Processing /home/tedubuamo/project/venv/lib/python3.12/site-packages/airflow/example_dags/example_setup_teardown_taskflow.py took 0.062 seconds
[2024-12-03T21:24:39.747+0700] {processor.py:186} INFO - Started process (PID=4390) to work on /home/tedubuamo/project/venv/lib/python3.12/site-packages/airflow/example_dags/example_setup_teardown_taskflow.py
[2024-12-03T21:24:39.750+0700] {processor.py:914} INFO - Processing file /home/tedubuamo/project/venv/lib/python3.12/site-packages/airflow/example_dags/example_setup_teardown_taskflow.py for tasks to queue
[2024-12-03T21:24:39.752+0700] {logging_mixin.py:190} INFO - [2024-12-03T21:24:39.752+0700] {dagbag.py:588} INFO - Filling up the DagBag from /home/tedubuamo/project/venv/lib/python3.12/site-packages/airflow/example_dags/example_setup_teardown_taskflow.py
[2024-12-03T21:24:39.760+0700] {processor.py:925} INFO - DAG(s) 'example_setup_teardown_taskflow' retrieved from /home/tedubuamo/project/venv/lib/python3.12/site-packages/airflow/example_dags/example_setup_teardown_taskflow.py
[2024-12-03T21:24:39.772+0700] {logging_mixin.py:190} INFO - [2024-12-03T21:24:39.772+0700] {dag.py:3239} INFO - Sync 1 DAGs
[2024-12-03T21:24:39.781+0700] {logging_mixin.py:190} INFO - [2024-12-03T21:24:39.781+0700] {dag.py:4180} INFO - Setting next_dagrun for example_setup_teardown_taskflow to None, run_after=None
[2024-12-03T21:24:39.800+0700] {processor.py:208} INFO - Processing /home/tedubuamo/project/venv/lib/python3.12/site-packages/airflow/example_dags/example_setup_teardown_taskflow.py took 0.057 seconds
[2024-12-03T21:25:34.472+0700] {processor.py:186} INFO - Started process (PID=4473) to work on /home/tedubuamo/project/venv/lib/python3.12/site-packages/airflow/example_dags/example_setup_teardown_taskflow.py
[2024-12-03T21:25:34.476+0700] {processor.py:914} INFO - Processing file /home/tedubuamo/project/venv/lib/python3.12/site-packages/airflow/example_dags/example_setup_teardown_taskflow.py for tasks to queue
[2024-12-03T21:25:34.477+0700] {logging_mixin.py:190} INFO - [2024-12-03T21:25:34.477+0700] {dagbag.py:588} INFO - Filling up the DagBag from /home/tedubuamo/project/venv/lib/python3.12/site-packages/airflow/example_dags/example_setup_teardown_taskflow.py
[2024-12-03T21:25:34.486+0700] {processor.py:925} INFO - DAG(s) 'example_setup_teardown_taskflow' retrieved from /home/tedubuamo/project/venv/lib/python3.12/site-packages/airflow/example_dags/example_setup_teardown_taskflow.py
[2024-12-03T21:25:34.499+0700] {logging_mixin.py:190} INFO - [2024-12-03T21:25:34.498+0700] {dag.py:3239} INFO - Sync 1 DAGs
[2024-12-03T21:25:34.511+0700] {logging_mixin.py:190} INFO - [2024-12-03T21:25:34.511+0700] {dag.py:4180} INFO - Setting next_dagrun for example_setup_teardown_taskflow to None, run_after=None
[2024-12-03T21:25:34.529+0700] {processor.py:208} INFO - Processing /home/tedubuamo/project/venv/lib/python3.12/site-packages/airflow/example_dags/example_setup_teardown_taskflow.py took 0.061 seconds
[2024-12-03T21:26:33.119+0700] {processor.py:186} INFO - Started process (PID=4534) to work on /home/tedubuamo/project/venv/lib/python3.12/site-packages/airflow/example_dags/example_setup_teardown_taskflow.py
[2024-12-03T21:26:33.123+0700] {processor.py:914} INFO - Processing file /home/tedubuamo/project/venv/lib/python3.12/site-packages/airflow/example_dags/example_setup_teardown_taskflow.py for tasks to queue
[2024-12-03T21:26:33.124+0700] {logging_mixin.py:190} INFO - [2024-12-03T21:26:33.124+0700] {dagbag.py:588} INFO - Filling up the DagBag from /home/tedubuamo/project/venv/lib/python3.12/site-packages/airflow/example_dags/example_setup_teardown_taskflow.py
[2024-12-03T21:26:33.133+0700] {processor.py:925} INFO - DAG(s) 'example_setup_teardown_taskflow' retrieved from /home/tedubuamo/project/venv/lib/python3.12/site-packages/airflow/example_dags/example_setup_teardown_taskflow.py
[2024-12-03T21:26:33.145+0700] {logging_mixin.py:190} INFO - [2024-12-03T21:26:33.144+0700] {dag.py:3239} INFO - Sync 1 DAGs
[2024-12-03T21:26:33.154+0700] {logging_mixin.py:190} INFO - [2024-12-03T21:26:33.153+0700] {dag.py:4180} INFO - Setting next_dagrun for example_setup_teardown_taskflow to None, run_after=None
[2024-12-03T21:26:33.173+0700] {processor.py:208} INFO - Processing /home/tedubuamo/project/venv/lib/python3.12/site-packages/airflow/example_dags/example_setup_teardown_taskflow.py took 0.058 seconds
[2024-12-03T21:27:22.665+0700] {processor.py:186} INFO - Started process (PID=4603) to work on /home/tedubuamo/project/venv/lib/python3.12/site-packages/airflow/example_dags/example_setup_teardown_taskflow.py
[2024-12-03T21:27:22.666+0700] {processor.py:914} INFO - Processing file /home/tedubuamo/project/venv/lib/python3.12/site-packages/airflow/example_dags/example_setup_teardown_taskflow.py for tasks to queue
[2024-12-03T21:27:22.668+0700] {logging_mixin.py:190} INFO - [2024-12-03T21:27:22.668+0700] {dagbag.py:588} INFO - Filling up the DagBag from /home/tedubuamo/project/venv/lib/python3.12/site-packages/airflow/example_dags/example_setup_teardown_taskflow.py
[2024-12-03T21:27:22.678+0700] {processor.py:925} INFO - DAG(s) 'example_setup_teardown_taskflow' retrieved from /home/tedubuamo/project/venv/lib/python3.12/site-packages/airflow/example_dags/example_setup_teardown_taskflow.py
[2024-12-03T21:27:22.693+0700] {logging_mixin.py:190} INFO - [2024-12-03T21:27:22.692+0700] {dag.py:3239} INFO - Sync 1 DAGs
[2024-12-03T21:27:22.703+0700] {logging_mixin.py:190} INFO - [2024-12-03T21:27:22.702+0700] {dag.py:4180} INFO - Setting next_dagrun for example_setup_teardown_taskflow to None, run_after=None
[2024-12-03T21:27:22.733+0700] {processor.py:208} INFO - Processing /home/tedubuamo/project/venv/lib/python3.12/site-packages/airflow/example_dags/example_setup_teardown_taskflow.py took 0.072 seconds
[2024-12-03T21:28:18.186+0700] {processor.py:186} INFO - Started process (PID=4665) to work on /home/tedubuamo/project/venv/lib/python3.12/site-packages/airflow/example_dags/example_setup_teardown_taskflow.py
[2024-12-03T21:28:18.189+0700] {processor.py:914} INFO - Processing file /home/tedubuamo/project/venv/lib/python3.12/site-packages/airflow/example_dags/example_setup_teardown_taskflow.py for tasks to queue
[2024-12-03T21:28:18.191+0700] {logging_mixin.py:190} INFO - [2024-12-03T21:28:18.191+0700] {dagbag.py:588} INFO - Filling up the DagBag from /home/tedubuamo/project/venv/lib/python3.12/site-packages/airflow/example_dags/example_setup_teardown_taskflow.py
[2024-12-03T21:28:18.199+0700] {processor.py:925} INFO - DAG(s) 'example_setup_teardown_taskflow' retrieved from /home/tedubuamo/project/venv/lib/python3.12/site-packages/airflow/example_dags/example_setup_teardown_taskflow.py
[2024-12-03T21:28:18.212+0700] {logging_mixin.py:190} INFO - [2024-12-03T21:28:18.212+0700] {dag.py:3239} INFO - Sync 1 DAGs
[2024-12-03T21:28:18.221+0700] {logging_mixin.py:190} INFO - [2024-12-03T21:28:18.221+0700] {dag.py:4180} INFO - Setting next_dagrun for example_setup_teardown_taskflow to None, run_after=None
[2024-12-03T21:28:18.240+0700] {processor.py:208} INFO - Processing /home/tedubuamo/project/venv/lib/python3.12/site-packages/airflow/example_dags/example_setup_teardown_taskflow.py took 0.059 seconds
[2024-12-03T21:29:12.866+0700] {processor.py:186} INFO - Started process (PID=4801) to work on /home/tedubuamo/project/venv/lib/python3.12/site-packages/airflow/example_dags/example_setup_teardown_taskflow.py
[2024-12-03T21:29:12.868+0700] {processor.py:914} INFO - Processing file /home/tedubuamo/project/venv/lib/python3.12/site-packages/airflow/example_dags/example_setup_teardown_taskflow.py for tasks to queue
[2024-12-03T21:29:12.871+0700] {logging_mixin.py:190} INFO - [2024-12-03T21:29:12.870+0700] {dagbag.py:588} INFO - Filling up the DagBag from /home/tedubuamo/project/venv/lib/python3.12/site-packages/airflow/example_dags/example_setup_teardown_taskflow.py
[2024-12-03T21:29:12.879+0700] {processor.py:925} INFO - DAG(s) 'example_setup_teardown_taskflow' retrieved from /home/tedubuamo/project/venv/lib/python3.12/site-packages/airflow/example_dags/example_setup_teardown_taskflow.py
[2024-12-03T21:29:12.892+0700] {logging_mixin.py:190} INFO - [2024-12-03T21:29:12.892+0700] {dag.py:3239} INFO - Sync 1 DAGs
[2024-12-03T21:29:12.902+0700] {logging_mixin.py:190} INFO - [2024-12-03T21:29:12.902+0700] {dag.py:4180} INFO - Setting next_dagrun for example_setup_teardown_taskflow to None, run_after=None
[2024-12-03T21:29:12.955+0700] {processor.py:208} INFO - Processing /home/tedubuamo/project/venv/lib/python3.12/site-packages/airflow/example_dags/example_setup_teardown_taskflow.py took 0.093 seconds
[2024-12-03T21:30:05.026+0700] {processor.py:186} INFO - Started process (PID=4860) to work on /home/tedubuamo/project/venv/lib/python3.12/site-packages/airflow/example_dags/example_setup_teardown_taskflow.py
[2024-12-03T21:30:05.030+0700] {processor.py:914} INFO - Processing file /home/tedubuamo/project/venv/lib/python3.12/site-packages/airflow/example_dags/example_setup_teardown_taskflow.py for tasks to queue
[2024-12-03T21:30:05.032+0700] {logging_mixin.py:190} INFO - [2024-12-03T21:30:05.031+0700] {dagbag.py:588} INFO - Filling up the DagBag from /home/tedubuamo/project/venv/lib/python3.12/site-packages/airflow/example_dags/example_setup_teardown_taskflow.py
[2024-12-03T21:30:05.039+0700] {processor.py:925} INFO - DAG(s) 'example_setup_teardown_taskflow' retrieved from /home/tedubuamo/project/venv/lib/python3.12/site-packages/airflow/example_dags/example_setup_teardown_taskflow.py
[2024-12-03T21:30:05.050+0700] {logging_mixin.py:190} INFO - [2024-12-03T21:30:05.050+0700] {dag.py:3239} INFO - Sync 1 DAGs
[2024-12-03T21:30:05.059+0700] {logging_mixin.py:190} INFO - [2024-12-03T21:30:05.058+0700] {dag.py:4180} INFO - Setting next_dagrun for example_setup_teardown_taskflow to None, run_after=None
[2024-12-03T21:30:05.076+0700] {processor.py:208} INFO - Processing /home/tedubuamo/project/venv/lib/python3.12/site-packages/airflow/example_dags/example_setup_teardown_taskflow.py took 0.054 seconds
[2024-12-03T21:31:01.019+0700] {processor.py:186} INFO - Started process (PID=4925) to work on /home/tedubuamo/project/venv/lib/python3.12/site-packages/airflow/example_dags/example_setup_teardown_taskflow.py
[2024-12-03T21:31:01.020+0700] {processor.py:914} INFO - Processing file /home/tedubuamo/project/venv/lib/python3.12/site-packages/airflow/example_dags/example_setup_teardown_taskflow.py for tasks to queue
[2024-12-03T21:31:01.022+0700] {logging_mixin.py:190} INFO - [2024-12-03T21:31:01.022+0700] {dagbag.py:588} INFO - Filling up the DagBag from /home/tedubuamo/project/venv/lib/python3.12/site-packages/airflow/example_dags/example_setup_teardown_taskflow.py
[2024-12-03T21:31:01.032+0700] {processor.py:925} INFO - DAG(s) 'example_setup_teardown_taskflow' retrieved from /home/tedubuamo/project/venv/lib/python3.12/site-packages/airflow/example_dags/example_setup_teardown_taskflow.py
[2024-12-03T21:31:01.047+0700] {logging_mixin.py:190} INFO - [2024-12-03T21:31:01.046+0700] {dag.py:3239} INFO - Sync 1 DAGs
[2024-12-03T21:31:01.059+0700] {logging_mixin.py:190} INFO - [2024-12-03T21:31:01.059+0700] {dag.py:4180} INFO - Setting next_dagrun for example_setup_teardown_taskflow to None, run_after=None
[2024-12-03T21:31:01.077+0700] {processor.py:208} INFO - Processing /home/tedubuamo/project/venv/lib/python3.12/site-packages/airflow/example_dags/example_setup_teardown_taskflow.py took 0.062 seconds
