[2024-12-03T20:57:44.773+0700] {processor.py:186} INFO - Started process (PID=1639) to work on /home/tedubuamo/project/venv/lib/python3.12/site-packages/airflow/example_dags/example_dynamic_task_mapping_with_no_taskflow_operators.py
[2024-12-03T20:57:44.774+0700] {processor.py:914} INFO - Processing file /home/tedubuamo/project/venv/lib/python3.12/site-packages/airflow/example_dags/example_dynamic_task_mapping_with_no_taskflow_operators.py for tasks to queue
[2024-12-03T20:57:44.775+0700] {logging_mixin.py:190} INFO - [2024-12-03T20:57:44.775+0700] {dagbag.py:588} INFO - Filling up the DagBag from /home/tedubuamo/project/venv/lib/python3.12/site-packages/airflow/example_dags/example_dynamic_task_mapping_with_no_taskflow_operators.py
[2024-12-03T20:57:44.781+0700] {processor.py:925} INFO - DAG(s) 'example_dynamic_task_mapping_with_no_taskflow_operators' retrieved from /home/tedubuamo/project/venv/lib/python3.12/site-packages/airflow/example_dags/example_dynamic_task_mapping_with_no_taskflow_operators.py
[2024-12-03T20:57:44.845+0700] {logging_mixin.py:190} INFO - [2024-12-03T20:57:44.845+0700] {dag.py:3239} INFO - Sync 1 DAGs
[2024-12-03T20:57:44.853+0700] {logging_mixin.py:190} INFO - [2024-12-03T20:57:44.853+0700] {dag.py:4180} INFO - Setting next_dagrun for example_dynamic_task_mapping_with_no_taskflow_operators to None, run_after=None
[2024-12-03T20:57:44.872+0700] {processor.py:208} INFO - Processing /home/tedubuamo/project/venv/lib/python3.12/site-packages/airflow/example_dags/example_dynamic_task_mapping_with_no_taskflow_operators.py took 0.104 seconds
[2024-12-03T20:58:42.820+0700] {processor.py:186} INFO - Started process (PID=1696) to work on /home/tedubuamo/project/venv/lib/python3.12/site-packages/airflow/example_dags/example_dynamic_task_mapping_with_no_taskflow_operators.py
[2024-12-03T20:58:42.824+0700] {processor.py:914} INFO - Processing file /home/tedubuamo/project/venv/lib/python3.12/site-packages/airflow/example_dags/example_dynamic_task_mapping_with_no_taskflow_operators.py for tasks to queue
[2024-12-03T20:58:42.826+0700] {logging_mixin.py:190} INFO - [2024-12-03T20:58:42.825+0700] {dagbag.py:588} INFO - Filling up the DagBag from /home/tedubuamo/project/venv/lib/python3.12/site-packages/airflow/example_dags/example_dynamic_task_mapping_with_no_taskflow_operators.py
[2024-12-03T20:58:42.831+0700] {processor.py:925} INFO - DAG(s) 'example_dynamic_task_mapping_with_no_taskflow_operators' retrieved from /home/tedubuamo/project/venv/lib/python3.12/site-packages/airflow/example_dags/example_dynamic_task_mapping_with_no_taskflow_operators.py
[2024-12-03T20:58:42.841+0700] {logging_mixin.py:190} INFO - [2024-12-03T20:58:42.841+0700] {dag.py:3239} INFO - Sync 1 DAGs
[2024-12-03T20:58:42.849+0700] {logging_mixin.py:190} INFO - [2024-12-03T20:58:42.849+0700] {dag.py:4180} INFO - Setting next_dagrun for example_dynamic_task_mapping_with_no_taskflow_operators to None, run_after=None
[2024-12-03T20:58:42.865+0700] {processor.py:208} INFO - Processing /home/tedubuamo/project/venv/lib/python3.12/site-packages/airflow/example_dags/example_dynamic_task_mapping_with_no_taskflow_operators.py took 0.048 seconds
[2024-12-03T20:59:37.077+0700] {processor.py:186} INFO - Started process (PID=1753) to work on /home/tedubuamo/project/venv/lib/python3.12/site-packages/airflow/example_dags/example_dynamic_task_mapping_with_no_taskflow_operators.py
[2024-12-03T20:59:37.078+0700] {processor.py:914} INFO - Processing file /home/tedubuamo/project/venv/lib/python3.12/site-packages/airflow/example_dags/example_dynamic_task_mapping_with_no_taskflow_operators.py for tasks to queue
[2024-12-03T20:59:37.080+0700] {logging_mixin.py:190} INFO - [2024-12-03T20:59:37.080+0700] {dagbag.py:588} INFO - Filling up the DagBag from /home/tedubuamo/project/venv/lib/python3.12/site-packages/airflow/example_dags/example_dynamic_task_mapping_with_no_taskflow_operators.py
[2024-12-03T20:59:37.086+0700] {processor.py:925} INFO - DAG(s) 'example_dynamic_task_mapping_with_no_taskflow_operators' retrieved from /home/tedubuamo/project/venv/lib/python3.12/site-packages/airflow/example_dags/example_dynamic_task_mapping_with_no_taskflow_operators.py
[2024-12-03T20:59:37.096+0700] {logging_mixin.py:190} INFO - [2024-12-03T20:59:37.096+0700] {dag.py:3239} INFO - Sync 1 DAGs
[2024-12-03T20:59:37.105+0700] {logging_mixin.py:190} INFO - [2024-12-03T20:59:37.104+0700] {dag.py:4180} INFO - Setting next_dagrun for example_dynamic_task_mapping_with_no_taskflow_operators to None, run_after=None
[2024-12-03T20:59:37.121+0700] {processor.py:208} INFO - Processing /home/tedubuamo/project/venv/lib/python3.12/site-packages/airflow/example_dags/example_dynamic_task_mapping_with_no_taskflow_operators.py took 0.048 seconds
[2024-12-03T21:00:31.178+0700] {processor.py:186} INFO - Started process (PID=1808) to work on /home/tedubuamo/project/venv/lib/python3.12/site-packages/airflow/example_dags/example_dynamic_task_mapping_with_no_taskflow_operators.py
[2024-12-03T21:00:31.181+0700] {processor.py:914} INFO - Processing file /home/tedubuamo/project/venv/lib/python3.12/site-packages/airflow/example_dags/example_dynamic_task_mapping_with_no_taskflow_operators.py for tasks to queue
[2024-12-03T21:00:31.183+0700] {logging_mixin.py:190} INFO - [2024-12-03T21:00:31.182+0700] {dagbag.py:588} INFO - Filling up the DagBag from /home/tedubuamo/project/venv/lib/python3.12/site-packages/airflow/example_dags/example_dynamic_task_mapping_with_no_taskflow_operators.py
[2024-12-03T21:00:31.189+0700] {processor.py:925} INFO - DAG(s) 'example_dynamic_task_mapping_with_no_taskflow_operators' retrieved from /home/tedubuamo/project/venv/lib/python3.12/site-packages/airflow/example_dags/example_dynamic_task_mapping_with_no_taskflow_operators.py
[2024-12-03T21:00:31.200+0700] {logging_mixin.py:190} INFO - [2024-12-03T21:00:31.199+0700] {dag.py:3239} INFO - Sync 1 DAGs
[2024-12-03T21:00:31.208+0700] {logging_mixin.py:190} INFO - [2024-12-03T21:00:31.208+0700] {dag.py:4180} INFO - Setting next_dagrun for example_dynamic_task_mapping_with_no_taskflow_operators to None, run_after=None
[2024-12-03T21:00:31.225+0700] {processor.py:208} INFO - Processing /home/tedubuamo/project/venv/lib/python3.12/site-packages/airflow/example_dags/example_dynamic_task_mapping_with_no_taskflow_operators.py took 0.051 seconds
[2024-12-03T21:01:19.924+0700] {processor.py:186} INFO - Started process (PID=1860) to work on /home/tedubuamo/project/venv/lib/python3.12/site-packages/airflow/example_dags/example_dynamic_task_mapping_with_no_taskflow_operators.py
[2024-12-03T21:01:19.927+0700] {processor.py:914} INFO - Processing file /home/tedubuamo/project/venv/lib/python3.12/site-packages/airflow/example_dags/example_dynamic_task_mapping_with_no_taskflow_operators.py for tasks to queue
[2024-12-03T21:01:19.928+0700] {logging_mixin.py:190} INFO - [2024-12-03T21:01:19.928+0700] {dagbag.py:588} INFO - Filling up the DagBag from /home/tedubuamo/project/venv/lib/python3.12/site-packages/airflow/example_dags/example_dynamic_task_mapping_with_no_taskflow_operators.py
[2024-12-03T21:01:19.934+0700] {processor.py:925} INFO - DAG(s) 'example_dynamic_task_mapping_with_no_taskflow_operators' retrieved from /home/tedubuamo/project/venv/lib/python3.12/site-packages/airflow/example_dags/example_dynamic_task_mapping_with_no_taskflow_operators.py
[2024-12-03T21:01:19.944+0700] {logging_mixin.py:190} INFO - [2024-12-03T21:01:19.944+0700] {dag.py:3239} INFO - Sync 1 DAGs
[2024-12-03T21:01:19.953+0700] {logging_mixin.py:190} INFO - [2024-12-03T21:01:19.952+0700] {dag.py:4180} INFO - Setting next_dagrun for example_dynamic_task_mapping_with_no_taskflow_operators to None, run_after=None
[2024-12-03T21:01:19.971+0700] {processor.py:208} INFO - Processing /home/tedubuamo/project/venv/lib/python3.12/site-packages/airflow/example_dags/example_dynamic_task_mapping_with_no_taskflow_operators.py took 0.052 seconds
[2024-12-03T21:05:12.219+0700] {processor.py:186} INFO - Started process (PID=2018) to work on /home/tedubuamo/project/venv/lib/python3.12/site-packages/airflow/example_dags/example_dynamic_task_mapping_with_no_taskflow_operators.py
[2024-12-03T21:05:12.223+0700] {processor.py:914} INFO - Processing file /home/tedubuamo/project/venv/lib/python3.12/site-packages/airflow/example_dags/example_dynamic_task_mapping_with_no_taskflow_operators.py for tasks to queue
[2024-12-03T21:05:12.225+0700] {logging_mixin.py:190} INFO - [2024-12-03T21:05:12.225+0700] {dagbag.py:588} INFO - Filling up the DagBag from /home/tedubuamo/project/venv/lib/python3.12/site-packages/airflow/example_dags/example_dynamic_task_mapping_with_no_taskflow_operators.py
[2024-12-03T21:05:12.235+0700] {processor.py:925} INFO - DAG(s) 'example_dynamic_task_mapping_with_no_taskflow_operators' retrieved from /home/tedubuamo/project/venv/lib/python3.12/site-packages/airflow/example_dags/example_dynamic_task_mapping_with_no_taskflow_operators.py
[2024-12-03T21:05:12.254+0700] {logging_mixin.py:190} INFO - [2024-12-03T21:05:12.253+0700] {dag.py:3239} INFO - Sync 1 DAGs
[2024-12-03T21:05:12.265+0700] {logging_mixin.py:190} INFO - [2024-12-03T21:05:12.265+0700] {dag.py:4180} INFO - Setting next_dagrun for example_dynamic_task_mapping_with_no_taskflow_operators to None, run_after=None
[2024-12-03T21:05:12.285+0700] {processor.py:208} INFO - Processing /home/tedubuamo/project/venv/lib/python3.12/site-packages/airflow/example_dags/example_dynamic_task_mapping_with_no_taskflow_operators.py took 0.072 seconds
[2024-12-03T21:06:06.539+0700] {processor.py:186} INFO - Started process (PID=2163) to work on /home/tedubuamo/project/venv/lib/python3.12/site-packages/airflow/example_dags/example_dynamic_task_mapping_with_no_taskflow_operators.py
[2024-12-03T21:06:06.542+0700] {processor.py:914} INFO - Processing file /home/tedubuamo/project/venv/lib/python3.12/site-packages/airflow/example_dags/example_dynamic_task_mapping_with_no_taskflow_operators.py for tasks to queue
[2024-12-03T21:06:06.544+0700] {logging_mixin.py:190} INFO - [2024-12-03T21:06:06.543+0700] {dagbag.py:588} INFO - Filling up the DagBag from /home/tedubuamo/project/venv/lib/python3.12/site-packages/airflow/example_dags/example_dynamic_task_mapping_with_no_taskflow_operators.py
[2024-12-03T21:06:06.550+0700] {processor.py:925} INFO - DAG(s) 'example_dynamic_task_mapping_with_no_taskflow_operators' retrieved from /home/tedubuamo/project/venv/lib/python3.12/site-packages/airflow/example_dags/example_dynamic_task_mapping_with_no_taskflow_operators.py
[2024-12-03T21:06:06.560+0700] {logging_mixin.py:190} INFO - [2024-12-03T21:06:06.560+0700] {dag.py:3239} INFO - Sync 1 DAGs
[2024-12-03T21:06:06.568+0700] {logging_mixin.py:190} INFO - [2024-12-03T21:06:06.568+0700] {dag.py:4180} INFO - Setting next_dagrun for example_dynamic_task_mapping_with_no_taskflow_operators to None, run_after=None
[2024-12-03T21:06:06.585+0700] {processor.py:208} INFO - Processing /home/tedubuamo/project/venv/lib/python3.12/site-packages/airflow/example_dags/example_dynamic_task_mapping_with_no_taskflow_operators.py took 0.051 seconds
[2024-12-03T21:06:08.588+0700] {processor.py:186} INFO - Started process (PID=2167) to work on /home/tedubuamo/project/venv/lib/python3.12/site-packages/airflow/example_dags/example_dynamic_task_mapping_with_no_taskflow_operators.py
[2024-12-03T21:06:08.591+0700] {processor.py:914} INFO - Processing file /home/tedubuamo/project/venv/lib/python3.12/site-packages/airflow/example_dags/example_dynamic_task_mapping_with_no_taskflow_operators.py for tasks to queue
[2024-12-03T21:06:08.593+0700] {logging_mixin.py:190} INFO - [2024-12-03T21:06:08.593+0700] {dagbag.py:588} INFO - Filling up the DagBag from /home/tedubuamo/project/venv/lib/python3.12/site-packages/airflow/example_dags/example_dynamic_task_mapping_with_no_taskflow_operators.py
[2024-12-03T21:06:08.599+0700] {processor.py:925} INFO - DAG(s) 'example_dynamic_task_mapping_with_no_taskflow_operators' retrieved from /home/tedubuamo/project/venv/lib/python3.12/site-packages/airflow/example_dags/example_dynamic_task_mapping_with_no_taskflow_operators.py
[2024-12-03T21:06:08.610+0700] {logging_mixin.py:190} INFO - [2024-12-03T21:06:08.610+0700] {dag.py:3239} INFO - Sync 1 DAGs
[2024-12-03T21:06:08.622+0700] {logging_mixin.py:190} INFO - [2024-12-03T21:06:08.621+0700] {dag.py:4180} INFO - Setting next_dagrun for example_dynamic_task_mapping_with_no_taskflow_operators to None, run_after=None
[2024-12-03T21:06:08.649+0700] {processor.py:208} INFO - Processing /home/tedubuamo/project/venv/lib/python3.12/site-packages/airflow/example_dags/example_dynamic_task_mapping_with_no_taskflow_operators.py took 0.066 seconds
[2024-12-03T21:07:03.368+0700] {processor.py:186} INFO - Started process (PID=2357) to work on /home/tedubuamo/project/venv/lib/python3.12/site-packages/airflow/example_dags/example_dynamic_task_mapping_with_no_taskflow_operators.py
[2024-12-03T21:07:03.369+0700] {processor.py:914} INFO - Processing file /home/tedubuamo/project/venv/lib/python3.12/site-packages/airflow/example_dags/example_dynamic_task_mapping_with_no_taskflow_operators.py for tasks to queue
[2024-12-03T21:07:03.371+0700] {logging_mixin.py:190} INFO - [2024-12-03T21:07:03.371+0700] {dagbag.py:588} INFO - Filling up the DagBag from /home/tedubuamo/project/venv/lib/python3.12/site-packages/airflow/example_dags/example_dynamic_task_mapping_with_no_taskflow_operators.py
[2024-12-03T21:07:03.380+0700] {processor.py:925} INFO - DAG(s) 'example_dynamic_task_mapping_with_no_taskflow_operators' retrieved from /home/tedubuamo/project/venv/lib/python3.12/site-packages/airflow/example_dags/example_dynamic_task_mapping_with_no_taskflow_operators.py
[2024-12-03T21:07:03.394+0700] {logging_mixin.py:190} INFO - [2024-12-03T21:07:03.393+0700] {dag.py:3239} INFO - Sync 1 DAGs
[2024-12-03T21:07:03.404+0700] {logging_mixin.py:190} INFO - [2024-12-03T21:07:03.404+0700] {dag.py:4180} INFO - Setting next_dagrun for example_dynamic_task_mapping_with_no_taskflow_operators to None, run_after=None
[2024-12-03T21:07:03.422+0700] {processor.py:208} INFO - Processing /home/tedubuamo/project/venv/lib/python3.12/site-packages/airflow/example_dags/example_dynamic_task_mapping_with_no_taskflow_operators.py took 0.060 seconds
[2024-12-03T21:07:03.659+0700] {processor.py:186} INFO - Started process (PID=2358) to work on /home/tedubuamo/project/venv/lib/python3.12/site-packages/airflow/example_dags/example_dynamic_task_mapping_with_no_taskflow_operators.py
[2024-12-03T21:07:03.660+0700] {processor.py:914} INFO - Processing file /home/tedubuamo/project/venv/lib/python3.12/site-packages/airflow/example_dags/example_dynamic_task_mapping_with_no_taskflow_operators.py for tasks to queue
[2024-12-03T21:07:03.662+0700] {logging_mixin.py:190} INFO - [2024-12-03T21:07:03.661+0700] {dagbag.py:588} INFO - Filling up the DagBag from /home/tedubuamo/project/venv/lib/python3.12/site-packages/airflow/example_dags/example_dynamic_task_mapping_with_no_taskflow_operators.py
[2024-12-03T21:07:03.669+0700] {processor.py:925} INFO - DAG(s) 'example_dynamic_task_mapping_with_no_taskflow_operators' retrieved from /home/tedubuamo/project/venv/lib/python3.12/site-packages/airflow/example_dags/example_dynamic_task_mapping_with_no_taskflow_operators.py
[2024-12-03T21:07:03.682+0700] {logging_mixin.py:190} INFO - [2024-12-03T21:07:03.682+0700] {dag.py:3239} INFO - Sync 1 DAGs
[2024-12-03T21:07:03.695+0700] {logging_mixin.py:190} INFO - [2024-12-03T21:07:03.694+0700] {dag.py:4180} INFO - Setting next_dagrun for example_dynamic_task_mapping_with_no_taskflow_operators to None, run_after=None
[2024-12-03T21:07:03.716+0700] {processor.py:208} INFO - Processing /home/tedubuamo/project/venv/lib/python3.12/site-packages/airflow/example_dags/example_dynamic_task_mapping_with_no_taskflow_operators.py took 0.062 seconds
[2024-12-03T21:07:55.099+0700] {processor.py:186} INFO - Started process (PID=2484) to work on /home/tedubuamo/project/venv/lib/python3.12/site-packages/airflow/example_dags/example_dynamic_task_mapping_with_no_taskflow_operators.py
[2024-12-03T21:07:55.100+0700] {processor.py:914} INFO - Processing file /home/tedubuamo/project/venv/lib/python3.12/site-packages/airflow/example_dags/example_dynamic_task_mapping_with_no_taskflow_operators.py for tasks to queue
[2024-12-03T21:07:55.103+0700] {logging_mixin.py:190} INFO - [2024-12-03T21:07:55.103+0700] {dagbag.py:588} INFO - Filling up the DagBag from /home/tedubuamo/project/venv/lib/python3.12/site-packages/airflow/example_dags/example_dynamic_task_mapping_with_no_taskflow_operators.py
[2024-12-03T21:07:55.111+0700] {processor.py:925} INFO - DAG(s) 'example_dynamic_task_mapping_with_no_taskflow_operators' retrieved from /home/tedubuamo/project/venv/lib/python3.12/site-packages/airflow/example_dags/example_dynamic_task_mapping_with_no_taskflow_operators.py
[2024-12-03T21:07:55.126+0700] {logging_mixin.py:190} INFO - [2024-12-03T21:07:55.126+0700] {dag.py:3239} INFO - Sync 1 DAGs
[2024-12-03T21:07:55.139+0700] {logging_mixin.py:190} INFO - [2024-12-03T21:07:55.139+0700] {dag.py:4180} INFO - Setting next_dagrun for example_dynamic_task_mapping_with_no_taskflow_operators to None, run_after=None
[2024-12-03T21:07:55.161+0700] {processor.py:208} INFO - Processing /home/tedubuamo/project/venv/lib/python3.12/site-packages/airflow/example_dags/example_dynamic_task_mapping_with_no_taskflow_operators.py took 0.067 seconds
[2024-12-03T21:07:57.902+0700] {processor.py:186} INFO - Started process (PID=2489) to work on /home/tedubuamo/project/venv/lib/python3.12/site-packages/airflow/example_dags/example_dynamic_task_mapping_with_no_taskflow_operators.py
[2024-12-03T21:07:57.902+0700] {processor.py:914} INFO - Processing file /home/tedubuamo/project/venv/lib/python3.12/site-packages/airflow/example_dags/example_dynamic_task_mapping_with_no_taskflow_operators.py for tasks to queue
[2024-12-03T21:07:57.904+0700] {logging_mixin.py:190} INFO - [2024-12-03T21:07:57.904+0700] {dagbag.py:588} INFO - Filling up the DagBag from /home/tedubuamo/project/venv/lib/python3.12/site-packages/airflow/example_dags/example_dynamic_task_mapping_with_no_taskflow_operators.py
[2024-12-03T21:07:57.910+0700] {processor.py:925} INFO - DAG(s) 'example_dynamic_task_mapping_with_no_taskflow_operators' retrieved from /home/tedubuamo/project/venv/lib/python3.12/site-packages/airflow/example_dags/example_dynamic_task_mapping_with_no_taskflow_operators.py
[2024-12-03T21:07:57.921+0700] {logging_mixin.py:190} INFO - [2024-12-03T21:07:57.921+0700] {dag.py:3239} INFO - Sync 1 DAGs
[2024-12-03T21:07:57.930+0700] {logging_mixin.py:190} INFO - [2024-12-03T21:07:57.930+0700] {dag.py:4180} INFO - Setting next_dagrun for example_dynamic_task_mapping_with_no_taskflow_operators to None, run_after=None
[2024-12-03T21:07:57.947+0700] {processor.py:208} INFO - Processing /home/tedubuamo/project/venv/lib/python3.12/site-packages/airflow/example_dags/example_dynamic_task_mapping_with_no_taskflow_operators.py took 0.050 seconds
[2024-12-03T21:08:48.588+0700] {processor.py:186} INFO - Started process (PID=2592) to work on /home/tedubuamo/project/venv/lib/python3.12/site-packages/airflow/example_dags/example_dynamic_task_mapping_with_no_taskflow_operators.py
[2024-12-03T21:08:48.589+0700] {processor.py:914} INFO - Processing file /home/tedubuamo/project/venv/lib/python3.12/site-packages/airflow/example_dags/example_dynamic_task_mapping_with_no_taskflow_operators.py for tasks to queue
[2024-12-03T21:08:48.591+0700] {logging_mixin.py:190} INFO - [2024-12-03T21:08:48.591+0700] {dagbag.py:588} INFO - Filling up the DagBag from /home/tedubuamo/project/venv/lib/python3.12/site-packages/airflow/example_dags/example_dynamic_task_mapping_with_no_taskflow_operators.py
[2024-12-03T21:08:48.600+0700] {processor.py:925} INFO - DAG(s) 'example_dynamic_task_mapping_with_no_taskflow_operators' retrieved from /home/tedubuamo/project/venv/lib/python3.12/site-packages/airflow/example_dags/example_dynamic_task_mapping_with_no_taskflow_operators.py
[2024-12-03T21:08:48.614+0700] {logging_mixin.py:190} INFO - [2024-12-03T21:08:48.614+0700] {dag.py:3239} INFO - Sync 1 DAGs
[2024-12-03T21:08:48.627+0700] {logging_mixin.py:190} INFO - [2024-12-03T21:08:48.627+0700] {dag.py:4180} INFO - Setting next_dagrun for example_dynamic_task_mapping_with_no_taskflow_operators to None, run_after=None
[2024-12-03T21:08:48.649+0700] {processor.py:208} INFO - Processing /home/tedubuamo/project/venv/lib/python3.12/site-packages/airflow/example_dags/example_dynamic_task_mapping_with_no_taskflow_operators.py took 0.066 seconds
[2024-12-03T21:08:49.794+0700] {processor.py:186} INFO - Started process (PID=2594) to work on /home/tedubuamo/project/venv/lib/python3.12/site-packages/airflow/example_dags/example_dynamic_task_mapping_with_no_taskflow_operators.py
[2024-12-03T21:08:49.795+0700] {processor.py:914} INFO - Processing file /home/tedubuamo/project/venv/lib/python3.12/site-packages/airflow/example_dags/example_dynamic_task_mapping_with_no_taskflow_operators.py for tasks to queue
[2024-12-03T21:08:49.797+0700] {logging_mixin.py:190} INFO - [2024-12-03T21:08:49.797+0700] {dagbag.py:588} INFO - Filling up the DagBag from /home/tedubuamo/project/venv/lib/python3.12/site-packages/airflow/example_dags/example_dynamic_task_mapping_with_no_taskflow_operators.py
[2024-12-03T21:08:49.804+0700] {processor.py:925} INFO - DAG(s) 'example_dynamic_task_mapping_with_no_taskflow_operators' retrieved from /home/tedubuamo/project/venv/lib/python3.12/site-packages/airflow/example_dags/example_dynamic_task_mapping_with_no_taskflow_operators.py
[2024-12-03T21:08:49.818+0700] {logging_mixin.py:190} INFO - [2024-12-03T21:08:49.818+0700] {dag.py:3239} INFO - Sync 1 DAGs
[2024-12-03T21:08:49.829+0700] {logging_mixin.py:190} INFO - [2024-12-03T21:08:49.828+0700] {dag.py:4180} INFO - Setting next_dagrun for example_dynamic_task_mapping_with_no_taskflow_operators to None, run_after=None
[2024-12-03T21:08:49.869+0700] {processor.py:208} INFO - Processing /home/tedubuamo/project/venv/lib/python3.12/site-packages/airflow/example_dags/example_dynamic_task_mapping_with_no_taskflow_operators.py took 0.081 seconds
[2024-12-03T21:09:39.738+0700] {processor.py:186} INFO - Started process (PID=2697) to work on /home/tedubuamo/project/venv/lib/python3.12/site-packages/airflow/example_dags/example_dynamic_task_mapping_with_no_taskflow_operators.py
[2024-12-03T21:09:39.741+0700] {processor.py:914} INFO - Processing file /home/tedubuamo/project/venv/lib/python3.12/site-packages/airflow/example_dags/example_dynamic_task_mapping_with_no_taskflow_operators.py for tasks to queue
[2024-12-03T21:09:39.746+0700] {logging_mixin.py:190} INFO - [2024-12-03T21:09:39.745+0700] {dagbag.py:588} INFO - Filling up the DagBag from /home/tedubuamo/project/venv/lib/python3.12/site-packages/airflow/example_dags/example_dynamic_task_mapping_with_no_taskflow_operators.py
[2024-12-03T21:09:39.765+0700] {processor.py:925} INFO - DAG(s) 'example_dynamic_task_mapping_with_no_taskflow_operators' retrieved from /home/tedubuamo/project/venv/lib/python3.12/site-packages/airflow/example_dags/example_dynamic_task_mapping_with_no_taskflow_operators.py
[2024-12-03T21:09:39.784+0700] {logging_mixin.py:190} INFO - [2024-12-03T21:09:39.783+0700] {dag.py:3239} INFO - Sync 1 DAGs
[2024-12-03T21:09:39.796+0700] {logging_mixin.py:190} INFO - [2024-12-03T21:09:39.796+0700] {dag.py:4180} INFO - Setting next_dagrun for example_dynamic_task_mapping_with_no_taskflow_operators to None, run_after=None
[2024-12-03T21:09:39.817+0700] {processor.py:208} INFO - Processing /home/tedubuamo/project/venv/lib/python3.12/site-packages/airflow/example_dags/example_dynamic_task_mapping_with_no_taskflow_operators.py took 0.089 seconds
[2024-12-03T21:09:41.425+0700] {processor.py:186} INFO - Started process (PID=2700) to work on /home/tedubuamo/project/venv/lib/python3.12/site-packages/airflow/example_dags/example_dynamic_task_mapping_with_no_taskflow_operators.py
[2024-12-03T21:09:41.426+0700] {processor.py:914} INFO - Processing file /home/tedubuamo/project/venv/lib/python3.12/site-packages/airflow/example_dags/example_dynamic_task_mapping_with_no_taskflow_operators.py for tasks to queue
[2024-12-03T21:09:41.427+0700] {logging_mixin.py:190} INFO - [2024-12-03T21:09:41.427+0700] {dagbag.py:588} INFO - Filling up the DagBag from /home/tedubuamo/project/venv/lib/python3.12/site-packages/airflow/example_dags/example_dynamic_task_mapping_with_no_taskflow_operators.py
[2024-12-03T21:09:41.436+0700] {processor.py:925} INFO - DAG(s) 'example_dynamic_task_mapping_with_no_taskflow_operators' retrieved from /home/tedubuamo/project/venv/lib/python3.12/site-packages/airflow/example_dags/example_dynamic_task_mapping_with_no_taskflow_operators.py
[2024-12-03T21:09:41.450+0700] {logging_mixin.py:190} INFO - [2024-12-03T21:09:41.450+0700] {dag.py:3239} INFO - Sync 1 DAGs
[2024-12-03T21:09:41.460+0700] {logging_mixin.py:190} INFO - [2024-12-03T21:09:41.460+0700] {dag.py:4180} INFO - Setting next_dagrun for example_dynamic_task_mapping_with_no_taskflow_operators to None, run_after=None
[2024-12-03T21:09:41.481+0700] {processor.py:208} INFO - Processing /home/tedubuamo/project/venv/lib/python3.12/site-packages/airflow/example_dags/example_dynamic_task_mapping_with_no_taskflow_operators.py took 0.061 seconds
[2024-12-03T21:10:32.203+0700] {processor.py:186} INFO - Started process (PID=2806) to work on /home/tedubuamo/project/venv/lib/python3.12/site-packages/airflow/example_dags/example_dynamic_task_mapping_with_no_taskflow_operators.py
[2024-12-03T21:10:32.206+0700] {processor.py:914} INFO - Processing file /home/tedubuamo/project/venv/lib/python3.12/site-packages/airflow/example_dags/example_dynamic_task_mapping_with_no_taskflow_operators.py for tasks to queue
[2024-12-03T21:10:32.208+0700] {logging_mixin.py:190} INFO - [2024-12-03T21:10:32.208+0700] {dagbag.py:588} INFO - Filling up the DagBag from /home/tedubuamo/project/venv/lib/python3.12/site-packages/airflow/example_dags/example_dynamic_task_mapping_with_no_taskflow_operators.py
[2024-12-03T21:10:32.214+0700] {processor.py:925} INFO - DAG(s) 'example_dynamic_task_mapping_with_no_taskflow_operators' retrieved from /home/tedubuamo/project/venv/lib/python3.12/site-packages/airflow/example_dags/example_dynamic_task_mapping_with_no_taskflow_operators.py
[2024-12-03T21:10:32.225+0700] {logging_mixin.py:190} INFO - [2024-12-03T21:10:32.224+0700] {dag.py:3239} INFO - Sync 1 DAGs
[2024-12-03T21:10:32.233+0700] {logging_mixin.py:190} INFO - [2024-12-03T21:10:32.233+0700] {dag.py:4180} INFO - Setting next_dagrun for example_dynamic_task_mapping_with_no_taskflow_operators to None, run_after=None
[2024-12-03T21:10:32.250+0700] {processor.py:208} INFO - Processing /home/tedubuamo/project/venv/lib/python3.12/site-packages/airflow/example_dags/example_dynamic_task_mapping_with_no_taskflow_operators.py took 0.051 seconds
[2024-12-03T21:10:32.967+0700] {processor.py:186} INFO - Started process (PID=2807) to work on /home/tedubuamo/project/venv/lib/python3.12/site-packages/airflow/example_dags/example_dynamic_task_mapping_with_no_taskflow_operators.py
[2024-12-03T21:10:32.968+0700] {processor.py:914} INFO - Processing file /home/tedubuamo/project/venv/lib/python3.12/site-packages/airflow/example_dags/example_dynamic_task_mapping_with_no_taskflow_operators.py for tasks to queue
[2024-12-03T21:10:32.970+0700] {logging_mixin.py:190} INFO - [2024-12-03T21:10:32.969+0700] {dagbag.py:588} INFO - Filling up the DagBag from /home/tedubuamo/project/venv/lib/python3.12/site-packages/airflow/example_dags/example_dynamic_task_mapping_with_no_taskflow_operators.py
[2024-12-03T21:10:32.978+0700] {processor.py:925} INFO - DAG(s) 'example_dynamic_task_mapping_with_no_taskflow_operators' retrieved from /home/tedubuamo/project/venv/lib/python3.12/site-packages/airflow/example_dags/example_dynamic_task_mapping_with_no_taskflow_operators.py
[2024-12-03T21:10:32.990+0700] {logging_mixin.py:190} INFO - [2024-12-03T21:10:32.990+0700] {dag.py:3239} INFO - Sync 1 DAGs
[2024-12-03T21:10:33.000+0700] {logging_mixin.py:190} INFO - [2024-12-03T21:10:33.000+0700] {dag.py:4180} INFO - Setting next_dagrun for example_dynamic_task_mapping_with_no_taskflow_operators to None, run_after=None
[2024-12-03T21:10:33.019+0700] {processor.py:208} INFO - Processing /home/tedubuamo/project/venv/lib/python3.12/site-packages/airflow/example_dags/example_dynamic_task_mapping_with_no_taskflow_operators.py took 0.058 seconds
[2024-12-03T21:11:24.913+0700] {processor.py:186} INFO - Started process (PID=2913) to work on /home/tedubuamo/project/venv/lib/python3.12/site-packages/airflow/example_dags/example_dynamic_task_mapping_with_no_taskflow_operators.py
[2024-12-03T21:11:24.914+0700] {processor.py:914} INFO - Processing file /home/tedubuamo/project/venv/lib/python3.12/site-packages/airflow/example_dags/example_dynamic_task_mapping_with_no_taskflow_operators.py for tasks to queue
[2024-12-03T21:11:24.916+0700] {logging_mixin.py:190} INFO - [2024-12-03T21:11:24.915+0700] {dagbag.py:588} INFO - Filling up the DagBag from /home/tedubuamo/project/venv/lib/python3.12/site-packages/airflow/example_dags/example_dynamic_task_mapping_with_no_taskflow_operators.py
[2024-12-03T21:11:24.923+0700] {processor.py:925} INFO - DAG(s) 'example_dynamic_task_mapping_with_no_taskflow_operators' retrieved from /home/tedubuamo/project/venv/lib/python3.12/site-packages/airflow/example_dags/example_dynamic_task_mapping_with_no_taskflow_operators.py
[2024-12-03T21:11:24.935+0700] {logging_mixin.py:190} INFO - [2024-12-03T21:11:24.935+0700] {dag.py:3239} INFO - Sync 1 DAGs
[2024-12-03T21:11:24.947+0700] {logging_mixin.py:190} INFO - [2024-12-03T21:11:24.947+0700] {dag.py:4180} INFO - Setting next_dagrun for example_dynamic_task_mapping_with_no_taskflow_operators to None, run_after=None
[2024-12-03T21:11:24.968+0700] {processor.py:208} INFO - Processing /home/tedubuamo/project/venv/lib/python3.12/site-packages/airflow/example_dags/example_dynamic_task_mapping_with_no_taskflow_operators.py took 0.058 seconds
[2024-12-03T21:11:26.656+0700] {processor.py:186} INFO - Started process (PID=2916) to work on /home/tedubuamo/project/venv/lib/python3.12/site-packages/airflow/example_dags/example_dynamic_task_mapping_with_no_taskflow_operators.py
[2024-12-03T21:11:26.658+0700] {processor.py:914} INFO - Processing file /home/tedubuamo/project/venv/lib/python3.12/site-packages/airflow/example_dags/example_dynamic_task_mapping_with_no_taskflow_operators.py for tasks to queue
[2024-12-03T21:11:26.659+0700] {logging_mixin.py:190} INFO - [2024-12-03T21:11:26.659+0700] {dagbag.py:588} INFO - Filling up the DagBag from /home/tedubuamo/project/venv/lib/python3.12/site-packages/airflow/example_dags/example_dynamic_task_mapping_with_no_taskflow_operators.py
[2024-12-03T21:11:26.666+0700] {processor.py:925} INFO - DAG(s) 'example_dynamic_task_mapping_with_no_taskflow_operators' retrieved from /home/tedubuamo/project/venv/lib/python3.12/site-packages/airflow/example_dags/example_dynamic_task_mapping_with_no_taskflow_operators.py
[2024-12-03T21:11:26.676+0700] {logging_mixin.py:190} INFO - [2024-12-03T21:11:26.676+0700] {dag.py:3239} INFO - Sync 1 DAGs
[2024-12-03T21:11:26.686+0700] {logging_mixin.py:190} INFO - [2024-12-03T21:11:26.686+0700] {dag.py:4180} INFO - Setting next_dagrun for example_dynamic_task_mapping_with_no_taskflow_operators to None, run_after=None
[2024-12-03T21:11:26.710+0700] {processor.py:208} INFO - Processing /home/tedubuamo/project/venv/lib/python3.12/site-packages/airflow/example_dags/example_dynamic_task_mapping_with_no_taskflow_operators.py took 0.058 seconds
[2024-12-03T21:12:16.669+0700] {processor.py:186} INFO - Started process (PID=3043) to work on /home/tedubuamo/project/venv/lib/python3.12/site-packages/airflow/example_dags/example_dynamic_task_mapping_with_no_taskflow_operators.py
[2024-12-03T21:12:16.671+0700] {processor.py:914} INFO - Processing file /home/tedubuamo/project/venv/lib/python3.12/site-packages/airflow/example_dags/example_dynamic_task_mapping_with_no_taskflow_operators.py for tasks to queue
[2024-12-03T21:12:16.673+0700] {logging_mixin.py:190} INFO - [2024-12-03T21:12:16.673+0700] {dagbag.py:588} INFO - Filling up the DagBag from /home/tedubuamo/project/venv/lib/python3.12/site-packages/airflow/example_dags/example_dynamic_task_mapping_with_no_taskflow_operators.py
[2024-12-03T21:12:16.685+0700] {processor.py:925} INFO - DAG(s) 'example_dynamic_task_mapping_with_no_taskflow_operators' retrieved from /home/tedubuamo/project/venv/lib/python3.12/site-packages/airflow/example_dags/example_dynamic_task_mapping_with_no_taskflow_operators.py
[2024-12-03T21:12:16.706+0700] {logging_mixin.py:190} INFO - [2024-12-03T21:12:16.705+0700] {dag.py:3239} INFO - Sync 1 DAGs
[2024-12-03T21:12:16.719+0700] {logging_mixin.py:190} INFO - [2024-12-03T21:12:16.719+0700] {dag.py:4180} INFO - Setting next_dagrun for example_dynamic_task_mapping_with_no_taskflow_operators to None, run_after=None
[2024-12-03T21:12:16.744+0700] {processor.py:208} INFO - Processing /home/tedubuamo/project/venv/lib/python3.12/site-packages/airflow/example_dags/example_dynamic_task_mapping_with_no_taskflow_operators.py took 0.081 seconds
[2024-12-03T21:12:21.635+0700] {processor.py:186} INFO - Started process (PID=3055) to work on /home/tedubuamo/project/venv/lib/python3.12/site-packages/airflow/example_dags/example_dynamic_task_mapping_with_no_taskflow_operators.py
[2024-12-03T21:12:21.636+0700] {processor.py:914} INFO - Processing file /home/tedubuamo/project/venv/lib/python3.12/site-packages/airflow/example_dags/example_dynamic_task_mapping_with_no_taskflow_operators.py for tasks to queue
[2024-12-03T21:12:21.637+0700] {logging_mixin.py:190} INFO - [2024-12-03T21:12:21.637+0700] {dagbag.py:588} INFO - Filling up the DagBag from /home/tedubuamo/project/venv/lib/python3.12/site-packages/airflow/example_dags/example_dynamic_task_mapping_with_no_taskflow_operators.py
[2024-12-03T21:12:21.644+0700] {processor.py:925} INFO - DAG(s) 'example_dynamic_task_mapping_with_no_taskflow_operators' retrieved from /home/tedubuamo/project/venv/lib/python3.12/site-packages/airflow/example_dags/example_dynamic_task_mapping_with_no_taskflow_operators.py
[2024-12-03T21:12:21.655+0700] {logging_mixin.py:190} INFO - [2024-12-03T21:12:21.655+0700] {dag.py:3239} INFO - Sync 1 DAGs
[2024-12-03T21:12:21.666+0700] {logging_mixin.py:190} INFO - [2024-12-03T21:12:21.666+0700] {dag.py:4180} INFO - Setting next_dagrun for example_dynamic_task_mapping_with_no_taskflow_operators to None, run_after=None
[2024-12-03T21:12:21.685+0700] {processor.py:208} INFO - Processing /home/tedubuamo/project/venv/lib/python3.12/site-packages/airflow/example_dags/example_dynamic_task_mapping_with_no_taskflow_operators.py took 0.054 seconds
[2024-12-03T21:13:06.071+0700] {processor.py:186} INFO - Started process (PID=3155) to work on /home/tedubuamo/project/venv/lib/python3.12/site-packages/airflow/example_dags/example_dynamic_task_mapping_with_no_taskflow_operators.py
[2024-12-03T21:13:06.075+0700] {processor.py:914} INFO - Processing file /home/tedubuamo/project/venv/lib/python3.12/site-packages/airflow/example_dags/example_dynamic_task_mapping_with_no_taskflow_operators.py for tasks to queue
[2024-12-03T21:13:06.077+0700] {logging_mixin.py:190} INFO - [2024-12-03T21:13:06.077+0700] {dagbag.py:588} INFO - Filling up the DagBag from /home/tedubuamo/project/venv/lib/python3.12/site-packages/airflow/example_dags/example_dynamic_task_mapping_with_no_taskflow_operators.py
[2024-12-03T21:13:06.083+0700] {processor.py:925} INFO - DAG(s) 'example_dynamic_task_mapping_with_no_taskflow_operators' retrieved from /home/tedubuamo/project/venv/lib/python3.12/site-packages/airflow/example_dags/example_dynamic_task_mapping_with_no_taskflow_operators.py
[2024-12-03T21:13:06.093+0700] {logging_mixin.py:190} INFO - [2024-12-03T21:13:06.093+0700] {dag.py:3239} INFO - Sync 1 DAGs
[2024-12-03T21:13:06.102+0700] {logging_mixin.py:190} INFO - [2024-12-03T21:13:06.101+0700] {dag.py:4180} INFO - Setting next_dagrun for example_dynamic_task_mapping_with_no_taskflow_operators to None, run_after=None
[2024-12-03T21:13:06.118+0700] {processor.py:208} INFO - Processing /home/tedubuamo/project/venv/lib/python3.12/site-packages/airflow/example_dags/example_dynamic_task_mapping_with_no_taskflow_operators.py took 0.051 seconds
[2024-12-03T21:13:14.853+0700] {processor.py:186} INFO - Started process (PID=3172) to work on /home/tedubuamo/project/venv/lib/python3.12/site-packages/airflow/example_dags/example_dynamic_task_mapping_with_no_taskflow_operators.py
[2024-12-03T21:13:14.854+0700] {processor.py:914} INFO - Processing file /home/tedubuamo/project/venv/lib/python3.12/site-packages/airflow/example_dags/example_dynamic_task_mapping_with_no_taskflow_operators.py for tasks to queue
[2024-12-03T21:13:14.855+0700] {logging_mixin.py:190} INFO - [2024-12-03T21:13:14.855+0700] {dagbag.py:588} INFO - Filling up the DagBag from /home/tedubuamo/project/venv/lib/python3.12/site-packages/airflow/example_dags/example_dynamic_task_mapping_with_no_taskflow_operators.py
[2024-12-03T21:13:14.862+0700] {processor.py:925} INFO - DAG(s) 'example_dynamic_task_mapping_with_no_taskflow_operators' retrieved from /home/tedubuamo/project/venv/lib/python3.12/site-packages/airflow/example_dags/example_dynamic_task_mapping_with_no_taskflow_operators.py
[2024-12-03T21:13:14.872+0700] {logging_mixin.py:190} INFO - [2024-12-03T21:13:14.872+0700] {dag.py:3239} INFO - Sync 1 DAGs
[2024-12-03T21:13:14.881+0700] {logging_mixin.py:190} INFO - [2024-12-03T21:13:14.881+0700] {dag.py:4180} INFO - Setting next_dagrun for example_dynamic_task_mapping_with_no_taskflow_operators to None, run_after=None
[2024-12-03T21:13:14.900+0700] {processor.py:208} INFO - Processing /home/tedubuamo/project/venv/lib/python3.12/site-packages/airflow/example_dags/example_dynamic_task_mapping_with_no_taskflow_operators.py took 0.052 seconds
[2024-12-03T21:13:57.588+0700] {processor.py:186} INFO - Started process (PID=3264) to work on /home/tedubuamo/project/venv/lib/python3.12/site-packages/airflow/example_dags/example_dynamic_task_mapping_with_no_taskflow_operators.py
[2024-12-03T21:13:57.603+0700] {processor.py:914} INFO - Processing file /home/tedubuamo/project/venv/lib/python3.12/site-packages/airflow/example_dags/example_dynamic_task_mapping_with_no_taskflow_operators.py for tasks to queue
[2024-12-03T21:13:57.605+0700] {logging_mixin.py:190} INFO - [2024-12-03T21:13:57.605+0700] {dagbag.py:588} INFO - Filling up the DagBag from /home/tedubuamo/project/venv/lib/python3.12/site-packages/airflow/example_dags/example_dynamic_task_mapping_with_no_taskflow_operators.py
[2024-12-03T21:13:57.611+0700] {processor.py:925} INFO - DAG(s) 'example_dynamic_task_mapping_with_no_taskflow_operators' retrieved from /home/tedubuamo/project/venv/lib/python3.12/site-packages/airflow/example_dags/example_dynamic_task_mapping_with_no_taskflow_operators.py
[2024-12-03T21:13:57.621+0700] {logging_mixin.py:190} INFO - [2024-12-03T21:13:57.621+0700] {dag.py:3239} INFO - Sync 1 DAGs
[2024-12-03T21:13:57.630+0700] {logging_mixin.py:190} INFO - [2024-12-03T21:13:57.630+0700] {dag.py:4180} INFO - Setting next_dagrun for example_dynamic_task_mapping_with_no_taskflow_operators to None, run_after=None
[2024-12-03T21:13:57.647+0700] {processor.py:208} INFO - Processing /home/tedubuamo/project/venv/lib/python3.12/site-packages/airflow/example_dags/example_dynamic_task_mapping_with_no_taskflow_operators.py took 0.063 seconds
[2024-12-03T21:14:06.248+0700] {processor.py:186} INFO - Started process (PID=3280) to work on /home/tedubuamo/project/venv/lib/python3.12/site-packages/airflow/example_dags/example_dynamic_task_mapping_with_no_taskflow_operators.py
[2024-12-03T21:14:06.249+0700] {processor.py:914} INFO - Processing file /home/tedubuamo/project/venv/lib/python3.12/site-packages/airflow/example_dags/example_dynamic_task_mapping_with_no_taskflow_operators.py for tasks to queue
[2024-12-03T21:14:06.250+0700] {logging_mixin.py:190} INFO - [2024-12-03T21:14:06.250+0700] {dagbag.py:588} INFO - Filling up the DagBag from /home/tedubuamo/project/venv/lib/python3.12/site-packages/airflow/example_dags/example_dynamic_task_mapping_with_no_taskflow_operators.py
[2024-12-03T21:14:06.259+0700] {processor.py:925} INFO - DAG(s) 'example_dynamic_task_mapping_with_no_taskflow_operators' retrieved from /home/tedubuamo/project/venv/lib/python3.12/site-packages/airflow/example_dags/example_dynamic_task_mapping_with_no_taskflow_operators.py
[2024-12-03T21:14:06.272+0700] {logging_mixin.py:190} INFO - [2024-12-03T21:14:06.272+0700] {dag.py:3239} INFO - Sync 1 DAGs
[2024-12-03T21:14:06.288+0700] {logging_mixin.py:190} INFO - [2024-12-03T21:14:06.287+0700] {dag.py:4180} INFO - Setting next_dagrun for example_dynamic_task_mapping_with_no_taskflow_operators to None, run_after=None
[2024-12-03T21:14:06.310+0700] {processor.py:208} INFO - Processing /home/tedubuamo/project/venv/lib/python3.12/site-packages/airflow/example_dags/example_dynamic_task_mapping_with_no_taskflow_operators.py took 0.067 seconds
[2024-12-03T21:14:50.254+0700] {processor.py:186} INFO - Started process (PID=3372) to work on /home/tedubuamo/project/venv/lib/python3.12/site-packages/airflow/example_dags/example_dynamic_task_mapping_with_no_taskflow_operators.py
[2024-12-03T21:14:50.257+0700] {processor.py:914} INFO - Processing file /home/tedubuamo/project/venv/lib/python3.12/site-packages/airflow/example_dags/example_dynamic_task_mapping_with_no_taskflow_operators.py for tasks to queue
[2024-12-03T21:14:50.259+0700] {logging_mixin.py:190} INFO - [2024-12-03T21:14:50.259+0700] {dagbag.py:588} INFO - Filling up the DagBag from /home/tedubuamo/project/venv/lib/python3.12/site-packages/airflow/example_dags/example_dynamic_task_mapping_with_no_taskflow_operators.py
[2024-12-03T21:14:50.265+0700] {processor.py:925} INFO - DAG(s) 'example_dynamic_task_mapping_with_no_taskflow_operators' retrieved from /home/tedubuamo/project/venv/lib/python3.12/site-packages/airflow/example_dags/example_dynamic_task_mapping_with_no_taskflow_operators.py
[2024-12-03T21:14:50.275+0700] {logging_mixin.py:190} INFO - [2024-12-03T21:14:50.275+0700] {dag.py:3239} INFO - Sync 1 DAGs
[2024-12-03T21:14:50.283+0700] {logging_mixin.py:190} INFO - [2024-12-03T21:14:50.283+0700] {dag.py:4180} INFO - Setting next_dagrun for example_dynamic_task_mapping_with_no_taskflow_operators to None, run_after=None
[2024-12-03T21:14:50.299+0700] {processor.py:208} INFO - Processing /home/tedubuamo/project/venv/lib/python3.12/site-packages/airflow/example_dags/example_dynamic_task_mapping_with_no_taskflow_operators.py took 0.049 seconds
[2024-12-03T21:14:56.779+0700] {processor.py:186} INFO - Started process (PID=3386) to work on /home/tedubuamo/project/venv/lib/python3.12/site-packages/airflow/example_dags/example_dynamic_task_mapping_with_no_taskflow_operators.py
[2024-12-03T21:14:56.780+0700] {processor.py:914} INFO - Processing file /home/tedubuamo/project/venv/lib/python3.12/site-packages/airflow/example_dags/example_dynamic_task_mapping_with_no_taskflow_operators.py for tasks to queue
[2024-12-03T21:14:56.781+0700] {logging_mixin.py:190} INFO - [2024-12-03T21:14:56.781+0700] {dagbag.py:588} INFO - Filling up the DagBag from /home/tedubuamo/project/venv/lib/python3.12/site-packages/airflow/example_dags/example_dynamic_task_mapping_with_no_taskflow_operators.py
[2024-12-03T21:14:56.787+0700] {processor.py:925} INFO - DAG(s) 'example_dynamic_task_mapping_with_no_taskflow_operators' retrieved from /home/tedubuamo/project/venv/lib/python3.12/site-packages/airflow/example_dags/example_dynamic_task_mapping_with_no_taskflow_operators.py
[2024-12-03T21:14:56.797+0700] {logging_mixin.py:190} INFO - [2024-12-03T21:14:56.796+0700] {dag.py:3239} INFO - Sync 1 DAGs
[2024-12-03T21:14:56.806+0700] {logging_mixin.py:190} INFO - [2024-12-03T21:14:56.806+0700] {dag.py:4180} INFO - Setting next_dagrun for example_dynamic_task_mapping_with_no_taskflow_operators to None, run_after=None
[2024-12-03T21:14:56.823+0700] {processor.py:208} INFO - Processing /home/tedubuamo/project/venv/lib/python3.12/site-packages/airflow/example_dags/example_dynamic_task_mapping_with_no_taskflow_operators.py took 0.047 seconds
[2024-12-03T21:15:40.541+0700] {processor.py:186} INFO - Started process (PID=3474) to work on /home/tedubuamo/project/venv/lib/python3.12/site-packages/airflow/example_dags/example_dynamic_task_mapping_with_no_taskflow_operators.py
[2024-12-03T21:15:40.542+0700] {processor.py:914} INFO - Processing file /home/tedubuamo/project/venv/lib/python3.12/site-packages/airflow/example_dags/example_dynamic_task_mapping_with_no_taskflow_operators.py for tasks to queue
[2024-12-03T21:15:40.543+0700] {logging_mixin.py:190} INFO - [2024-12-03T21:15:40.543+0700] {dagbag.py:588} INFO - Filling up the DagBag from /home/tedubuamo/project/venv/lib/python3.12/site-packages/airflow/example_dags/example_dynamic_task_mapping_with_no_taskflow_operators.py
[2024-12-03T21:15:40.550+0700] {processor.py:925} INFO - DAG(s) 'example_dynamic_task_mapping_with_no_taskflow_operators' retrieved from /home/tedubuamo/project/venv/lib/python3.12/site-packages/airflow/example_dags/example_dynamic_task_mapping_with_no_taskflow_operators.py
[2024-12-03T21:15:40.561+0700] {logging_mixin.py:190} INFO - [2024-12-03T21:15:40.561+0700] {dag.py:3239} INFO - Sync 1 DAGs
[2024-12-03T21:15:40.571+0700] {logging_mixin.py:190} INFO - [2024-12-03T21:15:40.571+0700] {dag.py:4180} INFO - Setting next_dagrun for example_dynamic_task_mapping_with_no_taskflow_operators to None, run_after=None
[2024-12-03T21:15:40.588+0700] {processor.py:208} INFO - Processing /home/tedubuamo/project/venv/lib/python3.12/site-packages/airflow/example_dags/example_dynamic_task_mapping_with_no_taskflow_operators.py took 0.053 seconds
[2024-12-03T21:15:45.485+0700] {processor.py:186} INFO - Started process (PID=3485) to work on /home/tedubuamo/project/venv/lib/python3.12/site-packages/airflow/example_dags/example_dynamic_task_mapping_with_no_taskflow_operators.py
[2024-12-03T21:15:45.486+0700] {processor.py:914} INFO - Processing file /home/tedubuamo/project/venv/lib/python3.12/site-packages/airflow/example_dags/example_dynamic_task_mapping_with_no_taskflow_operators.py for tasks to queue
[2024-12-03T21:15:45.487+0700] {logging_mixin.py:190} INFO - [2024-12-03T21:15:45.487+0700] {dagbag.py:588} INFO - Filling up the DagBag from /home/tedubuamo/project/venv/lib/python3.12/site-packages/airflow/example_dags/example_dynamic_task_mapping_with_no_taskflow_operators.py
[2024-12-03T21:15:45.496+0700] {processor.py:925} INFO - DAG(s) 'example_dynamic_task_mapping_with_no_taskflow_operators' retrieved from /home/tedubuamo/project/venv/lib/python3.12/site-packages/airflow/example_dags/example_dynamic_task_mapping_with_no_taskflow_operators.py
[2024-12-03T21:15:45.514+0700] {logging_mixin.py:190} INFO - [2024-12-03T21:15:45.514+0700] {dag.py:3239} INFO - Sync 1 DAGs
[2024-12-03T21:15:45.525+0700] {logging_mixin.py:190} INFO - [2024-12-03T21:15:45.525+0700] {dag.py:4180} INFO - Setting next_dagrun for example_dynamic_task_mapping_with_no_taskflow_operators to None, run_after=None
[2024-12-03T21:15:45.544+0700] {processor.py:208} INFO - Processing /home/tedubuamo/project/venv/lib/python3.12/site-packages/airflow/example_dags/example_dynamic_task_mapping_with_no_taskflow_operators.py took 0.070 seconds
[2024-12-03T21:16:31.932+0700] {processor.py:186} INFO - Started process (PID=3589) to work on /home/tedubuamo/project/venv/lib/python3.12/site-packages/airflow/example_dags/example_dynamic_task_mapping_with_no_taskflow_operators.py
[2024-12-03T21:16:31.933+0700] {processor.py:914} INFO - Processing file /home/tedubuamo/project/venv/lib/python3.12/site-packages/airflow/example_dags/example_dynamic_task_mapping_with_no_taskflow_operators.py for tasks to queue
[2024-12-03T21:16:31.935+0700] {logging_mixin.py:190} INFO - [2024-12-03T21:16:31.935+0700] {dagbag.py:588} INFO - Filling up the DagBag from /home/tedubuamo/project/venv/lib/python3.12/site-packages/airflow/example_dags/example_dynamic_task_mapping_with_no_taskflow_operators.py
[2024-12-03T21:16:31.943+0700] {processor.py:925} INFO - DAG(s) 'example_dynamic_task_mapping_with_no_taskflow_operators' retrieved from /home/tedubuamo/project/venv/lib/python3.12/site-packages/airflow/example_dags/example_dynamic_task_mapping_with_no_taskflow_operators.py
[2024-12-03T21:16:31.957+0700] {logging_mixin.py:190} INFO - [2024-12-03T21:16:31.957+0700] {dag.py:3239} INFO - Sync 1 DAGs
[2024-12-03T21:16:31.967+0700] {logging_mixin.py:190} INFO - [2024-12-03T21:16:31.966+0700] {dag.py:4180} INFO - Setting next_dagrun for example_dynamic_task_mapping_with_no_taskflow_operators to None, run_after=None
[2024-12-03T21:16:31.985+0700] {processor.py:208} INFO - Processing /home/tedubuamo/project/venv/lib/python3.12/site-packages/airflow/example_dags/example_dynamic_task_mapping_with_no_taskflow_operators.py took 0.057 seconds
[2024-12-03T21:16:38.069+0700] {processor.py:186} INFO - Started process (PID=3611) to work on /home/tedubuamo/project/venv/lib/python3.12/site-packages/airflow/example_dags/example_dynamic_task_mapping_with_no_taskflow_operators.py
[2024-12-03T21:16:38.069+0700] {processor.py:914} INFO - Processing file /home/tedubuamo/project/venv/lib/python3.12/site-packages/airflow/example_dags/example_dynamic_task_mapping_with_no_taskflow_operators.py for tasks to queue
[2024-12-03T21:16:38.071+0700] {logging_mixin.py:190} INFO - [2024-12-03T21:16:38.071+0700] {dagbag.py:588} INFO - Filling up the DagBag from /home/tedubuamo/project/venv/lib/python3.12/site-packages/airflow/example_dags/example_dynamic_task_mapping_with_no_taskflow_operators.py
[2024-12-03T21:16:38.077+0700] {processor.py:925} INFO - DAG(s) 'example_dynamic_task_mapping_with_no_taskflow_operators' retrieved from /home/tedubuamo/project/venv/lib/python3.12/site-packages/airflow/example_dags/example_dynamic_task_mapping_with_no_taskflow_operators.py
[2024-12-03T21:16:38.090+0700] {logging_mixin.py:190} INFO - [2024-12-03T21:16:38.090+0700] {dag.py:3239} INFO - Sync 1 DAGs
[2024-12-03T21:16:38.099+0700] {logging_mixin.py:190} INFO - [2024-12-03T21:16:38.098+0700] {dag.py:4180} INFO - Setting next_dagrun for example_dynamic_task_mapping_with_no_taskflow_operators to None, run_after=None
[2024-12-03T21:16:38.115+0700] {processor.py:208} INFO - Processing /home/tedubuamo/project/venv/lib/python3.12/site-packages/airflow/example_dags/example_dynamic_task_mapping_with_no_taskflow_operators.py took 0.050 seconds
[2024-12-03T21:17:26.526+0700] {processor.py:186} INFO - Started process (PID=3739) to work on /home/tedubuamo/project/venv/lib/python3.12/site-packages/airflow/example_dags/example_dynamic_task_mapping_with_no_taskflow_operators.py
[2024-12-03T21:17:26.527+0700] {processor.py:914} INFO - Processing file /home/tedubuamo/project/venv/lib/python3.12/site-packages/airflow/example_dags/example_dynamic_task_mapping_with_no_taskflow_operators.py for tasks to queue
[2024-12-03T21:17:26.528+0700] {logging_mixin.py:190} INFO - [2024-12-03T21:17:26.528+0700] {dagbag.py:588} INFO - Filling up the DagBag from /home/tedubuamo/project/venv/lib/python3.12/site-packages/airflow/example_dags/example_dynamic_task_mapping_with_no_taskflow_operators.py
[2024-12-03T21:17:26.535+0700] {processor.py:925} INFO - DAG(s) 'example_dynamic_task_mapping_with_no_taskflow_operators' retrieved from /home/tedubuamo/project/venv/lib/python3.12/site-packages/airflow/example_dags/example_dynamic_task_mapping_with_no_taskflow_operators.py
[2024-12-03T21:17:26.545+0700] {logging_mixin.py:190} INFO - [2024-12-03T21:17:26.544+0700] {dag.py:3239} INFO - Sync 1 DAGs
[2024-12-03T21:17:26.553+0700] {logging_mixin.py:190} INFO - [2024-12-03T21:17:26.553+0700] {dag.py:4180} INFO - Setting next_dagrun for example_dynamic_task_mapping_with_no_taskflow_operators to None, run_after=None
[2024-12-03T21:17:26.569+0700] {processor.py:208} INFO - Processing /home/tedubuamo/project/venv/lib/python3.12/site-packages/airflow/example_dags/example_dynamic_task_mapping_with_no_taskflow_operators.py took 0.048 seconds
[2024-12-03T21:17:27.304+0700] {processor.py:186} INFO - Started process (PID=3740) to work on /home/tedubuamo/project/venv/lib/python3.12/site-packages/airflow/example_dags/example_dynamic_task_mapping_with_no_taskflow_operators.py
[2024-12-03T21:17:27.304+0700] {processor.py:914} INFO - Processing file /home/tedubuamo/project/venv/lib/python3.12/site-packages/airflow/example_dags/example_dynamic_task_mapping_with_no_taskflow_operators.py for tasks to queue
[2024-12-03T21:17:27.306+0700] {logging_mixin.py:190} INFO - [2024-12-03T21:17:27.306+0700] {dagbag.py:588} INFO - Filling up the DagBag from /home/tedubuamo/project/venv/lib/python3.12/site-packages/airflow/example_dags/example_dynamic_task_mapping_with_no_taskflow_operators.py
[2024-12-03T21:17:27.313+0700] {processor.py:925} INFO - DAG(s) 'example_dynamic_task_mapping_with_no_taskflow_operators' retrieved from /home/tedubuamo/project/venv/lib/python3.12/site-packages/airflow/example_dags/example_dynamic_task_mapping_with_no_taskflow_operators.py
[2024-12-03T21:17:27.324+0700] {logging_mixin.py:190} INFO - [2024-12-03T21:17:27.324+0700] {dag.py:3239} INFO - Sync 1 DAGs
[2024-12-03T21:17:27.334+0700] {logging_mixin.py:190} INFO - [2024-12-03T21:17:27.334+0700] {dag.py:4180} INFO - Setting next_dagrun for example_dynamic_task_mapping_with_no_taskflow_operators to None, run_after=None
[2024-12-03T21:17:27.350+0700] {processor.py:208} INFO - Processing /home/tedubuamo/project/venv/lib/python3.12/site-packages/airflow/example_dags/example_dynamic_task_mapping_with_no_taskflow_operators.py took 0.050 seconds
[2024-12-03T21:19:12.093+0700] {processor.py:186} INFO - Started process (PID=3951) to work on /home/tedubuamo/project/venv/lib/python3.12/site-packages/airflow/example_dags/example_dynamic_task_mapping_with_no_taskflow_operators.py
[2024-12-03T21:19:12.097+0700] {processor.py:914} INFO - Processing file /home/tedubuamo/project/venv/lib/python3.12/site-packages/airflow/example_dags/example_dynamic_task_mapping_with_no_taskflow_operators.py for tasks to queue
[2024-12-03T21:19:12.098+0700] {logging_mixin.py:190} INFO - [2024-12-03T21:19:12.098+0700] {dagbag.py:588} INFO - Filling up the DagBag from /home/tedubuamo/project/venv/lib/python3.12/site-packages/airflow/example_dags/example_dynamic_task_mapping_with_no_taskflow_operators.py
[2024-12-03T21:19:12.105+0700] {processor.py:925} INFO - DAG(s) 'example_dynamic_task_mapping_with_no_taskflow_operators' retrieved from /home/tedubuamo/project/venv/lib/python3.12/site-packages/airflow/example_dags/example_dynamic_task_mapping_with_no_taskflow_operators.py
[2024-12-03T21:19:12.168+0700] {logging_mixin.py:190} INFO - [2024-12-03T21:19:12.168+0700] {dag.py:3239} INFO - Sync 1 DAGs
[2024-12-03T21:19:12.175+0700] {logging_mixin.py:190} INFO - [2024-12-03T21:19:12.174+0700] {dag.py:4180} INFO - Setting next_dagrun for example_dynamic_task_mapping_with_no_taskflow_operators to None, run_after=None
[2024-12-03T21:19:12.192+0700] {processor.py:208} INFO - Processing /home/tedubuamo/project/venv/lib/python3.12/site-packages/airflow/example_dags/example_dynamic_task_mapping_with_no_taskflow_operators.py took 0.103 seconds
[2024-12-03T21:20:09.245+0700] {processor.py:186} INFO - Started process (PID=4010) to work on /home/tedubuamo/project/venv/lib/python3.12/site-packages/airflow/example_dags/example_dynamic_task_mapping_with_no_taskflow_operators.py
[2024-12-03T21:20:09.249+0700] {processor.py:914} INFO - Processing file /home/tedubuamo/project/venv/lib/python3.12/site-packages/airflow/example_dags/example_dynamic_task_mapping_with_no_taskflow_operators.py for tasks to queue
[2024-12-03T21:20:09.250+0700] {logging_mixin.py:190} INFO - [2024-12-03T21:20:09.250+0700] {dagbag.py:588} INFO - Filling up the DagBag from /home/tedubuamo/project/venv/lib/python3.12/site-packages/airflow/example_dags/example_dynamic_task_mapping_with_no_taskflow_operators.py
[2024-12-03T21:20:09.257+0700] {processor.py:925} INFO - DAG(s) 'example_dynamic_task_mapping_with_no_taskflow_operators' retrieved from /home/tedubuamo/project/venv/lib/python3.12/site-packages/airflow/example_dags/example_dynamic_task_mapping_with_no_taskflow_operators.py
[2024-12-03T21:20:09.267+0700] {logging_mixin.py:190} INFO - [2024-12-03T21:20:09.266+0700] {dag.py:3239} INFO - Sync 1 DAGs
[2024-12-03T21:20:09.275+0700] {logging_mixin.py:190} INFO - [2024-12-03T21:20:09.275+0700] {dag.py:4180} INFO - Setting next_dagrun for example_dynamic_task_mapping_with_no_taskflow_operators to None, run_after=None
[2024-12-03T21:20:09.292+0700] {processor.py:208} INFO - Processing /home/tedubuamo/project/venv/lib/python3.12/site-packages/airflow/example_dags/example_dynamic_task_mapping_with_no_taskflow_operators.py took 0.051 seconds
[2024-12-03T21:21:10.248+0700] {processor.py:186} INFO - Started process (PID=4113) to work on /home/tedubuamo/project/venv/lib/python3.12/site-packages/airflow/example_dags/example_dynamic_task_mapping_with_no_taskflow_operators.py
[2024-12-03T21:21:10.251+0700] {processor.py:914} INFO - Processing file /home/tedubuamo/project/venv/lib/python3.12/site-packages/airflow/example_dags/example_dynamic_task_mapping_with_no_taskflow_operators.py for tasks to queue
[2024-12-03T21:21:10.253+0700] {logging_mixin.py:190} INFO - [2024-12-03T21:21:10.253+0700] {dagbag.py:588} INFO - Filling up the DagBag from /home/tedubuamo/project/venv/lib/python3.12/site-packages/airflow/example_dags/example_dynamic_task_mapping_with_no_taskflow_operators.py
[2024-12-03T21:21:10.260+0700] {processor.py:925} INFO - DAG(s) 'example_dynamic_task_mapping_with_no_taskflow_operators' retrieved from /home/tedubuamo/project/venv/lib/python3.12/site-packages/airflow/example_dags/example_dynamic_task_mapping_with_no_taskflow_operators.py
[2024-12-03T21:21:10.271+0700] {logging_mixin.py:190} INFO - [2024-12-03T21:21:10.271+0700] {dag.py:3239} INFO - Sync 1 DAGs
[2024-12-03T21:21:10.280+0700] {logging_mixin.py:190} INFO - [2024-12-03T21:21:10.280+0700] {dag.py:4180} INFO - Setting next_dagrun for example_dynamic_task_mapping_with_no_taskflow_operators to None, run_after=None
[2024-12-03T21:21:10.298+0700] {processor.py:208} INFO - Processing /home/tedubuamo/project/venv/lib/python3.12/site-packages/airflow/example_dags/example_dynamic_task_mapping_with_no_taskflow_operators.py took 0.055 seconds
[2024-12-03T21:22:07.951+0700] {processor.py:186} INFO - Started process (PID=4188) to work on /home/tedubuamo/project/venv/lib/python3.12/site-packages/airflow/example_dags/example_dynamic_task_mapping_with_no_taskflow_operators.py
[2024-12-03T21:22:07.953+0700] {processor.py:914} INFO - Processing file /home/tedubuamo/project/venv/lib/python3.12/site-packages/airflow/example_dags/example_dynamic_task_mapping_with_no_taskflow_operators.py for tasks to queue
[2024-12-03T21:22:07.954+0700] {logging_mixin.py:190} INFO - [2024-12-03T21:22:07.954+0700] {dagbag.py:588} INFO - Filling up the DagBag from /home/tedubuamo/project/venv/lib/python3.12/site-packages/airflow/example_dags/example_dynamic_task_mapping_with_no_taskflow_operators.py
[2024-12-03T21:22:07.960+0700] {processor.py:925} INFO - DAG(s) 'example_dynamic_task_mapping_with_no_taskflow_operators' retrieved from /home/tedubuamo/project/venv/lib/python3.12/site-packages/airflow/example_dags/example_dynamic_task_mapping_with_no_taskflow_operators.py
[2024-12-03T21:22:07.970+0700] {logging_mixin.py:190} INFO - [2024-12-03T21:22:07.970+0700] {dag.py:3239} INFO - Sync 1 DAGs
[2024-12-03T21:22:07.979+0700] {logging_mixin.py:190} INFO - [2024-12-03T21:22:07.979+0700] {dag.py:4180} INFO - Setting next_dagrun for example_dynamic_task_mapping_with_no_taskflow_operators to None, run_after=None
[2024-12-03T21:22:07.995+0700] {processor.py:208} INFO - Processing /home/tedubuamo/project/venv/lib/python3.12/site-packages/airflow/example_dags/example_dynamic_task_mapping_with_no_taskflow_operators.py took 0.047 seconds
[2024-12-03T21:23:01.637+0700] {processor.py:186} INFO - Started process (PID=4269) to work on /home/tedubuamo/project/venv/lib/python3.12/site-packages/airflow/example_dags/example_dynamic_task_mapping_with_no_taskflow_operators.py
[2024-12-03T21:23:01.638+0700] {processor.py:914} INFO - Processing file /home/tedubuamo/project/venv/lib/python3.12/site-packages/airflow/example_dags/example_dynamic_task_mapping_with_no_taskflow_operators.py for tasks to queue
[2024-12-03T21:23:01.640+0700] {logging_mixin.py:190} INFO - [2024-12-03T21:23:01.640+0700] {dagbag.py:588} INFO - Filling up the DagBag from /home/tedubuamo/project/venv/lib/python3.12/site-packages/airflow/example_dags/example_dynamic_task_mapping_with_no_taskflow_operators.py
[2024-12-03T21:23:01.649+0700] {processor.py:925} INFO - DAG(s) 'example_dynamic_task_mapping_with_no_taskflow_operators' retrieved from /home/tedubuamo/project/venv/lib/python3.12/site-packages/airflow/example_dags/example_dynamic_task_mapping_with_no_taskflow_operators.py
[2024-12-03T21:23:01.663+0700] {logging_mixin.py:190} INFO - [2024-12-03T21:23:01.662+0700] {dag.py:3239} INFO - Sync 1 DAGs
[2024-12-03T21:23:01.674+0700] {logging_mixin.py:190} INFO - [2024-12-03T21:23:01.674+0700] {dag.py:4180} INFO - Setting next_dagrun for example_dynamic_task_mapping_with_no_taskflow_operators to None, run_after=None
[2024-12-03T21:23:01.692+0700] {processor.py:208} INFO - Processing /home/tedubuamo/project/venv/lib/python3.12/site-packages/airflow/example_dags/example_dynamic_task_mapping_with_no_taskflow_operators.py took 0.058 seconds
[2024-12-03T21:23:53.216+0700] {processor.py:186} INFO - Started process (PID=4321) to work on /home/tedubuamo/project/venv/lib/python3.12/site-packages/airflow/example_dags/example_dynamic_task_mapping_with_no_taskflow_operators.py
[2024-12-03T21:23:53.220+0700] {processor.py:914} INFO - Processing file /home/tedubuamo/project/venv/lib/python3.12/site-packages/airflow/example_dags/example_dynamic_task_mapping_with_no_taskflow_operators.py for tasks to queue
[2024-12-03T21:23:53.221+0700] {logging_mixin.py:190} INFO - [2024-12-03T21:23:53.221+0700] {dagbag.py:588} INFO - Filling up the DagBag from /home/tedubuamo/project/venv/lib/python3.12/site-packages/airflow/example_dags/example_dynamic_task_mapping_with_no_taskflow_operators.py
[2024-12-03T21:23:53.229+0700] {processor.py:925} INFO - DAG(s) 'example_dynamic_task_mapping_with_no_taskflow_operators' retrieved from /home/tedubuamo/project/venv/lib/python3.12/site-packages/airflow/example_dags/example_dynamic_task_mapping_with_no_taskflow_operators.py
[2024-12-03T21:23:53.240+0700] {logging_mixin.py:190} INFO - [2024-12-03T21:23:53.240+0700] {dag.py:3239} INFO - Sync 1 DAGs
[2024-12-03T21:23:53.249+0700] {logging_mixin.py:190} INFO - [2024-12-03T21:23:53.249+0700] {dag.py:4180} INFO - Setting next_dagrun for example_dynamic_task_mapping_with_no_taskflow_operators to None, run_after=None
[2024-12-03T21:23:53.268+0700] {processor.py:208} INFO - Processing /home/tedubuamo/project/venv/lib/python3.12/site-packages/airflow/example_dags/example_dynamic_task_mapping_with_no_taskflow_operators.py took 0.056 seconds
[2024-12-03T21:24:47.551+0700] {processor.py:186} INFO - Started process (PID=4400) to work on /home/tedubuamo/project/venv/lib/python3.12/site-packages/airflow/example_dags/example_dynamic_task_mapping_with_no_taskflow_operators.py
[2024-12-03T21:24:47.552+0700] {processor.py:914} INFO - Processing file /home/tedubuamo/project/venv/lib/python3.12/site-packages/airflow/example_dags/example_dynamic_task_mapping_with_no_taskflow_operators.py for tasks to queue
[2024-12-03T21:24:47.554+0700] {logging_mixin.py:190} INFO - [2024-12-03T21:24:47.554+0700] {dagbag.py:588} INFO - Filling up the DagBag from /home/tedubuamo/project/venv/lib/python3.12/site-packages/airflow/example_dags/example_dynamic_task_mapping_with_no_taskflow_operators.py
[2024-12-03T21:24:47.561+0700] {processor.py:925} INFO - DAG(s) 'example_dynamic_task_mapping_with_no_taskflow_operators' retrieved from /home/tedubuamo/project/venv/lib/python3.12/site-packages/airflow/example_dags/example_dynamic_task_mapping_with_no_taskflow_operators.py
[2024-12-03T21:24:47.572+0700] {logging_mixin.py:190} INFO - [2024-12-03T21:24:47.571+0700] {dag.py:3239} INFO - Sync 1 DAGs
[2024-12-03T21:24:47.581+0700] {logging_mixin.py:190} INFO - [2024-12-03T21:24:47.581+0700] {dag.py:4180} INFO - Setting next_dagrun for example_dynamic_task_mapping_with_no_taskflow_operators to None, run_after=None
[2024-12-03T21:24:47.598+0700] {processor.py:208} INFO - Processing /home/tedubuamo/project/venv/lib/python3.12/site-packages/airflow/example_dags/example_dynamic_task_mapping_with_no_taskflow_operators.py took 0.051 seconds
[2024-12-03T21:25:44.029+0700] {processor.py:186} INFO - Started process (PID=4483) to work on /home/tedubuamo/project/venv/lib/python3.12/site-packages/airflow/example_dags/example_dynamic_task_mapping_with_no_taskflow_operators.py
[2024-12-03T21:25:44.031+0700] {processor.py:914} INFO - Processing file /home/tedubuamo/project/venv/lib/python3.12/site-packages/airflow/example_dags/example_dynamic_task_mapping_with_no_taskflow_operators.py for tasks to queue
[2024-12-03T21:25:44.034+0700] {logging_mixin.py:190} INFO - [2024-12-03T21:25:44.034+0700] {dagbag.py:588} INFO - Filling up the DagBag from /home/tedubuamo/project/venv/lib/python3.12/site-packages/airflow/example_dags/example_dynamic_task_mapping_with_no_taskflow_operators.py
[2024-12-03T21:25:44.044+0700] {processor.py:925} INFO - DAG(s) 'example_dynamic_task_mapping_with_no_taskflow_operators' retrieved from /home/tedubuamo/project/venv/lib/python3.12/site-packages/airflow/example_dags/example_dynamic_task_mapping_with_no_taskflow_operators.py
[2024-12-03T21:25:44.058+0700] {logging_mixin.py:190} INFO - [2024-12-03T21:25:44.057+0700] {dag.py:3239} INFO - Sync 1 DAGs
[2024-12-03T21:25:44.068+0700] {logging_mixin.py:190} INFO - [2024-12-03T21:25:44.068+0700] {dag.py:4180} INFO - Setting next_dagrun for example_dynamic_task_mapping_with_no_taskflow_operators to None, run_after=None
[2024-12-03T21:25:44.088+0700] {processor.py:208} INFO - Processing /home/tedubuamo/project/venv/lib/python3.12/site-packages/airflow/example_dags/example_dynamic_task_mapping_with_no_taskflow_operators.py took 0.064 seconds
[2024-12-03T21:26:42.121+0700] {processor.py:186} INFO - Started process (PID=4544) to work on /home/tedubuamo/project/venv/lib/python3.12/site-packages/airflow/example_dags/example_dynamic_task_mapping_with_no_taskflow_operators.py
[2024-12-03T21:26:42.122+0700] {processor.py:914} INFO - Processing file /home/tedubuamo/project/venv/lib/python3.12/site-packages/airflow/example_dags/example_dynamic_task_mapping_with_no_taskflow_operators.py for tasks to queue
[2024-12-03T21:26:42.124+0700] {logging_mixin.py:190} INFO - [2024-12-03T21:26:42.123+0700] {dagbag.py:588} INFO - Filling up the DagBag from /home/tedubuamo/project/venv/lib/python3.12/site-packages/airflow/example_dags/example_dynamic_task_mapping_with_no_taskflow_operators.py
[2024-12-03T21:26:42.130+0700] {processor.py:925} INFO - DAG(s) 'example_dynamic_task_mapping_with_no_taskflow_operators' retrieved from /home/tedubuamo/project/venv/lib/python3.12/site-packages/airflow/example_dags/example_dynamic_task_mapping_with_no_taskflow_operators.py
[2024-12-03T21:26:42.141+0700] {logging_mixin.py:190} INFO - [2024-12-03T21:26:42.141+0700] {dag.py:3239} INFO - Sync 1 DAGs
[2024-12-03T21:26:42.150+0700] {logging_mixin.py:190} INFO - [2024-12-03T21:26:42.150+0700] {dag.py:4180} INFO - Setting next_dagrun for example_dynamic_task_mapping_with_no_taskflow_operators to None, run_after=None
[2024-12-03T21:26:42.169+0700] {processor.py:208} INFO - Processing /home/tedubuamo/project/venv/lib/python3.12/site-packages/airflow/example_dags/example_dynamic_task_mapping_with_no_taskflow_operators.py took 0.053 seconds
[2024-12-03T21:27:32.713+0700] {processor.py:186} INFO - Started process (PID=4613) to work on /home/tedubuamo/project/venv/lib/python3.12/site-packages/airflow/example_dags/example_dynamic_task_mapping_with_no_taskflow_operators.py
[2024-12-03T21:27:32.714+0700] {processor.py:914} INFO - Processing file /home/tedubuamo/project/venv/lib/python3.12/site-packages/airflow/example_dags/example_dynamic_task_mapping_with_no_taskflow_operators.py for tasks to queue
[2024-12-03T21:27:32.716+0700] {logging_mixin.py:190} INFO - [2024-12-03T21:27:32.716+0700] {dagbag.py:588} INFO - Filling up the DagBag from /home/tedubuamo/project/venv/lib/python3.12/site-packages/airflow/example_dags/example_dynamic_task_mapping_with_no_taskflow_operators.py
[2024-12-03T21:27:32.724+0700] {processor.py:925} INFO - DAG(s) 'example_dynamic_task_mapping_with_no_taskflow_operators' retrieved from /home/tedubuamo/project/venv/lib/python3.12/site-packages/airflow/example_dags/example_dynamic_task_mapping_with_no_taskflow_operators.py
[2024-12-03T21:27:32.735+0700] {logging_mixin.py:190} INFO - [2024-12-03T21:27:32.735+0700] {dag.py:3239} INFO - Sync 1 DAGs
[2024-12-03T21:27:32.744+0700] {logging_mixin.py:190} INFO - [2024-12-03T21:27:32.744+0700] {dag.py:4180} INFO - Setting next_dagrun for example_dynamic_task_mapping_with_no_taskflow_operators to None, run_after=None
[2024-12-03T21:27:32.763+0700] {processor.py:208} INFO - Processing /home/tedubuamo/project/venv/lib/python3.12/site-packages/airflow/example_dags/example_dynamic_task_mapping_with_no_taskflow_operators.py took 0.058 seconds
[2024-12-03T21:28:28.414+0700] {processor.py:186} INFO - Started process (PID=4675) to work on /home/tedubuamo/project/venv/lib/python3.12/site-packages/airflow/example_dags/example_dynamic_task_mapping_with_no_taskflow_operators.py
[2024-12-03T21:28:28.416+0700] {processor.py:914} INFO - Processing file /home/tedubuamo/project/venv/lib/python3.12/site-packages/airflow/example_dags/example_dynamic_task_mapping_with_no_taskflow_operators.py for tasks to queue
[2024-12-03T21:28:28.418+0700] {logging_mixin.py:190} INFO - [2024-12-03T21:28:28.418+0700] {dagbag.py:588} INFO - Filling up the DagBag from /home/tedubuamo/project/venv/lib/python3.12/site-packages/airflow/example_dags/example_dynamic_task_mapping_with_no_taskflow_operators.py
[2024-12-03T21:28:28.428+0700] {processor.py:925} INFO - DAG(s) 'example_dynamic_task_mapping_with_no_taskflow_operators' retrieved from /home/tedubuamo/project/venv/lib/python3.12/site-packages/airflow/example_dags/example_dynamic_task_mapping_with_no_taskflow_operators.py
[2024-12-03T21:28:28.445+0700] {logging_mixin.py:190} INFO - [2024-12-03T21:28:28.445+0700] {dag.py:3239} INFO - Sync 1 DAGs
[2024-12-03T21:28:28.457+0700] {logging_mixin.py:190} INFO - [2024-12-03T21:28:28.457+0700] {dag.py:4180} INFO - Setting next_dagrun for example_dynamic_task_mapping_with_no_taskflow_operators to None, run_after=None
[2024-12-03T21:28:28.474+0700] {processor.py:208} INFO - Processing /home/tedubuamo/project/venv/lib/python3.12/site-packages/airflow/example_dags/example_dynamic_task_mapping_with_no_taskflow_operators.py took 0.064 seconds
[2024-12-03T21:29:22.875+0700] {processor.py:186} INFO - Started process (PID=4811) to work on /home/tedubuamo/project/venv/lib/python3.12/site-packages/airflow/example_dags/example_dynamic_task_mapping_with_no_taskflow_operators.py
[2024-12-03T21:29:22.876+0700] {processor.py:914} INFO - Processing file /home/tedubuamo/project/venv/lib/python3.12/site-packages/airflow/example_dags/example_dynamic_task_mapping_with_no_taskflow_operators.py for tasks to queue
[2024-12-03T21:29:22.877+0700] {logging_mixin.py:190} INFO - [2024-12-03T21:29:22.877+0700] {dagbag.py:588} INFO - Filling up the DagBag from /home/tedubuamo/project/venv/lib/python3.12/site-packages/airflow/example_dags/example_dynamic_task_mapping_with_no_taskflow_operators.py
[2024-12-03T21:29:22.884+0700] {processor.py:925} INFO - DAG(s) 'example_dynamic_task_mapping_with_no_taskflow_operators' retrieved from /home/tedubuamo/project/venv/lib/python3.12/site-packages/airflow/example_dags/example_dynamic_task_mapping_with_no_taskflow_operators.py
[2024-12-03T21:29:22.896+0700] {logging_mixin.py:190} INFO - [2024-12-03T21:29:22.896+0700] {dag.py:3239} INFO - Sync 1 DAGs
[2024-12-03T21:29:22.906+0700] {logging_mixin.py:190} INFO - [2024-12-03T21:29:22.906+0700] {dag.py:4180} INFO - Setting next_dagrun for example_dynamic_task_mapping_with_no_taskflow_operators to None, run_after=None
[2024-12-03T21:29:22.926+0700] {processor.py:208} INFO - Processing /home/tedubuamo/project/venv/lib/python3.12/site-packages/airflow/example_dags/example_dynamic_task_mapping_with_no_taskflow_operators.py took 0.056 seconds
[2024-12-03T21:30:15.324+0700] {processor.py:186} INFO - Started process (PID=4870) to work on /home/tedubuamo/project/venv/lib/python3.12/site-packages/airflow/example_dags/example_dynamic_task_mapping_with_no_taskflow_operators.py
[2024-12-03T21:30:15.325+0700] {processor.py:914} INFO - Processing file /home/tedubuamo/project/venv/lib/python3.12/site-packages/airflow/example_dags/example_dynamic_task_mapping_with_no_taskflow_operators.py for tasks to queue
[2024-12-03T21:30:15.327+0700] {logging_mixin.py:190} INFO - [2024-12-03T21:30:15.327+0700] {dagbag.py:588} INFO - Filling up the DagBag from /home/tedubuamo/project/venv/lib/python3.12/site-packages/airflow/example_dags/example_dynamic_task_mapping_with_no_taskflow_operators.py
[2024-12-03T21:30:15.334+0700] {processor.py:925} INFO - DAG(s) 'example_dynamic_task_mapping_with_no_taskflow_operators' retrieved from /home/tedubuamo/project/venv/lib/python3.12/site-packages/airflow/example_dags/example_dynamic_task_mapping_with_no_taskflow_operators.py
[2024-12-03T21:30:15.347+0700] {logging_mixin.py:190} INFO - [2024-12-03T21:30:15.346+0700] {dag.py:3239} INFO - Sync 1 DAGs
[2024-12-03T21:30:15.357+0700] {logging_mixin.py:190} INFO - [2024-12-03T21:30:15.357+0700] {dag.py:4180} INFO - Setting next_dagrun for example_dynamic_task_mapping_with_no_taskflow_operators to None, run_after=None
[2024-12-03T21:30:15.378+0700] {processor.py:208} INFO - Processing /home/tedubuamo/project/venv/lib/python3.12/site-packages/airflow/example_dags/example_dynamic_task_mapping_with_no_taskflow_operators.py took 0.058 seconds
[2024-12-03T21:31:10.241+0700] {processor.py:186} INFO - Started process (PID=4935) to work on /home/tedubuamo/project/venv/lib/python3.12/site-packages/airflow/example_dags/example_dynamic_task_mapping_with_no_taskflow_operators.py
[2024-12-03T21:31:10.246+0700] {processor.py:914} INFO - Processing file /home/tedubuamo/project/venv/lib/python3.12/site-packages/airflow/example_dags/example_dynamic_task_mapping_with_no_taskflow_operators.py for tasks to queue
[2024-12-03T21:31:10.247+0700] {logging_mixin.py:190} INFO - [2024-12-03T21:31:10.247+0700] {dagbag.py:588} INFO - Filling up the DagBag from /home/tedubuamo/project/venv/lib/python3.12/site-packages/airflow/example_dags/example_dynamic_task_mapping_with_no_taskflow_operators.py
[2024-12-03T21:31:10.254+0700] {processor.py:925} INFO - DAG(s) 'example_dynamic_task_mapping_with_no_taskflow_operators' retrieved from /home/tedubuamo/project/venv/lib/python3.12/site-packages/airflow/example_dags/example_dynamic_task_mapping_with_no_taskflow_operators.py
[2024-12-03T21:31:10.265+0700] {logging_mixin.py:190} INFO - [2024-12-03T21:31:10.265+0700] {dag.py:3239} INFO - Sync 1 DAGs
[2024-12-03T21:31:10.275+0700] {logging_mixin.py:190} INFO - [2024-12-03T21:31:10.275+0700] {dag.py:4180} INFO - Setting next_dagrun for example_dynamic_task_mapping_with_no_taskflow_operators to None, run_after=None
[2024-12-03T21:31:10.293+0700] {processor.py:208} INFO - Processing /home/tedubuamo/project/venv/lib/python3.12/site-packages/airflow/example_dags/example_dynamic_task_mapping_with_no_taskflow_operators.py took 0.056 seconds
