[2024-12-03T20:57:47.704+0700] {processor.py:186} INFO - Started process (PID=1642) to work on /home/tedubuamo/project/venv/lib/python3.12/site-packages/airflow/example_dags/example_params_ui_tutorial.py
[2024-12-03T20:57:47.705+0700] {processor.py:914} INFO - Processing file /home/tedubuamo/project/venv/lib/python3.12/site-packages/airflow/example_dags/example_params_ui_tutorial.py for tasks to queue
[2024-12-03T20:57:47.706+0700] {logging_mixin.py:190} INFO - [2024-12-03T20:57:47.706+0700] {dagbag.py:588} INFO - Filling up the DagBag from /home/tedubuamo/project/venv/lib/python3.12/site-packages/airflow/example_dags/example_params_ui_tutorial.py
[2024-12-03T20:57:47.712+0700] {processor.py:925} INFO - DAG(s) 'example_params_ui_tutorial' retrieved from /home/tedubuamo/project/venv/lib/python3.12/site-packages/airflow/example_dags/example_params_ui_tutorial.py
[2024-12-03T20:57:47.791+0700] {logging_mixin.py:190} INFO - [2024-12-03T20:57:47.791+0700] {dag.py:3239} INFO - Sync 1 DAGs
[2024-12-03T20:57:47.801+0700] {logging_mixin.py:190} INFO - [2024-12-03T20:57:47.801+0700] {dag.py:4180} INFO - Setting next_dagrun for example_params_ui_tutorial to None, run_after=None
[2024-12-03T20:57:47.821+0700] {processor.py:208} INFO - Processing /home/tedubuamo/project/venv/lib/python3.12/site-packages/airflow/example_dags/example_params_ui_tutorial.py took 0.120 seconds
[2024-12-03T20:58:45.689+0700] {processor.py:186} INFO - Started process (PID=1699) to work on /home/tedubuamo/project/venv/lib/python3.12/site-packages/airflow/example_dags/example_params_ui_tutorial.py
[2024-12-03T20:58:45.690+0700] {processor.py:914} INFO - Processing file /home/tedubuamo/project/venv/lib/python3.12/site-packages/airflow/example_dags/example_params_ui_tutorial.py for tasks to queue
[2024-12-03T20:58:45.692+0700] {logging_mixin.py:190} INFO - [2024-12-03T20:58:45.692+0700] {dagbag.py:588} INFO - Filling up the DagBag from /home/tedubuamo/project/venv/lib/python3.12/site-packages/airflow/example_dags/example_params_ui_tutorial.py
[2024-12-03T20:58:45.698+0700] {processor.py:925} INFO - DAG(s) 'example_params_ui_tutorial' retrieved from /home/tedubuamo/project/venv/lib/python3.12/site-packages/airflow/example_dags/example_params_ui_tutorial.py
[2024-12-03T20:58:45.722+0700] {logging_mixin.py:190} INFO - [2024-12-03T20:58:45.722+0700] {dag.py:3239} INFO - Sync 1 DAGs
[2024-12-03T20:58:45.732+0700] {logging_mixin.py:190} INFO - [2024-12-03T20:58:45.732+0700] {dag.py:4180} INFO - Setting next_dagrun for example_params_ui_tutorial to None, run_after=None
[2024-12-03T20:58:45.748+0700] {processor.py:208} INFO - Processing /home/tedubuamo/project/venv/lib/python3.12/site-packages/airflow/example_dags/example_params_ui_tutorial.py took 0.063 seconds
[2024-12-03T20:59:40.390+0700] {processor.py:186} INFO - Started process (PID=1756) to work on /home/tedubuamo/project/venv/lib/python3.12/site-packages/airflow/example_dags/example_params_ui_tutorial.py
[2024-12-03T20:59:40.393+0700] {processor.py:914} INFO - Processing file /home/tedubuamo/project/venv/lib/python3.12/site-packages/airflow/example_dags/example_params_ui_tutorial.py for tasks to queue
[2024-12-03T20:59:40.395+0700] {logging_mixin.py:190} INFO - [2024-12-03T20:59:40.395+0700] {dagbag.py:588} INFO - Filling up the DagBag from /home/tedubuamo/project/venv/lib/python3.12/site-packages/airflow/example_dags/example_params_ui_tutorial.py
[2024-12-03T20:59:40.401+0700] {processor.py:925} INFO - DAG(s) 'example_params_ui_tutorial' retrieved from /home/tedubuamo/project/venv/lib/python3.12/site-packages/airflow/example_dags/example_params_ui_tutorial.py
[2024-12-03T20:59:40.427+0700] {logging_mixin.py:190} INFO - [2024-12-03T20:59:40.426+0700] {dag.py:3239} INFO - Sync 1 DAGs
[2024-12-03T20:59:40.436+0700] {logging_mixin.py:190} INFO - [2024-12-03T20:59:40.435+0700] {dag.py:4180} INFO - Setting next_dagrun for example_params_ui_tutorial to None, run_after=None
[2024-12-03T20:59:40.453+0700] {processor.py:208} INFO - Processing /home/tedubuamo/project/venv/lib/python3.12/site-packages/airflow/example_dags/example_params_ui_tutorial.py took 0.067 seconds
[2024-12-03T21:00:33.757+0700] {processor.py:186} INFO - Started process (PID=1811) to work on /home/tedubuamo/project/venv/lib/python3.12/site-packages/airflow/example_dags/example_params_ui_tutorial.py
[2024-12-03T21:00:33.758+0700] {processor.py:914} INFO - Processing file /home/tedubuamo/project/venv/lib/python3.12/site-packages/airflow/example_dags/example_params_ui_tutorial.py for tasks to queue
[2024-12-03T21:00:33.760+0700] {logging_mixin.py:190} INFO - [2024-12-03T21:00:33.760+0700] {dagbag.py:588} INFO - Filling up the DagBag from /home/tedubuamo/project/venv/lib/python3.12/site-packages/airflow/example_dags/example_params_ui_tutorial.py
[2024-12-03T21:00:33.766+0700] {processor.py:925} INFO - DAG(s) 'example_params_ui_tutorial' retrieved from /home/tedubuamo/project/venv/lib/python3.12/site-packages/airflow/example_dags/example_params_ui_tutorial.py
[2024-12-03T21:00:33.794+0700] {logging_mixin.py:190} INFO - [2024-12-03T21:00:33.793+0700] {dag.py:3239} INFO - Sync 1 DAGs
[2024-12-03T21:00:33.802+0700] {logging_mixin.py:190} INFO - [2024-12-03T21:00:33.802+0700] {dag.py:4180} INFO - Setting next_dagrun for example_params_ui_tutorial to None, run_after=None
[2024-12-03T21:00:33.819+0700] {processor.py:208} INFO - Processing /home/tedubuamo/project/venv/lib/python3.12/site-packages/airflow/example_dags/example_params_ui_tutorial.py took 0.065 seconds
[2024-12-03T21:05:15.094+0700] {processor.py:186} INFO - Started process (PID=2021) to work on /home/tedubuamo/project/venv/lib/python3.12/site-packages/airflow/example_dags/example_params_ui_tutorial.py
[2024-12-03T21:05:15.098+0700] {processor.py:914} INFO - Processing file /home/tedubuamo/project/venv/lib/python3.12/site-packages/airflow/example_dags/example_params_ui_tutorial.py for tasks to queue
[2024-12-03T21:05:15.099+0700] {logging_mixin.py:190} INFO - [2024-12-03T21:05:15.099+0700] {dagbag.py:588} INFO - Filling up the DagBag from /home/tedubuamo/project/venv/lib/python3.12/site-packages/airflow/example_dags/example_params_ui_tutorial.py
[2024-12-03T21:05:15.105+0700] {processor.py:925} INFO - DAG(s) 'example_params_ui_tutorial' retrieved from /home/tedubuamo/project/venv/lib/python3.12/site-packages/airflow/example_dags/example_params_ui_tutorial.py
[2024-12-03T21:05:15.133+0700] {logging_mixin.py:190} INFO - [2024-12-03T21:05:15.133+0700] {dag.py:3239} INFO - Sync 1 DAGs
[2024-12-03T21:05:15.142+0700] {logging_mixin.py:190} INFO - [2024-12-03T21:05:15.142+0700] {dag.py:4180} INFO - Setting next_dagrun for example_params_ui_tutorial to None, run_after=None
[2024-12-03T21:05:15.159+0700] {processor.py:208} INFO - Processing /home/tedubuamo/project/venv/lib/python3.12/site-packages/airflow/example_dags/example_params_ui_tutorial.py took 0.069 seconds
[2024-12-03T21:06:09.428+0700] {processor.py:186} INFO - Started process (PID=2169) to work on /home/tedubuamo/project/venv/lib/python3.12/site-packages/airflow/example_dags/example_params_ui_tutorial.py
[2024-12-03T21:06:09.429+0700] {processor.py:914} INFO - Processing file /home/tedubuamo/project/venv/lib/python3.12/site-packages/airflow/example_dags/example_params_ui_tutorial.py for tasks to queue
[2024-12-03T21:06:09.431+0700] {logging_mixin.py:190} INFO - [2024-12-03T21:06:09.431+0700] {dagbag.py:588} INFO - Filling up the DagBag from /home/tedubuamo/project/venv/lib/python3.12/site-packages/airflow/example_dags/example_params_ui_tutorial.py
[2024-12-03T21:06:09.437+0700] {processor.py:925} INFO - DAG(s) 'example_params_ui_tutorial' retrieved from /home/tedubuamo/project/venv/lib/python3.12/site-packages/airflow/example_dags/example_params_ui_tutorial.py
[2024-12-03T21:06:09.461+0700] {logging_mixin.py:190} INFO - [2024-12-03T21:06:09.461+0700] {dag.py:3239} INFO - Sync 1 DAGs
[2024-12-03T21:06:09.470+0700] {logging_mixin.py:190} INFO - [2024-12-03T21:06:09.470+0700] {dag.py:4180} INFO - Setting next_dagrun for example_params_ui_tutorial to None, run_after=None
[2024-12-03T21:06:09.488+0700] {processor.py:208} INFO - Processing /home/tedubuamo/project/venv/lib/python3.12/site-packages/airflow/example_dags/example_params_ui_tutorial.py took 0.064 seconds
[2024-12-03T21:06:11.993+0700] {processor.py:186} INFO - Started process (PID=2174) to work on /home/tedubuamo/project/venv/lib/python3.12/site-packages/airflow/example_dags/example_params_ui_tutorial.py
[2024-12-03T21:06:11.993+0700] {processor.py:914} INFO - Processing file /home/tedubuamo/project/venv/lib/python3.12/site-packages/airflow/example_dags/example_params_ui_tutorial.py for tasks to queue
[2024-12-03T21:06:11.995+0700] {logging_mixin.py:190} INFO - [2024-12-03T21:06:11.994+0700] {dagbag.py:588} INFO - Filling up the DagBag from /home/tedubuamo/project/venv/lib/python3.12/site-packages/airflow/example_dags/example_params_ui_tutorial.py
[2024-12-03T21:06:12.002+0700] {processor.py:925} INFO - DAG(s) 'example_params_ui_tutorial' retrieved from /home/tedubuamo/project/venv/lib/python3.12/site-packages/airflow/example_dags/example_params_ui_tutorial.py
[2024-12-03T21:06:12.032+0700] {logging_mixin.py:190} INFO - [2024-12-03T21:06:12.032+0700] {dag.py:3239} INFO - Sync 1 DAGs
[2024-12-03T21:06:12.042+0700] {logging_mixin.py:190} INFO - [2024-12-03T21:06:12.042+0700] {dag.py:4180} INFO - Setting next_dagrun for example_params_ui_tutorial to None, run_after=None
[2024-12-03T21:06:12.062+0700] {processor.py:208} INFO - Processing /home/tedubuamo/project/venv/lib/python3.12/site-packages/airflow/example_dags/example_params_ui_tutorial.py took 0.073 seconds
[2024-12-03T21:07:06.442+0700] {processor.py:186} INFO - Started process (PID=2363) to work on /home/tedubuamo/project/venv/lib/python3.12/site-packages/airflow/example_dags/example_params_ui_tutorial.py
[2024-12-03T21:07:06.446+0700] {processor.py:914} INFO - Processing file /home/tedubuamo/project/venv/lib/python3.12/site-packages/airflow/example_dags/example_params_ui_tutorial.py for tasks to queue
[2024-12-03T21:07:06.447+0700] {logging_mixin.py:190} INFO - [2024-12-03T21:07:06.447+0700] {dagbag.py:588} INFO - Filling up the DagBag from /home/tedubuamo/project/venv/lib/python3.12/site-packages/airflow/example_dags/example_params_ui_tutorial.py
[2024-12-03T21:07:06.454+0700] {processor.py:925} INFO - DAG(s) 'example_params_ui_tutorial' retrieved from /home/tedubuamo/project/venv/lib/python3.12/site-packages/airflow/example_dags/example_params_ui_tutorial.py
[2024-12-03T21:07:06.479+0700] {logging_mixin.py:190} INFO - [2024-12-03T21:07:06.479+0700] {dag.py:3239} INFO - Sync 1 DAGs
[2024-12-03T21:07:06.487+0700] {logging_mixin.py:190} INFO - [2024-12-03T21:07:06.487+0700] {dag.py:4180} INFO - Setting next_dagrun for example_params_ui_tutorial to None, run_after=None
[2024-12-03T21:07:06.504+0700] {processor.py:208} INFO - Processing /home/tedubuamo/project/venv/lib/python3.12/site-packages/airflow/example_dags/example_params_ui_tutorial.py took 0.065 seconds
[2024-12-03T21:07:06.771+0700] {processor.py:186} INFO - Started process (PID=2364) to work on /home/tedubuamo/project/venv/lib/python3.12/site-packages/airflow/example_dags/example_params_ui_tutorial.py
[2024-12-03T21:07:06.772+0700] {processor.py:914} INFO - Processing file /home/tedubuamo/project/venv/lib/python3.12/site-packages/airflow/example_dags/example_params_ui_tutorial.py for tasks to queue
[2024-12-03T21:07:06.773+0700] {logging_mixin.py:190} INFO - [2024-12-03T21:07:06.773+0700] {dagbag.py:588} INFO - Filling up the DagBag from /home/tedubuamo/project/venv/lib/python3.12/site-packages/airflow/example_dags/example_params_ui_tutorial.py
[2024-12-03T21:07:06.779+0700] {processor.py:925} INFO - DAG(s) 'example_params_ui_tutorial' retrieved from /home/tedubuamo/project/venv/lib/python3.12/site-packages/airflow/example_dags/example_params_ui_tutorial.py
[2024-12-03T21:07:06.804+0700] {logging_mixin.py:190} INFO - [2024-12-03T21:07:06.804+0700] {dag.py:3239} INFO - Sync 1 DAGs
[2024-12-03T21:07:06.813+0700] {logging_mixin.py:190} INFO - [2024-12-03T21:07:06.813+0700] {dag.py:4180} INFO - Setting next_dagrun for example_params_ui_tutorial to None, run_after=None
[2024-12-03T21:07:06.829+0700] {processor.py:208} INFO - Processing /home/tedubuamo/project/venv/lib/python3.12/site-packages/airflow/example_dags/example_params_ui_tutorial.py took 0.061 seconds
[2024-12-03T21:07:58.604+0700] {processor.py:186} INFO - Started process (PID=2490) to work on /home/tedubuamo/project/venv/lib/python3.12/site-packages/airflow/example_dags/example_params_ui_tutorial.py
[2024-12-03T21:07:58.606+0700] {processor.py:914} INFO - Processing file /home/tedubuamo/project/venv/lib/python3.12/site-packages/airflow/example_dags/example_params_ui_tutorial.py for tasks to queue
[2024-12-03T21:07:58.608+0700] {logging_mixin.py:190} INFO - [2024-12-03T21:07:58.607+0700] {dagbag.py:588} INFO - Filling up the DagBag from /home/tedubuamo/project/venv/lib/python3.12/site-packages/airflow/example_dags/example_params_ui_tutorial.py
[2024-12-03T21:07:58.614+0700] {processor.py:925} INFO - DAG(s) 'example_params_ui_tutorial' retrieved from /home/tedubuamo/project/venv/lib/python3.12/site-packages/airflow/example_dags/example_params_ui_tutorial.py
[2024-12-03T21:07:58.639+0700] {logging_mixin.py:190} INFO - [2024-12-03T21:07:58.639+0700] {dag.py:3239} INFO - Sync 1 DAGs
[2024-12-03T21:07:58.648+0700] {logging_mixin.py:190} INFO - [2024-12-03T21:07:58.648+0700] {dag.py:4180} INFO - Setting next_dagrun for example_params_ui_tutorial to None, run_after=None
[2024-12-03T21:07:58.664+0700] {processor.py:208} INFO - Processing /home/tedubuamo/project/venv/lib/python3.12/site-packages/airflow/example_dags/example_params_ui_tutorial.py took 0.063 seconds
[2024-12-03T21:08:00.517+0700] {processor.py:186} INFO - Started process (PID=2495) to work on /home/tedubuamo/project/venv/lib/python3.12/site-packages/airflow/example_dags/example_params_ui_tutorial.py
[2024-12-03T21:08:00.518+0700] {processor.py:914} INFO - Processing file /home/tedubuamo/project/venv/lib/python3.12/site-packages/airflow/example_dags/example_params_ui_tutorial.py for tasks to queue
[2024-12-03T21:08:00.519+0700] {logging_mixin.py:190} INFO - [2024-12-03T21:08:00.519+0700] {dagbag.py:588} INFO - Filling up the DagBag from /home/tedubuamo/project/venv/lib/python3.12/site-packages/airflow/example_dags/example_params_ui_tutorial.py
[2024-12-03T21:08:00.526+0700] {processor.py:925} INFO - DAG(s) 'example_params_ui_tutorial' retrieved from /home/tedubuamo/project/venv/lib/python3.12/site-packages/airflow/example_dags/example_params_ui_tutorial.py
[2024-12-03T21:08:00.552+0700] {logging_mixin.py:190} INFO - [2024-12-03T21:08:00.551+0700] {dag.py:3239} INFO - Sync 1 DAGs
[2024-12-03T21:08:00.560+0700] {logging_mixin.py:190} INFO - [2024-12-03T21:08:00.560+0700] {dag.py:4180} INFO - Setting next_dagrun for example_params_ui_tutorial to None, run_after=None
[2024-12-03T21:08:00.576+0700] {processor.py:208} INFO - Processing /home/tedubuamo/project/venv/lib/python3.12/site-packages/airflow/example_dags/example_params_ui_tutorial.py took 0.063 seconds
[2024-12-03T21:08:51.709+0700] {processor.py:186} INFO - Started process (PID=2598) to work on /home/tedubuamo/project/venv/lib/python3.12/site-packages/airflow/example_dags/example_params_ui_tutorial.py
[2024-12-03T21:08:51.711+0700] {processor.py:914} INFO - Processing file /home/tedubuamo/project/venv/lib/python3.12/site-packages/airflow/example_dags/example_params_ui_tutorial.py for tasks to queue
[2024-12-03T21:08:51.714+0700] {logging_mixin.py:190} INFO - [2024-12-03T21:08:51.713+0700] {dagbag.py:588} INFO - Filling up the DagBag from /home/tedubuamo/project/venv/lib/python3.12/site-packages/airflow/example_dags/example_params_ui_tutorial.py
[2024-12-03T21:08:51.722+0700] {processor.py:925} INFO - DAG(s) 'example_params_ui_tutorial' retrieved from /home/tedubuamo/project/venv/lib/python3.12/site-packages/airflow/example_dags/example_params_ui_tutorial.py
[2024-12-03T21:08:51.751+0700] {logging_mixin.py:190} INFO - [2024-12-03T21:08:51.751+0700] {dag.py:3239} INFO - Sync 1 DAGs
[2024-12-03T21:08:51.760+0700] {logging_mixin.py:190} INFO - [2024-12-03T21:08:51.760+0700] {dag.py:4180} INFO - Setting next_dagrun for example_params_ui_tutorial to None, run_after=None
[2024-12-03T21:08:51.778+0700] {processor.py:208} INFO - Processing /home/tedubuamo/project/venv/lib/python3.12/site-packages/airflow/example_dags/example_params_ui_tutorial.py took 0.075 seconds
[2024-12-03T21:08:52.137+0700] {processor.py:186} INFO - Started process (PID=2599) to work on /home/tedubuamo/project/venv/lib/python3.12/site-packages/airflow/example_dags/example_params_ui_tutorial.py
[2024-12-03T21:08:52.138+0700] {processor.py:914} INFO - Processing file /home/tedubuamo/project/venv/lib/python3.12/site-packages/airflow/example_dags/example_params_ui_tutorial.py for tasks to queue
[2024-12-03T21:08:52.140+0700] {logging_mixin.py:190} INFO - [2024-12-03T21:08:52.140+0700] {dagbag.py:588} INFO - Filling up the DagBag from /home/tedubuamo/project/venv/lib/python3.12/site-packages/airflow/example_dags/example_params_ui_tutorial.py
[2024-12-03T21:08:52.148+0700] {processor.py:925} INFO - DAG(s) 'example_params_ui_tutorial' retrieved from /home/tedubuamo/project/venv/lib/python3.12/site-packages/airflow/example_dags/example_params_ui_tutorial.py
[2024-12-03T21:08:52.176+0700] {logging_mixin.py:190} INFO - [2024-12-03T21:08:52.175+0700] {dag.py:3239} INFO - Sync 1 DAGs
[2024-12-03T21:08:52.187+0700] {logging_mixin.py:190} INFO - [2024-12-03T21:08:52.187+0700] {dag.py:4180} INFO - Setting next_dagrun for example_params_ui_tutorial to None, run_after=None
[2024-12-03T21:08:52.210+0700] {processor.py:208} INFO - Processing /home/tedubuamo/project/venv/lib/python3.12/site-packages/airflow/example_dags/example_params_ui_tutorial.py took 0.077 seconds
[2024-12-03T21:09:42.343+0700] {processor.py:186} INFO - Started process (PID=2702) to work on /home/tedubuamo/project/venv/lib/python3.12/site-packages/airflow/example_dags/example_params_ui_tutorial.py
[2024-12-03T21:09:42.345+0700] {processor.py:914} INFO - Processing file /home/tedubuamo/project/venv/lib/python3.12/site-packages/airflow/example_dags/example_params_ui_tutorial.py for tasks to queue
[2024-12-03T21:09:42.348+0700] {logging_mixin.py:190} INFO - [2024-12-03T21:09:42.348+0700] {dagbag.py:588} INFO - Filling up the DagBag from /home/tedubuamo/project/venv/lib/python3.12/site-packages/airflow/example_dags/example_params_ui_tutorial.py
[2024-12-03T21:09:42.363+0700] {processor.py:925} INFO - DAG(s) 'example_params_ui_tutorial' retrieved from /home/tedubuamo/project/venv/lib/python3.12/site-packages/airflow/example_dags/example_params_ui_tutorial.py
[2024-12-03T21:09:42.396+0700] {logging_mixin.py:190} INFO - [2024-12-03T21:09:42.396+0700] {dag.py:3239} INFO - Sync 1 DAGs
[2024-12-03T21:09:42.408+0700] {logging_mixin.py:190} INFO - [2024-12-03T21:09:42.407+0700] {dag.py:4180} INFO - Setting next_dagrun for example_params_ui_tutorial to None, run_after=None
[2024-12-03T21:09:42.426+0700] {processor.py:208} INFO - Processing /home/tedubuamo/project/venv/lib/python3.12/site-packages/airflow/example_dags/example_params_ui_tutorial.py took 0.088 seconds
[2024-12-03T21:09:43.584+0700] {processor.py:186} INFO - Started process (PID=2706) to work on /home/tedubuamo/project/venv/lib/python3.12/site-packages/airflow/example_dags/example_params_ui_tutorial.py
[2024-12-03T21:09:43.585+0700] {processor.py:914} INFO - Processing file /home/tedubuamo/project/venv/lib/python3.12/site-packages/airflow/example_dags/example_params_ui_tutorial.py for tasks to queue
[2024-12-03T21:09:43.586+0700] {logging_mixin.py:190} INFO - [2024-12-03T21:09:43.586+0700] {dagbag.py:588} INFO - Filling up the DagBag from /home/tedubuamo/project/venv/lib/python3.12/site-packages/airflow/example_dags/example_params_ui_tutorial.py
[2024-12-03T21:09:43.594+0700] {processor.py:925} INFO - DAG(s) 'example_params_ui_tutorial' retrieved from /home/tedubuamo/project/venv/lib/python3.12/site-packages/airflow/example_dags/example_params_ui_tutorial.py
[2024-12-03T21:09:43.619+0700] {logging_mixin.py:190} INFO - [2024-12-03T21:09:43.619+0700] {dag.py:3239} INFO - Sync 1 DAGs
[2024-12-03T21:09:43.629+0700] {logging_mixin.py:190} INFO - [2024-12-03T21:09:43.629+0700] {dag.py:4180} INFO - Setting next_dagrun for example_params_ui_tutorial to None, run_after=None
[2024-12-03T21:09:43.654+0700] {processor.py:208} INFO - Processing /home/tedubuamo/project/venv/lib/python3.12/site-packages/airflow/example_dags/example_params_ui_tutorial.py took 0.074 seconds
[2024-12-03T21:10:35.207+0700] {processor.py:186} INFO - Started process (PID=2811) to work on /home/tedubuamo/project/venv/lib/python3.12/site-packages/airflow/example_dags/example_params_ui_tutorial.py
[2024-12-03T21:10:35.209+0700] {processor.py:914} INFO - Processing file /home/tedubuamo/project/venv/lib/python3.12/site-packages/airflow/example_dags/example_params_ui_tutorial.py for tasks to queue
[2024-12-03T21:10:35.212+0700] {logging_mixin.py:190} INFO - [2024-12-03T21:10:35.211+0700] {dagbag.py:588} INFO - Filling up the DagBag from /home/tedubuamo/project/venv/lib/python3.12/site-packages/airflow/example_dags/example_params_ui_tutorial.py
[2024-12-03T21:10:35.223+0700] {processor.py:925} INFO - DAG(s) 'example_params_ui_tutorial' retrieved from /home/tedubuamo/project/venv/lib/python3.12/site-packages/airflow/example_dags/example_params_ui_tutorial.py
[2024-12-03T21:10:35.271+0700] {logging_mixin.py:190} INFO - [2024-12-03T21:10:35.271+0700] {dag.py:3239} INFO - Sync 1 DAGs
[2024-12-03T21:10:35.286+0700] {logging_mixin.py:190} INFO - [2024-12-03T21:10:35.285+0700] {dag.py:4180} INFO - Setting next_dagrun for example_params_ui_tutorial to None, run_after=None
[2024-12-03T21:10:35.305+0700] {processor.py:208} INFO - Processing /home/tedubuamo/project/venv/lib/python3.12/site-packages/airflow/example_dags/example_params_ui_tutorial.py took 0.103 seconds
[2024-12-03T21:10:36.378+0700] {processor.py:186} INFO - Started process (PID=2813) to work on /home/tedubuamo/project/venv/lib/python3.12/site-packages/airflow/example_dags/example_params_ui_tutorial.py
[2024-12-03T21:10:36.379+0700] {processor.py:914} INFO - Processing file /home/tedubuamo/project/venv/lib/python3.12/site-packages/airflow/example_dags/example_params_ui_tutorial.py for tasks to queue
[2024-12-03T21:10:36.380+0700] {logging_mixin.py:190} INFO - [2024-12-03T21:10:36.380+0700] {dagbag.py:588} INFO - Filling up the DagBag from /home/tedubuamo/project/venv/lib/python3.12/site-packages/airflow/example_dags/example_params_ui_tutorial.py
[2024-12-03T21:10:36.387+0700] {processor.py:925} INFO - DAG(s) 'example_params_ui_tutorial' retrieved from /home/tedubuamo/project/venv/lib/python3.12/site-packages/airflow/example_dags/example_params_ui_tutorial.py
[2024-12-03T21:10:36.449+0700] {logging_mixin.py:190} INFO - [2024-12-03T21:10:36.448+0700] {dag.py:3239} INFO - Sync 1 DAGs
[2024-12-03T21:10:36.461+0700] {logging_mixin.py:190} INFO - [2024-12-03T21:10:36.461+0700] {dag.py:4180} INFO - Setting next_dagrun for example_params_ui_tutorial to None, run_after=None
[2024-12-03T21:10:36.487+0700] {processor.py:208} INFO - Processing /home/tedubuamo/project/venv/lib/python3.12/site-packages/airflow/example_dags/example_params_ui_tutorial.py took 0.113 seconds
[2024-12-03T21:11:27.982+0700] {processor.py:186} INFO - Started process (PID=2919) to work on /home/tedubuamo/project/venv/lib/python3.12/site-packages/airflow/example_dags/example_params_ui_tutorial.py
[2024-12-03T21:11:27.986+0700] {processor.py:914} INFO - Processing file /home/tedubuamo/project/venv/lib/python3.12/site-packages/airflow/example_dags/example_params_ui_tutorial.py for tasks to queue
[2024-12-03T21:11:27.988+0700] {logging_mixin.py:190} INFO - [2024-12-03T21:11:27.988+0700] {dagbag.py:588} INFO - Filling up the DagBag from /home/tedubuamo/project/venv/lib/python3.12/site-packages/airflow/example_dags/example_params_ui_tutorial.py
[2024-12-03T21:11:27.996+0700] {processor.py:925} INFO - DAG(s) 'example_params_ui_tutorial' retrieved from /home/tedubuamo/project/venv/lib/python3.12/site-packages/airflow/example_dags/example_params_ui_tutorial.py
[2024-12-03T21:11:28.026+0700] {logging_mixin.py:190} INFO - [2024-12-03T21:11:28.026+0700] {dag.py:3239} INFO - Sync 1 DAGs
[2024-12-03T21:11:28.035+0700] {logging_mixin.py:190} INFO - [2024-12-03T21:11:28.035+0700] {dag.py:4180} INFO - Setting next_dagrun for example_params_ui_tutorial to None, run_after=None
[2024-12-03T21:11:28.057+0700] {processor.py:208} INFO - Processing /home/tedubuamo/project/venv/lib/python3.12/site-packages/airflow/example_dags/example_params_ui_tutorial.py took 0.079 seconds
[2024-12-03T21:11:29.535+0700] {processor.py:186} INFO - Started process (PID=2922) to work on /home/tedubuamo/project/venv/lib/python3.12/site-packages/airflow/example_dags/example_params_ui_tutorial.py
[2024-12-03T21:11:29.536+0700] {processor.py:914} INFO - Processing file /home/tedubuamo/project/venv/lib/python3.12/site-packages/airflow/example_dags/example_params_ui_tutorial.py for tasks to queue
[2024-12-03T21:11:29.537+0700] {logging_mixin.py:190} INFO - [2024-12-03T21:11:29.537+0700] {dagbag.py:588} INFO - Filling up the DagBag from /home/tedubuamo/project/venv/lib/python3.12/site-packages/airflow/example_dags/example_params_ui_tutorial.py
[2024-12-03T21:11:29.547+0700] {processor.py:925} INFO - DAG(s) 'example_params_ui_tutorial' retrieved from /home/tedubuamo/project/venv/lib/python3.12/site-packages/airflow/example_dags/example_params_ui_tutorial.py
[2024-12-03T21:11:29.575+0700] {logging_mixin.py:190} INFO - [2024-12-03T21:11:29.575+0700] {dag.py:3239} INFO - Sync 1 DAGs
[2024-12-03T21:11:29.585+0700] {logging_mixin.py:190} INFO - [2024-12-03T21:11:29.584+0700] {dag.py:4180} INFO - Setting next_dagrun for example_params_ui_tutorial to None, run_after=None
[2024-12-03T21:11:29.607+0700] {processor.py:208} INFO - Processing /home/tedubuamo/project/venv/lib/python3.12/site-packages/airflow/example_dags/example_params_ui_tutorial.py took 0.076 seconds
[2024-12-03T21:12:19.596+0700] {processor.py:186} INFO - Started process (PID=3051) to work on /home/tedubuamo/project/venv/lib/python3.12/site-packages/airflow/example_dags/example_params_ui_tutorial.py
[2024-12-03T21:12:19.598+0700] {processor.py:914} INFO - Processing file /home/tedubuamo/project/venv/lib/python3.12/site-packages/airflow/example_dags/example_params_ui_tutorial.py for tasks to queue
[2024-12-03T21:12:19.600+0700] {logging_mixin.py:190} INFO - [2024-12-03T21:12:19.599+0700] {dagbag.py:588} INFO - Filling up the DagBag from /home/tedubuamo/project/venv/lib/python3.12/site-packages/airflow/example_dags/example_params_ui_tutorial.py
[2024-12-03T21:12:19.608+0700] {processor.py:925} INFO - DAG(s) 'example_params_ui_tutorial' retrieved from /home/tedubuamo/project/venv/lib/python3.12/site-packages/airflow/example_dags/example_params_ui_tutorial.py
[2024-12-03T21:12:19.639+0700] {logging_mixin.py:190} INFO - [2024-12-03T21:12:19.639+0700] {dag.py:3239} INFO - Sync 1 DAGs
[2024-12-03T21:12:19.648+0700] {logging_mixin.py:190} INFO - [2024-12-03T21:12:19.648+0700] {dag.py:4180} INFO - Setting next_dagrun for example_params_ui_tutorial to None, run_after=None
[2024-12-03T21:12:19.668+0700] {processor.py:208} INFO - Processing /home/tedubuamo/project/venv/lib/python3.12/site-packages/airflow/example_dags/example_params_ui_tutorial.py took 0.077 seconds
[2024-12-03T21:12:23.566+0700] {processor.py:186} INFO - Started process (PID=3060) to work on /home/tedubuamo/project/venv/lib/python3.12/site-packages/airflow/example_dags/example_params_ui_tutorial.py
[2024-12-03T21:12:23.567+0700] {processor.py:914} INFO - Processing file /home/tedubuamo/project/venv/lib/python3.12/site-packages/airflow/example_dags/example_params_ui_tutorial.py for tasks to queue
[2024-12-03T21:12:23.568+0700] {logging_mixin.py:190} INFO - [2024-12-03T21:12:23.568+0700] {dagbag.py:588} INFO - Filling up the DagBag from /home/tedubuamo/project/venv/lib/python3.12/site-packages/airflow/example_dags/example_params_ui_tutorial.py
[2024-12-03T21:12:23.576+0700] {processor.py:925} INFO - DAG(s) 'example_params_ui_tutorial' retrieved from /home/tedubuamo/project/venv/lib/python3.12/site-packages/airflow/example_dags/example_params_ui_tutorial.py
[2024-12-03T21:12:23.602+0700] {logging_mixin.py:190} INFO - [2024-12-03T21:12:23.602+0700] {dag.py:3239} INFO - Sync 1 DAGs
[2024-12-03T21:12:23.611+0700] {logging_mixin.py:190} INFO - [2024-12-03T21:12:23.610+0700] {dag.py:4180} INFO - Setting next_dagrun for example_params_ui_tutorial to None, run_after=None
[2024-12-03T21:12:23.628+0700] {processor.py:208} INFO - Processing /home/tedubuamo/project/venv/lib/python3.12/site-packages/airflow/example_dags/example_params_ui_tutorial.py took 0.066 seconds
[2024-12-03T21:13:09.021+0700] {processor.py:186} INFO - Started process (PID=3162) to work on /home/tedubuamo/project/venv/lib/python3.12/site-packages/airflow/example_dags/example_params_ui_tutorial.py
[2024-12-03T21:13:09.022+0700] {processor.py:914} INFO - Processing file /home/tedubuamo/project/venv/lib/python3.12/site-packages/airflow/example_dags/example_params_ui_tutorial.py for tasks to queue
[2024-12-03T21:13:09.024+0700] {logging_mixin.py:190} INFO - [2024-12-03T21:13:09.024+0700] {dagbag.py:588} INFO - Filling up the DagBag from /home/tedubuamo/project/venv/lib/python3.12/site-packages/airflow/example_dags/example_params_ui_tutorial.py
[2024-12-03T21:13:09.030+0700] {processor.py:925} INFO - DAG(s) 'example_params_ui_tutorial' retrieved from /home/tedubuamo/project/venv/lib/python3.12/site-packages/airflow/example_dags/example_params_ui_tutorial.py
[2024-12-03T21:13:09.055+0700] {logging_mixin.py:190} INFO - [2024-12-03T21:13:09.055+0700] {dag.py:3239} INFO - Sync 1 DAGs
[2024-12-03T21:13:09.063+0700] {logging_mixin.py:190} INFO - [2024-12-03T21:13:09.063+0700] {dag.py:4180} INFO - Setting next_dagrun for example_params_ui_tutorial to None, run_after=None
[2024-12-03T21:13:09.079+0700] {processor.py:208} INFO - Processing /home/tedubuamo/project/venv/lib/python3.12/site-packages/airflow/example_dags/example_params_ui_tutorial.py took 0.061 seconds
[2024-12-03T21:13:17.681+0700] {processor.py:186} INFO - Started process (PID=3179) to work on /home/tedubuamo/project/venv/lib/python3.12/site-packages/airflow/example_dags/example_params_ui_tutorial.py
[2024-12-03T21:13:17.682+0700] {processor.py:914} INFO - Processing file /home/tedubuamo/project/venv/lib/python3.12/site-packages/airflow/example_dags/example_params_ui_tutorial.py for tasks to queue
[2024-12-03T21:13:17.683+0700] {logging_mixin.py:190} INFO - [2024-12-03T21:13:17.683+0700] {dagbag.py:588} INFO - Filling up the DagBag from /home/tedubuamo/project/venv/lib/python3.12/site-packages/airflow/example_dags/example_params_ui_tutorial.py
[2024-12-03T21:13:17.690+0700] {processor.py:925} INFO - DAG(s) 'example_params_ui_tutorial' retrieved from /home/tedubuamo/project/venv/lib/python3.12/site-packages/airflow/example_dags/example_params_ui_tutorial.py
[2024-12-03T21:13:17.716+0700] {logging_mixin.py:190} INFO - [2024-12-03T21:13:17.715+0700] {dag.py:3239} INFO - Sync 1 DAGs
[2024-12-03T21:13:17.724+0700] {logging_mixin.py:190} INFO - [2024-12-03T21:13:17.724+0700] {dag.py:4180} INFO - Setting next_dagrun for example_params_ui_tutorial to None, run_after=None
[2024-12-03T21:13:17.742+0700] {processor.py:208} INFO - Processing /home/tedubuamo/project/venv/lib/python3.12/site-packages/airflow/example_dags/example_params_ui_tutorial.py took 0.065 seconds
[2024-12-03T21:14:00.848+0700] {processor.py:186} INFO - Started process (PID=3270) to work on /home/tedubuamo/project/venv/lib/python3.12/site-packages/airflow/example_dags/example_params_ui_tutorial.py
[2024-12-03T21:14:00.849+0700] {processor.py:914} INFO - Processing file /home/tedubuamo/project/venv/lib/python3.12/site-packages/airflow/example_dags/example_params_ui_tutorial.py for tasks to queue
[2024-12-03T21:14:00.852+0700] {logging_mixin.py:190} INFO - [2024-12-03T21:14:00.851+0700] {dagbag.py:588} INFO - Filling up the DagBag from /home/tedubuamo/project/venv/lib/python3.12/site-packages/airflow/example_dags/example_params_ui_tutorial.py
[2024-12-03T21:14:00.861+0700] {processor.py:925} INFO - DAG(s) 'example_params_ui_tutorial' retrieved from /home/tedubuamo/project/venv/lib/python3.12/site-packages/airflow/example_dags/example_params_ui_tutorial.py
[2024-12-03T21:14:00.893+0700] {logging_mixin.py:190} INFO - [2024-12-03T21:14:00.893+0700] {dag.py:3239} INFO - Sync 1 DAGs
[2024-12-03T21:14:00.905+0700] {logging_mixin.py:190} INFO - [2024-12-03T21:14:00.905+0700] {dag.py:4180} INFO - Setting next_dagrun for example_params_ui_tutorial to None, run_after=None
[2024-12-03T21:14:00.927+0700] {processor.py:208} INFO - Processing /home/tedubuamo/project/venv/lib/python3.12/site-packages/airflow/example_dags/example_params_ui_tutorial.py took 0.084 seconds
[2024-12-03T21:14:09.646+0700] {processor.py:186} INFO - Started process (PID=3287) to work on /home/tedubuamo/project/venv/lib/python3.12/site-packages/airflow/example_dags/example_params_ui_tutorial.py
[2024-12-03T21:14:09.646+0700] {processor.py:914} INFO - Processing file /home/tedubuamo/project/venv/lib/python3.12/site-packages/airflow/example_dags/example_params_ui_tutorial.py for tasks to queue
[2024-12-03T21:14:09.648+0700] {logging_mixin.py:190} INFO - [2024-12-03T21:14:09.648+0700] {dagbag.py:588} INFO - Filling up the DagBag from /home/tedubuamo/project/venv/lib/python3.12/site-packages/airflow/example_dags/example_params_ui_tutorial.py
[2024-12-03T21:14:09.656+0700] {processor.py:925} INFO - DAG(s) 'example_params_ui_tutorial' retrieved from /home/tedubuamo/project/venv/lib/python3.12/site-packages/airflow/example_dags/example_params_ui_tutorial.py
[2024-12-03T21:14:09.685+0700] {logging_mixin.py:190} INFO - [2024-12-03T21:14:09.685+0700] {dag.py:3239} INFO - Sync 1 DAGs
[2024-12-03T21:14:09.697+0700] {logging_mixin.py:190} INFO - [2024-12-03T21:14:09.696+0700] {dag.py:4180} INFO - Setting next_dagrun for example_params_ui_tutorial to None, run_after=None
[2024-12-03T21:14:09.727+0700] {processor.py:208} INFO - Processing /home/tedubuamo/project/venv/lib/python3.12/site-packages/airflow/example_dags/example_params_ui_tutorial.py took 0.086 seconds
[2024-12-03T21:14:52.677+0700] {processor.py:186} INFO - Started process (PID=3377) to work on /home/tedubuamo/project/venv/lib/python3.12/site-packages/airflow/example_dags/example_params_ui_tutorial.py
[2024-12-03T21:14:52.681+0700] {processor.py:914} INFO - Processing file /home/tedubuamo/project/venv/lib/python3.12/site-packages/airflow/example_dags/example_params_ui_tutorial.py for tasks to queue
[2024-12-03T21:14:52.683+0700] {logging_mixin.py:190} INFO - [2024-12-03T21:14:52.682+0700] {dagbag.py:588} INFO - Filling up the DagBag from /home/tedubuamo/project/venv/lib/python3.12/site-packages/airflow/example_dags/example_params_ui_tutorial.py
[2024-12-03T21:14:52.690+0700] {processor.py:925} INFO - DAG(s) 'example_params_ui_tutorial' retrieved from /home/tedubuamo/project/venv/lib/python3.12/site-packages/airflow/example_dags/example_params_ui_tutorial.py
[2024-12-03T21:14:52.721+0700] {logging_mixin.py:190} INFO - [2024-12-03T21:14:52.721+0700] {dag.py:3239} INFO - Sync 1 DAGs
[2024-12-03T21:14:52.734+0700] {logging_mixin.py:190} INFO - [2024-12-03T21:14:52.733+0700] {dag.py:4180} INFO - Setting next_dagrun for example_params_ui_tutorial to None, run_after=None
[2024-12-03T21:14:52.761+0700] {processor.py:208} INFO - Processing /home/tedubuamo/project/venv/lib/python3.12/site-packages/airflow/example_dags/example_params_ui_tutorial.py took 0.088 seconds
[2024-12-03T21:14:59.301+0700] {processor.py:186} INFO - Started process (PID=3391) to work on /home/tedubuamo/project/venv/lib/python3.12/site-packages/airflow/example_dags/example_params_ui_tutorial.py
[2024-12-03T21:14:59.302+0700] {processor.py:914} INFO - Processing file /home/tedubuamo/project/venv/lib/python3.12/site-packages/airflow/example_dags/example_params_ui_tutorial.py for tasks to queue
[2024-12-03T21:14:59.303+0700] {logging_mixin.py:190} INFO - [2024-12-03T21:14:59.303+0700] {dagbag.py:588} INFO - Filling up the DagBag from /home/tedubuamo/project/venv/lib/python3.12/site-packages/airflow/example_dags/example_params_ui_tutorial.py
[2024-12-03T21:14:59.309+0700] {processor.py:925} INFO - DAG(s) 'example_params_ui_tutorial' retrieved from /home/tedubuamo/project/venv/lib/python3.12/site-packages/airflow/example_dags/example_params_ui_tutorial.py
[2024-12-03T21:14:59.334+0700] {logging_mixin.py:190} INFO - [2024-12-03T21:14:59.334+0700] {dag.py:3239} INFO - Sync 1 DAGs
[2024-12-03T21:14:59.343+0700] {logging_mixin.py:190} INFO - [2024-12-03T21:14:59.342+0700] {dag.py:4180} INFO - Setting next_dagrun for example_params_ui_tutorial to None, run_after=None
[2024-12-03T21:14:59.358+0700] {processor.py:208} INFO - Processing /home/tedubuamo/project/venv/lib/python3.12/site-packages/airflow/example_dags/example_params_ui_tutorial.py took 0.061 seconds
[2024-12-03T21:15:43.362+0700] {processor.py:186} INFO - Started process (PID=3481) to work on /home/tedubuamo/project/venv/lib/python3.12/site-packages/airflow/example_dags/example_params_ui_tutorial.py
[2024-12-03T21:15:43.364+0700] {processor.py:914} INFO - Processing file /home/tedubuamo/project/venv/lib/python3.12/site-packages/airflow/example_dags/example_params_ui_tutorial.py for tasks to queue
[2024-12-03T21:15:43.365+0700] {logging_mixin.py:190} INFO - [2024-12-03T21:15:43.365+0700] {dagbag.py:588} INFO - Filling up the DagBag from /home/tedubuamo/project/venv/lib/python3.12/site-packages/airflow/example_dags/example_params_ui_tutorial.py
[2024-12-03T21:15:43.372+0700] {processor.py:925} INFO - DAG(s) 'example_params_ui_tutorial' retrieved from /home/tedubuamo/project/venv/lib/python3.12/site-packages/airflow/example_dags/example_params_ui_tutorial.py
[2024-12-03T21:15:43.404+0700] {logging_mixin.py:190} INFO - [2024-12-03T21:15:43.403+0700] {dag.py:3239} INFO - Sync 1 DAGs
[2024-12-03T21:15:43.412+0700] {logging_mixin.py:190} INFO - [2024-12-03T21:15:43.412+0700] {dag.py:4180} INFO - Setting next_dagrun for example_params_ui_tutorial to None, run_after=None
[2024-12-03T21:15:43.430+0700] {processor.py:208} INFO - Processing /home/tedubuamo/project/venv/lib/python3.12/site-packages/airflow/example_dags/example_params_ui_tutorial.py took 0.072 seconds
[2024-12-03T21:15:48.331+0700] {processor.py:186} INFO - Started process (PID=3491) to work on /home/tedubuamo/project/venv/lib/python3.12/site-packages/airflow/example_dags/example_params_ui_tutorial.py
[2024-12-03T21:15:48.331+0700] {processor.py:914} INFO - Processing file /home/tedubuamo/project/venv/lib/python3.12/site-packages/airflow/example_dags/example_params_ui_tutorial.py for tasks to queue
[2024-12-03T21:15:48.333+0700] {logging_mixin.py:190} INFO - [2024-12-03T21:15:48.333+0700] {dagbag.py:588} INFO - Filling up the DagBag from /home/tedubuamo/project/venv/lib/python3.12/site-packages/airflow/example_dags/example_params_ui_tutorial.py
[2024-12-03T21:15:48.341+0700] {processor.py:925} INFO - DAG(s) 'example_params_ui_tutorial' retrieved from /home/tedubuamo/project/venv/lib/python3.12/site-packages/airflow/example_dags/example_params_ui_tutorial.py
[2024-12-03T21:15:48.366+0700] {logging_mixin.py:190} INFO - [2024-12-03T21:15:48.366+0700] {dag.py:3239} INFO - Sync 1 DAGs
[2024-12-03T21:15:48.376+0700] {logging_mixin.py:190} INFO - [2024-12-03T21:15:48.375+0700] {dag.py:4180} INFO - Setting next_dagrun for example_params_ui_tutorial to None, run_after=None
[2024-12-03T21:15:48.393+0700] {processor.py:208} INFO - Processing /home/tedubuamo/project/venv/lib/python3.12/site-packages/airflow/example_dags/example_params_ui_tutorial.py took 0.066 seconds
[2024-12-03T21:16:34.998+0700] {processor.py:186} INFO - Started process (PID=3597) to work on /home/tedubuamo/project/venv/lib/python3.12/site-packages/airflow/example_dags/example_params_ui_tutorial.py
[2024-12-03T21:16:34.999+0700] {processor.py:914} INFO - Processing file /home/tedubuamo/project/venv/lib/python3.12/site-packages/airflow/example_dags/example_params_ui_tutorial.py for tasks to queue
[2024-12-03T21:16:35.001+0700] {logging_mixin.py:190} INFO - [2024-12-03T21:16:35.001+0700] {dagbag.py:588} INFO - Filling up the DagBag from /home/tedubuamo/project/venv/lib/python3.12/site-packages/airflow/example_dags/example_params_ui_tutorial.py
[2024-12-03T21:16:35.008+0700] {processor.py:925} INFO - DAG(s) 'example_params_ui_tutorial' retrieved from /home/tedubuamo/project/venv/lib/python3.12/site-packages/airflow/example_dags/example_params_ui_tutorial.py
[2024-12-03T21:16:35.034+0700] {logging_mixin.py:190} INFO - [2024-12-03T21:16:35.033+0700] {dag.py:3239} INFO - Sync 1 DAGs
[2024-12-03T21:16:35.042+0700] {logging_mixin.py:190} INFO - [2024-12-03T21:16:35.042+0700] {dag.py:4180} INFO - Setting next_dagrun for example_params_ui_tutorial to None, run_after=None
[2024-12-03T21:16:35.059+0700] {processor.py:208} INFO - Processing /home/tedubuamo/project/venv/lib/python3.12/site-packages/airflow/example_dags/example_params_ui_tutorial.py took 0.065 seconds
[2024-12-03T21:16:39.802+0700] {processor.py:186} INFO - Started process (PID=3617) to work on /home/tedubuamo/project/venv/lib/python3.12/site-packages/airflow/example_dags/example_params_ui_tutorial.py
[2024-12-03T21:16:39.803+0700] {processor.py:914} INFO - Processing file /home/tedubuamo/project/venv/lib/python3.12/site-packages/airflow/example_dags/example_params_ui_tutorial.py for tasks to queue
[2024-12-03T21:16:39.806+0700] {logging_mixin.py:190} INFO - [2024-12-03T21:16:39.805+0700] {dagbag.py:588} INFO - Filling up the DagBag from /home/tedubuamo/project/venv/lib/python3.12/site-packages/airflow/example_dags/example_params_ui_tutorial.py
[2024-12-03T21:16:39.817+0700] {processor.py:925} INFO - DAG(s) 'example_params_ui_tutorial' retrieved from /home/tedubuamo/project/venv/lib/python3.12/site-packages/airflow/example_dags/example_params_ui_tutorial.py
[2024-12-03T21:16:39.850+0700] {logging_mixin.py:190} INFO - [2024-12-03T21:16:39.850+0700] {dag.py:3239} INFO - Sync 1 DAGs
[2024-12-03T21:16:39.859+0700] {logging_mixin.py:190} INFO - [2024-12-03T21:16:39.859+0700] {dag.py:4180} INFO - Setting next_dagrun for example_params_ui_tutorial to None, run_after=None
[2024-12-03T21:16:39.882+0700] {processor.py:208} INFO - Processing /home/tedubuamo/project/venv/lib/python3.12/site-packages/airflow/example_dags/example_params_ui_tutorial.py took 0.086 seconds
[2024-12-03T21:17:29.389+0700] {processor.py:186} INFO - Started process (PID=3745) to work on /home/tedubuamo/project/venv/lib/python3.12/site-packages/airflow/example_dags/example_params_ui_tutorial.py
[2024-12-03T21:17:29.393+0700] {processor.py:914} INFO - Processing file /home/tedubuamo/project/venv/lib/python3.12/site-packages/airflow/example_dags/example_params_ui_tutorial.py for tasks to queue
[2024-12-03T21:17:29.394+0700] {logging_mixin.py:190} INFO - [2024-12-03T21:17:29.394+0700] {dagbag.py:588} INFO - Filling up the DagBag from /home/tedubuamo/project/venv/lib/python3.12/site-packages/airflow/example_dags/example_params_ui_tutorial.py
[2024-12-03T21:17:29.401+0700] {processor.py:925} INFO - DAG(s) 'example_params_ui_tutorial' retrieved from /home/tedubuamo/project/venv/lib/python3.12/site-packages/airflow/example_dags/example_params_ui_tutorial.py
[2024-12-03T21:17:29.425+0700] {logging_mixin.py:190} INFO - [2024-12-03T21:17:29.425+0700] {dag.py:3239} INFO - Sync 1 DAGs
[2024-12-03T21:17:29.435+0700] {logging_mixin.py:190} INFO - [2024-12-03T21:17:29.435+0700] {dag.py:4180} INFO - Setting next_dagrun for example_params_ui_tutorial to None, run_after=None
[2024-12-03T21:17:29.452+0700] {processor.py:208} INFO - Processing /home/tedubuamo/project/venv/lib/python3.12/site-packages/airflow/example_dags/example_params_ui_tutorial.py took 0.066 seconds
[2024-12-03T21:17:30.215+0700] {processor.py:186} INFO - Started process (PID=3746) to work on /home/tedubuamo/project/venv/lib/python3.12/site-packages/airflow/example_dags/example_params_ui_tutorial.py
[2024-12-03T21:17:30.216+0700] {processor.py:914} INFO - Processing file /home/tedubuamo/project/venv/lib/python3.12/site-packages/airflow/example_dags/example_params_ui_tutorial.py for tasks to queue
[2024-12-03T21:17:30.217+0700] {logging_mixin.py:190} INFO - [2024-12-03T21:17:30.217+0700] {dagbag.py:588} INFO - Filling up the DagBag from /home/tedubuamo/project/venv/lib/python3.12/site-packages/airflow/example_dags/example_params_ui_tutorial.py
[2024-12-03T21:17:30.224+0700] {processor.py:925} INFO - DAG(s) 'example_params_ui_tutorial' retrieved from /home/tedubuamo/project/venv/lib/python3.12/site-packages/airflow/example_dags/example_params_ui_tutorial.py
[2024-12-03T21:17:30.249+0700] {logging_mixin.py:190} INFO - [2024-12-03T21:17:30.248+0700] {dag.py:3239} INFO - Sync 1 DAGs
[2024-12-03T21:17:30.258+0700] {logging_mixin.py:190} INFO - [2024-12-03T21:17:30.257+0700] {dag.py:4180} INFO - Setting next_dagrun for example_params_ui_tutorial to None, run_after=None
[2024-12-03T21:17:30.273+0700] {processor.py:208} INFO - Processing /home/tedubuamo/project/venv/lib/python3.12/site-packages/airflow/example_dags/example_params_ui_tutorial.py took 0.061 seconds
[2024-12-03T21:19:13.949+0700] {processor.py:186} INFO - Started process (PID=3955) to work on /home/tedubuamo/project/venv/lib/python3.12/site-packages/airflow/example_dags/example_params_ui_tutorial.py
[2024-12-03T21:19:13.951+0700] {processor.py:914} INFO - Processing file /home/tedubuamo/project/venv/lib/python3.12/site-packages/airflow/example_dags/example_params_ui_tutorial.py for tasks to queue
[2024-12-03T21:19:13.952+0700] {logging_mixin.py:190} INFO - [2024-12-03T21:19:13.952+0700] {dagbag.py:588} INFO - Filling up the DagBag from /home/tedubuamo/project/venv/lib/python3.12/site-packages/airflow/example_dags/example_params_ui_tutorial.py
[2024-12-03T21:19:13.959+0700] {processor.py:925} INFO - DAG(s) 'example_params_ui_tutorial' retrieved from /home/tedubuamo/project/venv/lib/python3.12/site-packages/airflow/example_dags/example_params_ui_tutorial.py
[2024-12-03T21:19:14.037+0700] {logging_mixin.py:190} INFO - [2024-12-03T21:19:14.037+0700] {dag.py:3239} INFO - Sync 1 DAGs
[2024-12-03T21:19:14.045+0700] {logging_mixin.py:190} INFO - [2024-12-03T21:19:14.045+0700] {dag.py:4180} INFO - Setting next_dagrun for example_params_ui_tutorial to None, run_after=None
[2024-12-03T21:19:14.062+0700] {processor.py:208} INFO - Processing /home/tedubuamo/project/venv/lib/python3.12/site-packages/airflow/example_dags/example_params_ui_tutorial.py took 0.116 seconds
[2024-12-03T21:20:12.117+0700] {processor.py:186} INFO - Started process (PID=4013) to work on /home/tedubuamo/project/venv/lib/python3.12/site-packages/airflow/example_dags/example_params_ui_tutorial.py
[2024-12-03T21:20:12.119+0700] {processor.py:914} INFO - Processing file /home/tedubuamo/project/venv/lib/python3.12/site-packages/airflow/example_dags/example_params_ui_tutorial.py for tasks to queue
[2024-12-03T21:20:12.120+0700] {logging_mixin.py:190} INFO - [2024-12-03T21:20:12.120+0700] {dagbag.py:588} INFO - Filling up the DagBag from /home/tedubuamo/project/venv/lib/python3.12/site-packages/airflow/example_dags/example_params_ui_tutorial.py
[2024-12-03T21:20:12.127+0700] {processor.py:925} INFO - DAG(s) 'example_params_ui_tutorial' retrieved from /home/tedubuamo/project/venv/lib/python3.12/site-packages/airflow/example_dags/example_params_ui_tutorial.py
[2024-12-03T21:20:12.151+0700] {logging_mixin.py:190} INFO - [2024-12-03T21:20:12.151+0700] {dag.py:3239} INFO - Sync 1 DAGs
[2024-12-03T21:20:12.161+0700] {logging_mixin.py:190} INFO - [2024-12-03T21:20:12.161+0700] {dag.py:4180} INFO - Setting next_dagrun for example_params_ui_tutorial to None, run_after=None
[2024-12-03T21:20:12.178+0700] {processor.py:208} INFO - Processing /home/tedubuamo/project/venv/lib/python3.12/site-packages/airflow/example_dags/example_params_ui_tutorial.py took 0.065 seconds
[2024-12-03T21:21:13.652+0700] {processor.py:186} INFO - Started process (PID=4116) to work on /home/tedubuamo/project/venv/lib/python3.12/site-packages/airflow/example_dags/example_params_ui_tutorial.py
[2024-12-03T21:21:13.653+0700] {processor.py:914} INFO - Processing file /home/tedubuamo/project/venv/lib/python3.12/site-packages/airflow/example_dags/example_params_ui_tutorial.py for tasks to queue
[2024-12-03T21:21:13.655+0700] {logging_mixin.py:190} INFO - [2024-12-03T21:21:13.655+0700] {dagbag.py:588} INFO - Filling up the DagBag from /home/tedubuamo/project/venv/lib/python3.12/site-packages/airflow/example_dags/example_params_ui_tutorial.py
[2024-12-03T21:21:13.662+0700] {processor.py:925} INFO - DAG(s) 'example_params_ui_tutorial' retrieved from /home/tedubuamo/project/venv/lib/python3.12/site-packages/airflow/example_dags/example_params_ui_tutorial.py
[2024-12-03T21:21:13.689+0700] {logging_mixin.py:190} INFO - [2024-12-03T21:21:13.689+0700] {dag.py:3239} INFO - Sync 1 DAGs
[2024-12-03T21:21:13.699+0700] {logging_mixin.py:190} INFO - [2024-12-03T21:21:13.699+0700] {dag.py:4180} INFO - Setting next_dagrun for example_params_ui_tutorial to None, run_after=None
[2024-12-03T21:21:13.719+0700] {processor.py:208} INFO - Processing /home/tedubuamo/project/venv/lib/python3.12/site-packages/airflow/example_dags/example_params_ui_tutorial.py took 0.071 seconds
[2024-12-03T21:22:10.814+0700] {processor.py:186} INFO - Started process (PID=4195) to work on /home/tedubuamo/project/venv/lib/python3.12/site-packages/airflow/example_dags/example_params_ui_tutorial.py
[2024-12-03T21:22:10.815+0700] {processor.py:914} INFO - Processing file /home/tedubuamo/project/venv/lib/python3.12/site-packages/airflow/example_dags/example_params_ui_tutorial.py for tasks to queue
[2024-12-03T21:22:10.817+0700] {logging_mixin.py:190} INFO - [2024-12-03T21:22:10.817+0700] {dagbag.py:588} INFO - Filling up the DagBag from /home/tedubuamo/project/venv/lib/python3.12/site-packages/airflow/example_dags/example_params_ui_tutorial.py
[2024-12-03T21:22:10.826+0700] {processor.py:925} INFO - DAG(s) 'example_params_ui_tutorial' retrieved from /home/tedubuamo/project/venv/lib/python3.12/site-packages/airflow/example_dags/example_params_ui_tutorial.py
[2024-12-03T21:22:10.867+0700] {logging_mixin.py:190} INFO - [2024-12-03T21:22:10.866+0700] {dag.py:3239} INFO - Sync 1 DAGs
[2024-12-03T21:22:10.880+0700] {logging_mixin.py:190} INFO - [2024-12-03T21:22:10.880+0700] {dag.py:4180} INFO - Setting next_dagrun for example_params_ui_tutorial to None, run_after=None
[2024-12-03T21:22:10.904+0700] {processor.py:208} INFO - Processing /home/tedubuamo/project/venv/lib/python3.12/site-packages/airflow/example_dags/example_params_ui_tutorial.py took 0.094 seconds
[2024-12-03T21:23:04.487+0700] {processor.py:186} INFO - Started process (PID=4272) to work on /home/tedubuamo/project/venv/lib/python3.12/site-packages/airflow/example_dags/example_params_ui_tutorial.py
[2024-12-03T21:23:04.491+0700] {processor.py:914} INFO - Processing file /home/tedubuamo/project/venv/lib/python3.12/site-packages/airflow/example_dags/example_params_ui_tutorial.py for tasks to queue
[2024-12-03T21:23:04.492+0700] {logging_mixin.py:190} INFO - [2024-12-03T21:23:04.492+0700] {dagbag.py:588} INFO - Filling up the DagBag from /home/tedubuamo/project/venv/lib/python3.12/site-packages/airflow/example_dags/example_params_ui_tutorial.py
[2024-12-03T21:23:04.502+0700] {processor.py:925} INFO - DAG(s) 'example_params_ui_tutorial' retrieved from /home/tedubuamo/project/venv/lib/python3.12/site-packages/airflow/example_dags/example_params_ui_tutorial.py
[2024-12-03T21:23:04.534+0700] {logging_mixin.py:190} INFO - [2024-12-03T21:23:04.534+0700] {dag.py:3239} INFO - Sync 1 DAGs
[2024-12-03T21:23:04.544+0700] {logging_mixin.py:190} INFO - [2024-12-03T21:23:04.544+0700] {dag.py:4180} INFO - Setting next_dagrun for example_params_ui_tutorial to None, run_after=None
[2024-12-03T21:23:04.563+0700] {processor.py:208} INFO - Processing /home/tedubuamo/project/venv/lib/python3.12/site-packages/airflow/example_dags/example_params_ui_tutorial.py took 0.081 seconds
[2024-12-03T21:24:08.347+0700] {processor.py:186} INFO - Started process (PID=4354) to work on /home/tedubuamo/project/venv/lib/python3.12/site-packages/airflow/example_dags/example_params_ui_tutorial.py
[2024-12-03T21:24:08.351+0700] {processor.py:914} INFO - Processing file /home/tedubuamo/project/venv/lib/python3.12/site-packages/airflow/example_dags/example_params_ui_tutorial.py for tasks to queue
[2024-12-03T21:24:08.353+0700] {logging_mixin.py:190} INFO - [2024-12-03T21:24:08.353+0700] {dagbag.py:588} INFO - Filling up the DagBag from /home/tedubuamo/project/venv/lib/python3.12/site-packages/airflow/example_dags/example_params_ui_tutorial.py
[2024-12-03T21:24:08.360+0700] {processor.py:925} INFO - DAG(s) 'example_params_ui_tutorial' retrieved from /home/tedubuamo/project/venv/lib/python3.12/site-packages/airflow/example_dags/example_params_ui_tutorial.py
[2024-12-03T21:24:08.389+0700] {logging_mixin.py:190} INFO - [2024-12-03T21:24:08.388+0700] {dag.py:3239} INFO - Sync 1 DAGs
[2024-12-03T21:24:08.400+0700] {logging_mixin.py:190} INFO - [2024-12-03T21:24:08.399+0700] {dag.py:4180} INFO - Setting next_dagrun for example_params_ui_tutorial to None, run_after=None
[2024-12-03T21:24:08.419+0700] {processor.py:208} INFO - Processing /home/tedubuamo/project/venv/lib/python3.12/site-packages/airflow/example_dags/example_params_ui_tutorial.py took 0.076 seconds
[2024-12-03T21:25:00.639+0700] {processor.py:186} INFO - Started process (PID=4414) to work on /home/tedubuamo/project/venv/lib/python3.12/site-packages/airflow/example_dags/example_params_ui_tutorial.py
[2024-12-03T21:25:00.643+0700] {processor.py:914} INFO - Processing file /home/tedubuamo/project/venv/lib/python3.12/site-packages/airflow/example_dags/example_params_ui_tutorial.py for tasks to queue
[2024-12-03T21:25:00.644+0700] {logging_mixin.py:190} INFO - [2024-12-03T21:25:00.644+0700] {dagbag.py:588} INFO - Filling up the DagBag from /home/tedubuamo/project/venv/lib/python3.12/site-packages/airflow/example_dags/example_params_ui_tutorial.py
[2024-12-03T21:25:00.651+0700] {processor.py:925} INFO - DAG(s) 'example_params_ui_tutorial' retrieved from /home/tedubuamo/project/venv/lib/python3.12/site-packages/airflow/example_dags/example_params_ui_tutorial.py
[2024-12-03T21:25:00.677+0700] {logging_mixin.py:190} INFO - [2024-12-03T21:25:00.677+0700] {dag.py:3239} INFO - Sync 1 DAGs
[2024-12-03T21:25:00.687+0700] {logging_mixin.py:190} INFO - [2024-12-03T21:25:00.687+0700] {dag.py:4180} INFO - Setting next_dagrun for example_params_ui_tutorial to None, run_after=None
[2024-12-03T21:25:00.706+0700] {processor.py:208} INFO - Processing /home/tedubuamo/project/venv/lib/python3.12/site-packages/airflow/example_dags/example_params_ui_tutorial.py took 0.070 seconds
[2024-12-03T21:26:02.715+0700] {processor.py:186} INFO - Started process (PID=4502) to work on /home/tedubuamo/project/venv/lib/python3.12/site-packages/airflow/example_dags/example_params_ui_tutorial.py
[2024-12-03T21:26:02.719+0700] {processor.py:914} INFO - Processing file /home/tedubuamo/project/venv/lib/python3.12/site-packages/airflow/example_dags/example_params_ui_tutorial.py for tasks to queue
[2024-12-03T21:26:02.720+0700] {logging_mixin.py:190} INFO - [2024-12-03T21:26:02.720+0700] {dagbag.py:588} INFO - Filling up the DagBag from /home/tedubuamo/project/venv/lib/python3.12/site-packages/airflow/example_dags/example_params_ui_tutorial.py
[2024-12-03T21:26:02.728+0700] {processor.py:925} INFO - DAG(s) 'example_params_ui_tutorial' retrieved from /home/tedubuamo/project/venv/lib/python3.12/site-packages/airflow/example_dags/example_params_ui_tutorial.py
[2024-12-03T21:26:02.755+0700] {logging_mixin.py:190} INFO - [2024-12-03T21:26:02.754+0700] {dag.py:3239} INFO - Sync 1 DAGs
[2024-12-03T21:26:02.764+0700] {logging_mixin.py:190} INFO - [2024-12-03T21:26:02.764+0700] {dag.py:4180} INFO - Setting next_dagrun for example_params_ui_tutorial to None, run_after=None
[2024-12-03T21:26:02.782+0700] {processor.py:208} INFO - Processing /home/tedubuamo/project/venv/lib/python3.12/site-packages/airflow/example_dags/example_params_ui_tutorial.py took 0.071 seconds
[2024-12-03T21:26:57.822+0700] {processor.py:186} INFO - Started process (PID=4560) to work on /home/tedubuamo/project/venv/lib/python3.12/site-packages/airflow/example_dags/example_params_ui_tutorial.py
[2024-12-03T21:26:57.825+0700] {processor.py:914} INFO - Processing file /home/tedubuamo/project/venv/lib/python3.12/site-packages/airflow/example_dags/example_params_ui_tutorial.py for tasks to queue
[2024-12-03T21:26:57.827+0700] {logging_mixin.py:190} INFO - [2024-12-03T21:26:57.827+0700] {dagbag.py:588} INFO - Filling up the DagBag from /home/tedubuamo/project/venv/lib/python3.12/site-packages/airflow/example_dags/example_params_ui_tutorial.py
[2024-12-03T21:26:57.835+0700] {processor.py:925} INFO - DAG(s) 'example_params_ui_tutorial' retrieved from /home/tedubuamo/project/venv/lib/python3.12/site-packages/airflow/example_dags/example_params_ui_tutorial.py
[2024-12-03T21:26:57.863+0700] {logging_mixin.py:190} INFO - [2024-12-03T21:26:57.863+0700] {dag.py:3239} INFO - Sync 1 DAGs
[2024-12-03T21:26:57.872+0700] {logging_mixin.py:190} INFO - [2024-12-03T21:26:57.872+0700] {dag.py:4180} INFO - Setting next_dagrun for example_params_ui_tutorial to None, run_after=None
[2024-12-03T21:26:57.894+0700] {processor.py:208} INFO - Processing /home/tedubuamo/project/venv/lib/python3.12/site-packages/airflow/example_dags/example_params_ui_tutorial.py took 0.076 seconds
[2024-12-03T21:27:50.410+0700] {processor.py:186} INFO - Started process (PID=4631) to work on /home/tedubuamo/project/venv/lib/python3.12/site-packages/airflow/example_dags/example_params_ui_tutorial.py
[2024-12-03T21:27:50.411+0700] {processor.py:914} INFO - Processing file /home/tedubuamo/project/venv/lib/python3.12/site-packages/airflow/example_dags/example_params_ui_tutorial.py for tasks to queue
[2024-12-03T21:27:50.413+0700] {logging_mixin.py:190} INFO - [2024-12-03T21:27:50.413+0700] {dagbag.py:588} INFO - Filling up the DagBag from /home/tedubuamo/project/venv/lib/python3.12/site-packages/airflow/example_dags/example_params_ui_tutorial.py
[2024-12-03T21:27:50.422+0700] {processor.py:925} INFO - DAG(s) 'example_params_ui_tutorial' retrieved from /home/tedubuamo/project/venv/lib/python3.12/site-packages/airflow/example_dags/example_params_ui_tutorial.py
[2024-12-03T21:27:50.455+0700] {logging_mixin.py:190} INFO - [2024-12-03T21:27:50.455+0700] {dag.py:3239} INFO - Sync 1 DAGs
[2024-12-03T21:27:50.473+0700] {logging_mixin.py:190} INFO - [2024-12-03T21:27:50.472+0700] {dag.py:4180} INFO - Setting next_dagrun for example_params_ui_tutorial to None, run_after=None
[2024-12-03T21:27:50.511+0700] {processor.py:208} INFO - Processing /home/tedubuamo/project/venv/lib/python3.12/site-packages/airflow/example_dags/example_params_ui_tutorial.py took 0.106 seconds
[2024-12-03T21:28:44.675+0700] {processor.py:186} INFO - Started process (PID=4700) to work on /home/tedubuamo/project/venv/lib/python3.12/site-packages/airflow/example_dags/example_params_ui_tutorial.py
[2024-12-03T21:28:44.676+0700] {processor.py:914} INFO - Processing file /home/tedubuamo/project/venv/lib/python3.12/site-packages/airflow/example_dags/example_params_ui_tutorial.py for tasks to queue
[2024-12-03T21:28:44.677+0700] {logging_mixin.py:190} INFO - [2024-12-03T21:28:44.677+0700] {dagbag.py:588} INFO - Filling up the DagBag from /home/tedubuamo/project/venv/lib/python3.12/site-packages/airflow/example_dags/example_params_ui_tutorial.py
[2024-12-03T21:28:44.684+0700] {processor.py:925} INFO - DAG(s) 'example_params_ui_tutorial' retrieved from /home/tedubuamo/project/venv/lib/python3.12/site-packages/airflow/example_dags/example_params_ui_tutorial.py
[2024-12-03T21:28:44.715+0700] {logging_mixin.py:190} INFO - [2024-12-03T21:28:44.714+0700] {dag.py:3239} INFO - Sync 1 DAGs
[2024-12-03T21:28:44.725+0700] {logging_mixin.py:190} INFO - [2024-12-03T21:28:44.724+0700] {dag.py:4180} INFO - Setting next_dagrun for example_params_ui_tutorial to None, run_after=None
[2024-12-03T21:28:44.759+0700] {processor.py:208} INFO - Processing /home/tedubuamo/project/venv/lib/python3.12/site-packages/airflow/example_dags/example_params_ui_tutorial.py took 0.089 seconds
[2024-12-03T21:29:38.012+0700] {processor.py:186} INFO - Started process (PID=4828) to work on /home/tedubuamo/project/venv/lib/python3.12/site-packages/airflow/example_dags/example_params_ui_tutorial.py
[2024-12-03T21:29:38.014+0700] {processor.py:914} INFO - Processing file /home/tedubuamo/project/venv/lib/python3.12/site-packages/airflow/example_dags/example_params_ui_tutorial.py for tasks to queue
[2024-12-03T21:29:38.016+0700] {logging_mixin.py:190} INFO - [2024-12-03T21:29:38.016+0700] {dagbag.py:588} INFO - Filling up the DagBag from /home/tedubuamo/project/venv/lib/python3.12/site-packages/airflow/example_dags/example_params_ui_tutorial.py
[2024-12-03T21:29:38.027+0700] {processor.py:925} INFO - DAG(s) 'example_params_ui_tutorial' retrieved from /home/tedubuamo/project/venv/lib/python3.12/site-packages/airflow/example_dags/example_params_ui_tutorial.py
[2024-12-03T21:29:38.065+0700] {logging_mixin.py:190} INFO - [2024-12-03T21:29:38.064+0700] {dag.py:3239} INFO - Sync 1 DAGs
[2024-12-03T21:29:38.082+0700] {logging_mixin.py:190} INFO - [2024-12-03T21:29:38.082+0700] {dag.py:4180} INFO - Setting next_dagrun for example_params_ui_tutorial to None, run_after=None
[2024-12-03T21:29:38.226+0700] {processor.py:208} INFO - Processing /home/tedubuamo/project/venv/lib/python3.12/site-packages/airflow/example_dags/example_params_ui_tutorial.py took 0.219 seconds
[2024-12-03T21:30:33.076+0700] {processor.py:186} INFO - Started process (PID=4887) to work on /home/tedubuamo/project/venv/lib/python3.12/site-packages/airflow/example_dags/example_params_ui_tutorial.py
[2024-12-03T21:30:33.086+0700] {processor.py:914} INFO - Processing file /home/tedubuamo/project/venv/lib/python3.12/site-packages/airflow/example_dags/example_params_ui_tutorial.py for tasks to queue
[2024-12-03T21:30:33.088+0700] {logging_mixin.py:190} INFO - [2024-12-03T21:30:33.088+0700] {dagbag.py:588} INFO - Filling up the DagBag from /home/tedubuamo/project/venv/lib/python3.12/site-packages/airflow/example_dags/example_params_ui_tutorial.py
[2024-12-03T21:30:33.095+0700] {processor.py:925} INFO - DAG(s) 'example_params_ui_tutorial' retrieved from /home/tedubuamo/project/venv/lib/python3.12/site-packages/airflow/example_dags/example_params_ui_tutorial.py
[2024-12-03T21:30:33.120+0700] {logging_mixin.py:190} INFO - [2024-12-03T21:30:33.119+0700] {dag.py:3239} INFO - Sync 1 DAGs
[2024-12-03T21:30:33.132+0700] {logging_mixin.py:190} INFO - [2024-12-03T21:30:33.131+0700] {dag.py:4180} INFO - Setting next_dagrun for example_params_ui_tutorial to None, run_after=None
[2024-12-03T21:30:33.162+0700] {processor.py:208} INFO - Processing /home/tedubuamo/project/venv/lib/python3.12/site-packages/airflow/example_dags/example_params_ui_tutorial.py took 0.090 seconds
[2024-12-03T21:31:26.891+0700] {processor.py:186} INFO - Started process (PID=4961) to work on /home/tedubuamo/project/venv/lib/python3.12/site-packages/airflow/example_dags/example_params_ui_tutorial.py
[2024-12-03T21:31:26.892+0700] {processor.py:914} INFO - Processing file /home/tedubuamo/project/venv/lib/python3.12/site-packages/airflow/example_dags/example_params_ui_tutorial.py for tasks to queue
[2024-12-03T21:31:26.894+0700] {logging_mixin.py:190} INFO - [2024-12-03T21:31:26.894+0700] {dagbag.py:588} INFO - Filling up the DagBag from /home/tedubuamo/project/venv/lib/python3.12/site-packages/airflow/example_dags/example_params_ui_tutorial.py
[2024-12-03T21:31:26.901+0700] {processor.py:925} INFO - DAG(s) 'example_params_ui_tutorial' retrieved from /home/tedubuamo/project/venv/lib/python3.12/site-packages/airflow/example_dags/example_params_ui_tutorial.py
[2024-12-03T21:31:26.930+0700] {logging_mixin.py:190} INFO - [2024-12-03T21:31:26.929+0700] {dag.py:3239} INFO - Sync 1 DAGs
[2024-12-03T21:31:26.942+0700] {logging_mixin.py:190} INFO - [2024-12-03T21:31:26.942+0700] {dag.py:4180} INFO - Setting next_dagrun for example_params_ui_tutorial to None, run_after=None
[2024-12-03T21:31:26.963+0700] {processor.py:208} INFO - Processing /home/tedubuamo/project/venv/lib/python3.12/site-packages/airflow/example_dags/example_params_ui_tutorial.py took 0.076 seconds
