[2024-12-03T20:58:08.044+0700] {processor.py:186} INFO - Started process (PID=1660) to work on /home/tedubuamo/project/venv/lib/python3.12/site-packages/airflow/example_dags/example_sla_dag.py
[2024-12-03T20:58:08.044+0700] {processor.py:914} INFO - Processing file /home/tedubuamo/project/venv/lib/python3.12/site-packages/airflow/example_dags/example_sla_dag.py for tasks to queue
[2024-12-03T20:58:08.046+0700] {logging_mixin.py:190} INFO - [2024-12-03T20:58:08.046+0700] {dagbag.py:588} INFO - Filling up the DagBag from /home/tedubuamo/project/venv/lib/python3.12/site-packages/airflow/example_dags/example_sla_dag.py
[2024-12-03T20:58:08.053+0700] {processor.py:925} INFO - DAG(s) 'example_sla_dag' retrieved from /home/tedubuamo/project/venv/lib/python3.12/site-packages/airflow/example_dags/example_sla_dag.py
[2024-12-03T20:58:08.118+0700] {logging_mixin.py:190} INFO - [2024-12-03T20:58:08.118+0700] {dag.py:3239} INFO - Sync 1 DAGs
[2024-12-03T20:58:08.131+0700] {logging_mixin.py:190} INFO - [2024-12-03T20:58:08.131+0700] {dag.py:4180} INFO - Setting next_dagrun for example_sla_dag to 2024-12-03 13:56:00+00:00, run_after=2024-12-03 13:58:00+00:00
[2024-12-03T20:58:08.147+0700] {processor.py:208} INFO - Processing /home/tedubuamo/project/venv/lib/python3.12/site-packages/airflow/example_dags/example_sla_dag.py took 0.107 seconds
[2024-12-03T20:59:03.393+0700] {processor.py:186} INFO - Started process (PID=1717) to work on /home/tedubuamo/project/venv/lib/python3.12/site-packages/airflow/example_dags/example_sla_dag.py
[2024-12-03T20:59:03.395+0700] {processor.py:914} INFO - Processing file /home/tedubuamo/project/venv/lib/python3.12/site-packages/airflow/example_dags/example_sla_dag.py for tasks to queue
[2024-12-03T20:59:03.396+0700] {logging_mixin.py:190} INFO - [2024-12-03T20:59:03.396+0700] {dagbag.py:588} INFO - Filling up the DagBag from /home/tedubuamo/project/venv/lib/python3.12/site-packages/airflow/example_dags/example_sla_dag.py
[2024-12-03T20:59:03.404+0700] {processor.py:925} INFO - DAG(s) 'example_sla_dag' retrieved from /home/tedubuamo/project/venv/lib/python3.12/site-packages/airflow/example_dags/example_sla_dag.py
[2024-12-03T20:59:03.413+0700] {logging_mixin.py:190} INFO - [2024-12-03T20:59:03.413+0700] {dag.py:3239} INFO - Sync 1 DAGs
[2024-12-03T20:59:03.427+0700] {logging_mixin.py:190} INFO - [2024-12-03T20:59:03.427+0700] {dag.py:4180} INFO - Setting next_dagrun for example_sla_dag to 2024-12-03 13:56:00+00:00, run_after=2024-12-03 13:58:00+00:00
[2024-12-03T20:59:03.443+0700] {processor.py:208} INFO - Processing /home/tedubuamo/project/venv/lib/python3.12/site-packages/airflow/example_dags/example_sla_dag.py took 0.053 seconds
[2024-12-03T20:59:57.757+0700] {processor.py:186} INFO - Started process (PID=1774) to work on /home/tedubuamo/project/venv/lib/python3.12/site-packages/airflow/example_dags/example_sla_dag.py
[2024-12-03T20:59:57.758+0700] {processor.py:914} INFO - Processing file /home/tedubuamo/project/venv/lib/python3.12/site-packages/airflow/example_dags/example_sla_dag.py for tasks to queue
[2024-12-03T20:59:57.759+0700] {logging_mixin.py:190} INFO - [2024-12-03T20:59:57.759+0700] {dagbag.py:588} INFO - Filling up the DagBag from /home/tedubuamo/project/venv/lib/python3.12/site-packages/airflow/example_dags/example_sla_dag.py
[2024-12-03T20:59:57.766+0700] {processor.py:925} INFO - DAG(s) 'example_sla_dag' retrieved from /home/tedubuamo/project/venv/lib/python3.12/site-packages/airflow/example_dags/example_sla_dag.py
[2024-12-03T20:59:57.777+0700] {logging_mixin.py:190} INFO - [2024-12-03T20:59:57.777+0700] {dag.py:3239} INFO - Sync 1 DAGs
[2024-12-03T20:59:57.791+0700] {logging_mixin.py:190} INFO - [2024-12-03T20:59:57.791+0700] {dag.py:4180} INFO - Setting next_dagrun for example_sla_dag to 2024-12-03 13:56:00+00:00, run_after=2024-12-03 13:58:00+00:00
[2024-12-03T20:59:57.808+0700] {processor.py:208} INFO - Processing /home/tedubuamo/project/venv/lib/python3.12/site-packages/airflow/example_dags/example_sla_dag.py took 0.055 seconds
[2024-12-03T21:01:12.964+0700] {processor.py:186} INFO - Started process (PID=1851) to work on /home/tedubuamo/project/venv/lib/python3.12/site-packages/airflow/example_dags/example_sla_dag.py
[2024-12-03T21:01:12.965+0700] {processor.py:914} INFO - Processing file /home/tedubuamo/project/venv/lib/python3.12/site-packages/airflow/example_dags/example_sla_dag.py for tasks to queue
[2024-12-03T21:01:12.966+0700] {logging_mixin.py:190} INFO - [2024-12-03T21:01:12.966+0700] {dagbag.py:588} INFO - Filling up the DagBag from /home/tedubuamo/project/venv/lib/python3.12/site-packages/airflow/example_dags/example_sla_dag.py
[2024-12-03T21:01:12.974+0700] {processor.py:925} INFO - DAG(s) 'example_sla_dag' retrieved from /home/tedubuamo/project/venv/lib/python3.12/site-packages/airflow/example_dags/example_sla_dag.py
[2024-12-03T21:01:12.984+0700] {logging_mixin.py:190} INFO - [2024-12-03T21:01:12.983+0700] {dag.py:3239} INFO - Sync 1 DAGs
[2024-12-03T21:01:12.998+0700] {logging_mixin.py:190} INFO - [2024-12-03T21:01:12.998+0700] {dag.py:4180} INFO - Setting next_dagrun for example_sla_dag to 2024-12-03 13:58:00+00:00, run_after=2024-12-03 14:00:00+00:00
[2024-12-03T21:01:13.016+0700] {processor.py:208} INFO - Processing /home/tedubuamo/project/venv/lib/python3.12/site-packages/airflow/example_dags/example_sla_dag.py took 0.057 seconds
[2024-12-03T21:05:32.802+0700] {processor.py:186} INFO - Started process (PID=2045) to work on /home/tedubuamo/project/venv/lib/python3.12/site-packages/airflow/example_dags/example_sla_dag.py
[2024-12-03T21:05:32.804+0700] {processor.py:914} INFO - Processing file /home/tedubuamo/project/venv/lib/python3.12/site-packages/airflow/example_dags/example_sla_dag.py for tasks to queue
[2024-12-03T21:05:32.806+0700] {logging_mixin.py:190} INFO - [2024-12-03T21:05:32.805+0700] {dagbag.py:588} INFO - Filling up the DagBag from /home/tedubuamo/project/venv/lib/python3.12/site-packages/airflow/example_dags/example_sla_dag.py
[2024-12-03T21:05:32.813+0700] {processor.py:925} INFO - DAG(s) 'example_sla_dag' retrieved from /home/tedubuamo/project/venv/lib/python3.12/site-packages/airflow/example_dags/example_sla_dag.py
[2024-12-03T21:05:32.822+0700] {logging_mixin.py:190} INFO - [2024-12-03T21:05:32.822+0700] {dag.py:3239} INFO - Sync 1 DAGs
[2024-12-03T21:05:32.837+0700] {logging_mixin.py:190} INFO - [2024-12-03T21:05:32.836+0700] {dag.py:4180} INFO - Setting next_dagrun for example_sla_dag to 2024-12-03 14:02:00+00:00, run_after=2024-12-03 14:04:00+00:00
[2024-12-03T21:05:32.854+0700] {processor.py:208} INFO - Processing /home/tedubuamo/project/venv/lib/python3.12/site-packages/airflow/example_dags/example_sla_dag.py took 0.055 seconds
[2024-12-03T21:06:28.388+0700] {processor.py:186} INFO - Started process (PID=2207) to work on /home/tedubuamo/project/venv/lib/python3.12/site-packages/airflow/example_dags/example_sla_dag.py
[2024-12-03T21:06:28.389+0700] {processor.py:914} INFO - Processing file /home/tedubuamo/project/venv/lib/python3.12/site-packages/airflow/example_dags/example_sla_dag.py for tasks to queue
[2024-12-03T21:06:28.391+0700] {logging_mixin.py:190} INFO - [2024-12-03T21:06:28.391+0700] {dagbag.py:588} INFO - Filling up the DagBag from /home/tedubuamo/project/venv/lib/python3.12/site-packages/airflow/example_dags/example_sla_dag.py
[2024-12-03T21:06:28.399+0700] {processor.py:925} INFO - DAG(s) 'example_sla_dag' retrieved from /home/tedubuamo/project/venv/lib/python3.12/site-packages/airflow/example_dags/example_sla_dag.py
[2024-12-03T21:06:28.409+0700] {logging_mixin.py:190} INFO - [2024-12-03T21:06:28.408+0700] {dag.py:3239} INFO - Sync 1 DAGs
[2024-12-03T21:06:28.424+0700] {logging_mixin.py:190} INFO - [2024-12-03T21:06:28.423+0700] {dag.py:4180} INFO - Setting next_dagrun for example_sla_dag to 2024-12-03 14:04:00+00:00, run_after=2024-12-03 14:06:00+00:00
[2024-12-03T21:06:28.440+0700] {processor.py:208} INFO - Processing /home/tedubuamo/project/venv/lib/python3.12/site-packages/airflow/example_dags/example_sla_dag.py took 0.056 seconds
[2024-12-03T21:06:29.261+0700] {processor.py:186} INFO - Started process (PID=2209) to work on /home/tedubuamo/project/venv/lib/python3.12/site-packages/airflow/example_dags/example_sla_dag.py
[2024-12-03T21:06:29.262+0700] {processor.py:914} INFO - Processing file /home/tedubuamo/project/venv/lib/python3.12/site-packages/airflow/example_dags/example_sla_dag.py for tasks to queue
[2024-12-03T21:06:29.264+0700] {logging_mixin.py:190} INFO - [2024-12-03T21:06:29.264+0700] {dagbag.py:588} INFO - Filling up the DagBag from /home/tedubuamo/project/venv/lib/python3.12/site-packages/airflow/example_dags/example_sla_dag.py
[2024-12-03T21:06:29.275+0700] {processor.py:925} INFO - DAG(s) 'example_sla_dag' retrieved from /home/tedubuamo/project/venv/lib/python3.12/site-packages/airflow/example_dags/example_sla_dag.py
[2024-12-03T21:06:29.288+0700] {logging_mixin.py:190} INFO - [2024-12-03T21:06:29.288+0700] {dag.py:3239} INFO - Sync 1 DAGs
[2024-12-03T21:06:29.303+0700] {logging_mixin.py:190} INFO - [2024-12-03T21:06:29.303+0700] {dag.py:4180} INFO - Setting next_dagrun for example_sla_dag to 2024-12-03 14:04:00+00:00, run_after=2024-12-03 14:06:00+00:00
[2024-12-03T21:06:29.319+0700] {processor.py:208} INFO - Processing /home/tedubuamo/project/venv/lib/python3.12/site-packages/airflow/example_dags/example_sla_dag.py took 0.063 seconds
[2024-12-03T21:07:24.129+0700] {processor.py:186} INFO - Started process (PID=2417) to work on /home/tedubuamo/project/venv/lib/python3.12/site-packages/airflow/example_dags/example_sla_dag.py
[2024-12-03T21:07:24.132+0700] {processor.py:914} INFO - Processing file /home/tedubuamo/project/venv/lib/python3.12/site-packages/airflow/example_dags/example_sla_dag.py for tasks to queue
[2024-12-03T21:07:24.134+0700] {logging_mixin.py:190} INFO - [2024-12-03T21:07:24.134+0700] {dagbag.py:588} INFO - Filling up the DagBag from /home/tedubuamo/project/venv/lib/python3.12/site-packages/airflow/example_dags/example_sla_dag.py
[2024-12-03T21:07:24.142+0700] {processor.py:925} INFO - DAG(s) 'example_sla_dag' retrieved from /home/tedubuamo/project/venv/lib/python3.12/site-packages/airflow/example_dags/example_sla_dag.py
[2024-12-03T21:07:24.150+0700] {processor.py:186} INFO - Started process (PID=2418) to work on /home/tedubuamo/project/venv/lib/python3.12/site-packages/airflow/example_dags/example_sla_dag.py
[2024-12-03T21:07:24.151+0700] {processor.py:914} INFO - Processing file /home/tedubuamo/project/venv/lib/python3.12/site-packages/airflow/example_dags/example_sla_dag.py for tasks to queue
[2024-12-03T21:07:24.152+0700] {logging_mixin.py:190} INFO - [2024-12-03T21:07:24.152+0700] {dagbag.py:588} INFO - Filling up the DagBag from /home/tedubuamo/project/venv/lib/python3.12/site-packages/airflow/example_dags/example_sla_dag.py
[2024-12-03T21:07:24.155+0700] {logging_mixin.py:190} INFO - [2024-12-03T21:07:24.155+0700] {dag.py:3239} INFO - Sync 1 DAGs
[2024-12-03T21:07:24.161+0700] {processor.py:925} INFO - DAG(s) 'example_sla_dag' retrieved from /home/tedubuamo/project/venv/lib/python3.12/site-packages/airflow/example_dags/example_sla_dag.py
[2024-12-03T21:07:24.171+0700] {logging_mixin.py:190} INFO - [2024-12-03T21:07:24.171+0700] {dag.py:3239} INFO - Sync 1 DAGs
[2024-12-03T21:07:24.172+0700] {logging_mixin.py:190} INFO - [2024-12-03T21:07:24.172+0700] {dag.py:4180} INFO - Setting next_dagrun for example_sla_dag to 2024-12-03 14:04:00+00:00, run_after=2024-12-03 14:06:00+00:00
[2024-12-03T21:07:24.188+0700] {processor.py:208} INFO - Processing /home/tedubuamo/project/venv/lib/python3.12/site-packages/airflow/example_dags/example_sla_dag.py took 0.064 seconds
[2024-12-03T21:07:24.197+0700] {logging_mixin.py:190} INFO - [2024-12-03T21:07:24.196+0700] {dag.py:4180} INFO - Setting next_dagrun for example_sla_dag to 2024-12-03 14:04:00+00:00, run_after=2024-12-03 14:06:00+00:00
[2024-12-03T21:07:24.215+0700] {processor.py:208} INFO - Processing /home/tedubuamo/project/venv/lib/python3.12/site-packages/airflow/example_dags/example_sla_dag.py took 0.070 seconds
[2024-12-03T21:08:38.322+0700] {processor.py:186} INFO - Started process (PID=2570) to work on /home/tedubuamo/project/venv/lib/python3.12/site-packages/airflow/example_dags/example_sla_dag.py
[2024-12-03T21:08:38.323+0700] {processor.py:914} INFO - Processing file /home/tedubuamo/project/venv/lib/python3.12/site-packages/airflow/example_dags/example_sla_dag.py for tasks to queue
[2024-12-03T21:08:38.325+0700] {logging_mixin.py:190} INFO - [2024-12-03T21:08:38.324+0700] {dagbag.py:588} INFO - Filling up the DagBag from /home/tedubuamo/project/venv/lib/python3.12/site-packages/airflow/example_dags/example_sla_dag.py
[2024-12-03T21:08:38.332+0700] {processor.py:925} INFO - DAG(s) 'example_sla_dag' retrieved from /home/tedubuamo/project/venv/lib/python3.12/site-packages/airflow/example_dags/example_sla_dag.py
[2024-12-03T21:08:38.342+0700] {logging_mixin.py:190} INFO - [2024-12-03T21:08:38.342+0700] {dag.py:3239} INFO - Sync 1 DAGs
[2024-12-03T21:08:38.357+0700] {logging_mixin.py:190} INFO - [2024-12-03T21:08:38.357+0700] {dag.py:4180} INFO - Setting next_dagrun for example_sla_dag to 2024-12-03 14:06:00+00:00, run_after=2024-12-03 14:08:00+00:00
[2024-12-03T21:08:38.375+0700] {processor.py:208} INFO - Processing /home/tedubuamo/project/venv/lib/python3.12/site-packages/airflow/example_dags/example_sla_dag.py took 0.056 seconds
[2024-12-03T21:08:42.706+0700] {processor.py:186} INFO - Started process (PID=2578) to work on /home/tedubuamo/project/venv/lib/python3.12/site-packages/airflow/example_dags/example_sla_dag.py
[2024-12-03T21:08:42.707+0700] {processor.py:914} INFO - Processing file /home/tedubuamo/project/venv/lib/python3.12/site-packages/airflow/example_dags/example_sla_dag.py for tasks to queue
[2024-12-03T21:08:42.709+0700] {logging_mixin.py:190} INFO - [2024-12-03T21:08:42.709+0700] {dagbag.py:588} INFO - Filling up the DagBag from /home/tedubuamo/project/venv/lib/python3.12/site-packages/airflow/example_dags/example_sla_dag.py
[2024-12-03T21:08:42.721+0700] {processor.py:925} INFO - DAG(s) 'example_sla_dag' retrieved from /home/tedubuamo/project/venv/lib/python3.12/site-packages/airflow/example_dags/example_sla_dag.py
[2024-12-03T21:08:42.740+0700] {logging_mixin.py:190} INFO - [2024-12-03T21:08:42.740+0700] {dag.py:3239} INFO - Sync 1 DAGs
[2024-12-03T21:08:42.769+0700] {logging_mixin.py:190} INFO - [2024-12-03T21:08:42.768+0700] {dag.py:4180} INFO - Setting next_dagrun for example_sla_dag to 2024-12-03 14:06:00+00:00, run_after=2024-12-03 14:08:00+00:00
[2024-12-03T21:08:42.810+0700] {processor.py:208} INFO - Processing /home/tedubuamo/project/venv/lib/python3.12/site-packages/airflow/example_dags/example_sla_dag.py took 0.108 seconds
[2024-12-03T21:09:33.774+0700] {processor.py:186} INFO - Started process (PID=2685) to work on /home/tedubuamo/project/venv/lib/python3.12/site-packages/airflow/example_dags/example_sla_dag.py
[2024-12-03T21:09:33.775+0700] {processor.py:914} INFO - Processing file /home/tedubuamo/project/venv/lib/python3.12/site-packages/airflow/example_dags/example_sla_dag.py for tasks to queue
[2024-12-03T21:09:33.777+0700] {logging_mixin.py:190} INFO - [2024-12-03T21:09:33.777+0700] {dagbag.py:588} INFO - Filling up the DagBag from /home/tedubuamo/project/venv/lib/python3.12/site-packages/airflow/example_dags/example_sla_dag.py
[2024-12-03T21:09:33.805+0700] {processor.py:925} INFO - DAG(s) 'example_sla_dag' retrieved from /home/tedubuamo/project/venv/lib/python3.12/site-packages/airflow/example_dags/example_sla_dag.py
[2024-12-03T21:09:33.826+0700] {logging_mixin.py:190} INFO - [2024-12-03T21:09:33.826+0700] {dag.py:3239} INFO - Sync 1 DAGs
[2024-12-03T21:09:33.850+0700] {logging_mixin.py:190} INFO - [2024-12-03T21:09:33.850+0700] {dag.py:4180} INFO - Setting next_dagrun for example_sla_dag to 2024-12-03 14:06:00+00:00, run_after=2024-12-03 14:08:00+00:00
[2024-12-03T21:09:33.874+0700] {processor.py:208} INFO - Processing /home/tedubuamo/project/venv/lib/python3.12/site-packages/airflow/example_dags/example_sla_dag.py took 0.105 seconds
[2024-12-03T21:09:35.643+0700] {processor.py:186} INFO - Started process (PID=2688) to work on /home/tedubuamo/project/venv/lib/python3.12/site-packages/airflow/example_dags/example_sla_dag.py
[2024-12-03T21:09:35.644+0700] {processor.py:914} INFO - Processing file /home/tedubuamo/project/venv/lib/python3.12/site-packages/airflow/example_dags/example_sla_dag.py for tasks to queue
[2024-12-03T21:09:35.647+0700] {logging_mixin.py:190} INFO - [2024-12-03T21:09:35.646+0700] {dagbag.py:588} INFO - Filling up the DagBag from /home/tedubuamo/project/venv/lib/python3.12/site-packages/airflow/example_dags/example_sla_dag.py
[2024-12-03T21:09:35.656+0700] {processor.py:925} INFO - DAG(s) 'example_sla_dag' retrieved from /home/tedubuamo/project/venv/lib/python3.12/site-packages/airflow/example_dags/example_sla_dag.py
[2024-12-03T21:09:35.667+0700] {logging_mixin.py:190} INFO - [2024-12-03T21:09:35.667+0700] {dag.py:3239} INFO - Sync 1 DAGs
[2024-12-03T21:09:35.684+0700] {logging_mixin.py:190} INFO - [2024-12-03T21:09:35.684+0700] {dag.py:4180} INFO - Setting next_dagrun for example_sla_dag to 2024-12-03 14:06:00+00:00, run_after=2024-12-03 14:08:00+00:00
[2024-12-03T21:09:35.706+0700] {processor.py:208} INFO - Processing /home/tedubuamo/project/venv/lib/python3.12/site-packages/airflow/example_dags/example_sla_dag.py took 0.068 seconds
[2024-12-03T21:10:49.427+0700] {processor.py:186} INFO - Started process (PID=2841) to work on /home/tedubuamo/project/venv/lib/python3.12/site-packages/airflow/example_dags/example_sla_dag.py
[2024-12-03T21:10:49.429+0700] {processor.py:914} INFO - Processing file /home/tedubuamo/project/venv/lib/python3.12/site-packages/airflow/example_dags/example_sla_dag.py for tasks to queue
[2024-12-03T21:10:49.432+0700] {logging_mixin.py:190} INFO - [2024-12-03T21:10:49.431+0700] {dagbag.py:588} INFO - Filling up the DagBag from /home/tedubuamo/project/venv/lib/python3.12/site-packages/airflow/example_dags/example_sla_dag.py
[2024-12-03T21:10:49.452+0700] {processor.py:925} INFO - DAG(s) 'example_sla_dag' retrieved from /home/tedubuamo/project/venv/lib/python3.12/site-packages/airflow/example_dags/example_sla_dag.py
[2024-12-03T21:10:49.486+0700] {logging_mixin.py:190} INFO - [2024-12-03T21:10:49.485+0700] {dag.py:3239} INFO - Sync 1 DAGs
[2024-12-03T21:10:49.524+0700] {logging_mixin.py:190} INFO - [2024-12-03T21:10:49.524+0700] {dag.py:4180} INFO - Setting next_dagrun for example_sla_dag to 2024-12-03 14:08:00+00:00, run_after=2024-12-03 14:10:00+00:00
[2024-12-03T21:10:49.553+0700] {processor.py:208} INFO - Processing /home/tedubuamo/project/venv/lib/python3.12/site-packages/airflow/example_dags/example_sla_dag.py took 0.135 seconds
[2024-12-03T21:10:51.736+0700] {processor.py:186} INFO - Started process (PID=2845) to work on /home/tedubuamo/project/venv/lib/python3.12/site-packages/airflow/example_dags/example_sla_dag.py
[2024-12-03T21:10:51.736+0700] {processor.py:914} INFO - Processing file /home/tedubuamo/project/venv/lib/python3.12/site-packages/airflow/example_dags/example_sla_dag.py for tasks to queue
[2024-12-03T21:10:51.738+0700] {logging_mixin.py:190} INFO - [2024-12-03T21:10:51.737+0700] {dagbag.py:588} INFO - Filling up the DagBag from /home/tedubuamo/project/venv/lib/python3.12/site-packages/airflow/example_dags/example_sla_dag.py
[2024-12-03T21:10:51.745+0700] {processor.py:925} INFO - DAG(s) 'example_sla_dag' retrieved from /home/tedubuamo/project/venv/lib/python3.12/site-packages/airflow/example_dags/example_sla_dag.py
[2024-12-03T21:10:51.755+0700] {logging_mixin.py:190} INFO - [2024-12-03T21:10:51.754+0700] {dag.py:3239} INFO - Sync 1 DAGs
[2024-12-03T21:10:51.772+0700] {logging_mixin.py:190} INFO - [2024-12-03T21:10:51.772+0700] {dag.py:4180} INFO - Setting next_dagrun for example_sla_dag to 2024-12-03 14:08:00+00:00, run_after=2024-12-03 14:10:00+00:00
[2024-12-03T21:10:51.789+0700] {processor.py:208} INFO - Processing /home/tedubuamo/project/venv/lib/python3.12/site-packages/airflow/example_dags/example_sla_dag.py took 0.057 seconds
[2024-12-03T21:11:43.408+0700] {processor.py:186} INFO - Started process (PID=2949) to work on /home/tedubuamo/project/venv/lib/python3.12/site-packages/airflow/example_dags/example_sla_dag.py
[2024-12-03T21:11:43.410+0700] {processor.py:914} INFO - Processing file /home/tedubuamo/project/venv/lib/python3.12/site-packages/airflow/example_dags/example_sla_dag.py for tasks to queue
[2024-12-03T21:11:43.411+0700] {logging_mixin.py:190} INFO - [2024-12-03T21:11:43.411+0700] {dagbag.py:588} INFO - Filling up the DagBag from /home/tedubuamo/project/venv/lib/python3.12/site-packages/airflow/example_dags/example_sla_dag.py
[2024-12-03T21:11:43.420+0700] {processor.py:925} INFO - DAG(s) 'example_sla_dag' retrieved from /home/tedubuamo/project/venv/lib/python3.12/site-packages/airflow/example_dags/example_sla_dag.py
[2024-12-03T21:11:43.430+0700] {logging_mixin.py:190} INFO - [2024-12-03T21:11:43.430+0700] {dag.py:3239} INFO - Sync 1 DAGs
[2024-12-03T21:11:43.445+0700] {logging_mixin.py:190} INFO - [2024-12-03T21:11:43.445+0700] {dag.py:4180} INFO - Setting next_dagrun for example_sla_dag to 2024-12-03 14:08:00+00:00, run_after=2024-12-03 14:10:00+00:00
[2024-12-03T21:11:43.462+0700] {processor.py:208} INFO - Processing /home/tedubuamo/project/venv/lib/python3.12/site-packages/airflow/example_dags/example_sla_dag.py took 0.057 seconds
[2024-12-03T21:12:08.302+0700] {processor.py:186} INFO - Started process (PID=3020) to work on /home/tedubuamo/project/venv/lib/python3.12/site-packages/airflow/example_dags/example_sla_dag.py
[2024-12-03T21:12:08.304+0700] {processor.py:914} INFO - Processing file /home/tedubuamo/project/venv/lib/python3.12/site-packages/airflow/example_dags/example_sla_dag.py for tasks to queue
[2024-12-03T21:12:08.306+0700] {logging_mixin.py:190} INFO - [2024-12-03T21:12:08.305+0700] {dagbag.py:588} INFO - Filling up the DagBag from /home/tedubuamo/project/venv/lib/python3.12/site-packages/airflow/example_dags/example_sla_dag.py
[2024-12-03T21:12:08.314+0700] {processor.py:925} INFO - DAG(s) 'example_sla_dag' retrieved from /home/tedubuamo/project/venv/lib/python3.12/site-packages/airflow/example_dags/example_sla_dag.py
[2024-12-03T21:12:08.326+0700] {logging_mixin.py:190} INFO - [2024-12-03T21:12:08.326+0700] {dag.py:3239} INFO - Sync 1 DAGs
[2024-12-03T21:12:08.347+0700] {logging_mixin.py:190} INFO - [2024-12-03T21:12:08.347+0700] {dag.py:4180} INFO - Setting next_dagrun for example_sla_dag to 2024-12-03 14:10:00+00:00, run_after=2024-12-03 14:12:00+00:00
[2024-12-03T21:12:08.367+0700] {processor.py:208} INFO - Processing /home/tedubuamo/project/venv/lib/python3.12/site-packages/airflow/example_dags/example_sla_dag.py took 0.069 seconds
[2024-12-03T21:12:38.711+0700] {processor.py:186} INFO - Started process (PID=3091) to work on /home/tedubuamo/project/venv/lib/python3.12/site-packages/airflow/example_dags/example_sla_dag.py
[2024-12-03T21:12:38.713+0700] {processor.py:914} INFO - Processing file /home/tedubuamo/project/venv/lib/python3.12/site-packages/airflow/example_dags/example_sla_dag.py for tasks to queue
[2024-12-03T21:12:38.714+0700] {logging_mixin.py:190} INFO - [2024-12-03T21:12:38.714+0700] {dagbag.py:588} INFO - Filling up the DagBag from /home/tedubuamo/project/venv/lib/python3.12/site-packages/airflow/example_dags/example_sla_dag.py
[2024-12-03T21:12:38.723+0700] {processor.py:925} INFO - DAG(s) 'example_sla_dag' retrieved from /home/tedubuamo/project/venv/lib/python3.12/site-packages/airflow/example_dags/example_sla_dag.py
[2024-12-03T21:12:38.733+0700] {logging_mixin.py:190} INFO - [2024-12-03T21:12:38.733+0700] {dag.py:3239} INFO - Sync 1 DAGs
[2024-12-03T21:12:38.749+0700] {logging_mixin.py:190} INFO - [2024-12-03T21:12:38.749+0700] {dag.py:4180} INFO - Setting next_dagrun for example_sla_dag to 2024-12-03 14:10:00+00:00, run_after=2024-12-03 14:12:00+00:00
[2024-12-03T21:12:38.767+0700] {processor.py:208} INFO - Processing /home/tedubuamo/project/venv/lib/python3.12/site-packages/airflow/example_dags/example_sla_dag.py took 0.059 seconds
[2024-12-03T21:13:24.943+0700] {processor.py:186} INFO - Started process (PID=3192) to work on /home/tedubuamo/project/venv/lib/python3.12/site-packages/airflow/example_dags/example_sla_dag.py
[2024-12-03T21:13:24.947+0700] {processor.py:914} INFO - Processing file /home/tedubuamo/project/venv/lib/python3.12/site-packages/airflow/example_dags/example_sla_dag.py for tasks to queue
[2024-12-03T21:13:24.948+0700] {logging_mixin.py:190} INFO - [2024-12-03T21:13:24.948+0700] {dagbag.py:588} INFO - Filling up the DagBag from /home/tedubuamo/project/venv/lib/python3.12/site-packages/airflow/example_dags/example_sla_dag.py
[2024-12-03T21:13:24.956+0700] {processor.py:925} INFO - DAG(s) 'example_sla_dag' retrieved from /home/tedubuamo/project/venv/lib/python3.12/site-packages/airflow/example_dags/example_sla_dag.py
[2024-12-03T21:13:24.967+0700] {logging_mixin.py:190} INFO - [2024-12-03T21:13:24.967+0700] {dag.py:3239} INFO - Sync 1 DAGs
[2024-12-03T21:13:24.983+0700] {logging_mixin.py:190} INFO - [2024-12-03T21:13:24.983+0700] {dag.py:4180} INFO - Setting next_dagrun for example_sla_dag to 2024-12-03 14:10:00+00:00, run_after=2024-12-03 14:12:00+00:00
[2024-12-03T21:13:24.999+0700] {processor.py:208} INFO - Processing /home/tedubuamo/project/venv/lib/python3.12/site-packages/airflow/example_dags/example_sla_dag.py took 0.060 seconds
[2024-12-03T21:13:54.509+0700] {processor.py:186} INFO - Started process (PID=3257) to work on /home/tedubuamo/project/venv/lib/python3.12/site-packages/airflow/example_dags/example_sla_dag.py
[2024-12-03T21:13:54.521+0700] {processor.py:914} INFO - Processing file /home/tedubuamo/project/venv/lib/python3.12/site-packages/airflow/example_dags/example_sla_dag.py for tasks to queue
[2024-12-03T21:13:54.523+0700] {logging_mixin.py:190} INFO - [2024-12-03T21:13:54.522+0700] {dagbag.py:588} INFO - Filling up the DagBag from /home/tedubuamo/project/venv/lib/python3.12/site-packages/airflow/example_dags/example_sla_dag.py
[2024-12-03T21:13:54.530+0700] {processor.py:925} INFO - DAG(s) 'example_sla_dag' retrieved from /home/tedubuamo/project/venv/lib/python3.12/site-packages/airflow/example_dags/example_sla_dag.py
[2024-12-03T21:13:54.543+0700] {logging_mixin.py:190} INFO - [2024-12-03T21:13:54.542+0700] {dag.py:3239} INFO - Sync 1 DAGs
[2024-12-03T21:13:54.558+0700] {logging_mixin.py:190} INFO - [2024-12-03T21:13:54.558+0700] {dag.py:4180} INFO - Setting next_dagrun for example_sla_dag to 2024-12-03 14:10:00+00:00, run_after=2024-12-03 14:12:00+00:00
[2024-12-03T21:13:54.578+0700] {processor.py:208} INFO - Processing /home/tedubuamo/project/venv/lib/python3.12/site-packages/airflow/example_dags/example_sla_dag.py took 0.073 seconds
[2024-12-03T21:14:41.404+0700] {processor.py:186} INFO - Started process (PID=3353) to work on /home/tedubuamo/project/venv/lib/python3.12/site-packages/airflow/example_dags/example_sla_dag.py
[2024-12-03T21:14:41.405+0700] {processor.py:914} INFO - Processing file /home/tedubuamo/project/venv/lib/python3.12/site-packages/airflow/example_dags/example_sla_dag.py for tasks to queue
[2024-12-03T21:14:41.406+0700] {logging_mixin.py:190} INFO - [2024-12-03T21:14:41.406+0700] {dagbag.py:588} INFO - Filling up the DagBag from /home/tedubuamo/project/venv/lib/python3.12/site-packages/airflow/example_dags/example_sla_dag.py
[2024-12-03T21:14:41.414+0700] {processor.py:925} INFO - DAG(s) 'example_sla_dag' retrieved from /home/tedubuamo/project/venv/lib/python3.12/site-packages/airflow/example_dags/example_sla_dag.py
[2024-12-03T21:14:41.424+0700] {logging_mixin.py:190} INFO - [2024-12-03T21:14:41.424+0700] {dag.py:3239} INFO - Sync 1 DAGs
[2024-12-03T21:14:41.439+0700] {logging_mixin.py:190} INFO - [2024-12-03T21:14:41.438+0700] {dag.py:4180} INFO - Setting next_dagrun for example_sla_dag to 2024-12-03 14:12:00+00:00, run_after=2024-12-03 14:14:00+00:00
[2024-12-03T21:14:41.455+0700] {processor.py:208} INFO - Processing /home/tedubuamo/project/venv/lib/python3.12/site-packages/airflow/example_dags/example_sla_dag.py took 0.055 seconds
[2024-12-03T21:14:48.771+0700] {processor.py:186} INFO - Started process (PID=3368) to work on /home/tedubuamo/project/venv/lib/python3.12/site-packages/airflow/example_dags/example_sla_dag.py
[2024-12-03T21:14:48.773+0700] {processor.py:914} INFO - Processing file /home/tedubuamo/project/venv/lib/python3.12/site-packages/airflow/example_dags/example_sla_dag.py for tasks to queue
[2024-12-03T21:14:48.774+0700] {logging_mixin.py:190} INFO - [2024-12-03T21:14:48.774+0700] {dagbag.py:588} INFO - Filling up the DagBag from /home/tedubuamo/project/venv/lib/python3.12/site-packages/airflow/example_dags/example_sla_dag.py
[2024-12-03T21:14:48.782+0700] {processor.py:925} INFO - DAG(s) 'example_sla_dag' retrieved from /home/tedubuamo/project/venv/lib/python3.12/site-packages/airflow/example_dags/example_sla_dag.py
[2024-12-03T21:14:48.791+0700] {logging_mixin.py:190} INFO - [2024-12-03T21:14:48.791+0700] {dag.py:3239} INFO - Sync 1 DAGs
[2024-12-03T21:14:48.806+0700] {logging_mixin.py:190} INFO - [2024-12-03T21:14:48.805+0700] {dag.py:4180} INFO - Setting next_dagrun for example_sla_dag to 2024-12-03 14:12:00+00:00, run_after=2024-12-03 14:14:00+00:00
[2024-12-03T21:14:48.824+0700] {processor.py:208} INFO - Processing /home/tedubuamo/project/venv/lib/python3.12/site-packages/airflow/example_dags/example_sla_dag.py took 0.057 seconds
[2024-12-03T21:15:56.580+0700] {processor.py:186} INFO - Started process (PID=3517) to work on /home/tedubuamo/project/venv/lib/python3.12/site-packages/airflow/example_dags/example_sla_dag.py
[2024-12-03T21:15:56.582+0700] {processor.py:914} INFO - Processing file /home/tedubuamo/project/venv/lib/python3.12/site-packages/airflow/example_dags/example_sla_dag.py for tasks to queue
[2024-12-03T21:15:56.583+0700] {logging_mixin.py:190} INFO - [2024-12-03T21:15:56.583+0700] {dagbag.py:588} INFO - Filling up the DagBag from /home/tedubuamo/project/venv/lib/python3.12/site-packages/airflow/example_dags/example_sla_dag.py
[2024-12-03T21:15:56.591+0700] {processor.py:925} INFO - DAG(s) 'example_sla_dag' retrieved from /home/tedubuamo/project/venv/lib/python3.12/site-packages/airflow/example_dags/example_sla_dag.py
[2024-12-03T21:15:56.601+0700] {logging_mixin.py:190} INFO - [2024-12-03T21:15:56.600+0700] {dag.py:3239} INFO - Sync 1 DAGs
[2024-12-03T21:15:56.615+0700] {logging_mixin.py:190} INFO - [2024-12-03T21:15:56.614+0700] {dag.py:4180} INFO - Setting next_dagrun for example_sla_dag to 2024-12-03 14:12:00+00:00, run_after=2024-12-03 14:14:00+00:00
[2024-12-03T21:15:56.632+0700] {processor.py:208} INFO - Processing /home/tedubuamo/project/venv/lib/python3.12/site-packages/airflow/example_dags/example_sla_dag.py took 0.056 seconds
[2024-12-03T21:16:03.285+0700] {processor.py:186} INFO - Started process (PID=3531) to work on /home/tedubuamo/project/venv/lib/python3.12/site-packages/airflow/example_dags/example_sla_dag.py
[2024-12-03T21:16:03.286+0700] {processor.py:914} INFO - Processing file /home/tedubuamo/project/venv/lib/python3.12/site-packages/airflow/example_dags/example_sla_dag.py for tasks to queue
[2024-12-03T21:16:03.288+0700] {logging_mixin.py:190} INFO - [2024-12-03T21:16:03.287+0700] {dagbag.py:588} INFO - Filling up the DagBag from /home/tedubuamo/project/venv/lib/python3.12/site-packages/airflow/example_dags/example_sla_dag.py
[2024-12-03T21:16:03.297+0700] {processor.py:925} INFO - DAG(s) 'example_sla_dag' retrieved from /home/tedubuamo/project/venv/lib/python3.12/site-packages/airflow/example_dags/example_sla_dag.py
[2024-12-03T21:16:03.310+0700] {logging_mixin.py:190} INFO - [2024-12-03T21:16:03.310+0700] {dag.py:3239} INFO - Sync 1 DAGs
[2024-12-03T21:16:03.331+0700] {logging_mixin.py:190} INFO - [2024-12-03T21:16:03.330+0700] {dag.py:4180} INFO - Setting next_dagrun for example_sla_dag to 2024-12-03 14:14:00+00:00, run_after=2024-12-03 14:16:00+00:00
[2024-12-03T21:16:03.371+0700] {processor.py:208} INFO - Processing /home/tedubuamo/project/venv/lib/python3.12/site-packages/airflow/example_dags/example_sla_dag.py took 0.090 seconds
[2024-12-03T21:16:51.270+0700] {processor.py:186} INFO - Started process (PID=3654) to work on /home/tedubuamo/project/venv/lib/python3.12/site-packages/airflow/example_dags/example_sla_dag.py
[2024-12-03T21:16:51.271+0700] {processor.py:914} INFO - Processing file /home/tedubuamo/project/venv/lib/python3.12/site-packages/airflow/example_dags/example_sla_dag.py for tasks to queue
[2024-12-03T21:16:51.273+0700] {logging_mixin.py:190} INFO - [2024-12-03T21:16:51.273+0700] {dagbag.py:588} INFO - Filling up the DagBag from /home/tedubuamo/project/venv/lib/python3.12/site-packages/airflow/example_dags/example_sla_dag.py
[2024-12-03T21:16:51.281+0700] {processor.py:925} INFO - DAG(s) 'example_sla_dag' retrieved from /home/tedubuamo/project/venv/lib/python3.12/site-packages/airflow/example_dags/example_sla_dag.py
[2024-12-03T21:16:51.292+0700] {logging_mixin.py:190} INFO - [2024-12-03T21:16:51.292+0700] {dag.py:3239} INFO - Sync 1 DAGs
[2024-12-03T21:16:51.307+0700] {logging_mixin.py:190} INFO - [2024-12-03T21:16:51.307+0700] {dag.py:4180} INFO - Setting next_dagrun for example_sla_dag to 2024-12-03 14:14:00+00:00, run_after=2024-12-03 14:16:00+00:00
[2024-12-03T21:16:51.323+0700] {processor.py:208} INFO - Processing /home/tedubuamo/project/venv/lib/python3.12/site-packages/airflow/example_dags/example_sla_dag.py took 0.057 seconds
[2024-12-03T21:17:18.941+0700] {processor.py:186} INFO - Started process (PID=3712) to work on /home/tedubuamo/project/venv/lib/python3.12/site-packages/airflow/example_dags/example_sla_dag.py
[2024-12-03T21:17:18.945+0700] {processor.py:914} INFO - Processing file /home/tedubuamo/project/venv/lib/python3.12/site-packages/airflow/example_dags/example_sla_dag.py for tasks to queue
[2024-12-03T21:17:18.946+0700] {logging_mixin.py:190} INFO - [2024-12-03T21:17:18.946+0700] {dagbag.py:588} INFO - Filling up the DagBag from /home/tedubuamo/project/venv/lib/python3.12/site-packages/airflow/example_dags/example_sla_dag.py
[2024-12-03T21:17:18.953+0700] {processor.py:925} INFO - DAG(s) 'example_sla_dag' retrieved from /home/tedubuamo/project/venv/lib/python3.12/site-packages/airflow/example_dags/example_sla_dag.py
[2024-12-03T21:17:18.963+0700] {logging_mixin.py:190} INFO - [2024-12-03T21:17:18.963+0700] {dag.py:3239} INFO - Sync 1 DAGs
[2024-12-03T21:17:18.978+0700] {logging_mixin.py:190} INFO - [2024-12-03T21:17:18.978+0700] {dag.py:4180} INFO - Setting next_dagrun for example_sla_dag to 2024-12-03 14:14:00+00:00, run_after=2024-12-03 14:16:00+00:00
[2024-12-03T21:17:18.995+0700] {processor.py:208} INFO - Processing /home/tedubuamo/project/venv/lib/python3.12/site-packages/airflow/example_dags/example_sla_dag.py took 0.058 seconds
[2024-12-03T21:17:45.021+0700] {processor.py:186} INFO - Started process (PID=3777) to work on /home/tedubuamo/project/venv/lib/python3.12/site-packages/airflow/example_dags/example_sla_dag.py
[2024-12-03T21:17:45.022+0700] {processor.py:914} INFO - Processing file /home/tedubuamo/project/venv/lib/python3.12/site-packages/airflow/example_dags/example_sla_dag.py for tasks to queue
[2024-12-03T21:17:45.024+0700] {logging_mixin.py:190} INFO - [2024-12-03T21:17:45.023+0700] {dagbag.py:588} INFO - Filling up the DagBag from /home/tedubuamo/project/venv/lib/python3.12/site-packages/airflow/example_dags/example_sla_dag.py
[2024-12-03T21:17:45.031+0700] {processor.py:925} INFO - DAG(s) 'example_sla_dag' retrieved from /home/tedubuamo/project/venv/lib/python3.12/site-packages/airflow/example_dags/example_sla_dag.py
[2024-12-03T21:17:45.041+0700] {logging_mixin.py:190} INFO - [2024-12-03T21:17:45.041+0700] {dag.py:3239} INFO - Sync 1 DAGs
[2024-12-03T21:17:45.057+0700] {logging_mixin.py:190} INFO - [2024-12-03T21:17:45.057+0700] {dag.py:4180} INFO - Setting next_dagrun for example_sla_dag to 2024-12-03 14:14:00+00:00, run_after=2024-12-03 14:16:00+00:00
[2024-12-03T21:17:45.074+0700] {processor.py:208} INFO - Processing /home/tedubuamo/project/venv/lib/python3.12/site-packages/airflow/example_dags/example_sla_dag.py took 0.057 seconds
[2024-12-03T21:19:32.795+0700] {processor.py:186} INFO - Started process (PID=3973) to work on /home/tedubuamo/project/venv/lib/python3.12/site-packages/airflow/example_dags/example_sla_dag.py
[2024-12-03T21:19:32.799+0700] {processor.py:914} INFO - Processing file /home/tedubuamo/project/venv/lib/python3.12/site-packages/airflow/example_dags/example_sla_dag.py for tasks to queue
[2024-12-03T21:19:32.801+0700] {logging_mixin.py:190} INFO - [2024-12-03T21:19:32.801+0700] {dagbag.py:588} INFO - Filling up the DagBag from /home/tedubuamo/project/venv/lib/python3.12/site-packages/airflow/example_dags/example_sla_dag.py
[2024-12-03T21:19:32.809+0700] {processor.py:925} INFO - DAG(s) 'example_sla_dag' retrieved from /home/tedubuamo/project/venv/lib/python3.12/site-packages/airflow/example_dags/example_sla_dag.py
[2024-12-03T21:19:32.873+0700] {logging_mixin.py:190} INFO - [2024-12-03T21:19:32.872+0700] {dag.py:3239} INFO - Sync 1 DAGs
[2024-12-03T21:19:32.886+0700] {logging_mixin.py:190} INFO - [2024-12-03T21:19:32.886+0700] {dag.py:4180} INFO - Setting next_dagrun for example_sla_dag to 2024-12-03 14:16:00+00:00, run_after=2024-12-03 14:18:00+00:00
[2024-12-03T21:19:32.904+0700] {processor.py:208} INFO - Processing /home/tedubuamo/project/venv/lib/python3.12/site-packages/airflow/example_dags/example_sla_dag.py took 0.113 seconds
[2024-12-03T21:20:39.465+0700] {processor.py:186} INFO - Started process (PID=4079) to work on /home/tedubuamo/project/venv/lib/python3.12/site-packages/airflow/example_dags/example_sla_dag.py
[2024-12-03T21:20:39.467+0700] {processor.py:914} INFO - Processing file /home/tedubuamo/project/venv/lib/python3.12/site-packages/airflow/example_dags/example_sla_dag.py for tasks to queue
[2024-12-03T21:20:39.469+0700] {logging_mixin.py:190} INFO - [2024-12-03T21:20:39.469+0700] {dagbag.py:588} INFO - Filling up the DagBag from /home/tedubuamo/project/venv/lib/python3.12/site-packages/airflow/example_dags/example_sla_dag.py
[2024-12-03T21:20:39.480+0700] {processor.py:925} INFO - DAG(s) 'example_sla_dag' retrieved from /home/tedubuamo/project/venv/lib/python3.12/site-packages/airflow/example_dags/example_sla_dag.py
[2024-12-03T21:20:39.495+0700] {logging_mixin.py:190} INFO - [2024-12-03T21:20:39.494+0700] {dag.py:3239} INFO - Sync 1 DAGs
[2024-12-03T21:20:39.516+0700] {logging_mixin.py:190} INFO - [2024-12-03T21:20:39.516+0700] {dag.py:4180} INFO - Setting next_dagrun for example_sla_dag to 2024-12-03 14:18:00+00:00, run_after=2024-12-03 14:20:00+00:00
[2024-12-03T21:20:39.542+0700] {processor.py:208} INFO - Processing /home/tedubuamo/project/venv/lib/python3.12/site-packages/airflow/example_dags/example_sla_dag.py took 0.082 seconds
[2024-12-03T21:21:39.939+0700] {processor.py:186} INFO - Started process (PID=4148) to work on /home/tedubuamo/project/venv/lib/python3.12/site-packages/airflow/example_dags/example_sla_dag.py
[2024-12-03T21:21:39.940+0700] {processor.py:914} INFO - Processing file /home/tedubuamo/project/venv/lib/python3.12/site-packages/airflow/example_dags/example_sla_dag.py for tasks to queue
[2024-12-03T21:21:39.942+0700] {logging_mixin.py:190} INFO - [2024-12-03T21:21:39.942+0700] {dagbag.py:588} INFO - Filling up the DagBag from /home/tedubuamo/project/venv/lib/python3.12/site-packages/airflow/example_dags/example_sla_dag.py
[2024-12-03T21:21:39.950+0700] {processor.py:925} INFO - DAG(s) 'example_sla_dag' retrieved from /home/tedubuamo/project/venv/lib/python3.12/site-packages/airflow/example_dags/example_sla_dag.py
[2024-12-03T21:21:39.961+0700] {logging_mixin.py:190} INFO - [2024-12-03T21:21:39.960+0700] {dag.py:3239} INFO - Sync 1 DAGs
[2024-12-03T21:21:39.976+0700] {logging_mixin.py:190} INFO - [2024-12-03T21:21:39.976+0700] {dag.py:4180} INFO - Setting next_dagrun for example_sla_dag to 2024-12-03 14:18:00+00:00, run_after=2024-12-03 14:20:00+00:00
[2024-12-03T21:21:39.994+0700] {processor.py:208} INFO - Processing /home/tedubuamo/project/venv/lib/python3.12/site-packages/airflow/example_dags/example_sla_dag.py took 0.059 seconds
[2024-12-03T21:22:33.805+0700] {processor.py:186} INFO - Started process (PID=4239) to work on /home/tedubuamo/project/venv/lib/python3.12/site-packages/airflow/example_dags/example_sla_dag.py
[2024-12-03T21:22:33.807+0700] {processor.py:914} INFO - Processing file /home/tedubuamo/project/venv/lib/python3.12/site-packages/airflow/example_dags/example_sla_dag.py for tasks to queue
[2024-12-03T21:22:33.809+0700] {logging_mixin.py:190} INFO - [2024-12-03T21:22:33.809+0700] {dagbag.py:588} INFO - Filling up the DagBag from /home/tedubuamo/project/venv/lib/python3.12/site-packages/airflow/example_dags/example_sla_dag.py
[2024-12-03T21:22:33.820+0700] {processor.py:925} INFO - DAG(s) 'example_sla_dag' retrieved from /home/tedubuamo/project/venv/lib/python3.12/site-packages/airflow/example_dags/example_sla_dag.py
[2024-12-03T21:22:33.841+0700] {logging_mixin.py:190} INFO - [2024-12-03T21:22:33.841+0700] {dag.py:3239} INFO - Sync 1 DAGs
[2024-12-03T21:22:33.863+0700] {logging_mixin.py:190} INFO - [2024-12-03T21:22:33.863+0700] {dag.py:4180} INFO - Setting next_dagrun for example_sla_dag to 2024-12-03 14:20:00+00:00, run_after=2024-12-03 14:22:00+00:00
[2024-12-03T21:22:33.892+0700] {processor.py:208} INFO - Processing /home/tedubuamo/project/venv/lib/python3.12/site-packages/airflow/example_dags/example_sla_dag.py took 0.093 seconds
[2024-12-03T21:23:29.670+0700] {processor.py:186} INFO - Started process (PID=4297) to work on /home/tedubuamo/project/venv/lib/python3.12/site-packages/airflow/example_dags/example_sla_dag.py
[2024-12-03T21:23:29.673+0700] {processor.py:914} INFO - Processing file /home/tedubuamo/project/venv/lib/python3.12/site-packages/airflow/example_dags/example_sla_dag.py for tasks to queue
[2024-12-03T21:23:29.675+0700] {logging_mixin.py:190} INFO - [2024-12-03T21:23:29.675+0700] {dagbag.py:588} INFO - Filling up the DagBag from /home/tedubuamo/project/venv/lib/python3.12/site-packages/airflow/example_dags/example_sla_dag.py
[2024-12-03T21:23:29.685+0700] {processor.py:925} INFO - DAG(s) 'example_sla_dag' retrieved from /home/tedubuamo/project/venv/lib/python3.12/site-packages/airflow/example_dags/example_sla_dag.py
[2024-12-03T21:23:29.697+0700] {logging_mixin.py:190} INFO - [2024-12-03T21:23:29.697+0700] {dag.py:3239} INFO - Sync 1 DAGs
[2024-12-03T21:23:29.718+0700] {logging_mixin.py:190} INFO - [2024-12-03T21:23:29.718+0700] {dag.py:4180} INFO - Setting next_dagrun for example_sla_dag to 2024-12-03 14:20:00+00:00, run_after=2024-12-03 14:22:00+00:00
[2024-12-03T21:23:29.738+0700] {processor.py:208} INFO - Processing /home/tedubuamo/project/venv/lib/python3.12/site-packages/airflow/example_dags/example_sla_dag.py took 0.073 seconds
[2024-12-03T21:24:25.886+0700] {processor.py:186} INFO - Started process (PID=4376) to work on /home/tedubuamo/project/venv/lib/python3.12/site-packages/airflow/example_dags/example_sla_dag.py
[2024-12-03T21:24:25.889+0700] {processor.py:914} INFO - Processing file /home/tedubuamo/project/venv/lib/python3.12/site-packages/airflow/example_dags/example_sla_dag.py for tasks to queue
[2024-12-03T21:24:25.891+0700] {logging_mixin.py:190} INFO - [2024-12-03T21:24:25.891+0700] {dagbag.py:588} INFO - Filling up the DagBag from /home/tedubuamo/project/venv/lib/python3.12/site-packages/airflow/example_dags/example_sla_dag.py
[2024-12-03T21:24:25.899+0700] {processor.py:925} INFO - DAG(s) 'example_sla_dag' retrieved from /home/tedubuamo/project/venv/lib/python3.12/site-packages/airflow/example_dags/example_sla_dag.py
[2024-12-03T21:24:25.910+0700] {logging_mixin.py:190} INFO - [2024-12-03T21:24:25.910+0700] {dag.py:3239} INFO - Sync 1 DAGs
[2024-12-03T21:24:25.926+0700] {logging_mixin.py:190} INFO - [2024-12-03T21:24:25.926+0700] {dag.py:4180} INFO - Setting next_dagrun for example_sla_dag to 2024-12-03 14:22:00+00:00, run_after=2024-12-03 14:24:00+00:00
[2024-12-03T21:24:25.944+0700] {processor.py:208} INFO - Processing /home/tedubuamo/project/venv/lib/python3.12/site-packages/airflow/example_dags/example_sla_dag.py took 0.063 seconds
[2024-12-03T21:25:47.543+0700] {processor.py:186} INFO - Started process (PID=4486) to work on /home/tedubuamo/project/venv/lib/python3.12/site-packages/airflow/example_dags/example_sla_dag.py
[2024-12-03T21:25:47.545+0700] {processor.py:914} INFO - Processing file /home/tedubuamo/project/venv/lib/python3.12/site-packages/airflow/example_dags/example_sla_dag.py for tasks to queue
[2024-12-03T21:25:47.547+0700] {logging_mixin.py:190} INFO - [2024-12-03T21:25:47.546+0700] {dagbag.py:588} INFO - Filling up the DagBag from /home/tedubuamo/project/venv/lib/python3.12/site-packages/airflow/example_dags/example_sla_dag.py
[2024-12-03T21:25:47.556+0700] {processor.py:925} INFO - DAG(s) 'example_sla_dag' retrieved from /home/tedubuamo/project/venv/lib/python3.12/site-packages/airflow/example_dags/example_sla_dag.py
[2024-12-03T21:25:47.569+0700] {logging_mixin.py:190} INFO - [2024-12-03T21:25:47.568+0700] {dag.py:3239} INFO - Sync 1 DAGs
[2024-12-03T21:25:47.587+0700] {logging_mixin.py:190} INFO - [2024-12-03T21:25:47.587+0700] {dag.py:4180} INFO - Setting next_dagrun for example_sla_dag to 2024-12-03 14:22:00+00:00, run_after=2024-12-03 14:24:00+00:00
[2024-12-03T21:25:47.606+0700] {processor.py:208} INFO - Processing /home/tedubuamo/project/venv/lib/python3.12/site-packages/airflow/example_dags/example_sla_dag.py took 0.068 seconds
[2024-12-03T21:26:44.023+0700] {processor.py:186} INFO - Started process (PID=4547) to work on /home/tedubuamo/project/venv/lib/python3.12/site-packages/airflow/example_dags/example_sla_dag.py
[2024-12-03T21:26:44.025+0700] {processor.py:914} INFO - Processing file /home/tedubuamo/project/venv/lib/python3.12/site-packages/airflow/example_dags/example_sla_dag.py for tasks to queue
[2024-12-03T21:26:44.027+0700] {logging_mixin.py:190} INFO - [2024-12-03T21:26:44.027+0700] {dagbag.py:588} INFO - Filling up the DagBag from /home/tedubuamo/project/venv/lib/python3.12/site-packages/airflow/example_dags/example_sla_dag.py
[2024-12-03T21:26:44.038+0700] {processor.py:925} INFO - DAG(s) 'example_sla_dag' retrieved from /home/tedubuamo/project/venv/lib/python3.12/site-packages/airflow/example_dags/example_sla_dag.py
[2024-12-03T21:26:44.054+0700] {logging_mixin.py:190} INFO - [2024-12-03T21:26:44.054+0700] {dag.py:3239} INFO - Sync 1 DAGs
[2024-12-03T21:26:44.076+0700] {logging_mixin.py:190} INFO - [2024-12-03T21:26:44.076+0700] {dag.py:4180} INFO - Setting next_dagrun for example_sla_dag to 2024-12-03 14:24:00+00:00, run_after=2024-12-03 14:26:00+00:00
[2024-12-03T21:26:44.097+0700] {processor.py:208} INFO - Processing /home/tedubuamo/project/venv/lib/python3.12/site-packages/airflow/example_dags/example_sla_dag.py took 0.080 seconds
[2024-12-03T21:27:35.562+0700] {processor.py:186} INFO - Started process (PID=4616) to work on /home/tedubuamo/project/venv/lib/python3.12/site-packages/airflow/example_dags/example_sla_dag.py
[2024-12-03T21:27:35.566+0700] {processor.py:914} INFO - Processing file /home/tedubuamo/project/venv/lib/python3.12/site-packages/airflow/example_dags/example_sla_dag.py for tasks to queue
[2024-12-03T21:27:35.568+0700] {logging_mixin.py:190} INFO - [2024-12-03T21:27:35.568+0700] {dagbag.py:588} INFO - Filling up the DagBag from /home/tedubuamo/project/venv/lib/python3.12/site-packages/airflow/example_dags/example_sla_dag.py
[2024-12-03T21:27:35.581+0700] {processor.py:925} INFO - DAG(s) 'example_sla_dag' retrieved from /home/tedubuamo/project/venv/lib/python3.12/site-packages/airflow/example_dags/example_sla_dag.py
[2024-12-03T21:27:35.592+0700] {logging_mixin.py:190} INFO - [2024-12-03T21:27:35.591+0700] {dag.py:3239} INFO - Sync 1 DAGs
[2024-12-03T21:27:35.607+0700] {logging_mixin.py:190} INFO - [2024-12-03T21:27:35.607+0700] {dag.py:4180} INFO - Setting next_dagrun for example_sla_dag to 2024-12-03 14:24:00+00:00, run_after=2024-12-03 14:26:00+00:00
[2024-12-03T21:27:35.626+0700] {processor.py:208} INFO - Processing /home/tedubuamo/project/venv/lib/python3.12/site-packages/airflow/example_dags/example_sla_dag.py took 0.067 seconds
[2024-12-03T21:28:33.403+0700] {processor.py:186} INFO - Started process (PID=4680) to work on /home/tedubuamo/project/venv/lib/python3.12/site-packages/airflow/example_dags/example_sla_dag.py
[2024-12-03T21:28:33.404+0700] {processor.py:914} INFO - Processing file /home/tedubuamo/project/venv/lib/python3.12/site-packages/airflow/example_dags/example_sla_dag.py for tasks to queue
[2024-12-03T21:28:33.406+0700] {logging_mixin.py:190} INFO - [2024-12-03T21:28:33.406+0700] {dagbag.py:588} INFO - Filling up the DagBag from /home/tedubuamo/project/venv/lib/python3.12/site-packages/airflow/example_dags/example_sla_dag.py
[2024-12-03T21:28:33.414+0700] {processor.py:925} INFO - DAG(s) 'example_sla_dag' retrieved from /home/tedubuamo/project/venv/lib/python3.12/site-packages/airflow/example_dags/example_sla_dag.py
[2024-12-03T21:28:33.425+0700] {logging_mixin.py:190} INFO - [2024-12-03T21:28:33.425+0700] {dag.py:3239} INFO - Sync 1 DAGs
[2024-12-03T21:28:33.441+0700] {logging_mixin.py:190} INFO - [2024-12-03T21:28:33.441+0700] {dag.py:4180} INFO - Setting next_dagrun for example_sla_dag to 2024-12-03 14:26:00+00:00, run_after=2024-12-03 14:28:00+00:00
[2024-12-03T21:28:33.459+0700] {processor.py:208} INFO - Processing /home/tedubuamo/project/venv/lib/python3.12/site-packages/airflow/example_dags/example_sla_dag.py took 0.059 seconds
[2024-12-03T21:29:27.488+0700] {processor.py:186} INFO - Started process (PID=4816) to work on /home/tedubuamo/project/venv/lib/python3.12/site-packages/airflow/example_dags/example_sla_dag.py
[2024-12-03T21:29:27.489+0700] {processor.py:914} INFO - Processing file /home/tedubuamo/project/venv/lib/python3.12/site-packages/airflow/example_dags/example_sla_dag.py for tasks to queue
[2024-12-03T21:29:27.491+0700] {logging_mixin.py:190} INFO - [2024-12-03T21:29:27.491+0700] {dagbag.py:588} INFO - Filling up the DagBag from /home/tedubuamo/project/venv/lib/python3.12/site-packages/airflow/example_dags/example_sla_dag.py
[2024-12-03T21:29:27.502+0700] {processor.py:925} INFO - DAG(s) 'example_sla_dag' retrieved from /home/tedubuamo/project/venv/lib/python3.12/site-packages/airflow/example_dags/example_sla_dag.py
[2024-12-03T21:29:27.516+0700] {logging_mixin.py:190} INFO - [2024-12-03T21:29:27.515+0700] {dag.py:3239} INFO - Sync 1 DAGs
[2024-12-03T21:29:27.539+0700] {logging_mixin.py:190} INFO - [2024-12-03T21:29:27.538+0700] {dag.py:4180} INFO - Setting next_dagrun for example_sla_dag to 2024-12-03 14:26:00+00:00, run_after=2024-12-03 14:28:00+00:00
[2024-12-03T21:29:27.566+0700] {processor.py:208} INFO - Processing /home/tedubuamo/project/venv/lib/python3.12/site-packages/airflow/example_dags/example_sla_dag.py took 0.082 seconds
[2024-12-03T21:30:48.531+0700] {processor.py:186} INFO - Started process (PID=4903) to work on /home/tedubuamo/project/venv/lib/python3.12/site-packages/airflow/example_dags/example_sla_dag.py
[2024-12-03T21:30:48.535+0700] {processor.py:914} INFO - Processing file /home/tedubuamo/project/venv/lib/python3.12/site-packages/airflow/example_dags/example_sla_dag.py for tasks to queue
[2024-12-03T21:30:48.537+0700] {logging_mixin.py:190} INFO - [2024-12-03T21:30:48.537+0700] {dagbag.py:588} INFO - Filling up the DagBag from /home/tedubuamo/project/venv/lib/python3.12/site-packages/airflow/example_dags/example_sla_dag.py
[2024-12-03T21:30:48.547+0700] {processor.py:925} INFO - DAG(s) 'example_sla_dag' retrieved from /home/tedubuamo/project/venv/lib/python3.12/site-packages/airflow/example_dags/example_sla_dag.py
[2024-12-03T21:30:48.558+0700] {logging_mixin.py:190} INFO - [2024-12-03T21:30:48.558+0700] {dag.py:3239} INFO - Sync 1 DAGs
[2024-12-03T21:30:48.578+0700] {logging_mixin.py:190} INFO - [2024-12-03T21:30:48.578+0700] {dag.py:4180} INFO - Setting next_dagrun for example_sla_dag to 2024-12-03 14:28:00+00:00, run_after=2024-12-03 14:30:00+00:00
[2024-12-03T21:30:48.599+0700] {processor.py:208} INFO - Processing /home/tedubuamo/project/venv/lib/python3.12/site-packages/airflow/example_dags/example_sla_dag.py took 0.074 seconds
