[2024-12-03T20:57:57.559+0700] {processor.py:186} INFO - Started process (PID=1650) to work on /home/tedubuamo/project/venv/lib/python3.12/site-packages/airflow/example_dags/example_branch_operator.py
[2024-12-03T20:57:57.560+0700] {processor.py:914} INFO - Processing file /home/tedubuamo/project/venv/lib/python3.12/site-packages/airflow/example_dags/example_branch_operator.py for tasks to queue
[2024-12-03T20:57:57.561+0700] {logging_mixin.py:190} INFO - [2024-12-03T20:57:57.561+0700] {dagbag.py:588} INFO - Filling up the DagBag from /home/tedubuamo/project/venv/lib/python3.12/site-packages/airflow/example_dags/example_branch_operator.py
[2024-12-03T20:57:57.622+0700] {processor.py:927} WARNING - No viable dags retrieved from /home/tedubuamo/project/venv/lib/python3.12/site-packages/airflow/example_dags/example_branch_operator.py
[2024-12-03T20:57:57.629+0700] {processor.py:208} INFO - Processing /home/tedubuamo/project/venv/lib/python3.12/site-packages/airflow/example_dags/example_branch_operator.py took 0.074 seconds
[2024-12-03T20:58:53.217+0700] {processor.py:186} INFO - Started process (PID=1707) to work on /home/tedubuamo/project/venv/lib/python3.12/site-packages/airflow/example_dags/example_branch_operator.py
[2024-12-03T20:58:53.218+0700] {processor.py:914} INFO - Processing file /home/tedubuamo/project/venv/lib/python3.12/site-packages/airflow/example_dags/example_branch_operator.py for tasks to queue
[2024-12-03T20:58:53.220+0700] {logging_mixin.py:190} INFO - [2024-12-03T20:58:53.219+0700] {dagbag.py:588} INFO - Filling up the DagBag from /home/tedubuamo/project/venv/lib/python3.12/site-packages/airflow/example_dags/example_branch_operator.py
[2024-12-03T20:58:53.280+0700] {processor.py:927} WARNING - No viable dags retrieved from /home/tedubuamo/project/venv/lib/python3.12/site-packages/airflow/example_dags/example_branch_operator.py
[2024-12-03T20:58:53.286+0700] {processor.py:208} INFO - Processing /home/tedubuamo/project/venv/lib/python3.12/site-packages/airflow/example_dags/example_branch_operator.py took 0.073 seconds
[2024-12-03T20:59:48.617+0700] {processor.py:186} INFO - Started process (PID=1764) to work on /home/tedubuamo/project/venv/lib/python3.12/site-packages/airflow/example_dags/example_branch_operator.py
[2024-12-03T20:59:48.618+0700] {processor.py:914} INFO - Processing file /home/tedubuamo/project/venv/lib/python3.12/site-packages/airflow/example_dags/example_branch_operator.py for tasks to queue
[2024-12-03T20:59:48.620+0700] {logging_mixin.py:190} INFO - [2024-12-03T20:59:48.620+0700] {dagbag.py:588} INFO - Filling up the DagBag from /home/tedubuamo/project/venv/lib/python3.12/site-packages/airflow/example_dags/example_branch_operator.py
[2024-12-03T20:59:48.681+0700] {processor.py:927} WARNING - No viable dags retrieved from /home/tedubuamo/project/venv/lib/python3.12/site-packages/airflow/example_dags/example_branch_operator.py
[2024-12-03T20:59:48.688+0700] {processor.py:208} INFO - Processing /home/tedubuamo/project/venv/lib/python3.12/site-packages/airflow/example_dags/example_branch_operator.py took 0.075 seconds
[2024-12-03T21:00:41.418+0700] {processor.py:186} INFO - Started process (PID=1819) to work on /home/tedubuamo/project/venv/lib/python3.12/site-packages/airflow/example_dags/example_branch_operator.py
[2024-12-03T21:00:41.419+0700] {processor.py:914} INFO - Processing file /home/tedubuamo/project/venv/lib/python3.12/site-packages/airflow/example_dags/example_branch_operator.py for tasks to queue
[2024-12-03T21:00:41.421+0700] {logging_mixin.py:190} INFO - [2024-12-03T21:00:41.420+0700] {dagbag.py:588} INFO - Filling up the DagBag from /home/tedubuamo/project/venv/lib/python3.12/site-packages/airflow/example_dags/example_branch_operator.py
[2024-12-03T21:00:41.495+0700] {processor.py:927} WARNING - No viable dags retrieved from /home/tedubuamo/project/venv/lib/python3.12/site-packages/airflow/example_dags/example_branch_operator.py
[2024-12-03T21:00:41.505+0700] {processor.py:208} INFO - Processing /home/tedubuamo/project/venv/lib/python3.12/site-packages/airflow/example_dags/example_branch_operator.py took 0.092 seconds
[2024-12-03T21:05:22.611+0700] {processor.py:186} INFO - Started process (PID=2032) to work on /home/tedubuamo/project/venv/lib/python3.12/site-packages/airflow/example_dags/example_branch_operator.py
[2024-12-03T21:05:22.613+0700] {processor.py:914} INFO - Processing file /home/tedubuamo/project/venv/lib/python3.12/site-packages/airflow/example_dags/example_branch_operator.py for tasks to queue
[2024-12-03T21:05:22.615+0700] {logging_mixin.py:190} INFO - [2024-12-03T21:05:22.615+0700] {dagbag.py:588} INFO - Filling up the DagBag from /home/tedubuamo/project/venv/lib/python3.12/site-packages/airflow/example_dags/example_branch_operator.py
[2024-12-03T21:05:22.673+0700] {processor.py:927} WARNING - No viable dags retrieved from /home/tedubuamo/project/venv/lib/python3.12/site-packages/airflow/example_dags/example_branch_operator.py
[2024-12-03T21:05:22.680+0700] {processor.py:208} INFO - Processing /home/tedubuamo/project/venv/lib/python3.12/site-packages/airflow/example_dags/example_branch_operator.py took 0.073 seconds
[2024-12-03T21:06:18.053+0700] {processor.py:186} INFO - Started process (PID=2186) to work on /home/tedubuamo/project/venv/lib/python3.12/site-packages/airflow/example_dags/example_branch_operator.py
[2024-12-03T21:06:18.054+0700] {processor.py:914} INFO - Processing file /home/tedubuamo/project/venv/lib/python3.12/site-packages/airflow/example_dags/example_branch_operator.py for tasks to queue
[2024-12-03T21:06:18.055+0700] {logging_mixin.py:190} INFO - [2024-12-03T21:06:18.055+0700] {dagbag.py:588} INFO - Filling up the DagBag from /home/tedubuamo/project/venv/lib/python3.12/site-packages/airflow/example_dags/example_branch_operator.py
[2024-12-03T21:06:18.119+0700] {processor.py:927} WARNING - No viable dags retrieved from /home/tedubuamo/project/venv/lib/python3.12/site-packages/airflow/example_dags/example_branch_operator.py
[2024-12-03T21:06:18.126+0700] {processor.py:208} INFO - Processing /home/tedubuamo/project/venv/lib/python3.12/site-packages/airflow/example_dags/example_branch_operator.py took 0.077 seconds
[2024-12-03T21:06:18.882+0700] {processor.py:186} INFO - Started process (PID=2188) to work on /home/tedubuamo/project/venv/lib/python3.12/site-packages/airflow/example_dags/example_branch_operator.py
[2024-12-03T21:06:18.883+0700] {processor.py:914} INFO - Processing file /home/tedubuamo/project/venv/lib/python3.12/site-packages/airflow/example_dags/example_branch_operator.py for tasks to queue
[2024-12-03T21:06:18.886+0700] {logging_mixin.py:190} INFO - [2024-12-03T21:06:18.886+0700] {dagbag.py:588} INFO - Filling up the DagBag from /home/tedubuamo/project/venv/lib/python3.12/site-packages/airflow/example_dags/example_branch_operator.py
[2024-12-03T21:06:18.967+0700] {processor.py:927} WARNING - No viable dags retrieved from /home/tedubuamo/project/venv/lib/python3.12/site-packages/airflow/example_dags/example_branch_operator.py
[2024-12-03T21:06:18.982+0700] {processor.py:208} INFO - Processing /home/tedubuamo/project/venv/lib/python3.12/site-packages/airflow/example_dags/example_branch_operator.py took 0.108 seconds
[2024-12-03T21:07:14.296+0700] {processor.py:186} INFO - Started process (PID=2386) to work on /home/tedubuamo/project/venv/lib/python3.12/site-packages/airflow/example_dags/example_branch_operator.py
[2024-12-03T21:07:14.300+0700] {processor.py:914} INFO - Processing file /home/tedubuamo/project/venv/lib/python3.12/site-packages/airflow/example_dags/example_branch_operator.py for tasks to queue
[2024-12-03T21:07:14.301+0700] {logging_mixin.py:190} INFO - [2024-12-03T21:07:14.301+0700] {dagbag.py:588} INFO - Filling up the DagBag from /home/tedubuamo/project/venv/lib/python3.12/site-packages/airflow/example_dags/example_branch_operator.py
[2024-12-03T21:07:14.358+0700] {processor.py:927} WARNING - No viable dags retrieved from /home/tedubuamo/project/venv/lib/python3.12/site-packages/airflow/example_dags/example_branch_operator.py
[2024-12-03T21:07:14.368+0700] {processor.py:208} INFO - Processing /home/tedubuamo/project/venv/lib/python3.12/site-packages/airflow/example_dags/example_branch_operator.py took 0.077 seconds
[2024-12-03T21:07:14.871+0700] {processor.py:186} INFO - Started process (PID=2390) to work on /home/tedubuamo/project/venv/lib/python3.12/site-packages/airflow/example_dags/example_branch_operator.py
[2024-12-03T21:07:14.872+0700] {processor.py:914} INFO - Processing file /home/tedubuamo/project/venv/lib/python3.12/site-packages/airflow/example_dags/example_branch_operator.py for tasks to queue
[2024-12-03T21:07:14.874+0700] {logging_mixin.py:190} INFO - [2024-12-03T21:07:14.874+0700] {dagbag.py:588} INFO - Filling up the DagBag from /home/tedubuamo/project/venv/lib/python3.12/site-packages/airflow/example_dags/example_branch_operator.py
[2024-12-03T21:07:14.943+0700] {processor.py:927} WARNING - No viable dags retrieved from /home/tedubuamo/project/venv/lib/python3.12/site-packages/airflow/example_dags/example_branch_operator.py
[2024-12-03T21:07:14.952+0700] {processor.py:208} INFO - Processing /home/tedubuamo/project/venv/lib/python3.12/site-packages/airflow/example_dags/example_branch_operator.py took 0.085 seconds
[2024-12-03T21:08:06.296+0700] {processor.py:186} INFO - Started process (PID=2507) to work on /home/tedubuamo/project/venv/lib/python3.12/site-packages/airflow/example_dags/example_branch_operator.py
[2024-12-03T21:08:06.299+0700] {processor.py:914} INFO - Processing file /home/tedubuamo/project/venv/lib/python3.12/site-packages/airflow/example_dags/example_branch_operator.py for tasks to queue
[2024-12-03T21:08:06.301+0700] {logging_mixin.py:190} INFO - [2024-12-03T21:08:06.301+0700] {dagbag.py:588} INFO - Filling up the DagBag from /home/tedubuamo/project/venv/lib/python3.12/site-packages/airflow/example_dags/example_branch_operator.py
[2024-12-03T21:08:06.372+0700] {processor.py:927} WARNING - No viable dags retrieved from /home/tedubuamo/project/venv/lib/python3.12/site-packages/airflow/example_dags/example_branch_operator.py
[2024-12-03T21:08:06.384+0700] {processor.py:208} INFO - Processing /home/tedubuamo/project/venv/lib/python3.12/site-packages/airflow/example_dags/example_branch_operator.py took 0.092 seconds
[2024-12-03T21:08:08.312+0700] {processor.py:186} INFO - Started process (PID=2510) to work on /home/tedubuamo/project/venv/lib/python3.12/site-packages/airflow/example_dags/example_branch_operator.py
[2024-12-03T21:08:08.313+0700] {processor.py:914} INFO - Processing file /home/tedubuamo/project/venv/lib/python3.12/site-packages/airflow/example_dags/example_branch_operator.py for tasks to queue
[2024-12-03T21:08:08.315+0700] {logging_mixin.py:190} INFO - [2024-12-03T21:08:08.314+0700] {dagbag.py:588} INFO - Filling up the DagBag from /home/tedubuamo/project/venv/lib/python3.12/site-packages/airflow/example_dags/example_branch_operator.py
[2024-12-03T21:08:08.413+0700] {processor.py:927} WARNING - No viable dags retrieved from /home/tedubuamo/project/venv/lib/python3.12/site-packages/airflow/example_dags/example_branch_operator.py
[2024-12-03T21:08:08.425+0700] {processor.py:208} INFO - Processing /home/tedubuamo/project/venv/lib/python3.12/site-packages/airflow/example_dags/example_branch_operator.py took 0.119 seconds
[2024-12-03T21:09:00.073+0700] {processor.py:186} INFO - Started process (PID=2614) to work on /home/tedubuamo/project/venv/lib/python3.12/site-packages/airflow/example_dags/example_branch_operator.py
[2024-12-03T21:09:00.074+0700] {processor.py:914} INFO - Processing file /home/tedubuamo/project/venv/lib/python3.12/site-packages/airflow/example_dags/example_branch_operator.py for tasks to queue
[2024-12-03T21:09:00.075+0700] {logging_mixin.py:190} INFO - [2024-12-03T21:09:00.075+0700] {dagbag.py:588} INFO - Filling up the DagBag from /home/tedubuamo/project/venv/lib/python3.12/site-packages/airflow/example_dags/example_branch_operator.py
[2024-12-03T21:09:00.140+0700] {processor.py:927} WARNING - No viable dags retrieved from /home/tedubuamo/project/venv/lib/python3.12/site-packages/airflow/example_dags/example_branch_operator.py
[2024-12-03T21:09:00.147+0700] {processor.py:208} INFO - Processing /home/tedubuamo/project/venv/lib/python3.12/site-packages/airflow/example_dags/example_branch_operator.py took 0.078 seconds
[2024-12-03T21:09:00.822+0700] {processor.py:186} INFO - Started process (PID=2615) to work on /home/tedubuamo/project/venv/lib/python3.12/site-packages/airflow/example_dags/example_branch_operator.py
[2024-12-03T21:09:00.823+0700] {processor.py:914} INFO - Processing file /home/tedubuamo/project/venv/lib/python3.12/site-packages/airflow/example_dags/example_branch_operator.py for tasks to queue
[2024-12-03T21:09:00.824+0700] {logging_mixin.py:190} INFO - [2024-12-03T21:09:00.824+0700] {dagbag.py:588} INFO - Filling up the DagBag from /home/tedubuamo/project/venv/lib/python3.12/site-packages/airflow/example_dags/example_branch_operator.py
[2024-12-03T21:09:00.887+0700] {processor.py:927} WARNING - No viable dags retrieved from /home/tedubuamo/project/venv/lib/python3.12/site-packages/airflow/example_dags/example_branch_operator.py
[2024-12-03T21:09:00.894+0700] {processor.py:208} INFO - Processing /home/tedubuamo/project/venv/lib/python3.12/site-packages/airflow/example_dags/example_branch_operator.py took 0.076 seconds
[2024-12-03T21:09:48.840+0700] {processor.py:186} INFO - Started process (PID=2718) to work on /home/tedubuamo/project/venv/lib/python3.12/site-packages/airflow/example_dags/example_branch_operator.py
[2024-12-03T21:09:48.842+0700] {processor.py:914} INFO - Processing file /home/tedubuamo/project/venv/lib/python3.12/site-packages/airflow/example_dags/example_branch_operator.py for tasks to queue
[2024-12-03T21:09:48.844+0700] {logging_mixin.py:190} INFO - [2024-12-03T21:09:48.844+0700] {dagbag.py:588} INFO - Filling up the DagBag from /home/tedubuamo/project/venv/lib/python3.12/site-packages/airflow/example_dags/example_branch_operator.py
[2024-12-03T21:09:48.910+0700] {processor.py:927} WARNING - No viable dags retrieved from /home/tedubuamo/project/venv/lib/python3.12/site-packages/airflow/example_dags/example_branch_operator.py
[2024-12-03T21:09:48.920+0700] {processor.py:208} INFO - Processing /home/tedubuamo/project/venv/lib/python3.12/site-packages/airflow/example_dags/example_branch_operator.py took 0.087 seconds
[2024-12-03T21:09:51.808+0700] {processor.py:186} INFO - Started process (PID=2723) to work on /home/tedubuamo/project/venv/lib/python3.12/site-packages/airflow/example_dags/example_branch_operator.py
[2024-12-03T21:09:51.809+0700] {processor.py:914} INFO - Processing file /home/tedubuamo/project/venv/lib/python3.12/site-packages/airflow/example_dags/example_branch_operator.py for tasks to queue
[2024-12-03T21:09:51.811+0700] {logging_mixin.py:190} INFO - [2024-12-03T21:09:51.811+0700] {dagbag.py:588} INFO - Filling up the DagBag from /home/tedubuamo/project/venv/lib/python3.12/site-packages/airflow/example_dags/example_branch_operator.py
[2024-12-03T21:09:51.866+0700] {processor.py:927} WARNING - No viable dags retrieved from /home/tedubuamo/project/venv/lib/python3.12/site-packages/airflow/example_dags/example_branch_operator.py
[2024-12-03T21:09:51.874+0700] {processor.py:208} INFO - Processing /home/tedubuamo/project/venv/lib/python3.12/site-packages/airflow/example_dags/example_branch_operator.py took 0.071 seconds
[2024-12-03T21:10:43.137+0700] {processor.py:186} INFO - Started process (PID=2828) to work on /home/tedubuamo/project/venv/lib/python3.12/site-packages/airflow/example_dags/example_branch_operator.py
[2024-12-03T21:10:43.139+0700] {processor.py:914} INFO - Processing file /home/tedubuamo/project/venv/lib/python3.12/site-packages/airflow/example_dags/example_branch_operator.py for tasks to queue
[2024-12-03T21:10:43.143+0700] {logging_mixin.py:190} INFO - [2024-12-03T21:10:43.142+0700] {dagbag.py:588} INFO - Filling up the DagBag from /home/tedubuamo/project/venv/lib/python3.12/site-packages/airflow/example_dags/example_branch_operator.py
[2024-12-03T21:10:43.182+0700] {processor.py:927} WARNING - No viable dags retrieved from /home/tedubuamo/project/venv/lib/python3.12/site-packages/airflow/example_dags/example_branch_operator.py
[2024-12-03T21:10:43.192+0700] {processor.py:208} INFO - Processing /home/tedubuamo/project/venv/lib/python3.12/site-packages/airflow/example_dags/example_branch_operator.py took 0.062 seconds
[2024-12-03T21:10:43.759+0700] {processor.py:186} INFO - Started process (PID=2829) to work on /home/tedubuamo/project/venv/lib/python3.12/site-packages/airflow/example_dags/example_branch_operator.py
[2024-12-03T21:10:43.760+0700] {processor.py:914} INFO - Processing file /home/tedubuamo/project/venv/lib/python3.12/site-packages/airflow/example_dags/example_branch_operator.py for tasks to queue
[2024-12-03T21:10:43.769+0700] {logging_mixin.py:190} INFO - [2024-12-03T21:10:43.769+0700] {dagbag.py:588} INFO - Filling up the DagBag from /home/tedubuamo/project/venv/lib/python3.12/site-packages/airflow/example_dags/example_branch_operator.py
[2024-12-03T21:10:43.850+0700] {processor.py:927} WARNING - No viable dags retrieved from /home/tedubuamo/project/venv/lib/python3.12/site-packages/airflow/example_dags/example_branch_operator.py
[2024-12-03T21:10:43.859+0700] {processor.py:208} INFO - Processing /home/tedubuamo/project/venv/lib/python3.12/site-packages/airflow/example_dags/example_branch_operator.py took 0.106 seconds
[2024-12-03T21:11:35.986+0700] {processor.py:186} INFO - Started process (PID=2935) to work on /home/tedubuamo/project/venv/lib/python3.12/site-packages/airflow/example_dags/example_branch_operator.py
[2024-12-03T21:11:35.988+0700] {processor.py:914} INFO - Processing file /home/tedubuamo/project/venv/lib/python3.12/site-packages/airflow/example_dags/example_branch_operator.py for tasks to queue
[2024-12-03T21:11:35.991+0700] {logging_mixin.py:190} INFO - [2024-12-03T21:11:35.990+0700] {dagbag.py:588} INFO - Filling up the DagBag from /home/tedubuamo/project/venv/lib/python3.12/site-packages/airflow/example_dags/example_branch_operator.py
[2024-12-03T21:11:36.071+0700] {processor.py:927} WARNING - No viable dags retrieved from /home/tedubuamo/project/venv/lib/python3.12/site-packages/airflow/example_dags/example_branch_operator.py
[2024-12-03T21:11:36.078+0700] {processor.py:208} INFO - Processing /home/tedubuamo/project/venv/lib/python3.12/site-packages/airflow/example_dags/example_branch_operator.py took 0.098 seconds
[2024-12-03T21:11:37.892+0700] {processor.py:186} INFO - Started process (PID=2938) to work on /home/tedubuamo/project/venv/lib/python3.12/site-packages/airflow/example_dags/example_branch_operator.py
[2024-12-03T21:11:37.893+0700] {processor.py:914} INFO - Processing file /home/tedubuamo/project/venv/lib/python3.12/site-packages/airflow/example_dags/example_branch_operator.py for tasks to queue
[2024-12-03T21:11:37.894+0700] {logging_mixin.py:190} INFO - [2024-12-03T21:11:37.894+0700] {dagbag.py:588} INFO - Filling up the DagBag from /home/tedubuamo/project/venv/lib/python3.12/site-packages/airflow/example_dags/example_branch_operator.py
[2024-12-03T21:11:37.962+0700] {processor.py:927} WARNING - No viable dags retrieved from /home/tedubuamo/project/venv/lib/python3.12/site-packages/airflow/example_dags/example_branch_operator.py
[2024-12-03T21:11:37.971+0700] {processor.py:208} INFO - Processing /home/tedubuamo/project/venv/lib/python3.12/site-packages/airflow/example_dags/example_branch_operator.py took 0.083 seconds
[2024-12-03T21:12:27.276+0700] {processor.py:186} INFO - Started process (PID=3067) to work on /home/tedubuamo/project/venv/lib/python3.12/site-packages/airflow/example_dags/example_branch_operator.py
[2024-12-03T21:12:27.277+0700] {processor.py:914} INFO - Processing file /home/tedubuamo/project/venv/lib/python3.12/site-packages/airflow/example_dags/example_branch_operator.py for tasks to queue
[2024-12-03T21:12:27.279+0700] {logging_mixin.py:190} INFO - [2024-12-03T21:12:27.278+0700] {dagbag.py:588} INFO - Filling up the DagBag from /home/tedubuamo/project/venv/lib/python3.12/site-packages/airflow/example_dags/example_branch_operator.py
[2024-12-03T21:12:27.340+0700] {processor.py:927} WARNING - No viable dags retrieved from /home/tedubuamo/project/venv/lib/python3.12/site-packages/airflow/example_dags/example_branch_operator.py
[2024-12-03T21:12:27.349+0700] {processor.py:208} INFO - Processing /home/tedubuamo/project/venv/lib/python3.12/site-packages/airflow/example_dags/example_branch_operator.py took 0.076 seconds
[2024-12-03T21:12:32.015+0700] {processor.py:186} INFO - Started process (PID=3078) to work on /home/tedubuamo/project/venv/lib/python3.12/site-packages/airflow/example_dags/example_branch_operator.py
[2024-12-03T21:12:32.016+0700] {processor.py:914} INFO - Processing file /home/tedubuamo/project/venv/lib/python3.12/site-packages/airflow/example_dags/example_branch_operator.py for tasks to queue
[2024-12-03T21:12:32.017+0700] {logging_mixin.py:190} INFO - [2024-12-03T21:12:32.017+0700] {dagbag.py:588} INFO - Filling up the DagBag from /home/tedubuamo/project/venv/lib/python3.12/site-packages/airflow/example_dags/example_branch_operator.py
[2024-12-03T21:12:32.078+0700] {processor.py:927} WARNING - No viable dags retrieved from /home/tedubuamo/project/venv/lib/python3.12/site-packages/airflow/example_dags/example_branch_operator.py
[2024-12-03T21:12:32.084+0700] {processor.py:208} INFO - Processing /home/tedubuamo/project/venv/lib/python3.12/site-packages/airflow/example_dags/example_branch_operator.py took 0.073 seconds
[2024-12-03T21:13:17.206+0700] {processor.py:186} INFO - Started process (PID=3178) to work on /home/tedubuamo/project/venv/lib/python3.12/site-packages/airflow/example_dags/example_branch_operator.py
[2024-12-03T21:13:17.208+0700] {processor.py:914} INFO - Processing file /home/tedubuamo/project/venv/lib/python3.12/site-packages/airflow/example_dags/example_branch_operator.py for tasks to queue
[2024-12-03T21:13:17.209+0700] {logging_mixin.py:190} INFO - [2024-12-03T21:13:17.209+0700] {dagbag.py:588} INFO - Filling up the DagBag from /home/tedubuamo/project/venv/lib/python3.12/site-packages/airflow/example_dags/example_branch_operator.py
[2024-12-03T21:13:17.278+0700] {processor.py:927} WARNING - No viable dags retrieved from /home/tedubuamo/project/venv/lib/python3.12/site-packages/airflow/example_dags/example_branch_operator.py
[2024-12-03T21:13:17.286+0700] {processor.py:208} INFO - Processing /home/tedubuamo/project/venv/lib/python3.12/site-packages/airflow/example_dags/example_branch_operator.py took 0.084 seconds
[2024-12-03T21:13:25.548+0700] {processor.py:186} INFO - Started process (PID=3194) to work on /home/tedubuamo/project/venv/lib/python3.12/site-packages/airflow/example_dags/example_branch_operator.py
[2024-12-03T21:13:25.549+0700] {processor.py:914} INFO - Processing file /home/tedubuamo/project/venv/lib/python3.12/site-packages/airflow/example_dags/example_branch_operator.py for tasks to queue
[2024-12-03T21:13:25.550+0700] {logging_mixin.py:190} INFO - [2024-12-03T21:13:25.550+0700] {dagbag.py:588} INFO - Filling up the DagBag from /home/tedubuamo/project/venv/lib/python3.12/site-packages/airflow/example_dags/example_branch_operator.py
[2024-12-03T21:13:25.670+0700] {processor.py:927} WARNING - No viable dags retrieved from /home/tedubuamo/project/venv/lib/python3.12/site-packages/airflow/example_dags/example_branch_operator.py
[2024-12-03T21:13:25.678+0700] {processor.py:208} INFO - Processing /home/tedubuamo/project/venv/lib/python3.12/site-packages/airflow/example_dags/example_branch_operator.py took 0.133 seconds
[2024-12-03T21:14:09.036+0700] {processor.py:186} INFO - Started process (PID=3286) to work on /home/tedubuamo/project/venv/lib/python3.12/site-packages/airflow/example_dags/example_branch_operator.py
[2024-12-03T21:14:09.050+0700] {processor.py:914} INFO - Processing file /home/tedubuamo/project/venv/lib/python3.12/site-packages/airflow/example_dags/example_branch_operator.py for tasks to queue
[2024-12-03T21:14:09.052+0700] {logging_mixin.py:190} INFO - [2024-12-03T21:14:09.052+0700] {dagbag.py:588} INFO - Filling up the DagBag from /home/tedubuamo/project/venv/lib/python3.12/site-packages/airflow/example_dags/example_branch_operator.py
[2024-12-03T21:14:09.117+0700] {processor.py:927} WARNING - No viable dags retrieved from /home/tedubuamo/project/venv/lib/python3.12/site-packages/airflow/example_dags/example_branch_operator.py
[2024-12-03T21:14:09.125+0700] {processor.py:208} INFO - Processing /home/tedubuamo/project/venv/lib/python3.12/site-packages/airflow/example_dags/example_branch_operator.py took 0.093 seconds
[2024-12-03T21:14:17.615+0700] {processor.py:186} INFO - Started process (PID=3302) to work on /home/tedubuamo/project/venv/lib/python3.12/site-packages/airflow/example_dags/example_branch_operator.py
[2024-12-03T21:14:17.616+0700] {processor.py:914} INFO - Processing file /home/tedubuamo/project/venv/lib/python3.12/site-packages/airflow/example_dags/example_branch_operator.py for tasks to queue
[2024-12-03T21:14:17.618+0700] {logging_mixin.py:190} INFO - [2024-12-03T21:14:17.617+0700] {dagbag.py:588} INFO - Filling up the DagBag from /home/tedubuamo/project/venv/lib/python3.12/site-packages/airflow/example_dags/example_branch_operator.py
[2024-12-03T21:14:17.680+0700] {processor.py:927} WARNING - No viable dags retrieved from /home/tedubuamo/project/venv/lib/python3.12/site-packages/airflow/example_dags/example_branch_operator.py
[2024-12-03T21:14:17.688+0700] {processor.py:208} INFO - Processing /home/tedubuamo/project/venv/lib/python3.12/site-packages/airflow/example_dags/example_branch_operator.py took 0.077 seconds
[2024-12-03T21:15:00.544+0700] {processor.py:186} INFO - Started process (PID=3394) to work on /home/tedubuamo/project/venv/lib/python3.12/site-packages/airflow/example_dags/example_branch_operator.py
[2024-12-03T21:15:00.546+0700] {processor.py:914} INFO - Processing file /home/tedubuamo/project/venv/lib/python3.12/site-packages/airflow/example_dags/example_branch_operator.py for tasks to queue
[2024-12-03T21:15:00.547+0700] {logging_mixin.py:190} INFO - [2024-12-03T21:15:00.547+0700] {dagbag.py:588} INFO - Filling up the DagBag from /home/tedubuamo/project/venv/lib/python3.12/site-packages/airflow/example_dags/example_branch_operator.py
[2024-12-03T21:15:00.605+0700] {processor.py:927} WARNING - No viable dags retrieved from /home/tedubuamo/project/venv/lib/python3.12/site-packages/airflow/example_dags/example_branch_operator.py
[2024-12-03T21:15:00.614+0700] {processor.py:208} INFO - Processing /home/tedubuamo/project/venv/lib/python3.12/site-packages/airflow/example_dags/example_branch_operator.py took 0.075 seconds
[2024-12-03T21:15:07.068+0700] {processor.py:186} INFO - Started process (PID=3408) to work on /home/tedubuamo/project/venv/lib/python3.12/site-packages/airflow/example_dags/example_branch_operator.py
[2024-12-03T21:15:07.069+0700] {processor.py:914} INFO - Processing file /home/tedubuamo/project/venv/lib/python3.12/site-packages/airflow/example_dags/example_branch_operator.py for tasks to queue
[2024-12-03T21:15:07.071+0700] {logging_mixin.py:190} INFO - [2024-12-03T21:15:07.071+0700] {dagbag.py:588} INFO - Filling up the DagBag from /home/tedubuamo/project/venv/lib/python3.12/site-packages/airflow/example_dags/example_branch_operator.py
[2024-12-03T21:15:07.128+0700] {processor.py:927} WARNING - No viable dags retrieved from /home/tedubuamo/project/venv/lib/python3.12/site-packages/airflow/example_dags/example_branch_operator.py
[2024-12-03T21:15:07.135+0700] {processor.py:208} INFO - Processing /home/tedubuamo/project/venv/lib/python3.12/site-packages/airflow/example_dags/example_branch_operator.py took 0.070 seconds
[2024-12-03T21:15:50.903+0700] {processor.py:186} INFO - Started process (PID=3496) to work on /home/tedubuamo/project/venv/lib/python3.12/site-packages/airflow/example_dags/example_branch_operator.py
[2024-12-03T21:15:50.905+0700] {processor.py:914} INFO - Processing file /home/tedubuamo/project/venv/lib/python3.12/site-packages/airflow/example_dags/example_branch_operator.py for tasks to queue
[2024-12-03T21:15:50.907+0700] {logging_mixin.py:190} INFO - [2024-12-03T21:15:50.907+0700] {dagbag.py:588} INFO - Filling up the DagBag from /home/tedubuamo/project/venv/lib/python3.12/site-packages/airflow/example_dags/example_branch_operator.py
[2024-12-03T21:15:50.980+0700] {processor.py:927} WARNING - No viable dags retrieved from /home/tedubuamo/project/venv/lib/python3.12/site-packages/airflow/example_dags/example_branch_operator.py
[2024-12-03T21:15:50.991+0700] {processor.py:208} INFO - Processing /home/tedubuamo/project/venv/lib/python3.12/site-packages/airflow/example_dags/example_branch_operator.py took 0.093 seconds
[2024-12-03T21:15:55.948+0700] {processor.py:186} INFO - Started process (PID=3515) to work on /home/tedubuamo/project/venv/lib/python3.12/site-packages/airflow/example_dags/example_branch_operator.py
[2024-12-03T21:15:55.948+0700] {processor.py:914} INFO - Processing file /home/tedubuamo/project/venv/lib/python3.12/site-packages/airflow/example_dags/example_branch_operator.py for tasks to queue
[2024-12-03T21:15:55.950+0700] {logging_mixin.py:190} INFO - [2024-12-03T21:15:55.949+0700] {dagbag.py:588} INFO - Filling up the DagBag from /home/tedubuamo/project/venv/lib/python3.12/site-packages/airflow/example_dags/example_branch_operator.py
[2024-12-03T21:15:56.011+0700] {processor.py:927} WARNING - No viable dags retrieved from /home/tedubuamo/project/venv/lib/python3.12/site-packages/airflow/example_dags/example_branch_operator.py
[2024-12-03T21:15:56.021+0700] {processor.py:208} INFO - Processing /home/tedubuamo/project/venv/lib/python3.12/site-packages/airflow/example_dags/example_branch_operator.py took 0.077 seconds
[2024-12-03T21:16:43.007+0700] {processor.py:186} INFO - Started process (PID=3626) to work on /home/tedubuamo/project/venv/lib/python3.12/site-packages/airflow/example_dags/example_branch_operator.py
[2024-12-03T21:16:43.009+0700] {processor.py:914} INFO - Processing file /home/tedubuamo/project/venv/lib/python3.12/site-packages/airflow/example_dags/example_branch_operator.py for tasks to queue
[2024-12-03T21:16:43.011+0700] {logging_mixin.py:190} INFO - [2024-12-03T21:16:43.010+0700] {dagbag.py:588} INFO - Filling up the DagBag from /home/tedubuamo/project/venv/lib/python3.12/site-packages/airflow/example_dags/example_branch_operator.py
[2024-12-03T21:16:43.079+0700] {processor.py:927} WARNING - No viable dags retrieved from /home/tedubuamo/project/venv/lib/python3.12/site-packages/airflow/example_dags/example_branch_operator.py
[2024-12-03T21:16:43.088+0700] {processor.py:208} INFO - Processing /home/tedubuamo/project/venv/lib/python3.12/site-packages/airflow/example_dags/example_branch_operator.py took 0.085 seconds
[2024-12-03T21:16:48.486+0700] {processor.py:186} INFO - Started process (PID=3647) to work on /home/tedubuamo/project/venv/lib/python3.12/site-packages/airflow/example_dags/example_branch_operator.py
[2024-12-03T21:16:48.487+0700] {processor.py:914} INFO - Processing file /home/tedubuamo/project/venv/lib/python3.12/site-packages/airflow/example_dags/example_branch_operator.py for tasks to queue
[2024-12-03T21:16:48.489+0700] {logging_mixin.py:190} INFO - [2024-12-03T21:16:48.489+0700] {dagbag.py:588} INFO - Filling up the DagBag from /home/tedubuamo/project/venv/lib/python3.12/site-packages/airflow/example_dags/example_branch_operator.py
[2024-12-03T21:16:48.559+0700] {processor.py:927} WARNING - No viable dags retrieved from /home/tedubuamo/project/venv/lib/python3.12/site-packages/airflow/example_dags/example_branch_operator.py
[2024-12-03T21:16:48.566+0700] {processor.py:208} INFO - Processing /home/tedubuamo/project/venv/lib/python3.12/site-packages/airflow/example_dags/example_branch_operator.py took 0.084 seconds
[2024-12-03T21:17:38.025+0700] {processor.py:186} INFO - Started process (PID=3762) to work on /home/tedubuamo/project/venv/lib/python3.12/site-packages/airflow/example_dags/example_branch_operator.py
[2024-12-03T21:17:38.026+0700] {processor.py:914} INFO - Processing file /home/tedubuamo/project/venv/lib/python3.12/site-packages/airflow/example_dags/example_branch_operator.py for tasks to queue
[2024-12-03T21:17:38.028+0700] {logging_mixin.py:190} INFO - [2024-12-03T21:17:38.028+0700] {dagbag.py:588} INFO - Filling up the DagBag from /home/tedubuamo/project/venv/lib/python3.12/site-packages/airflow/example_dags/example_branch_operator.py
[2024-12-03T21:17:38.091+0700] {processor.py:927} WARNING - No viable dags retrieved from /home/tedubuamo/project/venv/lib/python3.12/site-packages/airflow/example_dags/example_branch_operator.py
[2024-12-03T21:17:38.100+0700] {processor.py:208} INFO - Processing /home/tedubuamo/project/venv/lib/python3.12/site-packages/airflow/example_dags/example_branch_operator.py took 0.078 seconds
[2024-12-03T21:17:38.827+0700] {processor.py:186} INFO - Started process (PID=3763) to work on /home/tedubuamo/project/venv/lib/python3.12/site-packages/airflow/example_dags/example_branch_operator.py
[2024-12-03T21:17:38.827+0700] {processor.py:914} INFO - Processing file /home/tedubuamo/project/venv/lib/python3.12/site-packages/airflow/example_dags/example_branch_operator.py for tasks to queue
[2024-12-03T21:17:38.829+0700] {logging_mixin.py:190} INFO - [2024-12-03T21:17:38.829+0700] {dagbag.py:588} INFO - Filling up the DagBag from /home/tedubuamo/project/venv/lib/python3.12/site-packages/airflow/example_dags/example_branch_operator.py
[2024-12-03T21:17:38.889+0700] {processor.py:927} WARNING - No viable dags retrieved from /home/tedubuamo/project/venv/lib/python3.12/site-packages/airflow/example_dags/example_branch_operator.py
[2024-12-03T21:17:38.896+0700] {processor.py:208} INFO - Processing /home/tedubuamo/project/venv/lib/python3.12/site-packages/airflow/example_dags/example_branch_operator.py took 0.073 seconds
[2024-12-03T21:19:22.662+0700] {processor.py:186} INFO - Started process (PID=3963) to work on /home/tedubuamo/project/venv/lib/python3.12/site-packages/airflow/example_dags/example_branch_operator.py
[2024-12-03T21:19:22.666+0700] {processor.py:914} INFO - Processing file /home/tedubuamo/project/venv/lib/python3.12/site-packages/airflow/example_dags/example_branch_operator.py for tasks to queue
[2024-12-03T21:19:22.668+0700] {logging_mixin.py:190} INFO - [2024-12-03T21:19:22.668+0700] {dagbag.py:588} INFO - Filling up the DagBag from /home/tedubuamo/project/venv/lib/python3.12/site-packages/airflow/example_dags/example_branch_operator.py
[2024-12-03T21:19:22.731+0700] {processor.py:927} WARNING - No viable dags retrieved from /home/tedubuamo/project/venv/lib/python3.12/site-packages/airflow/example_dags/example_branch_operator.py
[2024-12-03T21:19:22.738+0700] {processor.py:208} INFO - Processing /home/tedubuamo/project/venv/lib/python3.12/site-packages/airflow/example_dags/example_branch_operator.py took 0.079 seconds
[2024-12-03T21:20:19.750+0700] {processor.py:186} INFO - Started process (PID=4021) to work on /home/tedubuamo/project/venv/lib/python3.12/site-packages/airflow/example_dags/example_branch_operator.py
[2024-12-03T21:20:19.858+0700] {processor.py:914} INFO - Processing file /home/tedubuamo/project/venv/lib/python3.12/site-packages/airflow/example_dags/example_branch_operator.py for tasks to queue
[2024-12-03T21:20:19.860+0700] {logging_mixin.py:190} INFO - [2024-12-03T21:20:19.860+0700] {dagbag.py:588} INFO - Filling up the DagBag from /home/tedubuamo/project/venv/lib/python3.12/site-packages/airflow/example_dags/example_branch_operator.py
[2024-12-03T21:20:19.976+0700] {processor.py:927} WARNING - No viable dags retrieved from /home/tedubuamo/project/venv/lib/python3.12/site-packages/airflow/example_dags/example_branch_operator.py
[2024-12-03T21:20:19.986+0700] {processor.py:208} INFO - Processing /home/tedubuamo/project/venv/lib/python3.12/site-packages/airflow/example_dags/example_branch_operator.py took 0.239 seconds
[2024-12-03T21:21:29.693+0700] {processor.py:186} INFO - Started process (PID=4138) to work on /home/tedubuamo/project/venv/lib/python3.12/site-packages/airflow/example_dags/example_branch_operator.py
[2024-12-03T21:21:29.694+0700] {processor.py:914} INFO - Processing file /home/tedubuamo/project/venv/lib/python3.12/site-packages/airflow/example_dags/example_branch_operator.py for tasks to queue
[2024-12-03T21:21:29.696+0700] {logging_mixin.py:190} INFO - [2024-12-03T21:21:29.695+0700] {dagbag.py:588} INFO - Filling up the DagBag from /home/tedubuamo/project/venv/lib/python3.12/site-packages/airflow/example_dags/example_branch_operator.py
[2024-12-03T21:21:29.767+0700] {processor.py:927} WARNING - No viable dags retrieved from /home/tedubuamo/project/venv/lib/python3.12/site-packages/airflow/example_dags/example_branch_operator.py
[2024-12-03T21:21:29.774+0700] {processor.py:208} INFO - Processing /home/tedubuamo/project/venv/lib/python3.12/site-packages/airflow/example_dags/example_branch_operator.py took 0.086 seconds
[2024-12-03T21:22:24.635+0700] {processor.py:186} INFO - Started process (PID=4229) to work on /home/tedubuamo/project/venv/lib/python3.12/site-packages/airflow/example_dags/example_branch_operator.py
[2024-12-03T21:22:24.639+0700] {processor.py:914} INFO - Processing file /home/tedubuamo/project/venv/lib/python3.12/site-packages/airflow/example_dags/example_branch_operator.py for tasks to queue
[2024-12-03T21:22:24.640+0700] {logging_mixin.py:190} INFO - [2024-12-03T21:22:24.640+0700] {dagbag.py:588} INFO - Filling up the DagBag from /home/tedubuamo/project/venv/lib/python3.12/site-packages/airflow/example_dags/example_branch_operator.py
[2024-12-03T21:22:24.713+0700] {processor.py:927} WARNING - No viable dags retrieved from /home/tedubuamo/project/venv/lib/python3.12/site-packages/airflow/example_dags/example_branch_operator.py
[2024-12-03T21:22:24.723+0700] {processor.py:208} INFO - Processing /home/tedubuamo/project/venv/lib/python3.12/site-packages/airflow/example_dags/example_branch_operator.py took 0.091 seconds
[2024-12-03T21:23:19.535+0700] {processor.py:186} INFO - Started process (PID=4287) to work on /home/tedubuamo/project/venv/lib/python3.12/site-packages/airflow/example_dags/example_branch_operator.py
[2024-12-03T21:23:19.536+0700] {processor.py:914} INFO - Processing file /home/tedubuamo/project/venv/lib/python3.12/site-packages/airflow/example_dags/example_branch_operator.py for tasks to queue
[2024-12-03T21:23:19.538+0700] {logging_mixin.py:190} INFO - [2024-12-03T21:23:19.538+0700] {dagbag.py:588} INFO - Filling up the DagBag from /home/tedubuamo/project/venv/lib/python3.12/site-packages/airflow/example_dags/example_branch_operator.py
[2024-12-03T21:23:19.605+0700] {processor.py:927} WARNING - No viable dags retrieved from /home/tedubuamo/project/venv/lib/python3.12/site-packages/airflow/example_dags/example_branch_operator.py
[2024-12-03T21:23:19.612+0700] {processor.py:208} INFO - Processing /home/tedubuamo/project/venv/lib/python3.12/site-packages/airflow/example_dags/example_branch_operator.py took 0.081 seconds
[2024-12-03T21:24:16.800+0700] {processor.py:186} INFO - Started process (PID=4365) to work on /home/tedubuamo/project/venv/lib/python3.12/site-packages/airflow/example_dags/example_branch_operator.py
[2024-12-03T21:24:16.802+0700] {processor.py:914} INFO - Processing file /home/tedubuamo/project/venv/lib/python3.12/site-packages/airflow/example_dags/example_branch_operator.py for tasks to queue
[2024-12-03T21:24:16.803+0700] {logging_mixin.py:190} INFO - [2024-12-03T21:24:16.803+0700] {dagbag.py:588} INFO - Filling up the DagBag from /home/tedubuamo/project/venv/lib/python3.12/site-packages/airflow/example_dags/example_branch_operator.py
[2024-12-03T21:24:16.867+0700] {processor.py:927} WARNING - No viable dags retrieved from /home/tedubuamo/project/venv/lib/python3.12/site-packages/airflow/example_dags/example_branch_operator.py
[2024-12-03T21:24:16.874+0700] {processor.py:208} INFO - Processing /home/tedubuamo/project/venv/lib/python3.12/site-packages/airflow/example_dags/example_branch_operator.py took 0.078 seconds
[2024-12-03T21:25:08.158+0700] {processor.py:186} INFO - Started process (PID=4424) to work on /home/tedubuamo/project/venv/lib/python3.12/site-packages/airflow/example_dags/example_branch_operator.py
[2024-12-03T21:25:08.160+0700] {processor.py:914} INFO - Processing file /home/tedubuamo/project/venv/lib/python3.12/site-packages/airflow/example_dags/example_branch_operator.py for tasks to queue
[2024-12-03T21:25:08.161+0700] {logging_mixin.py:190} INFO - [2024-12-03T21:25:08.161+0700] {dagbag.py:588} INFO - Filling up the DagBag from /home/tedubuamo/project/venv/lib/python3.12/site-packages/airflow/example_dags/example_branch_operator.py
[2024-12-03T21:25:08.224+0700] {processor.py:927} WARNING - No viable dags retrieved from /home/tedubuamo/project/venv/lib/python3.12/site-packages/airflow/example_dags/example_branch_operator.py
[2024-12-03T21:25:08.232+0700] {processor.py:208} INFO - Processing /home/tedubuamo/project/venv/lib/python3.12/site-packages/airflow/example_dags/example_branch_operator.py took 0.079 seconds
[2024-12-03T21:26:10.395+0700] {processor.py:186} INFO - Started process (PID=4510) to work on /home/tedubuamo/project/venv/lib/python3.12/site-packages/airflow/example_dags/example_branch_operator.py
[2024-12-03T21:26:10.396+0700] {processor.py:914} INFO - Processing file /home/tedubuamo/project/venv/lib/python3.12/site-packages/airflow/example_dags/example_branch_operator.py for tasks to queue
[2024-12-03T21:26:10.398+0700] {logging_mixin.py:190} INFO - [2024-12-03T21:26:10.398+0700] {dagbag.py:588} INFO - Filling up the DagBag from /home/tedubuamo/project/venv/lib/python3.12/site-packages/airflow/example_dags/example_branch_operator.py
[2024-12-03T21:26:10.464+0700] {processor.py:927} WARNING - No viable dags retrieved from /home/tedubuamo/project/venv/lib/python3.12/site-packages/airflow/example_dags/example_branch_operator.py
[2024-12-03T21:26:10.472+0700] {processor.py:208} INFO - Processing /home/tedubuamo/project/venv/lib/python3.12/site-packages/airflow/example_dags/example_branch_operator.py took 0.081 seconds
[2024-12-03T21:27:05.844+0700] {processor.py:186} INFO - Started process (PID=4568) to work on /home/tedubuamo/project/venv/lib/python3.12/site-packages/airflow/example_dags/example_branch_operator.py
[2024-12-03T21:27:05.845+0700] {processor.py:914} INFO - Processing file /home/tedubuamo/project/venv/lib/python3.12/site-packages/airflow/example_dags/example_branch_operator.py for tasks to queue
[2024-12-03T21:27:05.847+0700] {logging_mixin.py:190} INFO - [2024-12-03T21:27:05.846+0700] {dagbag.py:588} INFO - Filling up the DagBag from /home/tedubuamo/project/venv/lib/python3.12/site-packages/airflow/example_dags/example_branch_operator.py
[2024-12-03T21:27:05.913+0700] {processor.py:927} WARNING - No viable dags retrieved from /home/tedubuamo/project/venv/lib/python3.12/site-packages/airflow/example_dags/example_branch_operator.py
[2024-12-03T21:27:05.921+0700] {processor.py:208} INFO - Processing /home/tedubuamo/project/venv/lib/python3.12/site-packages/airflow/example_dags/example_branch_operator.py took 0.082 seconds
[2024-12-03T21:27:58.638+0700] {processor.py:186} INFO - Started process (PID=4639) to work on /home/tedubuamo/project/venv/lib/python3.12/site-packages/airflow/example_dags/example_branch_operator.py
[2024-12-03T21:27:58.642+0700] {processor.py:914} INFO - Processing file /home/tedubuamo/project/venv/lib/python3.12/site-packages/airflow/example_dags/example_branch_operator.py for tasks to queue
[2024-12-03T21:27:58.644+0700] {logging_mixin.py:190} INFO - [2024-12-03T21:27:58.643+0700] {dagbag.py:588} INFO - Filling up the DagBag from /home/tedubuamo/project/venv/lib/python3.12/site-packages/airflow/example_dags/example_branch_operator.py
[2024-12-03T21:27:58.714+0700] {processor.py:927} WARNING - No viable dags retrieved from /home/tedubuamo/project/venv/lib/python3.12/site-packages/airflow/example_dags/example_branch_operator.py
[2024-12-03T21:27:58.722+0700] {processor.py:208} INFO - Processing /home/tedubuamo/project/venv/lib/python3.12/site-packages/airflow/example_dags/example_branch_operator.py took 0.088 seconds
[2024-12-03T21:28:52.900+0700] {processor.py:186} INFO - Started process (PID=4774) to work on /home/tedubuamo/project/venv/lib/python3.12/site-packages/airflow/example_dags/example_branch_operator.py
[2024-12-03T21:28:52.901+0700] {processor.py:914} INFO - Processing file /home/tedubuamo/project/venv/lib/python3.12/site-packages/airflow/example_dags/example_branch_operator.py for tasks to queue
[2024-12-03T21:28:52.903+0700] {logging_mixin.py:190} INFO - [2024-12-03T21:28:52.902+0700] {dagbag.py:588} INFO - Filling up the DagBag from /home/tedubuamo/project/venv/lib/python3.12/site-packages/airflow/example_dags/example_branch_operator.py
[2024-12-03T21:28:52.955+0700] {processor.py:927} WARNING - No viable dags retrieved from /home/tedubuamo/project/venv/lib/python3.12/site-packages/airflow/example_dags/example_branch_operator.py
[2024-12-03T21:28:52.962+0700] {processor.py:208} INFO - Processing /home/tedubuamo/project/venv/lib/python3.12/site-packages/airflow/example_dags/example_branch_operator.py took 0.067 seconds
[2024-12-03T21:29:46.662+0700] {processor.py:186} INFO - Started process (PID=4836) to work on /home/tedubuamo/project/venv/lib/python3.12/site-packages/airflow/example_dags/example_branch_operator.py
[2024-12-03T21:29:46.664+0700] {processor.py:914} INFO - Processing file /home/tedubuamo/project/venv/lib/python3.12/site-packages/airflow/example_dags/example_branch_operator.py for tasks to queue
[2024-12-03T21:29:46.666+0700] {logging_mixin.py:190} INFO - [2024-12-03T21:29:46.665+0700] {dagbag.py:588} INFO - Filling up the DagBag from /home/tedubuamo/project/venv/lib/python3.12/site-packages/airflow/example_dags/example_branch_operator.py
[2024-12-03T21:29:46.745+0700] {processor.py:927} WARNING - No viable dags retrieved from /home/tedubuamo/project/venv/lib/python3.12/site-packages/airflow/example_dags/example_branch_operator.py
[2024-12-03T21:29:46.758+0700] {processor.py:208} INFO - Processing /home/tedubuamo/project/venv/lib/python3.12/site-packages/airflow/example_dags/example_branch_operator.py took 0.100 seconds
[2024-12-03T21:30:41.106+0700] {processor.py:186} INFO - Started process (PID=4895) to work on /home/tedubuamo/project/venv/lib/python3.12/site-packages/airflow/example_dags/example_branch_operator.py
[2024-12-03T21:30:41.109+0700] {processor.py:914} INFO - Processing file /home/tedubuamo/project/venv/lib/python3.12/site-packages/airflow/example_dags/example_branch_operator.py for tasks to queue
[2024-12-03T21:30:41.111+0700] {logging_mixin.py:190} INFO - [2024-12-03T21:30:41.111+0700] {dagbag.py:588} INFO - Filling up the DagBag from /home/tedubuamo/project/venv/lib/python3.12/site-packages/airflow/example_dags/example_branch_operator.py
[2024-12-03T21:30:41.161+0700] {processor.py:927} WARNING - No viable dags retrieved from /home/tedubuamo/project/venv/lib/python3.12/site-packages/airflow/example_dags/example_branch_operator.py
[2024-12-03T21:30:41.167+0700] {processor.py:208} INFO - Processing /home/tedubuamo/project/venv/lib/python3.12/site-packages/airflow/example_dags/example_branch_operator.py took 0.066 seconds
[2024-12-03T21:31:34.962+0700] {processor.py:186} INFO - Started process (PID=4969) to work on /home/tedubuamo/project/venv/lib/python3.12/site-packages/airflow/example_dags/example_branch_operator.py
[2024-12-03T21:31:34.964+0700] {processor.py:914} INFO - Processing file /home/tedubuamo/project/venv/lib/python3.12/site-packages/airflow/example_dags/example_branch_operator.py for tasks to queue
[2024-12-03T21:31:34.965+0700] {logging_mixin.py:190} INFO - [2024-12-03T21:31:34.965+0700] {dagbag.py:588} INFO - Filling up the DagBag from /home/tedubuamo/project/venv/lib/python3.12/site-packages/airflow/example_dags/example_branch_operator.py
[2024-12-03T21:31:35.033+0700] {processor.py:927} WARNING - No viable dags retrieved from /home/tedubuamo/project/venv/lib/python3.12/site-packages/airflow/example_dags/example_branch_operator.py
[2024-12-03T21:31:35.040+0700] {processor.py:208} INFO - Processing /home/tedubuamo/project/venv/lib/python3.12/site-packages/airflow/example_dags/example_branch_operator.py took 0.082 seconds
