[2024-12-03T20:57:59.083+0700] {processor.py:186} INFO - Started process (PID=1652) to work on /home/tedubuamo/project/venv/lib/python3.12/site-packages/airflow/example_dags/example_branch_day_of_week_operator.py
[2024-12-03T20:57:59.083+0700] {processor.py:914} INFO - Processing file /home/tedubuamo/project/venv/lib/python3.12/site-packages/airflow/example_dags/example_branch_day_of_week_operator.py for tasks to queue
[2024-12-03T20:57:59.085+0700] {logging_mixin.py:190} INFO - [2024-12-03T20:57:59.085+0700] {dagbag.py:588} INFO - Filling up the DagBag from /home/tedubuamo/project/venv/lib/python3.12/site-packages/airflow/example_dags/example_branch_day_of_week_operator.py
[2024-12-03T20:57:59.093+0700] {processor.py:925} INFO - DAG(s) 'example_weekday_branch_operator' retrieved from /home/tedubuamo/project/venv/lib/python3.12/site-packages/airflow/example_dags/example_branch_day_of_week_operator.py
[2024-12-03T20:57:59.159+0700] {logging_mixin.py:190} INFO - [2024-12-03T20:57:59.159+0700] {dag.py:3239} INFO - Sync 1 DAGs
[2024-12-03T20:57:59.172+0700] {logging_mixin.py:190} INFO - [2024-12-03T20:57:59.172+0700] {dag.py:4180} INFO - Setting next_dagrun for example_weekday_branch_operator to 2024-12-02 00:00:00+00:00, run_after=2024-12-03 00:00:00+00:00
[2024-12-03T20:57:59.191+0700] {processor.py:208} INFO - Processing /home/tedubuamo/project/venv/lib/python3.12/site-packages/airflow/example_dags/example_branch_day_of_week_operator.py took 0.112 seconds
[2024-12-03T20:58:55.489+0700] {processor.py:186} INFO - Started process (PID=1709) to work on /home/tedubuamo/project/venv/lib/python3.12/site-packages/airflow/example_dags/example_branch_day_of_week_operator.py
[2024-12-03T20:58:55.492+0700] {processor.py:914} INFO - Processing file /home/tedubuamo/project/venv/lib/python3.12/site-packages/airflow/example_dags/example_branch_day_of_week_operator.py for tasks to queue
[2024-12-03T20:58:55.494+0700] {logging_mixin.py:190} INFO - [2024-12-03T20:58:55.493+0700] {dagbag.py:588} INFO - Filling up the DagBag from /home/tedubuamo/project/venv/lib/python3.12/site-packages/airflow/example_dags/example_branch_day_of_week_operator.py
[2024-12-03T20:58:55.501+0700] {processor.py:925} INFO - DAG(s) 'example_weekday_branch_operator' retrieved from /home/tedubuamo/project/venv/lib/python3.12/site-packages/airflow/example_dags/example_branch_day_of_week_operator.py
[2024-12-03T20:58:55.511+0700] {logging_mixin.py:190} INFO - [2024-12-03T20:58:55.511+0700] {dag.py:3239} INFO - Sync 1 DAGs
[2024-12-03T20:58:55.524+0700] {logging_mixin.py:190} INFO - [2024-12-03T20:58:55.523+0700] {dag.py:4180} INFO - Setting next_dagrun for example_weekday_branch_operator to 2024-12-02 00:00:00+00:00, run_after=2024-12-03 00:00:00+00:00
[2024-12-03T20:58:55.541+0700] {processor.py:208} INFO - Processing /home/tedubuamo/project/venv/lib/python3.12/site-packages/airflow/example_dags/example_branch_day_of_week_operator.py took 0.056 seconds
[2024-12-03T20:59:49.389+0700] {processor.py:186} INFO - Started process (PID=1766) to work on /home/tedubuamo/project/venv/lib/python3.12/site-packages/airflow/example_dags/example_branch_day_of_week_operator.py
[2024-12-03T20:59:49.393+0700] {processor.py:914} INFO - Processing file /home/tedubuamo/project/venv/lib/python3.12/site-packages/airflow/example_dags/example_branch_day_of_week_operator.py for tasks to queue
[2024-12-03T20:59:49.395+0700] {logging_mixin.py:190} INFO - [2024-12-03T20:59:49.394+0700] {dagbag.py:588} INFO - Filling up the DagBag from /home/tedubuamo/project/venv/lib/python3.12/site-packages/airflow/example_dags/example_branch_day_of_week_operator.py
[2024-12-03T20:59:49.401+0700] {processor.py:925} INFO - DAG(s) 'example_weekday_branch_operator' retrieved from /home/tedubuamo/project/venv/lib/python3.12/site-packages/airflow/example_dags/example_branch_day_of_week_operator.py
[2024-12-03T20:59:49.413+0700] {logging_mixin.py:190} INFO - [2024-12-03T20:59:49.412+0700] {dag.py:3239} INFO - Sync 1 DAGs
[2024-12-03T20:59:49.426+0700] {logging_mixin.py:190} INFO - [2024-12-03T20:59:49.426+0700] {dag.py:4180} INFO - Setting next_dagrun for example_weekday_branch_operator to 2024-12-02 00:00:00+00:00, run_after=2024-12-03 00:00:00+00:00
[2024-12-03T20:59:49.443+0700] {processor.py:208} INFO - Processing /home/tedubuamo/project/venv/lib/python3.12/site-packages/airflow/example_dags/example_branch_day_of_week_operator.py took 0.058 seconds
[2024-12-03T21:00:43.694+0700] {processor.py:186} INFO - Started process (PID=1821) to work on /home/tedubuamo/project/venv/lib/python3.12/site-packages/airflow/example_dags/example_branch_day_of_week_operator.py
[2024-12-03T21:00:43.696+0700] {processor.py:914} INFO - Processing file /home/tedubuamo/project/venv/lib/python3.12/site-packages/airflow/example_dags/example_branch_day_of_week_operator.py for tasks to queue
[2024-12-03T21:00:43.698+0700] {logging_mixin.py:190} INFO - [2024-12-03T21:00:43.698+0700] {dagbag.py:588} INFO - Filling up the DagBag from /home/tedubuamo/project/venv/lib/python3.12/site-packages/airflow/example_dags/example_branch_day_of_week_operator.py
[2024-12-03T21:00:43.712+0700] {processor.py:925} INFO - DAG(s) 'example_weekday_branch_operator' retrieved from /home/tedubuamo/project/venv/lib/python3.12/site-packages/airflow/example_dags/example_branch_day_of_week_operator.py
[2024-12-03T21:00:43.729+0700] {logging_mixin.py:190} INFO - [2024-12-03T21:00:43.729+0700] {dag.py:3239} INFO - Sync 1 DAGs
[2024-12-03T21:00:43.746+0700] {logging_mixin.py:190} INFO - [2024-12-03T21:00:43.746+0700] {dag.py:4180} INFO - Setting next_dagrun for example_weekday_branch_operator to 2024-12-02 00:00:00+00:00, run_after=2024-12-03 00:00:00+00:00
[2024-12-03T21:00:43.764+0700] {processor.py:208} INFO - Processing /home/tedubuamo/project/venv/lib/python3.12/site-packages/airflow/example_dags/example_branch_day_of_week_operator.py took 0.075 seconds
[2024-12-03T21:05:24.242+0700] {processor.py:186} INFO - Started process (PID=2034) to work on /home/tedubuamo/project/venv/lib/python3.12/site-packages/airflow/example_dags/example_branch_day_of_week_operator.py
[2024-12-03T21:05:24.246+0700] {processor.py:914} INFO - Processing file /home/tedubuamo/project/venv/lib/python3.12/site-packages/airflow/example_dags/example_branch_day_of_week_operator.py for tasks to queue
[2024-12-03T21:05:24.248+0700] {logging_mixin.py:190} INFO - [2024-12-03T21:05:24.248+0700] {dagbag.py:588} INFO - Filling up the DagBag from /home/tedubuamo/project/venv/lib/python3.12/site-packages/airflow/example_dags/example_branch_day_of_week_operator.py
[2024-12-03T21:05:24.255+0700] {processor.py:925} INFO - DAG(s) 'example_weekday_branch_operator' retrieved from /home/tedubuamo/project/venv/lib/python3.12/site-packages/airflow/example_dags/example_branch_day_of_week_operator.py
[2024-12-03T21:05:24.267+0700] {logging_mixin.py:190} INFO - [2024-12-03T21:05:24.267+0700] {dag.py:3239} INFO - Sync 1 DAGs
[2024-12-03T21:05:24.282+0700] {logging_mixin.py:190} INFO - [2024-12-03T21:05:24.281+0700] {dag.py:4180} INFO - Setting next_dagrun for example_weekday_branch_operator to 2024-12-02 00:00:00+00:00, run_after=2024-12-03 00:00:00+00:00
[2024-12-03T21:05:24.301+0700] {processor.py:208} INFO - Processing /home/tedubuamo/project/venv/lib/python3.12/site-packages/airflow/example_dags/example_branch_day_of_week_operator.py took 0.063 seconds
[2024-12-03T21:06:19.594+0700] {processor.py:186} INFO - Started process (PID=2191) to work on /home/tedubuamo/project/venv/lib/python3.12/site-packages/airflow/example_dags/example_branch_day_of_week_operator.py
[2024-12-03T21:06:19.595+0700] {processor.py:914} INFO - Processing file /home/tedubuamo/project/venv/lib/python3.12/site-packages/airflow/example_dags/example_branch_day_of_week_operator.py for tasks to queue
[2024-12-03T21:06:19.597+0700] {logging_mixin.py:190} INFO - [2024-12-03T21:06:19.597+0700] {dagbag.py:588} INFO - Filling up the DagBag from /home/tedubuamo/project/venv/lib/python3.12/site-packages/airflow/example_dags/example_branch_day_of_week_operator.py
[2024-12-03T21:06:19.605+0700] {processor.py:925} INFO - DAG(s) 'example_weekday_branch_operator' retrieved from /home/tedubuamo/project/venv/lib/python3.12/site-packages/airflow/example_dags/example_branch_day_of_week_operator.py
[2024-12-03T21:06:19.617+0700] {logging_mixin.py:190} INFO - [2024-12-03T21:06:19.617+0700] {dag.py:3239} INFO - Sync 1 DAGs
[2024-12-03T21:06:19.635+0700] {logging_mixin.py:190} INFO - [2024-12-03T21:06:19.635+0700] {dag.py:4180} INFO - Setting next_dagrun for example_weekday_branch_operator to 2024-12-02 00:00:00+00:00, run_after=2024-12-03 00:00:00+00:00
[2024-12-03T21:06:19.656+0700] {processor.py:208} INFO - Processing /home/tedubuamo/project/venv/lib/python3.12/site-packages/airflow/example_dags/example_branch_day_of_week_operator.py took 0.066 seconds
[2024-12-03T21:06:21.372+0700] {processor.py:186} INFO - Started process (PID=2194) to work on /home/tedubuamo/project/venv/lib/python3.12/site-packages/airflow/example_dags/example_branch_day_of_week_operator.py
[2024-12-03T21:06:21.373+0700] {processor.py:914} INFO - Processing file /home/tedubuamo/project/venv/lib/python3.12/site-packages/airflow/example_dags/example_branch_day_of_week_operator.py for tasks to queue
[2024-12-03T21:06:21.375+0700] {logging_mixin.py:190} INFO - [2024-12-03T21:06:21.374+0700] {dagbag.py:588} INFO - Filling up the DagBag from /home/tedubuamo/project/venv/lib/python3.12/site-packages/airflow/example_dags/example_branch_day_of_week_operator.py
[2024-12-03T21:06:21.386+0700] {processor.py:925} INFO - DAG(s) 'example_weekday_branch_operator' retrieved from /home/tedubuamo/project/venv/lib/python3.12/site-packages/airflow/example_dags/example_branch_day_of_week_operator.py
[2024-12-03T21:06:21.404+0700] {logging_mixin.py:190} INFO - [2024-12-03T21:06:21.404+0700] {dag.py:3239} INFO - Sync 1 DAGs
[2024-12-03T21:06:21.425+0700] {logging_mixin.py:190} INFO - [2024-12-03T21:06:21.424+0700] {dag.py:4180} INFO - Setting next_dagrun for example_weekday_branch_operator to 2024-12-02 00:00:00+00:00, run_after=2024-12-03 00:00:00+00:00
[2024-12-03T21:06:21.449+0700] {processor.py:208} INFO - Processing /home/tedubuamo/project/venv/lib/python3.12/site-packages/airflow/example_dags/example_branch_day_of_week_operator.py took 0.082 seconds
[2024-12-03T21:07:15.585+0700] {processor.py:186} INFO - Started process (PID=2392) to work on /home/tedubuamo/project/venv/lib/python3.12/site-packages/airflow/example_dags/example_branch_day_of_week_operator.py
[2024-12-03T21:07:15.586+0700] {processor.py:914} INFO - Processing file /home/tedubuamo/project/venv/lib/python3.12/site-packages/airflow/example_dags/example_branch_day_of_week_operator.py for tasks to queue
[2024-12-03T21:07:15.588+0700] {logging_mixin.py:190} INFO - [2024-12-03T21:07:15.588+0700] {dagbag.py:588} INFO - Filling up the DagBag from /home/tedubuamo/project/venv/lib/python3.12/site-packages/airflow/example_dags/example_branch_day_of_week_operator.py
[2024-12-03T21:07:15.596+0700] {processor.py:925} INFO - DAG(s) 'example_weekday_branch_operator' retrieved from /home/tedubuamo/project/venv/lib/python3.12/site-packages/airflow/example_dags/example_branch_day_of_week_operator.py
[2024-12-03T21:07:15.609+0700] {logging_mixin.py:190} INFO - [2024-12-03T21:07:15.609+0700] {dag.py:3239} INFO - Sync 1 DAGs
[2024-12-03T21:07:15.625+0700] {logging_mixin.py:190} INFO - [2024-12-03T21:07:15.624+0700] {dag.py:4180} INFO - Setting next_dagrun for example_weekday_branch_operator to 2024-12-02 00:00:00+00:00, run_after=2024-12-03 00:00:00+00:00
[2024-12-03T21:07:15.646+0700] {processor.py:208} INFO - Processing /home/tedubuamo/project/venv/lib/python3.12/site-packages/airflow/example_dags/example_branch_day_of_week_operator.py took 0.065 seconds
[2024-12-03T21:07:17.143+0700] {processor.py:186} INFO - Started process (PID=2395) to work on /home/tedubuamo/project/venv/lib/python3.12/site-packages/airflow/example_dags/example_branch_day_of_week_operator.py
[2024-12-03T21:07:17.144+0700] {processor.py:914} INFO - Processing file /home/tedubuamo/project/venv/lib/python3.12/site-packages/airflow/example_dags/example_branch_day_of_week_operator.py for tasks to queue
[2024-12-03T21:07:17.145+0700] {logging_mixin.py:190} INFO - [2024-12-03T21:07:17.145+0700] {dagbag.py:588} INFO - Filling up the DagBag from /home/tedubuamo/project/venv/lib/python3.12/site-packages/airflow/example_dags/example_branch_day_of_week_operator.py
[2024-12-03T21:07:17.152+0700] {processor.py:925} INFO - DAG(s) 'example_weekday_branch_operator' retrieved from /home/tedubuamo/project/venv/lib/python3.12/site-packages/airflow/example_dags/example_branch_day_of_week_operator.py
[2024-12-03T21:07:17.162+0700] {logging_mixin.py:190} INFO - [2024-12-03T21:07:17.162+0700] {dag.py:3239} INFO - Sync 1 DAGs
[2024-12-03T21:07:17.175+0700] {logging_mixin.py:190} INFO - [2024-12-03T21:07:17.175+0700] {dag.py:4180} INFO - Setting next_dagrun for example_weekday_branch_operator to 2024-12-02 00:00:00+00:00, run_after=2024-12-03 00:00:00+00:00
[2024-12-03T21:07:17.192+0700] {processor.py:208} INFO - Processing /home/tedubuamo/project/venv/lib/python3.12/site-packages/airflow/example_dags/example_branch_day_of_week_operator.py took 0.053 seconds
[2024-12-03T21:08:08.577+0700] {processor.py:186} INFO - Started process (PID=2511) to work on /home/tedubuamo/project/venv/lib/python3.12/site-packages/airflow/example_dags/example_branch_day_of_week_operator.py
[2024-12-03T21:08:08.578+0700] {processor.py:914} INFO - Processing file /home/tedubuamo/project/venv/lib/python3.12/site-packages/airflow/example_dags/example_branch_day_of_week_operator.py for tasks to queue
[2024-12-03T21:08:08.580+0700] {logging_mixin.py:190} INFO - [2024-12-03T21:08:08.580+0700] {dagbag.py:588} INFO - Filling up the DagBag from /home/tedubuamo/project/venv/lib/python3.12/site-packages/airflow/example_dags/example_branch_day_of_week_operator.py
[2024-12-03T21:08:08.589+0700] {processor.py:925} INFO - DAG(s) 'example_weekday_branch_operator' retrieved from /home/tedubuamo/project/venv/lib/python3.12/site-packages/airflow/example_dags/example_branch_day_of_week_operator.py
[2024-12-03T21:08:08.604+0700] {logging_mixin.py:190} INFO - [2024-12-03T21:08:08.603+0700] {dag.py:3239} INFO - Sync 1 DAGs
[2024-12-03T21:08:08.620+0700] {logging_mixin.py:190} INFO - [2024-12-03T21:08:08.620+0700] {dag.py:4180} INFO - Setting next_dagrun for example_weekday_branch_operator to 2024-12-02 00:00:00+00:00, run_after=2024-12-03 00:00:00+00:00
[2024-12-03T21:08:08.643+0700] {processor.py:208} INFO - Processing /home/tedubuamo/project/venv/lib/python3.12/site-packages/airflow/example_dags/example_branch_day_of_week_operator.py took 0.072 seconds
[2024-12-03T21:08:10.703+0700] {processor.py:186} INFO - Started process (PID=2515) to work on /home/tedubuamo/project/venv/lib/python3.12/site-packages/airflow/example_dags/example_branch_day_of_week_operator.py
[2024-12-03T21:08:10.705+0700] {processor.py:914} INFO - Processing file /home/tedubuamo/project/venv/lib/python3.12/site-packages/airflow/example_dags/example_branch_day_of_week_operator.py for tasks to queue
[2024-12-03T21:08:10.708+0700] {logging_mixin.py:190} INFO - [2024-12-03T21:08:10.707+0700] {dagbag.py:588} INFO - Filling up the DagBag from /home/tedubuamo/project/venv/lib/python3.12/site-packages/airflow/example_dags/example_branch_day_of_week_operator.py
[2024-12-03T21:08:10.722+0700] {processor.py:925} INFO - DAG(s) 'example_weekday_branch_operator' retrieved from /home/tedubuamo/project/venv/lib/python3.12/site-packages/airflow/example_dags/example_branch_day_of_week_operator.py
[2024-12-03T21:08:10.739+0700] {logging_mixin.py:190} INFO - [2024-12-03T21:08:10.739+0700] {dag.py:3239} INFO - Sync 1 DAGs
[2024-12-03T21:08:10.755+0700] {logging_mixin.py:190} INFO - [2024-12-03T21:08:10.755+0700] {dag.py:4180} INFO - Setting next_dagrun for example_weekday_branch_operator to 2024-12-02 00:00:00+00:00, run_after=2024-12-03 00:00:00+00:00
[2024-12-03T21:08:10.773+0700] {processor.py:208} INFO - Processing /home/tedubuamo/project/venv/lib/python3.12/site-packages/airflow/example_dags/example_branch_day_of_week_operator.py took 0.076 seconds
[2024-12-03T21:09:01.843+0700] {processor.py:186} INFO - Started process (PID=2618) to work on /home/tedubuamo/project/venv/lib/python3.12/site-packages/airflow/example_dags/example_branch_day_of_week_operator.py
[2024-12-03T21:09:01.846+0700] {processor.py:914} INFO - Processing file /home/tedubuamo/project/venv/lib/python3.12/site-packages/airflow/example_dags/example_branch_day_of_week_operator.py for tasks to queue
[2024-12-03T21:09:01.848+0700] {logging_mixin.py:190} INFO - [2024-12-03T21:09:01.848+0700] {dagbag.py:588} INFO - Filling up the DagBag from /home/tedubuamo/project/venv/lib/python3.12/site-packages/airflow/example_dags/example_branch_day_of_week_operator.py
[2024-12-03T21:09:01.855+0700] {processor.py:925} INFO - DAG(s) 'example_weekday_branch_operator' retrieved from /home/tedubuamo/project/venv/lib/python3.12/site-packages/airflow/example_dags/example_branch_day_of_week_operator.py
[2024-12-03T21:09:01.867+0700] {logging_mixin.py:190} INFO - [2024-12-03T21:09:01.867+0700] {dag.py:3239} INFO - Sync 1 DAGs
[2024-12-03T21:09:01.884+0700] {logging_mixin.py:190} INFO - [2024-12-03T21:09:01.884+0700] {dag.py:4180} INFO - Setting next_dagrun for example_weekday_branch_operator to 2024-12-02 00:00:00+00:00, run_after=2024-12-03 00:00:00+00:00
[2024-12-03T21:09:01.902+0700] {processor.py:208} INFO - Processing /home/tedubuamo/project/venv/lib/python3.12/site-packages/airflow/example_dags/example_branch_day_of_week_operator.py took 0.063 seconds
[2024-12-03T21:09:02.343+0700] {processor.py:186} INFO - Started process (PID=2619) to work on /home/tedubuamo/project/venv/lib/python3.12/site-packages/airflow/example_dags/example_branch_day_of_week_operator.py
[2024-12-03T21:09:02.343+0700] {processor.py:914} INFO - Processing file /home/tedubuamo/project/venv/lib/python3.12/site-packages/airflow/example_dags/example_branch_day_of_week_operator.py for tasks to queue
[2024-12-03T21:09:02.345+0700] {logging_mixin.py:190} INFO - [2024-12-03T21:09:02.344+0700] {dagbag.py:588} INFO - Filling up the DagBag from /home/tedubuamo/project/venv/lib/python3.12/site-packages/airflow/example_dags/example_branch_day_of_week_operator.py
[2024-12-03T21:09:02.352+0700] {processor.py:925} INFO - DAG(s) 'example_weekday_branch_operator' retrieved from /home/tedubuamo/project/venv/lib/python3.12/site-packages/airflow/example_dags/example_branch_day_of_week_operator.py
[2024-12-03T21:09:02.363+0700] {logging_mixin.py:190} INFO - [2024-12-03T21:09:02.363+0700] {dag.py:3239} INFO - Sync 1 DAGs
[2024-12-03T21:09:02.377+0700] {logging_mixin.py:190} INFO - [2024-12-03T21:09:02.377+0700] {dag.py:4180} INFO - Setting next_dagrun for example_weekday_branch_operator to 2024-12-02 00:00:00+00:00, run_after=2024-12-03 00:00:00+00:00
[2024-12-03T21:09:02.394+0700] {processor.py:208} INFO - Processing /home/tedubuamo/project/venv/lib/python3.12/site-packages/airflow/example_dags/example_branch_day_of_week_operator.py took 0.055 seconds
[2024-12-03T21:09:51.108+0700] {processor.py:186} INFO - Started process (PID=2722) to work on /home/tedubuamo/project/venv/lib/python3.12/site-packages/airflow/example_dags/example_branch_day_of_week_operator.py
[2024-12-03T21:09:51.110+0700] {processor.py:914} INFO - Processing file /home/tedubuamo/project/venv/lib/python3.12/site-packages/airflow/example_dags/example_branch_day_of_week_operator.py for tasks to queue
[2024-12-03T21:09:51.111+0700] {logging_mixin.py:190} INFO - [2024-12-03T21:09:51.111+0700] {dagbag.py:588} INFO - Filling up the DagBag from /home/tedubuamo/project/venv/lib/python3.12/site-packages/airflow/example_dags/example_branch_day_of_week_operator.py
[2024-12-03T21:09:51.119+0700] {processor.py:925} INFO - DAG(s) 'example_weekday_branch_operator' retrieved from /home/tedubuamo/project/venv/lib/python3.12/site-packages/airflow/example_dags/example_branch_day_of_week_operator.py
[2024-12-03T21:09:51.130+0700] {logging_mixin.py:190} INFO - [2024-12-03T21:09:51.129+0700] {dag.py:3239} INFO - Sync 1 DAGs
[2024-12-03T21:09:51.144+0700] {logging_mixin.py:190} INFO - [2024-12-03T21:09:51.144+0700] {dag.py:4180} INFO - Setting next_dagrun for example_weekday_branch_operator to 2024-12-02 00:00:00+00:00, run_after=2024-12-03 00:00:00+00:00
[2024-12-03T21:09:51.164+0700] {processor.py:208} INFO - Processing /home/tedubuamo/project/venv/lib/python3.12/site-packages/airflow/example_dags/example_branch_day_of_week_operator.py took 0.060 seconds
[2024-12-03T21:09:54.076+0700] {processor.py:186} INFO - Started process (PID=2728) to work on /home/tedubuamo/project/venv/lib/python3.12/site-packages/airflow/example_dags/example_branch_day_of_week_operator.py
[2024-12-03T21:09:54.078+0700] {processor.py:914} INFO - Processing file /home/tedubuamo/project/venv/lib/python3.12/site-packages/airflow/example_dags/example_branch_day_of_week_operator.py for tasks to queue
[2024-12-03T21:09:54.080+0700] {logging_mixin.py:190} INFO - [2024-12-03T21:09:54.079+0700] {dagbag.py:588} INFO - Filling up the DagBag from /home/tedubuamo/project/venv/lib/python3.12/site-packages/airflow/example_dags/example_branch_day_of_week_operator.py
[2024-12-03T21:09:54.088+0700] {processor.py:925} INFO - DAG(s) 'example_weekday_branch_operator' retrieved from /home/tedubuamo/project/venv/lib/python3.12/site-packages/airflow/example_dags/example_branch_day_of_week_operator.py
[2024-12-03T21:09:54.101+0700] {logging_mixin.py:190} INFO - [2024-12-03T21:09:54.101+0700] {dag.py:3239} INFO - Sync 1 DAGs
[2024-12-03T21:09:54.119+0700] {logging_mixin.py:190} INFO - [2024-12-03T21:09:54.119+0700] {dag.py:4180} INFO - Setting next_dagrun for example_weekday_branch_operator to 2024-12-02 00:00:00+00:00, run_after=2024-12-03 00:00:00+00:00
[2024-12-03T21:09:54.139+0700] {processor.py:208} INFO - Processing /home/tedubuamo/project/venv/lib/python3.12/site-packages/airflow/example_dags/example_branch_day_of_week_operator.py took 0.066 seconds
[2024-12-03T21:10:45.414+0700] {processor.py:186} INFO - Started process (PID=2832) to work on /home/tedubuamo/project/venv/lib/python3.12/site-packages/airflow/example_dags/example_branch_day_of_week_operator.py
[2024-12-03T21:10:45.417+0700] {processor.py:914} INFO - Processing file /home/tedubuamo/project/venv/lib/python3.12/site-packages/airflow/example_dags/example_branch_day_of_week_operator.py for tasks to queue
[2024-12-03T21:10:45.419+0700] {logging_mixin.py:190} INFO - [2024-12-03T21:10:45.419+0700] {dagbag.py:588} INFO - Filling up the DagBag from /home/tedubuamo/project/venv/lib/python3.12/site-packages/airflow/example_dags/example_branch_day_of_week_operator.py
[2024-12-03T21:10:45.426+0700] {processor.py:925} INFO - DAG(s) 'example_weekday_branch_operator' retrieved from /home/tedubuamo/project/venv/lib/python3.12/site-packages/airflow/example_dags/example_branch_day_of_week_operator.py
[2024-12-03T21:10:45.438+0700] {logging_mixin.py:190} INFO - [2024-12-03T21:10:45.438+0700] {dag.py:3239} INFO - Sync 1 DAGs
[2024-12-03T21:10:45.453+0700] {logging_mixin.py:190} INFO - [2024-12-03T21:10:45.453+0700] {dag.py:4180} INFO - Setting next_dagrun for example_weekday_branch_operator to 2024-12-02 00:00:00+00:00, run_after=2024-12-03 00:00:00+00:00
[2024-12-03T21:10:45.472+0700] {processor.py:208} INFO - Processing /home/tedubuamo/project/venv/lib/python3.12/site-packages/airflow/example_dags/example_branch_day_of_week_operator.py took 0.063 seconds
[2024-12-03T21:10:45.989+0700] {processor.py:186} INFO - Started process (PID=2833) to work on /home/tedubuamo/project/venv/lib/python3.12/site-packages/airflow/example_dags/example_branch_day_of_week_operator.py
[2024-12-03T21:10:45.990+0700] {processor.py:914} INFO - Processing file /home/tedubuamo/project/venv/lib/python3.12/site-packages/airflow/example_dags/example_branch_day_of_week_operator.py for tasks to queue
[2024-12-03T21:10:45.992+0700] {logging_mixin.py:190} INFO - [2024-12-03T21:10:45.991+0700] {dagbag.py:588} INFO - Filling up the DagBag from /home/tedubuamo/project/venv/lib/python3.12/site-packages/airflow/example_dags/example_branch_day_of_week_operator.py
[2024-12-03T21:10:46.000+0700] {processor.py:925} INFO - DAG(s) 'example_weekday_branch_operator' retrieved from /home/tedubuamo/project/venv/lib/python3.12/site-packages/airflow/example_dags/example_branch_day_of_week_operator.py
[2024-12-03T21:10:46.013+0700] {logging_mixin.py:190} INFO - [2024-12-03T21:10:46.012+0700] {dag.py:3239} INFO - Sync 1 DAGs
[2024-12-03T21:10:46.028+0700] {logging_mixin.py:190} INFO - [2024-12-03T21:10:46.028+0700] {dag.py:4180} INFO - Setting next_dagrun for example_weekday_branch_operator to 2024-12-02 00:00:00+00:00, run_after=2024-12-03 00:00:00+00:00
[2024-12-03T21:10:46.050+0700] {processor.py:208} INFO - Processing /home/tedubuamo/project/venv/lib/python3.12/site-packages/airflow/example_dags/example_branch_day_of_week_operator.py took 0.065 seconds
[2024-12-03T21:11:38.151+0700] {processor.py:186} INFO - Started process (PID=2939) to work on /home/tedubuamo/project/venv/lib/python3.12/site-packages/airflow/example_dags/example_branch_day_of_week_operator.py
[2024-12-03T21:11:38.152+0700] {processor.py:914} INFO - Processing file /home/tedubuamo/project/venv/lib/python3.12/site-packages/airflow/example_dags/example_branch_day_of_week_operator.py for tasks to queue
[2024-12-03T21:11:38.154+0700] {logging_mixin.py:190} INFO - [2024-12-03T21:11:38.154+0700] {dagbag.py:588} INFO - Filling up the DagBag from /home/tedubuamo/project/venv/lib/python3.12/site-packages/airflow/example_dags/example_branch_day_of_week_operator.py
[2024-12-03T21:11:38.163+0700] {processor.py:925} INFO - DAG(s) 'example_weekday_branch_operator' retrieved from /home/tedubuamo/project/venv/lib/python3.12/site-packages/airflow/example_dags/example_branch_day_of_week_operator.py
[2024-12-03T21:11:38.179+0700] {logging_mixin.py:190} INFO - [2024-12-03T21:11:38.178+0700] {dag.py:3239} INFO - Sync 1 DAGs
[2024-12-03T21:11:38.199+0700] {logging_mixin.py:190} INFO - [2024-12-03T21:11:38.199+0700] {dag.py:4180} INFO - Setting next_dagrun for example_weekday_branch_operator to 2024-12-02 00:00:00+00:00, run_after=2024-12-03 00:00:00+00:00
[2024-12-03T21:11:38.219+0700] {processor.py:208} INFO - Processing /home/tedubuamo/project/venv/lib/python3.12/site-packages/airflow/example_dags/example_branch_day_of_week_operator.py took 0.075 seconds
[2024-12-03T21:11:39.823+0700] {processor.py:186} INFO - Started process (PID=2942) to work on /home/tedubuamo/project/venv/lib/python3.12/site-packages/airflow/example_dags/example_branch_day_of_week_operator.py
[2024-12-03T21:11:39.824+0700] {processor.py:914} INFO - Processing file /home/tedubuamo/project/venv/lib/python3.12/site-packages/airflow/example_dags/example_branch_day_of_week_operator.py for tasks to queue
[2024-12-03T21:11:39.828+0700] {logging_mixin.py:190} INFO - [2024-12-03T21:11:39.827+0700] {dagbag.py:588} INFO - Filling up the DagBag from /home/tedubuamo/project/venv/lib/python3.12/site-packages/airflow/example_dags/example_branch_day_of_week_operator.py
[2024-12-03T21:11:39.839+0700] {processor.py:925} INFO - DAG(s) 'example_weekday_branch_operator' retrieved from /home/tedubuamo/project/venv/lib/python3.12/site-packages/airflow/example_dags/example_branch_day_of_week_operator.py
[2024-12-03T21:11:39.852+0700] {logging_mixin.py:190} INFO - [2024-12-03T21:11:39.852+0700] {dag.py:3239} INFO - Sync 1 DAGs
[2024-12-03T21:11:39.871+0700] {logging_mixin.py:190} INFO - [2024-12-03T21:11:39.871+0700] {dag.py:4180} INFO - Setting next_dagrun for example_weekday_branch_operator to 2024-12-02 00:00:00+00:00, run_after=2024-12-03 00:00:00+00:00
[2024-12-03T21:11:39.900+0700] {processor.py:208} INFO - Processing /home/tedubuamo/project/venv/lib/python3.12/site-packages/airflow/example_dags/example_branch_day_of_week_operator.py took 0.083 seconds
[2024-12-03T21:12:28.589+0700] {processor.py:186} INFO - Started process (PID=3071) to work on /home/tedubuamo/project/venv/lib/python3.12/site-packages/airflow/example_dags/example_branch_day_of_week_operator.py
[2024-12-03T21:12:28.590+0700] {processor.py:914} INFO - Processing file /home/tedubuamo/project/venv/lib/python3.12/site-packages/airflow/example_dags/example_branch_day_of_week_operator.py for tasks to queue
[2024-12-03T21:12:28.591+0700] {logging_mixin.py:190} INFO - [2024-12-03T21:12:28.591+0700] {dagbag.py:588} INFO - Filling up the DagBag from /home/tedubuamo/project/venv/lib/python3.12/site-packages/airflow/example_dags/example_branch_day_of_week_operator.py
[2024-12-03T21:12:28.599+0700] {processor.py:925} INFO - DAG(s) 'example_weekday_branch_operator' retrieved from /home/tedubuamo/project/venv/lib/python3.12/site-packages/airflow/example_dags/example_branch_day_of_week_operator.py
[2024-12-03T21:12:28.609+0700] {logging_mixin.py:190} INFO - [2024-12-03T21:12:28.609+0700] {dag.py:3239} INFO - Sync 1 DAGs
[2024-12-03T21:12:28.623+0700] {logging_mixin.py:190} INFO - [2024-12-03T21:12:28.623+0700] {dag.py:4180} INFO - Setting next_dagrun for example_weekday_branch_operator to 2024-12-02 00:00:00+00:00, run_after=2024-12-03 00:00:00+00:00
[2024-12-03T21:12:28.640+0700] {processor.py:208} INFO - Processing /home/tedubuamo/project/venv/lib/python3.12/site-packages/airflow/example_dags/example_branch_day_of_week_operator.py took 0.055 seconds
[2024-12-03T21:12:33.657+0700] {processor.py:186} INFO - Started process (PID=3081) to work on /home/tedubuamo/project/venv/lib/python3.12/site-packages/airflow/example_dags/example_branch_day_of_week_operator.py
[2024-12-03T21:12:33.657+0700] {processor.py:914} INFO - Processing file /home/tedubuamo/project/venv/lib/python3.12/site-packages/airflow/example_dags/example_branch_day_of_week_operator.py for tasks to queue
[2024-12-03T21:12:33.659+0700] {logging_mixin.py:190} INFO - [2024-12-03T21:12:33.658+0700] {dagbag.py:588} INFO - Filling up the DagBag from /home/tedubuamo/project/venv/lib/python3.12/site-packages/airflow/example_dags/example_branch_day_of_week_operator.py
[2024-12-03T21:12:33.666+0700] {processor.py:925} INFO - DAG(s) 'example_weekday_branch_operator' retrieved from /home/tedubuamo/project/venv/lib/python3.12/site-packages/airflow/example_dags/example_branch_day_of_week_operator.py
[2024-12-03T21:12:33.676+0700] {logging_mixin.py:190} INFO - [2024-12-03T21:12:33.676+0700] {dag.py:3239} INFO - Sync 1 DAGs
[2024-12-03T21:12:33.689+0700] {logging_mixin.py:190} INFO - [2024-12-03T21:12:33.689+0700] {dag.py:4180} INFO - Setting next_dagrun for example_weekday_branch_operator to 2024-12-02 00:00:00+00:00, run_after=2024-12-03 00:00:00+00:00
[2024-12-03T21:12:33.707+0700] {processor.py:208} INFO - Processing /home/tedubuamo/project/venv/lib/python3.12/site-packages/airflow/example_dags/example_branch_day_of_week_operator.py took 0.054 seconds
[2024-12-03T21:13:19.156+0700] {processor.py:186} INFO - Started process (PID=3182) to work on /home/tedubuamo/project/venv/lib/python3.12/site-packages/airflow/example_dags/example_branch_day_of_week_operator.py
[2024-12-03T21:13:19.159+0700] {processor.py:914} INFO - Processing file /home/tedubuamo/project/venv/lib/python3.12/site-packages/airflow/example_dags/example_branch_day_of_week_operator.py for tasks to queue
[2024-12-03T21:13:19.161+0700] {logging_mixin.py:190} INFO - [2024-12-03T21:13:19.160+0700] {dagbag.py:588} INFO - Filling up the DagBag from /home/tedubuamo/project/venv/lib/python3.12/site-packages/airflow/example_dags/example_branch_day_of_week_operator.py
[2024-12-03T21:13:19.170+0700] {processor.py:925} INFO - DAG(s) 'example_weekday_branch_operator' retrieved from /home/tedubuamo/project/venv/lib/python3.12/site-packages/airflow/example_dags/example_branch_day_of_week_operator.py
[2024-12-03T21:13:19.181+0700] {logging_mixin.py:190} INFO - [2024-12-03T21:13:19.181+0700] {dag.py:3239} INFO - Sync 1 DAGs
[2024-12-03T21:13:19.197+0700] {logging_mixin.py:190} INFO - [2024-12-03T21:13:19.197+0700] {dag.py:4180} INFO - Setting next_dagrun for example_weekday_branch_operator to 2024-12-02 00:00:00+00:00, run_after=2024-12-03 00:00:00+00:00
[2024-12-03T21:13:19.225+0700] {processor.py:208} INFO - Processing /home/tedubuamo/project/venv/lib/python3.12/site-packages/airflow/example_dags/example_branch_day_of_week_operator.py took 0.072 seconds
[2024-12-03T21:13:27.921+0700] {processor.py:186} INFO - Started process (PID=3199) to work on /home/tedubuamo/project/venv/lib/python3.12/site-packages/airflow/example_dags/example_branch_day_of_week_operator.py
[2024-12-03T21:13:27.922+0700] {processor.py:914} INFO - Processing file /home/tedubuamo/project/venv/lib/python3.12/site-packages/airflow/example_dags/example_branch_day_of_week_operator.py for tasks to queue
[2024-12-03T21:13:27.923+0700] {logging_mixin.py:190} INFO - [2024-12-03T21:13:27.923+0700] {dagbag.py:588} INFO - Filling up the DagBag from /home/tedubuamo/project/venv/lib/python3.12/site-packages/airflow/example_dags/example_branch_day_of_week_operator.py
[2024-12-03T21:13:27.931+0700] {processor.py:925} INFO - DAG(s) 'example_weekday_branch_operator' retrieved from /home/tedubuamo/project/venv/lib/python3.12/site-packages/airflow/example_dags/example_branch_day_of_week_operator.py
[2024-12-03T21:13:27.941+0700] {logging_mixin.py:190} INFO - [2024-12-03T21:13:27.941+0700] {dag.py:3239} INFO - Sync 1 DAGs
[2024-12-03T21:13:27.960+0700] {logging_mixin.py:190} INFO - [2024-12-03T21:13:27.960+0700] {dag.py:4180} INFO - Setting next_dagrun for example_weekday_branch_operator to 2024-12-02 00:00:00+00:00, run_after=2024-12-03 00:00:00+00:00
[2024-12-03T21:13:27.977+0700] {processor.py:208} INFO - Processing /home/tedubuamo/project/venv/lib/python3.12/site-packages/airflow/example_dags/example_branch_day_of_week_operator.py took 0.061 seconds
[2024-12-03T21:14:10.991+0700] {processor.py:186} INFO - Started process (PID=3290) to work on /home/tedubuamo/project/venv/lib/python3.12/site-packages/airflow/example_dags/example_branch_day_of_week_operator.py
[2024-12-03T21:14:11.005+0700] {processor.py:914} INFO - Processing file /home/tedubuamo/project/venv/lib/python3.12/site-packages/airflow/example_dags/example_branch_day_of_week_operator.py for tasks to queue
[2024-12-03T21:14:11.008+0700] {logging_mixin.py:190} INFO - [2024-12-03T21:14:11.007+0700] {dagbag.py:588} INFO - Filling up the DagBag from /home/tedubuamo/project/venv/lib/python3.12/site-packages/airflow/example_dags/example_branch_day_of_week_operator.py
[2024-12-03T21:14:11.017+0700] {processor.py:925} INFO - DAG(s) 'example_weekday_branch_operator' retrieved from /home/tedubuamo/project/venv/lib/python3.12/site-packages/airflow/example_dags/example_branch_day_of_week_operator.py
[2024-12-03T21:14:11.037+0700] {logging_mixin.py:190} INFO - [2024-12-03T21:14:11.037+0700] {dag.py:3239} INFO - Sync 1 DAGs
[2024-12-03T21:14:11.054+0700] {logging_mixin.py:190} INFO - [2024-12-03T21:14:11.054+0700] {dag.py:4180} INFO - Setting next_dagrun for example_weekday_branch_operator to 2024-12-02 00:00:00+00:00, run_after=2024-12-03 00:00:00+00:00
[2024-12-03T21:14:11.087+0700] {processor.py:208} INFO - Processing /home/tedubuamo/project/venv/lib/python3.12/site-packages/airflow/example_dags/example_branch_day_of_week_operator.py took 0.101 seconds
[2024-12-03T21:14:19.883+0700] {processor.py:186} INFO - Started process (PID=3308) to work on /home/tedubuamo/project/venv/lib/python3.12/site-packages/airflow/example_dags/example_branch_day_of_week_operator.py
[2024-12-03T21:14:19.884+0700] {processor.py:914} INFO - Processing file /home/tedubuamo/project/venv/lib/python3.12/site-packages/airflow/example_dags/example_branch_day_of_week_operator.py for tasks to queue
[2024-12-03T21:14:19.885+0700] {logging_mixin.py:190} INFO - [2024-12-03T21:14:19.885+0700] {dagbag.py:588} INFO - Filling up the DagBag from /home/tedubuamo/project/venv/lib/python3.12/site-packages/airflow/example_dags/example_branch_day_of_week_operator.py
[2024-12-03T21:14:19.892+0700] {processor.py:925} INFO - DAG(s) 'example_weekday_branch_operator' retrieved from /home/tedubuamo/project/venv/lib/python3.12/site-packages/airflow/example_dags/example_branch_day_of_week_operator.py
[2024-12-03T21:14:19.903+0700] {logging_mixin.py:190} INFO - [2024-12-03T21:14:19.903+0700] {dag.py:3239} INFO - Sync 1 DAGs
[2024-12-03T21:14:19.917+0700] {logging_mixin.py:190} INFO - [2024-12-03T21:14:19.917+0700] {dag.py:4180} INFO - Setting next_dagrun for example_weekday_branch_operator to 2024-12-02 00:00:00+00:00, run_after=2024-12-03 00:00:00+00:00
[2024-12-03T21:14:19.934+0700] {processor.py:208} INFO - Processing /home/tedubuamo/project/venv/lib/python3.12/site-packages/airflow/example_dags/example_branch_day_of_week_operator.py took 0.055 seconds
[2024-12-03T21:15:02.815+0700] {processor.py:186} INFO - Started process (PID=3398) to work on /home/tedubuamo/project/venv/lib/python3.12/site-packages/airflow/example_dags/example_branch_day_of_week_operator.py
[2024-12-03T21:15:02.819+0700] {processor.py:914} INFO - Processing file /home/tedubuamo/project/venv/lib/python3.12/site-packages/airflow/example_dags/example_branch_day_of_week_operator.py for tasks to queue
[2024-12-03T21:15:02.820+0700] {logging_mixin.py:190} INFO - [2024-12-03T21:15:02.820+0700] {dagbag.py:588} INFO - Filling up the DagBag from /home/tedubuamo/project/venv/lib/python3.12/site-packages/airflow/example_dags/example_branch_day_of_week_operator.py
[2024-12-03T21:15:02.828+0700] {processor.py:925} INFO - DAG(s) 'example_weekday_branch_operator' retrieved from /home/tedubuamo/project/venv/lib/python3.12/site-packages/airflow/example_dags/example_branch_day_of_week_operator.py
[2024-12-03T21:15:02.838+0700] {logging_mixin.py:190} INFO - [2024-12-03T21:15:02.838+0700] {dag.py:3239} INFO - Sync 1 DAGs
[2024-12-03T21:15:02.851+0700] {logging_mixin.py:190} INFO - [2024-12-03T21:15:02.851+0700] {dag.py:4180} INFO - Setting next_dagrun for example_weekday_branch_operator to 2024-12-02 00:00:00+00:00, run_after=2024-12-03 00:00:00+00:00
[2024-12-03T21:15:02.869+0700] {processor.py:208} INFO - Processing /home/tedubuamo/project/venv/lib/python3.12/site-packages/airflow/example_dags/example_branch_day_of_week_operator.py took 0.058 seconds
[2024-12-03T21:15:09.061+0700] {processor.py:186} INFO - Started process (PID=3411) to work on /home/tedubuamo/project/venv/lib/python3.12/site-packages/airflow/example_dags/example_branch_day_of_week_operator.py
[2024-12-03T21:15:09.062+0700] {processor.py:914} INFO - Processing file /home/tedubuamo/project/venv/lib/python3.12/site-packages/airflow/example_dags/example_branch_day_of_week_operator.py for tasks to queue
[2024-12-03T21:15:09.063+0700] {logging_mixin.py:190} INFO - [2024-12-03T21:15:09.063+0700] {dagbag.py:588} INFO - Filling up the DagBag from /home/tedubuamo/project/venv/lib/python3.12/site-packages/airflow/example_dags/example_branch_day_of_week_operator.py
[2024-12-03T21:15:09.071+0700] {processor.py:925} INFO - DAG(s) 'example_weekday_branch_operator' retrieved from /home/tedubuamo/project/venv/lib/python3.12/site-packages/airflow/example_dags/example_branch_day_of_week_operator.py
[2024-12-03T21:15:09.081+0700] {logging_mixin.py:190} INFO - [2024-12-03T21:15:09.081+0700] {dag.py:3239} INFO - Sync 1 DAGs
[2024-12-03T21:15:09.095+0700] {logging_mixin.py:190} INFO - [2024-12-03T21:15:09.095+0700] {dag.py:4180} INFO - Setting next_dagrun for example_weekday_branch_operator to 2024-12-02 00:00:00+00:00, run_after=2024-12-03 00:00:00+00:00
[2024-12-03T21:15:09.112+0700] {processor.py:208} INFO - Processing /home/tedubuamo/project/venv/lib/python3.12/site-packages/airflow/example_dags/example_branch_day_of_week_operator.py took 0.055 seconds
[2024-12-03T21:15:51.435+0700] {processor.py:186} INFO - Started process (PID=3499) to work on /home/tedubuamo/project/venv/lib/python3.12/site-packages/airflow/example_dags/example_branch_day_of_week_operator.py
[2024-12-03T21:15:51.436+0700] {processor.py:914} INFO - Processing file /home/tedubuamo/project/venv/lib/python3.12/site-packages/airflow/example_dags/example_branch_day_of_week_operator.py for tasks to queue
[2024-12-03T21:15:51.437+0700] {logging_mixin.py:190} INFO - [2024-12-03T21:15:51.437+0700] {dagbag.py:588} INFO - Filling up the DagBag from /home/tedubuamo/project/venv/lib/python3.12/site-packages/airflow/example_dags/example_branch_day_of_week_operator.py
[2024-12-03T21:15:51.445+0700] {processor.py:925} INFO - DAG(s) 'example_weekday_branch_operator' retrieved from /home/tedubuamo/project/venv/lib/python3.12/site-packages/airflow/example_dags/example_branch_day_of_week_operator.py
[2024-12-03T21:15:51.455+0700] {logging_mixin.py:190} INFO - [2024-12-03T21:15:51.455+0700] {dag.py:3239} INFO - Sync 1 DAGs
[2024-12-03T21:15:51.471+0700] {logging_mixin.py:190} INFO - [2024-12-03T21:15:51.471+0700] {dag.py:4180} INFO - Setting next_dagrun for example_weekday_branch_operator to 2024-12-02 00:00:00+00:00, run_after=2024-12-03 00:00:00+00:00
[2024-12-03T21:15:51.488+0700] {processor.py:208} INFO - Processing /home/tedubuamo/project/venv/lib/python3.12/site-packages/airflow/example_dags/example_branch_day_of_week_operator.py took 0.057 seconds
[2024-12-03T21:15:57.787+0700] {processor.py:186} INFO - Started process (PID=3520) to work on /home/tedubuamo/project/venv/lib/python3.12/site-packages/airflow/example_dags/example_branch_day_of_week_operator.py
[2024-12-03T21:15:57.787+0700] {processor.py:914} INFO - Processing file /home/tedubuamo/project/venv/lib/python3.12/site-packages/airflow/example_dags/example_branch_day_of_week_operator.py for tasks to queue
[2024-12-03T21:15:57.789+0700] {logging_mixin.py:190} INFO - [2024-12-03T21:15:57.789+0700] {dagbag.py:588} INFO - Filling up the DagBag from /home/tedubuamo/project/venv/lib/python3.12/site-packages/airflow/example_dags/example_branch_day_of_week_operator.py
[2024-12-03T21:15:57.801+0700] {processor.py:925} INFO - DAG(s) 'example_weekday_branch_operator' retrieved from /home/tedubuamo/project/venv/lib/python3.12/site-packages/airflow/example_dags/example_branch_day_of_week_operator.py
[2024-12-03T21:15:57.814+0700] {logging_mixin.py:190} INFO - [2024-12-03T21:15:57.814+0700] {dag.py:3239} INFO - Sync 1 DAGs
[2024-12-03T21:15:57.840+0700] {logging_mixin.py:190} INFO - [2024-12-03T21:15:57.839+0700] {dag.py:4180} INFO - Setting next_dagrun for example_weekday_branch_operator to 2024-12-02 00:00:00+00:00, run_after=2024-12-03 00:00:00+00:00
[2024-12-03T21:15:57.857+0700] {processor.py:208} INFO - Processing /home/tedubuamo/project/venv/lib/python3.12/site-packages/airflow/example_dags/example_branch_day_of_week_operator.py took 0.074 seconds
[2024-12-03T21:16:44.888+0700] {processor.py:186} INFO - Started process (PID=3631) to work on /home/tedubuamo/project/venv/lib/python3.12/site-packages/airflow/example_dags/example_branch_day_of_week_operator.py
[2024-12-03T21:16:44.891+0700] {processor.py:914} INFO - Processing file /home/tedubuamo/project/venv/lib/python3.12/site-packages/airflow/example_dags/example_branch_day_of_week_operator.py for tasks to queue
[2024-12-03T21:16:44.892+0700] {logging_mixin.py:190} INFO - [2024-12-03T21:16:44.892+0700] {dagbag.py:588} INFO - Filling up the DagBag from /home/tedubuamo/project/venv/lib/python3.12/site-packages/airflow/example_dags/example_branch_day_of_week_operator.py
[2024-12-03T21:16:44.902+0700] {processor.py:925} INFO - DAG(s) 'example_weekday_branch_operator' retrieved from /home/tedubuamo/project/venv/lib/python3.12/site-packages/airflow/example_dags/example_branch_day_of_week_operator.py
[2024-12-03T21:16:44.919+0700] {logging_mixin.py:190} INFO - [2024-12-03T21:16:44.918+0700] {dag.py:3239} INFO - Sync 1 DAGs
[2024-12-03T21:16:44.937+0700] {logging_mixin.py:190} INFO - [2024-12-03T21:16:44.937+0700] {dag.py:4180} INFO - Setting next_dagrun for example_weekday_branch_operator to 2024-12-02 00:00:00+00:00, run_after=2024-12-03 00:00:00+00:00
[2024-12-03T21:16:44.960+0700] {processor.py:208} INFO - Processing /home/tedubuamo/project/venv/lib/python3.12/site-packages/airflow/example_dags/example_branch_day_of_week_operator.py took 0.076 seconds
[2024-12-03T21:16:49.904+0700] {processor.py:186} INFO - Started process (PID=3650) to work on /home/tedubuamo/project/venv/lib/python3.12/site-packages/airflow/example_dags/example_branch_day_of_week_operator.py
[2024-12-03T21:16:49.907+0700] {processor.py:914} INFO - Processing file /home/tedubuamo/project/venv/lib/python3.12/site-packages/airflow/example_dags/example_branch_day_of_week_operator.py for tasks to queue
[2024-12-03T21:16:49.909+0700] {logging_mixin.py:190} INFO - [2024-12-03T21:16:49.909+0700] {dagbag.py:588} INFO - Filling up the DagBag from /home/tedubuamo/project/venv/lib/python3.12/site-packages/airflow/example_dags/example_branch_day_of_week_operator.py
[2024-12-03T21:16:49.917+0700] {processor.py:925} INFO - DAG(s) 'example_weekday_branch_operator' retrieved from /home/tedubuamo/project/venv/lib/python3.12/site-packages/airflow/example_dags/example_branch_day_of_week_operator.py
[2024-12-03T21:16:49.928+0700] {logging_mixin.py:190} INFO - [2024-12-03T21:16:49.928+0700] {dag.py:3239} INFO - Sync 1 DAGs
[2024-12-03T21:16:49.942+0700] {logging_mixin.py:190} INFO - [2024-12-03T21:16:49.942+0700] {dag.py:4180} INFO - Setting next_dagrun for example_weekday_branch_operator to 2024-12-02 00:00:00+00:00, run_after=2024-12-03 00:00:00+00:00
[2024-12-03T21:16:49.962+0700] {processor.py:208} INFO - Processing /home/tedubuamo/project/venv/lib/python3.12/site-packages/airflow/example_dags/example_branch_day_of_week_operator.py took 0.061 seconds
[2024-12-03T21:17:39.658+0700] {processor.py:186} INFO - Started process (PID=3766) to work on /home/tedubuamo/project/venv/lib/python3.12/site-packages/airflow/example_dags/example_branch_day_of_week_operator.py
[2024-12-03T21:17:39.661+0700] {processor.py:914} INFO - Processing file /home/tedubuamo/project/venv/lib/python3.12/site-packages/airflow/example_dags/example_branch_day_of_week_operator.py for tasks to queue
[2024-12-03T21:17:39.663+0700] {logging_mixin.py:190} INFO - [2024-12-03T21:17:39.663+0700] {dagbag.py:588} INFO - Filling up the DagBag from /home/tedubuamo/project/venv/lib/python3.12/site-packages/airflow/example_dags/example_branch_day_of_week_operator.py
[2024-12-03T21:17:39.670+0700] {processor.py:925} INFO - DAG(s) 'example_weekday_branch_operator' retrieved from /home/tedubuamo/project/venv/lib/python3.12/site-packages/airflow/example_dags/example_branch_day_of_week_operator.py
[2024-12-03T21:17:39.680+0700] {logging_mixin.py:190} INFO - [2024-12-03T21:17:39.680+0700] {dag.py:3239} INFO - Sync 1 DAGs
[2024-12-03T21:17:39.694+0700] {logging_mixin.py:190} INFO - [2024-12-03T21:17:39.694+0700] {dag.py:4180} INFO - Setting next_dagrun for example_weekday_branch_operator to 2024-12-02 00:00:00+00:00, run_after=2024-12-03 00:00:00+00:00
[2024-12-03T21:17:39.713+0700] {processor.py:208} INFO - Processing /home/tedubuamo/project/venv/lib/python3.12/site-packages/airflow/example_dags/example_branch_day_of_week_operator.py took 0.059 seconds
[2024-12-03T21:17:40.352+0700] {processor.py:186} INFO - Started process (PID=3767) to work on /home/tedubuamo/project/venv/lib/python3.12/site-packages/airflow/example_dags/example_branch_day_of_week_operator.py
[2024-12-03T21:17:40.352+0700] {processor.py:914} INFO - Processing file /home/tedubuamo/project/venv/lib/python3.12/site-packages/airflow/example_dags/example_branch_day_of_week_operator.py for tasks to queue
[2024-12-03T21:17:40.354+0700] {logging_mixin.py:190} INFO - [2024-12-03T21:17:40.354+0700] {dagbag.py:588} INFO - Filling up the DagBag from /home/tedubuamo/project/venv/lib/python3.12/site-packages/airflow/example_dags/example_branch_day_of_week_operator.py
[2024-12-03T21:17:40.361+0700] {processor.py:925} INFO - DAG(s) 'example_weekday_branch_operator' retrieved from /home/tedubuamo/project/venv/lib/python3.12/site-packages/airflow/example_dags/example_branch_day_of_week_operator.py
[2024-12-03T21:17:40.372+0700] {logging_mixin.py:190} INFO - [2024-12-03T21:17:40.372+0700] {dag.py:3239} INFO - Sync 1 DAGs
[2024-12-03T21:17:40.387+0700] {logging_mixin.py:190} INFO - [2024-12-03T21:17:40.387+0700] {dag.py:4180} INFO - Setting next_dagrun for example_weekday_branch_operator to 2024-12-02 00:00:00+00:00, run_after=2024-12-03 00:00:00+00:00
[2024-12-03T21:17:40.403+0700] {processor.py:208} INFO - Processing /home/tedubuamo/project/venv/lib/python3.12/site-packages/airflow/example_dags/example_branch_day_of_week_operator.py took 0.055 seconds
[2024-12-03T21:19:24.441+0700] {processor.py:186} INFO - Started process (PID=3965) to work on /home/tedubuamo/project/venv/lib/python3.12/site-packages/airflow/example_dags/example_branch_day_of_week_operator.py
[2024-12-03T21:19:24.442+0700] {processor.py:914} INFO - Processing file /home/tedubuamo/project/venv/lib/python3.12/site-packages/airflow/example_dags/example_branch_day_of_week_operator.py for tasks to queue
[2024-12-03T21:19:24.444+0700] {logging_mixin.py:190} INFO - [2024-12-03T21:19:24.443+0700] {dagbag.py:588} INFO - Filling up the DagBag from /home/tedubuamo/project/venv/lib/python3.12/site-packages/airflow/example_dags/example_branch_day_of_week_operator.py
[2024-12-03T21:19:24.452+0700] {processor.py:925} INFO - DAG(s) 'example_weekday_branch_operator' retrieved from /home/tedubuamo/project/venv/lib/python3.12/site-packages/airflow/example_dags/example_branch_day_of_week_operator.py
[2024-12-03T21:19:24.557+0700] {logging_mixin.py:190} INFO - [2024-12-03T21:19:24.556+0700] {dag.py:3239} INFO - Sync 1 DAGs
[2024-12-03T21:19:24.578+0700] {logging_mixin.py:190} INFO - [2024-12-03T21:19:24.578+0700] {dag.py:4180} INFO - Setting next_dagrun for example_weekday_branch_operator to 2024-12-02 00:00:00+00:00, run_after=2024-12-03 00:00:00+00:00
[2024-12-03T21:19:24.604+0700] {processor.py:208} INFO - Processing /home/tedubuamo/project/venv/lib/python3.12/site-packages/airflow/example_dags/example_branch_day_of_week_operator.py took 0.168 seconds
[2024-12-03T21:20:21.268+0700] {processor.py:186} INFO - Started process (PID=4023) to work on /home/tedubuamo/project/venv/lib/python3.12/site-packages/airflow/example_dags/example_branch_day_of_week_operator.py
[2024-12-03T21:20:21.269+0700] {processor.py:914} INFO - Processing file /home/tedubuamo/project/venv/lib/python3.12/site-packages/airflow/example_dags/example_branch_day_of_week_operator.py for tasks to queue
[2024-12-03T21:20:21.271+0700] {logging_mixin.py:190} INFO - [2024-12-03T21:20:21.270+0700] {dagbag.py:588} INFO - Filling up the DagBag from /home/tedubuamo/project/venv/lib/python3.12/site-packages/airflow/example_dags/example_branch_day_of_week_operator.py
[2024-12-03T21:20:21.280+0700] {processor.py:925} INFO - DAG(s) 'example_weekday_branch_operator' retrieved from /home/tedubuamo/project/venv/lib/python3.12/site-packages/airflow/example_dags/example_branch_day_of_week_operator.py
[2024-12-03T21:20:21.291+0700] {logging_mixin.py:190} INFO - [2024-12-03T21:20:21.291+0700] {dag.py:3239} INFO - Sync 1 DAGs
[2024-12-03T21:20:21.307+0700] {logging_mixin.py:190} INFO - [2024-12-03T21:20:21.307+0700] {dag.py:4180} INFO - Setting next_dagrun for example_weekday_branch_operator to 2024-12-02 00:00:00+00:00, run_after=2024-12-03 00:00:00+00:00
[2024-12-03T21:20:21.325+0700] {processor.py:208} INFO - Processing /home/tedubuamo/project/venv/lib/python3.12/site-packages/airflow/example_dags/example_branch_day_of_week_operator.py took 0.061 seconds
[2024-12-03T21:21:31.971+0700] {processor.py:186} INFO - Started process (PID=4140) to work on /home/tedubuamo/project/venv/lib/python3.12/site-packages/airflow/example_dags/example_branch_day_of_week_operator.py
[2024-12-03T21:21:31.972+0700] {processor.py:914} INFO - Processing file /home/tedubuamo/project/venv/lib/python3.12/site-packages/airflow/example_dags/example_branch_day_of_week_operator.py for tasks to queue
[2024-12-03T21:21:31.974+0700] {logging_mixin.py:190} INFO - [2024-12-03T21:21:31.974+0700] {dagbag.py:588} INFO - Filling up the DagBag from /home/tedubuamo/project/venv/lib/python3.12/site-packages/airflow/example_dags/example_branch_day_of_week_operator.py
[2024-12-03T21:21:31.981+0700] {processor.py:925} INFO - DAG(s) 'example_weekday_branch_operator' retrieved from /home/tedubuamo/project/venv/lib/python3.12/site-packages/airflow/example_dags/example_branch_day_of_week_operator.py
[2024-12-03T21:21:31.992+0700] {logging_mixin.py:190} INFO - [2024-12-03T21:21:31.992+0700] {dag.py:3239} INFO - Sync 1 DAGs
[2024-12-03T21:21:32.006+0700] {logging_mixin.py:190} INFO - [2024-12-03T21:21:32.006+0700] {dag.py:4180} INFO - Setting next_dagrun for example_weekday_branch_operator to 2024-12-02 00:00:00+00:00, run_after=2024-12-03 00:00:00+00:00
[2024-12-03T21:21:32.024+0700] {processor.py:208} INFO - Processing /home/tedubuamo/project/venv/lib/python3.12/site-packages/airflow/example_dags/example_branch_day_of_week_operator.py took 0.057 seconds
[2024-12-03T21:22:26.258+0700] {processor.py:186} INFO - Started process (PID=4231) to work on /home/tedubuamo/project/venv/lib/python3.12/site-packages/airflow/example_dags/example_branch_day_of_week_operator.py
[2024-12-03T21:22:26.259+0700] {processor.py:914} INFO - Processing file /home/tedubuamo/project/venv/lib/python3.12/site-packages/airflow/example_dags/example_branch_day_of_week_operator.py for tasks to queue
[2024-12-03T21:22:26.261+0700] {logging_mixin.py:190} INFO - [2024-12-03T21:22:26.260+0700] {dagbag.py:588} INFO - Filling up the DagBag from /home/tedubuamo/project/venv/lib/python3.12/site-packages/airflow/example_dags/example_branch_day_of_week_operator.py
[2024-12-03T21:22:26.269+0700] {processor.py:925} INFO - DAG(s) 'example_weekday_branch_operator' retrieved from /home/tedubuamo/project/venv/lib/python3.12/site-packages/airflow/example_dags/example_branch_day_of_week_operator.py
[2024-12-03T21:22:26.280+0700] {logging_mixin.py:190} INFO - [2024-12-03T21:22:26.280+0700] {dag.py:3239} INFO - Sync 1 DAGs
[2024-12-03T21:22:26.295+0700] {logging_mixin.py:190} INFO - [2024-12-03T21:22:26.295+0700] {dag.py:4180} INFO - Setting next_dagrun for example_weekday_branch_operator to 2024-12-02 00:00:00+00:00, run_after=2024-12-03 00:00:00+00:00
[2024-12-03T21:22:26.313+0700] {processor.py:208} INFO - Processing /home/tedubuamo/project/venv/lib/python3.12/site-packages/airflow/example_dags/example_branch_day_of_week_operator.py took 0.062 seconds
[2024-12-03T21:23:21.802+0700] {processor.py:186} INFO - Started process (PID=4289) to work on /home/tedubuamo/project/venv/lib/python3.12/site-packages/airflow/example_dags/example_branch_day_of_week_operator.py
[2024-12-03T21:23:21.806+0700] {processor.py:914} INFO - Processing file /home/tedubuamo/project/venv/lib/python3.12/site-packages/airflow/example_dags/example_branch_day_of_week_operator.py for tasks to queue
[2024-12-03T21:23:21.807+0700] {logging_mixin.py:190} INFO - [2024-12-03T21:23:21.807+0700] {dagbag.py:588} INFO - Filling up the DagBag from /home/tedubuamo/project/venv/lib/python3.12/site-packages/airflow/example_dags/example_branch_day_of_week_operator.py
[2024-12-03T21:23:21.816+0700] {processor.py:925} INFO - DAG(s) 'example_weekday_branch_operator' retrieved from /home/tedubuamo/project/venv/lib/python3.12/site-packages/airflow/example_dags/example_branch_day_of_week_operator.py
[2024-12-03T21:23:21.828+0700] {logging_mixin.py:190} INFO - [2024-12-03T21:23:21.828+0700] {dag.py:3239} INFO - Sync 1 DAGs
[2024-12-03T21:23:21.845+0700] {logging_mixin.py:190} INFO - [2024-12-03T21:23:21.844+0700] {dag.py:4180} INFO - Setting next_dagrun for example_weekday_branch_operator to 2024-12-02 00:00:00+00:00, run_after=2024-12-03 00:00:00+00:00
[2024-12-03T21:23:21.866+0700] {processor.py:208} INFO - Processing /home/tedubuamo/project/venv/lib/python3.12/site-packages/airflow/example_dags/example_branch_day_of_week_operator.py took 0.067 seconds
[2024-12-03T21:24:19.080+0700] {processor.py:186} INFO - Started process (PID=4367) to work on /home/tedubuamo/project/venv/lib/python3.12/site-packages/airflow/example_dags/example_branch_day_of_week_operator.py
[2024-12-03T21:24:19.083+0700] {processor.py:914} INFO - Processing file /home/tedubuamo/project/venv/lib/python3.12/site-packages/airflow/example_dags/example_branch_day_of_week_operator.py for tasks to queue
[2024-12-03T21:24:19.085+0700] {logging_mixin.py:190} INFO - [2024-12-03T21:24:19.085+0700] {dagbag.py:588} INFO - Filling up the DagBag from /home/tedubuamo/project/venv/lib/python3.12/site-packages/airflow/example_dags/example_branch_day_of_week_operator.py
[2024-12-03T21:24:19.093+0700] {processor.py:925} INFO - DAG(s) 'example_weekday_branch_operator' retrieved from /home/tedubuamo/project/venv/lib/python3.12/site-packages/airflow/example_dags/example_branch_day_of_week_operator.py
[2024-12-03T21:24:19.104+0700] {logging_mixin.py:190} INFO - [2024-12-03T21:24:19.104+0700] {dag.py:3239} INFO - Sync 1 DAGs
[2024-12-03T21:24:19.119+0700] {logging_mixin.py:190} INFO - [2024-12-03T21:24:19.119+0700] {dag.py:4180} INFO - Setting next_dagrun for example_weekday_branch_operator to 2024-12-02 00:00:00+00:00, run_after=2024-12-03 00:00:00+00:00
[2024-12-03T21:24:19.138+0700] {processor.py:208} INFO - Processing /home/tedubuamo/project/venv/lib/python3.12/site-packages/airflow/example_dags/example_branch_day_of_week_operator.py took 0.062 seconds
[2024-12-03T21:25:10.623+0700] {processor.py:186} INFO - Started process (PID=4429) to work on /home/tedubuamo/project/venv/lib/python3.12/site-packages/airflow/example_dags/example_branch_day_of_week_operator.py
[2024-12-03T21:25:10.625+0700] {processor.py:914} INFO - Processing file /home/tedubuamo/project/venv/lib/python3.12/site-packages/airflow/example_dags/example_branch_day_of_week_operator.py for tasks to queue
[2024-12-03T21:25:10.627+0700] {logging_mixin.py:190} INFO - [2024-12-03T21:25:10.627+0700] {dagbag.py:588} INFO - Filling up the DagBag from /home/tedubuamo/project/venv/lib/python3.12/site-packages/airflow/example_dags/example_branch_day_of_week_operator.py
[2024-12-03T21:25:10.634+0700] {processor.py:925} INFO - DAG(s) 'example_weekday_branch_operator' retrieved from /home/tedubuamo/project/venv/lib/python3.12/site-packages/airflow/example_dags/example_branch_day_of_week_operator.py
[2024-12-03T21:25:10.647+0700] {logging_mixin.py:190} INFO - [2024-12-03T21:25:10.646+0700] {dag.py:3239} INFO - Sync 1 DAGs
[2024-12-03T21:25:10.662+0700] {logging_mixin.py:190} INFO - [2024-12-03T21:25:10.661+0700] {dag.py:4180} INFO - Setting next_dagrun for example_weekday_branch_operator to 2024-12-02 00:00:00+00:00, run_after=2024-12-03 00:00:00+00:00
[2024-12-03T21:25:10.680+0700] {processor.py:208} INFO - Processing /home/tedubuamo/project/venv/lib/python3.12/site-packages/airflow/example_dags/example_branch_day_of_week_operator.py took 0.060 seconds
[2024-12-03T21:26:11.714+0700] {processor.py:186} INFO - Started process (PID=4512) to work on /home/tedubuamo/project/venv/lib/python3.12/site-packages/airflow/example_dags/example_branch_day_of_week_operator.py
[2024-12-03T21:26:11.716+0700] {processor.py:914} INFO - Processing file /home/tedubuamo/project/venv/lib/python3.12/site-packages/airflow/example_dags/example_branch_day_of_week_operator.py for tasks to queue
[2024-12-03T21:26:11.718+0700] {logging_mixin.py:190} INFO - [2024-12-03T21:26:11.718+0700] {dagbag.py:588} INFO - Filling up the DagBag from /home/tedubuamo/project/venv/lib/python3.12/site-packages/airflow/example_dags/example_branch_day_of_week_operator.py
[2024-12-03T21:26:11.728+0700] {processor.py:925} INFO - DAG(s) 'example_weekday_branch_operator' retrieved from /home/tedubuamo/project/venv/lib/python3.12/site-packages/airflow/example_dags/example_branch_day_of_week_operator.py
[2024-12-03T21:26:11.743+0700] {logging_mixin.py:190} INFO - [2024-12-03T21:26:11.743+0700] {dag.py:3239} INFO - Sync 1 DAGs
[2024-12-03T21:26:11.761+0700] {logging_mixin.py:190} INFO - [2024-12-03T21:26:11.761+0700] {dag.py:4180} INFO - Setting next_dagrun for example_weekday_branch_operator to 2024-12-02 00:00:00+00:00, run_after=2024-12-03 00:00:00+00:00
[2024-12-03T21:26:11.780+0700] {processor.py:208} INFO - Processing /home/tedubuamo/project/venv/lib/python3.12/site-packages/airflow/example_dags/example_branch_day_of_week_operator.py took 0.069 seconds
[2024-12-03T21:27:07.549+0700] {processor.py:186} INFO - Started process (PID=4570) to work on /home/tedubuamo/project/venv/lib/python3.12/site-packages/airflow/example_dags/example_branch_day_of_week_operator.py
[2024-12-03T21:27:07.551+0700] {processor.py:914} INFO - Processing file /home/tedubuamo/project/venv/lib/python3.12/site-packages/airflow/example_dags/example_branch_day_of_week_operator.py for tasks to queue
[2024-12-03T21:27:07.552+0700] {logging_mixin.py:190} INFO - [2024-12-03T21:27:07.552+0700] {dagbag.py:588} INFO - Filling up the DagBag from /home/tedubuamo/project/venv/lib/python3.12/site-packages/airflow/example_dags/example_branch_day_of_week_operator.py
[2024-12-03T21:27:07.560+0700] {processor.py:925} INFO - DAG(s) 'example_weekday_branch_operator' retrieved from /home/tedubuamo/project/venv/lib/python3.12/site-packages/airflow/example_dags/example_branch_day_of_week_operator.py
[2024-12-03T21:27:07.573+0700] {logging_mixin.py:190} INFO - [2024-12-03T21:27:07.573+0700] {dag.py:3239} INFO - Sync 1 DAGs
[2024-12-03T21:27:07.588+0700] {logging_mixin.py:190} INFO - [2024-12-03T21:27:07.588+0700] {dag.py:4180} INFO - Setting next_dagrun for example_weekday_branch_operator to 2024-12-02 00:00:00+00:00, run_after=2024-12-03 00:00:00+00:00
[2024-12-03T21:27:07.609+0700] {processor.py:208} INFO - Processing /home/tedubuamo/project/venv/lib/python3.12/site-packages/airflow/example_dags/example_branch_day_of_week_operator.py took 0.064 seconds
[2024-12-03T21:28:00.903+0700] {processor.py:186} INFO - Started process (PID=4641) to work on /home/tedubuamo/project/venv/lib/python3.12/site-packages/airflow/example_dags/example_branch_day_of_week_operator.py
[2024-12-03T21:28:00.907+0700] {processor.py:914} INFO - Processing file /home/tedubuamo/project/venv/lib/python3.12/site-packages/airflow/example_dags/example_branch_day_of_week_operator.py for tasks to queue
[2024-12-03T21:28:00.909+0700] {logging_mixin.py:190} INFO - [2024-12-03T21:28:00.909+0700] {dagbag.py:588} INFO - Filling up the DagBag from /home/tedubuamo/project/venv/lib/python3.12/site-packages/airflow/example_dags/example_branch_day_of_week_operator.py
[2024-12-03T21:28:00.918+0700] {processor.py:925} INFO - DAG(s) 'example_weekday_branch_operator' retrieved from /home/tedubuamo/project/venv/lib/python3.12/site-packages/airflow/example_dags/example_branch_day_of_week_operator.py
[2024-12-03T21:28:00.933+0700] {logging_mixin.py:190} INFO - [2024-12-03T21:28:00.933+0700] {dag.py:3239} INFO - Sync 1 DAGs
[2024-12-03T21:28:00.951+0700] {logging_mixin.py:190} INFO - [2024-12-03T21:28:00.950+0700] {dag.py:4180} INFO - Setting next_dagrun for example_weekday_branch_operator to 2024-12-02 00:00:00+00:00, run_after=2024-12-03 00:00:00+00:00
[2024-12-03T21:28:00.972+0700] {processor.py:208} INFO - Processing /home/tedubuamo/project/venv/lib/python3.12/site-packages/airflow/example_dags/example_branch_day_of_week_operator.py took 0.074 seconds
[2024-12-03T21:28:54.806+0700] {processor.py:186} INFO - Started process (PID=4782) to work on /home/tedubuamo/project/venv/lib/python3.12/site-packages/airflow/example_dags/example_branch_day_of_week_operator.py
[2024-12-03T21:28:54.810+0700] {processor.py:914} INFO - Processing file /home/tedubuamo/project/venv/lib/python3.12/site-packages/airflow/example_dags/example_branch_day_of_week_operator.py for tasks to queue
[2024-12-03T21:28:54.812+0700] {logging_mixin.py:190} INFO - [2024-12-03T21:28:54.811+0700] {dagbag.py:588} INFO - Filling up the DagBag from /home/tedubuamo/project/venv/lib/python3.12/site-packages/airflow/example_dags/example_branch_day_of_week_operator.py
[2024-12-03T21:28:54.820+0700] {processor.py:925} INFO - DAG(s) 'example_weekday_branch_operator' retrieved from /home/tedubuamo/project/venv/lib/python3.12/site-packages/airflow/example_dags/example_branch_day_of_week_operator.py
[2024-12-03T21:28:54.831+0700] {logging_mixin.py:190} INFO - [2024-12-03T21:28:54.831+0700] {dag.py:3239} INFO - Sync 1 DAGs
[2024-12-03T21:28:54.847+0700] {logging_mixin.py:190} INFO - [2024-12-03T21:28:54.847+0700] {dag.py:4180} INFO - Setting next_dagrun for example_weekday_branch_operator to 2024-12-02 00:00:00+00:00, run_after=2024-12-03 00:00:00+00:00
[2024-12-03T21:28:54.865+0700] {processor.py:208} INFO - Processing /home/tedubuamo/project/venv/lib/python3.12/site-packages/airflow/example_dags/example_branch_day_of_week_operator.py took 0.063 seconds
[2024-12-03T21:29:49.053+0700] {processor.py:186} INFO - Started process (PID=4838) to work on /home/tedubuamo/project/venv/lib/python3.12/site-packages/airflow/example_dags/example_branch_day_of_week_operator.py
[2024-12-03T21:29:49.054+0700] {processor.py:914} INFO - Processing file /home/tedubuamo/project/venv/lib/python3.12/site-packages/airflow/example_dags/example_branch_day_of_week_operator.py for tasks to queue
[2024-12-03T21:29:49.056+0700] {logging_mixin.py:190} INFO - [2024-12-03T21:29:49.056+0700] {dagbag.py:588} INFO - Filling up the DagBag from /home/tedubuamo/project/venv/lib/python3.12/site-packages/airflow/example_dags/example_branch_day_of_week_operator.py
[2024-12-03T21:29:49.064+0700] {processor.py:925} INFO - DAG(s) 'example_weekday_branch_operator' retrieved from /home/tedubuamo/project/venv/lib/python3.12/site-packages/airflow/example_dags/example_branch_day_of_week_operator.py
[2024-12-03T21:29:49.077+0700] {logging_mixin.py:190} INFO - [2024-12-03T21:29:49.077+0700] {dag.py:3239} INFO - Sync 1 DAGs
[2024-12-03T21:29:49.094+0700] {logging_mixin.py:190} INFO - [2024-12-03T21:29:49.093+0700] {dag.py:4180} INFO - Setting next_dagrun for example_weekday_branch_operator to 2024-12-02 00:00:00+00:00, run_after=2024-12-03 00:00:00+00:00
[2024-12-03T21:29:49.115+0700] {processor.py:208} INFO - Processing /home/tedubuamo/project/venv/lib/python3.12/site-packages/airflow/example_dags/example_branch_day_of_week_operator.py took 0.067 seconds
[2024-12-03T21:30:42.751+0700] {processor.py:186} INFO - Started process (PID=4897) to work on /home/tedubuamo/project/venv/lib/python3.12/site-packages/airflow/example_dags/example_branch_day_of_week_operator.py
[2024-12-03T21:30:42.755+0700] {processor.py:914} INFO - Processing file /home/tedubuamo/project/venv/lib/python3.12/site-packages/airflow/example_dags/example_branch_day_of_week_operator.py for tasks to queue
[2024-12-03T21:30:42.756+0700] {logging_mixin.py:190} INFO - [2024-12-03T21:30:42.756+0700] {dagbag.py:588} INFO - Filling up the DagBag from /home/tedubuamo/project/venv/lib/python3.12/site-packages/airflow/example_dags/example_branch_day_of_week_operator.py
[2024-12-03T21:30:42.763+0700] {processor.py:925} INFO - DAG(s) 'example_weekday_branch_operator' retrieved from /home/tedubuamo/project/venv/lib/python3.12/site-packages/airflow/example_dags/example_branch_day_of_week_operator.py
[2024-12-03T21:30:42.774+0700] {logging_mixin.py:190} INFO - [2024-12-03T21:30:42.774+0700] {dag.py:3239} INFO - Sync 1 DAGs
[2024-12-03T21:30:42.788+0700] {logging_mixin.py:190} INFO - [2024-12-03T21:30:42.788+0700] {dag.py:4180} INFO - Setting next_dagrun for example_weekday_branch_operator to 2024-12-02 00:00:00+00:00, run_after=2024-12-03 00:00:00+00:00
[2024-12-03T21:30:42.804+0700] {processor.py:208} INFO - Processing /home/tedubuamo/project/venv/lib/python3.12/site-packages/airflow/example_dags/example_branch_day_of_week_operator.py took 0.056 seconds
