[2024-12-03T20:57:53.838+0700] {processor.py:186} INFO - Started process (PID=1647) to work on /home/tedubuamo/project/venv/lib/python3.12/site-packages/airflow/example_dags/example_inlet_event_extra.py
[2024-12-03T20:57:53.839+0700] {processor.py:914} INFO - Processing file /home/tedubuamo/project/venv/lib/python3.12/site-packages/airflow/example_dags/example_inlet_event_extra.py for tasks to queue
[2024-12-03T20:57:53.840+0700] {logging_mixin.py:190} INFO - [2024-12-03T20:57:53.840+0700] {dagbag.py:588} INFO - Filling up the DagBag from /home/tedubuamo/project/venv/lib/python3.12/site-packages/airflow/example_dags/example_inlet_event_extra.py
[2024-12-03T20:57:53.851+0700] {processor.py:925} INFO - DAG(s) 'read_dataset_event_from_classic', 'read_dataset_event' retrieved from /home/tedubuamo/project/venv/lib/python3.12/site-packages/airflow/example_dags/example_inlet_event_extra.py
[2024-12-03T20:57:53.924+0700] {logging_mixin.py:190} INFO - [2024-12-03T20:57:53.924+0700] {dag.py:3239} INFO - Sync 2 DAGs
[2024-12-03T20:57:53.937+0700] {logging_mixin.py:190} INFO - [2024-12-03T20:57:53.937+0700] {dag.py:4180} INFO - Setting next_dagrun for read_dataset_event to 2024-12-02 00:00:00+00:00, run_after=2024-12-03 00:00:00+00:00
[2024-12-03T20:57:53.940+0700] {logging_mixin.py:190} INFO - [2024-12-03T20:57:53.940+0700] {dag.py:4180} INFO - Setting next_dagrun for read_dataset_event_from_classic to 2024-12-02 00:00:00+00:00, run_after=2024-12-03 00:00:00+00:00
[2024-12-03T20:57:53.956+0700] {processor.py:208} INFO - Processing /home/tedubuamo/project/venv/lib/python3.12/site-packages/airflow/example_dags/example_inlet_event_extra.py took 0.121 seconds
[2024-12-03T20:58:49.833+0700] {processor.py:186} INFO - Started process (PID=1704) to work on /home/tedubuamo/project/venv/lib/python3.12/site-packages/airflow/example_dags/example_inlet_event_extra.py
[2024-12-03T20:58:49.835+0700] {processor.py:914} INFO - Processing file /home/tedubuamo/project/venv/lib/python3.12/site-packages/airflow/example_dags/example_inlet_event_extra.py for tasks to queue
[2024-12-03T20:58:49.836+0700] {logging_mixin.py:190} INFO - [2024-12-03T20:58:49.836+0700] {dagbag.py:588} INFO - Filling up the DagBag from /home/tedubuamo/project/venv/lib/python3.12/site-packages/airflow/example_dags/example_inlet_event_extra.py
[2024-12-03T20:58:49.847+0700] {processor.py:925} INFO - DAG(s) 'read_dataset_event_from_classic', 'read_dataset_event' retrieved from /home/tedubuamo/project/venv/lib/python3.12/site-packages/airflow/example_dags/example_inlet_event_extra.py
[2024-12-03T20:58:49.860+0700] {logging_mixin.py:190} INFO - [2024-12-03T20:58:49.859+0700] {dag.py:3239} INFO - Sync 2 DAGs
[2024-12-03T20:58:49.875+0700] {logging_mixin.py:190} INFO - [2024-12-03T20:58:49.874+0700] {dag.py:4180} INFO - Setting next_dagrun for read_dataset_event to 2024-12-02 00:00:00+00:00, run_after=2024-12-03 00:00:00+00:00
[2024-12-03T20:58:49.878+0700] {logging_mixin.py:190} INFO - [2024-12-03T20:58:49.878+0700] {dag.py:4180} INFO - Setting next_dagrun for read_dataset_event_from_classic to 2024-12-02 00:00:00+00:00, run_after=2024-12-03 00:00:00+00:00
[2024-12-03T20:58:49.894+0700] {processor.py:208} INFO - Processing /home/tedubuamo/project/venv/lib/python3.12/site-packages/airflow/example_dags/example_inlet_event_extra.py took 0.065 seconds
[2024-12-03T20:59:45.650+0700] {processor.py:186} INFO - Started process (PID=1761) to work on /home/tedubuamo/project/venv/lib/python3.12/site-packages/airflow/example_dags/example_inlet_event_extra.py
[2024-12-03T20:59:45.651+0700] {processor.py:914} INFO - Processing file /home/tedubuamo/project/venv/lib/python3.12/site-packages/airflow/example_dags/example_inlet_event_extra.py for tasks to queue
[2024-12-03T20:59:45.653+0700] {logging_mixin.py:190} INFO - [2024-12-03T20:59:45.652+0700] {dagbag.py:588} INFO - Filling up the DagBag from /home/tedubuamo/project/venv/lib/python3.12/site-packages/airflow/example_dags/example_inlet_event_extra.py
[2024-12-03T20:59:45.662+0700] {processor.py:925} INFO - DAG(s) 'read_dataset_event', 'read_dataset_event_from_classic' retrieved from /home/tedubuamo/project/venv/lib/python3.12/site-packages/airflow/example_dags/example_inlet_event_extra.py
[2024-12-03T20:59:45.673+0700] {logging_mixin.py:190} INFO - [2024-12-03T20:59:45.673+0700] {dag.py:3239} INFO - Sync 2 DAGs
[2024-12-03T20:59:45.689+0700] {logging_mixin.py:190} INFO - [2024-12-03T20:59:45.688+0700] {dag.py:4180} INFO - Setting next_dagrun for read_dataset_event to 2024-12-02 00:00:00+00:00, run_after=2024-12-03 00:00:00+00:00
[2024-12-03T20:59:45.692+0700] {logging_mixin.py:190} INFO - [2024-12-03T20:59:45.691+0700] {dag.py:4180} INFO - Setting next_dagrun for read_dataset_event_from_classic to 2024-12-02 00:00:00+00:00, run_after=2024-12-03 00:00:00+00:00
[2024-12-03T20:59:45.706+0700] {processor.py:208} INFO - Processing /home/tedubuamo/project/venv/lib/python3.12/site-packages/airflow/example_dags/example_inlet_event_extra.py took 0.061 seconds
[2024-12-03T21:00:38.774+0700] {processor.py:186} INFO - Started process (PID=1816) to work on /home/tedubuamo/project/venv/lib/python3.12/site-packages/airflow/example_dags/example_inlet_event_extra.py
[2024-12-03T21:00:38.777+0700] {processor.py:914} INFO - Processing file /home/tedubuamo/project/venv/lib/python3.12/site-packages/airflow/example_dags/example_inlet_event_extra.py for tasks to queue
[2024-12-03T21:00:38.779+0700] {logging_mixin.py:190} INFO - [2024-12-03T21:00:38.779+0700] {dagbag.py:588} INFO - Filling up the DagBag from /home/tedubuamo/project/venv/lib/python3.12/site-packages/airflow/example_dags/example_inlet_event_extra.py
[2024-12-03T21:00:38.788+0700] {processor.py:925} INFO - DAG(s) 'read_dataset_event_from_classic', 'read_dataset_event' retrieved from /home/tedubuamo/project/venv/lib/python3.12/site-packages/airflow/example_dags/example_inlet_event_extra.py
[2024-12-03T21:00:38.800+0700] {logging_mixin.py:190} INFO - [2024-12-03T21:00:38.800+0700] {dag.py:3239} INFO - Sync 2 DAGs
[2024-12-03T21:00:38.814+0700] {logging_mixin.py:190} INFO - [2024-12-03T21:00:38.814+0700] {dag.py:4180} INFO - Setting next_dagrun for read_dataset_event to 2024-12-02 00:00:00+00:00, run_after=2024-12-03 00:00:00+00:00
[2024-12-03T21:00:38.817+0700] {logging_mixin.py:190} INFO - [2024-12-03T21:00:38.817+0700] {dag.py:4180} INFO - Setting next_dagrun for read_dataset_event_from_classic to 2024-12-02 00:00:00+00:00, run_after=2024-12-03 00:00:00+00:00
[2024-12-03T21:00:38.834+0700] {processor.py:208} INFO - Processing /home/tedubuamo/project/venv/lib/python3.12/site-packages/airflow/example_dags/example_inlet_event_extra.py took 0.065 seconds
[2024-12-03T21:05:19.094+0700] {processor.py:186} INFO - Started process (PID=2026) to work on /home/tedubuamo/project/venv/lib/python3.12/site-packages/airflow/example_dags/example_inlet_event_extra.py
[2024-12-03T21:05:19.097+0700] {processor.py:914} INFO - Processing file /home/tedubuamo/project/venv/lib/python3.12/site-packages/airflow/example_dags/example_inlet_event_extra.py for tasks to queue
[2024-12-03T21:05:19.099+0700] {logging_mixin.py:190} INFO - [2024-12-03T21:05:19.099+0700] {dagbag.py:588} INFO - Filling up the DagBag from /home/tedubuamo/project/venv/lib/python3.12/site-packages/airflow/example_dags/example_inlet_event_extra.py
[2024-12-03T21:05:19.107+0700] {processor.py:925} INFO - DAG(s) 'read_dataset_event', 'read_dataset_event_from_classic' retrieved from /home/tedubuamo/project/venv/lib/python3.12/site-packages/airflow/example_dags/example_inlet_event_extra.py
[2024-12-03T21:05:19.119+0700] {logging_mixin.py:190} INFO - [2024-12-03T21:05:19.119+0700] {dag.py:3239} INFO - Sync 2 DAGs
[2024-12-03T21:05:19.134+0700] {logging_mixin.py:190} INFO - [2024-12-03T21:05:19.133+0700] {dag.py:4180} INFO - Setting next_dagrun for read_dataset_event to 2024-12-02 00:00:00+00:00, run_after=2024-12-03 00:00:00+00:00
[2024-12-03T21:05:19.136+0700] {logging_mixin.py:190} INFO - [2024-12-03T21:05:19.136+0700] {dag.py:4180} INFO - Setting next_dagrun for read_dataset_event_from_classic to 2024-12-02 00:00:00+00:00, run_after=2024-12-03 00:00:00+00:00
[2024-12-03T21:05:19.151+0700] {processor.py:208} INFO - Processing /home/tedubuamo/project/venv/lib/python3.12/site-packages/airflow/example_dags/example_inlet_event_extra.py took 0.061 seconds
[2024-12-03T21:06:15.082+0700] {processor.py:186} INFO - Started process (PID=2181) to work on /home/tedubuamo/project/venv/lib/python3.12/site-packages/airflow/example_dags/example_inlet_event_extra.py
[2024-12-03T21:06:15.083+0700] {processor.py:914} INFO - Processing file /home/tedubuamo/project/venv/lib/python3.12/site-packages/airflow/example_dags/example_inlet_event_extra.py for tasks to queue
[2024-12-03T21:06:15.086+0700] {logging_mixin.py:190} INFO - [2024-12-03T21:06:15.085+0700] {dagbag.py:588} INFO - Filling up the DagBag from /home/tedubuamo/project/venv/lib/python3.12/site-packages/airflow/example_dags/example_inlet_event_extra.py
[2024-12-03T21:06:15.096+0700] {processor.py:925} INFO - DAG(s) 'read_dataset_event_from_classic', 'read_dataset_event' retrieved from /home/tedubuamo/project/venv/lib/python3.12/site-packages/airflow/example_dags/example_inlet_event_extra.py
[2024-12-03T21:06:15.112+0700] {logging_mixin.py:190} INFO - [2024-12-03T21:06:15.112+0700] {dag.py:3239} INFO - Sync 2 DAGs
[2024-12-03T21:06:15.133+0700] {logging_mixin.py:190} INFO - [2024-12-03T21:06:15.132+0700] {dag.py:4180} INFO - Setting next_dagrun for read_dataset_event to 2024-12-02 00:00:00+00:00, run_after=2024-12-03 00:00:00+00:00
[2024-12-03T21:06:15.137+0700] {logging_mixin.py:190} INFO - [2024-12-03T21:06:15.137+0700] {dag.py:4180} INFO - Setting next_dagrun for read_dataset_event_from_classic to 2024-12-02 00:00:00+00:00, run_after=2024-12-03 00:00:00+00:00
[2024-12-03T21:06:15.158+0700] {processor.py:208} INFO - Processing /home/tedubuamo/project/venv/lib/python3.12/site-packages/airflow/example_dags/example_inlet_event_extra.py took 0.080 seconds
[2024-12-03T21:06:16.010+0700] {processor.py:186} INFO - Started process (PID=2183) to work on /home/tedubuamo/project/venv/lib/python3.12/site-packages/airflow/example_dags/example_inlet_event_extra.py
[2024-12-03T21:06:16.011+0700] {processor.py:914} INFO - Processing file /home/tedubuamo/project/venv/lib/python3.12/site-packages/airflow/example_dags/example_inlet_event_extra.py for tasks to queue
[2024-12-03T21:06:16.012+0700] {logging_mixin.py:190} INFO - [2024-12-03T21:06:16.012+0700] {dagbag.py:588} INFO - Filling up the DagBag from /home/tedubuamo/project/venv/lib/python3.12/site-packages/airflow/example_dags/example_inlet_event_extra.py
[2024-12-03T21:06:16.022+0700] {processor.py:925} INFO - DAG(s) 'read_dataset_event', 'read_dataset_event_from_classic' retrieved from /home/tedubuamo/project/venv/lib/python3.12/site-packages/airflow/example_dags/example_inlet_event_extra.py
[2024-12-03T21:06:16.036+0700] {logging_mixin.py:190} INFO - [2024-12-03T21:06:16.036+0700] {dag.py:3239} INFO - Sync 2 DAGs
[2024-12-03T21:06:16.052+0700] {logging_mixin.py:190} INFO - [2024-12-03T21:06:16.052+0700] {dag.py:4180} INFO - Setting next_dagrun for read_dataset_event to 2024-12-02 00:00:00+00:00, run_after=2024-12-03 00:00:00+00:00
[2024-12-03T21:06:16.056+0700] {logging_mixin.py:190} INFO - [2024-12-03T21:06:16.055+0700] {dag.py:4180} INFO - Setting next_dagrun for read_dataset_event_from_classic to 2024-12-02 00:00:00+00:00, run_after=2024-12-03 00:00:00+00:00
[2024-12-03T21:06:16.071+0700] {processor.py:208} INFO - Processing /home/tedubuamo/project/venv/lib/python3.12/site-packages/airflow/example_dags/example_inlet_event_extra.py took 0.064 seconds
[2024-12-03T21:07:11.357+0700] {processor.py:186} INFO - Started process (PID=2375) to work on /home/tedubuamo/project/venv/lib/python3.12/site-packages/airflow/example_dags/example_inlet_event_extra.py
[2024-12-03T21:07:11.358+0700] {processor.py:914} INFO - Processing file /home/tedubuamo/project/venv/lib/python3.12/site-packages/airflow/example_dags/example_inlet_event_extra.py for tasks to queue
[2024-12-03T21:07:11.360+0700] {logging_mixin.py:190} INFO - [2024-12-03T21:07:11.360+0700] {dagbag.py:588} INFO - Filling up the DagBag from /home/tedubuamo/project/venv/lib/python3.12/site-packages/airflow/example_dags/example_inlet_event_extra.py
[2024-12-03T21:07:11.368+0700] {processor.py:925} INFO - DAG(s) 'read_dataset_event', 'read_dataset_event_from_classic' retrieved from /home/tedubuamo/project/venv/lib/python3.12/site-packages/airflow/example_dags/example_inlet_event_extra.py
[2024-12-03T21:07:11.381+0700] {logging_mixin.py:190} INFO - [2024-12-03T21:07:11.381+0700] {dag.py:3239} INFO - Sync 2 DAGs
[2024-12-03T21:07:11.396+0700] {logging_mixin.py:190} INFO - [2024-12-03T21:07:11.396+0700] {dag.py:4180} INFO - Setting next_dagrun for read_dataset_event to 2024-12-02 00:00:00+00:00, run_after=2024-12-03 00:00:00+00:00
[2024-12-03T21:07:11.399+0700] {logging_mixin.py:190} INFO - [2024-12-03T21:07:11.399+0700] {dag.py:4180} INFO - Setting next_dagrun for read_dataset_event_from_classic to 2024-12-02 00:00:00+00:00, run_after=2024-12-03 00:00:00+00:00
[2024-12-03T21:07:11.413+0700] {processor.py:208} INFO - Processing /home/tedubuamo/project/venv/lib/python3.12/site-packages/airflow/example_dags/example_inlet_event_extra.py took 0.060 seconds
[2024-12-03T21:07:11.587+0700] {processor.py:186} INFO - Started process (PID=2376) to work on /home/tedubuamo/project/venv/lib/python3.12/site-packages/airflow/example_dags/example_inlet_event_extra.py
[2024-12-03T21:07:11.587+0700] {processor.py:914} INFO - Processing file /home/tedubuamo/project/venv/lib/python3.12/site-packages/airflow/example_dags/example_inlet_event_extra.py for tasks to queue
[2024-12-03T21:07:11.589+0700] {logging_mixin.py:190} INFO - [2024-12-03T21:07:11.588+0700] {dagbag.py:588} INFO - Filling up the DagBag from /home/tedubuamo/project/venv/lib/python3.12/site-packages/airflow/example_dags/example_inlet_event_extra.py
[2024-12-03T21:07:11.597+0700] {processor.py:925} INFO - DAG(s) 'read_dataset_event', 'read_dataset_event_from_classic' retrieved from /home/tedubuamo/project/venv/lib/python3.12/site-packages/airflow/example_dags/example_inlet_event_extra.py
[2024-12-03T21:07:11.608+0700] {logging_mixin.py:190} INFO - [2024-12-03T21:07:11.608+0700] {dag.py:3239} INFO - Sync 2 DAGs
[2024-12-03T21:07:11.625+0700] {logging_mixin.py:190} INFO - [2024-12-03T21:07:11.625+0700] {dag.py:4180} INFO - Setting next_dagrun for read_dataset_event to 2024-12-02 00:00:00+00:00, run_after=2024-12-03 00:00:00+00:00
[2024-12-03T21:07:11.628+0700] {logging_mixin.py:190} INFO - [2024-12-03T21:07:11.628+0700] {dag.py:4180} INFO - Setting next_dagrun for read_dataset_event_from_classic to 2024-12-02 00:00:00+00:00, run_after=2024-12-03 00:00:00+00:00
[2024-12-03T21:07:11.644+0700] {processor.py:208} INFO - Processing /home/tedubuamo/project/venv/lib/python3.12/site-packages/airflow/example_dags/example_inlet_event_extra.py took 0.061 seconds
[2024-12-03T21:08:03.366+0700] {processor.py:186} INFO - Started process (PID=2501) to work on /home/tedubuamo/project/venv/lib/python3.12/site-packages/airflow/example_dags/example_inlet_event_extra.py
[2024-12-03T21:08:03.369+0700] {processor.py:914} INFO - Processing file /home/tedubuamo/project/venv/lib/python3.12/site-packages/airflow/example_dags/example_inlet_event_extra.py for tasks to queue
[2024-12-03T21:08:03.371+0700] {logging_mixin.py:190} INFO - [2024-12-03T21:08:03.370+0700] {dagbag.py:588} INFO - Filling up the DagBag from /home/tedubuamo/project/venv/lib/python3.12/site-packages/airflow/example_dags/example_inlet_event_extra.py
[2024-12-03T21:08:03.380+0700] {processor.py:925} INFO - DAG(s) 'read_dataset_event', 'read_dataset_event_from_classic' retrieved from /home/tedubuamo/project/venv/lib/python3.12/site-packages/airflow/example_dags/example_inlet_event_extra.py
[2024-12-03T21:08:03.392+0700] {logging_mixin.py:190} INFO - [2024-12-03T21:08:03.392+0700] {dag.py:3239} INFO - Sync 2 DAGs
[2024-12-03T21:08:03.407+0700] {logging_mixin.py:190} INFO - [2024-12-03T21:08:03.407+0700] {dag.py:4180} INFO - Setting next_dagrun for read_dataset_event to 2024-12-02 00:00:00+00:00, run_after=2024-12-03 00:00:00+00:00
[2024-12-03T21:08:03.410+0700] {logging_mixin.py:190} INFO - [2024-12-03T21:08:03.409+0700] {dag.py:4180} INFO - Setting next_dagrun for read_dataset_event_from_classic to 2024-12-02 00:00:00+00:00, run_after=2024-12-03 00:00:00+00:00
[2024-12-03T21:08:03.426+0700] {processor.py:208} INFO - Processing /home/tedubuamo/project/venv/lib/python3.12/site-packages/airflow/example_dags/example_inlet_event_extra.py took 0.064 seconds
[2024-12-03T21:08:04.863+0700] {processor.py:186} INFO - Started process (PID=2504) to work on /home/tedubuamo/project/venv/lib/python3.12/site-packages/airflow/example_dags/example_inlet_event_extra.py
[2024-12-03T21:08:04.864+0700] {processor.py:914} INFO - Processing file /home/tedubuamo/project/venv/lib/python3.12/site-packages/airflow/example_dags/example_inlet_event_extra.py for tasks to queue
[2024-12-03T21:08:04.866+0700] {logging_mixin.py:190} INFO - [2024-12-03T21:08:04.866+0700] {dagbag.py:588} INFO - Filling up the DagBag from /home/tedubuamo/project/venv/lib/python3.12/site-packages/airflow/example_dags/example_inlet_event_extra.py
[2024-12-03T21:08:04.878+0700] {processor.py:925} INFO - DAG(s) 'read_dataset_event_from_classic', 'read_dataset_event' retrieved from /home/tedubuamo/project/venv/lib/python3.12/site-packages/airflow/example_dags/example_inlet_event_extra.py
[2024-12-03T21:08:04.893+0700] {logging_mixin.py:190} INFO - [2024-12-03T21:08:04.893+0700] {dag.py:3239} INFO - Sync 2 DAGs
[2024-12-03T21:08:04.911+0700] {logging_mixin.py:190} INFO - [2024-12-03T21:08:04.911+0700] {dag.py:4180} INFO - Setting next_dagrun for read_dataset_event to 2024-12-02 00:00:00+00:00, run_after=2024-12-03 00:00:00+00:00
[2024-12-03T21:08:04.915+0700] {logging_mixin.py:190} INFO - [2024-12-03T21:08:04.915+0700] {dag.py:4180} INFO - Setting next_dagrun for read_dataset_event_from_classic to 2024-12-02 00:00:00+00:00, run_after=2024-12-03 00:00:00+00:00
[2024-12-03T21:08:04.933+0700] {processor.py:208} INFO - Processing /home/tedubuamo/project/venv/lib/python3.12/site-packages/airflow/example_dags/example_inlet_event_extra.py took 0.075 seconds
[2024-12-03T21:08:56.592+0700] {processor.py:186} INFO - Started process (PID=2608) to work on /home/tedubuamo/project/venv/lib/python3.12/site-packages/airflow/example_dags/example_inlet_event_extra.py
[2024-12-03T21:08:56.594+0700] {processor.py:914} INFO - Processing file /home/tedubuamo/project/venv/lib/python3.12/site-packages/airflow/example_dags/example_inlet_event_extra.py for tasks to queue
[2024-12-03T21:08:56.596+0700] {logging_mixin.py:190} INFO - [2024-12-03T21:08:56.595+0700] {dagbag.py:588} INFO - Filling up the DagBag from /home/tedubuamo/project/venv/lib/python3.12/site-packages/airflow/example_dags/example_inlet_event_extra.py
[2024-12-03T21:08:56.607+0700] {processor.py:925} INFO - DAG(s) 'read_dataset_event', 'read_dataset_event_from_classic' retrieved from /home/tedubuamo/project/venv/lib/python3.12/site-packages/airflow/example_dags/example_inlet_event_extra.py
[2024-12-03T21:08:56.623+0700] {logging_mixin.py:190} INFO - [2024-12-03T21:08:56.623+0700] {dag.py:3239} INFO - Sync 2 DAGs
[2024-12-03T21:08:56.645+0700] {logging_mixin.py:190} INFO - [2024-12-03T21:08:56.645+0700] {dag.py:4180} INFO - Setting next_dagrun for read_dataset_event to 2024-12-02 00:00:00+00:00, run_after=2024-12-03 00:00:00+00:00
[2024-12-03T21:08:56.648+0700] {logging_mixin.py:190} INFO - [2024-12-03T21:08:56.648+0700] {dag.py:4180} INFO - Setting next_dagrun for read_dataset_event_from_classic to 2024-12-02 00:00:00+00:00, run_after=2024-12-03 00:00:00+00:00
[2024-12-03T21:08:56.669+0700] {processor.py:208} INFO - Processing /home/tedubuamo/project/venv/lib/python3.12/site-packages/airflow/example_dags/example_inlet_event_extra.py took 0.082 seconds
[2024-12-03T21:08:57.317+0700] {processor.py:186} INFO - Started process (PID=2609) to work on /home/tedubuamo/project/venv/lib/python3.12/site-packages/airflow/example_dags/example_inlet_event_extra.py
[2024-12-03T21:08:57.318+0700] {processor.py:914} INFO - Processing file /home/tedubuamo/project/venv/lib/python3.12/site-packages/airflow/example_dags/example_inlet_event_extra.py for tasks to queue
[2024-12-03T21:08:57.319+0700] {logging_mixin.py:190} INFO - [2024-12-03T21:08:57.319+0700] {dagbag.py:588} INFO - Filling up the DagBag from /home/tedubuamo/project/venv/lib/python3.12/site-packages/airflow/example_dags/example_inlet_event_extra.py
[2024-12-03T21:08:57.328+0700] {processor.py:925} INFO - DAG(s) 'read_dataset_event', 'read_dataset_event_from_classic' retrieved from /home/tedubuamo/project/venv/lib/python3.12/site-packages/airflow/example_dags/example_inlet_event_extra.py
[2024-12-03T21:08:57.339+0700] {logging_mixin.py:190} INFO - [2024-12-03T21:08:57.339+0700] {dag.py:3239} INFO - Sync 2 DAGs
[2024-12-03T21:08:57.354+0700] {logging_mixin.py:190} INFO - [2024-12-03T21:08:57.354+0700] {dag.py:4180} INFO - Setting next_dagrun for read_dataset_event to 2024-12-02 00:00:00+00:00, run_after=2024-12-03 00:00:00+00:00
[2024-12-03T21:08:57.357+0700] {logging_mixin.py:190} INFO - [2024-12-03T21:08:57.357+0700] {dag.py:4180} INFO - Setting next_dagrun for read_dataset_event_from_classic to 2024-12-02 00:00:00+00:00, run_after=2024-12-03 00:00:00+00:00
[2024-12-03T21:08:57.372+0700] {processor.py:208} INFO - Processing /home/tedubuamo/project/venv/lib/python3.12/site-packages/airflow/example_dags/example_inlet_event_extra.py took 0.059 seconds
[2024-12-03T21:09:47.048+0700] {processor.py:186} INFO - Started process (PID=2713) to work on /home/tedubuamo/project/venv/lib/python3.12/site-packages/airflow/example_dags/example_inlet_event_extra.py
[2024-12-03T21:09:47.051+0700] {processor.py:914} INFO - Processing file /home/tedubuamo/project/venv/lib/python3.12/site-packages/airflow/example_dags/example_inlet_event_extra.py for tasks to queue
[2024-12-03T21:09:47.053+0700] {logging_mixin.py:190} INFO - [2024-12-03T21:09:47.052+0700] {dagbag.py:588} INFO - Filling up the DagBag from /home/tedubuamo/project/venv/lib/python3.12/site-packages/airflow/example_dags/example_inlet_event_extra.py
[2024-12-03T21:09:47.062+0700] {processor.py:925} INFO - DAG(s) 'read_dataset_event_from_classic', 'read_dataset_event' retrieved from /home/tedubuamo/project/venv/lib/python3.12/site-packages/airflow/example_dags/example_inlet_event_extra.py
[2024-12-03T21:09:47.073+0700] {logging_mixin.py:190} INFO - [2024-12-03T21:09:47.073+0700] {dag.py:3239} INFO - Sync 2 DAGs
[2024-12-03T21:09:47.088+0700] {logging_mixin.py:190} INFO - [2024-12-03T21:09:47.087+0700] {dag.py:4180} INFO - Setting next_dagrun for read_dataset_event to 2024-12-02 00:00:00+00:00, run_after=2024-12-03 00:00:00+00:00
[2024-12-03T21:09:47.090+0700] {logging_mixin.py:190} INFO - [2024-12-03T21:09:47.090+0700] {dag.py:4180} INFO - Setting next_dagrun for read_dataset_event_from_classic to 2024-12-02 00:00:00+00:00, run_after=2024-12-03 00:00:00+00:00
[2024-12-03T21:09:47.106+0700] {processor.py:208} INFO - Processing /home/tedubuamo/project/venv/lib/python3.12/site-packages/airflow/example_dags/example_inlet_event_extra.py took 0.063 seconds
[2024-12-03T21:09:48.430+0700] {processor.py:186} INFO - Started process (PID=2717) to work on /home/tedubuamo/project/venv/lib/python3.12/site-packages/airflow/example_dags/example_inlet_event_extra.py
[2024-12-03T21:09:48.432+0700] {processor.py:914} INFO - Processing file /home/tedubuamo/project/venv/lib/python3.12/site-packages/airflow/example_dags/example_inlet_event_extra.py for tasks to queue
[2024-12-03T21:09:48.435+0700] {logging_mixin.py:190} INFO - [2024-12-03T21:09:48.434+0700] {dagbag.py:588} INFO - Filling up the DagBag from /home/tedubuamo/project/venv/lib/python3.12/site-packages/airflow/example_dags/example_inlet_event_extra.py
[2024-12-03T21:09:48.453+0700] {processor.py:925} INFO - DAG(s) 'read_dataset_event', 'read_dataset_event_from_classic' retrieved from /home/tedubuamo/project/venv/lib/python3.12/site-packages/airflow/example_dags/example_inlet_event_extra.py
[2024-12-03T21:09:48.476+0700] {logging_mixin.py:190} INFO - [2024-12-03T21:09:48.476+0700] {dag.py:3239} INFO - Sync 2 DAGs
[2024-12-03T21:09:48.499+0700] {logging_mixin.py:190} INFO - [2024-12-03T21:09:48.499+0700] {dag.py:4180} INFO - Setting next_dagrun for read_dataset_event to 2024-12-02 00:00:00+00:00, run_after=2024-12-03 00:00:00+00:00
[2024-12-03T21:09:48.506+0700] {logging_mixin.py:190} INFO - [2024-12-03T21:09:48.506+0700] {dag.py:4180} INFO - Setting next_dagrun for read_dataset_event_from_classic to 2024-12-02 00:00:00+00:00, run_after=2024-12-03 00:00:00+00:00
[2024-12-03T21:09:48.548+0700] {processor.py:208} INFO - Processing /home/tedubuamo/project/venv/lib/python3.12/site-packages/airflow/example_dags/example_inlet_event_extra.py took 0.124 seconds
[2024-12-03T21:10:40.342+0700] {processor.py:186} INFO - Started process (PID=2822) to work on /home/tedubuamo/project/venv/lib/python3.12/site-packages/airflow/example_dags/example_inlet_event_extra.py
[2024-12-03T21:10:40.343+0700] {processor.py:914} INFO - Processing file /home/tedubuamo/project/venv/lib/python3.12/site-packages/airflow/example_dags/example_inlet_event_extra.py for tasks to queue
[2024-12-03T21:10:40.344+0700] {logging_mixin.py:190} INFO - [2024-12-03T21:10:40.344+0700] {dagbag.py:588} INFO - Filling up the DagBag from /home/tedubuamo/project/venv/lib/python3.12/site-packages/airflow/example_dags/example_inlet_event_extra.py
[2024-12-03T21:10:40.357+0700] {processor.py:925} INFO - DAG(s) 'read_dataset_event', 'read_dataset_event_from_classic' retrieved from /home/tedubuamo/project/venv/lib/python3.12/site-packages/airflow/example_dags/example_inlet_event_extra.py
[2024-12-03T21:10:40.369+0700] {logging_mixin.py:190} INFO - [2024-12-03T21:10:40.369+0700] {dag.py:3239} INFO - Sync 2 DAGs
[2024-12-03T21:10:40.385+0700] {logging_mixin.py:190} INFO - [2024-12-03T21:10:40.385+0700] {dag.py:4180} INFO - Setting next_dagrun for read_dataset_event to 2024-12-02 00:00:00+00:00, run_after=2024-12-03 00:00:00+00:00
[2024-12-03T21:10:40.388+0700] {logging_mixin.py:190} INFO - [2024-12-03T21:10:40.388+0700] {dag.py:4180} INFO - Setting next_dagrun for read_dataset_event_from_classic to 2024-12-02 00:00:00+00:00, run_after=2024-12-03 00:00:00+00:00
[2024-12-03T21:10:40.404+0700] {processor.py:208} INFO - Processing /home/tedubuamo/project/venv/lib/python3.12/site-packages/airflow/example_dags/example_inlet_event_extra.py took 0.066 seconds
[2024-12-03T21:10:41.380+0700] {processor.py:186} INFO - Started process (PID=2823) to work on /home/tedubuamo/project/venv/lib/python3.12/site-packages/airflow/example_dags/example_inlet_event_extra.py
[2024-12-03T21:10:41.381+0700] {processor.py:914} INFO - Processing file /home/tedubuamo/project/venv/lib/python3.12/site-packages/airflow/example_dags/example_inlet_event_extra.py for tasks to queue
[2024-12-03T21:10:41.382+0700] {logging_mixin.py:190} INFO - [2024-12-03T21:10:41.382+0700] {dagbag.py:588} INFO - Filling up the DagBag from /home/tedubuamo/project/venv/lib/python3.12/site-packages/airflow/example_dags/example_inlet_event_extra.py
[2024-12-03T21:10:41.392+0700] {processor.py:925} INFO - DAG(s) 'read_dataset_event', 'read_dataset_event_from_classic' retrieved from /home/tedubuamo/project/venv/lib/python3.12/site-packages/airflow/example_dags/example_inlet_event_extra.py
[2024-12-03T21:10:41.405+0700] {logging_mixin.py:190} INFO - [2024-12-03T21:10:41.405+0700] {dag.py:3239} INFO - Sync 2 DAGs
[2024-12-03T21:10:41.420+0700] {logging_mixin.py:190} INFO - [2024-12-03T21:10:41.419+0700] {dag.py:4180} INFO - Setting next_dagrun for read_dataset_event to 2024-12-02 00:00:00+00:00, run_after=2024-12-03 00:00:00+00:00
[2024-12-03T21:10:41.422+0700] {logging_mixin.py:190} INFO - [2024-12-03T21:10:41.422+0700] {dag.py:4180} INFO - Setting next_dagrun for read_dataset_event_from_classic to 2024-12-02 00:00:00+00:00, run_after=2024-12-03 00:00:00+00:00
[2024-12-03T21:10:41.438+0700] {processor.py:208} INFO - Processing /home/tedubuamo/project/venv/lib/python3.12/site-packages/airflow/example_dags/example_inlet_event_extra.py took 0.063 seconds
[2024-12-03T21:11:33.226+0700] {processor.py:186} INFO - Started process (PID=2929) to work on /home/tedubuamo/project/venv/lib/python3.12/site-packages/airflow/example_dags/example_inlet_event_extra.py
[2024-12-03T21:11:33.228+0700] {processor.py:914} INFO - Processing file /home/tedubuamo/project/venv/lib/python3.12/site-packages/airflow/example_dags/example_inlet_event_extra.py for tasks to queue
[2024-12-03T21:11:33.230+0700] {logging_mixin.py:190} INFO - [2024-12-03T21:11:33.230+0700] {dagbag.py:588} INFO - Filling up the DagBag from /home/tedubuamo/project/venv/lib/python3.12/site-packages/airflow/example_dags/example_inlet_event_extra.py
[2024-12-03T21:11:33.246+0700] {processor.py:925} INFO - DAG(s) 'read_dataset_event', 'read_dataset_event_from_classic' retrieved from /home/tedubuamo/project/venv/lib/python3.12/site-packages/airflow/example_dags/example_inlet_event_extra.py
[2024-12-03T21:11:33.265+0700] {logging_mixin.py:190} INFO - [2024-12-03T21:11:33.264+0700] {dag.py:3239} INFO - Sync 2 DAGs
[2024-12-03T21:11:33.289+0700] {logging_mixin.py:190} INFO - [2024-12-03T21:11:33.289+0700] {dag.py:4180} INFO - Setting next_dagrun for read_dataset_event to 2024-12-02 00:00:00+00:00, run_after=2024-12-03 00:00:00+00:00
[2024-12-03T21:11:33.292+0700] {logging_mixin.py:190} INFO - [2024-12-03T21:11:33.292+0700] {dag.py:4180} INFO - Setting next_dagrun for read_dataset_event_from_classic to 2024-12-02 00:00:00+00:00, run_after=2024-12-03 00:00:00+00:00
[2024-12-03T21:11:33.310+0700] {processor.py:208} INFO - Processing /home/tedubuamo/project/venv/lib/python3.12/site-packages/airflow/example_dags/example_inlet_event_extra.py took 0.091 seconds
[2024-12-03T21:11:34.677+0700] {processor.py:186} INFO - Started process (PID=2932) to work on /home/tedubuamo/project/venv/lib/python3.12/site-packages/airflow/example_dags/example_inlet_event_extra.py
[2024-12-03T21:11:34.677+0700] {processor.py:914} INFO - Processing file /home/tedubuamo/project/venv/lib/python3.12/site-packages/airflow/example_dags/example_inlet_event_extra.py for tasks to queue
[2024-12-03T21:11:34.679+0700] {logging_mixin.py:190} INFO - [2024-12-03T21:11:34.679+0700] {dagbag.py:588} INFO - Filling up the DagBag from /home/tedubuamo/project/venv/lib/python3.12/site-packages/airflow/example_dags/example_inlet_event_extra.py
[2024-12-03T21:11:34.691+0700] {processor.py:925} INFO - DAG(s) 'read_dataset_event', 'read_dataset_event_from_classic' retrieved from /home/tedubuamo/project/venv/lib/python3.12/site-packages/airflow/example_dags/example_inlet_event_extra.py
[2024-12-03T21:11:34.707+0700] {logging_mixin.py:190} INFO - [2024-12-03T21:11:34.707+0700] {dag.py:3239} INFO - Sync 2 DAGs
[2024-12-03T21:11:34.722+0700] {logging_mixin.py:190} INFO - [2024-12-03T21:11:34.722+0700] {dag.py:4180} INFO - Setting next_dagrun for read_dataset_event to 2024-12-02 00:00:00+00:00, run_after=2024-12-03 00:00:00+00:00
[2024-12-03T21:11:34.725+0700] {logging_mixin.py:190} INFO - [2024-12-03T21:11:34.725+0700] {dag.py:4180} INFO - Setting next_dagrun for read_dataset_event_from_classic to 2024-12-02 00:00:00+00:00, run_after=2024-12-03 00:00:00+00:00
[2024-12-03T21:11:34.743+0700] {processor.py:208} INFO - Processing /home/tedubuamo/project/venv/lib/python3.12/site-packages/airflow/example_dags/example_inlet_event_extra.py took 0.071 seconds
[2024-12-03T21:12:24.308+0700] {processor.py:186} INFO - Started process (PID=3061) to work on /home/tedubuamo/project/venv/lib/python3.12/site-packages/airflow/example_dags/example_inlet_event_extra.py
[2024-12-03T21:12:24.311+0700] {processor.py:914} INFO - Processing file /home/tedubuamo/project/venv/lib/python3.12/site-packages/airflow/example_dags/example_inlet_event_extra.py for tasks to queue
[2024-12-03T21:12:24.313+0700] {logging_mixin.py:190} INFO - [2024-12-03T21:12:24.313+0700] {dagbag.py:588} INFO - Filling up the DagBag from /home/tedubuamo/project/venv/lib/python3.12/site-packages/airflow/example_dags/example_inlet_event_extra.py
[2024-12-03T21:12:24.322+0700] {processor.py:925} INFO - DAG(s) 'read_dataset_event_from_classic', 'read_dataset_event' retrieved from /home/tedubuamo/project/venv/lib/python3.12/site-packages/airflow/example_dags/example_inlet_event_extra.py
[2024-12-03T21:12:24.334+0700] {logging_mixin.py:190} INFO - [2024-12-03T21:12:24.333+0700] {dag.py:3239} INFO - Sync 2 DAGs
[2024-12-03T21:12:24.348+0700] {logging_mixin.py:190} INFO - [2024-12-03T21:12:24.347+0700] {dag.py:4180} INFO - Setting next_dagrun for read_dataset_event to 2024-12-02 00:00:00+00:00, run_after=2024-12-03 00:00:00+00:00
[2024-12-03T21:12:24.351+0700] {logging_mixin.py:190} INFO - [2024-12-03T21:12:24.351+0700] {dag.py:4180} INFO - Setting next_dagrun for read_dataset_event_from_classic to 2024-12-02 00:00:00+00:00, run_after=2024-12-03 00:00:00+00:00
[2024-12-03T21:12:24.367+0700] {processor.py:208} INFO - Processing /home/tedubuamo/project/venv/lib/python3.12/site-packages/airflow/example_dags/example_inlet_event_extra.py took 0.063 seconds
[2024-12-03T21:12:28.511+0700] {processor.py:186} INFO - Started process (PID=3070) to work on /home/tedubuamo/project/venv/lib/python3.12/site-packages/airflow/example_dags/example_inlet_event_extra.py
[2024-12-03T21:12:28.512+0700] {processor.py:914} INFO - Processing file /home/tedubuamo/project/venv/lib/python3.12/site-packages/airflow/example_dags/example_inlet_event_extra.py for tasks to queue
[2024-12-03T21:12:28.513+0700] {logging_mixin.py:190} INFO - [2024-12-03T21:12:28.513+0700] {dagbag.py:588} INFO - Filling up the DagBag from /home/tedubuamo/project/venv/lib/python3.12/site-packages/airflow/example_dags/example_inlet_event_extra.py
[2024-12-03T21:12:28.522+0700] {processor.py:925} INFO - DAG(s) 'read_dataset_event_from_classic', 'read_dataset_event' retrieved from /home/tedubuamo/project/venv/lib/python3.12/site-packages/airflow/example_dags/example_inlet_event_extra.py
[2024-12-03T21:12:28.534+0700] {logging_mixin.py:190} INFO - [2024-12-03T21:12:28.533+0700] {dag.py:3239} INFO - Sync 2 DAGs
[2024-12-03T21:12:28.550+0700] {logging_mixin.py:190} INFO - [2024-12-03T21:12:28.550+0700] {dag.py:4180} INFO - Setting next_dagrun for read_dataset_event to 2024-12-02 00:00:00+00:00, run_after=2024-12-03 00:00:00+00:00
[2024-12-03T21:12:28.554+0700] {logging_mixin.py:190} INFO - [2024-12-03T21:12:28.553+0700] {dag.py:4180} INFO - Setting next_dagrun for read_dataset_event_from_classic to 2024-12-02 00:00:00+00:00, run_after=2024-12-03 00:00:00+00:00
[2024-12-03T21:12:28.569+0700] {processor.py:208} INFO - Processing /home/tedubuamo/project/venv/lib/python3.12/site-packages/airflow/example_dags/example_inlet_event_extra.py took 0.062 seconds
[2024-12-03T21:13:14.894+0700] {processor.py:186} INFO - Started process (PID=3173) to work on /home/tedubuamo/project/venv/lib/python3.12/site-packages/airflow/example_dags/example_inlet_event_extra.py
[2024-12-03T21:13:14.895+0700] {processor.py:914} INFO - Processing file /home/tedubuamo/project/venv/lib/python3.12/site-packages/airflow/example_dags/example_inlet_event_extra.py for tasks to queue
[2024-12-03T21:13:14.897+0700] {logging_mixin.py:190} INFO - [2024-12-03T21:13:14.897+0700] {dagbag.py:588} INFO - Filling up the DagBag from /home/tedubuamo/project/venv/lib/python3.12/site-packages/airflow/example_dags/example_inlet_event_extra.py
[2024-12-03T21:13:14.908+0700] {processor.py:925} INFO - DAG(s) 'read_dataset_event', 'read_dataset_event_from_classic' retrieved from /home/tedubuamo/project/venv/lib/python3.12/site-packages/airflow/example_dags/example_inlet_event_extra.py
[2024-12-03T21:13:14.921+0700] {logging_mixin.py:190} INFO - [2024-12-03T21:13:14.921+0700] {dag.py:3239} INFO - Sync 2 DAGs
[2024-12-03T21:13:14.949+0700] {logging_mixin.py:190} INFO - [2024-12-03T21:13:14.949+0700] {dag.py:4180} INFO - Setting next_dagrun for read_dataset_event to 2024-12-02 00:00:00+00:00, run_after=2024-12-03 00:00:00+00:00
[2024-12-03T21:13:14.955+0700] {logging_mixin.py:190} INFO - [2024-12-03T21:13:14.955+0700] {dag.py:4180} INFO - Setting next_dagrun for read_dataset_event_from_classic to 2024-12-02 00:00:00+00:00, run_after=2024-12-03 00:00:00+00:00
[2024-12-03T21:13:14.992+0700] {processor.py:208} INFO - Processing /home/tedubuamo/project/venv/lib/python3.12/site-packages/airflow/example_dags/example_inlet_event_extra.py took 0.102 seconds
[2024-12-03T21:13:23.092+0700] {processor.py:186} INFO - Started process (PID=3189) to work on /home/tedubuamo/project/venv/lib/python3.12/site-packages/airflow/example_dags/example_inlet_event_extra.py
[2024-12-03T21:13:23.093+0700] {processor.py:914} INFO - Processing file /home/tedubuamo/project/venv/lib/python3.12/site-packages/airflow/example_dags/example_inlet_event_extra.py for tasks to queue
[2024-12-03T21:13:23.094+0700] {logging_mixin.py:190} INFO - [2024-12-03T21:13:23.094+0700] {dagbag.py:588} INFO - Filling up the DagBag from /home/tedubuamo/project/venv/lib/python3.12/site-packages/airflow/example_dags/example_inlet_event_extra.py
[2024-12-03T21:13:23.104+0700] {processor.py:925} INFO - DAG(s) 'read_dataset_event', 'read_dataset_event_from_classic' retrieved from /home/tedubuamo/project/venv/lib/python3.12/site-packages/airflow/example_dags/example_inlet_event_extra.py
[2024-12-03T21:13:23.115+0700] {logging_mixin.py:190} INFO - [2024-12-03T21:13:23.115+0700] {dag.py:3239} INFO - Sync 2 DAGs
[2024-12-03T21:13:23.130+0700] {logging_mixin.py:190} INFO - [2024-12-03T21:13:23.130+0700] {dag.py:4180} INFO - Setting next_dagrun for read_dataset_event to 2024-12-02 00:00:00+00:00, run_after=2024-12-03 00:00:00+00:00
[2024-12-03T21:13:23.133+0700] {logging_mixin.py:190} INFO - [2024-12-03T21:13:23.133+0700] {dag.py:4180} INFO - Setting next_dagrun for read_dataset_event_from_classic to 2024-12-02 00:00:00+00:00, run_after=2024-12-03 00:00:00+00:00
[2024-12-03T21:13:23.148+0700] {processor.py:208} INFO - Processing /home/tedubuamo/project/venv/lib/python3.12/site-packages/airflow/example_dags/example_inlet_event_extra.py took 0.059 seconds
[2024-12-03T21:14:06.262+0700] {processor.py:186} INFO - Started process (PID=3281) to work on /home/tedubuamo/project/venv/lib/python3.12/site-packages/airflow/example_dags/example_inlet_event_extra.py
[2024-12-03T21:14:06.264+0700] {processor.py:914} INFO - Processing file /home/tedubuamo/project/venv/lib/python3.12/site-packages/airflow/example_dags/example_inlet_event_extra.py for tasks to queue
[2024-12-03T21:14:06.266+0700] {logging_mixin.py:190} INFO - [2024-12-03T21:14:06.265+0700] {dagbag.py:588} INFO - Filling up the DagBag from /home/tedubuamo/project/venv/lib/python3.12/site-packages/airflow/example_dags/example_inlet_event_extra.py
[2024-12-03T21:14:06.280+0700] {processor.py:925} INFO - DAG(s) 'read_dataset_event', 'read_dataset_event_from_classic' retrieved from /home/tedubuamo/project/venv/lib/python3.12/site-packages/airflow/example_dags/example_inlet_event_extra.py
[2024-12-03T21:14:06.296+0700] {logging_mixin.py:190} INFO - [2024-12-03T21:14:06.296+0700] {dag.py:3239} INFO - Sync 2 DAGs
[2024-12-03T21:14:06.313+0700] {logging_mixin.py:190} INFO - [2024-12-03T21:14:06.313+0700] {dag.py:4180} INFO - Setting next_dagrun for read_dataset_event to 2024-12-02 00:00:00+00:00, run_after=2024-12-03 00:00:00+00:00
[2024-12-03T21:14:06.316+0700] {logging_mixin.py:190} INFO - [2024-12-03T21:14:06.316+0700] {dag.py:4180} INFO - Setting next_dagrun for read_dataset_event_from_classic to 2024-12-02 00:00:00+00:00, run_after=2024-12-03 00:00:00+00:00
[2024-12-03T21:14:06.333+0700] {processor.py:208} INFO - Processing /home/tedubuamo/project/venv/lib/python3.12/site-packages/airflow/example_dags/example_inlet_event_extra.py took 0.076 seconds
[2024-12-03T21:14:15.055+0700] {processor.py:186} INFO - Started process (PID=3297) to work on /home/tedubuamo/project/venv/lib/python3.12/site-packages/airflow/example_dags/example_inlet_event_extra.py
[2024-12-03T21:14:15.055+0700] {processor.py:914} INFO - Processing file /home/tedubuamo/project/venv/lib/python3.12/site-packages/airflow/example_dags/example_inlet_event_extra.py for tasks to queue
[2024-12-03T21:14:15.057+0700] {logging_mixin.py:190} INFO - [2024-12-03T21:14:15.057+0700] {dagbag.py:588} INFO - Filling up the DagBag from /home/tedubuamo/project/venv/lib/python3.12/site-packages/airflow/example_dags/example_inlet_event_extra.py
[2024-12-03T21:14:15.065+0700] {processor.py:925} INFO - DAG(s) 'read_dataset_event', 'read_dataset_event_from_classic' retrieved from /home/tedubuamo/project/venv/lib/python3.12/site-packages/airflow/example_dags/example_inlet_event_extra.py
[2024-12-03T21:14:15.076+0700] {logging_mixin.py:190} INFO - [2024-12-03T21:14:15.076+0700] {dag.py:3239} INFO - Sync 2 DAGs
[2024-12-03T21:14:15.091+0700] {logging_mixin.py:190} INFO - [2024-12-03T21:14:15.091+0700] {dag.py:4180} INFO - Setting next_dagrun for read_dataset_event to 2024-12-02 00:00:00+00:00, run_after=2024-12-03 00:00:00+00:00
[2024-12-03T21:14:15.093+0700] {logging_mixin.py:190} INFO - [2024-12-03T21:14:15.093+0700] {dag.py:4180} INFO - Setting next_dagrun for read_dataset_event_from_classic to 2024-12-02 00:00:00+00:00, run_after=2024-12-03 00:00:00+00:00
[2024-12-03T21:14:15.108+0700] {processor.py:208} INFO - Processing /home/tedubuamo/project/venv/lib/python3.12/site-packages/airflow/example_dags/example_inlet_event_extra.py took 0.058 seconds
[2024-12-03T21:14:57.672+0700] {processor.py:186} INFO - Started process (PID=3388) to work on /home/tedubuamo/project/venv/lib/python3.12/site-packages/airflow/example_dags/example_inlet_event_extra.py
[2024-12-03T21:14:57.676+0700] {processor.py:914} INFO - Processing file /home/tedubuamo/project/venv/lib/python3.12/site-packages/airflow/example_dags/example_inlet_event_extra.py for tasks to queue
[2024-12-03T21:14:57.677+0700] {logging_mixin.py:190} INFO - [2024-12-03T21:14:57.677+0700] {dagbag.py:588} INFO - Filling up the DagBag from /home/tedubuamo/project/venv/lib/python3.12/site-packages/airflow/example_dags/example_inlet_event_extra.py
[2024-12-03T21:14:57.686+0700] {processor.py:925} INFO - DAG(s) 'read_dataset_event', 'read_dataset_event_from_classic' retrieved from /home/tedubuamo/project/venv/lib/python3.12/site-packages/airflow/example_dags/example_inlet_event_extra.py
[2024-12-03T21:14:57.698+0700] {logging_mixin.py:190} INFO - [2024-12-03T21:14:57.698+0700] {dag.py:3239} INFO - Sync 2 DAGs
[2024-12-03T21:14:57.712+0700] {logging_mixin.py:190} INFO - [2024-12-03T21:14:57.712+0700] {dag.py:4180} INFO - Setting next_dagrun for read_dataset_event to 2024-12-02 00:00:00+00:00, run_after=2024-12-03 00:00:00+00:00
[2024-12-03T21:14:57.716+0700] {logging_mixin.py:190} INFO - [2024-12-03T21:14:57.716+0700] {dag.py:4180} INFO - Setting next_dagrun for read_dataset_event_from_classic to 2024-12-02 00:00:00+00:00, run_after=2024-12-03 00:00:00+00:00
[2024-12-03T21:14:57.732+0700] {processor.py:208} INFO - Processing /home/tedubuamo/project/venv/lib/python3.12/site-packages/airflow/example_dags/example_inlet_event_extra.py took 0.063 seconds
[2024-12-03T21:15:04.206+0700] {processor.py:186} INFO - Started process (PID=3401) to work on /home/tedubuamo/project/venv/lib/python3.12/site-packages/airflow/example_dags/example_inlet_event_extra.py
[2024-12-03T21:15:04.207+0700] {processor.py:914} INFO - Processing file /home/tedubuamo/project/venv/lib/python3.12/site-packages/airflow/example_dags/example_inlet_event_extra.py for tasks to queue
[2024-12-03T21:15:04.209+0700] {logging_mixin.py:190} INFO - [2024-12-03T21:15:04.208+0700] {dagbag.py:588} INFO - Filling up the DagBag from /home/tedubuamo/project/venv/lib/python3.12/site-packages/airflow/example_dags/example_inlet_event_extra.py
[2024-12-03T21:15:04.218+0700] {processor.py:925} INFO - DAG(s) 'read_dataset_event_from_classic', 'read_dataset_event' retrieved from /home/tedubuamo/project/venv/lib/python3.12/site-packages/airflow/example_dags/example_inlet_event_extra.py
[2024-12-03T21:15:04.229+0700] {logging_mixin.py:190} INFO - [2024-12-03T21:15:04.229+0700] {dag.py:3239} INFO - Sync 2 DAGs
[2024-12-03T21:15:04.244+0700] {logging_mixin.py:190} INFO - [2024-12-03T21:15:04.244+0700] {dag.py:4180} INFO - Setting next_dagrun for read_dataset_event to 2024-12-02 00:00:00+00:00, run_after=2024-12-03 00:00:00+00:00
[2024-12-03T21:15:04.247+0700] {logging_mixin.py:190} INFO - [2024-12-03T21:15:04.246+0700] {dag.py:4180} INFO - Setting next_dagrun for read_dataset_event_from_classic to 2024-12-02 00:00:00+00:00, run_after=2024-12-03 00:00:00+00:00
[2024-12-03T21:15:04.262+0700] {processor.py:208} INFO - Processing /home/tedubuamo/project/venv/lib/python3.12/site-packages/airflow/example_dags/example_inlet_event_extra.py took 0.060 seconds
[2024-12-03T21:15:47.435+0700] {processor.py:186} INFO - Started process (PID=3489) to work on /home/tedubuamo/project/venv/lib/python3.12/site-packages/airflow/example_dags/example_inlet_event_extra.py
[2024-12-03T21:15:47.439+0700] {processor.py:914} INFO - Processing file /home/tedubuamo/project/venv/lib/python3.12/site-packages/airflow/example_dags/example_inlet_event_extra.py for tasks to queue
[2024-12-03T21:15:47.440+0700] {logging_mixin.py:190} INFO - [2024-12-03T21:15:47.440+0700] {dagbag.py:588} INFO - Filling up the DagBag from /home/tedubuamo/project/venv/lib/python3.12/site-packages/airflow/example_dags/example_inlet_event_extra.py
[2024-12-03T21:15:47.450+0700] {processor.py:925} INFO - DAG(s) 'read_dataset_event_from_classic', 'read_dataset_event' retrieved from /home/tedubuamo/project/venv/lib/python3.12/site-packages/airflow/example_dags/example_inlet_event_extra.py
[2024-12-03T21:15:47.463+0700] {logging_mixin.py:190} INFO - [2024-12-03T21:15:47.463+0700] {dag.py:3239} INFO - Sync 2 DAGs
[2024-12-03T21:15:47.479+0700] {logging_mixin.py:190} INFO - [2024-12-03T21:15:47.479+0700] {dag.py:4180} INFO - Setting next_dagrun for read_dataset_event to 2024-12-02 00:00:00+00:00, run_after=2024-12-03 00:00:00+00:00
[2024-12-03T21:15:47.483+0700] {logging_mixin.py:190} INFO - [2024-12-03T21:15:47.483+0700] {dag.py:4180} INFO - Setting next_dagrun for read_dataset_event_from_classic to 2024-12-02 00:00:00+00:00, run_after=2024-12-03 00:00:00+00:00
[2024-12-03T21:15:47.502+0700] {processor.py:208} INFO - Processing /home/tedubuamo/project/venv/lib/python3.12/site-packages/airflow/example_dags/example_inlet_event_extra.py took 0.072 seconds
[2024-12-03T21:15:53.180+0700] {processor.py:186} INFO - Started process (PID=3504) to work on /home/tedubuamo/project/venv/lib/python3.12/site-packages/airflow/example_dags/example_inlet_event_extra.py
[2024-12-03T21:15:53.181+0700] {processor.py:914} INFO - Processing file /home/tedubuamo/project/venv/lib/python3.12/site-packages/airflow/example_dags/example_inlet_event_extra.py for tasks to queue
[2024-12-03T21:15:53.184+0700] {logging_mixin.py:190} INFO - [2024-12-03T21:15:53.183+0700] {dagbag.py:588} INFO - Filling up the DagBag from /home/tedubuamo/project/venv/lib/python3.12/site-packages/airflow/example_dags/example_inlet_event_extra.py
[2024-12-03T21:15:53.192+0700] {processor.py:925} INFO - DAG(s) 'read_dataset_event_from_classic', 'read_dataset_event' retrieved from /home/tedubuamo/project/venv/lib/python3.12/site-packages/airflow/example_dags/example_inlet_event_extra.py
[2024-12-03T21:15:53.206+0700] {logging_mixin.py:190} INFO - [2024-12-03T21:15:53.206+0700] {dag.py:3239} INFO - Sync 2 DAGs
[2024-12-03T21:15:53.227+0700] {logging_mixin.py:190} INFO - [2024-12-03T21:15:53.227+0700] {dag.py:4180} INFO - Setting next_dagrun for read_dataset_event to 2024-12-02 00:00:00+00:00, run_after=2024-12-03 00:00:00+00:00
[2024-12-03T21:15:53.231+0700] {logging_mixin.py:190} INFO - [2024-12-03T21:15:53.231+0700] {dag.py:4180} INFO - Setting next_dagrun for read_dataset_event_from_classic to 2024-12-02 00:00:00+00:00, run_after=2024-12-03 00:00:00+00:00
[2024-12-03T21:15:53.251+0700] {processor.py:208} INFO - Processing /home/tedubuamo/project/venv/lib/python3.12/site-packages/airflow/example_dags/example_inlet_event_extra.py took 0.077 seconds
[2024-12-03T21:16:40.148+0700] {processor.py:186} INFO - Started process (PID=3618) to work on /home/tedubuamo/project/venv/lib/python3.12/site-packages/airflow/example_dags/example_inlet_event_extra.py
[2024-12-03T21:16:40.149+0700] {processor.py:914} INFO - Processing file /home/tedubuamo/project/venv/lib/python3.12/site-packages/airflow/example_dags/example_inlet_event_extra.py for tasks to queue
[2024-12-03T21:16:40.151+0700] {logging_mixin.py:190} INFO - [2024-12-03T21:16:40.151+0700] {dagbag.py:588} INFO - Filling up the DagBag from /home/tedubuamo/project/venv/lib/python3.12/site-packages/airflow/example_dags/example_inlet_event_extra.py
[2024-12-03T21:16:40.162+0700] {processor.py:925} INFO - DAG(s) 'read_dataset_event_from_classic', 'read_dataset_event' retrieved from /home/tedubuamo/project/venv/lib/python3.12/site-packages/airflow/example_dags/example_inlet_event_extra.py
[2024-12-03T21:16:40.178+0700] {logging_mixin.py:190} INFO - [2024-12-03T21:16:40.177+0700] {dag.py:3239} INFO - Sync 2 DAGs
[2024-12-03T21:16:40.201+0700] {logging_mixin.py:190} INFO - [2024-12-03T21:16:40.201+0700] {dag.py:4180} INFO - Setting next_dagrun for read_dataset_event to 2024-12-02 00:00:00+00:00, run_after=2024-12-03 00:00:00+00:00
[2024-12-03T21:16:40.205+0700] {logging_mixin.py:190} INFO - [2024-12-03T21:16:40.205+0700] {dag.py:4180} INFO - Setting next_dagrun for read_dataset_event_from_classic to 2024-12-02 00:00:00+00:00, run_after=2024-12-03 00:00:00+00:00
[2024-12-03T21:16:40.225+0700] {processor.py:208} INFO - Processing /home/tedubuamo/project/venv/lib/python3.12/site-packages/airflow/example_dags/example_inlet_event_extra.py took 0.082 seconds
[2024-12-03T21:16:44.908+0700] {processor.py:186} INFO - Started process (PID=3632) to work on /home/tedubuamo/project/venv/lib/python3.12/site-packages/airflow/example_dags/example_inlet_event_extra.py
[2024-12-03T21:16:44.908+0700] {processor.py:914} INFO - Processing file /home/tedubuamo/project/venv/lib/python3.12/site-packages/airflow/example_dags/example_inlet_event_extra.py for tasks to queue
[2024-12-03T21:16:44.911+0700] {logging_mixin.py:190} INFO - [2024-12-03T21:16:44.910+0700] {dagbag.py:588} INFO - Filling up the DagBag from /home/tedubuamo/project/venv/lib/python3.12/site-packages/airflow/example_dags/example_inlet_event_extra.py
[2024-12-03T21:16:44.925+0700] {processor.py:925} INFO - DAG(s) 'read_dataset_event_from_classic', 'read_dataset_event' retrieved from /home/tedubuamo/project/venv/lib/python3.12/site-packages/airflow/example_dags/example_inlet_event_extra.py
[2024-12-03T21:16:44.942+0700] {logging_mixin.py:190} INFO - [2024-12-03T21:16:44.942+0700] {dag.py:3239} INFO - Sync 2 DAGs
[2024-12-03T21:16:44.961+0700] {logging_mixin.py:190} INFO - [2024-12-03T21:16:44.961+0700] {dag.py:4180} INFO - Setting next_dagrun for read_dataset_event to 2024-12-02 00:00:00+00:00, run_after=2024-12-03 00:00:00+00:00
[2024-12-03T21:16:44.965+0700] {logging_mixin.py:190} INFO - [2024-12-03T21:16:44.964+0700] {dag.py:4180} INFO - Setting next_dagrun for read_dataset_event_from_classic to 2024-12-02 00:00:00+00:00, run_after=2024-12-03 00:00:00+00:00
[2024-12-03T21:16:44.979+0700] {processor.py:208} INFO - Processing /home/tedubuamo/project/venv/lib/python3.12/site-packages/airflow/example_dags/example_inlet_event_extra.py took 0.077 seconds
[2024-12-03T21:17:34.513+0700] {processor.py:186} INFO - Started process (PID=3755) to work on /home/tedubuamo/project/venv/lib/python3.12/site-packages/airflow/example_dags/example_inlet_event_extra.py
[2024-12-03T21:17:34.516+0700] {processor.py:914} INFO - Processing file /home/tedubuamo/project/venv/lib/python3.12/site-packages/airflow/example_dags/example_inlet_event_extra.py for tasks to queue
[2024-12-03T21:17:34.518+0700] {logging_mixin.py:190} INFO - [2024-12-03T21:17:34.518+0700] {dagbag.py:588} INFO - Filling up the DagBag from /home/tedubuamo/project/venv/lib/python3.12/site-packages/airflow/example_dags/example_inlet_event_extra.py
[2024-12-03T21:17:34.527+0700] {processor.py:925} INFO - DAG(s) 'read_dataset_event_from_classic', 'read_dataset_event' retrieved from /home/tedubuamo/project/venv/lib/python3.12/site-packages/airflow/example_dags/example_inlet_event_extra.py
[2024-12-03T21:17:34.538+0700] {logging_mixin.py:190} INFO - [2024-12-03T21:17:34.538+0700] {dag.py:3239} INFO - Sync 2 DAGs
[2024-12-03T21:17:34.553+0700] {logging_mixin.py:190} INFO - [2024-12-03T21:17:34.553+0700] {dag.py:4180} INFO - Setting next_dagrun for read_dataset_event to 2024-12-02 00:00:00+00:00, run_after=2024-12-03 00:00:00+00:00
[2024-12-03T21:17:34.556+0700] {logging_mixin.py:190} INFO - [2024-12-03T21:17:34.555+0700] {dag.py:4180} INFO - Setting next_dagrun for read_dataset_event_from_classic to 2024-12-02 00:00:00+00:00, run_after=2024-12-03 00:00:00+00:00
[2024-12-03T21:17:34.572+0700] {processor.py:208} INFO - Processing /home/tedubuamo/project/venv/lib/python3.12/site-packages/airflow/example_dags/example_inlet_event_extra.py took 0.063 seconds
[2024-12-03T21:17:35.848+0700] {processor.py:186} INFO - Started process (PID=3758) to work on /home/tedubuamo/project/venv/lib/python3.12/site-packages/airflow/example_dags/example_inlet_event_extra.py
[2024-12-03T21:17:35.849+0700] {processor.py:914} INFO - Processing file /home/tedubuamo/project/venv/lib/python3.12/site-packages/airflow/example_dags/example_inlet_event_extra.py for tasks to queue
[2024-12-03T21:17:35.850+0700] {logging_mixin.py:190} INFO - [2024-12-03T21:17:35.850+0700] {dagbag.py:588} INFO - Filling up the DagBag from /home/tedubuamo/project/venv/lib/python3.12/site-packages/airflow/example_dags/example_inlet_event_extra.py
[2024-12-03T21:17:35.859+0700] {processor.py:925} INFO - DAG(s) 'read_dataset_event_from_classic', 'read_dataset_event' retrieved from /home/tedubuamo/project/venv/lib/python3.12/site-packages/airflow/example_dags/example_inlet_event_extra.py
[2024-12-03T21:17:35.872+0700] {logging_mixin.py:190} INFO - [2024-12-03T21:17:35.871+0700] {dag.py:3239} INFO - Sync 2 DAGs
[2024-12-03T21:17:35.888+0700] {logging_mixin.py:190} INFO - [2024-12-03T21:17:35.888+0700] {dag.py:4180} INFO - Setting next_dagrun for read_dataset_event to 2024-12-02 00:00:00+00:00, run_after=2024-12-03 00:00:00+00:00
[2024-12-03T21:17:35.891+0700] {logging_mixin.py:190} INFO - [2024-12-03T21:17:35.891+0700] {dag.py:4180} INFO - Setting next_dagrun for read_dataset_event_from_classic to 2024-12-02 00:00:00+00:00, run_after=2024-12-03 00:00:00+00:00
[2024-12-03T21:17:35.906+0700] {processor.py:208} INFO - Processing /home/tedubuamo/project/venv/lib/python3.12/site-packages/airflow/example_dags/example_inlet_event_extra.py took 0.062 seconds
[2024-12-03T21:19:19.195+0700] {processor.py:186} INFO - Started process (PID=3960) to work on /home/tedubuamo/project/venv/lib/python3.12/site-packages/airflow/example_dags/example_inlet_event_extra.py
[2024-12-03T21:19:19.196+0700] {processor.py:914} INFO - Processing file /home/tedubuamo/project/venv/lib/python3.12/site-packages/airflow/example_dags/example_inlet_event_extra.py for tasks to queue
[2024-12-03T21:19:19.198+0700] {logging_mixin.py:190} INFO - [2024-12-03T21:19:19.198+0700] {dagbag.py:588} INFO - Filling up the DagBag from /home/tedubuamo/project/venv/lib/python3.12/site-packages/airflow/example_dags/example_inlet_event_extra.py
[2024-12-03T21:19:19.208+0700] {processor.py:925} INFO - DAG(s) 'read_dataset_event', 'read_dataset_event_from_classic' retrieved from /home/tedubuamo/project/venv/lib/python3.12/site-packages/airflow/example_dags/example_inlet_event_extra.py
[2024-12-03T21:19:19.282+0700] {logging_mixin.py:190} INFO - [2024-12-03T21:19:19.281+0700] {dag.py:3239} INFO - Sync 2 DAGs
[2024-12-03T21:19:19.295+0700] {logging_mixin.py:190} INFO - [2024-12-03T21:19:19.295+0700] {dag.py:4180} INFO - Setting next_dagrun for read_dataset_event to 2024-12-02 00:00:00+00:00, run_after=2024-12-03 00:00:00+00:00
[2024-12-03T21:19:19.297+0700] {logging_mixin.py:190} INFO - [2024-12-03T21:19:19.297+0700] {dag.py:4180} INFO - Setting next_dagrun for read_dataset_event_from_classic to 2024-12-02 00:00:00+00:00, run_after=2024-12-03 00:00:00+00:00
[2024-12-03T21:19:19.314+0700] {processor.py:208} INFO - Processing /home/tedubuamo/project/venv/lib/python3.12/site-packages/airflow/example_dags/example_inlet_event_extra.py took 0.124 seconds
[2024-12-03T21:20:16.121+0700] {processor.py:186} INFO - Started process (PID=4018) to work on /home/tedubuamo/project/venv/lib/python3.12/site-packages/airflow/example_dags/example_inlet_event_extra.py
[2024-12-03T21:20:16.122+0700] {processor.py:914} INFO - Processing file /home/tedubuamo/project/venv/lib/python3.12/site-packages/airflow/example_dags/example_inlet_event_extra.py for tasks to queue
[2024-12-03T21:20:16.124+0700] {logging_mixin.py:190} INFO - [2024-12-03T21:20:16.124+0700] {dagbag.py:588} INFO - Filling up the DagBag from /home/tedubuamo/project/venv/lib/python3.12/site-packages/airflow/example_dags/example_inlet_event_extra.py
[2024-12-03T21:20:16.141+0700] {processor.py:925} INFO - DAG(s) 'read_dataset_event_from_classic', 'read_dataset_event' retrieved from /home/tedubuamo/project/venv/lib/python3.12/site-packages/airflow/example_dags/example_inlet_event_extra.py
[2024-12-03T21:20:16.158+0700] {logging_mixin.py:190} INFO - [2024-12-03T21:20:16.158+0700] {dag.py:3239} INFO - Sync 2 DAGs
[2024-12-03T21:20:16.177+0700] {logging_mixin.py:190} INFO - [2024-12-03T21:20:16.177+0700] {dag.py:4180} INFO - Setting next_dagrun for read_dataset_event to 2024-12-02 00:00:00+00:00, run_after=2024-12-03 00:00:00+00:00
[2024-12-03T21:20:16.183+0700] {logging_mixin.py:190} INFO - [2024-12-03T21:20:16.183+0700] {dag.py:4180} INFO - Setting next_dagrun for read_dataset_event_from_classic to 2024-12-02 00:00:00+00:00, run_after=2024-12-03 00:00:00+00:00
[2024-12-03T21:20:16.204+0700] {processor.py:208} INFO - Processing /home/tedubuamo/project/venv/lib/python3.12/site-packages/airflow/example_dags/example_inlet_event_extra.py took 0.088 seconds
[2024-12-03T21:21:17.804+0700] {processor.py:186} INFO - Started process (PID=4121) to work on /home/tedubuamo/project/venv/lib/python3.12/site-packages/airflow/example_dags/example_inlet_event_extra.py
[2024-12-03T21:21:17.806+0700] {processor.py:914} INFO - Processing file /home/tedubuamo/project/venv/lib/python3.12/site-packages/airflow/example_dags/example_inlet_event_extra.py for tasks to queue
[2024-12-03T21:21:17.808+0700] {logging_mixin.py:190} INFO - [2024-12-03T21:21:17.808+0700] {dagbag.py:588} INFO - Filling up the DagBag from /home/tedubuamo/project/venv/lib/python3.12/site-packages/airflow/example_dags/example_inlet_event_extra.py
[2024-12-03T21:21:17.817+0700] {processor.py:925} INFO - DAG(s) 'read_dataset_event', 'read_dataset_event_from_classic' retrieved from /home/tedubuamo/project/venv/lib/python3.12/site-packages/airflow/example_dags/example_inlet_event_extra.py
[2024-12-03T21:21:17.828+0700] {logging_mixin.py:190} INFO - [2024-12-03T21:21:17.828+0700] {dag.py:3239} INFO - Sync 2 DAGs
[2024-12-03T21:21:17.843+0700] {logging_mixin.py:190} INFO - [2024-12-03T21:21:17.843+0700] {dag.py:4180} INFO - Setting next_dagrun for read_dataset_event to 2024-12-02 00:00:00+00:00, run_after=2024-12-03 00:00:00+00:00
[2024-12-03T21:21:17.850+0700] {logging_mixin.py:190} INFO - [2024-12-03T21:21:17.850+0700] {dag.py:4180} INFO - Setting next_dagrun for read_dataset_event_from_classic to 2024-12-02 00:00:00+00:00, run_after=2024-12-03 00:00:00+00:00
[2024-12-03T21:21:17.865+0700] {processor.py:208} INFO - Processing /home/tedubuamo/project/venv/lib/python3.12/site-packages/airflow/example_dags/example_inlet_event_extra.py took 0.064 seconds
[2024-12-03T21:22:15.964+0700] {processor.py:186} INFO - Started process (PID=4204) to work on /home/tedubuamo/project/venv/lib/python3.12/site-packages/airflow/example_dags/example_inlet_event_extra.py
[2024-12-03T21:22:15.965+0700] {processor.py:914} INFO - Processing file /home/tedubuamo/project/venv/lib/python3.12/site-packages/airflow/example_dags/example_inlet_event_extra.py for tasks to queue
[2024-12-03T21:22:15.967+0700] {logging_mixin.py:190} INFO - [2024-12-03T21:22:15.967+0700] {dagbag.py:588} INFO - Filling up the DagBag from /home/tedubuamo/project/venv/lib/python3.12/site-packages/airflow/example_dags/example_inlet_event_extra.py
[2024-12-03T21:22:15.980+0700] {processor.py:925} INFO - DAG(s) 'read_dataset_event_from_classic', 'read_dataset_event' retrieved from /home/tedubuamo/project/venv/lib/python3.12/site-packages/airflow/example_dags/example_inlet_event_extra.py
[2024-12-03T21:22:15.994+0700] {logging_mixin.py:190} INFO - [2024-12-03T21:22:15.994+0700] {dag.py:3239} INFO - Sync 2 DAGs
[2024-12-03T21:22:16.012+0700] {logging_mixin.py:190} INFO - [2024-12-03T21:22:16.012+0700] {dag.py:4180} INFO - Setting next_dagrun for read_dataset_event to 2024-12-02 00:00:00+00:00, run_after=2024-12-03 00:00:00+00:00
[2024-12-03T21:22:16.015+0700] {logging_mixin.py:190} INFO - [2024-12-03T21:22:16.015+0700] {dag.py:4180} INFO - Setting next_dagrun for read_dataset_event_from_classic to 2024-12-02 00:00:00+00:00, run_after=2024-12-03 00:00:00+00:00
[2024-12-03T21:22:16.031+0700] {processor.py:208} INFO - Processing /home/tedubuamo/project/venv/lib/python3.12/site-packages/airflow/example_dags/example_inlet_event_extra.py took 0.072 seconds
[2024-12-03T21:23:17.460+0700] {processor.py:186} INFO - Started process (PID=4284) to work on /home/tedubuamo/project/venv/lib/python3.12/site-packages/airflow/example_dags/example_inlet_event_extra.py
[2024-12-03T21:23:17.461+0700] {processor.py:914} INFO - Processing file /home/tedubuamo/project/venv/lib/python3.12/site-packages/airflow/example_dags/example_inlet_event_extra.py for tasks to queue
[2024-12-03T21:23:17.463+0700] {logging_mixin.py:190} INFO - [2024-12-03T21:23:17.463+0700] {dagbag.py:588} INFO - Filling up the DagBag from /home/tedubuamo/project/venv/lib/python3.12/site-packages/airflow/example_dags/example_inlet_event_extra.py
[2024-12-03T21:23:17.473+0700] {processor.py:925} INFO - DAG(s) 'read_dataset_event_from_classic', 'read_dataset_event' retrieved from /home/tedubuamo/project/venv/lib/python3.12/site-packages/airflow/example_dags/example_inlet_event_extra.py
[2024-12-03T21:23:17.485+0700] {logging_mixin.py:190} INFO - [2024-12-03T21:23:17.485+0700] {dag.py:3239} INFO - Sync 2 DAGs
[2024-12-03T21:23:17.500+0700] {logging_mixin.py:190} INFO - [2024-12-03T21:23:17.500+0700] {dag.py:4180} INFO - Setting next_dagrun for read_dataset_event to 2024-12-02 00:00:00+00:00, run_after=2024-12-03 00:00:00+00:00
[2024-12-03T21:23:17.504+0700] {logging_mixin.py:190} INFO - [2024-12-03T21:23:17.504+0700] {dag.py:4180} INFO - Setting next_dagrun for read_dataset_event_from_classic to 2024-12-02 00:00:00+00:00, run_after=2024-12-03 00:00:00+00:00
[2024-12-03T21:23:17.521+0700] {processor.py:208} INFO - Processing /home/tedubuamo/project/venv/lib/python3.12/site-packages/airflow/example_dags/example_inlet_event_extra.py took 0.065 seconds
[2024-12-03T21:24:13.479+0700] {processor.py:186} INFO - Started process (PID=4362) to work on /home/tedubuamo/project/venv/lib/python3.12/site-packages/airflow/example_dags/example_inlet_event_extra.py
[2024-12-03T21:24:13.483+0700] {processor.py:914} INFO - Processing file /home/tedubuamo/project/venv/lib/python3.12/site-packages/airflow/example_dags/example_inlet_event_extra.py for tasks to queue
[2024-12-03T21:24:13.484+0700] {logging_mixin.py:190} INFO - [2024-12-03T21:24:13.484+0700] {dagbag.py:588} INFO - Filling up the DagBag from /home/tedubuamo/project/venv/lib/python3.12/site-packages/airflow/example_dags/example_inlet_event_extra.py
[2024-12-03T21:24:13.494+0700] {processor.py:925} INFO - DAG(s) 'read_dataset_event_from_classic', 'read_dataset_event' retrieved from /home/tedubuamo/project/venv/lib/python3.12/site-packages/airflow/example_dags/example_inlet_event_extra.py
[2024-12-03T21:24:13.506+0700] {logging_mixin.py:190} INFO - [2024-12-03T21:24:13.506+0700] {dag.py:3239} INFO - Sync 2 DAGs
[2024-12-03T21:24:13.522+0700] {logging_mixin.py:190} INFO - [2024-12-03T21:24:13.522+0700] {dag.py:4180} INFO - Setting next_dagrun for read_dataset_event to 2024-12-02 00:00:00+00:00, run_after=2024-12-03 00:00:00+00:00
[2024-12-03T21:24:13.525+0700] {logging_mixin.py:190} INFO - [2024-12-03T21:24:13.525+0700] {dag.py:4180} INFO - Setting next_dagrun for read_dataset_event_from_classic to 2024-12-02 00:00:00+00:00, run_after=2024-12-03 00:00:00+00:00
[2024-12-03T21:24:13.542+0700] {processor.py:208} INFO - Processing /home/tedubuamo/project/venv/lib/python3.12/site-packages/airflow/example_dags/example_inlet_event_extra.py took 0.067 seconds
[2024-12-03T21:25:05.492+0700] {processor.py:186} INFO - Started process (PID=4419) to work on /home/tedubuamo/project/venv/lib/python3.12/site-packages/airflow/example_dags/example_inlet_event_extra.py
[2024-12-03T21:25:05.494+0700] {processor.py:914} INFO - Processing file /home/tedubuamo/project/venv/lib/python3.12/site-packages/airflow/example_dags/example_inlet_event_extra.py for tasks to queue
[2024-12-03T21:25:05.495+0700] {logging_mixin.py:190} INFO - [2024-12-03T21:25:05.495+0700] {dagbag.py:588} INFO - Filling up the DagBag from /home/tedubuamo/project/venv/lib/python3.12/site-packages/airflow/example_dags/example_inlet_event_extra.py
[2024-12-03T21:25:05.505+0700] {processor.py:925} INFO - DAG(s) 'read_dataset_event', 'read_dataset_event_from_classic' retrieved from /home/tedubuamo/project/venv/lib/python3.12/site-packages/airflow/example_dags/example_inlet_event_extra.py
[2024-12-03T21:25:05.518+0700] {logging_mixin.py:190} INFO - [2024-12-03T21:25:05.518+0700] {dag.py:3239} INFO - Sync 2 DAGs
[2024-12-03T21:25:05.533+0700] {logging_mixin.py:190} INFO - [2024-12-03T21:25:05.533+0700] {dag.py:4180} INFO - Setting next_dagrun for read_dataset_event to 2024-12-02 00:00:00+00:00, run_after=2024-12-03 00:00:00+00:00
[2024-12-03T21:25:05.536+0700] {logging_mixin.py:190} INFO - [2024-12-03T21:25:05.536+0700] {dag.py:4180} INFO - Setting next_dagrun for read_dataset_event_from_classic to 2024-12-02 00:00:00+00:00, run_after=2024-12-03 00:00:00+00:00
[2024-12-03T21:25:05.553+0700] {processor.py:208} INFO - Processing /home/tedubuamo/project/venv/lib/python3.12/site-packages/airflow/example_dags/example_inlet_event_extra.py took 0.064 seconds
[2024-12-03T21:26:07.011+0700] {processor.py:186} INFO - Started process (PID=4507) to work on /home/tedubuamo/project/venv/lib/python3.12/site-packages/airflow/example_dags/example_inlet_event_extra.py
[2024-12-03T21:26:07.015+0700] {processor.py:914} INFO - Processing file /home/tedubuamo/project/venv/lib/python3.12/site-packages/airflow/example_dags/example_inlet_event_extra.py for tasks to queue
[2024-12-03T21:26:07.017+0700] {logging_mixin.py:190} INFO - [2024-12-03T21:26:07.016+0700] {dagbag.py:588} INFO - Filling up the DagBag from /home/tedubuamo/project/venv/lib/python3.12/site-packages/airflow/example_dags/example_inlet_event_extra.py
[2024-12-03T21:26:07.027+0700] {processor.py:925} INFO - DAG(s) 'read_dataset_event', 'read_dataset_event_from_classic' retrieved from /home/tedubuamo/project/venv/lib/python3.12/site-packages/airflow/example_dags/example_inlet_event_extra.py
[2024-12-03T21:26:07.039+0700] {logging_mixin.py:190} INFO - [2024-12-03T21:26:07.038+0700] {dag.py:3239} INFO - Sync 2 DAGs
[2024-12-03T21:26:07.054+0700] {logging_mixin.py:190} INFO - [2024-12-03T21:26:07.054+0700] {dag.py:4180} INFO - Setting next_dagrun for read_dataset_event to 2024-12-02 00:00:00+00:00, run_after=2024-12-03 00:00:00+00:00
[2024-12-03T21:26:07.058+0700] {logging_mixin.py:190} INFO - [2024-12-03T21:26:07.058+0700] {dag.py:4180} INFO - Setting next_dagrun for read_dataset_event_from_classic to 2024-12-02 00:00:00+00:00, run_after=2024-12-03 00:00:00+00:00
[2024-12-03T21:26:07.074+0700] {processor.py:208} INFO - Processing /home/tedubuamo/project/venv/lib/python3.12/site-packages/airflow/example_dags/example_inlet_event_extra.py took 0.067 seconds
[2024-12-03T21:27:02.391+0700] {processor.py:186} INFO - Started process (PID=4565) to work on /home/tedubuamo/project/venv/lib/python3.12/site-packages/airflow/example_dags/example_inlet_event_extra.py
[2024-12-03T21:27:02.395+0700] {processor.py:914} INFO - Processing file /home/tedubuamo/project/venv/lib/python3.12/site-packages/airflow/example_dags/example_inlet_event_extra.py for tasks to queue
[2024-12-03T21:27:02.397+0700] {logging_mixin.py:190} INFO - [2024-12-03T21:27:02.397+0700] {dagbag.py:588} INFO - Filling up the DagBag from /home/tedubuamo/project/venv/lib/python3.12/site-packages/airflow/example_dags/example_inlet_event_extra.py
[2024-12-03T21:27:02.407+0700] {processor.py:925} INFO - DAG(s) 'read_dataset_event', 'read_dataset_event_from_classic' retrieved from /home/tedubuamo/project/venv/lib/python3.12/site-packages/airflow/example_dags/example_inlet_event_extra.py
[2024-12-03T21:27:02.421+0700] {logging_mixin.py:190} INFO - [2024-12-03T21:27:02.421+0700] {dag.py:3239} INFO - Sync 2 DAGs
[2024-12-03T21:27:02.441+0700] {logging_mixin.py:190} INFO - [2024-12-03T21:27:02.440+0700] {dag.py:4180} INFO - Setting next_dagrun for read_dataset_event to 2024-12-02 00:00:00+00:00, run_after=2024-12-03 00:00:00+00:00
[2024-12-03T21:27:02.444+0700] {logging_mixin.py:190} INFO - [2024-12-03T21:27:02.444+0700] {dag.py:4180} INFO - Setting next_dagrun for read_dataset_event_from_classic to 2024-12-02 00:00:00+00:00, run_after=2024-12-03 00:00:00+00:00
[2024-12-03T21:27:02.464+0700] {processor.py:208} INFO - Processing /home/tedubuamo/project/venv/lib/python3.12/site-packages/airflow/example_dags/example_inlet_event_extra.py took 0.077 seconds
[2024-12-03T21:27:55.274+0700] {processor.py:186} INFO - Started process (PID=4636) to work on /home/tedubuamo/project/venv/lib/python3.12/site-packages/airflow/example_dags/example_inlet_event_extra.py
[2024-12-03T21:27:55.275+0700] {processor.py:914} INFO - Processing file /home/tedubuamo/project/venv/lib/python3.12/site-packages/airflow/example_dags/example_inlet_event_extra.py for tasks to queue
[2024-12-03T21:27:55.277+0700] {logging_mixin.py:190} INFO - [2024-12-03T21:27:55.277+0700] {dagbag.py:588} INFO - Filling up the DagBag from /home/tedubuamo/project/venv/lib/python3.12/site-packages/airflow/example_dags/example_inlet_event_extra.py
[2024-12-03T21:27:55.288+0700] {processor.py:925} INFO - DAG(s) 'read_dataset_event', 'read_dataset_event_from_classic' retrieved from /home/tedubuamo/project/venv/lib/python3.12/site-packages/airflow/example_dags/example_inlet_event_extra.py
[2024-12-03T21:27:55.303+0700] {logging_mixin.py:190} INFO - [2024-12-03T21:27:55.303+0700] {dag.py:3239} INFO - Sync 2 DAGs
[2024-12-03T21:27:55.321+0700] {logging_mixin.py:190} INFO - [2024-12-03T21:27:55.320+0700] {dag.py:4180} INFO - Setting next_dagrun for read_dataset_event to 2024-12-02 00:00:00+00:00, run_after=2024-12-03 00:00:00+00:00
[2024-12-03T21:27:55.324+0700] {logging_mixin.py:190} INFO - [2024-12-03T21:27:55.324+0700] {dag.py:4180} INFO - Setting next_dagrun for read_dataset_event_from_classic to 2024-12-02 00:00:00+00:00, run_after=2024-12-03 00:00:00+00:00
[2024-12-03T21:27:55.341+0700] {processor.py:208} INFO - Processing /home/tedubuamo/project/venv/lib/python3.12/site-packages/airflow/example_dags/example_inlet_event_extra.py took 0.072 seconds
[2024-12-03T21:28:50.029+0700] {processor.py:186} INFO - Started process (PID=4771) to work on /home/tedubuamo/project/venv/lib/python3.12/site-packages/airflow/example_dags/example_inlet_event_extra.py
[2024-12-03T21:28:50.033+0700] {processor.py:914} INFO - Processing file /home/tedubuamo/project/venv/lib/python3.12/site-packages/airflow/example_dags/example_inlet_event_extra.py for tasks to queue
[2024-12-03T21:28:50.035+0700] {logging_mixin.py:190} INFO - [2024-12-03T21:28:50.035+0700] {dagbag.py:588} INFO - Filling up the DagBag from /home/tedubuamo/project/venv/lib/python3.12/site-packages/airflow/example_dags/example_inlet_event_extra.py
[2024-12-03T21:28:50.046+0700] {processor.py:925} INFO - DAG(s) 'read_dataset_event_from_classic', 'read_dataset_event' retrieved from /home/tedubuamo/project/venv/lib/python3.12/site-packages/airflow/example_dags/example_inlet_event_extra.py
[2024-12-03T21:28:50.062+0700] {logging_mixin.py:190} INFO - [2024-12-03T21:28:50.062+0700] {dag.py:3239} INFO - Sync 2 DAGs
[2024-12-03T21:28:50.085+0700] {logging_mixin.py:190} INFO - [2024-12-03T21:28:50.084+0700] {dag.py:4180} INFO - Setting next_dagrun for read_dataset_event to 2024-12-02 00:00:00+00:00, run_after=2024-12-03 00:00:00+00:00
[2024-12-03T21:28:50.090+0700] {logging_mixin.py:190} INFO - [2024-12-03T21:28:50.089+0700] {dag.py:4180} INFO - Setting next_dagrun for read_dataset_event_from_classic to 2024-12-02 00:00:00+00:00, run_after=2024-12-03 00:00:00+00:00
[2024-12-03T21:28:50.110+0700] {processor.py:208} INFO - Processing /home/tedubuamo/project/venv/lib/python3.12/site-packages/airflow/example_dags/example_inlet_event_extra.py took 0.084 seconds
[2024-12-03T21:29:43.421+0700] {processor.py:186} INFO - Started process (PID=4833) to work on /home/tedubuamo/project/venv/lib/python3.12/site-packages/airflow/example_dags/example_inlet_event_extra.py
[2024-12-03T21:29:43.423+0700] {processor.py:914} INFO - Processing file /home/tedubuamo/project/venv/lib/python3.12/site-packages/airflow/example_dags/example_inlet_event_extra.py for tasks to queue
[2024-12-03T21:29:43.425+0700] {logging_mixin.py:190} INFO - [2024-12-03T21:29:43.424+0700] {dagbag.py:588} INFO - Filling up the DagBag from /home/tedubuamo/project/venv/lib/python3.12/site-packages/airflow/example_dags/example_inlet_event_extra.py
[2024-12-03T21:29:43.434+0700] {processor.py:925} INFO - DAG(s) 'read_dataset_event', 'read_dataset_event_from_classic' retrieved from /home/tedubuamo/project/venv/lib/python3.12/site-packages/airflow/example_dags/example_inlet_event_extra.py
[2024-12-03T21:29:43.446+0700] {logging_mixin.py:190} INFO - [2024-12-03T21:29:43.446+0700] {dag.py:3239} INFO - Sync 2 DAGs
[2024-12-03T21:29:43.463+0700] {logging_mixin.py:190} INFO - [2024-12-03T21:29:43.462+0700] {dag.py:4180} INFO - Setting next_dagrun for read_dataset_event to 2024-12-02 00:00:00+00:00, run_after=2024-12-03 00:00:00+00:00
[2024-12-03T21:29:43.466+0700] {logging_mixin.py:190} INFO - [2024-12-03T21:29:43.466+0700] {dag.py:4180} INFO - Setting next_dagrun for read_dataset_event_from_classic to 2024-12-02 00:00:00+00:00, run_after=2024-12-03 00:00:00+00:00
[2024-12-03T21:29:43.482+0700] {processor.py:208} INFO - Processing /home/tedubuamo/project/venv/lib/python3.12/site-packages/airflow/example_dags/example_inlet_event_extra.py took 0.065 seconds
[2024-12-03T21:30:38.243+0700] {processor.py:186} INFO - Started process (PID=4892) to work on /home/tedubuamo/project/venv/lib/python3.12/site-packages/airflow/example_dags/example_inlet_event_extra.py
[2024-12-03T21:30:38.256+0700] {processor.py:914} INFO - Processing file /home/tedubuamo/project/venv/lib/python3.12/site-packages/airflow/example_dags/example_inlet_event_extra.py for tasks to queue
[2024-12-03T21:30:38.259+0700] {logging_mixin.py:190} INFO - [2024-12-03T21:30:38.259+0700] {dagbag.py:588} INFO - Filling up the DagBag from /home/tedubuamo/project/venv/lib/python3.12/site-packages/airflow/example_dags/example_inlet_event_extra.py
[2024-12-03T21:30:38.276+0700] {processor.py:925} INFO - DAG(s) 'read_dataset_event', 'read_dataset_event_from_classic' retrieved from /home/tedubuamo/project/venv/lib/python3.12/site-packages/airflow/example_dags/example_inlet_event_extra.py
[2024-12-03T21:30:38.295+0700] {logging_mixin.py:190} INFO - [2024-12-03T21:30:38.295+0700] {dag.py:3239} INFO - Sync 2 DAGs
[2024-12-03T21:30:38.321+0700] {logging_mixin.py:190} INFO - [2024-12-03T21:30:38.320+0700] {dag.py:4180} INFO - Setting next_dagrun for read_dataset_event to 2024-12-02 00:00:00+00:00, run_after=2024-12-03 00:00:00+00:00
[2024-12-03T21:30:38.326+0700] {logging_mixin.py:190} INFO - [2024-12-03T21:30:38.326+0700] {dag.py:4180} INFO - Setting next_dagrun for read_dataset_event_from_classic to 2024-12-02 00:00:00+00:00, run_after=2024-12-03 00:00:00+00:00
[2024-12-03T21:30:38.361+0700] {processor.py:208} INFO - Processing /home/tedubuamo/project/venv/lib/python3.12/site-packages/airflow/example_dags/example_inlet_event_extra.py took 0.123 seconds
[2024-12-03T21:31:31.991+0700] {processor.py:186} INFO - Started process (PID=4966) to work on /home/tedubuamo/project/venv/lib/python3.12/site-packages/airflow/example_dags/example_inlet_event_extra.py
[2024-12-03T21:31:31.993+0700] {processor.py:914} INFO - Processing file /home/tedubuamo/project/venv/lib/python3.12/site-packages/airflow/example_dags/example_inlet_event_extra.py for tasks to queue
[2024-12-03T21:31:31.995+0700] {logging_mixin.py:190} INFO - [2024-12-03T21:31:31.995+0700] {dagbag.py:588} INFO - Filling up the DagBag from /home/tedubuamo/project/venv/lib/python3.12/site-packages/airflow/example_dags/example_inlet_event_extra.py
[2024-12-03T21:31:32.007+0700] {processor.py:925} INFO - DAG(s) 'read_dataset_event_from_classic', 'read_dataset_event' retrieved from /home/tedubuamo/project/venv/lib/python3.12/site-packages/airflow/example_dags/example_inlet_event_extra.py
[2024-12-03T21:31:32.020+0700] {logging_mixin.py:190} INFO - [2024-12-03T21:31:32.020+0700] {dag.py:3239} INFO - Sync 2 DAGs
[2024-12-03T21:31:32.036+0700] {logging_mixin.py:190} INFO - [2024-12-03T21:31:32.035+0700] {dag.py:4180} INFO - Setting next_dagrun for read_dataset_event to 2024-12-02 00:00:00+00:00, run_after=2024-12-03 00:00:00+00:00
[2024-12-03T21:31:32.039+0700] {logging_mixin.py:190} INFO - [2024-12-03T21:31:32.038+0700] {dag.py:4180} INFO - Setting next_dagrun for read_dataset_event_from_classic to 2024-12-02 00:00:00+00:00, run_after=2024-12-03 00:00:00+00:00
[2024-12-03T21:31:32.053+0700] {processor.py:208} INFO - Processing /home/tedubuamo/project/venv/lib/python3.12/site-packages/airflow/example_dags/example_inlet_event_extra.py took 0.067 seconds
