[2024-12-03T20:57:46.009+0700] {processor.py:186} INFO - Started process (PID=1640) to work on /home/tedubuamo/project/venv/lib/python3.12/site-packages/airflow/example_dags/tutorial_taskflow_api_virtualenv.py
[2024-12-03T20:57:46.010+0700] {processor.py:914} INFO - Processing file /home/tedubuamo/project/venv/lib/python3.12/site-packages/airflow/example_dags/tutorial_taskflow_api_virtualenv.py for tasks to queue
[2024-12-03T20:57:46.011+0700] {logging_mixin.py:190} INFO - [2024-12-03T20:57:46.011+0700] {dagbag.py:588} INFO - Filling up the DagBag from /home/tedubuamo/project/venv/lib/python3.12/site-packages/airflow/example_dags/tutorial_taskflow_api_virtualenv.py
[2024-12-03T20:57:46.073+0700] {logging_mixin.py:190} INFO - [2024-12-03T20:57:46.073+0700] {tutorial_taskflow_api_virtualenv.py:29} WARNING - The tutorial_taskflow_api_virtualenv example DAG requires virtualenv, please install it.
[2024-12-03T20:57:46.073+0700] {processor.py:927} WARNING - No viable dags retrieved from /home/tedubuamo/project/venv/lib/python3.12/site-packages/airflow/example_dags/tutorial_taskflow_api_virtualenv.py
[2024-12-03T20:57:46.079+0700] {processor.py:208} INFO - Processing /home/tedubuamo/project/venv/lib/python3.12/site-packages/airflow/example_dags/tutorial_taskflow_api_virtualenv.py took 0.074 seconds
[2024-12-03T20:58:43.955+0700] {processor.py:186} INFO - Started process (PID=1697) to work on /home/tedubuamo/project/venv/lib/python3.12/site-packages/airflow/example_dags/tutorial_taskflow_api_virtualenv.py
[2024-12-03T20:58:43.959+0700] {processor.py:914} INFO - Processing file /home/tedubuamo/project/venv/lib/python3.12/site-packages/airflow/example_dags/tutorial_taskflow_api_virtualenv.py for tasks to queue
[2024-12-03T20:58:43.960+0700] {logging_mixin.py:190} INFO - [2024-12-03T20:58:43.960+0700] {dagbag.py:588} INFO - Filling up the DagBag from /home/tedubuamo/project/venv/lib/python3.12/site-packages/airflow/example_dags/tutorial_taskflow_api_virtualenv.py
[2024-12-03T20:58:44.021+0700] {logging_mixin.py:190} INFO - [2024-12-03T20:58:44.021+0700] {tutorial_taskflow_api_virtualenv.py:29} WARNING - The tutorial_taskflow_api_virtualenv example DAG requires virtualenv, please install it.
[2024-12-03T20:58:44.021+0700] {processor.py:927} WARNING - No viable dags retrieved from /home/tedubuamo/project/venv/lib/python3.12/site-packages/airflow/example_dags/tutorial_taskflow_api_virtualenv.py
[2024-12-03T20:58:44.030+0700] {processor.py:208} INFO - Processing /home/tedubuamo/project/venv/lib/python3.12/site-packages/airflow/example_dags/tutorial_taskflow_api_virtualenv.py took 0.078 seconds
[2024-12-03T20:59:38.223+0700] {processor.py:186} INFO - Started process (PID=1754) to work on /home/tedubuamo/project/venv/lib/python3.12/site-packages/airflow/example_dags/tutorial_taskflow_api_virtualenv.py
[2024-12-03T20:59:38.226+0700] {processor.py:914} INFO - Processing file /home/tedubuamo/project/venv/lib/python3.12/site-packages/airflow/example_dags/tutorial_taskflow_api_virtualenv.py for tasks to queue
[2024-12-03T20:59:38.228+0700] {logging_mixin.py:190} INFO - [2024-12-03T20:59:38.227+0700] {dagbag.py:588} INFO - Filling up the DagBag from /home/tedubuamo/project/venv/lib/python3.12/site-packages/airflow/example_dags/tutorial_taskflow_api_virtualenv.py
[2024-12-03T20:59:38.278+0700] {logging_mixin.py:190} INFO - [2024-12-03T20:59:38.277+0700] {tutorial_taskflow_api_virtualenv.py:29} WARNING - The tutorial_taskflow_api_virtualenv example DAG requires virtualenv, please install it.
[2024-12-03T20:59:38.278+0700] {processor.py:927} WARNING - No viable dags retrieved from /home/tedubuamo/project/venv/lib/python3.12/site-packages/airflow/example_dags/tutorial_taskflow_api_virtualenv.py
[2024-12-03T20:59:38.285+0700] {processor.py:208} INFO - Processing /home/tedubuamo/project/venv/lib/python3.12/site-packages/airflow/example_dags/tutorial_taskflow_api_virtualenv.py took 0.066 seconds
[2024-12-03T21:00:32.314+0700] {processor.py:186} INFO - Started process (PID=1809) to work on /home/tedubuamo/project/venv/lib/python3.12/site-packages/airflow/example_dags/tutorial_taskflow_api_virtualenv.py
[2024-12-03T21:00:32.316+0700] {processor.py:914} INFO - Processing file /home/tedubuamo/project/venv/lib/python3.12/site-packages/airflow/example_dags/tutorial_taskflow_api_virtualenv.py for tasks to queue
[2024-12-03T21:00:32.317+0700] {logging_mixin.py:190} INFO - [2024-12-03T21:00:32.317+0700] {dagbag.py:588} INFO - Filling up the DagBag from /home/tedubuamo/project/venv/lib/python3.12/site-packages/airflow/example_dags/tutorial_taskflow_api_virtualenv.py
[2024-12-03T21:00:32.377+0700] {logging_mixin.py:190} INFO - [2024-12-03T21:00:32.377+0700] {tutorial_taskflow_api_virtualenv.py:29} WARNING - The tutorial_taskflow_api_virtualenv example DAG requires virtualenv, please install it.
[2024-12-03T21:00:32.377+0700] {processor.py:927} WARNING - No viable dags retrieved from /home/tedubuamo/project/venv/lib/python3.12/site-packages/airflow/example_dags/tutorial_taskflow_api_virtualenv.py
[2024-12-03T21:00:32.385+0700] {processor.py:208} INFO - Processing /home/tedubuamo/project/venv/lib/python3.12/site-packages/airflow/example_dags/tutorial_taskflow_api_virtualenv.py took 0.075 seconds
[2024-12-03T21:05:13.352+0700] {processor.py:186} INFO - Started process (PID=2019) to work on /home/tedubuamo/project/venv/lib/python3.12/site-packages/airflow/example_dags/tutorial_taskflow_api_virtualenv.py
[2024-12-03T21:05:13.355+0700] {processor.py:914} INFO - Processing file /home/tedubuamo/project/venv/lib/python3.12/site-packages/airflow/example_dags/tutorial_taskflow_api_virtualenv.py for tasks to queue
[2024-12-03T21:05:13.357+0700] {logging_mixin.py:190} INFO - [2024-12-03T21:05:13.356+0700] {dagbag.py:588} INFO - Filling up the DagBag from /home/tedubuamo/project/venv/lib/python3.12/site-packages/airflow/example_dags/tutorial_taskflow_api_virtualenv.py
[2024-12-03T21:05:13.414+0700] {logging_mixin.py:190} INFO - [2024-12-03T21:05:13.413+0700] {tutorial_taskflow_api_virtualenv.py:29} WARNING - The tutorial_taskflow_api_virtualenv example DAG requires virtualenv, please install it.
[2024-12-03T21:05:13.414+0700] {processor.py:927} WARNING - No viable dags retrieved from /home/tedubuamo/project/venv/lib/python3.12/site-packages/airflow/example_dags/tutorial_taskflow_api_virtualenv.py
[2024-12-03T21:05:13.421+0700] {processor.py:208} INFO - Processing /home/tedubuamo/project/venv/lib/python3.12/site-packages/airflow/example_dags/tutorial_taskflow_api_virtualenv.py took 0.073 seconds
[2024-12-03T21:06:07.674+0700] {processor.py:186} INFO - Started process (PID=2165) to work on /home/tedubuamo/project/venv/lib/python3.12/site-packages/airflow/example_dags/tutorial_taskflow_api_virtualenv.py
[2024-12-03T21:06:07.675+0700] {processor.py:914} INFO - Processing file /home/tedubuamo/project/venv/lib/python3.12/site-packages/airflow/example_dags/tutorial_taskflow_api_virtualenv.py for tasks to queue
[2024-12-03T21:06:07.676+0700] {logging_mixin.py:190} INFO - [2024-12-03T21:06:07.676+0700] {dagbag.py:588} INFO - Filling up the DagBag from /home/tedubuamo/project/venv/lib/python3.12/site-packages/airflow/example_dags/tutorial_taskflow_api_virtualenv.py
[2024-12-03T21:06:07.725+0700] {logging_mixin.py:190} INFO - [2024-12-03T21:06:07.725+0700] {tutorial_taskflow_api_virtualenv.py:29} WARNING - The tutorial_taskflow_api_virtualenv example DAG requires virtualenv, please install it.
[2024-12-03T21:06:07.726+0700] {processor.py:927} WARNING - No viable dags retrieved from /home/tedubuamo/project/venv/lib/python3.12/site-packages/airflow/example_dags/tutorial_taskflow_api_virtualenv.py
[2024-12-03T21:06:07.732+0700] {processor.py:208} INFO - Processing /home/tedubuamo/project/venv/lib/python3.12/site-packages/airflow/example_dags/tutorial_taskflow_api_virtualenv.py took 0.062 seconds
[2024-12-03T21:06:09.730+0700] {processor.py:186} INFO - Started process (PID=2170) to work on /home/tedubuamo/project/venv/lib/python3.12/site-packages/airflow/example_dags/tutorial_taskflow_api_virtualenv.py
[2024-12-03T21:06:09.731+0700] {processor.py:914} INFO - Processing file /home/tedubuamo/project/venv/lib/python3.12/site-packages/airflow/example_dags/tutorial_taskflow_api_virtualenv.py for tasks to queue
[2024-12-03T21:06:09.733+0700] {logging_mixin.py:190} INFO - [2024-12-03T21:06:09.733+0700] {dagbag.py:588} INFO - Filling up the DagBag from /home/tedubuamo/project/venv/lib/python3.12/site-packages/airflow/example_dags/tutorial_taskflow_api_virtualenv.py
[2024-12-03T21:06:09.788+0700] {logging_mixin.py:190} INFO - [2024-12-03T21:06:09.788+0700] {tutorial_taskflow_api_virtualenv.py:29} WARNING - The tutorial_taskflow_api_virtualenv example DAG requires virtualenv, please install it.
[2024-12-03T21:06:09.789+0700] {processor.py:927} WARNING - No viable dags retrieved from /home/tedubuamo/project/venv/lib/python3.12/site-packages/airflow/example_dags/tutorial_taskflow_api_virtualenv.py
[2024-12-03T21:06:09.798+0700] {processor.py:208} INFO - Processing /home/tedubuamo/project/venv/lib/python3.12/site-packages/airflow/example_dags/tutorial_taskflow_api_virtualenv.py took 0.072 seconds
[2024-12-03T21:07:04.156+0700] {processor.py:186} INFO - Started process (PID=2359) to work on /home/tedubuamo/project/venv/lib/python3.12/site-packages/airflow/example_dags/tutorial_taskflow_api_virtualenv.py
[2024-12-03T21:07:04.158+0700] {processor.py:914} INFO - Processing file /home/tedubuamo/project/venv/lib/python3.12/site-packages/airflow/example_dags/tutorial_taskflow_api_virtualenv.py for tasks to queue
[2024-12-03T21:07:04.159+0700] {logging_mixin.py:190} INFO - [2024-12-03T21:07:04.159+0700] {dagbag.py:588} INFO - Filling up the DagBag from /home/tedubuamo/project/venv/lib/python3.12/site-packages/airflow/example_dags/tutorial_taskflow_api_virtualenv.py
[2024-12-03T21:07:04.201+0700] {logging_mixin.py:190} INFO - [2024-12-03T21:07:04.200+0700] {tutorial_taskflow_api_virtualenv.py:29} WARNING - The tutorial_taskflow_api_virtualenv example DAG requires virtualenv, please install it.
[2024-12-03T21:07:04.201+0700] {processor.py:927} WARNING - No viable dags retrieved from /home/tedubuamo/project/venv/lib/python3.12/site-packages/airflow/example_dags/tutorial_taskflow_api_virtualenv.py
[2024-12-03T21:07:04.211+0700] {processor.py:208} INFO - Processing /home/tedubuamo/project/venv/lib/python3.12/site-packages/airflow/example_dags/tutorial_taskflow_api_virtualenv.py took 0.059 seconds
[2024-12-03T21:07:04.503+0700] {processor.py:186} INFO - Started process (PID=2360) to work on /home/tedubuamo/project/venv/lib/python3.12/site-packages/airflow/example_dags/tutorial_taskflow_api_virtualenv.py
[2024-12-03T21:07:04.504+0700] {processor.py:914} INFO - Processing file /home/tedubuamo/project/venv/lib/python3.12/site-packages/airflow/example_dags/tutorial_taskflow_api_virtualenv.py for tasks to queue
[2024-12-03T21:07:04.506+0700] {logging_mixin.py:190} INFO - [2024-12-03T21:07:04.505+0700] {dagbag.py:588} INFO - Filling up the DagBag from /home/tedubuamo/project/venv/lib/python3.12/site-packages/airflow/example_dags/tutorial_taskflow_api_virtualenv.py
[2024-12-03T21:07:04.565+0700] {logging_mixin.py:190} INFO - [2024-12-03T21:07:04.565+0700] {tutorial_taskflow_api_virtualenv.py:29} WARNING - The tutorial_taskflow_api_virtualenv example DAG requires virtualenv, please install it.
[2024-12-03T21:07:04.565+0700] {processor.py:927} WARNING - No viable dags retrieved from /home/tedubuamo/project/venv/lib/python3.12/site-packages/airflow/example_dags/tutorial_taskflow_api_virtualenv.py
[2024-12-03T21:07:04.572+0700] {processor.py:208} INFO - Processing /home/tedubuamo/project/venv/lib/python3.12/site-packages/airflow/example_dags/tutorial_taskflow_api_virtualenv.py took 0.075 seconds
[2024-12-03T21:07:56.237+0700] {processor.py:186} INFO - Started process (PID=2486) to work on /home/tedubuamo/project/venv/lib/python3.12/site-packages/airflow/example_dags/tutorial_taskflow_api_virtualenv.py
[2024-12-03T21:07:56.241+0700] {processor.py:914} INFO - Processing file /home/tedubuamo/project/venv/lib/python3.12/site-packages/airflow/example_dags/tutorial_taskflow_api_virtualenv.py for tasks to queue
[2024-12-03T21:07:56.243+0700] {logging_mixin.py:190} INFO - [2024-12-03T21:07:56.242+0700] {dagbag.py:588} INFO - Filling up the DagBag from /home/tedubuamo/project/venv/lib/python3.12/site-packages/airflow/example_dags/tutorial_taskflow_api_virtualenv.py
[2024-12-03T21:07:56.323+0700] {logging_mixin.py:190} INFO - [2024-12-03T21:07:56.323+0700] {tutorial_taskflow_api_virtualenv.py:29} WARNING - The tutorial_taskflow_api_virtualenv example DAG requires virtualenv, please install it.
[2024-12-03T21:07:56.324+0700] {processor.py:927} WARNING - No viable dags retrieved from /home/tedubuamo/project/venv/lib/python3.12/site-packages/airflow/example_dags/tutorial_taskflow_api_virtualenv.py
[2024-12-03T21:07:56.340+0700] {processor.py:208} INFO - Processing /home/tedubuamo/project/venv/lib/python3.12/site-packages/airflow/example_dags/tutorial_taskflow_api_virtualenv.py took 0.108 seconds
[2024-12-03T21:07:59.034+0700] {processor.py:186} INFO - Started process (PID=2491) to work on /home/tedubuamo/project/venv/lib/python3.12/site-packages/airflow/example_dags/tutorial_taskflow_api_virtualenv.py
[2024-12-03T21:07:59.035+0700] {processor.py:914} INFO - Processing file /home/tedubuamo/project/venv/lib/python3.12/site-packages/airflow/example_dags/tutorial_taskflow_api_virtualenv.py for tasks to queue
[2024-12-03T21:07:59.036+0700] {logging_mixin.py:190} INFO - [2024-12-03T21:07:59.036+0700] {dagbag.py:588} INFO - Filling up the DagBag from /home/tedubuamo/project/venv/lib/python3.12/site-packages/airflow/example_dags/tutorial_taskflow_api_virtualenv.py
[2024-12-03T21:07:59.102+0700] {logging_mixin.py:190} INFO - [2024-12-03T21:07:59.102+0700] {tutorial_taskflow_api_virtualenv.py:29} WARNING - The tutorial_taskflow_api_virtualenv example DAG requires virtualenv, please install it.
[2024-12-03T21:07:59.102+0700] {processor.py:927} WARNING - No viable dags retrieved from /home/tedubuamo/project/venv/lib/python3.12/site-packages/airflow/example_dags/tutorial_taskflow_api_virtualenv.py
[2024-12-03T21:07:59.113+0700] {processor.py:208} INFO - Processing /home/tedubuamo/project/venv/lib/python3.12/site-packages/airflow/example_dags/tutorial_taskflow_api_virtualenv.py took 0.082 seconds
[2024-12-03T21:08:49.746+0700] {processor.py:186} INFO - Started process (PID=2593) to work on /home/tedubuamo/project/venv/lib/python3.12/site-packages/airflow/example_dags/tutorial_taskflow_api_virtualenv.py
[2024-12-03T21:08:49.750+0700] {processor.py:914} INFO - Processing file /home/tedubuamo/project/venv/lib/python3.12/site-packages/airflow/example_dags/tutorial_taskflow_api_virtualenv.py for tasks to queue
[2024-12-03T21:08:49.752+0700] {logging_mixin.py:190} INFO - [2024-12-03T21:08:49.752+0700] {dagbag.py:588} INFO - Filling up the DagBag from /home/tedubuamo/project/venv/lib/python3.12/site-packages/airflow/example_dags/tutorial_taskflow_api_virtualenv.py
[2024-12-03T21:08:49.815+0700] {logging_mixin.py:190} INFO - [2024-12-03T21:08:49.815+0700] {tutorial_taskflow_api_virtualenv.py:29} WARNING - The tutorial_taskflow_api_virtualenv example DAG requires virtualenv, please install it.
[2024-12-03T21:08:49.815+0700] {processor.py:927} WARNING - No viable dags retrieved from /home/tedubuamo/project/venv/lib/python3.12/site-packages/airflow/example_dags/tutorial_taskflow_api_virtualenv.py
[2024-12-03T21:08:49.823+0700] {processor.py:208} INFO - Processing /home/tedubuamo/project/venv/lib/python3.12/site-packages/airflow/example_dags/tutorial_taskflow_api_virtualenv.py took 0.081 seconds
[2024-12-03T21:08:50.585+0700] {processor.py:186} INFO - Started process (PID=2595) to work on /home/tedubuamo/project/venv/lib/python3.12/site-packages/airflow/example_dags/tutorial_taskflow_api_virtualenv.py
[2024-12-03T21:08:50.586+0700] {processor.py:914} INFO - Processing file /home/tedubuamo/project/venv/lib/python3.12/site-packages/airflow/example_dags/tutorial_taskflow_api_virtualenv.py for tasks to queue
[2024-12-03T21:08:50.587+0700] {logging_mixin.py:190} INFO - [2024-12-03T21:08:50.587+0700] {dagbag.py:588} INFO - Filling up the DagBag from /home/tedubuamo/project/venv/lib/python3.12/site-packages/airflow/example_dags/tutorial_taskflow_api_virtualenv.py
[2024-12-03T21:08:50.657+0700] {logging_mixin.py:190} INFO - [2024-12-03T21:08:50.657+0700] {tutorial_taskflow_api_virtualenv.py:29} WARNING - The tutorial_taskflow_api_virtualenv example DAG requires virtualenv, please install it.
[2024-12-03T21:08:50.658+0700] {processor.py:927} WARNING - No viable dags retrieved from /home/tedubuamo/project/venv/lib/python3.12/site-packages/airflow/example_dags/tutorial_taskflow_api_virtualenv.py
[2024-12-03T21:08:50.665+0700] {processor.py:208} INFO - Processing /home/tedubuamo/project/venv/lib/python3.12/site-packages/airflow/example_dags/tutorial_taskflow_api_virtualenv.py took 0.084 seconds
[2024-12-03T21:09:40.865+0700] {processor.py:186} INFO - Started process (PID=2699) to work on /home/tedubuamo/project/venv/lib/python3.12/site-packages/airflow/example_dags/tutorial_taskflow_api_virtualenv.py
[2024-12-03T21:09:40.869+0700] {processor.py:914} INFO - Processing file /home/tedubuamo/project/venv/lib/python3.12/site-packages/airflow/example_dags/tutorial_taskflow_api_virtualenv.py for tasks to queue
[2024-12-03T21:09:40.872+0700] {logging_mixin.py:190} INFO - [2024-12-03T21:09:40.871+0700] {dagbag.py:588} INFO - Filling up the DagBag from /home/tedubuamo/project/venv/lib/python3.12/site-packages/airflow/example_dags/tutorial_taskflow_api_virtualenv.py
[2024-12-03T21:09:40.940+0700] {logging_mixin.py:190} INFO - [2024-12-03T21:09:40.940+0700] {tutorial_taskflow_api_virtualenv.py:29} WARNING - The tutorial_taskflow_api_virtualenv example DAG requires virtualenv, please install it.
[2024-12-03T21:09:40.941+0700] {processor.py:927} WARNING - No viable dags retrieved from /home/tedubuamo/project/venv/lib/python3.12/site-packages/airflow/example_dags/tutorial_taskflow_api_virtualenv.py
[2024-12-03T21:09:40.949+0700] {processor.py:208} INFO - Processing /home/tedubuamo/project/venv/lib/python3.12/site-packages/airflow/example_dags/tutorial_taskflow_api_virtualenv.py took 0.088 seconds
[2024-12-03T21:09:42.559+0700] {processor.py:186} INFO - Started process (PID=2704) to work on /home/tedubuamo/project/venv/lib/python3.12/site-packages/airflow/example_dags/tutorial_taskflow_api_virtualenv.py
[2024-12-03T21:09:42.561+0700] {processor.py:914} INFO - Processing file /home/tedubuamo/project/venv/lib/python3.12/site-packages/airflow/example_dags/tutorial_taskflow_api_virtualenv.py for tasks to queue
[2024-12-03T21:09:42.563+0700] {logging_mixin.py:190} INFO - [2024-12-03T21:09:42.563+0700] {dagbag.py:588} INFO - Filling up the DagBag from /home/tedubuamo/project/venv/lib/python3.12/site-packages/airflow/example_dags/tutorial_taskflow_api_virtualenv.py
[2024-12-03T21:09:42.631+0700] {logging_mixin.py:190} INFO - [2024-12-03T21:09:42.630+0700] {tutorial_taskflow_api_virtualenv.py:29} WARNING - The tutorial_taskflow_api_virtualenv example DAG requires virtualenv, please install it.
[2024-12-03T21:09:42.631+0700] {processor.py:927} WARNING - No viable dags retrieved from /home/tedubuamo/project/venv/lib/python3.12/site-packages/airflow/example_dags/tutorial_taskflow_api_virtualenv.py
[2024-12-03T21:09:42.638+0700] {processor.py:208} INFO - Processing /home/tedubuamo/project/venv/lib/python3.12/site-packages/airflow/example_dags/tutorial_taskflow_api_virtualenv.py took 0.084 seconds
[2024-12-03T21:10:32.997+0700] {processor.py:186} INFO - Started process (PID=2808) to work on /home/tedubuamo/project/venv/lib/python3.12/site-packages/airflow/example_dags/tutorial_taskflow_api_virtualenv.py
[2024-12-03T21:10:32.998+0700] {processor.py:914} INFO - Processing file /home/tedubuamo/project/venv/lib/python3.12/site-packages/airflow/example_dags/tutorial_taskflow_api_virtualenv.py for tasks to queue
[2024-12-03T21:10:33.001+0700] {logging_mixin.py:190} INFO - [2024-12-03T21:10:33.000+0700] {dagbag.py:588} INFO - Filling up the DagBag from /home/tedubuamo/project/venv/lib/python3.12/site-packages/airflow/example_dags/tutorial_taskflow_api_virtualenv.py
[2024-12-03T21:10:33.068+0700] {logging_mixin.py:190} INFO - [2024-12-03T21:10:33.068+0700] {tutorial_taskflow_api_virtualenv.py:29} WARNING - The tutorial_taskflow_api_virtualenv example DAG requires virtualenv, please install it.
[2024-12-03T21:10:33.069+0700] {processor.py:927} WARNING - No viable dags retrieved from /home/tedubuamo/project/venv/lib/python3.12/site-packages/airflow/example_dags/tutorial_taskflow_api_virtualenv.py
[2024-12-03T21:10:33.076+0700] {processor.py:208} INFO - Processing /home/tedubuamo/project/venv/lib/python3.12/site-packages/airflow/example_dags/tutorial_taskflow_api_virtualenv.py took 0.085 seconds
[2024-12-03T21:10:34.098+0700] {processor.py:186} INFO - Started process (PID=2810) to work on /home/tedubuamo/project/venv/lib/python3.12/site-packages/airflow/example_dags/tutorial_taskflow_api_virtualenv.py
[2024-12-03T21:10:34.099+0700] {processor.py:914} INFO - Processing file /home/tedubuamo/project/venv/lib/python3.12/site-packages/airflow/example_dags/tutorial_taskflow_api_virtualenv.py for tasks to queue
[2024-12-03T21:10:34.100+0700] {logging_mixin.py:190} INFO - [2024-12-03T21:10:34.100+0700] {dagbag.py:588} INFO - Filling up the DagBag from /home/tedubuamo/project/venv/lib/python3.12/site-packages/airflow/example_dags/tutorial_taskflow_api_virtualenv.py
[2024-12-03T21:10:34.167+0700] {logging_mixin.py:190} INFO - [2024-12-03T21:10:34.167+0700] {tutorial_taskflow_api_virtualenv.py:29} WARNING - The tutorial_taskflow_api_virtualenv example DAG requires virtualenv, please install it.
[2024-12-03T21:10:34.167+0700] {processor.py:927} WARNING - No viable dags retrieved from /home/tedubuamo/project/venv/lib/python3.12/site-packages/airflow/example_dags/tutorial_taskflow_api_virtualenv.py
[2024-12-03T21:10:34.175+0700] {processor.py:208} INFO - Processing /home/tedubuamo/project/venv/lib/python3.12/site-packages/airflow/example_dags/tutorial_taskflow_api_virtualenv.py took 0.082 seconds
[2024-12-03T21:11:25.686+0700] {processor.py:186} INFO - Started process (PID=2915) to work on /home/tedubuamo/project/venv/lib/python3.12/site-packages/airflow/example_dags/tutorial_taskflow_api_virtualenv.py
[2024-12-03T21:11:25.687+0700] {processor.py:914} INFO - Processing file /home/tedubuamo/project/venv/lib/python3.12/site-packages/airflow/example_dags/tutorial_taskflow_api_virtualenv.py for tasks to queue
[2024-12-03T21:11:25.689+0700] {logging_mixin.py:190} INFO - [2024-12-03T21:11:25.689+0700] {dagbag.py:588} INFO - Filling up the DagBag from /home/tedubuamo/project/venv/lib/python3.12/site-packages/airflow/example_dags/tutorial_taskflow_api_virtualenv.py
[2024-12-03T21:11:25.766+0700] {logging_mixin.py:190} INFO - [2024-12-03T21:11:25.766+0700] {tutorial_taskflow_api_virtualenv.py:29} WARNING - The tutorial_taskflow_api_virtualenv example DAG requires virtualenv, please install it.
[2024-12-03T21:11:25.766+0700] {processor.py:927} WARNING - No viable dags retrieved from /home/tedubuamo/project/venv/lib/python3.12/site-packages/airflow/example_dags/tutorial_taskflow_api_virtualenv.py
[2024-12-03T21:11:25.776+0700] {processor.py:208} INFO - Processing /home/tedubuamo/project/venv/lib/python3.12/site-packages/airflow/example_dags/tutorial_taskflow_api_virtualenv.py took 0.094 seconds
[2024-12-03T21:11:27.655+0700] {processor.py:186} INFO - Started process (PID=2918) to work on /home/tedubuamo/project/venv/lib/python3.12/site-packages/airflow/example_dags/tutorial_taskflow_api_virtualenv.py
[2024-12-03T21:11:27.656+0700] {processor.py:914} INFO - Processing file /home/tedubuamo/project/venv/lib/python3.12/site-packages/airflow/example_dags/tutorial_taskflow_api_virtualenv.py for tasks to queue
[2024-12-03T21:11:27.658+0700] {logging_mixin.py:190} INFO - [2024-12-03T21:11:27.657+0700] {dagbag.py:588} INFO - Filling up the DagBag from /home/tedubuamo/project/venv/lib/python3.12/site-packages/airflow/example_dags/tutorial_taskflow_api_virtualenv.py
[2024-12-03T21:11:27.744+0700] {logging_mixin.py:190} INFO - [2024-12-03T21:11:27.744+0700] {tutorial_taskflow_api_virtualenv.py:29} WARNING - The tutorial_taskflow_api_virtualenv example DAG requires virtualenv, please install it.
[2024-12-03T21:11:27.744+0700] {processor.py:927} WARNING - No viable dags retrieved from /home/tedubuamo/project/venv/lib/python3.12/site-packages/airflow/example_dags/tutorial_taskflow_api_virtualenv.py
[2024-12-03T21:11:27.756+0700] {processor.py:208} INFO - Processing /home/tedubuamo/project/venv/lib/python3.12/site-packages/airflow/example_dags/tutorial_taskflow_api_virtualenv.py took 0.106 seconds
[2024-12-03T21:12:17.817+0700] {processor.py:186} INFO - Started process (PID=3045) to work on /home/tedubuamo/project/venv/lib/python3.12/site-packages/airflow/example_dags/tutorial_taskflow_api_virtualenv.py
[2024-12-03T21:12:17.819+0700] {processor.py:914} INFO - Processing file /home/tedubuamo/project/venv/lib/python3.12/site-packages/airflow/example_dags/tutorial_taskflow_api_virtualenv.py for tasks to queue
[2024-12-03T21:12:17.821+0700] {logging_mixin.py:190} INFO - [2024-12-03T21:12:17.821+0700] {dagbag.py:588} INFO - Filling up the DagBag from /home/tedubuamo/project/venv/lib/python3.12/site-packages/airflow/example_dags/tutorial_taskflow_api_virtualenv.py
[2024-12-03T21:12:17.915+0700] {logging_mixin.py:190} INFO - [2024-12-03T21:12:17.914+0700] {tutorial_taskflow_api_virtualenv.py:29} WARNING - The tutorial_taskflow_api_virtualenv example DAG requires virtualenv, please install it.
[2024-12-03T21:12:17.915+0700] {processor.py:927} WARNING - No viable dags retrieved from /home/tedubuamo/project/venv/lib/python3.12/site-packages/airflow/example_dags/tutorial_taskflow_api_virtualenv.py
[2024-12-03T21:12:17.926+0700] {processor.py:208} INFO - Processing /home/tedubuamo/project/venv/lib/python3.12/site-packages/airflow/example_dags/tutorial_taskflow_api_virtualenv.py took 0.114 seconds
[2024-12-03T21:12:22.223+0700] {processor.py:186} INFO - Started process (PID=3057) to work on /home/tedubuamo/project/venv/lib/python3.12/site-packages/airflow/example_dags/tutorial_taskflow_api_virtualenv.py
[2024-12-03T21:12:22.224+0700] {processor.py:914} INFO - Processing file /home/tedubuamo/project/venv/lib/python3.12/site-packages/airflow/example_dags/tutorial_taskflow_api_virtualenv.py for tasks to queue
[2024-12-03T21:12:22.226+0700] {logging_mixin.py:190} INFO - [2024-12-03T21:12:22.225+0700] {dagbag.py:588} INFO - Filling up the DagBag from /home/tedubuamo/project/venv/lib/python3.12/site-packages/airflow/example_dags/tutorial_taskflow_api_virtualenv.py
[2024-12-03T21:12:22.291+0700] {logging_mixin.py:190} INFO - [2024-12-03T21:12:22.291+0700] {tutorial_taskflow_api_virtualenv.py:29} WARNING - The tutorial_taskflow_api_virtualenv example DAG requires virtualenv, please install it.
[2024-12-03T21:12:22.292+0700] {processor.py:927} WARNING - No viable dags retrieved from /home/tedubuamo/project/venv/lib/python3.12/site-packages/airflow/example_dags/tutorial_taskflow_api_virtualenv.py
[2024-12-03T21:12:22.300+0700] {processor.py:208} INFO - Processing /home/tedubuamo/project/venv/lib/python3.12/site-packages/airflow/example_dags/tutorial_taskflow_api_virtualenv.py took 0.080 seconds
[2024-12-03T21:13:07.215+0700] {processor.py:186} INFO - Started process (PID=3157) to work on /home/tedubuamo/project/venv/lib/python3.12/site-packages/airflow/example_dags/tutorial_taskflow_api_virtualenv.py
[2024-12-03T21:13:07.216+0700] {processor.py:914} INFO - Processing file /home/tedubuamo/project/venv/lib/python3.12/site-packages/airflow/example_dags/tutorial_taskflow_api_virtualenv.py for tasks to queue
[2024-12-03T21:13:07.217+0700] {logging_mixin.py:190} INFO - [2024-12-03T21:13:07.217+0700] {dagbag.py:588} INFO - Filling up the DagBag from /home/tedubuamo/project/venv/lib/python3.12/site-packages/airflow/example_dags/tutorial_taskflow_api_virtualenv.py
[2024-12-03T21:13:07.278+0700] {logging_mixin.py:190} INFO - [2024-12-03T21:13:07.278+0700] {tutorial_taskflow_api_virtualenv.py:29} WARNING - The tutorial_taskflow_api_virtualenv example DAG requires virtualenv, please install it.
[2024-12-03T21:13:07.278+0700] {processor.py:927} WARNING - No viable dags retrieved from /home/tedubuamo/project/venv/lib/python3.12/site-packages/airflow/example_dags/tutorial_taskflow_api_virtualenv.py
[2024-12-03T21:13:07.287+0700] {processor.py:208} INFO - Processing /home/tedubuamo/project/venv/lib/python3.12/site-packages/airflow/example_dags/tutorial_taskflow_api_virtualenv.py took 0.075 seconds
[2024-12-03T21:13:15.411+0700] {processor.py:186} INFO - Started process (PID=3174) to work on /home/tedubuamo/project/venv/lib/python3.12/site-packages/airflow/example_dags/tutorial_taskflow_api_virtualenv.py
[2024-12-03T21:13:15.412+0700] {processor.py:914} INFO - Processing file /home/tedubuamo/project/venv/lib/python3.12/site-packages/airflow/example_dags/tutorial_taskflow_api_virtualenv.py for tasks to queue
[2024-12-03T21:13:15.414+0700] {logging_mixin.py:190} INFO - [2024-12-03T21:13:15.414+0700] {dagbag.py:588} INFO - Filling up the DagBag from /home/tedubuamo/project/venv/lib/python3.12/site-packages/airflow/example_dags/tutorial_taskflow_api_virtualenv.py
[2024-12-03T21:13:15.463+0700] {logging_mixin.py:190} INFO - [2024-12-03T21:13:15.463+0700] {tutorial_taskflow_api_virtualenv.py:29} WARNING - The tutorial_taskflow_api_virtualenv example DAG requires virtualenv, please install it.
[2024-12-03T21:13:15.463+0700] {processor.py:927} WARNING - No viable dags retrieved from /home/tedubuamo/project/venv/lib/python3.12/site-packages/airflow/example_dags/tutorial_taskflow_api_virtualenv.py
[2024-12-03T21:13:15.471+0700] {processor.py:208} INFO - Processing /home/tedubuamo/project/venv/lib/python3.12/site-packages/airflow/example_dags/tutorial_taskflow_api_virtualenv.py took 0.064 seconds
[2024-12-03T21:13:58.740+0700] {processor.py:186} INFO - Started process (PID=3266) to work on /home/tedubuamo/project/venv/lib/python3.12/site-packages/airflow/example_dags/tutorial_taskflow_api_virtualenv.py
[2024-12-03T21:13:58.750+0700] {processor.py:914} INFO - Processing file /home/tedubuamo/project/venv/lib/python3.12/site-packages/airflow/example_dags/tutorial_taskflow_api_virtualenv.py for tasks to queue
[2024-12-03T21:13:58.752+0700] {logging_mixin.py:190} INFO - [2024-12-03T21:13:58.751+0700] {dagbag.py:588} INFO - Filling up the DagBag from /home/tedubuamo/project/venv/lib/python3.12/site-packages/airflow/example_dags/tutorial_taskflow_api_virtualenv.py
[2024-12-03T21:13:58.824+0700] {logging_mixin.py:190} INFO - [2024-12-03T21:13:58.823+0700] {tutorial_taskflow_api_virtualenv.py:29} WARNING - The tutorial_taskflow_api_virtualenv example DAG requires virtualenv, please install it.
[2024-12-03T21:13:58.824+0700] {processor.py:927} WARNING - No viable dags retrieved from /home/tedubuamo/project/venv/lib/python3.12/site-packages/airflow/example_dags/tutorial_taskflow_api_virtualenv.py
[2024-12-03T21:13:58.831+0700] {processor.py:208} INFO - Processing /home/tedubuamo/project/venv/lib/python3.12/site-packages/airflow/example_dags/tutorial_taskflow_api_virtualenv.py took 0.095 seconds
[2024-12-03T21:14:07.381+0700] {processor.py:186} INFO - Started process (PID=3282) to work on /home/tedubuamo/project/venv/lib/python3.12/site-packages/airflow/example_dags/tutorial_taskflow_api_virtualenv.py
[2024-12-03T21:14:07.382+0700] {processor.py:914} INFO - Processing file /home/tedubuamo/project/venv/lib/python3.12/site-packages/airflow/example_dags/tutorial_taskflow_api_virtualenv.py for tasks to queue
[2024-12-03T21:14:07.384+0700] {logging_mixin.py:190} INFO - [2024-12-03T21:14:07.384+0700] {dagbag.py:588} INFO - Filling up the DagBag from /home/tedubuamo/project/venv/lib/python3.12/site-packages/airflow/example_dags/tutorial_taskflow_api_virtualenv.py
[2024-12-03T21:14:07.457+0700] {logging_mixin.py:190} INFO - [2024-12-03T21:14:07.456+0700] {tutorial_taskflow_api_virtualenv.py:29} WARNING - The tutorial_taskflow_api_virtualenv example DAG requires virtualenv, please install it.
[2024-12-03T21:14:07.457+0700] {processor.py:927} WARNING - No viable dags retrieved from /home/tedubuamo/project/venv/lib/python3.12/site-packages/airflow/example_dags/tutorial_taskflow_api_virtualenv.py
[2024-12-03T21:14:07.464+0700] {processor.py:208} INFO - Processing /home/tedubuamo/project/venv/lib/python3.12/site-packages/airflow/example_dags/tutorial_taskflow_api_virtualenv.py took 0.089 seconds
[2024-12-03T21:14:50.406+0700] {processor.py:186} INFO - Started process (PID=3373) to work on /home/tedubuamo/project/venv/lib/python3.12/site-packages/airflow/example_dags/tutorial_taskflow_api_virtualenv.py
[2024-12-03T21:14:50.408+0700] {processor.py:914} INFO - Processing file /home/tedubuamo/project/venv/lib/python3.12/site-packages/airflow/example_dags/tutorial_taskflow_api_virtualenv.py for tasks to queue
[2024-12-03T21:14:50.409+0700] {logging_mixin.py:190} INFO - [2024-12-03T21:14:50.409+0700] {dagbag.py:588} INFO - Filling up the DagBag from /home/tedubuamo/project/venv/lib/python3.12/site-packages/airflow/example_dags/tutorial_taskflow_api_virtualenv.py
[2024-12-03T21:14:50.469+0700] {logging_mixin.py:190} INFO - [2024-12-03T21:14:50.469+0700] {tutorial_taskflow_api_virtualenv.py:29} WARNING - The tutorial_taskflow_api_virtualenv example DAG requires virtualenv, please install it.
[2024-12-03T21:14:50.469+0700] {processor.py:927} WARNING - No viable dags retrieved from /home/tedubuamo/project/venv/lib/python3.12/site-packages/airflow/example_dags/tutorial_taskflow_api_virtualenv.py
[2024-12-03T21:14:50.478+0700] {processor.py:208} INFO - Processing /home/tedubuamo/project/venv/lib/python3.12/site-packages/airflow/example_dags/tutorial_taskflow_api_virtualenv.py took 0.075 seconds
[2024-12-03T21:14:57.029+0700] {processor.py:186} INFO - Started process (PID=3387) to work on /home/tedubuamo/project/venv/lib/python3.12/site-packages/airflow/example_dags/tutorial_taskflow_api_virtualenv.py
[2024-12-03T21:14:57.029+0700] {processor.py:914} INFO - Processing file /home/tedubuamo/project/venv/lib/python3.12/site-packages/airflow/example_dags/tutorial_taskflow_api_virtualenv.py for tasks to queue
[2024-12-03T21:14:57.031+0700] {logging_mixin.py:190} INFO - [2024-12-03T21:14:57.031+0700] {dagbag.py:588} INFO - Filling up the DagBag from /home/tedubuamo/project/venv/lib/python3.12/site-packages/airflow/example_dags/tutorial_taskflow_api_virtualenv.py
[2024-12-03T21:14:57.092+0700] {logging_mixin.py:190} INFO - [2024-12-03T21:14:57.091+0700] {tutorial_taskflow_api_virtualenv.py:29} WARNING - The tutorial_taskflow_api_virtualenv example DAG requires virtualenv, please install it.
[2024-12-03T21:14:57.092+0700] {processor.py:927} WARNING - No viable dags retrieved from /home/tedubuamo/project/venv/lib/python3.12/site-packages/airflow/example_dags/tutorial_taskflow_api_virtualenv.py
[2024-12-03T21:14:57.098+0700] {processor.py:208} INFO - Processing /home/tedubuamo/project/venv/lib/python3.12/site-packages/airflow/example_dags/tutorial_taskflow_api_virtualenv.py took 0.074 seconds
[2024-12-03T21:15:41.130+0700] {processor.py:186} INFO - Started process (PID=3476) to work on /home/tedubuamo/project/venv/lib/python3.12/site-packages/airflow/example_dags/tutorial_taskflow_api_virtualenv.py
[2024-12-03T21:15:41.131+0700] {processor.py:914} INFO - Processing file /home/tedubuamo/project/venv/lib/python3.12/site-packages/airflow/example_dags/tutorial_taskflow_api_virtualenv.py for tasks to queue
[2024-12-03T21:15:41.133+0700] {logging_mixin.py:190} INFO - [2024-12-03T21:15:41.133+0700] {dagbag.py:588} INFO - Filling up the DagBag from /home/tedubuamo/project/venv/lib/python3.12/site-packages/airflow/example_dags/tutorial_taskflow_api_virtualenv.py
[2024-12-03T21:15:41.197+0700] {logging_mixin.py:190} INFO - [2024-12-03T21:15:41.197+0700] {tutorial_taskflow_api_virtualenv.py:29} WARNING - The tutorial_taskflow_api_virtualenv example DAG requires virtualenv, please install it.
[2024-12-03T21:15:41.197+0700] {processor.py:927} WARNING - No viable dags retrieved from /home/tedubuamo/project/venv/lib/python3.12/site-packages/airflow/example_dags/tutorial_taskflow_api_virtualenv.py
[2024-12-03T21:15:41.205+0700] {processor.py:208} INFO - Processing /home/tedubuamo/project/venv/lib/python3.12/site-packages/airflow/example_dags/tutorial_taskflow_api_virtualenv.py took 0.079 seconds
[2024-12-03T21:15:46.612+0700] {processor.py:186} INFO - Started process (PID=3488) to work on /home/tedubuamo/project/venv/lib/python3.12/site-packages/airflow/example_dags/tutorial_taskflow_api_virtualenv.py
[2024-12-03T21:15:46.613+0700] {processor.py:914} INFO - Processing file /home/tedubuamo/project/venv/lib/python3.12/site-packages/airflow/example_dags/tutorial_taskflow_api_virtualenv.py for tasks to queue
[2024-12-03T21:15:46.614+0700] {logging_mixin.py:190} INFO - [2024-12-03T21:15:46.614+0700] {dagbag.py:588} INFO - Filling up the DagBag from /home/tedubuamo/project/venv/lib/python3.12/site-packages/airflow/example_dags/tutorial_taskflow_api_virtualenv.py
[2024-12-03T21:15:46.677+0700] {logging_mixin.py:190} INFO - [2024-12-03T21:15:46.676+0700] {tutorial_taskflow_api_virtualenv.py:29} WARNING - The tutorial_taskflow_api_virtualenv example DAG requires virtualenv, please install it.
[2024-12-03T21:15:46.677+0700] {processor.py:927} WARNING - No viable dags retrieved from /home/tedubuamo/project/venv/lib/python3.12/site-packages/airflow/example_dags/tutorial_taskflow_api_virtualenv.py
[2024-12-03T21:15:46.688+0700] {processor.py:208} INFO - Processing /home/tedubuamo/project/venv/lib/python3.12/site-packages/airflow/example_dags/tutorial_taskflow_api_virtualenv.py took 0.080 seconds
[2024-12-03T21:16:32.720+0700] {processor.py:186} INFO - Started process (PID=3590) to work on /home/tedubuamo/project/venv/lib/python3.12/site-packages/airflow/example_dags/tutorial_taskflow_api_virtualenv.py
[2024-12-03T21:16:32.724+0700] {processor.py:914} INFO - Processing file /home/tedubuamo/project/venv/lib/python3.12/site-packages/airflow/example_dags/tutorial_taskflow_api_virtualenv.py for tasks to queue
[2024-12-03T21:16:32.726+0700] {logging_mixin.py:190} INFO - [2024-12-03T21:16:32.725+0700] {dagbag.py:588} INFO - Filling up the DagBag from /home/tedubuamo/project/venv/lib/python3.12/site-packages/airflow/example_dags/tutorial_taskflow_api_virtualenv.py
[2024-12-03T21:16:32.787+0700] {logging_mixin.py:190} INFO - [2024-12-03T21:16:32.787+0700] {tutorial_taskflow_api_virtualenv.py:29} WARNING - The tutorial_taskflow_api_virtualenv example DAG requires virtualenv, please install it.
[2024-12-03T21:16:32.787+0700] {processor.py:927} WARNING - No viable dags retrieved from /home/tedubuamo/project/venv/lib/python3.12/site-packages/airflow/example_dags/tutorial_taskflow_api_virtualenv.py
[2024-12-03T21:16:32.796+0700] {processor.py:208} INFO - Processing /home/tedubuamo/project/venv/lib/python3.12/site-packages/airflow/example_dags/tutorial_taskflow_api_virtualenv.py took 0.080 seconds
[2024-12-03T21:16:38.351+0700] {processor.py:186} INFO - Started process (PID=3612) to work on /home/tedubuamo/project/venv/lib/python3.12/site-packages/airflow/example_dags/tutorial_taskflow_api_virtualenv.py
[2024-12-03T21:16:38.352+0700] {processor.py:914} INFO - Processing file /home/tedubuamo/project/venv/lib/python3.12/site-packages/airflow/example_dags/tutorial_taskflow_api_virtualenv.py for tasks to queue
[2024-12-03T21:16:38.353+0700] {logging_mixin.py:190} INFO - [2024-12-03T21:16:38.353+0700] {dagbag.py:588} INFO - Filling up the DagBag from /home/tedubuamo/project/venv/lib/python3.12/site-packages/airflow/example_dags/tutorial_taskflow_api_virtualenv.py
[2024-12-03T21:16:38.418+0700] {logging_mixin.py:190} INFO - [2024-12-03T21:16:38.418+0700] {tutorial_taskflow_api_virtualenv.py:29} WARNING - The tutorial_taskflow_api_virtualenv example DAG requires virtualenv, please install it.
[2024-12-03T21:16:38.418+0700] {processor.py:927} WARNING - No viable dags retrieved from /home/tedubuamo/project/venv/lib/python3.12/site-packages/airflow/example_dags/tutorial_taskflow_api_virtualenv.py
[2024-12-03T21:16:38.426+0700] {processor.py:208} INFO - Processing /home/tedubuamo/project/venv/lib/python3.12/site-packages/airflow/example_dags/tutorial_taskflow_api_virtualenv.py took 0.078 seconds
[2024-12-03T21:17:27.660+0700] {processor.py:186} INFO - Started process (PID=3741) to work on /home/tedubuamo/project/venv/lib/python3.12/site-packages/airflow/example_dags/tutorial_taskflow_api_virtualenv.py
[2024-12-03T21:17:27.661+0700] {processor.py:914} INFO - Processing file /home/tedubuamo/project/venv/lib/python3.12/site-packages/airflow/example_dags/tutorial_taskflow_api_virtualenv.py for tasks to queue
[2024-12-03T21:17:27.663+0700] {logging_mixin.py:190} INFO - [2024-12-03T21:17:27.663+0700] {dagbag.py:588} INFO - Filling up the DagBag from /home/tedubuamo/project/venv/lib/python3.12/site-packages/airflow/example_dags/tutorial_taskflow_api_virtualenv.py
[2024-12-03T21:17:27.726+0700] {logging_mixin.py:190} INFO - [2024-12-03T21:17:27.725+0700] {tutorial_taskflow_api_virtualenv.py:29} WARNING - The tutorial_taskflow_api_virtualenv example DAG requires virtualenv, please install it.
[2024-12-03T21:17:27.726+0700] {processor.py:927} WARNING - No viable dags retrieved from /home/tedubuamo/project/venv/lib/python3.12/site-packages/airflow/example_dags/tutorial_taskflow_api_virtualenv.py
[2024-12-03T21:17:27.736+0700] {processor.py:208} INFO - Processing /home/tedubuamo/project/venv/lib/python3.12/site-packages/airflow/example_dags/tutorial_taskflow_api_virtualenv.py took 0.081 seconds
[2024-12-03T21:17:28.440+0700] {processor.py:186} INFO - Started process (PID=3742) to work on /home/tedubuamo/project/venv/lib/python3.12/site-packages/airflow/example_dags/tutorial_taskflow_api_virtualenv.py
[2024-12-03T21:17:28.441+0700] {processor.py:914} INFO - Processing file /home/tedubuamo/project/venv/lib/python3.12/site-packages/airflow/example_dags/tutorial_taskflow_api_virtualenv.py for tasks to queue
[2024-12-03T21:17:28.442+0700] {logging_mixin.py:190} INFO - [2024-12-03T21:17:28.442+0700] {dagbag.py:588} INFO - Filling up the DagBag from /home/tedubuamo/project/venv/lib/python3.12/site-packages/airflow/example_dags/tutorial_taskflow_api_virtualenv.py
[2024-12-03T21:17:28.503+0700] {logging_mixin.py:190} INFO - [2024-12-03T21:17:28.503+0700] {tutorial_taskflow_api_virtualenv.py:29} WARNING - The tutorial_taskflow_api_virtualenv example DAG requires virtualenv, please install it.
[2024-12-03T21:17:28.504+0700] {processor.py:927} WARNING - No viable dags retrieved from /home/tedubuamo/project/venv/lib/python3.12/site-packages/airflow/example_dags/tutorial_taskflow_api_virtualenv.py
[2024-12-03T21:17:28.510+0700] {processor.py:208} INFO - Processing /home/tedubuamo/project/venv/lib/python3.12/site-packages/airflow/example_dags/tutorial_taskflow_api_virtualenv.py took 0.074 seconds
[2024-12-03T21:19:12.527+0700] {processor.py:186} INFO - Started process (PID=3952) to work on /home/tedubuamo/project/venv/lib/python3.12/site-packages/airflow/example_dags/tutorial_taskflow_api_virtualenv.py
[2024-12-03T21:19:12.529+0700] {processor.py:914} INFO - Processing file /home/tedubuamo/project/venv/lib/python3.12/site-packages/airflow/example_dags/tutorial_taskflow_api_virtualenv.py for tasks to queue
[2024-12-03T21:19:12.530+0700] {logging_mixin.py:190} INFO - [2024-12-03T21:19:12.530+0700] {dagbag.py:588} INFO - Filling up the DagBag from /home/tedubuamo/project/venv/lib/python3.12/site-packages/airflow/example_dags/tutorial_taskflow_api_virtualenv.py
[2024-12-03T21:19:12.596+0700] {logging_mixin.py:190} INFO - [2024-12-03T21:19:12.596+0700] {tutorial_taskflow_api_virtualenv.py:29} WARNING - The tutorial_taskflow_api_virtualenv example DAG requires virtualenv, please install it.
[2024-12-03T21:19:12.597+0700] {processor.py:927} WARNING - No viable dags retrieved from /home/tedubuamo/project/venv/lib/python3.12/site-packages/airflow/example_dags/tutorial_taskflow_api_virtualenv.py
[2024-12-03T21:19:12.604+0700] {processor.py:208} INFO - Processing /home/tedubuamo/project/venv/lib/python3.12/site-packages/airflow/example_dags/tutorial_taskflow_api_virtualenv.py took 0.081 seconds
[2024-12-03T21:20:10.381+0700] {processor.py:186} INFO - Started process (PID=4011) to work on /home/tedubuamo/project/venv/lib/python3.12/site-packages/airflow/example_dags/tutorial_taskflow_api_virtualenv.py
[2024-12-03T21:20:10.385+0700] {processor.py:914} INFO - Processing file /home/tedubuamo/project/venv/lib/python3.12/site-packages/airflow/example_dags/tutorial_taskflow_api_virtualenv.py for tasks to queue
[2024-12-03T21:20:10.386+0700] {logging_mixin.py:190} INFO - [2024-12-03T21:20:10.386+0700] {dagbag.py:588} INFO - Filling up the DagBag from /home/tedubuamo/project/venv/lib/python3.12/site-packages/airflow/example_dags/tutorial_taskflow_api_virtualenv.py
[2024-12-03T21:20:10.449+0700] {logging_mixin.py:190} INFO - [2024-12-03T21:20:10.449+0700] {tutorial_taskflow_api_virtualenv.py:29} WARNING - The tutorial_taskflow_api_virtualenv example DAG requires virtualenv, please install it.
[2024-12-03T21:20:10.449+0700] {processor.py:927} WARNING - No viable dags retrieved from /home/tedubuamo/project/venv/lib/python3.12/site-packages/airflow/example_dags/tutorial_taskflow_api_virtualenv.py
[2024-12-03T21:20:10.456+0700] {processor.py:208} INFO - Processing /home/tedubuamo/project/venv/lib/python3.12/site-packages/airflow/example_dags/tutorial_taskflow_api_virtualenv.py took 0.080 seconds
[2024-12-03T21:21:11.383+0700] {processor.py:186} INFO - Started process (PID=4114) to work on /home/tedubuamo/project/venv/lib/python3.12/site-packages/airflow/example_dags/tutorial_taskflow_api_virtualenv.py
[2024-12-03T21:21:11.384+0700] {processor.py:914} INFO - Processing file /home/tedubuamo/project/venv/lib/python3.12/site-packages/airflow/example_dags/tutorial_taskflow_api_virtualenv.py for tasks to queue
[2024-12-03T21:21:11.386+0700] {logging_mixin.py:190} INFO - [2024-12-03T21:21:11.385+0700] {dagbag.py:588} INFO - Filling up the DagBag from /home/tedubuamo/project/venv/lib/python3.12/site-packages/airflow/example_dags/tutorial_taskflow_api_virtualenv.py
[2024-12-03T21:21:11.451+0700] {logging_mixin.py:190} INFO - [2024-12-03T21:21:11.451+0700] {tutorial_taskflow_api_virtualenv.py:29} WARNING - The tutorial_taskflow_api_virtualenv example DAG requires virtualenv, please install it.
[2024-12-03T21:21:11.451+0700] {processor.py:927} WARNING - No viable dags retrieved from /home/tedubuamo/project/venv/lib/python3.12/site-packages/airflow/example_dags/tutorial_taskflow_api_virtualenv.py
[2024-12-03T21:21:11.459+0700] {processor.py:208} INFO - Processing /home/tedubuamo/project/venv/lib/python3.12/site-packages/airflow/example_dags/tutorial_taskflow_api_virtualenv.py took 0.080 seconds
[2024-12-03T21:22:08.590+0700] {processor.py:186} INFO - Started process (PID=4189) to work on /home/tedubuamo/project/venv/lib/python3.12/site-packages/airflow/example_dags/tutorial_taskflow_api_virtualenv.py
[2024-12-03T21:22:08.592+0700] {processor.py:914} INFO - Processing file /home/tedubuamo/project/venv/lib/python3.12/site-packages/airflow/example_dags/tutorial_taskflow_api_virtualenv.py for tasks to queue
[2024-12-03T21:22:08.593+0700] {logging_mixin.py:190} INFO - [2024-12-03T21:22:08.593+0700] {dagbag.py:588} INFO - Filling up the DagBag from /home/tedubuamo/project/venv/lib/python3.12/site-packages/airflow/example_dags/tutorial_taskflow_api_virtualenv.py
[2024-12-03T21:22:08.657+0700] {logging_mixin.py:190} INFO - [2024-12-03T21:22:08.656+0700] {tutorial_taskflow_api_virtualenv.py:29} WARNING - The tutorial_taskflow_api_virtualenv example DAG requires virtualenv, please install it.
[2024-12-03T21:22:08.657+0700] {processor.py:927} WARNING - No viable dags retrieved from /home/tedubuamo/project/venv/lib/python3.12/site-packages/airflow/example_dags/tutorial_taskflow_api_virtualenv.py
[2024-12-03T21:22:08.665+0700] {processor.py:208} INFO - Processing /home/tedubuamo/project/venv/lib/python3.12/site-packages/airflow/example_dags/tutorial_taskflow_api_virtualenv.py took 0.079 seconds
[2024-12-03T21:23:02.572+0700] {processor.py:186} INFO - Started process (PID=4270) to work on /home/tedubuamo/project/venv/lib/python3.12/site-packages/airflow/example_dags/tutorial_taskflow_api_virtualenv.py
[2024-12-03T21:23:02.575+0700] {processor.py:914} INFO - Processing file /home/tedubuamo/project/venv/lib/python3.12/site-packages/airflow/example_dags/tutorial_taskflow_api_virtualenv.py for tasks to queue
[2024-12-03T21:23:02.577+0700] {logging_mixin.py:190} INFO - [2024-12-03T21:23:02.577+0700] {dagbag.py:588} INFO - Filling up the DagBag from /home/tedubuamo/project/venv/lib/python3.12/site-packages/airflow/example_dags/tutorial_taskflow_api_virtualenv.py
[2024-12-03T21:23:02.643+0700] {logging_mixin.py:190} INFO - [2024-12-03T21:23:02.643+0700] {tutorial_taskflow_api_virtualenv.py:29} WARNING - The tutorial_taskflow_api_virtualenv example DAG requires virtualenv, please install it.
[2024-12-03T21:23:02.644+0700] {processor.py:927} WARNING - No viable dags retrieved from /home/tedubuamo/project/venv/lib/python3.12/site-packages/airflow/example_dags/tutorial_taskflow_api_virtualenv.py
[2024-12-03T21:23:02.653+0700] {processor.py:208} INFO - Processing /home/tedubuamo/project/venv/lib/python3.12/site-packages/airflow/example_dags/tutorial_taskflow_api_virtualenv.py took 0.085 seconds
[2024-12-03T21:23:53.858+0700] {processor.py:186} INFO - Started process (PID=4322) to work on /home/tedubuamo/project/venv/lib/python3.12/site-packages/airflow/example_dags/tutorial_taskflow_api_virtualenv.py
[2024-12-03T21:23:53.859+0700] {processor.py:914} INFO - Processing file /home/tedubuamo/project/venv/lib/python3.12/site-packages/airflow/example_dags/tutorial_taskflow_api_virtualenv.py for tasks to queue
[2024-12-03T21:23:53.861+0700] {logging_mixin.py:190} INFO - [2024-12-03T21:23:53.861+0700] {dagbag.py:588} INFO - Filling up the DagBag from /home/tedubuamo/project/venv/lib/python3.12/site-packages/airflow/example_dags/tutorial_taskflow_api_virtualenv.py
[2024-12-03T21:23:53.928+0700] {logging_mixin.py:190} INFO - [2024-12-03T21:23:53.928+0700] {tutorial_taskflow_api_virtualenv.py:29} WARNING - The tutorial_taskflow_api_virtualenv example DAG requires virtualenv, please install it.
[2024-12-03T21:23:53.929+0700] {processor.py:927} WARNING - No viable dags retrieved from /home/tedubuamo/project/venv/lib/python3.12/site-packages/airflow/example_dags/tutorial_taskflow_api_virtualenv.py
[2024-12-03T21:23:53.937+0700] {processor.py:208} INFO - Processing /home/tedubuamo/project/venv/lib/python3.12/site-packages/airflow/example_dags/tutorial_taskflow_api_virtualenv.py took 0.084 seconds
[2024-12-03T21:24:48.683+0700] {processor.py:186} INFO - Started process (PID=4401) to work on /home/tedubuamo/project/venv/lib/python3.12/site-packages/airflow/example_dags/tutorial_taskflow_api_virtualenv.py
[2024-12-03T21:24:48.684+0700] {processor.py:914} INFO - Processing file /home/tedubuamo/project/venv/lib/python3.12/site-packages/airflow/example_dags/tutorial_taskflow_api_virtualenv.py for tasks to queue
[2024-12-03T21:24:48.686+0700] {logging_mixin.py:190} INFO - [2024-12-03T21:24:48.686+0700] {dagbag.py:588} INFO - Filling up the DagBag from /home/tedubuamo/project/venv/lib/python3.12/site-packages/airflow/example_dags/tutorial_taskflow_api_virtualenv.py
[2024-12-03T21:24:48.771+0700] {logging_mixin.py:190} INFO - [2024-12-03T21:24:48.771+0700] {tutorial_taskflow_api_virtualenv.py:29} WARNING - The tutorial_taskflow_api_virtualenv example DAG requires virtualenv, please install it.
[2024-12-03T21:24:48.772+0700] {processor.py:927} WARNING - No viable dags retrieved from /home/tedubuamo/project/venv/lib/python3.12/site-packages/airflow/example_dags/tutorial_taskflow_api_virtualenv.py
[2024-12-03T21:24:48.781+0700] {processor.py:208} INFO - Processing /home/tedubuamo/project/venv/lib/python3.12/site-packages/airflow/example_dags/tutorial_taskflow_api_virtualenv.py took 0.102 seconds
[2024-12-03T21:25:45.163+0700] {processor.py:186} INFO - Started process (PID=4484) to work on /home/tedubuamo/project/venv/lib/python3.12/site-packages/airflow/example_dags/tutorial_taskflow_api_virtualenv.py
[2024-12-03T21:25:45.165+0700] {processor.py:914} INFO - Processing file /home/tedubuamo/project/venv/lib/python3.12/site-packages/airflow/example_dags/tutorial_taskflow_api_virtualenv.py for tasks to queue
[2024-12-03T21:25:45.168+0700] {logging_mixin.py:190} INFO - [2024-12-03T21:25:45.168+0700] {dagbag.py:588} INFO - Filling up the DagBag from /home/tedubuamo/project/venv/lib/python3.12/site-packages/airflow/example_dags/tutorial_taskflow_api_virtualenv.py
[2024-12-03T21:25:45.288+0700] {logging_mixin.py:190} INFO - [2024-12-03T21:25:45.287+0700] {tutorial_taskflow_api_virtualenv.py:29} WARNING - The tutorial_taskflow_api_virtualenv example DAG requires virtualenv, please install it.
[2024-12-03T21:25:45.288+0700] {processor.py:927} WARNING - No viable dags retrieved from /home/tedubuamo/project/venv/lib/python3.12/site-packages/airflow/example_dags/tutorial_taskflow_api_virtualenv.py
[2024-12-03T21:25:45.302+0700] {processor.py:208} INFO - Processing /home/tedubuamo/project/venv/lib/python3.12/site-packages/airflow/example_dags/tutorial_taskflow_api_virtualenv.py took 0.144 seconds
[2024-12-03T21:26:42.453+0700] {processor.py:186} INFO - Started process (PID=4545) to work on /home/tedubuamo/project/venv/lib/python3.12/site-packages/airflow/example_dags/tutorial_taskflow_api_virtualenv.py
[2024-12-03T21:26:42.457+0700] {processor.py:914} INFO - Processing file /home/tedubuamo/project/venv/lib/python3.12/site-packages/airflow/example_dags/tutorial_taskflow_api_virtualenv.py for tasks to queue
[2024-12-03T21:26:42.458+0700] {logging_mixin.py:190} INFO - [2024-12-03T21:26:42.458+0700] {dagbag.py:588} INFO - Filling up the DagBag from /home/tedubuamo/project/venv/lib/python3.12/site-packages/airflow/example_dags/tutorial_taskflow_api_virtualenv.py
[2024-12-03T21:26:42.526+0700] {logging_mixin.py:190} INFO - [2024-12-03T21:26:42.525+0700] {tutorial_taskflow_api_virtualenv.py:29} WARNING - The tutorial_taskflow_api_virtualenv example DAG requires virtualenv, please install it.
[2024-12-03T21:26:42.526+0700] {processor.py:927} WARNING - No viable dags retrieved from /home/tedubuamo/project/venv/lib/python3.12/site-packages/airflow/example_dags/tutorial_taskflow_api_virtualenv.py
[2024-12-03T21:26:42.535+0700] {processor.py:208} INFO - Processing /home/tedubuamo/project/venv/lib/python3.12/site-packages/airflow/example_dags/tutorial_taskflow_api_virtualenv.py took 0.086 seconds
[2024-12-03T21:27:33.844+0700] {processor.py:186} INFO - Started process (PID=4614) to work on /home/tedubuamo/project/venv/lib/python3.12/site-packages/airflow/example_dags/tutorial_taskflow_api_virtualenv.py
[2024-12-03T21:27:33.848+0700] {processor.py:914} INFO - Processing file /home/tedubuamo/project/venv/lib/python3.12/site-packages/airflow/example_dags/tutorial_taskflow_api_virtualenv.py for tasks to queue
[2024-12-03T21:27:33.850+0700] {logging_mixin.py:190} INFO - [2024-12-03T21:27:33.850+0700] {dagbag.py:588} INFO - Filling up the DagBag from /home/tedubuamo/project/venv/lib/python3.12/site-packages/airflow/example_dags/tutorial_taskflow_api_virtualenv.py
[2024-12-03T21:27:33.925+0700] {logging_mixin.py:190} INFO - [2024-12-03T21:27:33.925+0700] {tutorial_taskflow_api_virtualenv.py:29} WARNING - The tutorial_taskflow_api_virtualenv example DAG requires virtualenv, please install it.
[2024-12-03T21:27:33.926+0700] {processor.py:927} WARNING - No viable dags retrieved from /home/tedubuamo/project/venv/lib/python3.12/site-packages/airflow/example_dags/tutorial_taskflow_api_virtualenv.py
[2024-12-03T21:27:33.935+0700] {processor.py:208} INFO - Processing /home/tedubuamo/project/venv/lib/python3.12/site-packages/airflow/example_dags/tutorial_taskflow_api_virtualenv.py took 0.095 seconds
[2024-12-03T21:28:29.546+0700] {processor.py:186} INFO - Started process (PID=4676) to work on /home/tedubuamo/project/venv/lib/python3.12/site-packages/airflow/example_dags/tutorial_taskflow_api_virtualenv.py
[2024-12-03T21:28:29.550+0700] {processor.py:914} INFO - Processing file /home/tedubuamo/project/venv/lib/python3.12/site-packages/airflow/example_dags/tutorial_taskflow_api_virtualenv.py for tasks to queue
[2024-12-03T21:28:29.552+0700] {logging_mixin.py:190} INFO - [2024-12-03T21:28:29.551+0700] {dagbag.py:588} INFO - Filling up the DagBag from /home/tedubuamo/project/venv/lib/python3.12/site-packages/airflow/example_dags/tutorial_taskflow_api_virtualenv.py
[2024-12-03T21:28:29.618+0700] {logging_mixin.py:190} INFO - [2024-12-03T21:28:29.618+0700] {tutorial_taskflow_api_virtualenv.py:29} WARNING - The tutorial_taskflow_api_virtualenv example DAG requires virtualenv, please install it.
[2024-12-03T21:28:29.618+0700] {processor.py:927} WARNING - No viable dags retrieved from /home/tedubuamo/project/venv/lib/python3.12/site-packages/airflow/example_dags/tutorial_taskflow_api_virtualenv.py
[2024-12-03T21:28:29.628+0700] {processor.py:208} INFO - Processing /home/tedubuamo/project/venv/lib/python3.12/site-packages/airflow/example_dags/tutorial_taskflow_api_virtualenv.py took 0.086 seconds
[2024-12-03T21:29:23.624+0700] {processor.py:186} INFO - Started process (PID=4812) to work on /home/tedubuamo/project/venv/lib/python3.12/site-packages/airflow/example_dags/tutorial_taskflow_api_virtualenv.py
[2024-12-03T21:29:23.625+0700] {processor.py:914} INFO - Processing file /home/tedubuamo/project/venv/lib/python3.12/site-packages/airflow/example_dags/tutorial_taskflow_api_virtualenv.py for tasks to queue
[2024-12-03T21:29:23.626+0700] {logging_mixin.py:190} INFO - [2024-12-03T21:29:23.626+0700] {dagbag.py:588} INFO - Filling up the DagBag from /home/tedubuamo/project/venv/lib/python3.12/site-packages/airflow/example_dags/tutorial_taskflow_api_virtualenv.py
[2024-12-03T21:29:23.703+0700] {logging_mixin.py:190} INFO - [2024-12-03T21:29:23.702+0700] {tutorial_taskflow_api_virtualenv.py:29} WARNING - The tutorial_taskflow_api_virtualenv example DAG requires virtualenv, please install it.
[2024-12-03T21:29:23.703+0700] {processor.py:927} WARNING - No viable dags retrieved from /home/tedubuamo/project/venv/lib/python3.12/site-packages/airflow/example_dags/tutorial_taskflow_api_virtualenv.py
[2024-12-03T21:29:23.712+0700] {processor.py:208} INFO - Processing /home/tedubuamo/project/venv/lib/python3.12/site-packages/airflow/example_dags/tutorial_taskflow_api_virtualenv.py took 0.092 seconds
[2024-12-03T21:30:16.481+0700] {processor.py:186} INFO - Started process (PID=4871) to work on /home/tedubuamo/project/venv/lib/python3.12/site-packages/airflow/example_dags/tutorial_taskflow_api_virtualenv.py
[2024-12-03T21:30:16.484+0700] {processor.py:914} INFO - Processing file /home/tedubuamo/project/venv/lib/python3.12/site-packages/airflow/example_dags/tutorial_taskflow_api_virtualenv.py for tasks to queue
[2024-12-03T21:30:16.486+0700] {logging_mixin.py:190} INFO - [2024-12-03T21:30:16.485+0700] {dagbag.py:588} INFO - Filling up the DagBag from /home/tedubuamo/project/venv/lib/python3.12/site-packages/airflow/example_dags/tutorial_taskflow_api_virtualenv.py
[2024-12-03T21:30:16.548+0700] {logging_mixin.py:190} INFO - [2024-12-03T21:30:16.548+0700] {tutorial_taskflow_api_virtualenv.py:29} WARNING - The tutorial_taskflow_api_virtualenv example DAG requires virtualenv, please install it.
[2024-12-03T21:30:16.549+0700] {processor.py:927} WARNING - No viable dags retrieved from /home/tedubuamo/project/venv/lib/python3.12/site-packages/airflow/example_dags/tutorial_taskflow_api_virtualenv.py
[2024-12-03T21:30:16.555+0700] {processor.py:208} INFO - Processing /home/tedubuamo/project/venv/lib/python3.12/site-packages/airflow/example_dags/tutorial_taskflow_api_virtualenv.py took 0.078 seconds
[2024-12-03T21:31:11.377+0700] {processor.py:186} INFO - Started process (PID=4936) to work on /home/tedubuamo/project/venv/lib/python3.12/site-packages/airflow/example_dags/tutorial_taskflow_api_virtualenv.py
[2024-12-03T21:31:11.381+0700] {processor.py:914} INFO - Processing file /home/tedubuamo/project/venv/lib/python3.12/site-packages/airflow/example_dags/tutorial_taskflow_api_virtualenv.py for tasks to queue
[2024-12-03T21:31:11.384+0700] {logging_mixin.py:190} INFO - [2024-12-03T21:31:11.384+0700] {dagbag.py:588} INFO - Filling up the DagBag from /home/tedubuamo/project/venv/lib/python3.12/site-packages/airflow/example_dags/tutorial_taskflow_api_virtualenv.py
[2024-12-03T21:31:11.462+0700] {logging_mixin.py:190} INFO - [2024-12-03T21:31:11.462+0700] {tutorial_taskflow_api_virtualenv.py:29} WARNING - The tutorial_taskflow_api_virtualenv example DAG requires virtualenv, please install it.
[2024-12-03T21:31:11.462+0700] {processor.py:927} WARNING - No viable dags retrieved from /home/tedubuamo/project/venv/lib/python3.12/site-packages/airflow/example_dags/tutorial_taskflow_api_virtualenv.py
[2024-12-03T21:31:11.472+0700] {processor.py:208} INFO - Processing /home/tedubuamo/project/venv/lib/python3.12/site-packages/airflow/example_dags/tutorial_taskflow_api_virtualenv.py took 0.100 seconds
