[2024-12-03T20:57:48.772+0700] {processor.py:186} INFO - Started process (PID=1643) to work on /home/tedubuamo/project/venv/lib/python3.12/site-packages/airflow/example_dags/tutorial_dag.py
[2024-12-03T20:57:48.773+0700] {processor.py:914} INFO - Processing file /home/tedubuamo/project/venv/lib/python3.12/site-packages/airflow/example_dags/tutorial_dag.py for tasks to queue
[2024-12-03T20:57:48.774+0700] {logging_mixin.py:190} INFO - [2024-12-03T20:57:48.774+0700] {dagbag.py:588} INFO - Filling up the DagBag from /home/tedubuamo/project/venv/lib/python3.12/site-packages/airflow/example_dags/tutorial_dag.py
[2024-12-03T20:57:48.779+0700] {processor.py:925} INFO - DAG(s) 'tutorial_dag' retrieved from /home/tedubuamo/project/venv/lib/python3.12/site-packages/airflow/example_dags/tutorial_dag.py
[2024-12-03T20:57:48.845+0700] {logging_mixin.py:190} INFO - [2024-12-03T20:57:48.845+0700] {dag.py:3239} INFO - Sync 1 DAGs
[2024-12-03T20:57:48.855+0700] {logging_mixin.py:190} INFO - [2024-12-03T20:57:48.854+0700] {dag.py:4180} INFO - Setting next_dagrun for tutorial_dag to None, run_after=None
[2024-12-03T20:57:48.873+0700] {processor.py:208} INFO - Processing /home/tedubuamo/project/venv/lib/python3.12/site-packages/airflow/example_dags/tutorial_dag.py took 0.104 seconds
[2024-12-03T20:58:46.835+0700] {processor.py:186} INFO - Started process (PID=1700) to work on /home/tedubuamo/project/venv/lib/python3.12/site-packages/airflow/example_dags/tutorial_dag.py
[2024-12-03T20:58:46.839+0700] {processor.py:914} INFO - Processing file /home/tedubuamo/project/venv/lib/python3.12/site-packages/airflow/example_dags/tutorial_dag.py for tasks to queue
[2024-12-03T20:58:46.840+0700] {logging_mixin.py:190} INFO - [2024-12-03T20:58:46.840+0700] {dagbag.py:588} INFO - Filling up the DagBag from /home/tedubuamo/project/venv/lib/python3.12/site-packages/airflow/example_dags/tutorial_dag.py
[2024-12-03T20:58:46.845+0700] {processor.py:925} INFO - DAG(s) 'tutorial_dag' retrieved from /home/tedubuamo/project/venv/lib/python3.12/site-packages/airflow/example_dags/tutorial_dag.py
[2024-12-03T20:58:46.854+0700] {logging_mixin.py:190} INFO - [2024-12-03T20:58:46.854+0700] {dag.py:3239} INFO - Sync 1 DAGs
[2024-12-03T20:58:46.863+0700] {logging_mixin.py:190} INFO - [2024-12-03T20:58:46.863+0700] {dag.py:4180} INFO - Setting next_dagrun for tutorial_dag to None, run_after=None
[2024-12-03T20:58:46.880+0700] {processor.py:208} INFO - Processing /home/tedubuamo/project/venv/lib/python3.12/site-packages/airflow/example_dags/tutorial_dag.py took 0.048 seconds
[2024-12-03T20:59:41.526+0700] {processor.py:186} INFO - Started process (PID=1757) to work on /home/tedubuamo/project/venv/lib/python3.12/site-packages/airflow/example_dags/tutorial_dag.py
[2024-12-03T20:59:41.529+0700] {processor.py:914} INFO - Processing file /home/tedubuamo/project/venv/lib/python3.12/site-packages/airflow/example_dags/tutorial_dag.py for tasks to queue
[2024-12-03T20:59:41.531+0700] {logging_mixin.py:190} INFO - [2024-12-03T20:59:41.531+0700] {dagbag.py:588} INFO - Filling up the DagBag from /home/tedubuamo/project/venv/lib/python3.12/site-packages/airflow/example_dags/tutorial_dag.py
[2024-12-03T20:59:41.537+0700] {processor.py:925} INFO - DAG(s) 'tutorial_dag' retrieved from /home/tedubuamo/project/venv/lib/python3.12/site-packages/airflow/example_dags/tutorial_dag.py
[2024-12-03T20:59:41.546+0700] {logging_mixin.py:190} INFO - [2024-12-03T20:59:41.546+0700] {dag.py:3239} INFO - Sync 1 DAGs
[2024-12-03T20:59:41.556+0700] {logging_mixin.py:190} INFO - [2024-12-03T20:59:41.556+0700] {dag.py:4180} INFO - Setting next_dagrun for tutorial_dag to None, run_after=None
[2024-12-03T20:59:41.572+0700] {processor.py:208} INFO - Processing /home/tedubuamo/project/venv/lib/python3.12/site-packages/airflow/example_dags/tutorial_dag.py took 0.050 seconds
[2024-12-03T21:00:34.226+0700] {processor.py:186} INFO - Started process (PID=1812) to work on /home/tedubuamo/project/venv/lib/python3.12/site-packages/airflow/example_dags/tutorial_dag.py
[2024-12-03T21:00:34.227+0700] {processor.py:914} INFO - Processing file /home/tedubuamo/project/venv/lib/python3.12/site-packages/airflow/example_dags/tutorial_dag.py for tasks to queue
[2024-12-03T21:00:34.229+0700] {logging_mixin.py:190} INFO - [2024-12-03T21:00:34.229+0700] {dagbag.py:588} INFO - Filling up the DagBag from /home/tedubuamo/project/venv/lib/python3.12/site-packages/airflow/example_dags/tutorial_dag.py
[2024-12-03T21:00:34.236+0700] {processor.py:925} INFO - DAG(s) 'tutorial_dag' retrieved from /home/tedubuamo/project/venv/lib/python3.12/site-packages/airflow/example_dags/tutorial_dag.py
[2024-12-03T21:00:34.246+0700] {logging_mixin.py:190} INFO - [2024-12-03T21:00:34.245+0700] {dag.py:3239} INFO - Sync 1 DAGs
[2024-12-03T21:00:34.254+0700] {logging_mixin.py:190} INFO - [2024-12-03T21:00:34.254+0700] {dag.py:4180} INFO - Setting next_dagrun for tutorial_dag to None, run_after=None
[2024-12-03T21:00:34.271+0700] {processor.py:208} INFO - Processing /home/tedubuamo/project/venv/lib/python3.12/site-packages/airflow/example_dags/tutorial_dag.py took 0.050 seconds
[2024-12-03T21:05:16.227+0700] {processor.py:186} INFO - Started process (PID=2022) to work on /home/tedubuamo/project/venv/lib/python3.12/site-packages/airflow/example_dags/tutorial_dag.py
[2024-12-03T21:05:16.229+0700] {processor.py:914} INFO - Processing file /home/tedubuamo/project/venv/lib/python3.12/site-packages/airflow/example_dags/tutorial_dag.py for tasks to queue
[2024-12-03T21:05:16.230+0700] {logging_mixin.py:190} INFO - [2024-12-03T21:05:16.230+0700] {dagbag.py:588} INFO - Filling up the DagBag from /home/tedubuamo/project/venv/lib/python3.12/site-packages/airflow/example_dags/tutorial_dag.py
[2024-12-03T21:05:16.235+0700] {processor.py:925} INFO - DAG(s) 'tutorial_dag' retrieved from /home/tedubuamo/project/venv/lib/python3.12/site-packages/airflow/example_dags/tutorial_dag.py
[2024-12-03T21:05:16.247+0700] {logging_mixin.py:190} INFO - [2024-12-03T21:05:16.246+0700] {dag.py:3239} INFO - Sync 1 DAGs
[2024-12-03T21:05:16.254+0700] {logging_mixin.py:190} INFO - [2024-12-03T21:05:16.254+0700] {dag.py:4180} INFO - Setting next_dagrun for tutorial_dag to None, run_after=None
[2024-12-03T21:05:16.271+0700] {processor.py:208} INFO - Processing /home/tedubuamo/project/venv/lib/python3.12/site-packages/airflow/example_dags/tutorial_dag.py took 0.048 seconds
[2024-12-03T21:06:10.536+0700] {processor.py:186} INFO - Started process (PID=2171) to work on /home/tedubuamo/project/venv/lib/python3.12/site-packages/airflow/example_dags/tutorial_dag.py
[2024-12-03T21:06:10.539+0700] {processor.py:914} INFO - Processing file /home/tedubuamo/project/venv/lib/python3.12/site-packages/airflow/example_dags/tutorial_dag.py for tasks to queue
[2024-12-03T21:06:10.541+0700] {logging_mixin.py:190} INFO - [2024-12-03T21:06:10.540+0700] {dagbag.py:588} INFO - Filling up the DagBag from /home/tedubuamo/project/venv/lib/python3.12/site-packages/airflow/example_dags/tutorial_dag.py
[2024-12-03T21:06:10.547+0700] {processor.py:925} INFO - DAG(s) 'tutorial_dag' retrieved from /home/tedubuamo/project/venv/lib/python3.12/site-packages/airflow/example_dags/tutorial_dag.py
[2024-12-03T21:06:10.556+0700] {logging_mixin.py:190} INFO - [2024-12-03T21:06:10.556+0700] {dag.py:3239} INFO - Sync 1 DAGs
[2024-12-03T21:06:10.565+0700] {logging_mixin.py:190} INFO - [2024-12-03T21:06:10.564+0700] {dag.py:4180} INFO - Setting next_dagrun for tutorial_dag to None, run_after=None
[2024-12-03T21:06:10.582+0700] {processor.py:208} INFO - Processing /home/tedubuamo/project/venv/lib/python3.12/site-packages/airflow/example_dags/tutorial_dag.py took 0.049 seconds
[2024-12-03T21:06:13.125+0700] {processor.py:186} INFO - Started process (PID=2176) to work on /home/tedubuamo/project/venv/lib/python3.12/site-packages/airflow/example_dags/tutorial_dag.py
[2024-12-03T21:06:13.126+0700] {processor.py:914} INFO - Processing file /home/tedubuamo/project/venv/lib/python3.12/site-packages/airflow/example_dags/tutorial_dag.py for tasks to queue
[2024-12-03T21:06:13.128+0700] {logging_mixin.py:190} INFO - [2024-12-03T21:06:13.128+0700] {dagbag.py:588} INFO - Filling up the DagBag from /home/tedubuamo/project/venv/lib/python3.12/site-packages/airflow/example_dags/tutorial_dag.py
[2024-12-03T21:06:13.133+0700] {processor.py:925} INFO - DAG(s) 'tutorial_dag' retrieved from /home/tedubuamo/project/venv/lib/python3.12/site-packages/airflow/example_dags/tutorial_dag.py
[2024-12-03T21:06:13.144+0700] {logging_mixin.py:190} INFO - [2024-12-03T21:06:13.144+0700] {dag.py:3239} INFO - Sync 1 DAGs
[2024-12-03T21:06:13.152+0700] {logging_mixin.py:190} INFO - [2024-12-03T21:06:13.152+0700] {dag.py:4180} INFO - Setting next_dagrun for tutorial_dag to None, run_after=None
[2024-12-03T21:06:13.168+0700] {processor.py:208} INFO - Processing /home/tedubuamo/project/venv/lib/python3.12/site-packages/airflow/example_dags/tutorial_dag.py took 0.047 seconds
[2024-12-03T21:07:07.369+0700] {processor.py:186} INFO - Started process (PID=2365) to work on /home/tedubuamo/project/venv/lib/python3.12/site-packages/airflow/example_dags/tutorial_dag.py
[2024-12-03T21:07:07.370+0700] {processor.py:914} INFO - Processing file /home/tedubuamo/project/venv/lib/python3.12/site-packages/airflow/example_dags/tutorial_dag.py for tasks to queue
[2024-12-03T21:07:07.372+0700] {logging_mixin.py:190} INFO - [2024-12-03T21:07:07.372+0700] {dagbag.py:588} INFO - Filling up the DagBag from /home/tedubuamo/project/venv/lib/python3.12/site-packages/airflow/example_dags/tutorial_dag.py
[2024-12-03T21:07:07.377+0700] {processor.py:925} INFO - DAG(s) 'tutorial_dag' retrieved from /home/tedubuamo/project/venv/lib/python3.12/site-packages/airflow/example_dags/tutorial_dag.py
[2024-12-03T21:07:07.387+0700] {logging_mixin.py:190} INFO - [2024-12-03T21:07:07.387+0700] {dag.py:3239} INFO - Sync 1 DAGs
[2024-12-03T21:07:07.395+0700] {logging_mixin.py:190} INFO - [2024-12-03T21:07:07.395+0700] {dag.py:4180} INFO - Setting next_dagrun for tutorial_dag to None, run_after=None
[2024-12-03T21:07:07.411+0700] {processor.py:208} INFO - Processing /home/tedubuamo/project/venv/lib/python3.12/site-packages/airflow/example_dags/tutorial_dag.py took 0.046 seconds
[2024-12-03T21:07:07.575+0700] {processor.py:186} INFO - Started process (PID=2366) to work on /home/tedubuamo/project/venv/lib/python3.12/site-packages/airflow/example_dags/tutorial_dag.py
[2024-12-03T21:07:07.576+0700] {processor.py:914} INFO - Processing file /home/tedubuamo/project/venv/lib/python3.12/site-packages/airflow/example_dags/tutorial_dag.py for tasks to queue
[2024-12-03T21:07:07.577+0700] {logging_mixin.py:190} INFO - [2024-12-03T21:07:07.577+0700] {dagbag.py:588} INFO - Filling up the DagBag from /home/tedubuamo/project/venv/lib/python3.12/site-packages/airflow/example_dags/tutorial_dag.py
[2024-12-03T21:07:07.582+0700] {processor.py:925} INFO - DAG(s) 'tutorial_dag' retrieved from /home/tedubuamo/project/venv/lib/python3.12/site-packages/airflow/example_dags/tutorial_dag.py
[2024-12-03T21:07:07.592+0700] {logging_mixin.py:190} INFO - [2024-12-03T21:07:07.592+0700] {dag.py:3239} INFO - Sync 1 DAGs
[2024-12-03T21:07:07.600+0700] {logging_mixin.py:190} INFO - [2024-12-03T21:07:07.600+0700] {dag.py:4180} INFO - Setting next_dagrun for tutorial_dag to None, run_after=None
[2024-12-03T21:07:07.616+0700] {processor.py:208} INFO - Processing /home/tedubuamo/project/venv/lib/python3.12/site-packages/airflow/example_dags/tutorial_dag.py took 0.044 seconds
[2024-12-03T21:07:59.097+0700] {processor.py:186} INFO - Started process (PID=2492) to work on /home/tedubuamo/project/venv/lib/python3.12/site-packages/airflow/example_dags/tutorial_dag.py
[2024-12-03T21:07:59.098+0700] {processor.py:914} INFO - Processing file /home/tedubuamo/project/venv/lib/python3.12/site-packages/airflow/example_dags/tutorial_dag.py for tasks to queue
[2024-12-03T21:07:59.100+0700] {logging_mixin.py:190} INFO - [2024-12-03T21:07:59.099+0700] {dagbag.py:588} INFO - Filling up the DagBag from /home/tedubuamo/project/venv/lib/python3.12/site-packages/airflow/example_dags/tutorial_dag.py
[2024-12-03T21:07:59.106+0700] {processor.py:925} INFO - DAG(s) 'tutorial_dag' retrieved from /home/tedubuamo/project/venv/lib/python3.12/site-packages/airflow/example_dags/tutorial_dag.py
[2024-12-03T21:07:59.120+0700] {logging_mixin.py:190} INFO - [2024-12-03T21:07:59.120+0700] {dag.py:3239} INFO - Sync 1 DAGs
[2024-12-03T21:07:59.129+0700] {logging_mixin.py:190} INFO - [2024-12-03T21:07:59.129+0700] {dag.py:4180} INFO - Setting next_dagrun for tutorial_dag to None, run_after=None
[2024-12-03T21:07:59.146+0700] {processor.py:208} INFO - Processing /home/tedubuamo/project/venv/lib/python3.12/site-packages/airflow/example_dags/tutorial_dag.py took 0.054 seconds
[2024-12-03T21:08:01.654+0700] {processor.py:186} INFO - Started process (PID=2497) to work on /home/tedubuamo/project/venv/lib/python3.12/site-packages/airflow/example_dags/tutorial_dag.py
[2024-12-03T21:08:01.654+0700] {processor.py:914} INFO - Processing file /home/tedubuamo/project/venv/lib/python3.12/site-packages/airflow/example_dags/tutorial_dag.py for tasks to queue
[2024-12-03T21:08:01.656+0700] {logging_mixin.py:190} INFO - [2024-12-03T21:08:01.656+0700] {dagbag.py:588} INFO - Filling up the DagBag from /home/tedubuamo/project/venv/lib/python3.12/site-packages/airflow/example_dags/tutorial_dag.py
[2024-12-03T21:08:01.663+0700] {processor.py:925} INFO - DAG(s) 'tutorial_dag' retrieved from /home/tedubuamo/project/venv/lib/python3.12/site-packages/airflow/example_dags/tutorial_dag.py
[2024-12-03T21:08:01.673+0700] {logging_mixin.py:190} INFO - [2024-12-03T21:08:01.673+0700] {dag.py:3239} INFO - Sync 1 DAGs
[2024-12-03T21:08:01.681+0700] {logging_mixin.py:190} INFO - [2024-12-03T21:08:01.681+0700] {dag.py:4180} INFO - Setting next_dagrun for tutorial_dag to None, run_after=None
[2024-12-03T21:08:01.698+0700] {processor.py:208} INFO - Processing /home/tedubuamo/project/venv/lib/python3.12/site-packages/airflow/example_dags/tutorial_dag.py took 0.049 seconds
[2024-12-03T21:08:52.841+0700] {processor.py:186} INFO - Started process (PID=2600) to work on /home/tedubuamo/project/venv/lib/python3.12/site-packages/airflow/example_dags/tutorial_dag.py
[2024-12-03T21:08:52.843+0700] {processor.py:914} INFO - Processing file /home/tedubuamo/project/venv/lib/python3.12/site-packages/airflow/example_dags/tutorial_dag.py for tasks to queue
[2024-12-03T21:08:52.844+0700] {logging_mixin.py:190} INFO - [2024-12-03T21:08:52.844+0700] {dagbag.py:588} INFO - Filling up the DagBag from /home/tedubuamo/project/venv/lib/python3.12/site-packages/airflow/example_dags/tutorial_dag.py
[2024-12-03T21:08:52.850+0700] {processor.py:925} INFO - DAG(s) 'tutorial_dag' retrieved from /home/tedubuamo/project/venv/lib/python3.12/site-packages/airflow/example_dags/tutorial_dag.py
[2024-12-03T21:08:52.860+0700] {logging_mixin.py:190} INFO - [2024-12-03T21:08:52.860+0700] {dag.py:3239} INFO - Sync 1 DAGs
[2024-12-03T21:08:52.868+0700] {logging_mixin.py:190} INFO - [2024-12-03T21:08:52.868+0700] {dag.py:4180} INFO - Setting next_dagrun for tutorial_dag to None, run_after=None
[2024-12-03T21:08:52.885+0700] {processor.py:208} INFO - Processing /home/tedubuamo/project/venv/lib/python3.12/site-packages/airflow/example_dags/tutorial_dag.py took 0.048 seconds
[2024-12-03T21:08:53.271+0700] {processor.py:186} INFO - Started process (PID=2601) to work on /home/tedubuamo/project/venv/lib/python3.12/site-packages/airflow/example_dags/tutorial_dag.py
[2024-12-03T21:08:53.272+0700] {processor.py:914} INFO - Processing file /home/tedubuamo/project/venv/lib/python3.12/site-packages/airflow/example_dags/tutorial_dag.py for tasks to queue
[2024-12-03T21:08:53.273+0700] {logging_mixin.py:190} INFO - [2024-12-03T21:08:53.273+0700] {dagbag.py:588} INFO - Filling up the DagBag from /home/tedubuamo/project/venv/lib/python3.12/site-packages/airflow/example_dags/tutorial_dag.py
[2024-12-03T21:08:53.279+0700] {processor.py:925} INFO - DAG(s) 'tutorial_dag' retrieved from /home/tedubuamo/project/venv/lib/python3.12/site-packages/airflow/example_dags/tutorial_dag.py
[2024-12-03T21:08:53.289+0700] {logging_mixin.py:190} INFO - [2024-12-03T21:08:53.289+0700] {dag.py:3239} INFO - Sync 1 DAGs
[2024-12-03T21:08:53.298+0700] {logging_mixin.py:190} INFO - [2024-12-03T21:08:53.298+0700] {dag.py:4180} INFO - Setting next_dagrun for tutorial_dag to None, run_after=None
[2024-12-03T21:08:53.315+0700] {processor.py:208} INFO - Processing /home/tedubuamo/project/venv/lib/python3.12/site-packages/airflow/example_dags/tutorial_dag.py took 0.047 seconds
[2024-12-03T21:09:42.484+0700] {processor.py:186} INFO - Started process (PID=2703) to work on /home/tedubuamo/project/venv/lib/python3.12/site-packages/airflow/example_dags/tutorial_dag.py
[2024-12-03T21:09:42.486+0700] {processor.py:914} INFO - Processing file /home/tedubuamo/project/venv/lib/python3.12/site-packages/airflow/example_dags/tutorial_dag.py for tasks to queue
[2024-12-03T21:09:42.487+0700] {logging_mixin.py:190} INFO - [2024-12-03T21:09:42.487+0700] {dagbag.py:588} INFO - Filling up the DagBag from /home/tedubuamo/project/venv/lib/python3.12/site-packages/airflow/example_dags/tutorial_dag.py
[2024-12-03T21:09:42.493+0700] {processor.py:925} INFO - DAG(s) 'tutorial_dag' retrieved from /home/tedubuamo/project/venv/lib/python3.12/site-packages/airflow/example_dags/tutorial_dag.py
[2024-12-03T21:09:42.502+0700] {logging_mixin.py:190} INFO - [2024-12-03T21:09:42.502+0700] {dag.py:3239} INFO - Sync 1 DAGs
[2024-12-03T21:09:42.512+0700] {logging_mixin.py:190} INFO - [2024-12-03T21:09:42.511+0700] {dag.py:4180} INFO - Setting next_dagrun for tutorial_dag to None, run_after=None
[2024-12-03T21:09:42.532+0700] {processor.py:208} INFO - Processing /home/tedubuamo/project/venv/lib/python3.12/site-packages/airflow/example_dags/tutorial_dag.py took 0.052 seconds
[2024-12-03T21:09:44.733+0700] {processor.py:186} INFO - Started process (PID=2708) to work on /home/tedubuamo/project/venv/lib/python3.12/site-packages/airflow/example_dags/tutorial_dag.py
[2024-12-03T21:09:44.733+0700] {processor.py:914} INFO - Processing file /home/tedubuamo/project/venv/lib/python3.12/site-packages/airflow/example_dags/tutorial_dag.py for tasks to queue
[2024-12-03T21:09:44.734+0700] {logging_mixin.py:190} INFO - [2024-12-03T21:09:44.734+0700] {dagbag.py:588} INFO - Filling up the DagBag from /home/tedubuamo/project/venv/lib/python3.12/site-packages/airflow/example_dags/tutorial_dag.py
[2024-12-03T21:09:44.740+0700] {processor.py:925} INFO - DAG(s) 'tutorial_dag' retrieved from /home/tedubuamo/project/venv/lib/python3.12/site-packages/airflow/example_dags/tutorial_dag.py
[2024-12-03T21:09:44.751+0700] {logging_mixin.py:190} INFO - [2024-12-03T21:09:44.751+0700] {dag.py:3239} INFO - Sync 1 DAGs
[2024-12-03T21:09:44.761+0700] {logging_mixin.py:190} INFO - [2024-12-03T21:09:44.761+0700] {dag.py:4180} INFO - Setting next_dagrun for tutorial_dag to None, run_after=None
[2024-12-03T21:09:44.782+0700] {processor.py:208} INFO - Processing /home/tedubuamo/project/venv/lib/python3.12/site-packages/airflow/example_dags/tutorial_dag.py took 0.053 seconds
[2024-12-03T21:10:36.452+0700] {processor.py:186} INFO - Started process (PID=2814) to work on /home/tedubuamo/project/venv/lib/python3.12/site-packages/airflow/example_dags/tutorial_dag.py
[2024-12-03T21:10:36.453+0700] {processor.py:914} INFO - Processing file /home/tedubuamo/project/venv/lib/python3.12/site-packages/airflow/example_dags/tutorial_dag.py for tasks to queue
[2024-12-03T21:10:36.455+0700] {logging_mixin.py:190} INFO - [2024-12-03T21:10:36.455+0700] {dagbag.py:588} INFO - Filling up the DagBag from /home/tedubuamo/project/venv/lib/python3.12/site-packages/airflow/example_dags/tutorial_dag.py
[2024-12-03T21:10:36.462+0700] {processor.py:925} INFO - DAG(s) 'tutorial_dag' retrieved from /home/tedubuamo/project/venv/lib/python3.12/site-packages/airflow/example_dags/tutorial_dag.py
[2024-12-03T21:10:36.479+0700] {logging_mixin.py:190} INFO - [2024-12-03T21:10:36.479+0700] {dag.py:3239} INFO - Sync 1 DAGs
[2024-12-03T21:10:36.493+0700] {logging_mixin.py:190} INFO - [2024-12-03T21:10:36.493+0700] {dag.py:4180} INFO - Setting next_dagrun for tutorial_dag to None, run_after=None
[2024-12-03T21:10:36.513+0700] {processor.py:208} INFO - Processing /home/tedubuamo/project/venv/lib/python3.12/site-packages/airflow/example_dags/tutorial_dag.py took 0.066 seconds
[2024-12-03T21:10:36.826+0700] {processor.py:186} INFO - Started process (PID=2815) to work on /home/tedubuamo/project/venv/lib/python3.12/site-packages/airflow/example_dags/tutorial_dag.py
[2024-12-03T21:10:36.827+0700] {processor.py:914} INFO - Processing file /home/tedubuamo/project/venv/lib/python3.12/site-packages/airflow/example_dags/tutorial_dag.py for tasks to queue
[2024-12-03T21:10:36.829+0700] {logging_mixin.py:190} INFO - [2024-12-03T21:10:36.829+0700] {dagbag.py:588} INFO - Filling up the DagBag from /home/tedubuamo/project/venv/lib/python3.12/site-packages/airflow/example_dags/tutorial_dag.py
[2024-12-03T21:10:36.836+0700] {processor.py:925} INFO - DAG(s) 'tutorial_dag' retrieved from /home/tedubuamo/project/venv/lib/python3.12/site-packages/airflow/example_dags/tutorial_dag.py
[2024-12-03T21:10:36.848+0700] {logging_mixin.py:190} INFO - [2024-12-03T21:10:36.848+0700] {dag.py:3239} INFO - Sync 1 DAGs
[2024-12-03T21:10:36.858+0700] {logging_mixin.py:190} INFO - [2024-12-03T21:10:36.857+0700] {dag.py:4180} INFO - Setting next_dagrun for tutorial_dag to None, run_after=None
[2024-12-03T21:10:36.876+0700] {processor.py:208} INFO - Processing /home/tedubuamo/project/venv/lib/python3.12/site-packages/airflow/example_dags/tutorial_dag.py took 0.055 seconds
[2024-12-03T21:11:29.116+0700] {processor.py:186} INFO - Started process (PID=2921) to work on /home/tedubuamo/project/venv/lib/python3.12/site-packages/airflow/example_dags/tutorial_dag.py
[2024-12-03T21:11:29.117+0700] {processor.py:914} INFO - Processing file /home/tedubuamo/project/venv/lib/python3.12/site-packages/airflow/example_dags/tutorial_dag.py for tasks to queue
[2024-12-03T21:11:29.119+0700] {logging_mixin.py:190} INFO - [2024-12-03T21:11:29.119+0700] {dagbag.py:588} INFO - Filling up the DagBag from /home/tedubuamo/project/venv/lib/python3.12/site-packages/airflow/example_dags/tutorial_dag.py
[2024-12-03T21:11:29.125+0700] {processor.py:925} INFO - DAG(s) 'tutorial_dag' retrieved from /home/tedubuamo/project/venv/lib/python3.12/site-packages/airflow/example_dags/tutorial_dag.py
[2024-12-03T21:11:29.134+0700] {logging_mixin.py:190} INFO - [2024-12-03T21:11:29.134+0700] {dag.py:3239} INFO - Sync 1 DAGs
[2024-12-03T21:11:29.144+0700] {logging_mixin.py:190} INFO - [2024-12-03T21:11:29.144+0700] {dag.py:4180} INFO - Setting next_dagrun for tutorial_dag to None, run_after=None
[2024-12-03T21:11:29.165+0700] {processor.py:208} INFO - Processing /home/tedubuamo/project/venv/lib/python3.12/site-packages/airflow/example_dags/tutorial_dag.py took 0.055 seconds
[2024-12-03T21:11:30.668+0700] {processor.py:186} INFO - Started process (PID=2924) to work on /home/tedubuamo/project/venv/lib/python3.12/site-packages/airflow/example_dags/tutorial_dag.py
[2024-12-03T21:11:30.669+0700] {processor.py:914} INFO - Processing file /home/tedubuamo/project/venv/lib/python3.12/site-packages/airflow/example_dags/tutorial_dag.py for tasks to queue
[2024-12-03T21:11:30.671+0700] {logging_mixin.py:190} INFO - [2024-12-03T21:11:30.671+0700] {dagbag.py:588} INFO - Filling up the DagBag from /home/tedubuamo/project/venv/lib/python3.12/site-packages/airflow/example_dags/tutorial_dag.py
[2024-12-03T21:11:30.679+0700] {processor.py:925} INFO - DAG(s) 'tutorial_dag' retrieved from /home/tedubuamo/project/venv/lib/python3.12/site-packages/airflow/example_dags/tutorial_dag.py
[2024-12-03T21:11:30.695+0700] {logging_mixin.py:190} INFO - [2024-12-03T21:11:30.695+0700] {dag.py:3239} INFO - Sync 1 DAGs
[2024-12-03T21:11:30.707+0700] {logging_mixin.py:190} INFO - [2024-12-03T21:11:30.707+0700] {dag.py:4180} INFO - Setting next_dagrun for tutorial_dag to None, run_after=None
[2024-12-03T21:11:30.729+0700] {processor.py:208} INFO - Processing /home/tedubuamo/project/venv/lib/python3.12/site-packages/airflow/example_dags/tutorial_dag.py took 0.065 seconds
[2024-12-03T21:12:19.756+0700] {processor.py:186} INFO - Started process (PID=3052) to work on /home/tedubuamo/project/venv/lib/python3.12/site-packages/airflow/example_dags/tutorial_dag.py
[2024-12-03T21:12:19.757+0700] {processor.py:914} INFO - Processing file /home/tedubuamo/project/venv/lib/python3.12/site-packages/airflow/example_dags/tutorial_dag.py for tasks to queue
[2024-12-03T21:12:19.759+0700] {logging_mixin.py:190} INFO - [2024-12-03T21:12:19.759+0700] {dagbag.py:588} INFO - Filling up the DagBag from /home/tedubuamo/project/venv/lib/python3.12/site-packages/airflow/example_dags/tutorial_dag.py
[2024-12-03T21:12:19.765+0700] {processor.py:925} INFO - DAG(s) 'tutorial_dag' retrieved from /home/tedubuamo/project/venv/lib/python3.12/site-packages/airflow/example_dags/tutorial_dag.py
[2024-12-03T21:12:19.777+0700] {logging_mixin.py:190} INFO - [2024-12-03T21:12:19.777+0700] {dag.py:3239} INFO - Sync 1 DAGs
[2024-12-03T21:12:19.796+0700] {logging_mixin.py:190} INFO - [2024-12-03T21:12:19.795+0700] {dag.py:4180} INFO - Setting next_dagrun for tutorial_dag to None, run_after=None
[2024-12-03T21:12:19.819+0700] {processor.py:208} INFO - Processing /home/tedubuamo/project/venv/lib/python3.12/site-packages/airflow/example_dags/tutorial_dag.py took 0.068 seconds
[2024-12-03T21:12:24.703+0700] {processor.py:186} INFO - Started process (PID=3062) to work on /home/tedubuamo/project/venv/lib/python3.12/site-packages/airflow/example_dags/tutorial_dag.py
[2024-12-03T21:12:24.703+0700] {processor.py:914} INFO - Processing file /home/tedubuamo/project/venv/lib/python3.12/site-packages/airflow/example_dags/tutorial_dag.py for tasks to queue
[2024-12-03T21:12:24.705+0700] {logging_mixin.py:190} INFO - [2024-12-03T21:12:24.704+0700] {dagbag.py:588} INFO - Filling up the DagBag from /home/tedubuamo/project/venv/lib/python3.12/site-packages/airflow/example_dags/tutorial_dag.py
[2024-12-03T21:12:24.710+0700] {processor.py:925} INFO - DAG(s) 'tutorial_dag' retrieved from /home/tedubuamo/project/venv/lib/python3.12/site-packages/airflow/example_dags/tutorial_dag.py
[2024-12-03T21:12:24.720+0700] {logging_mixin.py:190} INFO - [2024-12-03T21:12:24.720+0700] {dag.py:3239} INFO - Sync 1 DAGs
[2024-12-03T21:12:24.729+0700] {logging_mixin.py:190} INFO - [2024-12-03T21:12:24.729+0700] {dag.py:4180} INFO - Setting next_dagrun for tutorial_dag to None, run_after=None
[2024-12-03T21:12:24.745+0700] {processor.py:208} INFO - Processing /home/tedubuamo/project/venv/lib/python3.12/site-packages/airflow/example_dags/tutorial_dag.py took 0.047 seconds
[2024-12-03T21:13:10.157+0700] {processor.py:186} INFO - Started process (PID=3164) to work on /home/tedubuamo/project/venv/lib/python3.12/site-packages/airflow/example_dags/tutorial_dag.py
[2024-12-03T21:13:10.158+0700] {processor.py:914} INFO - Processing file /home/tedubuamo/project/venv/lib/python3.12/site-packages/airflow/example_dags/tutorial_dag.py for tasks to queue
[2024-12-03T21:13:10.160+0700] {logging_mixin.py:190} INFO - [2024-12-03T21:13:10.160+0700] {dagbag.py:588} INFO - Filling up the DagBag from /home/tedubuamo/project/venv/lib/python3.12/site-packages/airflow/example_dags/tutorial_dag.py
[2024-12-03T21:13:10.166+0700] {processor.py:925} INFO - DAG(s) 'tutorial_dag' retrieved from /home/tedubuamo/project/venv/lib/python3.12/site-packages/airflow/example_dags/tutorial_dag.py
[2024-12-03T21:13:10.177+0700] {logging_mixin.py:190} INFO - [2024-12-03T21:13:10.177+0700] {dag.py:3239} INFO - Sync 1 DAGs
[2024-12-03T21:13:10.186+0700] {logging_mixin.py:190} INFO - [2024-12-03T21:13:10.186+0700] {dag.py:4180} INFO - Setting next_dagrun for tutorial_dag to None, run_after=None
[2024-12-03T21:13:10.207+0700] {processor.py:208} INFO - Processing /home/tedubuamo/project/venv/lib/python3.12/site-packages/airflow/example_dags/tutorial_dag.py took 0.054 seconds
[2024-12-03T21:13:18.812+0700] {processor.py:186} INFO - Started process (PID=3181) to work on /home/tedubuamo/project/venv/lib/python3.12/site-packages/airflow/example_dags/tutorial_dag.py
[2024-12-03T21:13:18.812+0700] {processor.py:914} INFO - Processing file /home/tedubuamo/project/venv/lib/python3.12/site-packages/airflow/example_dags/tutorial_dag.py for tasks to queue
[2024-12-03T21:13:18.814+0700] {logging_mixin.py:190} INFO - [2024-12-03T21:13:18.814+0700] {dagbag.py:588} INFO - Filling up the DagBag from /home/tedubuamo/project/venv/lib/python3.12/site-packages/airflow/example_dags/tutorial_dag.py
[2024-12-03T21:13:18.820+0700] {processor.py:925} INFO - DAG(s) 'tutorial_dag' retrieved from /home/tedubuamo/project/venv/lib/python3.12/site-packages/airflow/example_dags/tutorial_dag.py
[2024-12-03T21:13:18.831+0700] {logging_mixin.py:190} INFO - [2024-12-03T21:13:18.830+0700] {dag.py:3239} INFO - Sync 1 DAGs
[2024-12-03T21:13:18.841+0700] {logging_mixin.py:190} INFO - [2024-12-03T21:13:18.840+0700] {dag.py:4180} INFO - Setting next_dagrun for tutorial_dag to None, run_after=None
[2024-12-03T21:13:18.861+0700] {processor.py:208} INFO - Processing /home/tedubuamo/project/venv/lib/python3.12/site-packages/airflow/example_dags/tutorial_dag.py took 0.053 seconds
[2024-12-03T21:14:01.980+0700] {processor.py:186} INFO - Started process (PID=3272) to work on /home/tedubuamo/project/venv/lib/python3.12/site-packages/airflow/example_dags/tutorial_dag.py
[2024-12-03T21:14:01.984+0700] {processor.py:914} INFO - Processing file /home/tedubuamo/project/venv/lib/python3.12/site-packages/airflow/example_dags/tutorial_dag.py for tasks to queue
[2024-12-03T21:14:01.985+0700] {logging_mixin.py:190} INFO - [2024-12-03T21:14:01.985+0700] {dagbag.py:588} INFO - Filling up the DagBag from /home/tedubuamo/project/venv/lib/python3.12/site-packages/airflow/example_dags/tutorial_dag.py
[2024-12-03T21:14:01.991+0700] {processor.py:925} INFO - DAG(s) 'tutorial_dag' retrieved from /home/tedubuamo/project/venv/lib/python3.12/site-packages/airflow/example_dags/tutorial_dag.py
[2024-12-03T21:14:02.001+0700] {logging_mixin.py:190} INFO - [2024-12-03T21:14:02.001+0700] {dag.py:3239} INFO - Sync 1 DAGs
[2024-12-03T21:14:02.010+0700] {logging_mixin.py:190} INFO - [2024-12-03T21:14:02.010+0700] {dag.py:4180} INFO - Setting next_dagrun for tutorial_dag to None, run_after=None
[2024-12-03T21:14:02.028+0700] {processor.py:208} INFO - Processing /home/tedubuamo/project/venv/lib/python3.12/site-packages/airflow/example_dags/tutorial_dag.py took 0.052 seconds
[2024-12-03T21:14:10.386+0700] {processor.py:186} INFO - Started process (PID=3289) to work on /home/tedubuamo/project/venv/lib/python3.12/site-packages/airflow/example_dags/tutorial_dag.py
[2024-12-03T21:14:10.386+0700] {processor.py:914} INFO - Processing file /home/tedubuamo/project/venv/lib/python3.12/site-packages/airflow/example_dags/tutorial_dag.py for tasks to queue
[2024-12-03T21:14:10.388+0700] {logging_mixin.py:190} INFO - [2024-12-03T21:14:10.388+0700] {dagbag.py:588} INFO - Filling up the DagBag from /home/tedubuamo/project/venv/lib/python3.12/site-packages/airflow/example_dags/tutorial_dag.py
[2024-12-03T21:14:10.394+0700] {processor.py:925} INFO - DAG(s) 'tutorial_dag' retrieved from /home/tedubuamo/project/venv/lib/python3.12/site-packages/airflow/example_dags/tutorial_dag.py
[2024-12-03T21:14:10.405+0700] {logging_mixin.py:190} INFO - [2024-12-03T21:14:10.405+0700] {dag.py:3239} INFO - Sync 1 DAGs
[2024-12-03T21:14:10.416+0700] {logging_mixin.py:190} INFO - [2024-12-03T21:14:10.415+0700] {dag.py:4180} INFO - Setting next_dagrun for tutorial_dag to None, run_after=None
[2024-12-03T21:14:10.435+0700] {processor.py:208} INFO - Processing /home/tedubuamo/project/venv/lib/python3.12/site-packages/airflow/example_dags/tutorial_dag.py took 0.053 seconds
[2024-12-03T21:14:53.815+0700] {processor.py:186} INFO - Started process (PID=3379) to work on /home/tedubuamo/project/venv/lib/python3.12/site-packages/airflow/example_dags/tutorial_dag.py
[2024-12-03T21:14:53.818+0700] {processor.py:914} INFO - Processing file /home/tedubuamo/project/venv/lib/python3.12/site-packages/airflow/example_dags/tutorial_dag.py for tasks to queue
[2024-12-03T21:14:53.820+0700] {logging_mixin.py:190} INFO - [2024-12-03T21:14:53.819+0700] {dagbag.py:588} INFO - Filling up the DagBag from /home/tedubuamo/project/venv/lib/python3.12/site-packages/airflow/example_dags/tutorial_dag.py
[2024-12-03T21:14:53.825+0700] {processor.py:925} INFO - DAG(s) 'tutorial_dag' retrieved from /home/tedubuamo/project/venv/lib/python3.12/site-packages/airflow/example_dags/tutorial_dag.py
[2024-12-03T21:14:53.835+0700] {logging_mixin.py:190} INFO - [2024-12-03T21:14:53.834+0700] {dag.py:3239} INFO - Sync 1 DAGs
[2024-12-03T21:14:53.843+0700] {logging_mixin.py:190} INFO - [2024-12-03T21:14:53.843+0700] {dag.py:4180} INFO - Setting next_dagrun for tutorial_dag to None, run_after=None
[2024-12-03T21:14:53.860+0700] {processor.py:208} INFO - Processing /home/tedubuamo/project/venv/lib/python3.12/site-packages/airflow/example_dags/tutorial_dag.py took 0.049 seconds
[2024-12-03T21:15:00.436+0700] {processor.py:186} INFO - Started process (PID=3393) to work on /home/tedubuamo/project/venv/lib/python3.12/site-packages/airflow/example_dags/tutorial_dag.py
[2024-12-03T21:15:00.437+0700] {processor.py:914} INFO - Processing file /home/tedubuamo/project/venv/lib/python3.12/site-packages/airflow/example_dags/tutorial_dag.py for tasks to queue
[2024-12-03T21:15:00.438+0700] {logging_mixin.py:190} INFO - [2024-12-03T21:15:00.438+0700] {dagbag.py:588} INFO - Filling up the DagBag from /home/tedubuamo/project/venv/lib/python3.12/site-packages/airflow/example_dags/tutorial_dag.py
[2024-12-03T21:15:00.443+0700] {processor.py:925} INFO - DAG(s) 'tutorial_dag' retrieved from /home/tedubuamo/project/venv/lib/python3.12/site-packages/airflow/example_dags/tutorial_dag.py
[2024-12-03T21:15:00.453+0700] {logging_mixin.py:190} INFO - [2024-12-03T21:15:00.453+0700] {dag.py:3239} INFO - Sync 1 DAGs
[2024-12-03T21:15:00.461+0700] {logging_mixin.py:190} INFO - [2024-12-03T21:15:00.461+0700] {dag.py:4180} INFO - Setting next_dagrun for tutorial_dag to None, run_after=None
[2024-12-03T21:15:00.478+0700] {processor.py:208} INFO - Processing /home/tedubuamo/project/venv/lib/python3.12/site-packages/airflow/example_dags/tutorial_dag.py took 0.046 seconds
[2024-12-03T21:15:43.850+0700] {processor.py:186} INFO - Started process (PID=3482) to work on /home/tedubuamo/project/venv/lib/python3.12/site-packages/airflow/example_dags/tutorial_dag.py
[2024-12-03T21:15:43.851+0700] {processor.py:914} INFO - Processing file /home/tedubuamo/project/venv/lib/python3.12/site-packages/airflow/example_dags/tutorial_dag.py for tasks to queue
[2024-12-03T21:15:43.853+0700] {logging_mixin.py:190} INFO - [2024-12-03T21:15:43.853+0700] {dagbag.py:588} INFO - Filling up the DagBag from /home/tedubuamo/project/venv/lib/python3.12/site-packages/airflow/example_dags/tutorial_dag.py
[2024-12-03T21:15:43.858+0700] {processor.py:925} INFO - DAG(s) 'tutorial_dag' retrieved from /home/tedubuamo/project/venv/lib/python3.12/site-packages/airflow/example_dags/tutorial_dag.py
[2024-12-03T21:15:43.869+0700] {logging_mixin.py:190} INFO - [2024-12-03T21:15:43.868+0700] {dag.py:3239} INFO - Sync 1 DAGs
[2024-12-03T21:15:43.877+0700] {logging_mixin.py:190} INFO - [2024-12-03T21:15:43.877+0700] {dag.py:4180} INFO - Setting next_dagrun for tutorial_dag to None, run_after=None
[2024-12-03T21:15:43.897+0700] {processor.py:208} INFO - Processing /home/tedubuamo/project/venv/lib/python3.12/site-packages/airflow/example_dags/tutorial_dag.py took 0.050 seconds
[2024-12-03T21:15:49.473+0700] {processor.py:186} INFO - Started process (PID=3493) to work on /home/tedubuamo/project/venv/lib/python3.12/site-packages/airflow/example_dags/tutorial_dag.py
[2024-12-03T21:15:49.474+0700] {processor.py:914} INFO - Processing file /home/tedubuamo/project/venv/lib/python3.12/site-packages/airflow/example_dags/tutorial_dag.py for tasks to queue
[2024-12-03T21:15:49.476+0700] {logging_mixin.py:190} INFO - [2024-12-03T21:15:49.475+0700] {dagbag.py:588} INFO - Filling up the DagBag from /home/tedubuamo/project/venv/lib/python3.12/site-packages/airflow/example_dags/tutorial_dag.py
[2024-12-03T21:15:49.482+0700] {processor.py:925} INFO - DAG(s) 'tutorial_dag' retrieved from /home/tedubuamo/project/venv/lib/python3.12/site-packages/airflow/example_dags/tutorial_dag.py
[2024-12-03T21:15:49.495+0700] {logging_mixin.py:190} INFO - [2024-12-03T21:15:49.494+0700] {dag.py:3239} INFO - Sync 1 DAGs
[2024-12-03T21:15:49.519+0700] {logging_mixin.py:190} INFO - [2024-12-03T21:15:49.518+0700] {dag.py:4180} INFO - Setting next_dagrun for tutorial_dag to None, run_after=None
[2024-12-03T21:15:49.560+0700] {processor.py:208} INFO - Processing /home/tedubuamo/project/venv/lib/python3.12/site-packages/airflow/example_dags/tutorial_dag.py took 0.092 seconds
[2024-12-03T21:16:36.130+0700] {processor.py:186} INFO - Started process (PID=3599) to work on /home/tedubuamo/project/venv/lib/python3.12/site-packages/airflow/example_dags/tutorial_dag.py
[2024-12-03T21:16:36.132+0700] {processor.py:914} INFO - Processing file /home/tedubuamo/project/venv/lib/python3.12/site-packages/airflow/example_dags/tutorial_dag.py for tasks to queue
[2024-12-03T21:16:36.133+0700] {logging_mixin.py:190} INFO - [2024-12-03T21:16:36.133+0700] {dagbag.py:588} INFO - Filling up the DagBag from /home/tedubuamo/project/venv/lib/python3.12/site-packages/airflow/example_dags/tutorial_dag.py
[2024-12-03T21:16:36.140+0700] {processor.py:925} INFO - DAG(s) 'tutorial_dag' retrieved from /home/tedubuamo/project/venv/lib/python3.12/site-packages/airflow/example_dags/tutorial_dag.py
[2024-12-03T21:16:36.150+0700] {logging_mixin.py:190} INFO - [2024-12-03T21:16:36.150+0700] {dag.py:3239} INFO - Sync 1 DAGs
[2024-12-03T21:16:36.159+0700] {logging_mixin.py:190} INFO - [2024-12-03T21:16:36.159+0700] {dag.py:4180} INFO - Setting next_dagrun for tutorial_dag to None, run_after=None
[2024-12-03T21:16:36.176+0700] {processor.py:208} INFO - Processing /home/tedubuamo/project/venv/lib/python3.12/site-packages/airflow/example_dags/tutorial_dag.py took 0.050 seconds
[2024-12-03T21:16:40.372+0700] {processor.py:186} INFO - Started process (PID=3619) to work on /home/tedubuamo/project/venv/lib/python3.12/site-packages/airflow/example_dags/tutorial_dag.py
[2024-12-03T21:16:40.374+0700] {processor.py:914} INFO - Processing file /home/tedubuamo/project/venv/lib/python3.12/site-packages/airflow/example_dags/tutorial_dag.py for tasks to queue
[2024-12-03T21:16:40.376+0700] {logging_mixin.py:190} INFO - [2024-12-03T21:16:40.376+0700] {dagbag.py:588} INFO - Filling up the DagBag from /home/tedubuamo/project/venv/lib/python3.12/site-packages/airflow/example_dags/tutorial_dag.py
[2024-12-03T21:16:40.385+0700] {processor.py:925} INFO - DAG(s) 'tutorial_dag' retrieved from /home/tedubuamo/project/venv/lib/python3.12/site-packages/airflow/example_dags/tutorial_dag.py
[2024-12-03T21:16:40.404+0700] {logging_mixin.py:190} INFO - [2024-12-03T21:16:40.403+0700] {dag.py:3239} INFO - Sync 1 DAGs
[2024-12-03T21:16:40.418+0700] {logging_mixin.py:190} INFO - [2024-12-03T21:16:40.418+0700] {dag.py:4180} INFO - Setting next_dagrun for tutorial_dag to None, run_after=None
[2024-12-03T21:16:40.438+0700] {processor.py:208} INFO - Processing /home/tedubuamo/project/venv/lib/python3.12/site-packages/airflow/example_dags/tutorial_dag.py took 0.073 seconds
[2024-12-03T21:17:30.535+0700] {processor.py:186} INFO - Started process (PID=3747) to work on /home/tedubuamo/project/venv/lib/python3.12/site-packages/airflow/example_dags/tutorial_dag.py
[2024-12-03T21:17:30.538+0700] {processor.py:914} INFO - Processing file /home/tedubuamo/project/venv/lib/python3.12/site-packages/airflow/example_dags/tutorial_dag.py for tasks to queue
[2024-12-03T21:17:30.540+0700] {logging_mixin.py:190} INFO - [2024-12-03T21:17:30.540+0700] {dagbag.py:588} INFO - Filling up the DagBag from /home/tedubuamo/project/venv/lib/python3.12/site-packages/airflow/example_dags/tutorial_dag.py
[2024-12-03T21:17:30.545+0700] {processor.py:925} INFO - DAG(s) 'tutorial_dag' retrieved from /home/tedubuamo/project/venv/lib/python3.12/site-packages/airflow/example_dags/tutorial_dag.py
[2024-12-03T21:17:30.555+0700] {logging_mixin.py:190} INFO - [2024-12-03T21:17:30.555+0700] {dag.py:3239} INFO - Sync 1 DAGs
[2024-12-03T21:17:30.563+0700] {logging_mixin.py:190} INFO - [2024-12-03T21:17:30.563+0700] {dag.py:4180} INFO - Setting next_dagrun for tutorial_dag to None, run_after=None
[2024-12-03T21:17:30.581+0700] {processor.py:208} INFO - Processing /home/tedubuamo/project/venv/lib/python3.12/site-packages/airflow/example_dags/tutorial_dag.py took 0.050 seconds
[2024-12-03T21:17:31.302+0700] {processor.py:186} INFO - Started process (PID=3748) to work on /home/tedubuamo/project/venv/lib/python3.12/site-packages/airflow/example_dags/tutorial_dag.py
[2024-12-03T21:17:31.304+0700] {processor.py:914} INFO - Processing file /home/tedubuamo/project/venv/lib/python3.12/site-packages/airflow/example_dags/tutorial_dag.py for tasks to queue
[2024-12-03T21:17:31.305+0700] {logging_mixin.py:190} INFO - [2024-12-03T21:17:31.305+0700] {dagbag.py:588} INFO - Filling up the DagBag from /home/tedubuamo/project/venv/lib/python3.12/site-packages/airflow/example_dags/tutorial_dag.py
[2024-12-03T21:17:31.311+0700] {processor.py:925} INFO - DAG(s) 'tutorial_dag' retrieved from /home/tedubuamo/project/venv/lib/python3.12/site-packages/airflow/example_dags/tutorial_dag.py
[2024-12-03T21:17:31.323+0700] {logging_mixin.py:190} INFO - [2024-12-03T21:17:31.323+0700] {dag.py:3239} INFO - Sync 1 DAGs
[2024-12-03T21:17:31.334+0700] {logging_mixin.py:190} INFO - [2024-12-03T21:17:31.334+0700] {dag.py:4180} INFO - Setting next_dagrun for tutorial_dag to None, run_after=None
[2024-12-03T21:17:31.353+0700] {processor.py:208} INFO - Processing /home/tedubuamo/project/venv/lib/python3.12/site-packages/airflow/example_dags/tutorial_dag.py took 0.055 seconds
[2024-12-03T21:19:15.195+0700] {processor.py:186} INFO - Started process (PID=3956) to work on /home/tedubuamo/project/venv/lib/python3.12/site-packages/airflow/example_dags/tutorial_dag.py
[2024-12-03T21:19:15.196+0700] {processor.py:914} INFO - Processing file /home/tedubuamo/project/venv/lib/python3.12/site-packages/airflow/example_dags/tutorial_dag.py for tasks to queue
[2024-12-03T21:19:15.198+0700] {logging_mixin.py:190} INFO - [2024-12-03T21:19:15.198+0700] {dagbag.py:588} INFO - Filling up the DagBag from /home/tedubuamo/project/venv/lib/python3.12/site-packages/airflow/example_dags/tutorial_dag.py
[2024-12-03T21:19:15.204+0700] {processor.py:925} INFO - DAG(s) 'tutorial_dag' retrieved from /home/tedubuamo/project/venv/lib/python3.12/site-packages/airflow/example_dags/tutorial_dag.py
[2024-12-03T21:19:15.269+0700] {logging_mixin.py:190} INFO - [2024-12-03T21:19:15.269+0700] {dag.py:3239} INFO - Sync 1 DAGs
[2024-12-03T21:19:15.277+0700] {logging_mixin.py:190} INFO - [2024-12-03T21:19:15.277+0700] {dag.py:4180} INFO - Setting next_dagrun for tutorial_dag to None, run_after=None
[2024-12-03T21:19:15.296+0700] {processor.py:208} INFO - Processing /home/tedubuamo/project/venv/lib/python3.12/site-packages/airflow/example_dags/tutorial_dag.py took 0.105 seconds
[2024-12-03T21:20:12.848+0700] {processor.py:186} INFO - Started process (PID=4014) to work on /home/tedubuamo/project/venv/lib/python3.12/site-packages/airflow/example_dags/tutorial_dag.py
[2024-12-03T21:20:12.849+0700] {processor.py:914} INFO - Processing file /home/tedubuamo/project/venv/lib/python3.12/site-packages/airflow/example_dags/tutorial_dag.py for tasks to queue
[2024-12-03T21:20:12.851+0700] {logging_mixin.py:190} INFO - [2024-12-03T21:20:12.851+0700] {dagbag.py:588} INFO - Filling up the DagBag from /home/tedubuamo/project/venv/lib/python3.12/site-packages/airflow/example_dags/tutorial_dag.py
[2024-12-03T21:20:12.856+0700] {processor.py:925} INFO - DAG(s) 'tutorial_dag' retrieved from /home/tedubuamo/project/venv/lib/python3.12/site-packages/airflow/example_dags/tutorial_dag.py
[2024-12-03T21:20:12.867+0700] {logging_mixin.py:190} INFO - [2024-12-03T21:20:12.866+0700] {dag.py:3239} INFO - Sync 1 DAGs
[2024-12-03T21:20:12.875+0700] {logging_mixin.py:190} INFO - [2024-12-03T21:20:12.875+0700] {dag.py:4180} INFO - Setting next_dagrun for tutorial_dag to None, run_after=None
[2024-12-03T21:20:12.892+0700] {processor.py:208} INFO - Processing /home/tedubuamo/project/venv/lib/python3.12/site-packages/airflow/example_dags/tutorial_dag.py took 0.048 seconds
[2024-12-03T21:21:14.247+0700] {processor.py:186} INFO - Started process (PID=4117) to work on /home/tedubuamo/project/venv/lib/python3.12/site-packages/airflow/example_dags/tutorial_dag.py
[2024-12-03T21:21:14.251+0700] {processor.py:914} INFO - Processing file /home/tedubuamo/project/venv/lib/python3.12/site-packages/airflow/example_dags/tutorial_dag.py for tasks to queue
[2024-12-03T21:21:14.253+0700] {logging_mixin.py:190} INFO - [2024-12-03T21:21:14.252+0700] {dagbag.py:588} INFO - Filling up the DagBag from /home/tedubuamo/project/venv/lib/python3.12/site-packages/airflow/example_dags/tutorial_dag.py
[2024-12-03T21:21:14.259+0700] {processor.py:925} INFO - DAG(s) 'tutorial_dag' retrieved from /home/tedubuamo/project/venv/lib/python3.12/site-packages/airflow/example_dags/tutorial_dag.py
[2024-12-03T21:21:14.269+0700] {logging_mixin.py:190} INFO - [2024-12-03T21:21:14.269+0700] {dag.py:3239} INFO - Sync 1 DAGs
[2024-12-03T21:21:14.278+0700] {logging_mixin.py:190} INFO - [2024-12-03T21:21:14.278+0700] {dag.py:4180} INFO - Setting next_dagrun for tutorial_dag to None, run_after=None
[2024-12-03T21:21:14.295+0700] {processor.py:208} INFO - Processing /home/tedubuamo/project/venv/lib/python3.12/site-packages/airflow/example_dags/tutorial_dag.py took 0.052 seconds
[2024-12-03T21:22:11.961+0700] {processor.py:186} INFO - Started process (PID=4196) to work on /home/tedubuamo/project/venv/lib/python3.12/site-packages/airflow/example_dags/tutorial_dag.py
[2024-12-03T21:22:11.963+0700] {processor.py:914} INFO - Processing file /home/tedubuamo/project/venv/lib/python3.12/site-packages/airflow/example_dags/tutorial_dag.py for tasks to queue
[2024-12-03T21:22:11.965+0700] {logging_mixin.py:190} INFO - [2024-12-03T21:22:11.964+0700] {dagbag.py:588} INFO - Filling up the DagBag from /home/tedubuamo/project/venv/lib/python3.12/site-packages/airflow/example_dags/tutorial_dag.py
[2024-12-03T21:22:11.972+0700] {processor.py:925} INFO - DAG(s) 'tutorial_dag' retrieved from /home/tedubuamo/project/venv/lib/python3.12/site-packages/airflow/example_dags/tutorial_dag.py
[2024-12-03T21:22:11.984+0700] {logging_mixin.py:190} INFO - [2024-12-03T21:22:11.984+0700] {dag.py:3239} INFO - Sync 1 DAGs
[2024-12-03T21:22:11.998+0700] {logging_mixin.py:190} INFO - [2024-12-03T21:22:11.997+0700] {dag.py:4180} INFO - Setting next_dagrun for tutorial_dag to None, run_after=None
[2024-12-03T21:22:12.017+0700] {processor.py:208} INFO - Processing /home/tedubuamo/project/venv/lib/python3.12/site-packages/airflow/example_dags/tutorial_dag.py took 0.060 seconds
[2024-12-03T21:23:05.621+0700] {processor.py:186} INFO - Started process (PID=4273) to work on /home/tedubuamo/project/venv/lib/python3.12/site-packages/airflow/example_dags/tutorial_dag.py
[2024-12-03T21:23:05.625+0700] {processor.py:914} INFO - Processing file /home/tedubuamo/project/venv/lib/python3.12/site-packages/airflow/example_dags/tutorial_dag.py for tasks to queue
[2024-12-03T21:23:05.627+0700] {logging_mixin.py:190} INFO - [2024-12-03T21:23:05.626+0700] {dagbag.py:588} INFO - Filling up the DagBag from /home/tedubuamo/project/venv/lib/python3.12/site-packages/airflow/example_dags/tutorial_dag.py
[2024-12-03T21:23:05.633+0700] {processor.py:925} INFO - DAG(s) 'tutorial_dag' retrieved from /home/tedubuamo/project/venv/lib/python3.12/site-packages/airflow/example_dags/tutorial_dag.py
[2024-12-03T21:23:05.645+0700] {logging_mixin.py:190} INFO - [2024-12-03T21:23:05.644+0700] {dag.py:3239} INFO - Sync 1 DAGs
[2024-12-03T21:23:05.654+0700] {logging_mixin.py:190} INFO - [2024-12-03T21:23:05.654+0700] {dag.py:4180} INFO - Setting next_dagrun for tutorial_dag to None, run_after=None
[2024-12-03T21:23:05.674+0700] {processor.py:208} INFO - Processing /home/tedubuamo/project/venv/lib/python3.12/site-packages/airflow/example_dags/tutorial_dag.py took 0.057 seconds
[2024-12-03T21:24:09.285+0700] {processor.py:186} INFO - Started process (PID=4358) to work on /home/tedubuamo/project/venv/lib/python3.12/site-packages/airflow/example_dags/tutorial_dag.py
[2024-12-03T21:24:09.286+0700] {processor.py:914} INFO - Processing file /home/tedubuamo/project/venv/lib/python3.12/site-packages/airflow/example_dags/tutorial_dag.py for tasks to queue
[2024-12-03T21:24:09.288+0700] {logging_mixin.py:190} INFO - [2024-12-03T21:24:09.288+0700] {dagbag.py:588} INFO - Filling up the DagBag from /home/tedubuamo/project/venv/lib/python3.12/site-packages/airflow/example_dags/tutorial_dag.py
[2024-12-03T21:24:09.294+0700] {processor.py:925} INFO - DAG(s) 'tutorial_dag' retrieved from /home/tedubuamo/project/venv/lib/python3.12/site-packages/airflow/example_dags/tutorial_dag.py
[2024-12-03T21:24:09.305+0700] {logging_mixin.py:190} INFO - [2024-12-03T21:24:09.305+0700] {dag.py:3239} INFO - Sync 1 DAGs
[2024-12-03T21:24:09.314+0700] {logging_mixin.py:190} INFO - [2024-12-03T21:24:09.314+0700] {dag.py:4180} INFO - Setting next_dagrun for tutorial_dag to None, run_after=None
[2024-12-03T21:24:09.333+0700] {processor.py:208} INFO - Processing /home/tedubuamo/project/venv/lib/python3.12/site-packages/airflow/example_dags/tutorial_dag.py took 0.052 seconds
[2024-12-03T21:25:01.784+0700] {processor.py:186} INFO - Started process (PID=4415) to work on /home/tedubuamo/project/venv/lib/python3.12/site-packages/airflow/example_dags/tutorial_dag.py
[2024-12-03T21:25:01.785+0700] {processor.py:914} INFO - Processing file /home/tedubuamo/project/venv/lib/python3.12/site-packages/airflow/example_dags/tutorial_dag.py for tasks to queue
[2024-12-03T21:25:01.786+0700] {logging_mixin.py:190} INFO - [2024-12-03T21:25:01.786+0700] {dagbag.py:588} INFO - Filling up the DagBag from /home/tedubuamo/project/venv/lib/python3.12/site-packages/airflow/example_dags/tutorial_dag.py
[2024-12-03T21:25:01.793+0700] {processor.py:925} INFO - DAG(s) 'tutorial_dag' retrieved from /home/tedubuamo/project/venv/lib/python3.12/site-packages/airflow/example_dags/tutorial_dag.py
[2024-12-03T21:25:01.804+0700] {logging_mixin.py:190} INFO - [2024-12-03T21:25:01.803+0700] {dag.py:3239} INFO - Sync 1 DAGs
[2024-12-03T21:25:01.813+0700] {logging_mixin.py:190} INFO - [2024-12-03T21:25:01.813+0700] {dag.py:4180} INFO - Setting next_dagrun for tutorial_dag to None, run_after=None
[2024-12-03T21:25:01.832+0700] {processor.py:208} INFO - Processing /home/tedubuamo/project/venv/lib/python3.12/site-packages/airflow/example_dags/tutorial_dag.py took 0.052 seconds
[2024-12-03T21:26:02.871+0700] {processor.py:186} INFO - Started process (PID=4503) to work on /home/tedubuamo/project/venv/lib/python3.12/site-packages/airflow/example_dags/tutorial_dag.py
[2024-12-03T21:26:02.873+0700] {processor.py:914} INFO - Processing file /home/tedubuamo/project/venv/lib/python3.12/site-packages/airflow/example_dags/tutorial_dag.py for tasks to queue
[2024-12-03T21:26:02.875+0700] {logging_mixin.py:190} INFO - [2024-12-03T21:26:02.874+0700] {dagbag.py:588} INFO - Filling up the DagBag from /home/tedubuamo/project/venv/lib/python3.12/site-packages/airflow/example_dags/tutorial_dag.py
[2024-12-03T21:26:02.881+0700] {processor.py:925} INFO - DAG(s) 'tutorial_dag' retrieved from /home/tedubuamo/project/venv/lib/python3.12/site-packages/airflow/example_dags/tutorial_dag.py
[2024-12-03T21:26:02.894+0700] {logging_mixin.py:190} INFO - [2024-12-03T21:26:02.894+0700] {dag.py:3239} INFO - Sync 1 DAGs
[2024-12-03T21:26:02.905+0700] {logging_mixin.py:190} INFO - [2024-12-03T21:26:02.905+0700] {dag.py:4180} INFO - Setting next_dagrun for tutorial_dag to None, run_after=None
[2024-12-03T21:26:02.925+0700] {processor.py:208} INFO - Processing /home/tedubuamo/project/venv/lib/python3.12/site-packages/airflow/example_dags/tutorial_dag.py took 0.057 seconds
[2024-12-03T21:26:58.954+0700] {processor.py:186} INFO - Started process (PID=4561) to work on /home/tedubuamo/project/venv/lib/python3.12/site-packages/airflow/example_dags/tutorial_dag.py
[2024-12-03T21:26:58.958+0700] {processor.py:914} INFO - Processing file /home/tedubuamo/project/venv/lib/python3.12/site-packages/airflow/example_dags/tutorial_dag.py for tasks to queue
[2024-12-03T21:26:58.960+0700] {logging_mixin.py:190} INFO - [2024-12-03T21:26:58.959+0700] {dagbag.py:588} INFO - Filling up the DagBag from /home/tedubuamo/project/venv/lib/python3.12/site-packages/airflow/example_dags/tutorial_dag.py
[2024-12-03T21:26:58.967+0700] {processor.py:925} INFO - DAG(s) 'tutorial_dag' retrieved from /home/tedubuamo/project/venv/lib/python3.12/site-packages/airflow/example_dags/tutorial_dag.py
[2024-12-03T21:26:58.977+0700] {logging_mixin.py:190} INFO - [2024-12-03T21:26:58.977+0700] {dag.py:3239} INFO - Sync 1 DAGs
[2024-12-03T21:26:58.988+0700] {logging_mixin.py:190} INFO - [2024-12-03T21:26:58.988+0700] {dag.py:4180} INFO - Setting next_dagrun for tutorial_dag to None, run_after=None
[2024-12-03T21:26:59.008+0700] {processor.py:208} INFO - Processing /home/tedubuamo/project/venv/lib/python3.12/site-packages/airflow/example_dags/tutorial_dag.py took 0.059 seconds
[2024-12-03T21:27:51.009+0700] {processor.py:186} INFO - Started process (PID=4632) to work on /home/tedubuamo/project/venv/lib/python3.12/site-packages/airflow/example_dags/tutorial_dag.py
[2024-12-03T21:27:51.011+0700] {processor.py:914} INFO - Processing file /home/tedubuamo/project/venv/lib/python3.12/site-packages/airflow/example_dags/tutorial_dag.py for tasks to queue
[2024-12-03T21:27:51.013+0700] {logging_mixin.py:190} INFO - [2024-12-03T21:27:51.012+0700] {dagbag.py:588} INFO - Filling up the DagBag from /home/tedubuamo/project/venv/lib/python3.12/site-packages/airflow/example_dags/tutorial_dag.py
[2024-12-03T21:27:51.020+0700] {processor.py:925} INFO - DAG(s) 'tutorial_dag' retrieved from /home/tedubuamo/project/venv/lib/python3.12/site-packages/airflow/example_dags/tutorial_dag.py
[2024-12-03T21:27:51.035+0700] {logging_mixin.py:190} INFO - [2024-12-03T21:27:51.035+0700] {dag.py:3239} INFO - Sync 1 DAGs
[2024-12-03T21:27:51.047+0700] {logging_mixin.py:190} INFO - [2024-12-03T21:27:51.046+0700] {dag.py:4180} INFO - Setting next_dagrun for tutorial_dag to None, run_after=None
[2024-12-03T21:27:51.068+0700] {processor.py:208} INFO - Processing /home/tedubuamo/project/venv/lib/python3.12/site-packages/airflow/example_dags/tutorial_dag.py took 0.065 seconds
[2024-12-03T21:28:45.822+0700] {processor.py:186} INFO - Started process (PID=4741) to work on /home/tedubuamo/project/venv/lib/python3.12/site-packages/airflow/example_dags/tutorial_dag.py
[2024-12-03T21:28:45.823+0700] {processor.py:914} INFO - Processing file /home/tedubuamo/project/venv/lib/python3.12/site-packages/airflow/example_dags/tutorial_dag.py for tasks to queue
[2024-12-03T21:28:45.825+0700] {logging_mixin.py:190} INFO - [2024-12-03T21:28:45.825+0700] {dagbag.py:588} INFO - Filling up the DagBag from /home/tedubuamo/project/venv/lib/python3.12/site-packages/airflow/example_dags/tutorial_dag.py
[2024-12-03T21:28:45.831+0700] {processor.py:925} INFO - DAG(s) 'tutorial_dag' retrieved from /home/tedubuamo/project/venv/lib/python3.12/site-packages/airflow/example_dags/tutorial_dag.py
[2024-12-03T21:28:45.845+0700] {logging_mixin.py:190} INFO - [2024-12-03T21:28:45.844+0700] {dag.py:3239} INFO - Sync 1 DAGs
[2024-12-03T21:28:45.856+0700] {logging_mixin.py:190} INFO - [2024-12-03T21:28:45.855+0700] {dag.py:4180} INFO - Setting next_dagrun for tutorial_dag to None, run_after=None
[2024-12-03T21:28:45.879+0700] {processor.py:208} INFO - Processing /home/tedubuamo/project/venv/lib/python3.12/site-packages/airflow/example_dags/tutorial_dag.py took 0.061 seconds
[2024-12-03T21:29:39.093+0700] {processor.py:186} INFO - Started process (PID=4829) to work on /home/tedubuamo/project/venv/lib/python3.12/site-packages/airflow/example_dags/tutorial_dag.py
[2024-12-03T21:29:39.094+0700] {processor.py:914} INFO - Processing file /home/tedubuamo/project/venv/lib/python3.12/site-packages/airflow/example_dags/tutorial_dag.py for tasks to queue
[2024-12-03T21:29:39.098+0700] {logging_mixin.py:190} INFO - [2024-12-03T21:29:39.097+0700] {dagbag.py:588} INFO - Filling up the DagBag from /home/tedubuamo/project/venv/lib/python3.12/site-packages/airflow/example_dags/tutorial_dag.py
[2024-12-03T21:29:39.106+0700] {processor.py:925} INFO - DAG(s) 'tutorial_dag' retrieved from /home/tedubuamo/project/venv/lib/python3.12/site-packages/airflow/example_dags/tutorial_dag.py
[2024-12-03T21:29:39.119+0700] {logging_mixin.py:190} INFO - [2024-12-03T21:29:39.119+0700] {dag.py:3239} INFO - Sync 1 DAGs
[2024-12-03T21:29:39.129+0700] {logging_mixin.py:190} INFO - [2024-12-03T21:29:39.129+0700] {dag.py:4180} INFO - Setting next_dagrun for tutorial_dag to None, run_after=None
[2024-12-03T21:29:39.155+0700] {processor.py:208} INFO - Processing /home/tedubuamo/project/venv/lib/python3.12/site-packages/airflow/example_dags/tutorial_dag.py took 0.067 seconds
[2024-12-03T21:30:34.216+0700] {processor.py:186} INFO - Started process (PID=4888) to work on /home/tedubuamo/project/venv/lib/python3.12/site-packages/airflow/example_dags/tutorial_dag.py
[2024-12-03T21:30:34.217+0700] {processor.py:914} INFO - Processing file /home/tedubuamo/project/venv/lib/python3.12/site-packages/airflow/example_dags/tutorial_dag.py for tasks to queue
[2024-12-03T21:30:34.219+0700] {logging_mixin.py:190} INFO - [2024-12-03T21:30:34.218+0700] {dagbag.py:588} INFO - Filling up the DagBag from /home/tedubuamo/project/venv/lib/python3.12/site-packages/airflow/example_dags/tutorial_dag.py
[2024-12-03T21:30:34.224+0700] {processor.py:925} INFO - DAG(s) 'tutorial_dag' retrieved from /home/tedubuamo/project/venv/lib/python3.12/site-packages/airflow/example_dags/tutorial_dag.py
[2024-12-03T21:30:34.234+0700] {logging_mixin.py:190} INFO - [2024-12-03T21:30:34.234+0700] {dag.py:3239} INFO - Sync 1 DAGs
[2024-12-03T21:30:34.243+0700] {logging_mixin.py:190} INFO - [2024-12-03T21:30:34.243+0700] {dag.py:4180} INFO - Setting next_dagrun for tutorial_dag to None, run_after=None
[2024-12-03T21:30:34.261+0700] {processor.py:208} INFO - Processing /home/tedubuamo/project/venv/lib/python3.12/site-packages/airflow/example_dags/tutorial_dag.py took 0.050 seconds
[2024-12-03T21:31:27.430+0700] {processor.py:186} INFO - Started process (PID=4962) to work on /home/tedubuamo/project/venv/lib/python3.12/site-packages/airflow/example_dags/tutorial_dag.py
[2024-12-03T21:31:27.434+0700] {processor.py:914} INFO - Processing file /home/tedubuamo/project/venv/lib/python3.12/site-packages/airflow/example_dags/tutorial_dag.py for tasks to queue
[2024-12-03T21:31:27.435+0700] {logging_mixin.py:190} INFO - [2024-12-03T21:31:27.435+0700] {dagbag.py:588} INFO - Filling up the DagBag from /home/tedubuamo/project/venv/lib/python3.12/site-packages/airflow/example_dags/tutorial_dag.py
[2024-12-03T21:31:27.442+0700] {processor.py:925} INFO - DAG(s) 'tutorial_dag' retrieved from /home/tedubuamo/project/venv/lib/python3.12/site-packages/airflow/example_dags/tutorial_dag.py
[2024-12-03T21:31:27.456+0700] {logging_mixin.py:190} INFO - [2024-12-03T21:31:27.456+0700] {dag.py:3239} INFO - Sync 1 DAGs
[2024-12-03T21:31:27.467+0700] {logging_mixin.py:190} INFO - [2024-12-03T21:31:27.466+0700] {dag.py:4180} INFO - Setting next_dagrun for tutorial_dag to None, run_after=None
[2024-12-03T21:31:27.485+0700] {processor.py:208} INFO - Processing /home/tedubuamo/project/venv/lib/python3.12/site-packages/airflow/example_dags/tutorial_dag.py took 0.059 seconds
