[2024-12-03T20:58:13.190+0700] {processor.py:186} INFO - Started process (PID=1665) to work on /home/tedubuamo/project/venv/lib/python3.12/site-packages/airflow/example_dags/tutorial_taskflow_templates.py
[2024-12-03T20:58:13.190+0700] {processor.py:914} INFO - Processing file /home/tedubuamo/project/venv/lib/python3.12/site-packages/airflow/example_dags/tutorial_taskflow_templates.py for tasks to queue
[2024-12-03T20:58:13.192+0700] {logging_mixin.py:190} INFO - [2024-12-03T20:58:13.191+0700] {dagbag.py:588} INFO - Filling up the DagBag from /home/tedubuamo/project/venv/lib/python3.12/site-packages/airflow/example_dags/tutorial_taskflow_templates.py
[2024-12-03T20:58:13.200+0700] {processor.py:925} INFO - DAG(s) 'tutorial_taskflow_templates' retrieved from /home/tedubuamo/project/venv/lib/python3.12/site-packages/airflow/example_dags/tutorial_taskflow_templates.py
[2024-12-03T20:58:13.262+0700] {logging_mixin.py:190} INFO - [2024-12-03T20:58:13.262+0700] {dag.py:3239} INFO - Sync 1 DAGs
[2024-12-03T20:58:13.274+0700] {logging_mixin.py:190} INFO - [2024-12-03T20:58:13.274+0700] {dag.py:4180} INFO - Setting next_dagrun for tutorial_taskflow_templates to 2024-12-02 00:00:00+00:00, run_after=2024-12-03 00:00:00+00:00
[2024-12-03T20:58:13.293+0700] {processor.py:208} INFO - Processing /home/tedubuamo/project/venv/lib/python3.12/site-packages/airflow/example_dags/tutorial_taskflow_templates.py took 0.107 seconds
[2024-12-03T20:59:08.536+0700] {processor.py:186} INFO - Started process (PID=1722) to work on /home/tedubuamo/project/venv/lib/python3.12/site-packages/airflow/example_dags/tutorial_taskflow_templates.py
[2024-12-03T20:59:08.539+0700] {processor.py:914} INFO - Processing file /home/tedubuamo/project/venv/lib/python3.12/site-packages/airflow/example_dags/tutorial_taskflow_templates.py for tasks to queue
[2024-12-03T20:59:08.541+0700] {logging_mixin.py:190} INFO - [2024-12-03T20:59:08.541+0700] {dagbag.py:588} INFO - Filling up the DagBag from /home/tedubuamo/project/venv/lib/python3.12/site-packages/airflow/example_dags/tutorial_taskflow_templates.py
[2024-12-03T20:59:08.551+0700] {processor.py:925} INFO - DAG(s) 'tutorial_taskflow_templates' retrieved from /home/tedubuamo/project/venv/lib/python3.12/site-packages/airflow/example_dags/tutorial_taskflow_templates.py
[2024-12-03T20:59:08.562+0700] {logging_mixin.py:190} INFO - [2024-12-03T20:59:08.562+0700] {dag.py:3239} INFO - Sync 1 DAGs
[2024-12-03T20:59:08.576+0700] {logging_mixin.py:190} INFO - [2024-12-03T20:59:08.576+0700] {dag.py:4180} INFO - Setting next_dagrun for tutorial_taskflow_templates to 2024-12-02 00:00:00+00:00, run_after=2024-12-03 00:00:00+00:00
[2024-12-03T20:59:08.594+0700] {processor.py:208} INFO - Processing /home/tedubuamo/project/venv/lib/python3.12/site-packages/airflow/example_dags/tutorial_taskflow_templates.py took 0.063 seconds
[2024-12-03T21:00:23.311+0700] {processor.py:186} INFO - Started process (PID=1799) to work on /home/tedubuamo/project/venv/lib/python3.12/site-packages/airflow/example_dags/tutorial_taskflow_templates.py
[2024-12-03T21:00:23.312+0700] {processor.py:914} INFO - Processing file /home/tedubuamo/project/venv/lib/python3.12/site-packages/airflow/example_dags/tutorial_taskflow_templates.py for tasks to queue
[2024-12-03T21:00:23.313+0700] {logging_mixin.py:190} INFO - [2024-12-03T21:00:23.313+0700] {dagbag.py:588} INFO - Filling up the DagBag from /home/tedubuamo/project/venv/lib/python3.12/site-packages/airflow/example_dags/tutorial_taskflow_templates.py
[2024-12-03T21:00:23.323+0700] {processor.py:925} INFO - DAG(s) 'tutorial_taskflow_templates' retrieved from /home/tedubuamo/project/venv/lib/python3.12/site-packages/airflow/example_dags/tutorial_taskflow_templates.py
[2024-12-03T21:00:23.333+0700] {logging_mixin.py:190} INFO - [2024-12-03T21:00:23.333+0700] {dag.py:3239} INFO - Sync 1 DAGs
[2024-12-03T21:00:23.349+0700] {logging_mixin.py:190} INFO - [2024-12-03T21:00:23.349+0700] {dag.py:4180} INFO - Setting next_dagrun for tutorial_taskflow_templates to 2024-12-02 00:00:00+00:00, run_after=2024-12-03 00:00:00+00:00
[2024-12-03T21:00:23.365+0700] {processor.py:208} INFO - Processing /home/tedubuamo/project/venv/lib/python3.12/site-packages/airflow/example_dags/tutorial_taskflow_templates.py took 0.059 seconds
[2024-12-03T21:05:37.945+0700] {processor.py:186} INFO - Started process (PID=2055) to work on /home/tedubuamo/project/venv/lib/python3.12/site-packages/airflow/example_dags/tutorial_taskflow_templates.py
[2024-12-03T21:05:37.948+0700] {processor.py:914} INFO - Processing file /home/tedubuamo/project/venv/lib/python3.12/site-packages/airflow/example_dags/tutorial_taskflow_templates.py for tasks to queue
[2024-12-03T21:05:37.950+0700] {logging_mixin.py:190} INFO - [2024-12-03T21:05:37.950+0700] {dagbag.py:588} INFO - Filling up the DagBag from /home/tedubuamo/project/venv/lib/python3.12/site-packages/airflow/example_dags/tutorial_taskflow_templates.py
[2024-12-03T21:05:37.959+0700] {processor.py:925} INFO - DAG(s) 'tutorial_taskflow_templates' retrieved from /home/tedubuamo/project/venv/lib/python3.12/site-packages/airflow/example_dags/tutorial_taskflow_templates.py
[2024-12-03T21:05:37.970+0700] {logging_mixin.py:190} INFO - [2024-12-03T21:05:37.970+0700] {dag.py:3239} INFO - Sync 1 DAGs
[2024-12-03T21:05:37.984+0700] {logging_mixin.py:190} INFO - [2024-12-03T21:05:37.984+0700] {dag.py:4180} INFO - Setting next_dagrun for tutorial_taskflow_templates to 2024-12-02 00:00:00+00:00, run_after=2024-12-03 00:00:00+00:00
[2024-12-03T21:05:38.002+0700] {processor.py:208} INFO - Processing /home/tedubuamo/project/venv/lib/python3.12/site-packages/airflow/example_dags/tutorial_taskflow_templates.py took 0.061 seconds
[2024-12-03T21:06:32.398+0700] {processor.py:186} INFO - Started process (PID=2216) to work on /home/tedubuamo/project/venv/lib/python3.12/site-packages/airflow/example_dags/tutorial_taskflow_templates.py
[2024-12-03T21:06:32.399+0700] {processor.py:914} INFO - Processing file /home/tedubuamo/project/venv/lib/python3.12/site-packages/airflow/example_dags/tutorial_taskflow_templates.py for tasks to queue
[2024-12-03T21:06:32.401+0700] {logging_mixin.py:190} INFO - [2024-12-03T21:06:32.401+0700] {dagbag.py:588} INFO - Filling up the DagBag from /home/tedubuamo/project/venv/lib/python3.12/site-packages/airflow/example_dags/tutorial_taskflow_templates.py
[2024-12-03T21:06:32.411+0700] {processor.py:925} INFO - DAG(s) 'tutorial_taskflow_templates' retrieved from /home/tedubuamo/project/venv/lib/python3.12/site-packages/airflow/example_dags/tutorial_taskflow_templates.py
[2024-12-03T21:06:32.422+0700] {logging_mixin.py:190} INFO - [2024-12-03T21:06:32.422+0700] {dag.py:3239} INFO - Sync 1 DAGs
[2024-12-03T21:06:32.437+0700] {logging_mixin.py:190} INFO - [2024-12-03T21:06:32.437+0700] {dag.py:4180} INFO - Setting next_dagrun for tutorial_taskflow_templates to 2024-12-02 00:00:00+00:00, run_after=2024-12-03 00:00:00+00:00
[2024-12-03T21:06:32.454+0700] {processor.py:208} INFO - Processing /home/tedubuamo/project/venv/lib/python3.12/site-packages/airflow/example_dags/tutorial_taskflow_templates.py took 0.060 seconds
[2024-12-03T21:06:34.400+0700] {processor.py:186} INFO - Started process (PID=2221) to work on /home/tedubuamo/project/venv/lib/python3.12/site-packages/airflow/example_dags/tutorial_taskflow_templates.py
[2024-12-03T21:06:34.402+0700] {processor.py:914} INFO - Processing file /home/tedubuamo/project/venv/lib/python3.12/site-packages/airflow/example_dags/tutorial_taskflow_templates.py for tasks to queue
[2024-12-03T21:06:34.403+0700] {logging_mixin.py:190} INFO - [2024-12-03T21:06:34.403+0700] {dagbag.py:588} INFO - Filling up the DagBag from /home/tedubuamo/project/venv/lib/python3.12/site-packages/airflow/example_dags/tutorial_taskflow_templates.py
[2024-12-03T21:06:34.414+0700] {processor.py:925} INFO - DAG(s) 'tutorial_taskflow_templates' retrieved from /home/tedubuamo/project/venv/lib/python3.12/site-packages/airflow/example_dags/tutorial_taskflow_templates.py
[2024-12-03T21:06:34.425+0700] {logging_mixin.py:190} INFO - [2024-12-03T21:06:34.425+0700] {dag.py:3239} INFO - Sync 1 DAGs
[2024-12-03T21:06:34.439+0700] {logging_mixin.py:190} INFO - [2024-12-03T21:06:34.439+0700] {dag.py:4180} INFO - Setting next_dagrun for tutorial_taskflow_templates to 2024-12-02 00:00:00+00:00, run_after=2024-12-03 00:00:00+00:00
[2024-12-03T21:06:34.455+0700] {processor.py:208} INFO - Processing /home/tedubuamo/project/venv/lib/python3.12/site-packages/airflow/example_dags/tutorial_taskflow_templates.py took 0.059 seconds
[2024-12-03T21:07:28.153+0700] {processor.py:186} INFO - Started process (PID=2427) to work on /home/tedubuamo/project/venv/lib/python3.12/site-packages/airflow/example_dags/tutorial_taskflow_templates.py
[2024-12-03T21:07:28.154+0700] {processor.py:914} INFO - Processing file /home/tedubuamo/project/venv/lib/python3.12/site-packages/airflow/example_dags/tutorial_taskflow_templates.py for tasks to queue
[2024-12-03T21:07:28.156+0700] {logging_mixin.py:190} INFO - [2024-12-03T21:07:28.156+0700] {dagbag.py:588} INFO - Filling up the DagBag from /home/tedubuamo/project/venv/lib/python3.12/site-packages/airflow/example_dags/tutorial_taskflow_templates.py
[2024-12-03T21:07:28.166+0700] {processor.py:925} INFO - DAG(s) 'tutorial_taskflow_templates' retrieved from /home/tedubuamo/project/venv/lib/python3.12/site-packages/airflow/example_dags/tutorial_taskflow_templates.py
[2024-12-03T21:07:28.176+0700] {logging_mixin.py:190} INFO - [2024-12-03T21:07:28.176+0700] {dag.py:3239} INFO - Sync 1 DAGs
[2024-12-03T21:07:28.190+0700] {logging_mixin.py:190} INFO - [2024-12-03T21:07:28.190+0700] {dag.py:4180} INFO - Setting next_dagrun for tutorial_taskflow_templates to 2024-12-02 00:00:00+00:00, run_after=2024-12-03 00:00:00+00:00
[2024-12-03T21:07:28.206+0700] {processor.py:208} INFO - Processing /home/tedubuamo/project/venv/lib/python3.12/site-packages/airflow/example_dags/tutorial_taskflow_templates.py took 0.057 seconds
[2024-12-03T21:07:49.915+0700] {processor.py:186} INFO - Started process (PID=2474) to work on /home/tedubuamo/project/venv/lib/python3.12/site-packages/airflow/example_dags/tutorial_taskflow_templates.py
[2024-12-03T21:07:49.916+0700] {processor.py:914} INFO - Processing file /home/tedubuamo/project/venv/lib/python3.12/site-packages/airflow/example_dags/tutorial_taskflow_templates.py for tasks to queue
[2024-12-03T21:07:49.918+0700] {logging_mixin.py:190} INFO - [2024-12-03T21:07:49.918+0700] {dagbag.py:588} INFO - Filling up the DagBag from /home/tedubuamo/project/venv/lib/python3.12/site-packages/airflow/example_dags/tutorial_taskflow_templates.py
[2024-12-03T21:07:49.931+0700] {processor.py:925} INFO - DAG(s) 'tutorial_taskflow_templates' retrieved from /home/tedubuamo/project/venv/lib/python3.12/site-packages/airflow/example_dags/tutorial_taskflow_templates.py
[2024-12-03T21:07:49.945+0700] {logging_mixin.py:190} INFO - [2024-12-03T21:07:49.944+0700] {dag.py:3239} INFO - Sync 1 DAGs
[2024-12-03T21:07:49.964+0700] {logging_mixin.py:190} INFO - [2024-12-03T21:07:49.964+0700] {dag.py:4180} INFO - Setting next_dagrun for tutorial_taskflow_templates to 2024-12-02 00:00:00+00:00, run_after=2024-12-03 00:00:00+00:00
[2024-12-03T21:07:49.988+0700] {processor.py:208} INFO - Processing /home/tedubuamo/project/venv/lib/python3.12/site-packages/airflow/example_dags/tutorial_taskflow_templates.py took 0.078 seconds
[2024-12-03T21:08:43.428+0700] {processor.py:186} INFO - Started process (PID=2580) to work on /home/tedubuamo/project/venv/lib/python3.12/site-packages/airflow/example_dags/tutorial_taskflow_templates.py
[2024-12-03T21:08:43.443+0700] {processor.py:914} INFO - Processing file /home/tedubuamo/project/venv/lib/python3.12/site-packages/airflow/example_dags/tutorial_taskflow_templates.py for tasks to queue
[2024-12-03T21:08:43.445+0700] {logging_mixin.py:190} INFO - [2024-12-03T21:08:43.445+0700] {dagbag.py:588} INFO - Filling up the DagBag from /home/tedubuamo/project/venv/lib/python3.12/site-packages/airflow/example_dags/tutorial_taskflow_templates.py
[2024-12-03T21:08:43.455+0700] {processor.py:925} INFO - DAG(s) 'tutorial_taskflow_templates' retrieved from /home/tedubuamo/project/venv/lib/python3.12/site-packages/airflow/example_dags/tutorial_taskflow_templates.py
[2024-12-03T21:08:43.467+0700] {logging_mixin.py:190} INFO - [2024-12-03T21:08:43.467+0700] {dag.py:3239} INFO - Sync 1 DAGs
[2024-12-03T21:08:43.483+0700] {logging_mixin.py:190} INFO - [2024-12-03T21:08:43.483+0700] {dag.py:4180} INFO - Setting next_dagrun for tutorial_taskflow_templates to 2024-12-02 00:00:00+00:00, run_after=2024-12-03 00:00:00+00:00
[2024-12-03T21:08:43.503+0700] {processor.py:208} INFO - Processing /home/tedubuamo/project/venv/lib/python3.12/site-packages/airflow/example_dags/tutorial_taskflow_templates.py took 0.078 seconds
[2024-12-03T21:09:09.992+0700] {processor.py:186} INFO - Started process (PID=2635) to work on /home/tedubuamo/project/venv/lib/python3.12/site-packages/airflow/example_dags/tutorial_taskflow_templates.py
[2024-12-03T21:09:09.993+0700] {processor.py:914} INFO - Processing file /home/tedubuamo/project/venv/lib/python3.12/site-packages/airflow/example_dags/tutorial_taskflow_templates.py for tasks to queue
[2024-12-03T21:09:09.996+0700] {logging_mixin.py:190} INFO - [2024-12-03T21:09:09.996+0700] {dagbag.py:588} INFO - Filling up the DagBag from /home/tedubuamo/project/venv/lib/python3.12/site-packages/airflow/example_dags/tutorial_taskflow_templates.py
[2024-12-03T21:09:10.010+0700] {processor.py:925} INFO - DAG(s) 'tutorial_taskflow_templates' retrieved from /home/tedubuamo/project/venv/lib/python3.12/site-packages/airflow/example_dags/tutorial_taskflow_templates.py
[2024-12-03T21:09:10.025+0700] {logging_mixin.py:190} INFO - [2024-12-03T21:09:10.024+0700] {dag.py:3239} INFO - Sync 1 DAGs
[2024-12-03T21:09:10.040+0700] {logging_mixin.py:190} INFO - [2024-12-03T21:09:10.040+0700] {dag.py:4180} INFO - Setting next_dagrun for tutorial_taskflow_templates to 2024-12-02 00:00:00+00:00, run_after=2024-12-03 00:00:00+00:00
[2024-12-03T21:09:10.057+0700] {processor.py:208} INFO - Processing /home/tedubuamo/project/venv/lib/python3.12/site-packages/airflow/example_dags/tutorial_taskflow_templates.py took 0.070 seconds
[2024-12-03T21:10:00.567+0700] {processor.py:186} INFO - Started process (PID=2741) to work on /home/tedubuamo/project/venv/lib/python3.12/site-packages/airflow/example_dags/tutorial_taskflow_templates.py
[2024-12-03T21:10:00.568+0700] {processor.py:914} INFO - Processing file /home/tedubuamo/project/venv/lib/python3.12/site-packages/airflow/example_dags/tutorial_taskflow_templates.py for tasks to queue
[2024-12-03T21:10:00.569+0700] {logging_mixin.py:190} INFO - [2024-12-03T21:10:00.569+0700] {dagbag.py:588} INFO - Filling up the DagBag from /home/tedubuamo/project/venv/lib/python3.12/site-packages/airflow/example_dags/tutorial_taskflow_templates.py
[2024-12-03T21:10:00.579+0700] {processor.py:925} INFO - DAG(s) 'tutorial_taskflow_templates' retrieved from /home/tedubuamo/project/venv/lib/python3.12/site-packages/airflow/example_dags/tutorial_taskflow_templates.py
[2024-12-03T21:10:00.590+0700] {logging_mixin.py:190} INFO - [2024-12-03T21:10:00.590+0700] {dag.py:3239} INFO - Sync 1 DAGs
[2024-12-03T21:10:00.604+0700] {logging_mixin.py:190} INFO - [2024-12-03T21:10:00.604+0700] {dag.py:4180} INFO - Setting next_dagrun for tutorial_taskflow_templates to 2024-12-02 00:00:00+00:00, run_after=2024-12-03 00:00:00+00:00
[2024-12-03T21:10:00.620+0700] {processor.py:208} INFO - Processing /home/tedubuamo/project/venv/lib/python3.12/site-packages/airflow/example_dags/tutorial_taskflow_templates.py took 0.057 seconds
[2024-12-03T21:10:22.512+0700] {processor.py:186} INFO - Started process (PID=2786) to work on /home/tedubuamo/project/venv/lib/python3.12/site-packages/airflow/example_dags/tutorial_taskflow_templates.py
[2024-12-03T21:10:22.513+0700] {processor.py:914} INFO - Processing file /home/tedubuamo/project/venv/lib/python3.12/site-packages/airflow/example_dags/tutorial_taskflow_templates.py for tasks to queue
[2024-12-03T21:10:22.515+0700] {logging_mixin.py:190} INFO - [2024-12-03T21:10:22.515+0700] {dagbag.py:588} INFO - Filling up the DagBag from /home/tedubuamo/project/venv/lib/python3.12/site-packages/airflow/example_dags/tutorial_taskflow_templates.py
[2024-12-03T21:10:22.525+0700] {processor.py:925} INFO - DAG(s) 'tutorial_taskflow_templates' retrieved from /home/tedubuamo/project/venv/lib/python3.12/site-packages/airflow/example_dags/tutorial_taskflow_templates.py
[2024-12-03T21:10:22.538+0700] {logging_mixin.py:190} INFO - [2024-12-03T21:10:22.538+0700] {dag.py:3239} INFO - Sync 1 DAGs
[2024-12-03T21:10:22.553+0700] {logging_mixin.py:190} INFO - [2024-12-03T21:10:22.553+0700] {dag.py:4180} INFO - Setting next_dagrun for tutorial_taskflow_templates to 2024-12-02 00:00:00+00:00, run_after=2024-12-03 00:00:00+00:00
[2024-12-03T21:10:22.574+0700] {processor.py:208} INFO - Processing /home/tedubuamo/project/venv/lib/python3.12/site-packages/airflow/example_dags/tutorial_taskflow_templates.py took 0.066 seconds
[2024-12-03T21:11:18.087+0700] {processor.py:186} INFO - Started process (PID=2899) to work on /home/tedubuamo/project/venv/lib/python3.12/site-packages/airflow/example_dags/tutorial_taskflow_templates.py
[2024-12-03T21:11:18.088+0700] {processor.py:914} INFO - Processing file /home/tedubuamo/project/venv/lib/python3.12/site-packages/airflow/example_dags/tutorial_taskflow_templates.py for tasks to queue
[2024-12-03T21:11:18.090+0700] {logging_mixin.py:190} INFO - [2024-12-03T21:11:18.090+0700] {dagbag.py:588} INFO - Filling up the DagBag from /home/tedubuamo/project/venv/lib/python3.12/site-packages/airflow/example_dags/tutorial_taskflow_templates.py
[2024-12-03T21:11:18.100+0700] {processor.py:925} INFO - DAG(s) 'tutorial_taskflow_templates' retrieved from /home/tedubuamo/project/venv/lib/python3.12/site-packages/airflow/example_dags/tutorial_taskflow_templates.py
[2024-12-03T21:11:18.110+0700] {logging_mixin.py:190} INFO - [2024-12-03T21:11:18.110+0700] {dag.py:3239} INFO - Sync 1 DAGs
[2024-12-03T21:11:18.125+0700] {logging_mixin.py:190} INFO - [2024-12-03T21:11:18.125+0700] {dag.py:4180} INFO - Setting next_dagrun for tutorial_taskflow_templates to 2024-12-02 00:00:00+00:00, run_after=2024-12-03 00:00:00+00:00
[2024-12-03T21:11:18.145+0700] {processor.py:208} INFO - Processing /home/tedubuamo/project/venv/lib/python3.12/site-packages/airflow/example_dags/tutorial_taskflow_templates.py took 0.062 seconds
[2024-12-03T21:11:18.819+0700] {processor.py:186} INFO - Started process (PID=2900) to work on /home/tedubuamo/project/venv/lib/python3.12/site-packages/airflow/example_dags/tutorial_taskflow_templates.py
[2024-12-03T21:11:18.820+0700] {processor.py:914} INFO - Processing file /home/tedubuamo/project/venv/lib/python3.12/site-packages/airflow/example_dags/tutorial_taskflow_templates.py for tasks to queue
[2024-12-03T21:11:18.822+0700] {logging_mixin.py:190} INFO - [2024-12-03T21:11:18.822+0700] {dagbag.py:588} INFO - Filling up the DagBag from /home/tedubuamo/project/venv/lib/python3.12/site-packages/airflow/example_dags/tutorial_taskflow_templates.py
[2024-12-03T21:11:18.832+0700] {processor.py:925} INFO - DAG(s) 'tutorial_taskflow_templates' retrieved from /home/tedubuamo/project/venv/lib/python3.12/site-packages/airflow/example_dags/tutorial_taskflow_templates.py
[2024-12-03T21:11:18.846+0700] {logging_mixin.py:190} INFO - [2024-12-03T21:11:18.846+0700] {dag.py:3239} INFO - Sync 1 DAGs
[2024-12-03T21:11:18.861+0700] {logging_mixin.py:190} INFO - [2024-12-03T21:11:18.861+0700] {dag.py:4180} INFO - Setting next_dagrun for tutorial_taskflow_templates to 2024-12-02 00:00:00+00:00, run_after=2024-12-03 00:00:00+00:00
[2024-12-03T21:11:18.880+0700] {processor.py:208} INFO - Processing /home/tedubuamo/project/venv/lib/python3.12/site-packages/airflow/example_dags/tutorial_taskflow_templates.py took 0.065 seconds
[2024-12-03T21:12:32.950+0700] {processor.py:186} INFO - Started process (PID=3080) to work on /home/tedubuamo/project/venv/lib/python3.12/site-packages/airflow/example_dags/tutorial_taskflow_templates.py
[2024-12-03T21:12:32.953+0700] {processor.py:914} INFO - Processing file /home/tedubuamo/project/venv/lib/python3.12/site-packages/airflow/example_dags/tutorial_taskflow_templates.py for tasks to queue
[2024-12-03T21:12:32.955+0700] {logging_mixin.py:190} INFO - [2024-12-03T21:12:32.955+0700] {dagbag.py:588} INFO - Filling up the DagBag from /home/tedubuamo/project/venv/lib/python3.12/site-packages/airflow/example_dags/tutorial_taskflow_templates.py
[2024-12-03T21:12:32.964+0700] {processor.py:925} INFO - DAG(s) 'tutorial_taskflow_templates' retrieved from /home/tedubuamo/project/venv/lib/python3.12/site-packages/airflow/example_dags/tutorial_taskflow_templates.py
[2024-12-03T21:12:32.975+0700] {logging_mixin.py:190} INFO - [2024-12-03T21:12:32.975+0700] {dag.py:3239} INFO - Sync 1 DAGs
[2024-12-03T21:12:32.988+0700] {logging_mixin.py:190} INFO - [2024-12-03T21:12:32.988+0700] {dag.py:4180} INFO - Setting next_dagrun for tutorial_taskflow_templates to 2024-12-02 00:00:00+00:00, run_after=2024-12-03 00:00:00+00:00
[2024-12-03T21:12:33.006+0700] {processor.py:208} INFO - Processing /home/tedubuamo/project/venv/lib/python3.12/site-packages/airflow/example_dags/tutorial_taskflow_templates.py took 0.060 seconds
[2024-12-03T21:12:40.983+0700] {processor.py:186} INFO - Started process (PID=3095) to work on /home/tedubuamo/project/venv/lib/python3.12/site-packages/airflow/example_dags/tutorial_taskflow_templates.py
[2024-12-03T21:12:40.984+0700] {processor.py:914} INFO - Processing file /home/tedubuamo/project/venv/lib/python3.12/site-packages/airflow/example_dags/tutorial_taskflow_templates.py for tasks to queue
[2024-12-03T21:12:40.985+0700] {logging_mixin.py:190} INFO - [2024-12-03T21:12:40.985+0700] {dagbag.py:588} INFO - Filling up the DagBag from /home/tedubuamo/project/venv/lib/python3.12/site-packages/airflow/example_dags/tutorial_taskflow_templates.py
[2024-12-03T21:12:40.994+0700] {processor.py:925} INFO - DAG(s) 'tutorial_taskflow_templates' retrieved from /home/tedubuamo/project/venv/lib/python3.12/site-packages/airflow/example_dags/tutorial_taskflow_templates.py
[2024-12-03T21:12:41.006+0700] {logging_mixin.py:190} INFO - [2024-12-03T21:12:41.006+0700] {dag.py:3239} INFO - Sync 1 DAGs
[2024-12-03T21:12:41.021+0700] {logging_mixin.py:190} INFO - [2024-12-03T21:12:41.020+0700] {dag.py:4180} INFO - Setting next_dagrun for tutorial_taskflow_templates to 2024-12-02 00:00:00+00:00, run_after=2024-12-03 00:00:00+00:00
[2024-12-03T21:12:41.037+0700] {processor.py:208} INFO - Processing /home/tedubuamo/project/venv/lib/python3.12/site-packages/airflow/example_dags/tutorial_taskflow_templates.py took 0.057 seconds
[2024-12-03T21:13:49.573+0700] {processor.py:186} INFO - Started process (PID=3247) to work on /home/tedubuamo/project/venv/lib/python3.12/site-packages/airflow/example_dags/tutorial_taskflow_templates.py
[2024-12-03T21:13:49.581+0700] {processor.py:914} INFO - Processing file /home/tedubuamo/project/venv/lib/python3.12/site-packages/airflow/example_dags/tutorial_taskflow_templates.py for tasks to queue
[2024-12-03T21:13:49.583+0700] {logging_mixin.py:190} INFO - [2024-12-03T21:13:49.583+0700] {dagbag.py:588} INFO - Filling up the DagBag from /home/tedubuamo/project/venv/lib/python3.12/site-packages/airflow/example_dags/tutorial_taskflow_templates.py
[2024-12-03T21:13:49.596+0700] {processor.py:925} INFO - DAG(s) 'tutorial_taskflow_templates' retrieved from /home/tedubuamo/project/venv/lib/python3.12/site-packages/airflow/example_dags/tutorial_taskflow_templates.py
[2024-12-03T21:13:49.611+0700] {logging_mixin.py:190} INFO - [2024-12-03T21:13:49.610+0700] {dag.py:3239} INFO - Sync 1 DAGs
[2024-12-03T21:13:49.628+0700] {logging_mixin.py:190} INFO - [2024-12-03T21:13:49.628+0700] {dag.py:4180} INFO - Setting next_dagrun for tutorial_taskflow_templates to 2024-12-02 00:00:00+00:00, run_after=2024-12-03 00:00:00+00:00
[2024-12-03T21:13:49.647+0700] {processor.py:208} INFO - Processing /home/tedubuamo/project/venv/lib/python3.12/site-packages/airflow/example_dags/tutorial_taskflow_templates.py took 0.079 seconds
[2024-12-03T21:13:58.393+0700] {processor.py:186} INFO - Started process (PID=3265) to work on /home/tedubuamo/project/venv/lib/python3.12/site-packages/airflow/example_dags/tutorial_taskflow_templates.py
[2024-12-03T21:13:58.394+0700] {processor.py:914} INFO - Processing file /home/tedubuamo/project/venv/lib/python3.12/site-packages/airflow/example_dags/tutorial_taskflow_templates.py for tasks to queue
[2024-12-03T21:13:58.398+0700] {logging_mixin.py:190} INFO - [2024-12-03T21:13:58.397+0700] {dagbag.py:588} INFO - Filling up the DagBag from /home/tedubuamo/project/venv/lib/python3.12/site-packages/airflow/example_dags/tutorial_taskflow_templates.py
[2024-12-03T21:13:58.421+0700] {processor.py:925} INFO - DAG(s) 'tutorial_taskflow_templates' retrieved from /home/tedubuamo/project/venv/lib/python3.12/site-packages/airflow/example_dags/tutorial_taskflow_templates.py
[2024-12-03T21:13:58.442+0700] {logging_mixin.py:190} INFO - [2024-12-03T21:13:58.442+0700] {dag.py:3239} INFO - Sync 1 DAGs
[2024-12-03T21:13:58.467+0700] {logging_mixin.py:190} INFO - [2024-12-03T21:13:58.466+0700] {dag.py:4180} INFO - Setting next_dagrun for tutorial_taskflow_templates to 2024-12-02 00:00:00+00:00, run_after=2024-12-03 00:00:00+00:00
[2024-12-03T21:13:58.498+0700] {processor.py:208} INFO - Processing /home/tedubuamo/project/venv/lib/python3.12/site-packages/airflow/example_dags/tutorial_taskflow_templates.py took 0.112 seconds
[2024-12-03T21:15:05.791+0700] {processor.py:186} INFO - Started process (PID=3405) to work on /home/tedubuamo/project/venv/lib/python3.12/site-packages/airflow/example_dags/tutorial_taskflow_templates.py
[2024-12-03T21:15:05.795+0700] {processor.py:914} INFO - Processing file /home/tedubuamo/project/venv/lib/python3.12/site-packages/airflow/example_dags/tutorial_taskflow_templates.py for tasks to queue
[2024-12-03T21:15:05.796+0700] {logging_mixin.py:190} INFO - [2024-12-03T21:15:05.796+0700] {dagbag.py:588} INFO - Filling up the DagBag from /home/tedubuamo/project/venv/lib/python3.12/site-packages/airflow/example_dags/tutorial_taskflow_templates.py
[2024-12-03T21:15:05.806+0700] {processor.py:925} INFO - DAG(s) 'tutorial_taskflow_templates' retrieved from /home/tedubuamo/project/venv/lib/python3.12/site-packages/airflow/example_dags/tutorial_taskflow_templates.py
[2024-12-03T21:15:05.816+0700] {logging_mixin.py:190} INFO - [2024-12-03T21:15:05.816+0700] {dag.py:3239} INFO - Sync 1 DAGs
[2024-12-03T21:15:05.830+0700] {logging_mixin.py:190} INFO - [2024-12-03T21:15:05.830+0700] {dag.py:4180} INFO - Setting next_dagrun for tutorial_taskflow_templates to 2024-12-02 00:00:00+00:00, run_after=2024-12-03 00:00:00+00:00
[2024-12-03T21:15:05.847+0700] {processor.py:208} INFO - Processing /home/tedubuamo/project/venv/lib/python3.12/site-packages/airflow/example_dags/tutorial_taskflow_templates.py took 0.059 seconds
[2024-12-03T21:15:13.359+0700] {processor.py:186} INFO - Started process (PID=3420) to work on /home/tedubuamo/project/venv/lib/python3.12/site-packages/airflow/example_dags/tutorial_taskflow_templates.py
[2024-12-03T21:15:13.360+0700] {processor.py:914} INFO - Processing file /home/tedubuamo/project/venv/lib/python3.12/site-packages/airflow/example_dags/tutorial_taskflow_templates.py for tasks to queue
[2024-12-03T21:15:13.361+0700] {logging_mixin.py:190} INFO - [2024-12-03T21:15:13.361+0700] {dagbag.py:588} INFO - Filling up the DagBag from /home/tedubuamo/project/venv/lib/python3.12/site-packages/airflow/example_dags/tutorial_taskflow_templates.py
[2024-12-03T21:15:13.371+0700] {processor.py:925} INFO - DAG(s) 'tutorial_taskflow_templates' retrieved from /home/tedubuamo/project/venv/lib/python3.12/site-packages/airflow/example_dags/tutorial_taskflow_templates.py
[2024-12-03T21:15:13.382+0700] {logging_mixin.py:190} INFO - [2024-12-03T21:15:13.382+0700] {dag.py:3239} INFO - Sync 1 DAGs
[2024-12-03T21:15:13.396+0700] {logging_mixin.py:190} INFO - [2024-12-03T21:15:13.396+0700] {dag.py:4180} INFO - Setting next_dagrun for tutorial_taskflow_templates to 2024-12-02 00:00:00+00:00, run_after=2024-12-03 00:00:00+00:00
[2024-12-03T21:15:13.413+0700] {processor.py:208} INFO - Processing /home/tedubuamo/project/venv/lib/python3.12/site-packages/airflow/example_dags/tutorial_taskflow_templates.py took 0.058 seconds
[2024-12-03T21:16:22.413+0700] {processor.py:186} INFO - Started process (PID=3569) to work on /home/tedubuamo/project/venv/lib/python3.12/site-packages/airflow/example_dags/tutorial_taskflow_templates.py
[2024-12-03T21:16:22.414+0700] {processor.py:914} INFO - Processing file /home/tedubuamo/project/venv/lib/python3.12/site-packages/airflow/example_dags/tutorial_taskflow_templates.py for tasks to queue
[2024-12-03T21:16:22.416+0700] {logging_mixin.py:190} INFO - [2024-12-03T21:16:22.416+0700] {dagbag.py:588} INFO - Filling up the DagBag from /home/tedubuamo/project/venv/lib/python3.12/site-packages/airflow/example_dags/tutorial_taskflow_templates.py
[2024-12-03T21:16:22.426+0700] {processor.py:925} INFO - DAG(s) 'tutorial_taskflow_templates' retrieved from /home/tedubuamo/project/venv/lib/python3.12/site-packages/airflow/example_dags/tutorial_taskflow_templates.py
[2024-12-03T21:16:22.439+0700] {logging_mixin.py:190} INFO - [2024-12-03T21:16:22.439+0700] {dag.py:3239} INFO - Sync 1 DAGs
[2024-12-03T21:16:22.455+0700] {logging_mixin.py:190} INFO - [2024-12-03T21:16:22.455+0700] {dag.py:4180} INFO - Setting next_dagrun for tutorial_taskflow_templates to 2024-12-02 00:00:00+00:00, run_after=2024-12-03 00:00:00+00:00
[2024-12-03T21:16:22.472+0700] {processor.py:208} INFO - Processing /home/tedubuamo/project/venv/lib/python3.12/site-packages/airflow/example_dags/tutorial_taskflow_templates.py took 0.062 seconds
[2024-12-03T21:16:29.509+0700] {processor.py:186} INFO - Started process (PID=3584) to work on /home/tedubuamo/project/venv/lib/python3.12/site-packages/airflow/example_dags/tutorial_taskflow_templates.py
[2024-12-03T21:16:29.510+0700] {processor.py:914} INFO - Processing file /home/tedubuamo/project/venv/lib/python3.12/site-packages/airflow/example_dags/tutorial_taskflow_templates.py for tasks to queue
[2024-12-03T21:16:29.512+0700] {logging_mixin.py:190} INFO - [2024-12-03T21:16:29.512+0700] {dagbag.py:588} INFO - Filling up the DagBag from /home/tedubuamo/project/venv/lib/python3.12/site-packages/airflow/example_dags/tutorial_taskflow_templates.py
[2024-12-03T21:16:29.522+0700] {processor.py:925} INFO - DAG(s) 'tutorial_taskflow_templates' retrieved from /home/tedubuamo/project/venv/lib/python3.12/site-packages/airflow/example_dags/tutorial_taskflow_templates.py
[2024-12-03T21:16:29.534+0700] {logging_mixin.py:190} INFO - [2024-12-03T21:16:29.534+0700] {dag.py:3239} INFO - Sync 1 DAGs
[2024-12-03T21:16:29.549+0700] {logging_mixin.py:190} INFO - [2024-12-03T21:16:29.549+0700] {dag.py:4180} INFO - Setting next_dagrun for tutorial_taskflow_templates to 2024-12-02 00:00:00+00:00, run_after=2024-12-03 00:00:00+00:00
[2024-12-03T21:16:29.572+0700] {processor.py:208} INFO - Processing /home/tedubuamo/project/venv/lib/python3.12/site-packages/airflow/example_dags/tutorial_taskflow_templates.py took 0.067 seconds
[2024-12-03T21:17:19.380+0700] {processor.py:186} INFO - Started process (PID=3714) to work on /home/tedubuamo/project/venv/lib/python3.12/site-packages/airflow/example_dags/tutorial_taskflow_templates.py
[2024-12-03T21:17:19.381+0700] {processor.py:914} INFO - Processing file /home/tedubuamo/project/venv/lib/python3.12/site-packages/airflow/example_dags/tutorial_taskflow_templates.py for tasks to queue
[2024-12-03T21:17:19.383+0700] {logging_mixin.py:190} INFO - [2024-12-03T21:17:19.383+0700] {dagbag.py:588} INFO - Filling up the DagBag from /home/tedubuamo/project/venv/lib/python3.12/site-packages/airflow/example_dags/tutorial_taskflow_templates.py
[2024-12-03T21:17:19.393+0700] {processor.py:925} INFO - DAG(s) 'tutorial_taskflow_templates' retrieved from /home/tedubuamo/project/venv/lib/python3.12/site-packages/airflow/example_dags/tutorial_taskflow_templates.py
[2024-12-03T21:17:19.405+0700] {logging_mixin.py:190} INFO - [2024-12-03T21:17:19.405+0700] {dag.py:3239} INFO - Sync 1 DAGs
[2024-12-03T21:17:19.421+0700] {logging_mixin.py:190} INFO - [2024-12-03T21:17:19.420+0700] {dag.py:4180} INFO - Setting next_dagrun for tutorial_taskflow_templates to 2024-12-02 00:00:00+00:00, run_after=2024-12-03 00:00:00+00:00
[2024-12-03T21:17:19.441+0700] {processor.py:208} INFO - Processing /home/tedubuamo/project/venv/lib/python3.12/site-packages/airflow/example_dags/tutorial_taskflow_templates.py took 0.065 seconds
[2024-12-03T21:17:46.236+0700] {processor.py:186} INFO - Started process (PID=3780) to work on /home/tedubuamo/project/venv/lib/python3.12/site-packages/airflow/example_dags/tutorial_taskflow_templates.py
[2024-12-03T21:17:46.238+0700] {processor.py:914} INFO - Processing file /home/tedubuamo/project/venv/lib/python3.12/site-packages/airflow/example_dags/tutorial_taskflow_templates.py for tasks to queue
[2024-12-03T21:17:46.239+0700] {logging_mixin.py:190} INFO - [2024-12-03T21:17:46.239+0700] {dagbag.py:588} INFO - Filling up the DagBag from /home/tedubuamo/project/venv/lib/python3.12/site-packages/airflow/example_dags/tutorial_taskflow_templates.py
[2024-12-03T21:17:46.248+0700] {processor.py:925} INFO - DAG(s) 'tutorial_taskflow_templates' retrieved from /home/tedubuamo/project/venv/lib/python3.12/site-packages/airflow/example_dags/tutorial_taskflow_templates.py
[2024-12-03T21:17:46.260+0700] {logging_mixin.py:190} INFO - [2024-12-03T21:17:46.260+0700] {dag.py:3239} INFO - Sync 1 DAGs
[2024-12-03T21:17:46.274+0700] {logging_mixin.py:190} INFO - [2024-12-03T21:17:46.274+0700] {dag.py:4180} INFO - Setting next_dagrun for tutorial_taskflow_templates to 2024-12-02 00:00:00+00:00, run_after=2024-12-03 00:00:00+00:00
[2024-12-03T21:17:46.291+0700] {processor.py:208} INFO - Processing /home/tedubuamo/project/venv/lib/python3.12/site-packages/airflow/example_dags/tutorial_taskflow_templates.py took 0.058 seconds
[2024-12-03T21:19:38.562+0700] {processor.py:186} INFO - Started process (PID=3978) to work on /home/tedubuamo/project/venv/lib/python3.12/site-packages/airflow/example_dags/tutorial_taskflow_templates.py
[2024-12-03T21:19:38.566+0700] {processor.py:914} INFO - Processing file /home/tedubuamo/project/venv/lib/python3.12/site-packages/airflow/example_dags/tutorial_taskflow_templates.py for tasks to queue
[2024-12-03T21:19:38.568+0700] {logging_mixin.py:190} INFO - [2024-12-03T21:19:38.568+0700] {dagbag.py:588} INFO - Filling up the DagBag from /home/tedubuamo/project/venv/lib/python3.12/site-packages/airflow/example_dags/tutorial_taskflow_templates.py
[2024-12-03T21:19:38.577+0700] {processor.py:925} INFO - DAG(s) 'tutorial_taskflow_templates' retrieved from /home/tedubuamo/project/venv/lib/python3.12/site-packages/airflow/example_dags/tutorial_taskflow_templates.py
[2024-12-03T21:19:38.642+0700] {logging_mixin.py:190} INFO - [2024-12-03T21:19:38.641+0700] {dag.py:3239} INFO - Sync 1 DAGs
[2024-12-03T21:19:38.654+0700] {logging_mixin.py:190} INFO - [2024-12-03T21:19:38.654+0700] {dag.py:4180} INFO - Setting next_dagrun for tutorial_taskflow_templates to 2024-12-02 00:00:00+00:00, run_after=2024-12-03 00:00:00+00:00
[2024-12-03T21:19:38.670+0700] {processor.py:208} INFO - Processing /home/tedubuamo/project/venv/lib/python3.12/site-packages/airflow/example_dags/tutorial_taskflow_templates.py took 0.111 seconds
[2024-12-03T21:20:43.327+0700] {processor.py:186} INFO - Started process (PID=4084) to work on /home/tedubuamo/project/venv/lib/python3.12/site-packages/airflow/example_dags/tutorial_taskflow_templates.py
[2024-12-03T21:20:43.329+0700] {processor.py:914} INFO - Processing file /home/tedubuamo/project/venv/lib/python3.12/site-packages/airflow/example_dags/tutorial_taskflow_templates.py for tasks to queue
[2024-12-03T21:20:43.330+0700] {logging_mixin.py:190} INFO - [2024-12-03T21:20:43.330+0700] {dagbag.py:588} INFO - Filling up the DagBag from /home/tedubuamo/project/venv/lib/python3.12/site-packages/airflow/example_dags/tutorial_taskflow_templates.py
[2024-12-03T21:20:43.341+0700] {processor.py:925} INFO - DAG(s) 'tutorial_taskflow_templates' retrieved from /home/tedubuamo/project/venv/lib/python3.12/site-packages/airflow/example_dags/tutorial_taskflow_templates.py
[2024-12-03T21:20:43.353+0700] {logging_mixin.py:190} INFO - [2024-12-03T21:20:43.353+0700] {dag.py:3239} INFO - Sync 1 DAGs
[2024-12-03T21:20:43.371+0700] {logging_mixin.py:190} INFO - [2024-12-03T21:20:43.371+0700] {dag.py:4180} INFO - Setting next_dagrun for tutorial_taskflow_templates to 2024-12-02 00:00:00+00:00, run_after=2024-12-03 00:00:00+00:00
[2024-12-03T21:20:43.390+0700] {processor.py:208} INFO - Processing /home/tedubuamo/project/venv/lib/python3.12/site-packages/airflow/example_dags/tutorial_taskflow_templates.py took 0.068 seconds
[2024-12-03T21:21:45.086+0700] {processor.py:186} INFO - Started process (PID=4153) to work on /home/tedubuamo/project/venv/lib/python3.12/site-packages/airflow/example_dags/tutorial_taskflow_templates.py
[2024-12-03T21:21:45.088+0700] {processor.py:914} INFO - Processing file /home/tedubuamo/project/venv/lib/python3.12/site-packages/airflow/example_dags/tutorial_taskflow_templates.py for tasks to queue
[2024-12-03T21:21:45.090+0700] {logging_mixin.py:190} INFO - [2024-12-03T21:21:45.090+0700] {dagbag.py:588} INFO - Filling up the DagBag from /home/tedubuamo/project/venv/lib/python3.12/site-packages/airflow/example_dags/tutorial_taskflow_templates.py
[2024-12-03T21:21:45.102+0700] {processor.py:925} INFO - DAG(s) 'tutorial_taskflow_templates' retrieved from /home/tedubuamo/project/venv/lib/python3.12/site-packages/airflow/example_dags/tutorial_taskflow_templates.py
[2024-12-03T21:21:45.116+0700] {logging_mixin.py:190} INFO - [2024-12-03T21:21:45.115+0700] {dag.py:3239} INFO - Sync 1 DAGs
[2024-12-03T21:21:45.133+0700] {logging_mixin.py:190} INFO - [2024-12-03T21:21:45.133+0700] {dag.py:4180} INFO - Setting next_dagrun for tutorial_taskflow_templates to 2024-12-02 00:00:00+00:00, run_after=2024-12-03 00:00:00+00:00
[2024-12-03T21:21:45.156+0700] {processor.py:208} INFO - Processing /home/tedubuamo/project/venv/lib/python3.12/site-packages/airflow/example_dags/tutorial_taskflow_templates.py took 0.075 seconds
[2024-12-03T21:22:38.999+0700] {processor.py:186} INFO - Started process (PID=4244) to work on /home/tedubuamo/project/venv/lib/python3.12/site-packages/airflow/example_dags/tutorial_taskflow_templates.py
[2024-12-03T21:22:39.000+0700] {processor.py:914} INFO - Processing file /home/tedubuamo/project/venv/lib/python3.12/site-packages/airflow/example_dags/tutorial_taskflow_templates.py for tasks to queue
[2024-12-03T21:22:39.002+0700] {logging_mixin.py:190} INFO - [2024-12-03T21:22:39.002+0700] {dagbag.py:588} INFO - Filling up the DagBag from /home/tedubuamo/project/venv/lib/python3.12/site-packages/airflow/example_dags/tutorial_taskflow_templates.py
[2024-12-03T21:22:39.014+0700] {processor.py:925} INFO - DAG(s) 'tutorial_taskflow_templates' retrieved from /home/tedubuamo/project/venv/lib/python3.12/site-packages/airflow/example_dags/tutorial_taskflow_templates.py
[2024-12-03T21:22:39.027+0700] {logging_mixin.py:190} INFO - [2024-12-03T21:22:39.027+0700] {dag.py:3239} INFO - Sync 1 DAGs
[2024-12-03T21:22:39.044+0700] {logging_mixin.py:190} INFO - [2024-12-03T21:22:39.043+0700] {dag.py:4180} INFO - Setting next_dagrun for tutorial_taskflow_templates to 2024-12-02 00:00:00+00:00, run_after=2024-12-03 00:00:00+00:00
[2024-12-03T21:22:39.067+0700] {processor.py:208} INFO - Processing /home/tedubuamo/project/venv/lib/python3.12/site-packages/airflow/example_dags/tutorial_taskflow_templates.py took 0.074 seconds
[2024-12-03T21:23:57.381+0700] {processor.py:186} INFO - Started process (PID=4328) to work on /home/tedubuamo/project/venv/lib/python3.12/site-packages/airflow/example_dags/tutorial_taskflow_templates.py
[2024-12-03T21:23:57.383+0700] {processor.py:914} INFO - Processing file /home/tedubuamo/project/venv/lib/python3.12/site-packages/airflow/example_dags/tutorial_taskflow_templates.py for tasks to queue
[2024-12-03T21:23:57.388+0700] {logging_mixin.py:190} INFO - [2024-12-03T21:23:57.388+0700] {dagbag.py:588} INFO - Filling up the DagBag from /home/tedubuamo/project/venv/lib/python3.12/site-packages/airflow/example_dags/tutorial_taskflow_templates.py
[2024-12-03T21:23:57.403+0700] {processor.py:925} INFO - DAG(s) 'tutorial_taskflow_templates' retrieved from /home/tedubuamo/project/venv/lib/python3.12/site-packages/airflow/example_dags/tutorial_taskflow_templates.py
[2024-12-03T21:23:57.421+0700] {logging_mixin.py:190} INFO - [2024-12-03T21:23:57.421+0700] {dag.py:3239} INFO - Sync 1 DAGs
[2024-12-03T21:23:57.439+0700] {logging_mixin.py:190} INFO - [2024-12-03T21:23:57.439+0700] {dag.py:4180} INFO - Setting next_dagrun for tutorial_taskflow_templates to 2024-12-02 00:00:00+00:00, run_after=2024-12-03 00:00:00+00:00
[2024-12-03T21:23:57.463+0700] {processor.py:208} INFO - Processing /home/tedubuamo/project/venv/lib/python3.12/site-packages/airflow/example_dags/tutorial_taskflow_templates.py took 0.090 seconds
[2024-12-03T21:24:51.749+0700] {processor.py:186} INFO - Started process (PID=4405) to work on /home/tedubuamo/project/venv/lib/python3.12/site-packages/airflow/example_dags/tutorial_taskflow_templates.py
[2024-12-03T21:24:51.753+0700] {processor.py:914} INFO - Processing file /home/tedubuamo/project/venv/lib/python3.12/site-packages/airflow/example_dags/tutorial_taskflow_templates.py for tasks to queue
[2024-12-03T21:24:51.755+0700] {logging_mixin.py:190} INFO - [2024-12-03T21:24:51.755+0700] {dagbag.py:588} INFO - Filling up the DagBag from /home/tedubuamo/project/venv/lib/python3.12/site-packages/airflow/example_dags/tutorial_taskflow_templates.py
[2024-12-03T21:24:51.764+0700] {processor.py:925} INFO - DAG(s) 'tutorial_taskflow_templates' retrieved from /home/tedubuamo/project/venv/lib/python3.12/site-packages/airflow/example_dags/tutorial_taskflow_templates.py
[2024-12-03T21:24:51.776+0700] {logging_mixin.py:190} INFO - [2024-12-03T21:24:51.776+0700] {dag.py:3239} INFO - Sync 1 DAGs
[2024-12-03T21:24:51.793+0700] {logging_mixin.py:190} INFO - [2024-12-03T21:24:51.792+0700] {dag.py:4180} INFO - Setting next_dagrun for tutorial_taskflow_templates to 2024-12-02 00:00:00+00:00, run_after=2024-12-03 00:00:00+00:00
[2024-12-03T21:24:51.811+0700] {processor.py:208} INFO - Processing /home/tedubuamo/project/venv/lib/python3.12/site-packages/airflow/example_dags/tutorial_taskflow_templates.py took 0.066 seconds
[2024-12-03T21:26:20.578+0700] {processor.py:186} INFO - Started process (PID=4521) to work on /home/tedubuamo/project/venv/lib/python3.12/site-packages/airflow/example_dags/tutorial_taskflow_templates.py
[2024-12-03T21:26:20.582+0700] {processor.py:914} INFO - Processing file /home/tedubuamo/project/venv/lib/python3.12/site-packages/airflow/example_dags/tutorial_taskflow_templates.py for tasks to queue
[2024-12-03T21:26:20.584+0700] {logging_mixin.py:190} INFO - [2024-12-03T21:26:20.584+0700] {dagbag.py:588} INFO - Filling up the DagBag from /home/tedubuamo/project/venv/lib/python3.12/site-packages/airflow/example_dags/tutorial_taskflow_templates.py
[2024-12-03T21:26:20.594+0700] {processor.py:925} INFO - DAG(s) 'tutorial_taskflow_templates' retrieved from /home/tedubuamo/project/venv/lib/python3.12/site-packages/airflow/example_dags/tutorial_taskflow_templates.py
[2024-12-03T21:26:20.607+0700] {logging_mixin.py:190} INFO - [2024-12-03T21:26:20.607+0700] {dag.py:3239} INFO - Sync 1 DAGs
[2024-12-03T21:26:20.622+0700] {logging_mixin.py:190} INFO - [2024-12-03T21:26:20.622+0700] {dag.py:4180} INFO - Setting next_dagrun for tutorial_taskflow_templates to 2024-12-02 00:00:00+00:00, run_after=2024-12-03 00:00:00+00:00
[2024-12-03T21:26:20.642+0700] {processor.py:208} INFO - Processing /home/tedubuamo/project/venv/lib/python3.12/site-packages/airflow/example_dags/tutorial_taskflow_templates.py took 0.069 seconds
[2024-12-03T21:27:37.845+0700] {processor.py:186} INFO - Started process (PID=4618) to work on /home/tedubuamo/project/venv/lib/python3.12/site-packages/airflow/example_dags/tutorial_taskflow_templates.py
[2024-12-03T21:27:37.848+0700] {processor.py:914} INFO - Processing file /home/tedubuamo/project/venv/lib/python3.12/site-packages/airflow/example_dags/tutorial_taskflow_templates.py for tasks to queue
[2024-12-03T21:27:37.850+0700] {logging_mixin.py:190} INFO - [2024-12-03T21:27:37.850+0700] {dagbag.py:588} INFO - Filling up the DagBag from /home/tedubuamo/project/venv/lib/python3.12/site-packages/airflow/example_dags/tutorial_taskflow_templates.py
[2024-12-03T21:27:37.863+0700] {processor.py:925} INFO - DAG(s) 'tutorial_taskflow_templates' retrieved from /home/tedubuamo/project/venv/lib/python3.12/site-packages/airflow/example_dags/tutorial_taskflow_templates.py
[2024-12-03T21:27:37.875+0700] {logging_mixin.py:190} INFO - [2024-12-03T21:27:37.875+0700] {dag.py:3239} INFO - Sync 1 DAGs
[2024-12-03T21:27:37.894+0700] {logging_mixin.py:190} INFO - [2024-12-03T21:27:37.894+0700] {dag.py:4180} INFO - Setting next_dagrun for tutorial_taskflow_templates to 2024-12-02 00:00:00+00:00, run_after=2024-12-03 00:00:00+00:00
[2024-12-03T21:27:37.914+0700] {processor.py:208} INFO - Processing /home/tedubuamo/project/venv/lib/python3.12/site-packages/airflow/example_dags/tutorial_taskflow_templates.py took 0.074 seconds
[2024-12-03T21:28:35.668+0700] {processor.py:186} INFO - Started process (PID=4682) to work on /home/tedubuamo/project/venv/lib/python3.12/site-packages/airflow/example_dags/tutorial_taskflow_templates.py
[2024-12-03T21:28:35.672+0700] {processor.py:914} INFO - Processing file /home/tedubuamo/project/venv/lib/python3.12/site-packages/airflow/example_dags/tutorial_taskflow_templates.py for tasks to queue
[2024-12-03T21:28:35.673+0700] {logging_mixin.py:190} INFO - [2024-12-03T21:28:35.673+0700] {dagbag.py:588} INFO - Filling up the DagBag from /home/tedubuamo/project/venv/lib/python3.12/site-packages/airflow/example_dags/tutorial_taskflow_templates.py
[2024-12-03T21:28:35.685+0700] {processor.py:925} INFO - DAG(s) 'tutorial_taskflow_templates' retrieved from /home/tedubuamo/project/venv/lib/python3.12/site-packages/airflow/example_dags/tutorial_taskflow_templates.py
[2024-12-03T21:28:35.697+0700] {logging_mixin.py:190} INFO - [2024-12-03T21:28:35.696+0700] {dag.py:3239} INFO - Sync 1 DAGs
[2024-12-03T21:28:35.712+0700] {logging_mixin.py:190} INFO - [2024-12-03T21:28:35.712+0700] {dag.py:4180} INFO - Setting next_dagrun for tutorial_taskflow_templates to 2024-12-02 00:00:00+00:00, run_after=2024-12-03 00:00:00+00:00
[2024-12-03T21:28:35.731+0700] {processor.py:208} INFO - Processing /home/tedubuamo/project/venv/lib/python3.12/site-packages/airflow/example_dags/tutorial_taskflow_templates.py took 0.066 seconds
[2024-12-03T21:29:54.395+0700] {processor.py:186} INFO - Started process (PID=4844) to work on /home/tedubuamo/project/venv/lib/python3.12/site-packages/airflow/example_dags/tutorial_taskflow_templates.py
[2024-12-03T21:29:54.398+0700] {processor.py:914} INFO - Processing file /home/tedubuamo/project/venv/lib/python3.12/site-packages/airflow/example_dags/tutorial_taskflow_templates.py for tasks to queue
[2024-12-03T21:29:54.400+0700] {logging_mixin.py:190} INFO - [2024-12-03T21:29:54.400+0700] {dagbag.py:588} INFO - Filling up the DagBag from /home/tedubuamo/project/venv/lib/python3.12/site-packages/airflow/example_dags/tutorial_taskflow_templates.py
[2024-12-03T21:29:54.409+0700] {processor.py:925} INFO - DAG(s) 'tutorial_taskflow_templates' retrieved from /home/tedubuamo/project/venv/lib/python3.12/site-packages/airflow/example_dags/tutorial_taskflow_templates.py
[2024-12-03T21:29:54.420+0700] {logging_mixin.py:190} INFO - [2024-12-03T21:29:54.420+0700] {dag.py:3239} INFO - Sync 1 DAGs
[2024-12-03T21:29:54.435+0700] {logging_mixin.py:190} INFO - [2024-12-03T21:29:54.435+0700] {dag.py:4180} INFO - Setting next_dagrun for tutorial_taskflow_templates to 2024-12-02 00:00:00+00:00, run_after=2024-12-03 00:00:00+00:00
[2024-12-03T21:29:54.454+0700] {processor.py:208} INFO - Processing /home/tedubuamo/project/venv/lib/python3.12/site-packages/airflow/example_dags/tutorial_taskflow_templates.py took 0.062 seconds
[2024-12-03T21:30:51.385+0700] {processor.py:186} INFO - Started process (PID=4906) to work on /home/tedubuamo/project/venv/lib/python3.12/site-packages/airflow/example_dags/tutorial_taskflow_templates.py
[2024-12-03T21:30:51.389+0700] {processor.py:914} INFO - Processing file /home/tedubuamo/project/venv/lib/python3.12/site-packages/airflow/example_dags/tutorial_taskflow_templates.py for tasks to queue
[2024-12-03T21:30:51.390+0700] {logging_mixin.py:190} INFO - [2024-12-03T21:30:51.390+0700] {dagbag.py:588} INFO - Filling up the DagBag from /home/tedubuamo/project/venv/lib/python3.12/site-packages/airflow/example_dags/tutorial_taskflow_templates.py
[2024-12-03T21:30:51.400+0700] {processor.py:925} INFO - DAG(s) 'tutorial_taskflow_templates' retrieved from /home/tedubuamo/project/venv/lib/python3.12/site-packages/airflow/example_dags/tutorial_taskflow_templates.py
[2024-12-03T21:30:51.411+0700] {logging_mixin.py:190} INFO - [2024-12-03T21:30:51.411+0700] {dag.py:3239} INFO - Sync 1 DAGs
[2024-12-03T21:30:51.424+0700] {logging_mixin.py:190} INFO - [2024-12-03T21:30:51.424+0700] {dag.py:4180} INFO - Setting next_dagrun for tutorial_taskflow_templates to 2024-12-02 00:00:00+00:00, run_after=2024-12-03 00:00:00+00:00
[2024-12-03T21:30:51.442+0700] {processor.py:208} INFO - Processing /home/tedubuamo/project/venv/lib/python3.12/site-packages/airflow/example_dags/tutorial_taskflow_templates.py took 0.060 seconds
