[2024-12-03T20:58:14.816+0700] {processor.py:186} INFO - Started process (PID=1667) to work on /home/tedubuamo/project/venv/lib/python3.12/site-packages/airflow/example_dags/plugins/event_listener.py
[2024-12-03T20:58:14.816+0700] {processor.py:914} INFO - Processing file /home/tedubuamo/project/venv/lib/python3.12/site-packages/airflow/example_dags/plugins/event_listener.py for tasks to queue
[2024-12-03T20:58:14.818+0700] {logging_mixin.py:190} INFO - [2024-12-03T20:58:14.818+0700] {dagbag.py:588} INFO - Filling up the DagBag from /home/tedubuamo/project/venv/lib/python3.12/site-packages/airflow/example_dags/plugins/event_listener.py
[2024-12-03T20:58:14.819+0700] {processor.py:927} WARNING - No viable dags retrieved from /home/tedubuamo/project/venv/lib/python3.12/site-packages/airflow/example_dags/plugins/event_listener.py
[2024-12-03T20:58:14.827+0700] {processor.py:208} INFO - Processing /home/tedubuamo/project/venv/lib/python3.12/site-packages/airflow/example_dags/plugins/event_listener.py took 0.014 seconds
[2024-12-03T20:59:10.108+0700] {processor.py:186} INFO - Started process (PID=1724) to work on /home/tedubuamo/project/venv/lib/python3.12/site-packages/airflow/example_dags/plugins/event_listener.py
[2024-12-03T20:59:10.111+0700] {processor.py:914} INFO - Processing file /home/tedubuamo/project/venv/lib/python3.12/site-packages/airflow/example_dags/plugins/event_listener.py for tasks to queue
[2024-12-03T20:59:10.113+0700] {logging_mixin.py:190} INFO - [2024-12-03T20:59:10.112+0700] {dagbag.py:588} INFO - Filling up the DagBag from /home/tedubuamo/project/venv/lib/python3.12/site-packages/airflow/example_dags/plugins/event_listener.py
[2024-12-03T20:59:10.115+0700] {processor.py:927} WARNING - No viable dags retrieved from /home/tedubuamo/project/venv/lib/python3.12/site-packages/airflow/example_dags/plugins/event_listener.py
[2024-12-03T20:59:10.122+0700] {processor.py:208} INFO - Processing /home/tedubuamo/project/venv/lib/python3.12/site-packages/airflow/example_dags/plugins/event_listener.py took 0.018 seconds
[2024-12-03T21:00:24.614+0700] {processor.py:186} INFO - Started process (PID=1801) to work on /home/tedubuamo/project/venv/lib/python3.12/site-packages/airflow/example_dags/plugins/event_listener.py
[2024-12-03T21:00:24.618+0700] {processor.py:914} INFO - Processing file /home/tedubuamo/project/venv/lib/python3.12/site-packages/airflow/example_dags/plugins/event_listener.py for tasks to queue
[2024-12-03T21:00:24.619+0700] {logging_mixin.py:190} INFO - [2024-12-03T21:00:24.619+0700] {dagbag.py:588} INFO - Filling up the DagBag from /home/tedubuamo/project/venv/lib/python3.12/site-packages/airflow/example_dags/plugins/event_listener.py
[2024-12-03T21:00:24.621+0700] {processor.py:927} WARNING - No viable dags retrieved from /home/tedubuamo/project/venv/lib/python3.12/site-packages/airflow/example_dags/plugins/event_listener.py
[2024-12-03T21:00:24.629+0700] {processor.py:208} INFO - Processing /home/tedubuamo/project/venv/lib/python3.12/site-packages/airflow/example_dags/plugins/event_listener.py took 0.019 seconds
[2024-12-03T21:05:39.680+0700] {processor.py:186} INFO - Started process (PID=2060) to work on /home/tedubuamo/project/venv/lib/python3.12/site-packages/airflow/example_dags/plugins/event_listener.py
[2024-12-03T21:05:39.683+0700] {processor.py:914} INFO - Processing file /home/tedubuamo/project/venv/lib/python3.12/site-packages/airflow/example_dags/plugins/event_listener.py for tasks to queue
[2024-12-03T21:05:39.684+0700] {logging_mixin.py:190} INFO - [2024-12-03T21:05:39.684+0700] {dagbag.py:588} INFO - Filling up the DagBag from /home/tedubuamo/project/venv/lib/python3.12/site-packages/airflow/example_dags/plugins/event_listener.py
[2024-12-03T21:05:39.687+0700] {processor.py:927} WARNING - No viable dags retrieved from /home/tedubuamo/project/venv/lib/python3.12/site-packages/airflow/example_dags/plugins/event_listener.py
[2024-12-03T21:05:39.697+0700] {processor.py:208} INFO - Processing /home/tedubuamo/project/venv/lib/python3.12/site-packages/airflow/example_dags/plugins/event_listener.py took 0.023 seconds
[2024-12-03T21:06:36.679+0700] {processor.py:186} INFO - Started process (PID=2225) to work on /home/tedubuamo/project/venv/lib/python3.12/site-packages/airflow/example_dags/plugins/event_listener.py
[2024-12-03T21:06:36.681+0700] {processor.py:914} INFO - Processing file /home/tedubuamo/project/venv/lib/python3.12/site-packages/airflow/example_dags/plugins/event_listener.py for tasks to queue
[2024-12-03T21:06:36.683+0700] {logging_mixin.py:190} INFO - [2024-12-03T21:06:36.682+0700] {dagbag.py:588} INFO - Filling up the DagBag from /home/tedubuamo/project/venv/lib/python3.12/site-packages/airflow/example_dags/plugins/event_listener.py
[2024-12-03T21:06:36.685+0700] {processor.py:927} WARNING - No viable dags retrieved from /home/tedubuamo/project/venv/lib/python3.12/site-packages/airflow/example_dags/plugins/event_listener.py
[2024-12-03T21:06:36.692+0700] {processor.py:208} INFO - Processing /home/tedubuamo/project/venv/lib/python3.12/site-packages/airflow/example_dags/plugins/event_listener.py took 0.017 seconds
[2024-12-03T21:06:56.981+0700] {processor.py:186} INFO - Started process (PID=2333) to work on /home/tedubuamo/project/venv/lib/python3.12/site-packages/airflow/example_dags/plugins/event_listener.py
[2024-12-03T21:06:56.982+0700] {processor.py:914} INFO - Processing file /home/tedubuamo/project/venv/lib/python3.12/site-packages/airflow/example_dags/plugins/event_listener.py for tasks to queue
[2024-12-03T21:06:56.983+0700] {logging_mixin.py:190} INFO - [2024-12-03T21:06:56.983+0700] {dagbag.py:588} INFO - Filling up the DagBag from /home/tedubuamo/project/venv/lib/python3.12/site-packages/airflow/example_dags/plugins/event_listener.py
[2024-12-03T21:06:56.985+0700] {processor.py:927} WARNING - No viable dags retrieved from /home/tedubuamo/project/venv/lib/python3.12/site-packages/airflow/example_dags/plugins/event_listener.py
[2024-12-03T21:06:56.994+0700] {processor.py:208} INFO - Processing /home/tedubuamo/project/venv/lib/python3.12/site-packages/airflow/example_dags/plugins/event_listener.py took 0.018 seconds
[2024-12-03T21:07:49.868+0700] {processor.py:186} INFO - Started process (PID=2473) to work on /home/tedubuamo/project/venv/lib/python3.12/site-packages/airflow/example_dags/plugins/event_listener.py
[2024-12-03T21:07:49.872+0700] {processor.py:914} INFO - Processing file /home/tedubuamo/project/venv/lib/python3.12/site-packages/airflow/example_dags/plugins/event_listener.py for tasks to queue
[2024-12-03T21:07:49.875+0700] {logging_mixin.py:190} INFO - [2024-12-03T21:07:49.875+0700] {dagbag.py:588} INFO - Filling up the DagBag from /home/tedubuamo/project/venv/lib/python3.12/site-packages/airflow/example_dags/plugins/event_listener.py
[2024-12-03T21:07:49.877+0700] {processor.py:927} WARNING - No viable dags retrieved from /home/tedubuamo/project/venv/lib/python3.12/site-packages/airflow/example_dags/plugins/event_listener.py
[2024-12-03T21:07:49.887+0700] {processor.py:208} INFO - Processing /home/tedubuamo/project/venv/lib/python3.12/site-packages/airflow/example_dags/plugins/event_listener.py took 0.023 seconds
[2024-12-03T21:07:52.094+0700] {processor.py:186} INFO - Started process (PID=2478) to work on /home/tedubuamo/project/venv/lib/python3.12/site-packages/airflow/example_dags/plugins/event_listener.py
[2024-12-03T21:07:52.098+0700] {processor.py:914} INFO - Processing file /home/tedubuamo/project/venv/lib/python3.12/site-packages/airflow/example_dags/plugins/event_listener.py for tasks to queue
[2024-12-03T21:07:52.100+0700] {logging_mixin.py:190} INFO - [2024-12-03T21:07:52.100+0700] {dagbag.py:588} INFO - Filling up the DagBag from /home/tedubuamo/project/venv/lib/python3.12/site-packages/airflow/example_dags/plugins/event_listener.py
[2024-12-03T21:07:52.101+0700] {processor.py:927} WARNING - No viable dags retrieved from /home/tedubuamo/project/venv/lib/python3.12/site-packages/airflow/example_dags/plugins/event_listener.py
[2024-12-03T21:07:52.108+0700] {processor.py:208} INFO - Processing /home/tedubuamo/project/venv/lib/python3.12/site-packages/airflow/example_dags/plugins/event_listener.py took 0.018 seconds
[2024-12-03T21:09:06.728+0700] {processor.py:186} INFO - Started process (PID=2629) to work on /home/tedubuamo/project/venv/lib/python3.12/site-packages/airflow/example_dags/plugins/event_listener.py
[2024-12-03T21:09:06.729+0700] {processor.py:914} INFO - Processing file /home/tedubuamo/project/venv/lib/python3.12/site-packages/airflow/example_dags/plugins/event_listener.py for tasks to queue
[2024-12-03T21:09:06.732+0700] {logging_mixin.py:190} INFO - [2024-12-03T21:09:06.731+0700] {dagbag.py:588} INFO - Filling up the DagBag from /home/tedubuamo/project/venv/lib/python3.12/site-packages/airflow/example_dags/plugins/event_listener.py
[2024-12-03T21:09:06.733+0700] {processor.py:927} WARNING - No viable dags retrieved from /home/tedubuamo/project/venv/lib/python3.12/site-packages/airflow/example_dags/plugins/event_listener.py
[2024-12-03T21:09:06.740+0700] {processor.py:208} INFO - Processing /home/tedubuamo/project/venv/lib/python3.12/site-packages/airflow/example_dags/plugins/event_listener.py took 0.016 seconds
[2024-12-03T21:09:11.606+0700] {processor.py:186} INFO - Started process (PID=2639) to work on /home/tedubuamo/project/venv/lib/python3.12/site-packages/airflow/example_dags/plugins/event_listener.py
[2024-12-03T21:09:11.606+0700] {processor.py:914} INFO - Processing file /home/tedubuamo/project/venv/lib/python3.12/site-packages/airflow/example_dags/plugins/event_listener.py for tasks to queue
[2024-12-03T21:09:11.609+0700] {logging_mixin.py:190} INFO - [2024-12-03T21:09:11.608+0700] {dagbag.py:588} INFO - Filling up the DagBag from /home/tedubuamo/project/venv/lib/python3.12/site-packages/airflow/example_dags/plugins/event_listener.py
[2024-12-03T21:09:11.610+0700] {processor.py:927} WARNING - No viable dags retrieved from /home/tedubuamo/project/venv/lib/python3.12/site-packages/airflow/example_dags/plugins/event_listener.py
[2024-12-03T21:09:11.624+0700] {processor.py:208} INFO - Processing /home/tedubuamo/project/venv/lib/python3.12/site-packages/airflow/example_dags/plugins/event_listener.py took 0.022 seconds
[2024-12-03T21:10:23.648+0700] {processor.py:186} INFO - Started process (PID=2789) to work on /home/tedubuamo/project/venv/lib/python3.12/site-packages/airflow/example_dags/plugins/event_listener.py
[2024-12-03T21:10:23.650+0700] {processor.py:914} INFO - Processing file /home/tedubuamo/project/venv/lib/python3.12/site-packages/airflow/example_dags/plugins/event_listener.py for tasks to queue
[2024-12-03T21:10:23.652+0700] {logging_mixin.py:190} INFO - [2024-12-03T21:10:23.652+0700] {dagbag.py:588} INFO - Filling up the DagBag from /home/tedubuamo/project/venv/lib/python3.12/site-packages/airflow/example_dags/plugins/event_listener.py
[2024-12-03T21:10:23.654+0700] {processor.py:927} WARNING - No viable dags retrieved from /home/tedubuamo/project/venv/lib/python3.12/site-packages/airflow/example_dags/plugins/event_listener.py
[2024-12-03T21:10:23.661+0700] {processor.py:208} INFO - Processing /home/tedubuamo/project/venv/lib/python3.12/site-packages/airflow/example_dags/plugins/event_listener.py took 0.017 seconds
[2024-12-03T21:10:23.834+0700] {processor.py:186} INFO - Started process (PID=2790) to work on /home/tedubuamo/project/venv/lib/python3.12/site-packages/airflow/example_dags/plugins/event_listener.py
[2024-12-03T21:10:23.835+0700] {processor.py:914} INFO - Processing file /home/tedubuamo/project/venv/lib/python3.12/site-packages/airflow/example_dags/plugins/event_listener.py for tasks to queue
[2024-12-03T21:10:23.836+0700] {logging_mixin.py:190} INFO - [2024-12-03T21:10:23.836+0700] {dagbag.py:588} INFO - Filling up the DagBag from /home/tedubuamo/project/venv/lib/python3.12/site-packages/airflow/example_dags/plugins/event_listener.py
[2024-12-03T21:10:23.838+0700] {processor.py:927} WARNING - No viable dags retrieved from /home/tedubuamo/project/venv/lib/python3.12/site-packages/airflow/example_dags/plugins/event_listener.py
[2024-12-03T21:10:23.845+0700] {processor.py:208} INFO - Processing /home/tedubuamo/project/venv/lib/python3.12/site-packages/airflow/example_dags/plugins/event_listener.py took 0.015 seconds
[2024-12-03T21:11:20.368+0700] {processor.py:186} INFO - Started process (PID=2903) to work on /home/tedubuamo/project/venv/lib/python3.12/site-packages/airflow/example_dags/plugins/event_listener.py
[2024-12-03T21:11:20.369+0700] {processor.py:914} INFO - Processing file /home/tedubuamo/project/venv/lib/python3.12/site-packages/airflow/example_dags/plugins/event_listener.py for tasks to queue
[2024-12-03T21:11:20.370+0700] {logging_mixin.py:190} INFO - [2024-12-03T21:11:20.370+0700] {dagbag.py:588} INFO - Filling up the DagBag from /home/tedubuamo/project/venv/lib/python3.12/site-packages/airflow/example_dags/plugins/event_listener.py
[2024-12-03T21:11:20.372+0700] {processor.py:927} WARNING - No viable dags retrieved from /home/tedubuamo/project/venv/lib/python3.12/site-packages/airflow/example_dags/plugins/event_listener.py
[2024-12-03T21:11:20.379+0700] {processor.py:208} INFO - Processing /home/tedubuamo/project/venv/lib/python3.12/site-packages/airflow/example_dags/plugins/event_listener.py took 0.015 seconds
[2024-12-03T21:11:45.298+0700] {processor.py:186} INFO - Started process (PID=2955) to work on /home/tedubuamo/project/venv/lib/python3.12/site-packages/airflow/example_dags/plugins/event_listener.py
[2024-12-03T21:11:45.299+0700] {processor.py:914} INFO - Processing file /home/tedubuamo/project/venv/lib/python3.12/site-packages/airflow/example_dags/plugins/event_listener.py for tasks to queue
[2024-12-03T21:11:45.301+0700] {logging_mixin.py:190} INFO - [2024-12-03T21:11:45.301+0700] {dagbag.py:588} INFO - Filling up the DagBag from /home/tedubuamo/project/venv/lib/python3.12/site-packages/airflow/example_dags/plugins/event_listener.py
[2024-12-03T21:11:45.302+0700] {processor.py:927} WARNING - No viable dags retrieved from /home/tedubuamo/project/venv/lib/python3.12/site-packages/airflow/example_dags/plugins/event_listener.py
[2024-12-03T21:11:45.310+0700] {processor.py:208} INFO - Processing /home/tedubuamo/project/venv/lib/python3.12/site-packages/airflow/example_dags/plugins/event_listener.py took 0.016 seconds
[2024-12-03T21:12:35.190+0700] {processor.py:186} INFO - Started process (PID=3084) to work on /home/tedubuamo/project/venv/lib/python3.12/site-packages/airflow/example_dags/plugins/event_listener.py
[2024-12-03T21:12:35.195+0700] {processor.py:914} INFO - Processing file /home/tedubuamo/project/venv/lib/python3.12/site-packages/airflow/example_dags/plugins/event_listener.py for tasks to queue
[2024-12-03T21:12:35.196+0700] {logging_mixin.py:190} INFO - [2024-12-03T21:12:35.196+0700] {dagbag.py:588} INFO - Filling up the DagBag from /home/tedubuamo/project/venv/lib/python3.12/site-packages/airflow/example_dags/plugins/event_listener.py
[2024-12-03T21:12:35.198+0700] {processor.py:927} WARNING - No viable dags retrieved from /home/tedubuamo/project/venv/lib/python3.12/site-packages/airflow/example_dags/plugins/event_listener.py
[2024-12-03T21:12:35.205+0700] {processor.py:208} INFO - Processing /home/tedubuamo/project/venv/lib/python3.12/site-packages/airflow/example_dags/plugins/event_listener.py took 0.018 seconds
[2024-12-03T21:13:07.540+0700] {processor.py:186} INFO - Started process (PID=3158) to work on /home/tedubuamo/project/venv/lib/python3.12/site-packages/airflow/example_dags/plugins/event_listener.py
[2024-12-03T21:13:07.541+0700] {processor.py:914} INFO - Processing file /home/tedubuamo/project/venv/lib/python3.12/site-packages/airflow/example_dags/plugins/event_listener.py for tasks to queue
[2024-12-03T21:13:07.543+0700] {logging_mixin.py:190} INFO - [2024-12-03T21:13:07.543+0700] {dagbag.py:588} INFO - Filling up the DagBag from /home/tedubuamo/project/venv/lib/python3.12/site-packages/airflow/example_dags/plugins/event_listener.py
[2024-12-03T21:13:07.545+0700] {processor.py:927} WARNING - No viable dags retrieved from /home/tedubuamo/project/venv/lib/python3.12/site-packages/airflow/example_dags/plugins/event_listener.py
[2024-12-03T21:13:07.551+0700] {processor.py:208} INFO - Processing /home/tedubuamo/project/venv/lib/python3.12/site-packages/airflow/example_dags/plugins/event_listener.py took 0.015 seconds
[2024-12-03T21:13:51.847+0700] {processor.py:186} INFO - Started process (PID=3251) to work on /home/tedubuamo/project/venv/lib/python3.12/site-packages/airflow/example_dags/plugins/event_listener.py
[2024-12-03T21:13:51.858+0700] {processor.py:914} INFO - Processing file /home/tedubuamo/project/venv/lib/python3.12/site-packages/airflow/example_dags/plugins/event_listener.py for tasks to queue
[2024-12-03T21:13:51.860+0700] {logging_mixin.py:190} INFO - [2024-12-03T21:13:51.860+0700] {dagbag.py:588} INFO - Filling up the DagBag from /home/tedubuamo/project/venv/lib/python3.12/site-packages/airflow/example_dags/plugins/event_listener.py
[2024-12-03T21:13:51.862+0700] {processor.py:927} WARNING - No viable dags retrieved from /home/tedubuamo/project/venv/lib/python3.12/site-packages/airflow/example_dags/plugins/event_listener.py
[2024-12-03T21:13:51.871+0700] {processor.py:208} INFO - Processing /home/tedubuamo/project/venv/lib/python3.12/site-packages/airflow/example_dags/plugins/event_listener.py took 0.028 seconds
[2024-12-03T21:14:23.202+0700] {processor.py:186} INFO - Started process (PID=3314) to work on /home/tedubuamo/project/venv/lib/python3.12/site-packages/airflow/example_dags/plugins/event_listener.py
[2024-12-03T21:14:23.203+0700] {processor.py:914} INFO - Processing file /home/tedubuamo/project/venv/lib/python3.12/site-packages/airflow/example_dags/plugins/event_listener.py for tasks to queue
[2024-12-03T21:14:23.205+0700] {logging_mixin.py:190} INFO - [2024-12-03T21:14:23.205+0700] {dagbag.py:588} INFO - Filling up the DagBag from /home/tedubuamo/project/venv/lib/python3.12/site-packages/airflow/example_dags/plugins/event_listener.py
[2024-12-03T21:14:23.207+0700] {processor.py:927} WARNING - No viable dags retrieved from /home/tedubuamo/project/venv/lib/python3.12/site-packages/airflow/example_dags/plugins/event_listener.py
[2024-12-03T21:14:23.217+0700] {processor.py:208} INFO - Processing /home/tedubuamo/project/venv/lib/python3.12/site-packages/airflow/example_dags/plugins/event_listener.py took 0.020 seconds
[2024-12-03T21:15:08.063+0700] {processor.py:186} INFO - Started process (PID=3409) to work on /home/tedubuamo/project/venv/lib/python3.12/site-packages/airflow/example_dags/plugins/event_listener.py
[2024-12-03T21:15:08.066+0700] {processor.py:914} INFO - Processing file /home/tedubuamo/project/venv/lib/python3.12/site-packages/airflow/example_dags/plugins/event_listener.py for tasks to queue
[2024-12-03T21:15:08.068+0700] {logging_mixin.py:190} INFO - [2024-12-03T21:15:08.067+0700] {dagbag.py:588} INFO - Filling up the DagBag from /home/tedubuamo/project/venv/lib/python3.12/site-packages/airflow/example_dags/plugins/event_listener.py
[2024-12-03T21:15:08.069+0700] {processor.py:927} WARNING - No viable dags retrieved from /home/tedubuamo/project/venv/lib/python3.12/site-packages/airflow/example_dags/plugins/event_listener.py
[2024-12-03T21:15:08.077+0700] {processor.py:208} INFO - Processing /home/tedubuamo/project/venv/lib/python3.12/site-packages/airflow/example_dags/plugins/event_listener.py took 0.018 seconds
[2024-12-03T21:15:38.042+0700] {processor.py:186} INFO - Started process (PID=3469) to work on /home/tedubuamo/project/venv/lib/python3.12/site-packages/airflow/example_dags/plugins/event_listener.py
[2024-12-03T21:15:38.043+0700] {processor.py:914} INFO - Processing file /home/tedubuamo/project/venv/lib/python3.12/site-packages/airflow/example_dags/plugins/event_listener.py for tasks to queue
[2024-12-03T21:15:38.045+0700] {logging_mixin.py:190} INFO - [2024-12-03T21:15:38.044+0700] {dagbag.py:588} INFO - Filling up the DagBag from /home/tedubuamo/project/venv/lib/python3.12/site-packages/airflow/example_dags/plugins/event_listener.py
[2024-12-03T21:15:38.047+0700] {processor.py:927} WARNING - No viable dags retrieved from /home/tedubuamo/project/venv/lib/python3.12/site-packages/airflow/example_dags/plugins/event_listener.py
[2024-12-03T21:15:38.055+0700] {processor.py:208} INFO - Processing /home/tedubuamo/project/venv/lib/python3.12/site-packages/airflow/example_dags/plugins/event_listener.py took 0.017 seconds
[2024-12-03T21:16:24.700+0700] {processor.py:186} INFO - Started process (PID=3574) to work on /home/tedubuamo/project/venv/lib/python3.12/site-packages/airflow/example_dags/plugins/event_listener.py
[2024-12-03T21:16:24.702+0700] {processor.py:914} INFO - Processing file /home/tedubuamo/project/venv/lib/python3.12/site-packages/airflow/example_dags/plugins/event_listener.py for tasks to queue
[2024-12-03T21:16:24.704+0700] {logging_mixin.py:190} INFO - [2024-12-03T21:16:24.703+0700] {dagbag.py:588} INFO - Filling up the DagBag from /home/tedubuamo/project/venv/lib/python3.12/site-packages/airflow/example_dags/plugins/event_listener.py
[2024-12-03T21:16:24.705+0700] {processor.py:927} WARNING - No viable dags retrieved from /home/tedubuamo/project/venv/lib/python3.12/site-packages/airflow/example_dags/plugins/event_listener.py
[2024-12-03T21:16:24.713+0700] {processor.py:208} INFO - Processing /home/tedubuamo/project/venv/lib/python3.12/site-packages/airflow/example_dags/plugins/event_listener.py took 0.016 seconds
[2024-12-03T21:16:55.192+0700] {processor.py:186} INFO - Started process (PID=3661) to work on /home/tedubuamo/project/venv/lib/python3.12/site-packages/airflow/example_dags/plugins/event_listener.py
[2024-12-03T21:16:55.196+0700] {processor.py:914} INFO - Processing file /home/tedubuamo/project/venv/lib/python3.12/site-packages/airflow/example_dags/plugins/event_listener.py for tasks to queue
[2024-12-03T21:16:55.197+0700] {logging_mixin.py:190} INFO - [2024-12-03T21:16:55.197+0700] {dagbag.py:588} INFO - Filling up the DagBag from /home/tedubuamo/project/venv/lib/python3.12/site-packages/airflow/example_dags/plugins/event_listener.py
[2024-12-03T21:16:55.199+0700] {processor.py:927} WARNING - No viable dags retrieved from /home/tedubuamo/project/venv/lib/python3.12/site-packages/airflow/example_dags/plugins/event_listener.py
[2024-12-03T21:16:55.205+0700] {processor.py:208} INFO - Processing /home/tedubuamo/project/venv/lib/python3.12/site-packages/airflow/example_dags/plugins/event_listener.py took 0.017 seconds
[2024-12-03T21:17:46.160+0700] {processor.py:186} INFO - Started process (PID=3779) to work on /home/tedubuamo/project/venv/lib/python3.12/site-packages/airflow/example_dags/plugins/event_listener.py
[2024-12-03T21:17:46.163+0700] {processor.py:914} INFO - Processing file /home/tedubuamo/project/venv/lib/python3.12/site-packages/airflow/example_dags/plugins/event_listener.py for tasks to queue
[2024-12-03T21:17:46.165+0700] {logging_mixin.py:190} INFO - [2024-12-03T21:17:46.165+0700] {dagbag.py:588} INFO - Filling up the DagBag from /home/tedubuamo/project/venv/lib/python3.12/site-packages/airflow/example_dags/plugins/event_listener.py
[2024-12-03T21:17:46.167+0700] {processor.py:927} WARNING - No viable dags retrieved from /home/tedubuamo/project/venv/lib/python3.12/site-packages/airflow/example_dags/plugins/event_listener.py
[2024-12-03T21:17:46.173+0700] {processor.py:208} INFO - Processing /home/tedubuamo/project/venv/lib/python3.12/site-packages/airflow/example_dags/plugins/event_listener.py took 0.017 seconds
[2024-12-03T21:18:11.185+0700] {processor.py:186} INFO - Started process (PID=3836) to work on /home/tedubuamo/project/venv/lib/python3.12/site-packages/airflow/example_dags/plugins/event_listener.py
[2024-12-03T21:18:11.186+0700] {processor.py:914} INFO - Processing file /home/tedubuamo/project/venv/lib/python3.12/site-packages/airflow/example_dags/plugins/event_listener.py for tasks to queue
[2024-12-03T21:18:11.188+0700] {logging_mixin.py:190} INFO - [2024-12-03T21:18:11.187+0700] {dagbag.py:588} INFO - Filling up the DagBag from /home/tedubuamo/project/venv/lib/python3.12/site-packages/airflow/example_dags/plugins/event_listener.py
[2024-12-03T21:18:11.189+0700] {processor.py:927} WARNING - No viable dags retrieved from /home/tedubuamo/project/venv/lib/python3.12/site-packages/airflow/example_dags/plugins/event_listener.py
[2024-12-03T21:18:11.206+0700] {processor.py:208} INFO - Processing /home/tedubuamo/project/venv/lib/python3.12/site-packages/airflow/example_dags/plugins/event_listener.py took 0.025 seconds
[2024-12-03T21:19:40.192+0700] {processor.py:186} INFO - Started process (PID=3980) to work on /home/tedubuamo/project/venv/lib/python3.12/site-packages/airflow/example_dags/plugins/event_listener.py
[2024-12-03T21:19:40.196+0700] {processor.py:914} INFO - Processing file /home/tedubuamo/project/venv/lib/python3.12/site-packages/airflow/example_dags/plugins/event_listener.py for tasks to queue
[2024-12-03T21:19:40.197+0700] {logging_mixin.py:190} INFO - [2024-12-03T21:19:40.197+0700] {dagbag.py:588} INFO - Filling up the DagBag from /home/tedubuamo/project/venv/lib/python3.12/site-packages/airflow/example_dags/plugins/event_listener.py
[2024-12-03T21:19:40.199+0700] {processor.py:927} WARNING - No viable dags retrieved from /home/tedubuamo/project/venv/lib/python3.12/site-packages/airflow/example_dags/plugins/event_listener.py
[2024-12-03T21:19:40.205+0700] {processor.py:208} INFO - Processing /home/tedubuamo/project/venv/lib/python3.12/site-packages/airflow/example_dags/plugins/event_listener.py took 0.017 seconds
[2024-12-03T21:20:45.609+0700] {processor.py:186} INFO - Started process (PID=4086) to work on /home/tedubuamo/project/venv/lib/python3.12/site-packages/airflow/example_dags/plugins/event_listener.py
[2024-12-03T21:20:45.610+0700] {processor.py:914} INFO - Processing file /home/tedubuamo/project/venv/lib/python3.12/site-packages/airflow/example_dags/plugins/event_listener.py for tasks to queue
[2024-12-03T21:20:45.612+0700] {logging_mixin.py:190} INFO - [2024-12-03T21:20:45.612+0700] {dagbag.py:588} INFO - Filling up the DagBag from /home/tedubuamo/project/venv/lib/python3.12/site-packages/airflow/example_dags/plugins/event_listener.py
[2024-12-03T21:20:45.614+0700] {processor.py:927} WARNING - No viable dags retrieved from /home/tedubuamo/project/venv/lib/python3.12/site-packages/airflow/example_dags/plugins/event_listener.py
[2024-12-03T21:20:45.622+0700] {processor.py:208} INFO - Processing /home/tedubuamo/project/venv/lib/python3.12/site-packages/airflow/example_dags/plugins/event_listener.py took 0.018 seconds
[2024-12-03T21:21:47.375+0700] {processor.py:186} INFO - Started process (PID=4155) to work on /home/tedubuamo/project/venv/lib/python3.12/site-packages/airflow/example_dags/plugins/event_listener.py
[2024-12-03T21:21:47.382+0700] {processor.py:914} INFO - Processing file /home/tedubuamo/project/venv/lib/python3.12/site-packages/airflow/example_dags/plugins/event_listener.py for tasks to queue
[2024-12-03T21:21:47.384+0700] {logging_mixin.py:190} INFO - [2024-12-03T21:21:47.383+0700] {dagbag.py:588} INFO - Filling up the DagBag from /home/tedubuamo/project/venv/lib/python3.12/site-packages/airflow/example_dags/plugins/event_listener.py
[2024-12-03T21:21:47.385+0700] {processor.py:927} WARNING - No viable dags retrieved from /home/tedubuamo/project/venv/lib/python3.12/site-packages/airflow/example_dags/plugins/event_listener.py
[2024-12-03T21:21:47.396+0700] {processor.py:208} INFO - Processing /home/tedubuamo/project/venv/lib/python3.12/site-packages/airflow/example_dags/plugins/event_listener.py took 0.026 seconds
[2024-12-03T21:23:06.756+0700] {processor.py:186} INFO - Started process (PID=4274) to work on /home/tedubuamo/project/venv/lib/python3.12/site-packages/airflow/example_dags/plugins/event_listener.py
[2024-12-03T21:23:06.758+0700] {processor.py:914} INFO - Processing file /home/tedubuamo/project/venv/lib/python3.12/site-packages/airflow/example_dags/plugins/event_listener.py for tasks to queue
[2024-12-03T21:23:06.760+0700] {logging_mixin.py:190} INFO - [2024-12-03T21:23:06.760+0700] {dagbag.py:588} INFO - Filling up the DagBag from /home/tedubuamo/project/venv/lib/python3.12/site-packages/airflow/example_dags/plugins/event_listener.py
[2024-12-03T21:23:06.763+0700] {processor.py:927} WARNING - No viable dags retrieved from /home/tedubuamo/project/venv/lib/python3.12/site-packages/airflow/example_dags/plugins/event_listener.py
[2024-12-03T21:23:06.770+0700] {processor.py:208} INFO - Processing /home/tedubuamo/project/venv/lib/python3.12/site-packages/airflow/example_dags/plugins/event_listener.py took 0.018 seconds
[2024-12-03T21:24:29.382+0700] {processor.py:186} INFO - Started process (PID=4379) to work on /home/tedubuamo/project/venv/lib/python3.12/site-packages/airflow/example_dags/plugins/event_listener.py
[2024-12-03T21:24:29.383+0700] {processor.py:914} INFO - Processing file /home/tedubuamo/project/venv/lib/python3.12/site-packages/airflow/example_dags/plugins/event_listener.py for tasks to queue
[2024-12-03T21:24:29.384+0700] {logging_mixin.py:190} INFO - [2024-12-03T21:24:29.384+0700] {dagbag.py:588} INFO - Filling up the DagBag from /home/tedubuamo/project/venv/lib/python3.12/site-packages/airflow/example_dags/plugins/event_listener.py
[2024-12-03T21:24:29.386+0700] {processor.py:927} WARNING - No viable dags retrieved from /home/tedubuamo/project/venv/lib/python3.12/site-packages/airflow/example_dags/plugins/event_listener.py
[2024-12-03T21:24:29.393+0700] {processor.py:208} INFO - Processing /home/tedubuamo/project/venv/lib/python3.12/site-packages/airflow/example_dags/plugins/event_listener.py took 0.016 seconds
[2024-12-03T21:25:51.445+0700] {processor.py:186} INFO - Started process (PID=4490) to work on /home/tedubuamo/project/venv/lib/python3.12/site-packages/airflow/example_dags/plugins/event_listener.py
[2024-12-03T21:25:51.449+0700] {processor.py:914} INFO - Processing file /home/tedubuamo/project/venv/lib/python3.12/site-packages/airflow/example_dags/plugins/event_listener.py for tasks to queue
[2024-12-03T21:25:51.451+0700] {logging_mixin.py:190} INFO - [2024-12-03T21:25:51.451+0700] {dagbag.py:588} INFO - Filling up the DagBag from /home/tedubuamo/project/venv/lib/python3.12/site-packages/airflow/example_dags/plugins/event_listener.py
[2024-12-03T21:25:51.453+0700] {processor.py:927} WARNING - No viable dags retrieved from /home/tedubuamo/project/venv/lib/python3.12/site-packages/airflow/example_dags/plugins/event_listener.py
[2024-12-03T21:25:51.461+0700] {processor.py:208} INFO - Processing /home/tedubuamo/project/venv/lib/python3.12/site-packages/airflow/example_dags/plugins/event_listener.py took 0.020 seconds
[2024-12-03T21:26:48.565+0700] {processor.py:186} INFO - Started process (PID=4551) to work on /home/tedubuamo/project/venv/lib/python3.12/site-packages/airflow/example_dags/plugins/event_listener.py
[2024-12-03T21:26:48.568+0700] {processor.py:914} INFO - Processing file /home/tedubuamo/project/venv/lib/python3.12/site-packages/airflow/example_dags/plugins/event_listener.py for tasks to queue
[2024-12-03T21:26:48.570+0700] {logging_mixin.py:190} INFO - [2024-12-03T21:26:48.570+0700] {dagbag.py:588} INFO - Filling up the DagBag from /home/tedubuamo/project/venv/lib/python3.12/site-packages/airflow/example_dags/plugins/event_listener.py
[2024-12-03T21:26:48.572+0700] {processor.py:927} WARNING - No viable dags retrieved from /home/tedubuamo/project/venv/lib/python3.12/site-packages/airflow/example_dags/plugins/event_listener.py
[2024-12-03T21:26:48.579+0700] {processor.py:208} INFO - Processing /home/tedubuamo/project/venv/lib/python3.12/site-packages/airflow/example_dags/plugins/event_listener.py took 0.018 seconds
[2024-12-03T21:28:09.252+0700] {processor.py:186} INFO - Started process (PID=4651) to work on /home/tedubuamo/project/venv/lib/python3.12/site-packages/airflow/example_dags/plugins/event_listener.py
[2024-12-03T21:28:09.254+0700] {processor.py:914} INFO - Processing file /home/tedubuamo/project/venv/lib/python3.12/site-packages/airflow/example_dags/plugins/event_listener.py for tasks to queue
[2024-12-03T21:28:09.256+0700] {logging_mixin.py:190} INFO - [2024-12-03T21:28:09.255+0700] {dagbag.py:588} INFO - Filling up the DagBag from /home/tedubuamo/project/venv/lib/python3.12/site-packages/airflow/example_dags/plugins/event_listener.py
[2024-12-03T21:28:09.258+0700] {processor.py:927} WARNING - No viable dags retrieved from /home/tedubuamo/project/venv/lib/python3.12/site-packages/airflow/example_dags/plugins/event_listener.py
[2024-12-03T21:28:09.265+0700] {processor.py:208} INFO - Processing /home/tedubuamo/project/venv/lib/python3.12/site-packages/airflow/example_dags/plugins/event_listener.py took 0.016 seconds
[2024-12-03T21:29:29.931+0700] {processor.py:186} INFO - Started process (PID=4819) to work on /home/tedubuamo/project/venv/lib/python3.12/site-packages/airflow/example_dags/plugins/event_listener.py
[2024-12-03T21:29:29.932+0700] {processor.py:914} INFO - Processing file /home/tedubuamo/project/venv/lib/python3.12/site-packages/airflow/example_dags/plugins/event_listener.py for tasks to queue
[2024-12-03T21:29:29.935+0700] {logging_mixin.py:190} INFO - [2024-12-03T21:29:29.934+0700] {dagbag.py:588} INFO - Filling up the DagBag from /home/tedubuamo/project/venv/lib/python3.12/site-packages/airflow/example_dags/plugins/event_listener.py
[2024-12-03T21:29:29.939+0700] {processor.py:927} WARNING - No viable dags retrieved from /home/tedubuamo/project/venv/lib/python3.12/site-packages/airflow/example_dags/plugins/event_listener.py
[2024-12-03T21:29:29.951+0700] {processor.py:208} INFO - Processing /home/tedubuamo/project/venv/lib/python3.12/site-packages/airflow/example_dags/plugins/event_listener.py took 0.026 seconds
[2024-12-03T21:30:52.531+0700] {processor.py:186} INFO - Started process (PID=4907) to work on /home/tedubuamo/project/venv/lib/python3.12/site-packages/airflow/example_dags/plugins/event_listener.py
[2024-12-03T21:30:52.533+0700] {processor.py:914} INFO - Processing file /home/tedubuamo/project/venv/lib/python3.12/site-packages/airflow/example_dags/plugins/event_listener.py for tasks to queue
[2024-12-03T21:30:52.534+0700] {logging_mixin.py:190} INFO - [2024-12-03T21:30:52.534+0700] {dagbag.py:588} INFO - Filling up the DagBag from /home/tedubuamo/project/venv/lib/python3.12/site-packages/airflow/example_dags/plugins/event_listener.py
[2024-12-03T21:30:52.536+0700] {processor.py:927} WARNING - No viable dags retrieved from /home/tedubuamo/project/venv/lib/python3.12/site-packages/airflow/example_dags/plugins/event_listener.py
[2024-12-03T21:30:52.543+0700] {processor.py:208} INFO - Processing /home/tedubuamo/project/venv/lib/python3.12/site-packages/airflow/example_dags/plugins/event_listener.py took 0.016 seconds
