[2024-12-03T20:58:15.962+0700] {processor.py:186} INFO - Started process (PID=1668) to work on /home/tedubuamo/project/venv/lib/python3.12/site-packages/airflow/example_dags/plugins/listener_plugin.py
[2024-12-03T20:58:15.963+0700] {processor.py:914} INFO - Processing file /home/tedubuamo/project/venv/lib/python3.12/site-packages/airflow/example_dags/plugins/listener_plugin.py for tasks to queue
[2024-12-03T20:58:15.964+0700] {logging_mixin.py:190} INFO - [2024-12-03T20:58:15.964+0700] {dagbag.py:588} INFO - Filling up the DagBag from /home/tedubuamo/project/venv/lib/python3.12/site-packages/airflow/example_dags/plugins/listener_plugin.py
[2024-12-03T20:58:15.965+0700] {processor.py:927} WARNING - No viable dags retrieved from /home/tedubuamo/project/venv/lib/python3.12/site-packages/airflow/example_dags/plugins/listener_plugin.py
[2024-12-03T20:58:15.972+0700] {processor.py:208} INFO - Processing /home/tedubuamo/project/venv/lib/python3.12/site-packages/airflow/example_dags/plugins/listener_plugin.py took 0.014 seconds
[2024-12-03T20:59:11.240+0700] {processor.py:186} INFO - Started process (PID=1725) to work on /home/tedubuamo/project/venv/lib/python3.12/site-packages/airflow/example_dags/plugins/listener_plugin.py
[2024-12-03T20:59:11.244+0700] {processor.py:914} INFO - Processing file /home/tedubuamo/project/venv/lib/python3.12/site-packages/airflow/example_dags/plugins/listener_plugin.py for tasks to queue
[2024-12-03T20:59:11.246+0700] {logging_mixin.py:190} INFO - [2024-12-03T20:59:11.246+0700] {dagbag.py:588} INFO - Filling up the DagBag from /home/tedubuamo/project/venv/lib/python3.12/site-packages/airflow/example_dags/plugins/listener_plugin.py
[2024-12-03T20:59:11.248+0700] {processor.py:927} WARNING - No viable dags retrieved from /home/tedubuamo/project/venv/lib/python3.12/site-packages/airflow/example_dags/plugins/listener_plugin.py
[2024-12-03T20:59:11.255+0700] {processor.py:208} INFO - Processing /home/tedubuamo/project/venv/lib/python3.12/site-packages/airflow/example_dags/plugins/listener_plugin.py took 0.019 seconds
[2024-12-03T21:00:25.752+0700] {processor.py:186} INFO - Started process (PID=1802) to work on /home/tedubuamo/project/venv/lib/python3.12/site-packages/airflow/example_dags/plugins/listener_plugin.py
[2024-12-03T21:00:25.753+0700] {processor.py:914} INFO - Processing file /home/tedubuamo/project/venv/lib/python3.12/site-packages/airflow/example_dags/plugins/listener_plugin.py for tasks to queue
[2024-12-03T21:00:25.755+0700] {logging_mixin.py:190} INFO - [2024-12-03T21:00:25.755+0700] {dagbag.py:588} INFO - Filling up the DagBag from /home/tedubuamo/project/venv/lib/python3.12/site-packages/airflow/example_dags/plugins/listener_plugin.py
[2024-12-03T21:00:25.756+0700] {processor.py:927} WARNING - No viable dags retrieved from /home/tedubuamo/project/venv/lib/python3.12/site-packages/airflow/example_dags/plugins/listener_plugin.py
[2024-12-03T21:00:25.763+0700] {processor.py:208} INFO - Processing /home/tedubuamo/project/venv/lib/python3.12/site-packages/airflow/example_dags/plugins/listener_plugin.py took 0.015 seconds
[2024-12-03T21:05:40.832+0700] {processor.py:186} INFO - Started process (PID=2075) to work on /home/tedubuamo/project/venv/lib/python3.12/site-packages/airflow/example_dags/plugins/listener_plugin.py
[2024-12-03T21:05:40.836+0700] {processor.py:914} INFO - Processing file /home/tedubuamo/project/venv/lib/python3.12/site-packages/airflow/example_dags/plugins/listener_plugin.py for tasks to queue
[2024-12-03T21:05:40.839+0700] {logging_mixin.py:190} INFO - [2024-12-03T21:05:40.839+0700] {dagbag.py:588} INFO - Filling up the DagBag from /home/tedubuamo/project/venv/lib/python3.12/site-packages/airflow/example_dags/plugins/listener_plugin.py
[2024-12-03T21:05:40.842+0700] {processor.py:927} WARNING - No viable dags retrieved from /home/tedubuamo/project/venv/lib/python3.12/site-packages/airflow/example_dags/plugins/listener_plugin.py
[2024-12-03T21:05:40.854+0700] {processor.py:208} INFO - Processing /home/tedubuamo/project/venv/lib/python3.12/site-packages/airflow/example_dags/plugins/listener_plugin.py took 0.031 seconds
[2024-12-03T21:06:37.815+0700] {processor.py:186} INFO - Started process (PID=2227) to work on /home/tedubuamo/project/venv/lib/python3.12/site-packages/airflow/example_dags/plugins/listener_plugin.py
[2024-12-03T21:06:37.818+0700] {processor.py:914} INFO - Processing file /home/tedubuamo/project/venv/lib/python3.12/site-packages/airflow/example_dags/plugins/listener_plugin.py for tasks to queue
[2024-12-03T21:06:37.819+0700] {logging_mixin.py:190} INFO - [2024-12-03T21:06:37.819+0700] {dagbag.py:588} INFO - Filling up the DagBag from /home/tedubuamo/project/venv/lib/python3.12/site-packages/airflow/example_dags/plugins/listener_plugin.py
[2024-12-03T21:06:37.821+0700] {processor.py:927} WARNING - No viable dags retrieved from /home/tedubuamo/project/venv/lib/python3.12/site-packages/airflow/example_dags/plugins/listener_plugin.py
[2024-12-03T21:06:37.828+0700] {processor.py:208} INFO - Processing /home/tedubuamo/project/venv/lib/python3.12/site-packages/airflow/example_dags/plugins/listener_plugin.py took 0.018 seconds
[2024-12-03T21:06:58.125+0700] {processor.py:186} INFO - Started process (PID=2338) to work on /home/tedubuamo/project/venv/lib/python3.12/site-packages/airflow/example_dags/plugins/listener_plugin.py
[2024-12-03T21:06:58.128+0700] {processor.py:914} INFO - Processing file /home/tedubuamo/project/venv/lib/python3.12/site-packages/airflow/example_dags/plugins/listener_plugin.py for tasks to queue
[2024-12-03T21:06:58.130+0700] {logging_mixin.py:190} INFO - [2024-12-03T21:06:58.130+0700] {dagbag.py:588} INFO - Filling up the DagBag from /home/tedubuamo/project/venv/lib/python3.12/site-packages/airflow/example_dags/plugins/listener_plugin.py
[2024-12-03T21:06:58.132+0700] {processor.py:927} WARNING - No viable dags retrieved from /home/tedubuamo/project/venv/lib/python3.12/site-packages/airflow/example_dags/plugins/listener_plugin.py
[2024-12-03T21:06:58.139+0700] {processor.py:208} INFO - Processing /home/tedubuamo/project/venv/lib/python3.12/site-packages/airflow/example_dags/plugins/listener_plugin.py took 0.017 seconds
[2024-12-03T21:07:51.020+0700] {processor.py:186} INFO - Started process (PID=2476) to work on /home/tedubuamo/project/venv/lib/python3.12/site-packages/airflow/example_dags/plugins/listener_plugin.py
[2024-12-03T21:07:51.021+0700] {processor.py:914} INFO - Processing file /home/tedubuamo/project/venv/lib/python3.12/site-packages/airflow/example_dags/plugins/listener_plugin.py for tasks to queue
[2024-12-03T21:07:51.023+0700] {logging_mixin.py:190} INFO - [2024-12-03T21:07:51.023+0700] {dagbag.py:588} INFO - Filling up the DagBag from /home/tedubuamo/project/venv/lib/python3.12/site-packages/airflow/example_dags/plugins/listener_plugin.py
[2024-12-03T21:07:51.025+0700] {processor.py:927} WARNING - No viable dags retrieved from /home/tedubuamo/project/venv/lib/python3.12/site-packages/airflow/example_dags/plugins/listener_plugin.py
[2024-12-03T21:07:51.037+0700] {processor.py:208} INFO - Processing /home/tedubuamo/project/venv/lib/python3.12/site-packages/airflow/example_dags/plugins/listener_plugin.py took 0.023 seconds
[2024-12-03T21:08:17.092+0700] {processor.py:186} INFO - Started process (PID=2527) to work on /home/tedubuamo/project/venv/lib/python3.12/site-packages/airflow/example_dags/plugins/listener_plugin.py
[2024-12-03T21:08:17.093+0700] {processor.py:914} INFO - Processing file /home/tedubuamo/project/venv/lib/python3.12/site-packages/airflow/example_dags/plugins/listener_plugin.py for tasks to queue
[2024-12-03T21:08:17.096+0700] {logging_mixin.py:190} INFO - [2024-12-03T21:08:17.095+0700] {dagbag.py:588} INFO - Filling up the DagBag from /home/tedubuamo/project/venv/lib/python3.12/site-packages/airflow/example_dags/plugins/listener_plugin.py
[2024-12-03T21:08:17.098+0700] {processor.py:927} WARNING - No viable dags retrieved from /home/tedubuamo/project/venv/lib/python3.12/site-packages/airflow/example_dags/plugins/listener_plugin.py
[2024-12-03T21:08:17.110+0700] {processor.py:208} INFO - Processing /home/tedubuamo/project/venv/lib/python3.12/site-packages/airflow/example_dags/plugins/listener_plugin.py took 0.025 seconds
[2024-12-03T21:09:07.877+0700] {processor.py:186} INFO - Started process (PID=2631) to work on /home/tedubuamo/project/venv/lib/python3.12/site-packages/airflow/example_dags/plugins/listener_plugin.py
[2024-12-03T21:09:07.879+0700] {processor.py:914} INFO - Processing file /home/tedubuamo/project/venv/lib/python3.12/site-packages/airflow/example_dags/plugins/listener_plugin.py for tasks to queue
[2024-12-03T21:09:07.881+0700] {logging_mixin.py:190} INFO - [2024-12-03T21:09:07.881+0700] {dagbag.py:588} INFO - Filling up the DagBag from /home/tedubuamo/project/venv/lib/python3.12/site-packages/airflow/example_dags/plugins/listener_plugin.py
[2024-12-03T21:09:07.885+0700] {processor.py:927} WARNING - No viable dags retrieved from /home/tedubuamo/project/venv/lib/python3.12/site-packages/airflow/example_dags/plugins/listener_plugin.py
[2024-12-03T21:09:07.901+0700] {processor.py:208} INFO - Processing /home/tedubuamo/project/venv/lib/python3.12/site-packages/airflow/example_dags/plugins/listener_plugin.py took 0.034 seconds
[2024-12-03T21:09:11.979+0700] {processor.py:186} INFO - Started process (PID=2640) to work on /home/tedubuamo/project/venv/lib/python3.12/site-packages/airflow/example_dags/plugins/listener_plugin.py
[2024-12-03T21:09:11.979+0700] {processor.py:914} INFO - Processing file /home/tedubuamo/project/venv/lib/python3.12/site-packages/airflow/example_dags/plugins/listener_plugin.py for tasks to queue
[2024-12-03T21:09:11.981+0700] {logging_mixin.py:190} INFO - [2024-12-03T21:09:11.981+0700] {dagbag.py:588} INFO - Filling up the DagBag from /home/tedubuamo/project/venv/lib/python3.12/site-packages/airflow/example_dags/plugins/listener_plugin.py
[2024-12-03T21:09:11.982+0700] {processor.py:927} WARNING - No viable dags retrieved from /home/tedubuamo/project/venv/lib/python3.12/site-packages/airflow/example_dags/plugins/listener_plugin.py
[2024-12-03T21:09:11.989+0700] {processor.py:208} INFO - Processing /home/tedubuamo/project/venv/lib/python3.12/site-packages/airflow/example_dags/plugins/listener_plugin.py took 0.014 seconds
[2024-12-03T21:10:24.793+0700] {processor.py:186} INFO - Started process (PID=2791) to work on /home/tedubuamo/project/venv/lib/python3.12/site-packages/airflow/example_dags/plugins/listener_plugin.py
[2024-12-03T21:10:24.794+0700] {processor.py:914} INFO - Processing file /home/tedubuamo/project/venv/lib/python3.12/site-packages/airflow/example_dags/plugins/listener_plugin.py for tasks to queue
[2024-12-03T21:10:24.796+0700] {logging_mixin.py:190} INFO - [2024-12-03T21:10:24.795+0700] {dagbag.py:588} INFO - Filling up the DagBag from /home/tedubuamo/project/venv/lib/python3.12/site-packages/airflow/example_dags/plugins/listener_plugin.py
[2024-12-03T21:10:24.798+0700] {processor.py:927} WARNING - No viable dags retrieved from /home/tedubuamo/project/venv/lib/python3.12/site-packages/airflow/example_dags/plugins/listener_plugin.py
[2024-12-03T21:10:24.805+0700] {processor.py:208} INFO - Processing /home/tedubuamo/project/venv/lib/python3.12/site-packages/airflow/example_dags/plugins/listener_plugin.py took 0.016 seconds
[2024-12-03T21:10:24.966+0700] {processor.py:186} INFO - Started process (PID=2792) to work on /home/tedubuamo/project/venv/lib/python3.12/site-packages/airflow/example_dags/plugins/listener_plugin.py
[2024-12-03T21:10:24.966+0700] {processor.py:914} INFO - Processing file /home/tedubuamo/project/venv/lib/python3.12/site-packages/airflow/example_dags/plugins/listener_plugin.py for tasks to queue
[2024-12-03T21:10:24.968+0700] {logging_mixin.py:190} INFO - [2024-12-03T21:10:24.967+0700] {dagbag.py:588} INFO - Filling up the DagBag from /home/tedubuamo/project/venv/lib/python3.12/site-packages/airflow/example_dags/plugins/listener_plugin.py
[2024-12-03T21:10:24.970+0700] {processor.py:927} WARNING - No viable dags retrieved from /home/tedubuamo/project/venv/lib/python3.12/site-packages/airflow/example_dags/plugins/listener_plugin.py
[2024-12-03T21:10:24.977+0700] {processor.py:208} INFO - Processing /home/tedubuamo/project/venv/lib/python3.12/site-packages/airflow/example_dags/plugins/listener_plugin.py took 0.015 seconds
[2024-12-03T21:11:43.820+0700] {processor.py:186} INFO - Started process (PID=2951) to work on /home/tedubuamo/project/venv/lib/python3.12/site-packages/airflow/example_dags/plugins/listener_plugin.py
[2024-12-03T21:11:43.821+0700] {processor.py:914} INFO - Processing file /home/tedubuamo/project/venv/lib/python3.12/site-packages/airflow/example_dags/plugins/listener_plugin.py for tasks to queue
[2024-12-03T21:11:43.822+0700] {logging_mixin.py:190} INFO - [2024-12-03T21:11:43.822+0700] {dagbag.py:588} INFO - Filling up the DagBag from /home/tedubuamo/project/venv/lib/python3.12/site-packages/airflow/example_dags/plugins/listener_plugin.py
[2024-12-03T21:11:43.825+0700] {processor.py:927} WARNING - No viable dags retrieved from /home/tedubuamo/project/venv/lib/python3.12/site-packages/airflow/example_dags/plugins/listener_plugin.py
[2024-12-03T21:11:43.832+0700] {processor.py:208} INFO - Processing /home/tedubuamo/project/venv/lib/python3.12/site-packages/airflow/example_dags/plugins/listener_plugin.py took 0.016 seconds
[2024-12-03T21:11:46.280+0700] {processor.py:186} INFO - Started process (PID=2957) to work on /home/tedubuamo/project/venv/lib/python3.12/site-packages/airflow/example_dags/plugins/listener_plugin.py
[2024-12-03T21:11:46.376+0700] {processor.py:914} INFO - Processing file /home/tedubuamo/project/venv/lib/python3.12/site-packages/airflow/example_dags/plugins/listener_plugin.py for tasks to queue
[2024-12-03T21:11:46.379+0700] {logging_mixin.py:190} INFO - [2024-12-03T21:11:46.378+0700] {dagbag.py:588} INFO - Filling up the DagBag from /home/tedubuamo/project/venv/lib/python3.12/site-packages/airflow/example_dags/plugins/listener_plugin.py
[2024-12-03T21:11:46.381+0700] {processor.py:927} WARNING - No viable dags retrieved from /home/tedubuamo/project/venv/lib/python3.12/site-packages/airflow/example_dags/plugins/listener_plugin.py
[2024-12-03T21:11:46.390+0700] {processor.py:208} INFO - Processing /home/tedubuamo/project/venv/lib/python3.12/site-packages/airflow/example_dags/plugins/listener_plugin.py took 0.114 seconds
[2024-12-03T21:12:58.059+0700] {processor.py:186} INFO - Started process (PID=3139) to work on /home/tedubuamo/project/venv/lib/python3.12/site-packages/airflow/example_dags/plugins/listener_plugin.py
[2024-12-03T21:12:58.060+0700] {processor.py:914} INFO - Processing file /home/tedubuamo/project/venv/lib/python3.12/site-packages/airflow/example_dags/plugins/listener_plugin.py for tasks to queue
[2024-12-03T21:12:58.061+0700] {logging_mixin.py:190} INFO - [2024-12-03T21:12:58.061+0700] {dagbag.py:588} INFO - Filling up the DagBag from /home/tedubuamo/project/venv/lib/python3.12/site-packages/airflow/example_dags/plugins/listener_plugin.py
[2024-12-03T21:12:58.064+0700] {processor.py:927} WARNING - No viable dags retrieved from /home/tedubuamo/project/venv/lib/python3.12/site-packages/airflow/example_dags/plugins/listener_plugin.py
[2024-12-03T21:12:58.071+0700] {processor.py:208} INFO - Processing /home/tedubuamo/project/venv/lib/python3.12/site-packages/airflow/example_dags/plugins/listener_plugin.py took 0.017 seconds
[2024-12-03T21:13:07.957+0700] {processor.py:186} INFO - Started process (PID=3159) to work on /home/tedubuamo/project/venv/lib/python3.12/site-packages/airflow/example_dags/plugins/listener_plugin.py
[2024-12-03T21:13:07.961+0700] {processor.py:914} INFO - Processing file /home/tedubuamo/project/venv/lib/python3.12/site-packages/airflow/example_dags/plugins/listener_plugin.py for tasks to queue
[2024-12-03T21:13:07.962+0700] {logging_mixin.py:190} INFO - [2024-12-03T21:13:07.962+0700] {dagbag.py:588} INFO - Filling up the DagBag from /home/tedubuamo/project/venv/lib/python3.12/site-packages/airflow/example_dags/plugins/listener_plugin.py
[2024-12-03T21:13:07.964+0700] {processor.py:927} WARNING - No viable dags retrieved from /home/tedubuamo/project/venv/lib/python3.12/site-packages/airflow/example_dags/plugins/listener_plugin.py
[2024-12-03T21:13:07.971+0700] {processor.py:208} INFO - Processing /home/tedubuamo/project/venv/lib/python3.12/site-packages/airflow/example_dags/plugins/listener_plugin.py took 0.018 seconds
[2024-12-03T21:14:14.284+0700] {processor.py:186} INFO - Started process (PID=3296) to work on /home/tedubuamo/project/venv/lib/python3.12/site-packages/airflow/example_dags/plugins/listener_plugin.py
[2024-12-03T21:14:14.285+0700] {processor.py:914} INFO - Processing file /home/tedubuamo/project/venv/lib/python3.12/site-packages/airflow/example_dags/plugins/listener_plugin.py for tasks to queue
[2024-12-03T21:14:14.286+0700] {logging_mixin.py:190} INFO - [2024-12-03T21:14:14.286+0700] {dagbag.py:588} INFO - Filling up the DagBag from /home/tedubuamo/project/venv/lib/python3.12/site-packages/airflow/example_dags/plugins/listener_plugin.py
[2024-12-03T21:14:14.288+0700] {processor.py:927} WARNING - No viable dags retrieved from /home/tedubuamo/project/venv/lib/python3.12/site-packages/airflow/example_dags/plugins/listener_plugin.py
[2024-12-03T21:14:14.295+0700] {processor.py:208} INFO - Processing /home/tedubuamo/project/venv/lib/python3.12/site-packages/airflow/example_dags/plugins/listener_plugin.py took 0.016 seconds
[2024-12-03T21:14:23.646+0700] {processor.py:186} INFO - Started process (PID=3316) to work on /home/tedubuamo/project/venv/lib/python3.12/site-packages/airflow/example_dags/plugins/listener_plugin.py
[2024-12-03T21:14:23.647+0700] {processor.py:914} INFO - Processing file /home/tedubuamo/project/venv/lib/python3.12/site-packages/airflow/example_dags/plugins/listener_plugin.py for tasks to queue
[2024-12-03T21:14:23.650+0700] {logging_mixin.py:190} INFO - [2024-12-03T21:14:23.649+0700] {dagbag.py:588} INFO - Filling up the DagBag from /home/tedubuamo/project/venv/lib/python3.12/site-packages/airflow/example_dags/plugins/listener_plugin.py
[2024-12-03T21:14:23.653+0700] {processor.py:927} WARNING - No viable dags retrieved from /home/tedubuamo/project/venv/lib/python3.12/site-packages/airflow/example_dags/plugins/listener_plugin.py
[2024-12-03T21:14:23.663+0700] {processor.py:208} INFO - Processing /home/tedubuamo/project/venv/lib/python3.12/site-packages/airflow/example_dags/plugins/listener_plugin.py took 0.022 seconds
[2024-12-03T21:15:09.198+0700] {processor.py:186} INFO - Started process (PID=3412) to work on /home/tedubuamo/project/venv/lib/python3.12/site-packages/airflow/example_dags/plugins/listener_plugin.py
[2024-12-03T21:15:09.200+0700] {processor.py:914} INFO - Processing file /home/tedubuamo/project/venv/lib/python3.12/site-packages/airflow/example_dags/plugins/listener_plugin.py for tasks to queue
[2024-12-03T21:15:09.201+0700] {logging_mixin.py:190} INFO - [2024-12-03T21:15:09.201+0700] {dagbag.py:588} INFO - Filling up the DagBag from /home/tedubuamo/project/venv/lib/python3.12/site-packages/airflow/example_dags/plugins/listener_plugin.py
[2024-12-03T21:15:09.203+0700] {processor.py:927} WARNING - No viable dags retrieved from /home/tedubuamo/project/venv/lib/python3.12/site-packages/airflow/example_dags/plugins/listener_plugin.py
[2024-12-03T21:15:09.210+0700] {processor.py:208} INFO - Processing /home/tedubuamo/project/venv/lib/python3.12/site-packages/airflow/example_dags/plugins/listener_plugin.py took 0.015 seconds
[2024-12-03T21:15:39.187+0700] {processor.py:186} INFO - Started process (PID=3471) to work on /home/tedubuamo/project/venv/lib/python3.12/site-packages/airflow/example_dags/plugins/listener_plugin.py
[2024-12-03T21:15:39.189+0700] {processor.py:914} INFO - Processing file /home/tedubuamo/project/venv/lib/python3.12/site-packages/airflow/example_dags/plugins/listener_plugin.py for tasks to queue
[2024-12-03T21:15:39.191+0700] {logging_mixin.py:190} INFO - [2024-12-03T21:15:39.190+0700] {dagbag.py:588} INFO - Filling up the DagBag from /home/tedubuamo/project/venv/lib/python3.12/site-packages/airflow/example_dags/plugins/listener_plugin.py
[2024-12-03T21:15:39.193+0700] {processor.py:927} WARNING - No viable dags retrieved from /home/tedubuamo/project/venv/lib/python3.12/site-packages/airflow/example_dags/plugins/listener_plugin.py
[2024-12-03T21:15:39.200+0700] {processor.py:208} INFO - Processing /home/tedubuamo/project/venv/lib/python3.12/site-packages/airflow/example_dags/plugins/listener_plugin.py took 0.018 seconds
[2024-12-03T21:16:25.833+0700] {processor.py:186} INFO - Started process (PID=3576) to work on /home/tedubuamo/project/venv/lib/python3.12/site-packages/airflow/example_dags/plugins/listener_plugin.py
[2024-12-03T21:16:25.835+0700] {processor.py:914} INFO - Processing file /home/tedubuamo/project/venv/lib/python3.12/site-packages/airflow/example_dags/plugins/listener_plugin.py for tasks to queue
[2024-12-03T21:16:25.836+0700] {logging_mixin.py:190} INFO - [2024-12-03T21:16:25.836+0700] {dagbag.py:588} INFO - Filling up the DagBag from /home/tedubuamo/project/venv/lib/python3.12/site-packages/airflow/example_dags/plugins/listener_plugin.py
[2024-12-03T21:16:25.838+0700] {processor.py:927} WARNING - No viable dags retrieved from /home/tedubuamo/project/venv/lib/python3.12/site-packages/airflow/example_dags/plugins/listener_plugin.py
[2024-12-03T21:16:25.846+0700] {processor.py:208} INFO - Processing /home/tedubuamo/project/venv/lib/python3.12/site-packages/airflow/example_dags/plugins/listener_plugin.py took 0.017 seconds
[2024-12-03T21:16:55.504+0700] {processor.py:186} INFO - Started process (PID=3662) to work on /home/tedubuamo/project/venv/lib/python3.12/site-packages/airflow/example_dags/plugins/listener_plugin.py
[2024-12-03T21:16:55.505+0700] {processor.py:914} INFO - Processing file /home/tedubuamo/project/venv/lib/python3.12/site-packages/airflow/example_dags/plugins/listener_plugin.py for tasks to queue
[2024-12-03T21:16:55.509+0700] {logging_mixin.py:190} INFO - [2024-12-03T21:16:55.508+0700] {dagbag.py:588} INFO - Filling up the DagBag from /home/tedubuamo/project/venv/lib/python3.12/site-packages/airflow/example_dags/plugins/listener_plugin.py
[2024-12-03T21:16:55.511+0700] {processor.py:927} WARNING - No viable dags retrieved from /home/tedubuamo/project/venv/lib/python3.12/site-packages/airflow/example_dags/plugins/listener_plugin.py
[2024-12-03T21:16:55.520+0700] {processor.py:208} INFO - Processing /home/tedubuamo/project/venv/lib/python3.12/site-packages/airflow/example_dags/plugins/listener_plugin.py took 0.021 seconds
[2024-12-03T21:17:47.293+0700] {processor.py:186} INFO - Started process (PID=3782) to work on /home/tedubuamo/project/venv/lib/python3.12/site-packages/airflow/example_dags/plugins/listener_plugin.py
[2024-12-03T21:17:47.296+0700] {processor.py:914} INFO - Processing file /home/tedubuamo/project/venv/lib/python3.12/site-packages/airflow/example_dags/plugins/listener_plugin.py for tasks to queue
[2024-12-03T21:17:47.298+0700] {logging_mixin.py:190} INFO - [2024-12-03T21:17:47.298+0700] {dagbag.py:588} INFO - Filling up the DagBag from /home/tedubuamo/project/venv/lib/python3.12/site-packages/airflow/example_dags/plugins/listener_plugin.py
[2024-12-03T21:17:47.300+0700] {processor.py:927} WARNING - No viable dags retrieved from /home/tedubuamo/project/venv/lib/python3.12/site-packages/airflow/example_dags/plugins/listener_plugin.py
[2024-12-03T21:17:47.306+0700] {processor.py:208} INFO - Processing /home/tedubuamo/project/venv/lib/python3.12/site-packages/airflow/example_dags/plugins/listener_plugin.py took 0.017 seconds
[2024-12-03T21:18:12.329+0700] {processor.py:186} INFO - Started process (PID=3838) to work on /home/tedubuamo/project/venv/lib/python3.12/site-packages/airflow/example_dags/plugins/listener_plugin.py
[2024-12-03T21:18:12.329+0700] {processor.py:914} INFO - Processing file /home/tedubuamo/project/venv/lib/python3.12/site-packages/airflow/example_dags/plugins/listener_plugin.py for tasks to queue
[2024-12-03T21:18:12.332+0700] {logging_mixin.py:190} INFO - [2024-12-03T21:18:12.331+0700] {dagbag.py:588} INFO - Filling up the DagBag from /home/tedubuamo/project/venv/lib/python3.12/site-packages/airflow/example_dags/plugins/listener_plugin.py
[2024-12-03T21:18:12.334+0700] {processor.py:927} WARNING - No viable dags retrieved from /home/tedubuamo/project/venv/lib/python3.12/site-packages/airflow/example_dags/plugins/listener_plugin.py
[2024-12-03T21:18:12.342+0700] {processor.py:208} INFO - Processing /home/tedubuamo/project/venv/lib/python3.12/site-packages/airflow/example_dags/plugins/listener_plugin.py took 0.018 seconds
[2024-12-03T21:19:41.338+0700] {processor.py:186} INFO - Started process (PID=3981) to work on /home/tedubuamo/project/venv/lib/python3.12/site-packages/airflow/example_dags/plugins/listener_plugin.py
[2024-12-03T21:19:41.340+0700] {processor.py:914} INFO - Processing file /home/tedubuamo/project/venv/lib/python3.12/site-packages/airflow/example_dags/plugins/listener_plugin.py for tasks to queue
[2024-12-03T21:19:41.341+0700] {logging_mixin.py:190} INFO - [2024-12-03T21:19:41.341+0700] {dagbag.py:588} INFO - Filling up the DagBag from /home/tedubuamo/project/venv/lib/python3.12/site-packages/airflow/example_dags/plugins/listener_plugin.py
[2024-12-03T21:19:41.343+0700] {processor.py:927} WARNING - No viable dags retrieved from /home/tedubuamo/project/venv/lib/python3.12/site-packages/airflow/example_dags/plugins/listener_plugin.py
[2024-12-03T21:19:41.350+0700] {processor.py:208} INFO - Processing /home/tedubuamo/project/venv/lib/python3.12/site-packages/airflow/example_dags/plugins/listener_plugin.py took 0.016 seconds
[2024-12-03T21:21:18.520+0700] {processor.py:186} INFO - Started process (PID=4122) to work on /home/tedubuamo/project/venv/lib/python3.12/site-packages/airflow/example_dags/plugins/listener_plugin.py
[2024-12-03T21:21:18.524+0700] {processor.py:914} INFO - Processing file /home/tedubuamo/project/venv/lib/python3.12/site-packages/airflow/example_dags/plugins/listener_plugin.py for tasks to queue
[2024-12-03T21:21:18.525+0700] {logging_mixin.py:190} INFO - [2024-12-03T21:21:18.525+0700] {dagbag.py:588} INFO - Filling up the DagBag from /home/tedubuamo/project/venv/lib/python3.12/site-packages/airflow/example_dags/plugins/listener_plugin.py
[2024-12-03T21:21:18.527+0700] {processor.py:927} WARNING - No viable dags retrieved from /home/tedubuamo/project/venv/lib/python3.12/site-packages/airflow/example_dags/plugins/listener_plugin.py
[2024-12-03T21:21:18.534+0700] {processor.py:208} INFO - Processing /home/tedubuamo/project/venv/lib/python3.12/site-packages/airflow/example_dags/plugins/listener_plugin.py took 0.018 seconds
[2024-12-03T21:22:41.282+0700] {processor.py:186} INFO - Started process (PID=4246) to work on /home/tedubuamo/project/venv/lib/python3.12/site-packages/airflow/example_dags/plugins/listener_plugin.py
[2024-12-03T21:22:41.284+0700] {processor.py:914} INFO - Processing file /home/tedubuamo/project/venv/lib/python3.12/site-packages/airflow/example_dags/plugins/listener_plugin.py for tasks to queue
[2024-12-03T21:22:41.285+0700] {logging_mixin.py:190} INFO - [2024-12-03T21:22:41.285+0700] {dagbag.py:588} INFO - Filling up the DagBag from /home/tedubuamo/project/venv/lib/python3.12/site-packages/airflow/example_dags/plugins/listener_plugin.py
[2024-12-03T21:22:41.287+0700] {processor.py:927} WARNING - No viable dags retrieved from /home/tedubuamo/project/venv/lib/python3.12/site-packages/airflow/example_dags/plugins/listener_plugin.py
[2024-12-03T21:22:41.294+0700] {processor.py:208} INFO - Processing /home/tedubuamo/project/venv/lib/python3.12/site-packages/airflow/example_dags/plugins/listener_plugin.py took 0.015 seconds
[2024-12-03T21:23:59.001+0700] {processor.py:186} INFO - Started process (PID=4333) to work on /home/tedubuamo/project/venv/lib/python3.12/site-packages/airflow/example_dags/plugins/listener_plugin.py
[2024-12-03T21:23:59.003+0700] {processor.py:914} INFO - Processing file /home/tedubuamo/project/venv/lib/python3.12/site-packages/airflow/example_dags/plugins/listener_plugin.py for tasks to queue
[2024-12-03T21:23:59.004+0700] {logging_mixin.py:190} INFO - [2024-12-03T21:23:59.004+0700] {dagbag.py:588} INFO - Filling up the DagBag from /home/tedubuamo/project/venv/lib/python3.12/site-packages/airflow/example_dags/plugins/listener_plugin.py
[2024-12-03T21:23:59.006+0700] {processor.py:927} WARNING - No viable dags retrieved from /home/tedubuamo/project/venv/lib/python3.12/site-packages/airflow/example_dags/plugins/listener_plugin.py
[2024-12-03T21:23:59.014+0700] {processor.py:208} INFO - Processing /home/tedubuamo/project/venv/lib/python3.12/site-packages/airflow/example_dags/plugins/listener_plugin.py took 0.017 seconds
[2024-12-03T21:24:54.011+0700] {processor.py:186} INFO - Started process (PID=4407) to work on /home/tedubuamo/project/venv/lib/python3.12/site-packages/airflow/example_dags/plugins/listener_plugin.py
[2024-12-03T21:24:54.015+0700] {processor.py:914} INFO - Processing file /home/tedubuamo/project/venv/lib/python3.12/site-packages/airflow/example_dags/plugins/listener_plugin.py for tasks to queue
[2024-12-03T21:24:54.017+0700] {logging_mixin.py:190} INFO - [2024-12-03T21:24:54.016+0700] {dagbag.py:588} INFO - Filling up the DagBag from /home/tedubuamo/project/venv/lib/python3.12/site-packages/airflow/example_dags/plugins/listener_plugin.py
[2024-12-03T21:24:54.018+0700] {processor.py:927} WARNING - No viable dags retrieved from /home/tedubuamo/project/venv/lib/python3.12/site-packages/airflow/example_dags/plugins/listener_plugin.py
[2024-12-03T21:24:54.026+0700] {processor.py:208} INFO - Processing /home/tedubuamo/project/venv/lib/python3.12/site-packages/airflow/example_dags/plugins/listener_plugin.py took 0.018 seconds
[2024-12-03T21:26:21.848+0700] {processor.py:186} INFO - Started process (PID=4523) to work on /home/tedubuamo/project/venv/lib/python3.12/site-packages/airflow/example_dags/plugins/listener_plugin.py
[2024-12-03T21:26:21.851+0700] {processor.py:914} INFO - Processing file /home/tedubuamo/project/venv/lib/python3.12/site-packages/airflow/example_dags/plugins/listener_plugin.py for tasks to queue
[2024-12-03T21:26:21.853+0700] {logging_mixin.py:190} INFO - [2024-12-03T21:26:21.853+0700] {dagbag.py:588} INFO - Filling up the DagBag from /home/tedubuamo/project/venv/lib/python3.12/site-packages/airflow/example_dags/plugins/listener_plugin.py
[2024-12-03T21:26:21.855+0700] {processor.py:927} WARNING - No viable dags retrieved from /home/tedubuamo/project/venv/lib/python3.12/site-packages/airflow/example_dags/plugins/listener_plugin.py
[2024-12-03T21:26:21.863+0700] {processor.py:208} INFO - Processing /home/tedubuamo/project/venv/lib/python3.12/site-packages/airflow/example_dags/plugins/listener_plugin.py took 0.019 seconds
[2024-12-03T21:27:40.228+0700] {processor.py:186} INFO - Started process (PID=4620) to work on /home/tedubuamo/project/venv/lib/python3.12/site-packages/airflow/example_dags/plugins/listener_plugin.py
[2024-12-03T21:27:40.230+0700] {processor.py:914} INFO - Processing file /home/tedubuamo/project/venv/lib/python3.12/site-packages/airflow/example_dags/plugins/listener_plugin.py for tasks to queue
[2024-12-03T21:27:40.233+0700] {logging_mixin.py:190} INFO - [2024-12-03T21:27:40.232+0700] {dagbag.py:588} INFO - Filling up the DagBag from /home/tedubuamo/project/venv/lib/python3.12/site-packages/airflow/example_dags/plugins/listener_plugin.py
[2024-12-03T21:27:40.235+0700] {processor.py:927} WARNING - No viable dags retrieved from /home/tedubuamo/project/venv/lib/python3.12/site-packages/airflow/example_dags/plugins/listener_plugin.py
[2024-12-03T21:27:40.247+0700] {processor.py:208} INFO - Processing /home/tedubuamo/project/venv/lib/python3.12/site-packages/airflow/example_dags/plugins/listener_plugin.py took 0.033 seconds
[2024-12-03T21:28:37.268+0700] {processor.py:186} INFO - Started process (PID=4684) to work on /home/tedubuamo/project/venv/lib/python3.12/site-packages/airflow/example_dags/plugins/listener_plugin.py
[2024-12-03T21:28:37.271+0700] {processor.py:914} INFO - Processing file /home/tedubuamo/project/venv/lib/python3.12/site-packages/airflow/example_dags/plugins/listener_plugin.py for tasks to queue
[2024-12-03T21:28:37.273+0700] {logging_mixin.py:190} INFO - [2024-12-03T21:28:37.273+0700] {dagbag.py:588} INFO - Filling up the DagBag from /home/tedubuamo/project/venv/lib/python3.12/site-packages/airflow/example_dags/plugins/listener_plugin.py
[2024-12-03T21:28:37.275+0700] {processor.py:927} WARNING - No viable dags retrieved from /home/tedubuamo/project/venv/lib/python3.12/site-packages/airflow/example_dags/plugins/listener_plugin.py
[2024-12-03T21:28:37.282+0700] {processor.py:208} INFO - Processing /home/tedubuamo/project/venv/lib/python3.12/site-packages/airflow/example_dags/plugins/listener_plugin.py took 0.019 seconds
[2024-12-03T21:29:55.782+0700] {processor.py:186} INFO - Started process (PID=4846) to work on /home/tedubuamo/project/venv/lib/python3.12/site-packages/airflow/example_dags/plugins/listener_plugin.py
[2024-12-03T21:29:55.783+0700] {processor.py:914} INFO - Processing file /home/tedubuamo/project/venv/lib/python3.12/site-packages/airflow/example_dags/plugins/listener_plugin.py for tasks to queue
[2024-12-03T21:29:55.785+0700] {logging_mixin.py:190} INFO - [2024-12-03T21:29:55.785+0700] {dagbag.py:588} INFO - Filling up the DagBag from /home/tedubuamo/project/venv/lib/python3.12/site-packages/airflow/example_dags/plugins/listener_plugin.py
[2024-12-03T21:29:55.788+0700] {processor.py:927} WARNING - No viable dags retrieved from /home/tedubuamo/project/venv/lib/python3.12/site-packages/airflow/example_dags/plugins/listener_plugin.py
[2024-12-03T21:29:55.798+0700] {processor.py:208} INFO - Processing /home/tedubuamo/project/venv/lib/python3.12/site-packages/airflow/example_dags/plugins/listener_plugin.py took 0.022 seconds
[2024-12-03T21:31:17.140+0700] {processor.py:186} INFO - Started process (PID=4945) to work on /home/tedubuamo/project/venv/lib/python3.12/site-packages/airflow/example_dags/plugins/listener_plugin.py
[2024-12-03T21:31:17.141+0700] {processor.py:914} INFO - Processing file /home/tedubuamo/project/venv/lib/python3.12/site-packages/airflow/example_dags/plugins/listener_plugin.py for tasks to queue
[2024-12-03T21:31:17.143+0700] {logging_mixin.py:190} INFO - [2024-12-03T21:31:17.143+0700] {dagbag.py:588} INFO - Filling up the DagBag from /home/tedubuamo/project/venv/lib/python3.12/site-packages/airflow/example_dags/plugins/listener_plugin.py
[2024-12-03T21:31:17.145+0700] {processor.py:927} WARNING - No viable dags retrieved from /home/tedubuamo/project/venv/lib/python3.12/site-packages/airflow/example_dags/plugins/listener_plugin.py
[2024-12-03T21:31:17.152+0700] {processor.py:208} INFO - Processing /home/tedubuamo/project/venv/lib/python3.12/site-packages/airflow/example_dags/plugins/listener_plugin.py took 0.016 seconds
