[2024-12-03T21:18:42.105+0700] {processor.py:186} INFO - Started process (PID=3910) to work on /home/tedubuamo/project/dags/finance_pipeline.py
[2024-12-03T21:18:42.107+0700] {processor.py:914} INFO - Processing file /home/tedubuamo/project/dags/finance_pipeline.py for tasks to queue
[2024-12-03T21:18:42.113+0700] {logging_mixin.py:190} INFO - [2024-12-03T21:18:42.113+0700] {dagbag.py:588} INFO - Filling up the DagBag from /home/tedubuamo/project/dags/finance_pipeline.py
[2024-12-03T21:18:42.131+0700] {processor.py:925} INFO - DAG(s) 'finance_pipeline' retrieved from /home/tedubuamo/project/dags/finance_pipeline.py
[2024-12-03T21:18:42.293+0700] {logging_mixin.py:190} INFO - [2024-12-03T21:18:42.291+0700] {override.py:1911} INFO - Created Permission View: can read on DAG:finance_pipeline
[2024-12-03T21:18:42.304+0700] {logging_mixin.py:190} INFO - [2024-12-03T21:18:42.304+0700] {override.py:1911} INFO - Created Permission View: can edit on DAG:finance_pipeline
[2024-12-03T21:18:42.313+0700] {logging_mixin.py:190} INFO - [2024-12-03T21:18:42.312+0700] {override.py:1911} INFO - Created Permission View: can delete on DAG:finance_pipeline
[2024-12-03T21:18:42.327+0700] {logging_mixin.py:190} INFO - [2024-12-03T21:18:42.327+0700] {override.py:1911} INFO - Created Permission View: can read on DAG Run:finance_pipeline
[2024-12-03T21:18:42.335+0700] {logging_mixin.py:190} INFO - [2024-12-03T21:18:42.335+0700] {override.py:1911} INFO - Created Permission View: can delete on DAG Run:finance_pipeline
[2024-12-03T21:18:42.344+0700] {logging_mixin.py:190} INFO - [2024-12-03T21:18:42.343+0700] {override.py:1911} INFO - Created Permission View: can create on DAG Run:finance_pipeline
[2024-12-03T21:18:42.352+0700] {logging_mixin.py:190} INFO - [2024-12-03T21:18:42.351+0700] {override.py:1911} INFO - Created Permission View: menu access on DAG Run:finance_pipeline
[2024-12-03T21:18:42.352+0700] {logging_mixin.py:190} INFO - [2024-12-03T21:18:42.352+0700] {dag.py:3239} INFO - Sync 1 DAGs
[2024-12-03T21:18:42.364+0700] {logging_mixin.py:190} INFO - [2024-12-03T21:18:42.363+0700] {dag.py:3262} INFO - Creating ORM DAG for finance_pipeline
[2024-12-03T21:18:42.371+0700] {logging_mixin.py:190} INFO - [2024-12-03T21:18:42.371+0700] {dag.py:4180} INFO - Setting next_dagrun for finance_pipeline to 2024-12-02 00:00:00+00:00, run_after=2024-12-03 00:00:00+00:00
[2024-12-03T21:18:42.393+0700] {processor.py:208} INFO - Processing /home/tedubuamo/project/dags/finance_pipeline.py took 0.298 seconds
[2024-12-03T21:19:43.033+0700] {processor.py:186} INFO - Started process (PID=3984) to work on /home/tedubuamo/project/dags/finance_pipeline.py
[2024-12-03T21:19:43.037+0700] {processor.py:914} INFO - Processing file /home/tedubuamo/project/dags/finance_pipeline.py for tasks to queue
[2024-12-03T21:19:43.039+0700] {logging_mixin.py:190} INFO - [2024-12-03T21:19:43.038+0700] {dagbag.py:588} INFO - Filling up the DagBag from /home/tedubuamo/project/dags/finance_pipeline.py
[2024-12-03T21:19:43.046+0700] {processor.py:925} INFO - DAG(s) 'finance_pipeline' retrieved from /home/tedubuamo/project/dags/finance_pipeline.py
[2024-12-03T21:19:43.057+0700] {logging_mixin.py:190} INFO - [2024-12-03T21:19:43.057+0700] {dag.py:3239} INFO - Sync 1 DAGs
[2024-12-03T21:19:43.073+0700] {logging_mixin.py:190} INFO - [2024-12-03T21:19:43.073+0700] {dag.py:4180} INFO - Setting next_dagrun for finance_pipeline to 2024-12-02 00:00:00+00:00, run_after=2024-12-03 00:00:00+00:00
[2024-12-03T21:19:43.092+0700] {processor.py:208} INFO - Processing /home/tedubuamo/project/dags/finance_pipeline.py took 0.062 seconds
[2024-12-03T21:20:46.741+0700] {processor.py:186} INFO - Started process (PID=4087) to work on /home/tedubuamo/project/dags/finance_pipeline.py
[2024-12-03T21:20:46.745+0700] {processor.py:914} INFO - Processing file /home/tedubuamo/project/dags/finance_pipeline.py for tasks to queue
[2024-12-03T21:20:46.746+0700] {logging_mixin.py:190} INFO - [2024-12-03T21:20:46.746+0700] {dagbag.py:588} INFO - Filling up the DagBag from /home/tedubuamo/project/dags/finance_pipeline.py
[2024-12-03T21:20:46.754+0700] {processor.py:925} INFO - DAG(s) 'finance_pipeline' retrieved from /home/tedubuamo/project/dags/finance_pipeline.py
[2024-12-03T21:20:46.767+0700] {logging_mixin.py:190} INFO - [2024-12-03T21:20:46.767+0700] {dag.py:3239} INFO - Sync 1 DAGs
[2024-12-03T21:20:46.787+0700] {logging_mixin.py:190} INFO - [2024-12-03T21:20:46.787+0700] {dag.py:4180} INFO - Setting next_dagrun for finance_pipeline to 2024-12-03 00:00:00+00:00, run_after=2024-12-04 00:00:00+00:00
[2024-12-03T21:20:46.805+0700] {processor.py:208} INFO - Processing /home/tedubuamo/project/dags/finance_pipeline.py took 0.068 seconds
[2024-12-03T21:21:21.684+0700] {processor.py:186} INFO - Started process (PID=4125) to work on /home/tedubuamo/project/dags/finance_pipeline.py
[2024-12-03T21:21:21.685+0700] {processor.py:914} INFO - Processing file /home/tedubuamo/project/dags/finance_pipeline.py for tasks to queue
[2024-12-03T21:21:21.686+0700] {logging_mixin.py:190} INFO - [2024-12-03T21:21:21.686+0700] {dagbag.py:588} INFO - Filling up the DagBag from /home/tedubuamo/project/dags/finance_pipeline.py
[2024-12-03T21:21:21.694+0700] {processor.py:925} INFO - DAG(s) 'finance_pipeline' retrieved from /home/tedubuamo/project/dags/finance_pipeline.py
[2024-12-03T21:21:21.708+0700] {logging_mixin.py:190} INFO - [2024-12-03T21:21:21.708+0700] {dag.py:3239} INFO - Sync 1 DAGs
[2024-12-03T21:21:21.736+0700] {logging_mixin.py:190} INFO - [2024-12-03T21:21:21.735+0700] {dag.py:4180} INFO - Setting next_dagrun for finance_pipeline to 2024-12-03 00:00:00+00:00, run_after=2024-12-04 00:00:00+00:00
[2024-12-03T21:21:21.766+0700] {processor.py:208} INFO - Processing /home/tedubuamo/project/dags/finance_pipeline.py took 0.089 seconds
[2024-12-03T21:22:17.106+0700] {processor.py:186} INFO - Started process (PID=4221) to work on /home/tedubuamo/project/dags/finance_pipeline.py
[2024-12-03T21:22:17.107+0700] {processor.py:914} INFO - Processing file /home/tedubuamo/project/dags/finance_pipeline.py for tasks to queue
[2024-12-03T21:22:17.109+0700] {logging_mixin.py:190} INFO - [2024-12-03T21:22:17.109+0700] {dagbag.py:588} INFO - Filling up the DagBag from /home/tedubuamo/project/dags/finance_pipeline.py
[2024-12-03T21:22:17.117+0700] {processor.py:925} INFO - DAG(s) 'finance_pipeline' retrieved from /home/tedubuamo/project/dags/finance_pipeline.py
[2024-12-03T21:22:17.130+0700] {logging_mixin.py:190} INFO - [2024-12-03T21:22:17.129+0700] {dag.py:3239} INFO - Sync 1 DAGs
[2024-12-03T21:22:17.148+0700] {logging_mixin.py:190} INFO - [2024-12-03T21:22:17.148+0700] {dag.py:4180} INFO - Setting next_dagrun for finance_pipeline to 2024-12-03 00:00:00+00:00, run_after=2024-12-04 00:00:00+00:00
[2024-12-03T21:22:17.173+0700] {processor.py:208} INFO - Processing /home/tedubuamo/project/dags/finance_pipeline.py took 0.071 seconds
[2024-12-03T21:23:07.715+0700] {processor.py:186} INFO - Started process (PID=4275) to work on /home/tedubuamo/project/dags/finance_pipeline.py
[2024-12-03T21:23:07.717+0700] {processor.py:914} INFO - Processing file /home/tedubuamo/project/dags/finance_pipeline.py for tasks to queue
[2024-12-03T21:23:07.718+0700] {logging_mixin.py:190} INFO - [2024-12-03T21:23:07.718+0700] {dagbag.py:588} INFO - Filling up the DagBag from /home/tedubuamo/project/dags/finance_pipeline.py
[2024-12-03T21:23:07.726+0700] {processor.py:925} INFO - DAG(s) 'finance_pipeline' retrieved from /home/tedubuamo/project/dags/finance_pipeline.py
[2024-12-03T21:23:07.738+0700] {logging_mixin.py:190} INFO - [2024-12-03T21:23:07.737+0700] {dag.py:3239} INFO - Sync 1 DAGs
[2024-12-03T21:23:07.755+0700] {logging_mixin.py:190} INFO - [2024-12-03T21:23:07.754+0700] {dag.py:4180} INFO - Setting next_dagrun for finance_pipeline to 2024-12-03 00:00:00+00:00, run_after=2024-12-04 00:00:00+00:00
[2024-12-03T21:23:07.773+0700] {processor.py:208} INFO - Processing /home/tedubuamo/project/dags/finance_pipeline.py took 0.061 seconds
[2024-12-03T21:24:02.214+0700] {processor.py:186} INFO - Started process (PID=4341) to work on /home/tedubuamo/project/dags/finance_pipeline.py
[2024-12-03T21:24:02.218+0700] {processor.py:914} INFO - Processing file /home/tedubuamo/project/dags/finance_pipeline.py for tasks to queue
[2024-12-03T21:24:02.219+0700] {logging_mixin.py:190} INFO - [2024-12-03T21:24:02.219+0700] {dagbag.py:588} INFO - Filling up the DagBag from /home/tedubuamo/project/dags/finance_pipeline.py
[2024-12-03T21:24:02.227+0700] {processor.py:925} INFO - DAG(s) 'finance_pipeline' retrieved from /home/tedubuamo/project/dags/finance_pipeline.py
[2024-12-03T21:24:02.238+0700] {logging_mixin.py:190} INFO - [2024-12-03T21:24:02.237+0700] {dag.py:3239} INFO - Sync 1 DAGs
[2024-12-03T21:24:02.254+0700] {logging_mixin.py:190} INFO - [2024-12-03T21:24:02.253+0700] {dag.py:4180} INFO - Setting next_dagrun for finance_pipeline to 2024-12-03 00:00:00+00:00, run_after=2024-12-04 00:00:00+00:00
[2024-12-03T21:24:02.272+0700] {processor.py:208} INFO - Processing /home/tedubuamo/project/dags/finance_pipeline.py took 0.062 seconds
[2024-12-03T21:24:55.148+0700] {processor.py:186} INFO - Started process (PID=4408) to work on /home/tedubuamo/project/dags/finance_pipeline.py
[2024-12-03T21:24:55.152+0700] {processor.py:914} INFO - Processing file /home/tedubuamo/project/dags/finance_pipeline.py for tasks to queue
[2024-12-03T21:24:55.154+0700] {logging_mixin.py:190} INFO - [2024-12-03T21:24:55.153+0700] {dagbag.py:588} INFO - Filling up the DagBag from /home/tedubuamo/project/dags/finance_pipeline.py
[2024-12-03T21:24:55.161+0700] {processor.py:925} INFO - DAG(s) 'finance_pipeline' retrieved from /home/tedubuamo/project/dags/finance_pipeline.py
[2024-12-03T21:24:55.172+0700] {logging_mixin.py:190} INFO - [2024-12-03T21:24:55.172+0700] {dag.py:3239} INFO - Sync 1 DAGs
[2024-12-03T21:24:55.188+0700] {logging_mixin.py:190} INFO - [2024-12-03T21:24:55.187+0700] {dag.py:4180} INFO - Setting next_dagrun for finance_pipeline to 2024-12-03 00:00:00+00:00, run_after=2024-12-04 00:00:00+00:00
[2024-12-03T21:24:55.206+0700] {processor.py:208} INFO - Processing /home/tedubuamo/project/dags/finance_pipeline.py took 0.062 seconds
[2024-12-03T21:25:52.584+0700] {processor.py:186} INFO - Started process (PID=4491) to work on /home/tedubuamo/project/dags/finance_pipeline.py
[2024-12-03T21:25:52.586+0700] {processor.py:914} INFO - Processing file /home/tedubuamo/project/dags/finance_pipeline.py for tasks to queue
[2024-12-03T21:25:52.589+0700] {logging_mixin.py:190} INFO - [2024-12-03T21:25:52.588+0700] {dagbag.py:588} INFO - Filling up the DagBag from /home/tedubuamo/project/dags/finance_pipeline.py
[2024-12-03T21:25:52.603+0700] {processor.py:925} INFO - DAG(s) 'finance_pipeline' retrieved from /home/tedubuamo/project/dags/finance_pipeline.py
[2024-12-03T21:25:52.631+0700] {logging_mixin.py:190} INFO - [2024-12-03T21:25:52.630+0700] {dag.py:3239} INFO - Sync 1 DAGs
[2024-12-03T21:25:52.653+0700] {logging_mixin.py:190} INFO - [2024-12-03T21:25:52.652+0700] {dag.py:4180} INFO - Setting next_dagrun for finance_pipeline to 2024-12-03 00:00:00+00:00, run_after=2024-12-04 00:00:00+00:00
[2024-12-03T21:25:52.671+0700] {processor.py:208} INFO - Processing /home/tedubuamo/project/dags/finance_pipeline.py took 0.093 seconds
[2024-12-03T21:26:24.589+0700] {processor.py:186} INFO - Started process (PID=4526) to work on /home/tedubuamo/project/dags/finance_pipeline.py
[2024-12-03T21:26:24.593+0700] {processor.py:914} INFO - Processing file /home/tedubuamo/project/dags/finance_pipeline.py for tasks to queue
[2024-12-03T21:26:24.595+0700] {logging_mixin.py:190} INFO - [2024-12-03T21:26:24.595+0700] {dagbag.py:588} INFO - Filling up the DagBag from /home/tedubuamo/project/dags/finance_pipeline.py
[2024-12-03T21:26:24.603+0700] {processor.py:925} INFO - DAG(s) 'finance_pipeline' retrieved from /home/tedubuamo/project/dags/finance_pipeline.py
[2024-12-03T21:26:24.616+0700] {logging_mixin.py:190} INFO - [2024-12-03T21:26:24.615+0700] {dag.py:3239} INFO - Sync 1 DAGs
[2024-12-03T21:26:24.632+0700] {logging_mixin.py:190} INFO - [2024-12-03T21:26:24.632+0700] {dag.py:4180} INFO - Setting next_dagrun for finance_pipeline to 2024-12-03 00:00:00+00:00, run_after=2024-12-04 00:00:00+00:00
[2024-12-03T21:26:24.652+0700] {processor.py:208} INFO - Processing /home/tedubuamo/project/dags/finance_pipeline.py took 0.066 seconds
[2024-12-03T21:27:14.988+0700] {processor.py:186} INFO - Started process (PID=4584) to work on /home/tedubuamo/project/dags/finance_pipeline.py
[2024-12-03T21:27:14.989+0700] {processor.py:914} INFO - Processing file /home/tedubuamo/project/dags/finance_pipeline.py for tasks to queue
[2024-12-03T21:27:14.990+0700] {logging_mixin.py:190} INFO - [2024-12-03T21:27:14.990+0700] {dagbag.py:588} INFO - Filling up the DagBag from /home/tedubuamo/project/dags/finance_pipeline.py
[2024-12-03T21:27:14.998+0700] {processor.py:925} INFO - DAG(s) 'finance_pipeline' retrieved from /home/tedubuamo/project/dags/finance_pipeline.py
[2024-12-03T21:27:15.009+0700] {logging_mixin.py:190} INFO - [2024-12-03T21:27:15.008+0700] {dag.py:3239} INFO - Sync 1 DAGs
[2024-12-03T21:27:15.023+0700] {logging_mixin.py:190} INFO - [2024-12-03T21:27:15.023+0700] {dag.py:4180} INFO - Setting next_dagrun for finance_pipeline to 2024-12-03 00:00:00+00:00, run_after=2024-12-04 00:00:00+00:00
[2024-12-03T21:27:15.040+0700] {processor.py:208} INFO - Processing /home/tedubuamo/project/dags/finance_pipeline.py took 0.057 seconds
[2024-12-03T21:28:10.385+0700] {processor.py:186} INFO - Started process (PID=4652) to work on /home/tedubuamo/project/dags/finance_pipeline.py
[2024-12-03T21:28:10.387+0700] {processor.py:914} INFO - Processing file /home/tedubuamo/project/dags/finance_pipeline.py for tasks to queue
[2024-12-03T21:28:10.388+0700] {logging_mixin.py:190} INFO - [2024-12-03T21:28:10.388+0700] {dagbag.py:588} INFO - Filling up the DagBag from /home/tedubuamo/project/dags/finance_pipeline.py
[2024-12-03T21:28:10.396+0700] {processor.py:925} INFO - DAG(s) 'finance_pipeline' retrieved from /home/tedubuamo/project/dags/finance_pipeline.py
[2024-12-03T21:28:10.406+0700] {logging_mixin.py:190} INFO - [2024-12-03T21:28:10.406+0700] {dag.py:3239} INFO - Sync 1 DAGs
[2024-12-03T21:28:10.422+0700] {logging_mixin.py:190} INFO - [2024-12-03T21:28:10.422+0700] {dag.py:4180} INFO - Setting next_dagrun for finance_pipeline to 2024-12-03 00:00:00+00:00, run_after=2024-12-04 00:00:00+00:00
[2024-12-03T21:28:10.441+0700] {processor.py:208} INFO - Processing /home/tedubuamo/project/dags/finance_pipeline.py took 0.060 seconds
[2024-12-03T21:29:04.943+0700] {processor.py:186} INFO - Started process (PID=4792) to work on /home/tedubuamo/project/dags/finance_pipeline.py
[2024-12-03T21:29:04.947+0700] {processor.py:914} INFO - Processing file /home/tedubuamo/project/dags/finance_pipeline.py for tasks to queue
[2024-12-03T21:29:04.949+0700] {logging_mixin.py:190} INFO - [2024-12-03T21:29:04.949+0700] {dagbag.py:588} INFO - Filling up the DagBag from /home/tedubuamo/project/dags/finance_pipeline.py
[2024-12-03T21:29:04.957+0700] {processor.py:925} INFO - DAG(s) 'finance_pipeline' retrieved from /home/tedubuamo/project/dags/finance_pipeline.py
[2024-12-03T21:29:04.970+0700] {logging_mixin.py:190} INFO - [2024-12-03T21:29:04.970+0700] {dag.py:3239} INFO - Sync 1 DAGs
[2024-12-03T21:29:04.987+0700] {logging_mixin.py:190} INFO - [2024-12-03T21:29:04.986+0700] {dag.py:4180} INFO - Setting next_dagrun for finance_pipeline to 2024-12-03 00:00:00+00:00, run_after=2024-12-04 00:00:00+00:00
[2024-12-03T21:29:05.005+0700] {processor.py:208} INFO - Processing /home/tedubuamo/project/dags/finance_pipeline.py took 0.066 seconds
[2024-12-03T21:29:56.920+0700] {processor.py:186} INFO - Started process (PID=4847) to work on /home/tedubuamo/project/dags/finance_pipeline.py
[2024-12-03T21:29:56.924+0700] {processor.py:914} INFO - Processing file /home/tedubuamo/project/dags/finance_pipeline.py for tasks to queue
[2024-12-03T21:29:56.926+0700] {logging_mixin.py:190} INFO - [2024-12-03T21:29:56.926+0700] {dagbag.py:588} INFO - Filling up the DagBag from /home/tedubuamo/project/dags/finance_pipeline.py
[2024-12-03T21:29:56.937+0700] {processor.py:925} INFO - DAG(s) 'finance_pipeline' retrieved from /home/tedubuamo/project/dags/finance_pipeline.py
[2024-12-03T21:29:56.950+0700] {logging_mixin.py:190} INFO - [2024-12-03T21:29:56.950+0700] {dag.py:3239} INFO - Sync 1 DAGs
[2024-12-03T21:29:56.967+0700] {logging_mixin.py:190} INFO - [2024-12-03T21:29:56.967+0700] {dag.py:4180} INFO - Setting next_dagrun for finance_pipeline to 2024-12-03 00:00:00+00:00, run_after=2024-12-04 00:00:00+00:00
[2024-12-03T21:29:56.989+0700] {processor.py:208} INFO - Processing /home/tedubuamo/project/dags/finance_pipeline.py took 0.074 seconds
[2024-12-03T21:30:53.669+0700] {processor.py:186} INFO - Started process (PID=4917) to work on /home/tedubuamo/project/dags/finance_pipeline.py
[2024-12-03T21:30:53.673+0700] {processor.py:914} INFO - Processing file /home/tedubuamo/project/dags/finance_pipeline.py for tasks to queue
[2024-12-03T21:30:53.675+0700] {logging_mixin.py:190} INFO - [2024-12-03T21:30:53.674+0700] {dagbag.py:588} INFO - Filling up the DagBag from /home/tedubuamo/project/dags/finance_pipeline.py
[2024-12-03T21:30:53.684+0700] {processor.py:925} INFO - DAG(s) 'finance_pipeline' retrieved from /home/tedubuamo/project/dags/finance_pipeline.py
[2024-12-03T21:30:53.696+0700] {logging_mixin.py:190} INFO - [2024-12-03T21:30:53.696+0700] {dag.py:3239} INFO - Sync 1 DAGs
[2024-12-03T21:30:53.716+0700] {logging_mixin.py:190} INFO - [2024-12-03T21:30:53.716+0700] {dag.py:4180} INFO - Setting next_dagrun for finance_pipeline to 2024-12-03 00:00:00+00:00, run_after=2024-12-04 00:00:00+00:00
[2024-12-03T21:30:53.739+0700] {processor.py:208} INFO - Processing /home/tedubuamo/project/dags/finance_pipeline.py took 0.075 seconds
