[2024-12-03T21:20:26.287+0700] {local_task_job_runner.py:123} INFO - ::group::Pre task execution logs
[2024-12-03T21:20:26.294+0700] {taskinstance.py:2613} INFO - Dependencies all met for dep_context=non-requeueable deps ti=<TaskInstance: finance_pipeline.extract scheduled__2024-12-02T00:00:00+00:00 [queued]>
[2024-12-03T21:20:26.298+0700] {taskinstance.py:2613} INFO - Dependencies all met for dep_context=requeueable deps ti=<TaskInstance: finance_pipeline.extract scheduled__2024-12-02T00:00:00+00:00 [queued]>
[2024-12-03T21:20:26.298+0700] {taskinstance.py:2866} INFO - Starting attempt 1 of 2
[2024-12-03T21:20:26.407+0700] {taskinstance.py:2889} INFO - Executing <Task(PythonOperator): extract> on 2024-12-02 00:00:00+00:00
[2024-12-03T21:20:26.415+0700] {standard_task_runner.py:104} INFO - Running: ['airflow', 'tasks', 'run', 'finance_pipeline', 'extract', 'scheduled__2024-12-02T00:00:00+00:00', '--job-id', '10', '--raw', '--subdir', 'DAGS_FOLDER/finance_pipeline.py', '--cfg-path', '/tmp/tmpahcv178m']
[2024-12-03T21:20:26.415+0700] {standard_task_runner.py:105} INFO - Job 10: Subtask extract
[2024-12-03T21:20:26.416+0700] {logging_mixin.py:190} WARNING - /home/tedubuamo/project/venv/lib/python3.12/site-packages/airflow/task/task_runner/standard_task_runner.py:70 DeprecationWarning: This process (pid=4026) is multi-threaded, use of fork() may lead to deadlocks in the child.
[2024-12-03T21:20:26.417+0700] {standard_task_runner.py:72} INFO - Started process 4036 to run task
[2024-12-03T21:20:26.449+0700] {task_command.py:467} INFO - Running <TaskInstance: finance_pipeline.extract scheduled__2024-12-02T00:00:00+00:00 [running]> on host tedubuamo.
[2024-12-03T21:20:26.502+0700] {taskinstance.py:3132} INFO - Exporting env vars: AIRFLOW_CTX_DAG_OWNER='airflow' AIRFLOW_CTX_DAG_ID='finance_pipeline' AIRFLOW_CTX_TASK_ID='extract' AIRFLOW_CTX_EXECUTION_DATE='2024-12-02T00:00:00+00:00' AIRFLOW_CTX_TRY_NUMBER='1' AIRFLOW_CTX_DAG_RUN_ID='scheduled__2024-12-02T00:00:00+00:00'
[2024-12-03T21:20:26.503+0700] {logging_mixin.py:190} INFO - Task instance is in running state
[2024-12-03T21:20:26.504+0700] {logging_mixin.py:190} INFO -  Previous state of the Task instance: queued
[2024-12-03T21:20:26.504+0700] {logging_mixin.py:190} INFO - Current task name:extract state:running start_date:2024-12-03 14:20:26.294949+00:00
[2024-12-03T21:20:26.504+0700] {logging_mixin.py:190} INFO - Dag name:finance_pipeline and current dag run status:running
[2024-12-03T21:20:26.504+0700] {taskinstance.py:731} INFO - ::endgroup::
[2024-12-03T21:20:26.552+0700] {python.py:240} INFO - Done. Returned value was: None
[2024-12-03T21:20:26.563+0700] {taskinstance.py:340} INFO - ::group::Post task execution logs
[2024-12-03T21:20:26.564+0700] {taskinstance.py:352} INFO - Marking task as SUCCESS. dag_id=finance_pipeline, task_id=extract, run_id=scheduled__2024-12-02T00:00:00+00:00, execution_date=20241202T000000, start_date=20241203T142026, end_date=20241203T142026
[2024-12-03T21:20:26.580+0700] {logging_mixin.py:190} INFO - Task instance in success state
[2024-12-03T21:20:26.580+0700] {logging_mixin.py:190} INFO -  Previous state of the Task instance: running
[2024-12-03T21:20:26.581+0700] {logging_mixin.py:190} INFO - Dag name:finance_pipeline queued_at:2024-12-03 14:20:23.724150+00:00
[2024-12-03T21:20:26.581+0700] {logging_mixin.py:190} INFO - Task hostname:tedubuamo. operator:PythonOperator
[2024-12-03T21:20:26.632+0700] {local_task_job_runner.py:266} INFO - Task exited with return code 0
[2024-12-03T21:20:26.651+0700] {taskinstance.py:3895} INFO - 1 downstream tasks scheduled from follow-on schedule check
[2024-12-03T21:20:26.658+0700] {local_task_job_runner.py:245} INFO - ::endgroup::
