[2024-12-03T21:25:26.156+0700] {local_task_job_runner.py:123} INFO - ::group::Pre task execution logs
[2024-12-03T21:25:26.166+0700] {taskinstance.py:2613} INFO - Dependencies all met for dep_context=non-requeueable deps ti=<TaskInstance: finance_pipeline.extract manual__2024-12-03T14:25:22.176293+00:00 [queued]>
[2024-12-03T21:25:26.172+0700] {taskinstance.py:2613} INFO - Dependencies all met for dep_context=requeueable deps ti=<TaskInstance: finance_pipeline.extract manual__2024-12-03T14:25:22.176293+00:00 [queued]>
[2024-12-03T21:25:26.172+0700] {taskinstance.py:2866} INFO - Starting attempt 1 of 2
[2024-12-03T21:25:26.308+0700] {taskinstance.py:2889} INFO - Executing <Task(PythonOperator): extract> on 2024-12-03 14:25:22.176293+00:00
[2024-12-03T21:25:26.318+0700] {standard_task_runner.py:104} INFO - Running: ['airflow', 'tasks', 'run', 'finance_pipeline', 'extract', 'manual__2024-12-03T14:25:22.176293+00:00', '--job-id', '14', '--raw', '--subdir', 'DAGS_FOLDER/finance_pipeline.py', '--cfg-path', '/tmp/tmp0kd6rrb_']
[2024-12-03T21:25:26.319+0700] {logging_mixin.py:190} WARNING - /home/tedubuamo/project/venv/lib/python3.12/site-packages/airflow/task/task_runner/standard_task_runner.py:70 DeprecationWarning: This process (pid=4444) is multi-threaded, use of fork() may lead to deadlocks in the child.
[2024-12-03T21:25:26.320+0700] {standard_task_runner.py:105} INFO - Job 14: Subtask extract
[2024-12-03T21:25:26.320+0700] {standard_task_runner.py:72} INFO - Started process 4454 to run task
[2024-12-03T21:25:26.358+0700] {task_command.py:467} INFO - Running <TaskInstance: finance_pipeline.extract manual__2024-12-03T14:25:22.176293+00:00 [running]> on host tedubuamo.
[2024-12-03T21:25:26.421+0700] {taskinstance.py:3132} INFO - Exporting env vars: AIRFLOW_CTX_DAG_OWNER='airflow' AIRFLOW_CTX_DAG_ID='finance_pipeline' AIRFLOW_CTX_TASK_ID='extract' AIRFLOW_CTX_EXECUTION_DATE='2024-12-03T14:25:22.176293+00:00' AIRFLOW_CTX_TRY_NUMBER='1' AIRFLOW_CTX_DAG_RUN_ID='manual__2024-12-03T14:25:22.176293+00:00'
[2024-12-03T21:25:26.423+0700] {logging_mixin.py:190} INFO - Task instance is in running state
[2024-12-03T21:25:26.423+0700] {logging_mixin.py:190} INFO -  Previous state of the Task instance: queued
[2024-12-03T21:25:26.423+0700] {logging_mixin.py:190} INFO - Current task name:extract state:running start_date:2024-12-03 14:25:26.167247+00:00
[2024-12-03T21:25:26.423+0700] {logging_mixin.py:190} INFO - Dag name:finance_pipeline and current dag run status:running
[2024-12-03T21:25:26.423+0700] {taskinstance.py:731} INFO - ::endgroup::
[2024-12-03T21:25:26.445+0700] {python.py:240} INFO - Done. Returned value was: None
[2024-12-03T21:25:26.449+0700] {taskinstance.py:340} INFO - ::group::Post task execution logs
[2024-12-03T21:25:26.450+0700] {taskinstance.py:352} INFO - Marking task as SUCCESS. dag_id=finance_pipeline, task_id=extract, run_id=manual__2024-12-03T14:25:22.176293+00:00, execution_date=20241203T142522, start_date=20241203T142526, end_date=20241203T142526
[2024-12-03T21:25:26.460+0700] {logging_mixin.py:190} INFO - Task instance in success state
[2024-12-03T21:25:26.461+0700] {logging_mixin.py:190} INFO -  Previous state of the Task instance: running
[2024-12-03T21:25:26.461+0700] {logging_mixin.py:190} INFO - Dag name:finance_pipeline queued_at:2024-12-03 14:25:22.192577+00:00
[2024-12-03T21:25:26.461+0700] {logging_mixin.py:190} INFO - Task hostname:tedubuamo. operator:PythonOperator
[2024-12-03T21:25:26.496+0700] {local_task_job_runner.py:266} INFO - Task exited with return code 0
[2024-12-03T21:25:26.508+0700] {taskinstance.py:3895} INFO - 1 downstream tasks scheduled from follow-on schedule check
[2024-12-03T21:25:26.514+0700] {local_task_job_runner.py:245} INFO - ::endgroup::
